Energy-E_F (eV)    DOS (1/eV)    PDOS (1/eV)  of atom type B  N  
     -7.89045      0.52692      0.20156      0.32536
     -7.88045      0.41357      0.15472      0.25885
     -7.87045      0.33003      0.12478      0.20524
     -7.86045      0.31629      0.12628      0.19001
     -7.85045      0.42059      0.16751      0.25308
     -7.84045      0.68002      0.26295      0.41708
     -7.83045      0.86528      0.33381      0.53147
     -7.82045      0.77187      0.30040      0.47147
     -7.81045      0.61925      0.24058      0.37868
     -7.80045      0.62898      0.24501      0.38398
     -7.79045      0.78200      0.30839      0.47361
     -7.78045      0.90510      0.35595      0.54915
     -7.77045      0.79223      0.30474      0.48749
     -7.76045      0.45970      0.17230      0.28741
     -7.75045      0.23457      0.08503      0.14954
     -7.74045      0.20040      0.07158      0.12882
     -7.73045      0.24145      0.08894      0.15251
     -7.72045      0.40081      0.15083      0.24998
     -7.71045      0.54616      0.20401      0.34215
     -7.70045      0.65211      0.24556      0.40655
     -7.69045      0.81592      0.31522      0.50070
     -7.68045      0.79224      0.31230      0.47995
     -7.67045      0.59918      0.23723      0.36195
     -7.66045      0.39554      0.15532      0.24023
     -7.65045      0.37387      0.14347      0.23039
     -7.64045      0.43485      0.16090      0.27395
     -7.63045      0.42908      0.15704      0.27204
     -7.62045      0.42289      0.15701      0.26588
     -7.61045      0.51535      0.19483      0.32053
     -7.60045      0.69356      0.26810      0.42546
     -7.59045      0.78407      0.30746      0.47661
     -7.58045      0.75479      0.29466      0.46014
     -7.57045      0.79635      0.30386      0.49250
     -7.56045      0.76052      0.28345      0.47707
     -7.55045      0.56248      0.20976      0.35272
     -7.54045      0.51117      0.19589      0.31528
     -7.53045      0.50885      0.19459      0.31426
     -7.52045      0.64283      0.24615      0.39668
     -7.51045      0.84660      0.33296      0.51363
     -7.50045      0.91922      0.36378      0.55544
     -7.49045      0.77188      0.30065      0.47123
     -7.48045      0.53360      0.20289      0.33071
     -7.47045      0.44832      0.16902      0.27930
     -7.46045      0.57554      0.21796      0.35758
     -7.45045      0.57395      0.21861      0.35534
     -7.44045      0.41084      0.16078      0.25005
     -7.43045      0.33185      0.13154      0.20031
     -7.42045      0.39093      0.14941      0.24152
     -7.41045      0.61968      0.23535      0.38433
     -7.40045      0.81470      0.30550      0.50920
     -7.39045      0.74054      0.27307      0.46747
     -7.38045      0.68864      0.25858      0.43006
     -7.37045      0.72458      0.27614      0.44843
     -7.36045      0.72318      0.27456      0.44862
     -7.35045      0.67263      0.25665      0.41598
     -7.34045      0.49126      0.19078      0.30048
     -7.33045      0.37900      0.14554      0.23346
     -7.32045      0.34215      0.12479      0.21736
     -7.31045      0.40047      0.14378      0.25669
     -7.30045      0.56751      0.20703      0.36048
     -7.29045      0.71133      0.26561      0.44572
     -7.28045      0.64100      0.24822      0.39277
     -7.27045      0.40001      0.15677      0.24324
     -7.26045      0.28134      0.10248      0.17887
     -7.25045      0.30156      0.10475      0.19682
     -7.24045      0.24204      0.08872      0.15332
     -7.23045      0.33378      0.13386      0.19992
     -7.22045      0.67062      0.26298      0.40764
     -7.21045      0.95523      0.35914      0.59609
     -7.20045      0.96180      0.35280      0.60900
     -7.19045      0.93782      0.34874      0.58909
     -7.18045      1.03892      0.39881      0.64011
     -7.17045      1.07299      0.42108      0.65191
     -7.16045      0.99363      0.39150      0.60213
     -7.15045      0.74988      0.28861      0.46127
     -7.14045      0.47581      0.17601      0.29981
     -7.13045      0.34694      0.12867      0.21827
     -7.12045      0.38587      0.14435      0.24153
     -7.11045      0.51244      0.18722      0.32522
     -7.10045      0.47000      0.16836      0.30164
     -7.09045      0.39257      0.13995      0.25262
     -7.08045      0.56391      0.20676      0.35715
     -7.07045      0.64893      0.24269      0.40624
     -7.06045      0.45233      0.16908      0.28325
     -7.05045      0.29985      0.11404      0.18581
     -7.04045      0.49377      0.19279      0.30098
     -7.03045      0.74907      0.28906      0.46001
     -7.02045      0.69290      0.25822      0.43467
     -7.01045      0.61274      0.22403      0.38871
     -7.00045      0.77423      0.28985      0.48438
     -6.99045      0.73337      0.27657      0.45680
     -6.98045      0.53305      0.19873      0.33432
     -6.97045      0.52576      0.19593      0.32983
     -6.96045      0.67574      0.25242      0.42332
     -6.95045      0.83235      0.31444      0.51791
     -6.94045      0.78804      0.29676      0.49128
     -6.93045      0.54299      0.20155      0.34144
     -6.92045      0.48380      0.18596      0.29784
     -6.91045      0.59489      0.22993      0.36496
     -6.90045      0.63867      0.24030      0.39838
     -6.89045      0.55200      0.20496      0.34704
     -6.88045      0.41356      0.15146      0.26210
     -6.87045      0.36295      0.13128      0.23167
     -6.86045      0.42614      0.15719      0.26895
     -6.85045      0.73789      0.28052      0.45737
     -6.84045      1.04518      0.39859      0.64660
     -6.83045      1.00354      0.37961      0.62393
     -6.82045      0.72995      0.27578      0.45417
     -6.81045      0.55079      0.20588      0.34491
     -6.80045      0.38310      0.14133      0.24177
     -6.79045      0.26241      0.09769      0.16472
     -6.78045      0.54287      0.20374      0.33913
     -6.77045      1.04356      0.38960      0.65396
     -6.76045      1.16555      0.43170      0.73385
     -6.75045      0.84519      0.30785      0.53735
     -6.74045      0.54095      0.19526      0.34569
     -6.73045      0.48848      0.17932      0.30917
     -6.72045      0.42926      0.15927      0.27000
     -6.71045      0.39177      0.14405      0.24771
     -6.70045      0.49714      0.18099      0.31615
     -6.69045      0.53284      0.19390      0.33894
     -6.68045      0.52783      0.19323      0.33460
     -6.67045      0.80892      0.30304      0.50588
     -6.66045      0.95882      0.36518      0.59364
     -6.65045      0.69654      0.26622      0.43032
     -6.64045      0.51323      0.19310      0.32013
     -6.63045      0.60052      0.21891      0.38161
     -6.62045      0.84785      0.30814      0.53971
     -6.61045      0.81727      0.30348      0.51380
     -6.60045      0.45815      0.17352      0.28462
     -6.59045      0.19711      0.07293      0.12418
     -6.58045      0.20342      0.07065      0.13277
     -6.57045      0.38632      0.13989      0.24643
     -6.56045      0.61367      0.23099      0.38268
     -6.55045      0.62359      0.23709      0.38650
     -6.54045      0.43974      0.16400      0.27574
     -6.53045      0.38023      0.13391      0.24632
     -6.52045      0.63969      0.22647      0.41322
     -6.51045      0.91614      0.33646      0.57968
     -6.50045      1.00587      0.37597      0.62990
     -6.49045      1.12175      0.42212      0.69963
     -6.48045      1.27999      0.48178      0.79820
     -6.47045      1.16856      0.43933      0.72923
     -6.46045      0.89633      0.33291      0.56342
     -6.45045      0.57875      0.20949      0.36926
     -6.44045      0.33361      0.12074      0.21287
     -6.43045      0.31267      0.11632      0.19634
     -6.42045      0.57184      0.21587      0.35596
     -6.41045      0.74496      0.28349      0.46147
     -6.40045      0.60277      0.22700      0.37577
     -6.39045      0.55425      0.20119      0.35306
     -6.38045      0.68280      0.24204      0.44075
     -6.37045      0.76744      0.27372      0.49371
     -6.36045      0.70182      0.26111      0.44072
     -6.35045      0.67019      0.25494      0.41525
     -6.34045      0.70294      0.26210      0.44084
     -6.33045      0.76830      0.28189      0.48641
     -6.32045      0.68598      0.25305      0.43293
     -6.31045      0.43357      0.16274      0.27084
     -6.30045      0.38297      0.14769      0.23528
     -6.29045      0.53497      0.20560      0.32937
     -6.28045      0.66275      0.24765      0.41510
     -6.27045      0.77418      0.28091      0.49328
     -6.26045      0.67455      0.23985      0.43469
     -6.25045      0.49920      0.17200      0.32720
     -6.24045      0.50407      0.17280      0.33127
     -6.23045      0.66567      0.23648      0.42919
     -6.22045      0.78377      0.28311      0.50066
     -6.21045      0.86915      0.31318      0.55597
     -6.20045      0.86055      0.31215      0.54840
     -6.19045      0.72129      0.26488      0.45641
     -6.18045      0.81357      0.30315      0.51042
     -6.17045      1.01017      0.38221      0.62797
     -6.16045      0.85400      0.32205      0.53196
     -6.15045      0.64378      0.23687      0.40691
     -6.14045      0.61280      0.22308      0.38972
     -6.13045      0.44455      0.16456      0.27999
     -6.12045      0.45938      0.17547      0.28391
     -6.11045      0.77113      0.29043      0.48071
     -6.10045      0.91071      0.33688      0.57383
     -6.09045      0.72875      0.26862      0.46013
     -6.08045      0.75254      0.27586      0.47668
     -6.07045      0.95238      0.34549      0.60689
     -6.06045      0.98759      0.35667      0.63092
     -6.05045      0.81036      0.29197      0.51839
     -6.04045      0.55384      0.19753      0.35631
     -6.03045      0.51060      0.18303      0.32757
     -6.02045      0.54816      0.19852      0.34964
     -6.01045      0.53655      0.19848      0.33807
     -6.00045      0.51949      0.19370      0.32579
     -5.99045      0.51988      0.19431      0.32557
     -5.98045      0.67935      0.25689      0.42246
     -5.97045      0.80749      0.30235      0.50515
     -5.96045      0.82373      0.29748      0.52624
     -5.95045      0.89408      0.31270      0.58138
     -5.94045      1.08506      0.38004      0.70502
     -5.93045      1.13148      0.40675      0.72473
     -5.92045      0.85508      0.31459      0.54048
     -5.91045      0.59019      0.21810      0.37209
     -5.90045      0.63755      0.23694      0.40062
     -5.89045      0.72695      0.26350      0.46345
     -5.88045      0.80716      0.29123      0.51592
     -5.87045      1.05033      0.38719      0.66315
     -5.86045      1.04890      0.38759      0.66130
     -5.85045      0.88106      0.32654      0.55451
     -5.84045      0.91572      0.34618      0.56953
     -5.83045      0.85187      0.32143      0.53044
     -5.82045      0.58343      0.21252      0.37092
     -5.81045      0.56850      0.20134      0.36716
     -5.80045      0.99733      0.36039      0.63694
     -5.79045      1.25484      0.45542      0.79941
     -5.78045      0.95625      0.34714      0.60912
     -5.77045      0.72371      0.26256      0.46115
     -5.76045      0.82181      0.29844      0.52336
     -5.75045      0.94011      0.34325      0.59685
     -5.74045      0.93850      0.34566      0.59284
     -5.73045      0.84027      0.31077      0.52950
     -5.72045      0.71185      0.25721      0.45465
     -5.71045      0.88580      0.31439      0.57141
     -5.70045      1.26095      0.45913      0.80182
     -5.69045      1.33829      0.49528      0.84300
     -5.68045      1.01638      0.37281      0.64357
     -5.67045      0.81828      0.29887      0.51941
     -5.66045      0.92837      0.34178      0.58660
     -5.65045      1.18454      0.42935      0.75519
     -5.64045      1.36056      0.48573      0.87483
     -5.63045      1.35289      0.48430      0.86859
     -5.62045      1.10363      0.39684      0.70679
     -5.61045      0.60923      0.21620      0.39303
     -5.60045      0.33500      0.11373      0.22127
     -5.59045      0.53293      0.18521      0.34772
     -5.58045      1.09492      0.39340      0.70152
     -5.57045      1.31989      0.48697      0.83292
     -5.56045      1.01789      0.38301      0.63488
     -5.55045      0.68840      0.25450      0.43390
     -5.54045      0.53292      0.18832      0.34461
     -5.53045      0.45765      0.15800      0.29965
     -5.52045      0.44047      0.15209      0.28839
     -5.51045      0.58752      0.20639      0.38113
     -5.50045      0.96565      0.34762      0.61803
     -5.49045      1.09598      0.40409      0.69189
     -5.48045      0.87433      0.32225      0.55209
     -5.47045      0.80988      0.29344      0.51644
     -5.46045      0.98508      0.35722      0.62787
     -5.45045      1.07544      0.38952      0.68592
     -5.44045      0.78550      0.28377      0.50173
     -5.43045      0.47613      0.17082      0.30531
     -5.42045      0.48287      0.17175      0.31112
     -5.41045      0.50172      0.17753      0.32419
     -5.40045      0.59961      0.20962      0.38999
     -5.39045      0.74463      0.26571      0.47892
     -5.38045      0.78801      0.29490      0.49311
     -5.37045      0.70584      0.27097      0.43487
     -5.36045      0.42938      0.16448      0.26490
     -5.35045      0.35051      0.12934      0.22117
     -5.34045      0.72781      0.26163      0.46618
     -5.33045      1.00118      0.35702      0.64416
     -5.32045      1.06818      0.37879      0.68939
     -5.31045      1.14446      0.39862      0.74584
     -5.30045      0.95449      0.33365      0.62083
     -5.29045      0.83667      0.30638      0.53029
     -5.28045      0.68721      0.25155      0.43566
     -5.27045      0.53665      0.18476      0.35188
     -5.26045      0.60820      0.21134      0.39686
     -5.25045      0.74500      0.26844      0.47656
     -5.24045      0.72711      0.26358      0.46353
     -5.23045      0.54814      0.20082      0.34733
     -5.22045      0.47385      0.17285      0.30100
     -5.21045      0.65247      0.22916      0.42331
     -5.20045      0.68570      0.23424      0.45147
     -5.19045      0.52959      0.18177      0.34782
     -5.18045      0.64251      0.23200      0.41051
     -5.17045      0.88812      0.32408      0.56404
     -5.16045      0.82691      0.30409      0.52281
     -5.15045      0.54076      0.20280      0.33796
     -5.14045      0.36851      0.13043      0.23808
     -5.13045      0.44844      0.14448      0.30396
     -5.12045      0.62884      0.20672      0.42212
     -5.11045      0.64382      0.22296      0.42085
     -5.10045      0.53160      0.19286      0.33875
     -5.09045      0.66963      0.24463      0.42500
     -5.08045      0.81647      0.29279      0.52369
     -5.07045      0.82380      0.29122      0.53258
     -5.06045      0.66042      0.23418      0.42625
     -5.05045      0.31860      0.11459      0.20401
     -5.04045      0.23685      0.08712      0.14974
     -5.03045      0.54094      0.19814      0.34280
     -5.02045      0.94915      0.34481      0.60434
     -5.01045      1.01596      0.36626      0.64971
     -5.00045      0.79720      0.28714      0.51007
     -4.99045      0.52971      0.19397      0.33575
     -4.98045      0.31943      0.11972      0.19971
     -4.97045      0.28318      0.10418      0.17900
     -4.96045      0.54932      0.19405      0.35527
     -4.95045      0.78500      0.27021      0.51478
     -4.94045      0.78895      0.26494      0.52401
     -4.93045      0.78893      0.26256      0.52637
     -4.92045      0.79173      0.26499      0.52673
     -4.91045      0.81230      0.27994      0.53236
     -4.90045      0.72583      0.25538      0.47045
     -4.89045      0.55980      0.19680      0.36300
     -4.88045      0.37086      0.12932      0.24154
     -4.87045      0.28482      0.09492      0.18990
     -4.86045      0.39461      0.12927      0.26534
     -4.85045      0.47943      0.16532      0.31411
     -4.84045      0.50841      0.18649      0.32192
     -4.83045      0.69632      0.25974      0.43658
     -4.82045      0.94743      0.35053      0.59689
     -4.81045      0.89384      0.32507      0.56877
     -4.80045      0.68473      0.24186      0.44287
     -4.79045      0.55431      0.19168      0.36263
     -4.78045      0.59844      0.20741      0.39103
     -4.77045      0.78075      0.27697      0.50378
     -4.76045      0.66967      0.24240      0.42726
     -4.75045      0.38008      0.13597      0.24411
     -4.74045      0.38611      0.13639      0.24972
     -4.73045      0.47984      0.17173      0.30811
     -4.72045      0.56677      0.19504      0.37173
     -4.71045      0.60675      0.20491      0.40184
     -4.70045      0.55025      0.18527      0.36498
     -4.69045      0.55803      0.18836      0.36967
     -4.68045      0.45228      0.15790      0.29438
     -4.67045      0.42051      0.15145      0.26906
     -4.66045      0.63557      0.22362      0.41196
     -4.65045      0.62297      0.21518      0.40779
     -4.64045      0.31289      0.10925      0.20364
     -4.63045      0.26840      0.10013      0.16827
     -4.62045      0.54860      0.20331      0.34529
     -4.61045      0.74899      0.26726      0.48173
     -4.60045      0.83952      0.29351      0.54601
     -4.59045      1.05626      0.37219      0.68407
     -4.58045      1.05252      0.36672      0.68580
     -4.57045      0.65637      0.22089      0.43547
     -4.56045      0.32209      0.10248      0.21961
     -4.55045      0.25899      0.08327      0.17572
     -4.54045      0.30494      0.10195      0.20299
     -4.53045      0.27680      0.09027      0.18654
     -4.52045      0.36681      0.11214      0.25467
     -4.51045      0.58864      0.18543      0.40321
     -4.50045      0.80509      0.27077      0.53432
     -4.49045      0.86110      0.30071      0.56039
     -4.48045      0.75813      0.26793      0.49020
     -4.47045      0.60389      0.22069      0.38320
     -4.46045      0.50442      0.18720      0.31722
     -4.45045      0.50711      0.17861      0.32850
     -4.44045      0.56325      0.19338      0.36986
     -4.43045      0.43044      0.15232      0.27812
     -4.42045      0.22452      0.08204      0.14248
     -4.41045      0.26447      0.09186      0.17261
     -4.40045      0.47713      0.16012      0.31701
     -4.39045      0.63269      0.21288      0.41982
     -4.38045      0.72040      0.24412      0.47627
     -4.37045      0.75539      0.26077      0.49462
     -4.36045      0.75331      0.26239      0.49092
     -4.35045      0.75083      0.25343      0.49740
     -4.34045      0.53554      0.17430      0.36123
     -4.33045      0.24550      0.07830      0.16720
     -4.32045      0.17836      0.06395      0.11442
     -4.31045      0.33006      0.12410      0.20596
     -4.30045      0.44376      0.16113      0.28262
     -4.29045      0.54086      0.18477      0.35609
     -4.28045      0.69498      0.23578      0.45920
     -4.27045      0.72082      0.24758      0.47324
     -4.26045      0.55040      0.19012      0.36028
     -4.25045      0.41009      0.14686      0.26323
     -4.24045      0.40385      0.14677      0.25708
     -4.23045      0.47842      0.16549      0.31293
     -4.22045      0.59730      0.20482      0.39248
     -4.21045      0.53790      0.18999      0.34790
     -4.20045      0.46188      0.16005      0.30183
     -4.19045      0.59933      0.19529      0.40403
     -4.18045      0.71754      0.23202      0.48553
     -4.17045      0.72696      0.23828      0.48869
     -4.16045      0.74452      0.24462      0.49990
     -4.15045      0.66486      0.22003      0.44483
     -4.14045      0.53902      0.18557      0.35346
     -4.13045      0.50050      0.17512      0.32538
     -4.12045      0.52303      0.18633      0.33670
     -4.11045      0.61524      0.22561      0.38963
     -4.10045      0.72306      0.26249      0.46057
     -4.09045      0.63620      0.22313      0.41307
     -4.08045      0.47846      0.15602      0.32244
     -4.07045      0.43108      0.12818      0.30291
     -4.06045      0.41217      0.11810      0.29407
     -4.05045      0.30240      0.08664      0.21576
     -4.04045      0.25150      0.07632      0.17518
     -4.03045      0.34309      0.11458      0.22850
     -4.02045      0.41702      0.14226      0.27477
     -4.01045      0.32646      0.10585      0.22061
     -4.00045      0.26301      0.07924      0.18377
     -3.99045      0.38255      0.12117      0.26139
     -3.98045      0.57715      0.19934      0.37781
     -3.97045      0.79554      0.28027      0.51528
     -3.96045      0.89340      0.31160      0.58179
     -3.95045      0.67903      0.23671      0.44233
     -3.94045      0.44045      0.15132      0.28913
     -3.93045      0.39611      0.13185      0.26426
     -3.92045      0.48837      0.15822      0.33015
     -3.91045      0.66030      0.21060      0.44970
     -3.90045      0.55163      0.17935      0.37228
     -3.89045      0.34747      0.12205      0.22541
     -3.88045      0.25011      0.09288      0.15723
     -3.87045      0.23335      0.08687      0.14648
     -3.86045      0.40538      0.14691      0.25847
     -3.85045      0.68706      0.23987      0.44718
     -3.84045      0.90749      0.30878      0.59871
     -3.83045      0.72404      0.24241      0.48164
     -3.82045      0.34289      0.10953      0.23336
     -3.81045      0.18746      0.05510      0.13235
     -3.80045      0.18498      0.05839      0.12659
     -3.79045      0.43207      0.14151      0.29055
     -3.78045      0.80099      0.25597      0.54502
     -3.77045      0.87117      0.27616      0.59500
     -3.76045      0.69000      0.22402      0.46597
     -3.75045      0.56379      0.18535      0.37844
     -3.74045      0.50468      0.16225      0.34242
     -3.73045      0.41846      0.13241      0.28605
     -3.72045      0.40793      0.12310      0.28482
     -3.71045      0.53405      0.16491      0.36913
     -3.70045      0.66073      0.21789      0.44285
     -3.69045      0.57612      0.19833      0.37779
     -3.68045      0.30887      0.10940      0.19947
     -3.67045      0.15354      0.05251      0.10103
     -3.66045      0.23672      0.07833      0.15838
     -3.65045      0.27768      0.09447      0.18321
     -3.64045      0.28549      0.09691      0.18857
     -3.63045      0.58030      0.19226      0.38803
     -3.62045      0.86839      0.28547      0.58292
     -3.61045      0.78761      0.25855      0.52906
     -3.60045      0.58696      0.19657      0.39039
     -3.59045      0.55848      0.18941      0.36907
     -3.58045      0.64247      0.21327      0.42920
     -3.57045      0.80428      0.26586      0.53842
     -3.56045      0.82459      0.27721      0.54738
     -3.55045      0.59486      0.20222      0.39264
     -3.54045      0.40655      0.13318      0.27337
     -3.53045      0.30354      0.09021      0.21333
     -3.52045      0.26595      0.07359      0.19236
     -3.51045      0.22706      0.06466      0.16240
     -3.50045      0.24097      0.07618      0.16479
     -3.49045      0.30627      0.09982      0.20645
     -3.48045      0.40575      0.12946      0.27628
     -3.47045      0.51856      0.16241      0.35615
     -3.46045      0.55868      0.17198      0.38671
     -3.45045      0.46462      0.14504      0.31959
     -3.44045      0.34444      0.11831      0.22613
     -3.43045      0.39418      0.14626      0.24792
     -3.42045      0.46111      0.17371      0.28741
     -3.41045      0.38276      0.14108      0.24168
     -3.40045      0.30476      0.09534      0.20942
     -3.39045      0.36211      0.09852      0.26359
     -3.38045      0.34559      0.09323      0.25237
     -3.37045      0.38762      0.11134      0.27628
     -3.36045      0.64579      0.19482      0.45097
     -3.35045      0.68872      0.21173      0.47699
     -3.34045      0.48183      0.14496      0.33687
     -3.33045      0.46996      0.13558      0.33437
     -3.32045      0.58148      0.17241      0.40907
     -3.31045      0.61980      0.19514      0.42465
     -3.30045      0.74682      0.25165      0.49517
     -3.29045      0.92180      0.31764      0.60415
     -3.28045      0.90060      0.30758      0.59302
     -3.27045      0.63051      0.20864      0.42187
     -3.26045      0.50328      0.15671      0.34657
     -3.25045      0.48321      0.14457      0.33864
     -3.24045      0.31554      0.09218      0.22336
     -3.23045      0.19076      0.06125      0.12951
     -3.22045      0.19434      0.06583      0.12850
     -3.21045      0.20373      0.06227      0.14146
     -3.20045      0.20702      0.06411      0.14290
     -3.19045      0.29216      0.10279      0.18937
     -3.18045      0.45261      0.15186      0.30075
     -3.17045      0.58326      0.17577      0.40749
     -3.16045      0.75089      0.22968      0.52121
     -3.15045      0.88486      0.28897      0.59589
     -3.14045      0.83292      0.27335      0.55957
     -3.13045      0.63060      0.19702      0.43358
     -3.12045      0.42756      0.12161      0.30595
     -3.11045      0.26885      0.07177      0.19708
     -3.10045      0.22023      0.06209      0.15814
     -3.09045      0.34058      0.10142      0.23916
     -3.08045      0.35852      0.10542      0.25310
     -3.07045      0.25879      0.07171      0.18708
     -3.06045      0.25013      0.06969      0.18044
     -3.05045      0.28762      0.08787      0.19975
     -3.04045      0.28162      0.08954      0.19208
     -3.03045      0.35493      0.10930      0.24563
     -3.02045      0.55920      0.17154      0.38765
     -3.01045      0.83221      0.26440      0.56781
     -3.00045      1.03284      0.34923      0.68360
     -2.99045      0.78375      0.28063      0.50311
     -2.98045      0.32511      0.12126      0.20385
     -2.97045      0.09316      0.03504      0.05812
     -2.96045      0.12482      0.04246      0.08236
     -2.95045      0.31673      0.09585      0.22088
     -2.94045      0.53412      0.14408      0.39005
     -2.93045      0.64882      0.16851      0.48031
     -2.92045      0.66819      0.17974      0.48846
     -2.91045      0.61287      0.17497      0.43790
     -2.90045      0.48200      0.14486      0.33715
     -2.89045      0.44768      0.13485      0.31283
     -2.88045      0.60854      0.17906      0.42948
     -2.87045      0.61399      0.17878      0.43521
     -2.86045      0.52187      0.16129      0.36059
     -2.85045      0.48385      0.15359      0.33026
     -2.84045      0.37451      0.10886      0.26565
     -2.83045      0.41255      0.11155      0.30099
     -2.82045      0.51731      0.14591      0.37140
     -2.81045      0.48361      0.14340      0.34021
     -2.80045      0.40575      0.12430      0.28144
     -2.79045      0.33104      0.10145      0.22959
     -2.78045      0.25243      0.08140      0.17103
     -2.77045      0.17003      0.05671      0.11332
     -2.76045      0.19796      0.05991      0.13805
     -2.75045      0.36303      0.11238      0.25065
     -2.74045      0.58576      0.18906      0.39670
     -2.73045      0.89193      0.28753      0.60441
     -2.72045      1.03190      0.32374      0.70816
     -2.71045      0.86609      0.25671      0.60938
     -2.70045      0.69226      0.20059      0.49167
     -2.69045      0.50557      0.15597      0.34960
     -2.68045      0.35296      0.10666      0.24630
     -2.67045      0.37876      0.09825      0.28051
     -2.66045      0.39175      0.10089      0.29085
     -2.65045      0.30344      0.09009      0.21335
     -2.64045      0.24233      0.07710      0.16524
     -2.63045      0.34394      0.09807      0.24587
     -2.62045      0.50609      0.14599      0.36010
     -2.61045      0.42494      0.12681      0.29813
     -2.60045      0.33488      0.09955      0.23533
     -2.59045      0.43426      0.12943      0.30483
     -2.58045      0.45110      0.12959      0.32151
     -2.57045      0.44538      0.12078      0.32460
     -2.56045      0.41745      0.11733      0.30013
     -2.55045      0.21153      0.06375      0.14777
     -2.54045      0.08299      0.02581      0.05718
     -2.53045      0.20011      0.06045      0.13966
     -2.52045      0.45436      0.13840      0.31595
     -2.51045      0.62129      0.18793      0.43336
     -2.50045      0.69217      0.19968      0.49248
     -2.49045      0.78176      0.21663      0.56513
     -2.48045      0.80906      0.22922      0.57984
     -2.47045      0.80227      0.23778      0.56449
     -2.46045      0.77775      0.22193      0.55582
     -2.45045      0.61398      0.16207      0.45191
     -2.44045      0.44084      0.11991      0.32094
     -2.43045      0.40937      0.11509      0.29428
     -2.42045      0.45270      0.12371      0.32899
     -2.41045      0.51433      0.13960      0.37473
     -2.40045      0.49451      0.12605      0.36846
     -2.39045      0.36588      0.08921      0.27667
     -2.38045      0.33499      0.09195      0.24304
     -2.37045      0.35179      0.10998      0.24181
     -2.36045      0.28532      0.09213      0.19319
     -2.35045      0.39915      0.12073      0.27842
     -2.34045      0.60802      0.17626      0.43176
     -2.33045      0.59285      0.16434      0.42851
     -2.32045      0.58210      0.15797      0.42414
     -2.31045      0.63719      0.17444      0.46275
     -2.30045      0.46098      0.13358      0.32739
     -2.29045      0.31707      0.09708      0.21999
     -2.28045      0.41374      0.11528      0.29847
     -2.27045      0.51939      0.13343      0.38596
     -2.26045      0.58201      0.15534      0.42668
     -2.25045      0.65500      0.18659      0.46841
     -2.24045      0.60306      0.17850      0.42456
     -2.23045      0.42040      0.12122      0.29919
     -2.22045      0.39918      0.10470      0.29447
     -2.21045      0.63252      0.17126      0.46125
     -2.20045      0.67077      0.18682      0.48395
     -2.19045      0.39341      0.10458      0.28884
     -2.18045      0.26530      0.06095      0.20435
     -2.17045      0.31274      0.06916      0.24358
     -2.16045      0.39006      0.09588      0.29418
     -2.15045      0.47570      0.13447      0.34123
     -2.14045      0.51774      0.15089      0.36684
     -2.13045      0.45581      0.12826      0.32756
     -2.12045      0.33927      0.08851      0.25077
     -2.11045      0.31610      0.08326      0.23283
     -2.10045      0.42536      0.12014      0.30521
     -2.09045      0.50262      0.13441      0.36820
     -2.08045      0.53197      0.13403      0.39794
     -2.07045      0.43406      0.11765      0.31641
     -2.06045      0.38868      0.11288      0.27581
     -2.05045      0.67804      0.18548      0.49256
     -2.04045      0.90792      0.23294      0.67498
     -2.03045      0.86136      0.21302      0.64835
     -2.02045      0.79085      0.19323      0.59762
     -2.01045      0.78113      0.18803      0.59310
     -2.00045      0.74743      0.18469      0.56274
     -1.99045      0.56667      0.14889      0.41778
     -1.98045      0.44318      0.11826      0.32491
     -1.97045      0.51664      0.12937      0.38727
     -1.96045      0.67225      0.17006      0.50219
     -1.95045      0.57530      0.14445      0.43085
     -1.94045      0.35935      0.08302      0.27633
     -1.93045      0.39150      0.08710      0.30440
     -1.92045      0.52560      0.12606      0.39954
     -1.91045      0.57976      0.14401      0.43575
     -1.90045      0.64050      0.16204      0.47845
     -1.89045      0.73799      0.19765      0.54033
     -1.88045      0.63801      0.18129      0.45672
     -1.87045      0.48714      0.12650      0.36064
     -1.86045      0.41617      0.09016      0.32602
     -1.85045      0.48809      0.10544      0.38265
     -1.84045      0.65307      0.15057      0.50249
     -1.83045      0.75423      0.17086      0.58337
     -1.82045      0.79958      0.17543      0.62415
     -1.81045      0.84723      0.19165      0.65558
     -1.80045      0.84602      0.19430      0.65173
     -1.79045      0.84774      0.18532      0.66242
     -1.78045      1.01342      0.22466      0.78875
     -1.77045      1.10487      0.27079      0.83408
     -1.76045      0.72835      0.19903      0.52932
     -1.75045      0.35456      0.09401      0.26055
     -1.74045      0.27386      0.05842      0.21544
     -1.73045      0.35341      0.07722      0.27619
     -1.72045      0.46596      0.11172      0.35423
     -1.71045      0.56848      0.13137      0.43711
     -1.70045      0.60348      0.13834      0.46514
     -1.69045      0.45795      0.12244      0.33551
     -1.68045      0.31459      0.09617      0.21842
     -1.67045      0.26019      0.07074      0.18945
     -1.66045      0.23834      0.06043      0.17791
     -1.65045      0.28773      0.07870      0.20903
     -1.64045      0.23649      0.05327      0.18323
     -1.63045      0.19591      0.01315      0.18276
     -1.62045      0.60636      0.09261      0.51375
     -1.61045      1.00737      0.18481      0.82257
     -1.60045      1.11864      0.20969      0.90894
     -1.59045      1.26567      0.23506      1.03061
     -1.58045      1.13989      0.21024      0.92965
     -1.57045      0.53424      0.09823      0.43600
     -1.56045      0.10705      0.01966      0.08739
     -1.55045      0.01307      0.00236      0.01070
     -1.54045      0.03350      0.00590      0.02760
     -1.53045      0.10697      0.01884      0.08812
     -1.52045      0.17528      0.03089      0.14439
     -1.51045      0.14309      0.02522      0.11787
     -1.50045      0.05669      0.00998      0.04671
     -1.49045      0.06107      0.01064      0.05043
     -1.48045      0.18464      0.03217      0.15247
     -1.47045      0.25917      0.04524      0.21393
     -1.46045      0.16300      0.02851      0.13449
     -1.45045      0.12024      0.02102      0.09922
     -1.44045      0.25007      0.04362      0.20645
     -1.43045      0.38008      0.06661      0.31348
     -1.42045      0.53204      0.09468      0.43736
     -1.41045      0.67111      0.12045      0.55067
     -1.40045      0.49288      0.08803      0.40485
     -1.39045      0.24340      0.04250      0.20091
     -1.38045      0.10524      0.01800      0.08725
     -1.37045      0.09466      0.01599      0.07867
     -1.36045      0.21698      0.03653      0.18045
     -1.35045      0.25649      0.04311      0.21338
     -1.34045      0.16525      0.02775      0.13750
     -1.33045      0.14832      0.02493      0.12339
     -1.32045      0.14537      0.02444      0.12092
     -1.31045      0.13727      0.02305      0.11422
     -1.30045      0.16286      0.02731      0.13556
     -1.29045      0.18167      0.03033      0.15134
     -1.28045      0.24745      0.04119      0.20626
     -1.27045      0.27013      0.04500      0.22513
     -1.26045      0.30447      0.05067      0.25380
     -1.25045      0.39936      0.06632      0.33304
     -1.24045      0.43895      0.07321      0.36574
     -1.23045      0.49791      0.08364      0.41428
     -1.22045      0.71669      0.12049      0.59620
     -1.21045      0.79702      0.13365      0.66337
     -1.20045      0.44517      0.07445      0.37072
     -1.19045      0.11346      0.01887      0.09459
     -1.18045      0.06888      0.01106      0.05782
     -1.17045      0.14280      0.02277      0.12003
     -1.16045      0.17072      0.02708      0.14364
     -1.15045      0.16665      0.02622      0.14042
     -1.14045      0.11061      0.01735      0.09326
     -1.13045      0.03995      0.00627      0.03367
     -1.12045      0.05974      0.00943      0.05031
     -1.11045      0.14838      0.02337      0.12501
     -1.10045      0.19650      0.03071      0.16579
     -1.09045      0.17882      0.02770      0.15112
     -1.08045      0.12593      0.01952      0.10641
     -1.07045      0.15365      0.02396      0.12968
     -1.06045      0.24982      0.03861      0.21121
     -1.05045      0.33850      0.05185      0.28665
     -1.04045      0.37129      0.05712      0.31417
     -1.03045      0.31239      0.04858      0.26381
     -1.02045      0.26462      0.04143      0.22319
     -1.01045      0.21146      0.03283      0.17863
     -1.00045      0.17462      0.02651      0.14812
     -0.99045      0.12193      0.01831      0.10362
     -0.98045      0.07011      0.01042      0.05969
     -0.97045      0.13775      0.02033      0.11743
     -0.96045      0.20472      0.03024      0.17448
     -0.95045      0.12756      0.01886      0.10871
     -0.94045      0.09481      0.01393      0.08088
     -0.93045      0.21203      0.03098      0.18105
     -0.92045      0.27231      0.03966      0.23265
     -0.91045      0.20905      0.03044      0.17861
     -0.90045      0.19377      0.02822      0.16555
     -0.89045      0.23756      0.03427      0.20329
     -0.88045      0.30935      0.04446      0.26489
     -0.87045      0.28570      0.04124      0.24446
     -0.86045      0.26635      0.03863      0.22773
     -0.85045      0.33465      0.04852      0.28613
     -0.84045      0.39473      0.05712      0.33761
     -0.83045      0.32807      0.04707      0.28100
     -0.82045      0.27987      0.03921      0.24066
     -0.81045      0.25624      0.03540      0.22084
     -0.80045      0.13169      0.01811      0.11357
     -0.79045      0.02938      0.00403      0.02535
     -0.78045      0.00279      0.00038      0.00241
     -0.77045      0.00490      0.00066      0.00424
     -0.76045      0.05027      0.00675      0.04352
     -0.75045      0.19339      0.02599      0.16740
     -0.74045      0.27396      0.03682      0.23714
     -0.73045      0.14645      0.01967      0.12678
     -0.72045      0.06348      0.00839      0.05509
     -0.71045      0.14544      0.01902      0.12641
     -0.70045      0.28233      0.03708      0.24525
     -0.69045      0.33134      0.04360      0.28774
     -0.68045      0.26238      0.03452      0.22785
     -0.67045      0.19060      0.02517      0.16543
     -0.66045      0.11452      0.01513      0.09939
     -0.65045      0.07585      0.00980      0.06605
     -0.64045      0.12801      0.01631      0.11170
     -0.63045      0.12903      0.01640      0.11264
     -0.62045      0.08960      0.01126      0.07834
     -0.61045      0.12225      0.01523      0.10702
     -0.60045      0.16846      0.02104      0.14743
     -0.59045      0.13534      0.01692      0.11842
     -0.58045      0.09697      0.01199      0.08498
     -0.57045      0.20549      0.02517      0.18033
     -0.56045      0.28588      0.03498      0.25090
     -0.55045      0.21446      0.02621      0.18826
     -0.54045      0.23187      0.02816      0.20372
     -0.53045      0.35249      0.04248      0.31000
     -0.52045      0.40422      0.04864      0.35559
     -0.51045      0.25187      0.03036      0.22151
     -0.50045      0.07393      0.00893      0.06500
     -0.49045      0.01069      0.00128      0.00940
     -0.48045      0.01876      0.00216      0.01661
     -0.47045      0.10246      0.01175      0.09071
     -0.46045      0.23513      0.02690      0.20823
     -0.45045      0.22775      0.02599      0.20176
     -0.44045      0.09300      0.01059      0.08241
     -0.43045      0.01619      0.00184      0.01435
     -0.42045      0.01257      0.00140      0.01117
     -0.41045      0.07629      0.00846      0.06782
     -0.40045      0.21076      0.02331      0.18745
     -0.39045      0.27180      0.02994      0.24186
     -0.38045      0.19481      0.02139      0.17342
     -0.37045      0.11347      0.01236      0.10111
     -0.36045      0.13862      0.01479      0.12383
     -0.35045      0.21387      0.02269      0.19118
     -0.34045      0.20313      0.02153      0.18160
     -0.33045      0.10454      0.01107      0.09347
     -0.32045      0.04439      0.00465      0.03975
     -0.31045      0.09226      0.00954      0.08272
     -0.30045      0.14608      0.01508      0.13100
     -0.29045      0.13859      0.01420      0.12438
     -0.28045      0.21123      0.02141      0.18982
     -0.27045      0.29472      0.02975      0.26497
     -0.26045      0.22455      0.02262      0.20194
     -0.25045      0.11375      0.01135      0.10240
     -0.24045      0.12392      0.01213      0.11179
     -0.23045      0.13235      0.01292      0.11944
     -0.22045      0.07283      0.00706      0.06577
     -0.21045      0.08906      0.00845      0.08060
     -0.20045      0.14229      0.01346      0.12883
     -0.19045      0.11938      0.01125      0.10813
     -0.18045      0.12802      0.01196      0.11606
     -0.17045      0.14619      0.01360      0.13259
     -0.16045      0.12514      0.01150      0.11364
     -0.15045      0.14489      0.01316      0.13172
     -0.14045      0.10731      0.00972      0.09759
     -0.13045      0.05616      0.00502      0.05114
     -0.12045      0.10669      0.00938      0.09731
     -0.11045      0.17726      0.01552      0.16174
     -0.10045      0.20563      0.01786      0.18777
     -0.09045      0.22708      0.01955      0.20754
     -0.08045      0.19070      0.01631      0.17439
     -0.07045      0.08980      0.00765      0.08214
     -0.06045      0.02988      0.00250      0.02737
     -0.05045      0.06535      0.00534      0.06001
     -0.04045      0.13436      0.01096      0.12340
     -0.03045      0.13254      0.01075      0.12179
     -0.02045      0.13410      0.01072      0.12338
     -0.01045      0.13873      0.01103      0.12770
     -0.00045      0.06561      0.00521      0.06039
      0.00955      0.01167      0.00093      0.01074
      0.01955      0.00076      0.00006      0.00070
      0.02955      0.00002      0.00000      0.00002
      0.03955      0.00000      0.00000      0.00000
      0.04955      0.00000      0.00000      0.00000
      0.05955      0.00000      0.00000      0.00000
      0.06955      0.00000      0.00000      0.00000
      0.07955      0.00000      0.00000      0.00000
      0.08955      0.00000      0.00000      0.00000
      0.09955      0.00000      0.00000      0.00000
      0.10955      0.00000      0.00000      0.00000
      0.11955      0.00000      0.00000      0.00000
      0.12955      0.00000      0.00000      0.00000
      0.13955      0.00000      0.00000      0.00000
      0.14955      0.00000      0.00000      0.00000
      0.15955      0.00000      0.00000      0.00000
      0.16955      0.00000      0.00000      0.00000
      0.17955      0.00000      0.00000      0.00000
      0.18955      0.00000      0.00000      0.00000
      0.19955      0.00000      0.00000      0.00000
      0.20955      0.00000      0.00000      0.00000
      0.21955      0.00000      0.00000      0.00000
      0.22955      0.00000      0.00000      0.00000
      0.23955      0.00000      0.00000      0.00000
      0.24955      0.00000      0.00000      0.00000
      0.25955      0.00000      0.00000      0.00000
      0.26955      0.00000      0.00000      0.00000
      0.27955      0.00000      0.00000      0.00000
      0.28955      0.00000      0.00000      0.00000
      0.29955      0.00000      0.00000      0.00000
      0.30955      0.00000      0.00000      0.00000
      0.31955      0.00000      0.00000      0.00000
      0.32955      0.00000      0.00000      0.00000
      0.33955      0.00000      0.00000      0.00000
      0.34955      0.00000      0.00000      0.00000
      0.35955      0.00000      0.00000      0.00000
      0.36955      0.00000      0.00000      0.00000
      0.37955      0.00000      0.00000      0.00000
      0.38955      0.00000      0.00000      0.00000
      0.39955      0.00000      0.00000      0.00000
      0.40955      0.00000      0.00000      0.00000
      0.41955      0.00000      0.00000      0.00000
      0.42955      0.00000      0.00000      0.00000
      0.43955      0.00000      0.00000      0.00000
      0.44955      0.00000      0.00000      0.00000
      0.45955      0.00000      0.00000      0.00000
      0.46955      0.00000      0.00000      0.00000
      0.47955      0.00000      0.00000      0.00000
      0.48955      0.00000      0.00000      0.00000
      0.49955      0.00000      0.00000      0.00000
      0.50955      0.00000      0.00000      0.00000
      0.51955      0.00000      0.00000      0.00000
      0.52955      0.00000      0.00000      0.00000
      0.53955      0.00000      0.00000      0.00000
      0.54955      0.00000      0.00000      0.00000
      0.55955      0.00000      0.00000      0.00000
      0.56955      0.00000      0.00000      0.00000
      0.57955      0.00000      0.00000      0.00000
      0.58955      0.00000      0.00000      0.00000
      0.59955      0.00000      0.00000      0.00000
      0.60955      0.00000      0.00000      0.00000
      0.61955      0.00000      0.00000      0.00000
      0.62955      0.00000      0.00000      0.00000
      0.63955      0.00000      0.00000      0.00000
      0.64955      0.00000      0.00000      0.00000
      0.65955      0.00000      0.00000      0.00000
      0.66955      0.00000      0.00000      0.00000
      0.67955      0.00000      0.00000      0.00000
      0.68955      0.00000      0.00000      0.00000
      0.69955      0.00000      0.00000      0.00000
      0.70955      0.00000      0.00000      0.00000
      0.71955      0.00000      0.00000      0.00000
      0.72955      0.00000      0.00000      0.00000
      0.73955      0.00000      0.00000      0.00000
      0.74955      0.00000      0.00000      0.00000
      0.75955      0.00000      0.00000      0.00000
      0.76955      0.00000      0.00000      0.00000
      0.77955      0.00000      0.00000      0.00000
      0.78955      0.00000      0.00000      0.00000
      0.79955      0.00000      0.00000      0.00000
      0.80955      0.00000      0.00000      0.00000
      0.81955      0.00000      0.00000      0.00000
      0.82955      0.00000      0.00000      0.00000
      0.83955      0.00000      0.00000      0.00000
      0.84955      0.00000      0.00000      0.00000
      0.85955      0.00000      0.00000      0.00000
      0.86955      0.00000      0.00000      0.00000
      0.87955      0.00000      0.00000      0.00000
      0.88955      0.00000      0.00000      0.00000
      0.89955      0.00000      0.00000      0.00000
      0.90955      0.00000      0.00000      0.00000
      0.91955      0.00000      0.00000      0.00000
      0.92955      0.00000      0.00000      0.00000
      0.93955      0.00000      0.00000      0.00000
      0.94955      0.00000      0.00000      0.00000
      0.95955      0.00000      0.00000      0.00000
      0.96955      0.00000      0.00000      0.00000
      0.97955      0.00000      0.00000      0.00000
      0.98955      0.00000      0.00000      0.00000
      0.99955      0.00000      0.00000      0.00000
      1.00955      0.00000      0.00000      0.00000
      1.01955      0.00000      0.00000      0.00000
      1.02955      0.00000      0.00000      0.00000
      1.03955      0.00000      0.00000      0.00000
      1.04955      0.00000      0.00000      0.00000
      1.05955      0.00000      0.00000      0.00000
      1.06955      0.00000      0.00000      0.00000
      1.07955      0.00000      0.00000      0.00000
      1.08955      0.00000      0.00000      0.00000
      1.09955      0.00000      0.00000      0.00000
      1.10955      0.00000      0.00000      0.00000
      1.11955      0.00000      0.00000      0.00000
      1.12955      0.00000      0.00000      0.00000
      1.13955      0.00000      0.00000      0.00000
      1.14955      0.00000      0.00000      0.00000
      1.15955      0.00000      0.00000      0.00000
      1.16955      0.00000      0.00000      0.00000
      1.17955      0.00000      0.00000      0.00000
      1.18955      0.00000      0.00000      0.00000
      1.19955      0.00000      0.00000      0.00000
      1.20955      0.00000      0.00000      0.00000
      1.21955      0.00000      0.00000      0.00000
      1.22955      0.00000      0.00000      0.00000
      1.23955      0.00000      0.00000      0.00000
      1.24955      0.00000      0.00000      0.00000
      1.25955      0.00000      0.00000      0.00000
      1.26955      0.00000      0.00000      0.00000
      1.27955      0.00000      0.00000      0.00000
      1.28955      0.00000      0.00000      0.00000
      1.29955      0.00000      0.00000      0.00000
      1.30955      0.00000      0.00000      0.00000
      1.31955      0.00000      0.00000      0.00000
      1.32955      0.00000      0.00000      0.00000
      1.33955      0.00000      0.00000      0.00000
      1.34955      0.00000      0.00000      0.00000
      1.35955      0.00000      0.00000      0.00000
      1.36955      0.00000      0.00000      0.00000
      1.37955      0.00000      0.00000      0.00000
      1.38955      0.00000      0.00000      0.00000
      1.39955      0.00000      0.00000      0.00000
      1.40955      0.00000      0.00000      0.00000
      1.41955      0.00000      0.00000      0.00000
      1.42955      0.00000      0.00000      0.00000
      1.43955      0.00000      0.00000      0.00000
      1.44955      0.00000      0.00000      0.00000
      1.45955      0.00000      0.00000      0.00000
      1.46955      0.00000      0.00000      0.00000
      1.47955      0.00000      0.00000      0.00000
      1.48955      0.00000      0.00000      0.00000
      1.49955      0.00000      0.00000      0.00000
      1.50955      0.00000      0.00000      0.00000
      1.51955      0.00000      0.00000      0.00000
      1.52955      0.00000      0.00000      0.00000
      1.53955      0.00000      0.00000      0.00000
      1.54955      0.00000      0.00000      0.00000
      1.55955      0.00000      0.00000      0.00000
      1.56955      0.00000      0.00000      0.00000
      1.57955      0.00000      0.00000      0.00000
      1.58955      0.00000      0.00000      0.00000
      1.59955      0.00000      0.00000      0.00000
      1.60955      0.00000      0.00000      0.00000
      1.61955      0.00000      0.00000      0.00000
      1.62955      0.00000      0.00000      0.00000
      1.63955      0.00000      0.00000      0.00000
      1.64955      0.00000      0.00000      0.00000
      1.65955      0.00000      0.00000      0.00000
      1.66955      0.00000      0.00000      0.00000
      1.67955      0.00000      0.00000      0.00000
      1.68955      0.00000      0.00000      0.00000
      1.69955      0.00000      0.00000      0.00000
      1.70955      0.00000      0.00000      0.00000
      1.71955      0.00000      0.00000      0.00000
      1.72955      0.00000      0.00000      0.00000
      1.73955      0.00000      0.00000      0.00000
      1.74955      0.00000      0.00000      0.00000
      1.75955      0.00000      0.00000      0.00000
      1.76955      0.00000      0.00000      0.00000
      1.77955      0.00000      0.00000      0.00000
      1.78955      0.00000      0.00000      0.00000
      1.79955      0.00000      0.00000      0.00000
      1.80955      0.00000      0.00000      0.00000
      1.81955      0.00000      0.00000      0.00000
      1.82955      0.00000      0.00000      0.00000
      1.83955      0.00000      0.00000      0.00000
      1.84955      0.00000      0.00000      0.00000
      1.85955      0.00000      0.00000      0.00000
      1.86955      0.00000      0.00000      0.00000
      1.87955      0.00000      0.00000      0.00000
      1.88955      0.00000      0.00000      0.00000
      1.89955      0.00000      0.00000      0.00000
      1.90955      0.00000      0.00000      0.00000
      1.91955      0.00000      0.00000      0.00000
      1.92955      0.00000      0.00000      0.00000
      1.93955      0.00000      0.00000      0.00000
      1.94955      0.00000      0.00000      0.00000
      1.95955      0.00000      0.00000      0.00000
      1.96955      0.00000      0.00000      0.00000
      1.97955      0.00000      0.00000      0.00000
      1.98955      0.00000      0.00000      0.00000
      1.99955      0.00000      0.00000      0.00000
      2.00955      0.00000      0.00000      0.00000
      2.01955      0.00000      0.00000      0.00000
      2.02955      0.00000      0.00000      0.00000
      2.03955      0.00000      0.00000      0.00000
      2.04955      0.00000      0.00000      0.00000
      2.05955      0.00000      0.00000      0.00000
      2.06955      0.00000      0.00000      0.00000
      2.07955      0.00000      0.00000      0.00000
      2.08955      0.00000      0.00000      0.00000
      2.09955      0.00000      0.00000      0.00000
      2.10955      0.00000      0.00000      0.00000
      2.11955      0.00000      0.00000      0.00000
      2.12955      0.00000      0.00000      0.00000
      2.13955      0.00000      0.00000      0.00000
      2.14955      0.00000      0.00000      0.00000
      2.15955      0.00000      0.00000      0.00000
      2.16955      0.00000      0.00000      0.00000
      2.17955      0.00000      0.00000      0.00000
      2.18955      0.00000      0.00000      0.00000
      2.19955      0.00000      0.00000      0.00000
      2.20955      0.00000      0.00000      0.00000
      2.21955      0.00000      0.00000      0.00000
      2.22955      0.00000      0.00000      0.00000
      2.23955      0.00000      0.00000      0.00000
      2.24955      0.00000      0.00000      0.00000
      2.25955      0.00000      0.00000      0.00000
      2.26955      0.00000      0.00000      0.00000
      2.27955      0.00000      0.00000      0.00000
      2.28955      0.00000      0.00000      0.00000
      2.29955      0.00000      0.00000      0.00000
      2.30955      0.00000      0.00000      0.00000
      2.31955      0.00000      0.00000      0.00000
      2.32955      0.00000      0.00000      0.00000
      2.33955      0.00000      0.00000      0.00000
      2.34955      0.00000      0.00000      0.00000
      2.35955      0.00000      0.00000      0.00000
      2.36955      0.00000      0.00000      0.00000
      2.37955      0.00000      0.00000      0.00000
      2.38955      0.00000      0.00000      0.00000
      2.39955      0.00000      0.00000      0.00000
      2.40955      0.00000      0.00000      0.00000
      2.41955      0.00000      0.00000      0.00000
      2.42955      0.00000      0.00000      0.00000
      2.43955      0.00000      0.00000      0.00000
      2.44955      0.00000      0.00000      0.00000
      2.45955      0.00000      0.00000      0.00000
      2.46955      0.00000      0.00000      0.00000
      2.47955      0.00000      0.00000      0.00000
      2.48955      0.00000      0.00000      0.00000
      2.49955      0.00000      0.00000      0.00000
      2.50955      0.00000      0.00000      0.00000
      2.51955      0.00000      0.00000      0.00000
      2.52955      0.00000      0.00000      0.00000
      2.53955      0.00000      0.00000      0.00000
      2.54955      0.00000      0.00000      0.00000
      2.55955      0.00000      0.00000      0.00000
      2.56955      0.00000      0.00000      0.00000
      2.57955      0.00000      0.00000      0.00000
      2.58955      0.00000      0.00000      0.00000
      2.59955      0.00000      0.00000      0.00000
      2.60955      0.00000      0.00000      0.00000
      2.61955      0.00000      0.00000      0.00000
      2.62955      0.00000      0.00000      0.00000
      2.63955      0.00000      0.00000      0.00000
      2.64955      0.00000      0.00000      0.00000
      2.65955      0.00000      0.00000      0.00000
      2.66955      0.00000      0.00000      0.00000
      2.67955     -0.00003     -0.00004      0.00000
      2.68955     -0.00096     -0.00138      0.00000
      2.69955     -0.01143     -0.01631      0.00000
      2.70955     -0.04585     -0.06547      0.00000
      2.71955     -0.05381     -0.07693      0.00000
      2.72955      0.00167      0.00219      0.00000
      2.73955      0.05645      0.08012      0.00000
      2.74955      0.14492      0.20520      0.00000
      2.75955      0.23752      0.33569      0.00000
      2.76955      0.19050      0.26901      0.00000
      2.77955      0.06376      0.09002      0.00000
      2.78955      0.01430      0.02011      0.00000
      2.79955      0.05379      0.07523      0.00000
      2.80955      0.18837      0.26312      0.00000
      2.81955      0.29539      0.41184      0.00000
      2.82955      0.26958      0.37480      0.00000
      2.83955      0.20655      0.28633      0.00000
      2.84955      0.13235      0.18302      0.00000
      2.85955      0.07612      0.10490      0.00000
      2.86955      0.10487      0.14389      0.00000
      2.87955      0.17949      0.24627      0.00000
      2.88955      0.15561      0.21365      0.00000
      2.89955      0.05885      0.08084      0.00000
      2.90955      0.01392      0.01907      0.00000
      2.91955      0.03107      0.04230      0.00000
      2.92955      0.07364      0.10022      0.00000
      2.93955      0.09912      0.13483      0.00000
      2.94955      0.14785      0.20074      0.00000
      2.95955      0.21868      0.29647      0.00000
      2.96955      0.23548      0.31930      0.00000
      2.97955      0.16743      0.22719      0.00000
      2.98955      0.08398      0.11370      0.00000
      2.99955      0.07335      0.09876      0.00000
      3.00955      0.06918      0.09304      0.00000
      3.01955      0.06589      0.08863      0.00000
      3.02955      0.08986      0.12086      0.00000
      3.03955      0.10075      0.13546      0.00000
      3.04955      0.10515      0.14111      0.00000
      3.05955      0.12254      0.16391      0.00000
      3.06955      0.12764      0.17050      0.00000
      3.07955      0.07304      0.09754      0.00000
      3.08955      0.02164      0.02884      0.00000
      3.09955      0.02502      0.03295      0.00000
      3.10955      0.06177      0.08127      0.00000
      3.11955      0.06058      0.07970      0.00000
      3.12955      0.02318      0.03051      0.00000
      3.13955      0.01870      0.02480      0.00000
      3.14955      0.08084      0.10730      0.00000
      3.15955      0.22163      0.29374      0.00000
      3.16955      0.40752      0.53934      0.00000
      3.17955      0.43997      0.58199      0.00000
      3.18955      0.25842      0.34167      0.00000
      3.19955      0.15084      0.19909      0.00000
      3.20955      0.10690      0.14098      0.00000
      3.21955      0.05096      0.06717      0.00000
      3.22955      0.04234      0.05559      0.00000
      3.23955      0.06863      0.09003      0.00000
      3.24955      0.04985      0.06539      0.00000
      3.25955      0.01343      0.01761      0.00000
      3.26955      0.00133      0.00175      0.00000
      3.27955      0.00021      0.00027      0.00000
      3.28955      0.00399      0.00515      0.00000
      3.29955      0.03933      0.05080      0.00000
      3.30955      0.16471      0.21308      0.00000
      3.31955      0.33097      0.42916      0.00000
      3.32955      0.39233      0.50993      0.00000
      3.33955      0.32487      0.42264      0.00000
      3.34955      0.20923      0.27200      0.00000
      3.35955      0.13795      0.17915      0.00000
      3.36955      0.09788      0.12704      0.00000
      3.37955      0.08670      0.11238      0.00000
      3.38955      0.14218      0.18395      0.00000
      3.39955      0.19451      0.25054      0.00000
      3.40955      0.26713      0.34197      0.00000
      3.41955      0.25908      0.33107      0.00000
      3.42955      0.10824      0.13829      0.00000
      3.43955      0.01812      0.02315      0.00000
      3.44955      0.01390      0.01790      0.00000
      3.45955      0.09407      0.12118      0.00000
      3.46955      0.27242      0.35089      0.00000
      3.47955      0.32443      0.41772      0.00000
      3.48955      0.20820      0.26741      0.00000
      3.49955      0.16191      0.20703      0.00000
      3.50955      0.12170      0.15538      0.00000
      3.51955      0.10180      0.12973      0.00000
      3.52955      0.13824      0.17592      0.00000
      3.53955      0.09961      0.12669      0.00000
      3.54955      0.04839      0.06158      0.00000
      3.55955      0.08482      0.10788      0.00000
      3.56955      0.15400      0.19517      0.00000
      3.57955      0.17469      0.22080      0.00000
      3.58955      0.18181      0.23025      0.00000
      3.59955      0.25454      0.32346      0.00000
      3.60955      0.24476      0.31149      0.00000
      3.61955      0.18350      0.23359      0.00000
      3.62955      0.28026      0.35627      0.00000
      3.63955      0.32416      0.41145      0.00000
      3.64955      0.19811      0.25087      0.00000
      3.65955      0.10174      0.12850      0.00000
      3.66955      0.04334      0.05468      0.00000
      3.67955      0.01042      0.01288      0.00008
      3.68955      0.02387      0.02604      0.00124
      3.69955      0.12597      0.13556      0.00707
      3.70955      0.27609      0.29684      0.01559
      3.71955      0.30039      0.32313      0.01698
      3.72955      0.25770      0.27012      0.01669
      3.73955      0.17394      0.17515      0.01337
      3.74955      0.11699      0.12078      0.00817
      3.75955      0.27734      0.30827      0.01301
      3.76955      0.49062      0.55772      0.01932
      3.77955      0.48411      0.53922      0.02246
      3.78955      0.40207      0.41710      0.02802
      3.79955      0.31927      0.32295      0.02475
      3.80955      0.32966      0.36031      0.01735
      3.81955      0.40612      0.45601      0.01795
      3.82955      0.27885      0.30906      0.01378
      3.83955      0.14791      0.15187      0.01123
      3.84955      0.29558      0.29163      0.02622
      3.85955      0.47453      0.49541      0.03340
      3.86955      0.38170      0.42779      0.01766
      3.87955      0.26859      0.30247      0.01233
      3.88955      0.31782      0.33767      0.02140
      3.89955      0.30022      0.31588      0.02131
      3.90955      0.20299      0.22453      0.01080
      3.91955      0.21788      0.26558      0.00325
      3.92955      0.31397      0.37586      0.00650
      3.93955      0.49058      0.53356      0.02807
      3.94955      0.67862      0.68159      0.05852
      3.95955      0.67271      0.66376      0.06271
      3.96955      0.48106      0.48299      0.04253
      3.97955      0.30838      0.30721      0.02853
      3.98955      0.25144      0.24906      0.02416
      3.99955      0.29150      0.30830      0.02158
      4.00955      0.29471      0.33222      0.01474
      4.01955      0.36987      0.41738      0.01811
      4.02955      0.37869      0.42240      0.02013
      4.03955      0.23879      0.25696      0.01601
      4.04955      0.28878      0.26954      0.03422
      4.05955      0.48805      0.45583      0.05789
      4.06955      0.47043      0.45892      0.04898
      4.07955      0.26233      0.25595      0.02750
      4.08955      0.17020      0.15080      0.02387
      4.09955      0.21819      0.18679      0.03333
      4.10955      0.19982      0.19281      0.02253
      4.11955      0.26685      0.32169      0.00615
      4.12955      0.43038      0.53140      0.00498
      4.13955      0.46838      0.54896      0.01669
      4.14955      0.39461      0.44051      0.02318
      4.15955      0.26473      0.29510      0.01615
      4.16955      0.32015      0.29936      0.04024
      4.17955      0.84016      0.72549      0.12716
      4.18955      1.19083      1.04839      0.17333
      4.19955      0.80701      0.73318      0.11047
      4.20955      0.37199      0.33392      0.05417
      4.21955      0.21153      0.17769      0.03644
      4.22955      0.12159      0.09960      0.02214
      4.23955      0.07819      0.06380      0.01452
      4.24955      0.10868      0.09140      0.01920
      4.25955      0.22172      0.19948      0.03384
      4.26955      0.44755      0.41956      0.06119
      4.27955      0.57411      0.56572      0.06643
      4.28955      0.49976      0.52565      0.04289
      4.29955      0.46370      0.48942      0.03836
      4.30955      0.65728      0.66738      0.06783
      4.31955      1.04678      1.04220      0.11975
      4.32955      1.15945      1.15216      0.13417
      4.33955      0.94144      0.91547      0.11809
      4.34955      0.71947      0.64224      0.11766
      4.35955      0.86562      0.68887      0.18518
      4.36955      1.29209      0.99550      0.29758
      4.37955      1.26692      0.97938      0.29138
      4.38955      0.96119      0.77571      0.20536
      4.39955      0.90514      0.76901      0.17498
      4.40955      0.87466      0.72961      0.17399
      4.41955      1.08551      0.86130      0.23749
      4.42955      1.17537      0.95599      0.24695
      4.43955      0.81144      0.74517      0.12927
      4.44955      0.67162      0.69210      0.07036
      4.45955      0.81222      0.79180      0.10763
      4.46955      0.91452      0.82347      0.15388
      4.47955      0.82777      0.70858      0.15362
      4.48955      0.73742      0.61321      0.14034
      4.49955      0.79947      0.68663      0.14203
      4.50955      0.86773      0.75394      0.15570
      4.51955      0.85656      0.69503      0.18442
      4.52955      0.74554      0.56932      0.18123
      4.53955      0.42310      0.32889      0.09974
      4.54955      0.34175      0.30828      0.05762
      4.55955      0.46038      0.43393      0.06795
      4.56955      0.39365      0.35737      0.06479
      4.57955      0.31327      0.28109      0.05433
      4.58955      0.56752      0.52102      0.09473
      4.59955      0.89021      0.83229      0.14128
      4.60955      0.82696      0.83792      0.09932
      4.61955      0.69727      0.76084      0.05552
      4.62955      0.67792      0.72111      0.06164
      4.63955      0.56863      0.58138      0.06422
      4.64955      0.52365      0.48280      0.08477
      4.65955      0.66695      0.54570      0.14182
      4.66955      0.98271      0.81597      0.20725
      4.67955      0.98375      0.88536      0.17746
      4.68955      0.58984      0.56506      0.08920
      4.69955      0.39211      0.34683      0.06950
      4.70955      0.38205      0.33805      0.06761
      4.71955      0.40716      0.41254      0.04959
      4.72955      0.44169      0.48070      0.03810
      4.73955      0.48953      0.51267      0.05066
      4.74955      0.58666      0.55777      0.08832
      4.75955      0.59607      0.52883      0.11046
      4.76955      0.52425      0.45611      0.10300
      4.77955      0.44719      0.42330      0.07105
      4.78955      0.36981      0.36879      0.04827
      4.79955      0.33549      0.34180      0.04050
      4.80955      0.32753      0.31703      0.04762
      4.81955      0.31970      0.27687      0.06025
      4.82955      0.43048      0.37537      0.08115
      4.83955      0.70309      0.61282      0.13531
      4.84955      1.02546      0.82832      0.22796
      4.85955      1.03432      0.80188      0.24652
      4.86955      0.79878      0.69050      0.15495
      4.87955      0.79856      0.85669      0.07467
      4.88955      0.77744      0.92672      0.03137
      4.89955      0.58774      0.73664      0.00938
      4.90955      0.39834      0.47858      0.01681
      4.91955      0.34090      0.32709      0.05185
      4.92955      0.38227      0.35224      0.06499
      4.93955      0.32835      0.33063      0.04336
      4.94955      0.39238      0.37332      0.06215
      4.95955      0.57628      0.51516      0.10825
      4.96955      0.54222      0.47019      0.11005
      4.97955      0.45719      0.43009      0.07761
      4.98955      0.48111      0.51395      0.05338
      4.99955      0.38362      0.40972      0.04180
      5.00955      0.23758      0.23133      0.03525
      5.01955      0.31710      0.31238      0.04452
      5.02955      0.51181      0.54082      0.05502
      5.03955      0.61829      0.65430      0.06709
      5.04955      0.54718      0.53965      0.07872
      5.05955      0.65741      0.60412      0.11708
      5.06955      0.99012      0.89265      0.18678
      5.07955      0.93628      0.79834      0.19834
      5.08955      0.46427      0.38254      0.10425
      5.09955      0.21144      0.21356      0.02951
      5.10955      0.28382      0.30073      0.03280
      5.11955      0.38997      0.38152      0.05884
      5.12955      0.38635      0.38214      0.05649
      5.13955      0.27448      0.26295      0.04377
      5.14955      0.18891      0.16167      0.03841
      5.15955      0.18903      0.18024      0.03114
      5.16955      0.36353      0.36676      0.05186
      5.17955      0.48460      0.46626      0.07878
      5.18955      0.45131      0.40052      0.08900
      5.19955      0.55660      0.50697      0.10285
      5.20955      0.71895      0.74187      0.08895
      5.21955      0.70591      0.78352      0.05944
      5.22955      0.58040      0.66060      0.04130
      5.23955      0.50597      0.59311      0.03024
      5.24955      0.55202      0.61952      0.04785
      5.25955      0.61571      0.66492      0.06632
      5.26955      0.54045      0.58717      0.05709
      5.27955      0.57314      0.58086      0.07901
      5.28955      0.75549      0.68778      0.13782
      5.29955      0.81352      0.67586      0.17780
      5.30955      0.74451      0.59597      0.17713
      5.31955      0.74582      0.61969      0.17254
      5.32955      0.57032      0.48826      0.12682
      5.33955      0.27442      0.27137      0.04461
      5.34955      0.16644      0.20998      0.00636
      5.35955      0.10780      0.14243      0.00065
      5.36955      0.14399      0.17829      0.00432
      5.37955      0.35279      0.40707      0.02446
      5.38955      0.62918      0.69799      0.05912
      5.39955      0.73679      0.82052      0.06959
      5.40955      0.58517      0.65046      0.05572
      5.41955      0.36333      0.38608      0.04230
      5.42955      0.20768      0.19711      0.03568
      5.43955      0.29776      0.27147      0.05826
      5.44955      0.53996      0.50717      0.09902
      5.45955      0.59465      0.53169      0.12032
      5.46955      0.38362      0.31283      0.08976
      5.47955      0.21055      0.15968      0.05324
      5.48955      0.18598      0.13921      0.04708
      5.49955      0.22204      0.17017      0.05523
      5.50955      0.27751      0.23966      0.05820
      5.51955      0.30370      0.30368      0.04537
      5.52955      0.26371      0.25949      0.04144
      5.53955      0.29719      0.23903      0.07079
      5.54955      0.33689      0.28003      0.07631
      5.55955      0.52288      0.56086      0.06215
      5.56955      1.08362      1.27117      0.07805
      5.57955      1.61180      1.87726      0.12014
      5.58955      1.50989      1.67410      0.15183
      5.59955      0.89641      0.92962      0.12051
      5.60955      0.51642      0.49854      0.08582
      5.61955      0.33734      0.30213      0.06652
      5.62955      0.23616      0.22566      0.04023
      5.63955      0.28616      0.29226      0.03999
      5.64955      0.28056      0.26147      0.05016
      5.65955      0.20687      0.16645      0.04837
      5.66955      0.13424      0.10470      0.03281
      5.67955      0.12929      0.11697      0.02510
      5.68955      0.26213      0.23896      0.05057
      5.69955      0.40624      0.38293      0.07193
      5.70955      0.55022      0.56190      0.07784
      5.71955      0.68780      0.66173      0.11737
      5.72955      0.73500      0.65204      0.15093
      5.73955      0.61824      0.56476      0.11815
      5.74955      0.44310      0.45475      0.06005
      5.75955      0.37341      0.43713      0.02536
      5.76955      0.46351      0.54243      0.03180
      5.77955      0.48471      0.54399      0.04389
      5.78955      0.30643      0.31244      0.04224
      5.79955      0.22818      0.18572      0.05354
      5.80955      0.32292      0.26835      0.07419
      5.81955      0.55198      0.54547      0.08641
      5.82955      0.70582      0.79199      0.06590
      5.83955      0.63768      0.72201      0.05700
      5.84955      0.52407      0.54967      0.06789
      5.85955      0.60866      0.59460      0.10103
      5.86955      0.68167      0.61626      0.13914
      5.87955      0.55621      0.50619      0.11242
      5.88955      0.35608      0.36933      0.04869
      5.89955      0.30925      0.30789      0.04620
      5.90955      0.41210      0.37797      0.07719
      5.91955      0.38317      0.38118      0.05836
      5.92955      0.36463      0.40253      0.03665
      5.93955      0.51989      0.59181      0.04282
      5.94955      0.58829      0.69960      0.03269
      5.95955      0.71878      0.87498      0.03061
      5.96955      0.90035      1.08741      0.04430
      5.97955      0.75074      0.85682      0.06178
      5.98955      0.55190      0.49629      0.11054
      5.99955      0.41025      0.30340      0.11449
      6.00955      0.25480      0.18458      0.07374
      6.01955      0.31646      0.27510      0.06821
      6.02955      0.50390      0.54918      0.04953
      6.03955      0.61831      0.73484      0.02748
      6.04955      0.59137      0.65063      0.05231
      6.05955      0.51652      0.50487      0.07852
      6.06955      0.33798      0.33479      0.04823
      6.07955      0.24336      0.27715      0.01647
      6.08955      0.30034      0.33834      0.02544
      6.09955      0.35962      0.37638      0.04709
      6.10955      0.34541      0.34269      0.05377
      6.11955      0.45639      0.44609      0.06962
      6.12955      0.63870      0.66049      0.07567
      6.13955      0.58886      0.61486      0.06784
      6.14955      0.57222      0.54181      0.10085
      6.15955      0.79854      0.67655      0.18476
      6.16955      0.97601      0.82233      0.22820
      6.17955      0.80721      0.73516      0.16059
      6.18955      0.56246      0.55004      0.08982
      6.19955      0.56279      0.57536      0.06767
      6.20955      0.69500      0.75266      0.05427
      6.21955      0.61803      0.70958      0.02718
      6.22955      0.39319      0.47175      0.00608
      6.23955      0.20078      0.23751      0.00264
      6.24955      0.19987      0.21543      0.01698
      6.25955      0.42562      0.43577      0.05496
      6.26955      0.50664      0.49801      0.07723
      6.27955      0.33705      0.32539      0.04937
      6.28955      0.29127      0.30803      0.02247
      6.29955      0.51829      0.57167      0.03911
      6.30955      0.80541      0.87188      0.07641
      6.31955      0.75206      0.75402      0.10495
      6.32955      0.54335      0.51159      0.09764
      6.33955      0.40865      0.40069      0.06721
      6.34955      0.42131      0.46219      0.03850
      6.35955      0.72732      0.83853      0.03268
      6.36955      0.99198      1.13780      0.04729
      6.37955      0.76749      0.85779      0.04958
      6.38955      0.49105      0.50076      0.05122
      6.39955      0.40188      0.40109      0.04487
      6.40955      0.49885      0.51227      0.05690
      6.41955      0.61873      0.62136      0.07915
      6.42955      0.62578      0.62815      0.07043
      6.43955      0.64986      0.62975      0.08331
      6.44955      0.63636      0.53679      0.13317
      6.45955      0.61001      0.46777      0.15608
      6.46955      0.57615      0.44814      0.14059
      6.47955      0.37694      0.31049      0.08009
      6.48955      0.33911      0.35748      0.02308
      6.49955      0.65957      0.74339      0.01604
      6.50955      0.78375      0.83480      0.04481
      6.51955      0.51849      0.48571      0.06842
      6.52955      0.28977      0.23568      0.06098
      6.53955      0.29444      0.26331      0.04271
      6.54955      0.51248      0.50957      0.04730
      6.55955      0.65099      0.70476      0.04254
      6.56955      0.55198      0.63390      0.02845
      6.57955      0.56181      0.59364      0.05909
      6.58955      0.73456      0.73609      0.08946
      6.59955      0.75735      0.77533      0.06099
      6.60955      0.73181      0.71403      0.05783
      6.61955      0.78048      0.69780      0.11158
      6.62955      0.78967      0.68990      0.14263
      6.63955      0.51653      0.45173      0.09636
      6.64955      0.27580      0.24172      0.04510
      6.65955      0.38595      0.34938      0.05301
      6.66955      0.65258      0.61485      0.08363
      6.67955      0.84077      0.80387      0.10837
      6.68955      0.72299      0.68871      0.09414
      6.69955      0.46189      0.44535      0.05210
      6.70955      0.42269      0.42098      0.04790
      6.71955      0.70079      0.65907      0.10476
      6.72955      0.94681      0.85224      0.15071
      6.73955      0.87440      0.77267      0.13889
      6.74955      0.85563      0.79562      0.11578
      6.75955      1.00703      0.97451      0.12151
      6.76955      1.08605      1.02568      0.14917
      6.77955      1.14645      1.10611      0.14529
      6.78955      1.01779      1.03414      0.10105
      6.79955      0.76514      0.79996      0.06673
      6.80955      0.57213      0.57662      0.05866
      6.81955      0.56285      0.50551      0.07913
      6.82955      0.78979      0.67903      0.12436
      6.83955      1.03883      0.91738      0.16407
      6.84955      1.05540      0.96385      0.16434
      6.85955      0.80318      0.74151      0.11632
      6.86955      0.50797      0.46690      0.06245
      6.87955      0.43004      0.39973      0.04724
      6.88955      0.47778      0.44187      0.05538
      6.89955      0.51287      0.43676      0.08551
      6.90955      0.69576      0.53881      0.15934
      6.91955      0.80624      0.61315      0.20108
      6.92955      0.73300      0.60844      0.15978
      6.93955      0.69350      0.67076      0.09309
      6.94955      0.71094      0.71768      0.06100
      6.95955      0.73084      0.68528      0.07733
      6.96955      0.75337      0.66724      0.10327
      6.97955      0.71949      0.66027      0.09750
      6.98955      0.59563      0.58925      0.06849
      6.99955      0.54939      0.57071      0.05869
      7.00955      0.58902      0.62390      0.06083
      7.01955      0.64977      0.65738      0.07718
      7.02955      0.52745      0.51180      0.06568
      7.03955      0.30348      0.26792      0.05211
      7.04955      0.30149      0.21891      0.08532
      7.05955      0.50735      0.37531      0.13514
      7.06955      0.78175      0.63253      0.16745
      7.07955      0.94381      0.81413      0.17435
      7.08955      0.86109      0.74312      0.16064
      7.09955      0.68597      0.56577      0.13937
      7.10955      0.62230      0.51397      0.12769
      7.11955      0.54297      0.48140      0.09368
      7.12955      0.39321      0.37417      0.05860
      7.13955      0.41257      0.38999      0.06858
      7.14955      0.47183      0.41698      0.08489
      7.15955      0.45454      0.40008      0.07074
      7.16955      0.44236      0.42858      0.04722
      7.17955      0.52485      0.52633      0.06120
      7.18955      0.53093      0.51472      0.08089
      7.19955      0.51605      0.46648      0.09115
      7.20955      0.67595      0.62870      0.09446
      7.21955      0.84804      0.83620      0.08756
      7.22955      0.87787      0.87573      0.08606
      7.23955      0.89623      0.90516      0.08256
      7.24955      0.77955      0.80246      0.07521
      7.25955      0.58753      0.55653      0.09946
      7.26955      0.39195      0.31041      0.10485
      7.27955      0.16954      0.11920      0.05369
      7.28955      0.11751      0.08210      0.03559
      7.29955      0.30659      0.22312      0.08343
      7.30955      0.48983      0.37308      0.11906
      7.31955      0.48428      0.41896      0.08784
      7.32955      0.46903      0.49354      0.04053
      7.33955      0.51758      0.55112      0.04314
      7.34955      0.61862      0.59041      0.08418
      7.35955      0.75093      0.67747      0.11790
      7.36955      0.81452      0.70214      0.14486
      7.37955      0.87127      0.71321      0.17946
      7.38955      0.84347      0.67775      0.18197
      7.39955      0.75490      0.66633      0.11274
      7.40955      0.67750      0.65097      0.06118
      7.41955      0.61931      0.61201      0.06172
      7.42955      0.73844      0.74915      0.08087
      7.43955      0.73657      0.72977      0.08664
      7.44955      0.52613      0.50159      0.06347
      7.45955      0.43808      0.41180      0.05337
      7.46955      0.57816      0.56116      0.06428
      7.47955      0.83891      0.84588      0.08141
      7.48955      0.93582      0.94266      0.09246
      7.49955      0.76537      0.76866      0.07530
      7.50955      0.65099      0.64852      0.07227
      7.51955      0.68172      0.65342      0.09013
      7.52955      0.68455      0.60847      0.11330
      7.53955      0.46030      0.37915      0.09471
      7.54955      0.43386      0.36367      0.07946
      7.55955      0.67683      0.60102      0.09372
      7.56955      0.79393      0.73780      0.08952
      7.57955      0.82936      0.81106      0.07725
      7.58955      0.80799      0.77797      0.09358
      7.59955      0.80649      0.69166      0.15188
      7.60955      0.77141      0.61286      0.17478
      7.61955      0.72515      0.59840      0.14413
      7.62955      0.78730      0.71215      0.11730
      7.63955      0.82096      0.79747      0.10056
      7.64955      0.79673      0.75561      0.11279
      7.65955      0.78117      0.65431      0.15897
      7.66955      0.71795      0.56333      0.16621
      7.67955      0.66680      0.55252      0.13950
      7.68955      0.71965      0.69999      0.08747
      7.69955      0.74773      0.81859      0.02763
      7.70955      0.62280      0.71333      0.00366
      7.71955      0.45936      0.53994      0.00021
