cpu-bind=MASK - n2lcn0138, task  0  0 [3568568]: mask |BBBBBBBB|BBBBBBBB||BBBBBBBB|BBBBBBBB||BBBBBBBB|BBBBBBBB||BBBBBBBB|BBBBBBBB||||BBBBBBBB|BBBBBBBB||BBBBBBBB|BBBBBBBB||BBBBBBBB|BBBBBBBB||BBBBBBBB|BBBBBBBB|  set
The following modules were not unloaded:
  (Use "module --force purge" to unload all):

  1) pc2fs   2) slurm/24.11.5-1   3) DefaultModules
cpu-bind=MASK - n2lcn0139, task 64  0 [1598375]: mask |BB------|--------||--------|--------||--------|--------||--------|--------||||--------|--------||--------|--------||--------|--------||--------|--------|  set
cpu-bind=MASK - n2lcn0139, task 65  1 [1598376]: mask |--BB----|--------||--------|--------||--------|--------||--------|--------||||--------|--------||--------|--------||--------|--------||--------|--------|  set
cpu-bind=MASK - n2lcn0138, task  0  0 [3569039]: mask |BB------|--------||--------|--------||--------|--------||--------|--------||||--------|--------||--------|--------||--------|--------||--------|--------|  set
cpu-bind=MASK - n2lcn0139, task 66  2 [1598377]: mask |----BB--|--------||--------|--------||--------|--------||--------|--------||||--------|--------||--------|--------||--------|--------||--------|--------|  set
cpu-bind=MASK - n2lcn0138, task  1  1 [3569040]: mask |--BB----|--------||--------|--------||--------|--------||--------|--------||||--------|--------||--------|--------||--------|--------||--------|--------|  set
cpu-bind=MASK - n2lcn0139, task 67  3 [1598378]: mask |------BB|--------||--------|--------||--------|--------||--------|--------||||--------|--------||--------|--------||--------|--------||--------|--------|  set
cpu-bind=MASK - n2lcn0139, task 68  4 [1598379]: mask |--------|BB------||--------|--------||--------|--------||--------|--------||||--------|--------||--------|--------||--------|--------||--------|--------|  set
cpu-bind=MASK - n2lcn0138, task  2  2 [3569041]: mask |----BB--|--------||--------|--------||--------|--------||--------|--------||||--------|--------||--------|--------||--------|--------||--------|--------|  set
cpu-bind=MASK - n2lcn0139, task 69  5 [1598380]: mask |--------|--BB----||--------|--------||--------|--------||--------|--------||||--------|--------||--------|--------||--------|--------||--------|--------|  set
cpu-bind=MASK - n2lcn0147, task 192  0 [1048587]: mask |BB------|--------||--------|--------||--------|--------||--------|--------||||--------|--------||--------|--------||--------|--------||--------|--------|  set
cpu-bind=MASK - n2lcn0138, task  3  3 [3569042]: mask |------BB|--------||--------|--------||--------|--------||--------|--------||||--------|--------||--------|--------||--------|--------||--------|--------|  set
cpu-bind=MASK - n2lcn0139, task 70  6 [1598381]: mask |--------|----BB--||--------|--------||--------|--------||--------|--------||||--------|--------||--------|--------||--------|--------||--------|--------|  set
cpu-bind=MASK - n2lcn0138, task  4  4 [3569043]: mask |--------|BB------||--------|--------||--------|--------||--------|--------||||--------|--------||--------|--------||--------|--------||--------|--------|  set
cpu-bind=MASK - n2lcn0147, task 193  1 [1048588]: mask |--BB----|--------||--------|--------||--------|--------||--------|--------||||--------|--------||--------|--------||--------|--------||--------|--------|  set
cpu-bind=MASK - n2lcn0140, task 128  0 [2774309]: mask |BB------|--------||--------|--------||--------|--------||--------|--------||||--------|--------||--------|--------||--------|--------||--------|--------|  set
cpu-bind=MASK - n2lcn0139, task 71  7 [1598382]: mask |--------|------BB||--------|--------||--------|--------||--------|--------||||--------|--------||--------|--------||--------|--------||--------|--------|  set
cpu-bind=MASK - n2lcn0138, task  5  5 [3569044]: mask |--------|--BB----||--------|--------||--------|--------||--------|--------||||--------|--------||--------|--------||--------|--------||--------|--------|  set
cpu-bind=MASK - n2lcn0140, task 129  1 [2774310]: mask |--BB----|--------||--------|--------||--------|--------||--------|--------||||--------|--------||--------|--------||--------|--------||--------|--------|  set
cpu-bind=MASK - n2lcn0147, task 194  2 [1048589]: mask |----BB--|--------||--------|--------||--------|--------||--------|--------||||--------|--------||--------|--------||--------|--------||--------|--------|  set
cpu-bind=MASK - n2lcn0139, task 72  8 [1598383]: mask |--------|--------||BB------|--------||--------|--------||--------|--------||||--------|--------||--------|--------||--------|--------||--------|--------|  set
cpu-bind=MASK - n2lcn0138, task  6  6 [3569045]: mask |--------|----BB--||--------|--------||--------|--------||--------|--------||||--------|--------||--------|--------||--------|--------||--------|--------|  set
cpu-bind=MASK - n2lcn0140, task 130  2 [2774311]: mask |----BB--|--------||--------|--------||--------|--------||--------|--------||||--------|--------||--------|--------||--------|--------||--------|--------|  set
cpu-bind=MASK - n2lcn0147, task 195  3 [1048590]: mask |------BB|--------||--------|--------||--------|--------||--------|--------||||--------|--------||--------|--------||--------|--------||--------|--------|  set
cpu-bind=MASK - n2lcn0139, task 73  9 [1598384]: mask |--------|--------||--BB----|--------||--------|--------||--------|--------||||--------|--------||--------|--------||--------|--------||--------|--------|  set
cpu-bind=MASK - n2lcn0138, task  7  7 [3569046]: mask |--------|------BB||--------|--------||--------|--------||--------|--------||||--------|--------||--------|--------||--------|--------||--------|--------|  set
cpu-bind=MASK - n2lcn0140, task 131  3 [2774312]: mask |------BB|--------||--------|--------||--------|--------||--------|--------||||--------|--------||--------|--------||--------|--------||--------|--------|  set
cpu-bind=MASK - n2lcn0147, task 196  4 [1048591]: mask |--------|BB------||--------|--------||--------|--------||--------|--------||||--------|--------||--------|--------||--------|--------||--------|--------|  set
cpu-bind=MASK - n2lcn0139, task 74 10 [1598385]: mask |--------|--------||----BB--|--------||--------|--------||--------|--------||||--------|--------||--------|--------||--------|--------||--------|--------|  set
cpu-bind=MASK - n2lcn0138, task  8  8 [3569047]: mask |--------|--------||BB------|--------||--------|--------||--------|--------||||--------|--------||--------|--------||--------|--------||--------|--------|  set
cpu-bind=MASK - n2lcn0140, task 132  4 [2774313]: mask |--------|BB------||--------|--------||--------|--------||--------|--------||||--------|--------||--------|--------||--------|--------||--------|--------|  set
cpu-bind=MASK - n2lcn0147, task 197  5 [1048592]: mask |--------|--BB----||--------|--------||--------|--------||--------|--------||||--------|--------||--------|--------||--------|--------||--------|--------|  set
cpu-bind=MASK - n2lcn0139, task 75 11 [1598386]: mask |--------|--------||------BB|--------||--------|--------||--------|--------||||--------|--------||--------|--------||--------|--------||--------|--------|  set
cpu-bind=MASK - n2lcn0138, task  9  9 [3569048]: mask |--------|--------||--BB----|--------||--------|--------||--------|--------||||--------|--------||--------|--------||--------|--------||--------|--------|  set
cpu-bind=MASK - n2lcn0140, task 133  5 [2774314]: mask |--------|--BB----||--------|--------||--------|--------||--------|--------||||--------|--------||--------|--------||--------|--------||--------|--------|  set
cpu-bind=MASK - n2lcn0147, task 198  6 [1048593]: mask |--------|----BB--||--------|--------||--------|--------||--------|--------||||--------|--------||--------|--------||--------|--------||--------|--------|  set
cpu-bind=MASK - n2lcn0139, task 76 12 [1598387]: mask |--------|--------||--------|BB------||--------|--------||--------|--------||||--------|--------||--------|--------||--------|--------||--------|--------|  set
cpu-bind=MASK - n2lcn0138, task 10 10 [3569049]: mask |--------|--------||----BB--|--------||--------|--------||--------|--------||||--------|--------||--------|--------||--------|--------||--------|--------|  set
cpu-bind=MASK - n2lcn0140, task 134  6 [2774315]: mask |--------|----BB--||--------|--------||--------|--------||--------|--------||||--------|--------||--------|--------||--------|--------||--------|--------|  set
cpu-bind=MASK - n2lcn0147, task 199  7 [1048594]: mask |--------|------BB||--------|--------||--------|--------||--------|--------||||--------|--------||--------|--------||--------|--------||--------|--------|  set
cpu-bind=MASK - n2lcn0139, task 77 13 [1598388]: mask |--------|--------||--------|--BB----||--------|--------||--------|--------||||--------|--------||--------|--------||--------|--------||--------|--------|  set
cpu-bind=MASK - n2lcn0140, task 135  7 [2774316]: mask |--------|------BB||--------|--------||--------|--------||--------|--------||||--------|--------||--------|--------||--------|--------||--------|--------|  set
cpu-bind=MASK - n2lcn0138, task 11 11 [3569050]: mask |--------|--------||------BB|--------||--------|--------||--------|--------||||--------|--------||--------|--------||--------|--------||--------|--------|  set
cpu-bind=MASK - n2lcn0147, task 200  8 [1048595]: mask |--------|--------||BB------|--------||--------|--------||--------|--------||||--------|--------||--------|--------||--------|--------||--------|--------|  set
cpu-bind=MASK - n2lcn0139, task 78 14 [1598389]: mask |--------|--------||--------|----BB--||--------|--------||--------|--------||||--------|--------||--------|--------||--------|--------||--------|--------|  set
cpu-bind=MASK - n2lcn0140, task 136  8 [2774317]: mask |--------|--------||BB------|--------||--------|--------||--------|--------||||--------|--------||--------|--------||--------|--------||--------|--------|  set
cpu-bind=MASK - n2lcn0138, task 12 12 [3569051]: mask |--------|--------||--------|BB------||--------|--------||--------|--------||||--------|--------||--------|--------||--------|--------||--------|--------|  set
cpu-bind=MASK - n2lcn0147, task 201  9 [1048596]: mask |--------|--------||--BB----|--------||--------|--------||--------|--------||||--------|--------||--------|--------||--------|--------||--------|--------|  set
cpu-bind=MASK - n2lcn0139, task 79 15 [1598390]: mask |--------|--------||--------|------BB||--------|--------||--------|--------||||--------|--------||--------|--------||--------|--------||--------|--------|  set
cpu-bind=MASK - n2lcn0140, task 137  9 [2774318]: mask |--------|--------||--BB----|--------||--------|--------||--------|--------||||--------|--------||--------|--------||--------|--------||--------|--------|  set
cpu-bind=MASK - n2lcn0147, task 202 10 [1048597]: mask |--------|--------||----BB--|--------||--------|--------||--------|--------||||--------|--------||--------|--------||--------|--------||--------|--------|  set
cpu-bind=MASK - n2lcn0138, task 13 13 [3569052]: mask |--------|--------||--------|--BB----||--------|--------||--------|--------||||--------|--------||--------|--------||--------|--------||--------|--------|  set
cpu-bind=MASK - n2lcn0139, task 80 16 [1598391]: mask |--------|--------||--------|--------||BB------|--------||--------|--------||||--------|--------||--------|--------||--------|--------||--------|--------|  set
cpu-bind=MASK - n2lcn0140, task 138 10 [2774319]: mask |--------|--------||----BB--|--------||--------|--------||--------|--------||||--------|--------||--------|--------||--------|--------||--------|--------|  set
cpu-bind=MASK - n2lcn0147, task 203 11 [1048598]: mask |--------|--------||------BB|--------||--------|--------||--------|--------||||--------|--------||--------|--------||--------|--------||--------|--------|  set
cpu-bind=MASK - n2lcn0138, task 14 14 [3569053]: mask |--------|--------||--------|----BB--||--------|--------||--------|--------||||--------|--------||--------|--------||--------|--------||--------|--------|  set
cpu-bind=MASK - n2lcn0139, task 81 17 [1598392]: mask |--------|--------||--------|--------||--BB----|--------||--------|--------||||--------|--------||--------|--------||--------|--------||--------|--------|  set
cpu-bind=MASK - n2lcn0140, task 139 11 [2774320]: mask |--------|--------||------BB|--------||--------|--------||--------|--------||||--------|--------||--------|--------||--------|--------||--------|--------|  set
cpu-bind=MASK - n2lcn0147, task 204 12 [1048599]: mask |--------|--------||--------|BB------||--------|--------||--------|--------||||--------|--------||--------|--------||--------|--------||--------|--------|  set
cpu-bind=MASK - n2lcn0138, task 15 15 [3569054]: mask |--------|--------||--------|------BB||--------|--------||--------|--------||||--------|--------||--------|--------||--------|--------||--------|--------|  set
cpu-bind=MASK - n2lcn0140, task 140 12 [2774321]: mask |--------|--------||--------|BB------||--------|--------||--------|--------||||--------|--------||--------|--------||--------|--------||--------|--------|  set
cpu-bind=MASK - n2lcn0139, task 82 18 [1598393]: mask |--------|--------||--------|--------||----BB--|--------||--------|--------||||--------|--------||--------|--------||--------|--------||--------|--------|  set
cpu-bind=MASK - n2lcn0147, task 205 13 [1048600]: mask |--------|--------||--------|--BB----||--------|--------||--------|--------||||--------|--------||--------|--------||--------|--------||--------|--------|  set
cpu-bind=MASK - n2lcn0138, task 16 16 [3569055]: mask |--------|--------||--------|--------||BB------|--------||--------|--------||||--------|--------||--------|--------||--------|--------||--------|--------|  set
cpu-bind=MASK - n2lcn0140, task 141 13 [2774322]: mask |--------|--------||--------|--BB----||--------|--------||--------|--------||||--------|--------||--------|--------||--------|--------||--------|--------|  set
cpu-bind=MASK - n2lcn0139, task 83 19 [1598394]: mask |--------|--------||--------|--------||------BB|--------||--------|--------||||--------|--------||--------|--------||--------|--------||--------|--------|  set
cpu-bind=MASK - n2lcn0138, task 17 17 [3569056]: mask |--------|--------||--------|--------||--BB----|--------||--------|--------||||--------|--------||--------|--------||--------|--------||--------|--------|  set
cpu-bind=MASK - n2lcn0147, task 206 14 [1048601]: mask |--------|--------||--------|----BB--||--------|--------||--------|--------||||--------|--------||--------|--------||--------|--------||--------|--------|  set
cpu-bind=MASK - n2lcn0140, task 142 14 [2774323]: mask |--------|--------||--------|----BB--||--------|--------||--------|--------||||--------|--------||--------|--------||--------|--------||--------|--------|  set
cpu-bind=MASK - n2lcn0139, task 84 20 [1598395]: mask |--------|--------||--------|--------||--------|BB------||--------|--------||||--------|--------||--------|--------||--------|--------||--------|--------|  set
cpu-bind=MASK - n2lcn0138, task 18 18 [3569057]: mask |--------|--------||--------|--------||----BB--|--------||--------|--------||||--------|--------||--------|--------||--------|--------||--------|--------|  set
cpu-bind=MASK - n2lcn0147, task 207 15 [1048602]: mask |--------|--------||--------|------BB||--------|--------||--------|--------||||--------|--------||--------|--------||--------|--------||--------|--------|  set
cpu-bind=MASK - n2lcn0140, task 143 15 [2774324]: mask |--------|--------||--------|------BB||--------|--------||--------|--------||||--------|--------||--------|--------||--------|--------||--------|--------|  set
cpu-bind=MASK - n2lcn0139, task 85 21 [1598396]: mask |--------|--------||--------|--------||--------|--BB----||--------|--------||||--------|--------||--------|--------||--------|--------||--------|--------|  set
cpu-bind=MASK - n2lcn0138, task 19 19 [3569058]: mask |--------|--------||--------|--------||------BB|--------||--------|--------||||--------|--------||--------|--------||--------|--------||--------|--------|  set
cpu-bind=MASK - n2lcn0147, task 208 16 [1048603]: mask |--------|--------||--------|--------||BB------|--------||--------|--------||||--------|--------||--------|--------||--------|--------||--------|--------|  set
cpu-bind=MASK - n2lcn0139, task 86 22 [1598397]: mask |--------|--------||--------|--------||--------|----BB--||--------|--------||||--------|--------||--------|--------||--------|--------||--------|--------|  set
cpu-bind=MASK - n2lcn0140, task 144 16 [2774325]: mask |--------|--------||--------|--------||BB------|--------||--------|--------||||--------|--------||--------|--------||--------|--------||--------|--------|  set
cpu-bind=MASK - n2lcn0147, task 209 17 [1048604]: mask |--------|--------||--------|--------||--BB----|--------||--------|--------||||--------|--------||--------|--------||--------|--------||--------|--------|  set
cpu-bind=MASK - n2lcn0138, task 20 20 [3569059]: mask |--------|--------||--------|--------||--------|BB------||--------|--------||||--------|--------||--------|--------||--------|--------||--------|--------|  set
cpu-bind=MASK - n2lcn0140, task 145 17 [2774326]: mask |--------|--------||--------|--------||--BB----|--------||--------|--------||||--------|--------||--------|--------||--------|--------||--------|--------|  set
cpu-bind=MASK - n2lcn0139, task 87 23 [1598398]: mask |--------|--------||--------|--------||--------|------BB||--------|--------||||--------|--------||--------|--------||--------|--------||--------|--------|  set
cpu-bind=MASK - n2lcn0147, task 210 18 [1048605]: mask |--------|--------||--------|--------||----BB--|--------||--------|--------||||--------|--------||--------|--------||--------|--------||--------|--------|  set
cpu-bind=MASK - n2lcn0138, task 21 21 [3569060]: mask |--------|--------||--------|--------||--------|--BB----||--------|--------||||--------|--------||--------|--------||--------|--------||--------|--------|  set
cpu-bind=MASK - n2lcn0139, task 88 24 [1598399]: mask |--------|--------||--------|--------||--------|--------||BB------|--------||||--------|--------||--------|--------||--------|--------||--------|--------|  set
cpu-bind=MASK - n2lcn0140, task 146 18 [2774327]: mask |--------|--------||--------|--------||----BB--|--------||--------|--------||||--------|--------||--------|--------||--------|--------||--------|--------|  set
cpu-bind=MASK - n2lcn0147, task 211 19 [1048606]: mask |--------|--------||--------|--------||------BB|--------||--------|--------||||--------|--------||--------|--------||--------|--------||--------|--------|  set
cpu-bind=MASK - n2lcn0138, task 22 22 [3569061]: mask |--------|--------||--------|--------||--------|----BB--||--------|--------||||--------|--------||--------|--------||--------|--------||--------|--------|  set
cpu-bind=MASK - n2lcn0139, task 89 25 [1598400]: mask |--------|--------||--------|--------||--------|--------||--BB----|--------||||--------|--------||--------|--------||--------|--------||--------|--------|  set
cpu-bind=MASK - n2lcn0140, task 147 19 [2774328]: mask |--------|--------||--------|--------||------BB|--------||--------|--------||||--------|--------||--------|--------||--------|--------||--------|--------|  set
cpu-bind=MASK - n2lcn0147, task 212 20 [1048607]: mask |--------|--------||--------|--------||--------|BB------||--------|--------||||--------|--------||--------|--------||--------|--------||--------|--------|  set
cpu-bind=MASK - n2lcn0139, task 90 26 [1598401]: mask |--------|--------||--------|--------||--------|--------||----BB--|--------||||--------|--------||--------|--------||--------|--------||--------|--------|  set
cpu-bind=MASK - n2lcn0138, task 23 23 [3569062]: mask |--------|--------||--------|--------||--------|------BB||--------|--------||||--------|--------||--------|--------||--------|--------||--------|--------|  set
cpu-bind=MASK - n2lcn0140, task 148 20 [2774329]: mask |--------|--------||--------|--------||--------|BB------||--------|--------||||--------|--------||--------|--------||--------|--------||--------|--------|  set
cpu-bind=MASK - n2lcn0147, task 213 21 [1048608]: mask |--------|--------||--------|--------||--------|--BB----||--------|--------||||--------|--------||--------|--------||--------|--------||--------|--------|  set
cpu-bind=MASK - n2lcn0139, task 91 27 [1598402]: mask |--------|--------||--------|--------||--------|--------||------BB|--------||||--------|--------||--------|--------||--------|--------||--------|--------|  set
cpu-bind=MASK - n2lcn0138, task 24 24 [3569063]: mask |--------|--------||--------|--------||--------|--------||BB------|--------||||--------|--------||--------|--------||--------|--------||--------|--------|  set
cpu-bind=MASK - n2lcn0140, task 149 21 [2774330]: mask |--------|--------||--------|--------||--------|--BB----||--------|--------||||--------|--------||--------|--------||--------|--------||--------|--------|  set
cpu-bind=MASK - n2lcn0147, task 214 22 [1048609]: mask |--------|--------||--------|--------||--------|----BB--||--------|--------||||--------|--------||--------|--------||--------|--------||--------|--------|  set
cpu-bind=MASK - n2lcn0139, task 92 28 [1598403]: mask |--------|--------||--------|--------||--------|--------||--------|BB------||||--------|--------||--------|--------||--------|--------||--------|--------|  set
cpu-bind=MASK - n2lcn0138, task 25 25 [3569064]: mask |--------|--------||--------|--------||--------|--------||--BB----|--------||||--------|--------||--------|--------||--------|--------||--------|--------|  set
cpu-bind=MASK - n2lcn0140, task 150 22 [2774331]: mask |--------|--------||--------|--------||--------|----BB--||--------|--------||||--------|--------||--------|--------||--------|--------||--------|--------|  set
cpu-bind=MASK - n2lcn0147, task 215 23 [1048610]: mask |--------|--------||--------|--------||--------|------BB||--------|--------||||--------|--------||--------|--------||--------|--------||--------|--------|  set
cpu-bind=MASK - n2lcn0139, task 93 29 [1598404]: mask |--------|--------||--------|--------||--------|--------||--------|--BB----||||--------|--------||--------|--------||--------|--------||--------|--------|  set
cpu-bind=MASK - n2lcn0138, task 26 26 [3569065]: mask |--------|--------||--------|--------||--------|--------||----BB--|--------||||--------|--------||--------|--------||--------|--------||--------|--------|  set
cpu-bind=MASK - n2lcn0140, task 151 23 [2774332]: mask |--------|--------||--------|--------||--------|------BB||--------|--------||||--------|--------||--------|--------||--------|--------||--------|--------|  set
cpu-bind=MASK - n2lcn0147, task 216 24 [1048611]: mask |--------|--------||--------|--------||--------|--------||BB------|--------||||--------|--------||--------|--------||--------|--------||--------|--------|  set
cpu-bind=MASK - n2lcn0139, task 94 30 [1598405]: mask |--------|--------||--------|--------||--------|--------||--------|----BB--||||--------|--------||--------|--------||--------|--------||--------|--------|  set
cpu-bind=MASK - n2lcn0138, task 27 27 [3569066]: mask |--------|--------||--------|--------||--------|--------||------BB|--------||||--------|--------||--------|--------||--------|--------||--------|--------|  set
cpu-bind=MASK - n2lcn0140, task 152 24 [2774333]: mask |--------|--------||--------|--------||--------|--------||BB------|--------||||--------|--------||--------|--------||--------|--------||--------|--------|  set
cpu-bind=MASK - n2lcn0147, task 217 25 [1048612]: mask |--------|--------||--------|--------||--------|--------||--BB----|--------||||--------|--------||--------|--------||--------|--------||--------|--------|  set
cpu-bind=MASK - n2lcn0139, task 95 31 [1598406]: mask |--------|--------||--------|--------||--------|--------||--------|------BB||||--------|--------||--------|--------||--------|--------||--------|--------|  set
cpu-bind=MASK - n2lcn0138, task 28 28 [3569067]: mask |--------|--------||--------|--------||--------|--------||--------|BB------||||--------|--------||--------|--------||--------|--------||--------|--------|  set
cpu-bind=MASK - n2lcn0140, task 153 25 [2774334]: mask |--------|--------||--------|--------||--------|--------||--BB----|--------||||--------|--------||--------|--------||--------|--------||--------|--------|  set
cpu-bind=MASK - n2lcn0147, task 218 26 [1048613]: mask |--------|--------||--------|--------||--------|--------||----BB--|--------||||--------|--------||--------|--------||--------|--------||--------|--------|  set
cpu-bind=MASK - n2lcn0139, task 96 32 [1598407]: mask |--------|--------||--------|--------||--------|--------||--------|--------||||BB------|--------||--------|--------||--------|--------||--------|--------|  set
cpu-bind=MASK - n2lcn0138, task 29 29 [3569068]: mask |--------|--------||--------|--------||--------|--------||--------|--BB----||||--------|--------||--------|--------||--------|--------||--------|--------|  set
cpu-bind=MASK - n2lcn0140, task 154 26 [2774335]: mask |--------|--------||--------|--------||--------|--------||----BB--|--------||||--------|--------||--------|--------||--------|--------||--------|--------|  set
cpu-bind=MASK - n2lcn0147, task 219 27 [1048614]: mask |--------|--------||--------|--------||--------|--------||------BB|--------||||--------|--------||--------|--------||--------|--------||--------|--------|  set
cpu-bind=MASK - n2lcn0139, task 97 33 [1598408]: mask |--------|--------||--------|--------||--------|--------||--------|--------||||--BB----|--------||--------|--------||--------|--------||--------|--------|  set
cpu-bind=MASK - n2lcn0138, task 30 30 [3569069]: mask |--------|--------||--------|--------||--------|--------||--------|----BB--||||--------|--------||--------|--------||--------|--------||--------|--------|  set
cpu-bind=MASK - n2lcn0140, task 155 27 [2774336]: mask |--------|--------||--------|--------||--------|--------||------BB|--------||||--------|--------||--------|--------||--------|--------||--------|--------|  set
cpu-bind=MASK - n2lcn0147, task 220 28 [1048615]: mask |--------|--------||--------|--------||--------|--------||--------|BB------||||--------|--------||--------|--------||--------|--------||--------|--------|  set
cpu-bind=MASK - n2lcn0139, task 98 34 [1598409]: mask |--------|--------||--------|--------||--------|--------||--------|--------||||----BB--|--------||--------|--------||--------|--------||--------|--------|  set
cpu-bind=MASK - n2lcn0138, task 31 31 [3569070]: mask |--------|--------||--------|--------||--------|--------||--------|------BB||||--------|--------||--------|--------||--------|--------||--------|--------|  set
cpu-bind=MASK - n2lcn0140, task 156 28 [2774337]: mask |--------|--------||--------|--------||--------|--------||--------|BB------||||--------|--------||--------|--------||--------|--------||--------|--------|  set
cpu-bind=MASK - n2lcn0147, task 221 29 [1048616]: mask |--------|--------||--------|--------||--------|--------||--------|--BB----||||--------|--------||--------|--------||--------|--------||--------|--------|  set
cpu-bind=MASK - n2lcn0139, task 99 35 [1598410]: mask |--------|--------||--------|--------||--------|--------||--------|--------||||------BB|--------||--------|--------||--------|--------||--------|--------|  set
cpu-bind=MASK - n2lcn0138, task 32 32 [3569071]: mask |--------|--------||--------|--------||--------|--------||--------|--------||||BB------|--------||--------|--------||--------|--------||--------|--------|  set
cpu-bind=MASK - n2lcn0140, task 157 29 [2774338]: mask |--------|--------||--------|--------||--------|--------||--------|--BB----||||--------|--------||--------|--------||--------|--------||--------|--------|  set
cpu-bind=MASK - n2lcn0147, task 222 30 [1048617]: mask |--------|--------||--------|--------||--------|--------||--------|----BB--||||--------|--------||--------|--------||--------|--------||--------|--------|  set
cpu-bind=MASK - n2lcn0139, task 100 36 [1598411]: mask |--------|--------||--------|--------||--------|--------||--------|--------||||--------|BB------||--------|--------||--------|--------||--------|--------|  set
cpu-bind=MASK - n2lcn0138, task 33 33 [3569072]: mask |--------|--------||--------|--------||--------|--------||--------|--------||||--BB----|--------||--------|--------||--------|--------||--------|--------|  set
cpu-bind=MASK - n2lcn0147, task 223 31 [1048618]: mask |--------|--------||--------|--------||--------|--------||--------|------BB||||--------|--------||--------|--------||--------|--------||--------|--------|  set
cpu-bind=MASK - n2lcn0140, task 158 30 [2774339]: mask |--------|--------||--------|--------||--------|--------||--------|----BB--||||--------|--------||--------|--------||--------|--------||--------|--------|  set
cpu-bind=MASK - n2lcn0139, task 101 37 [1598412]: mask |--------|--------||--------|--------||--------|--------||--------|--------||||--------|--BB----||--------|--------||--------|--------||--------|--------|  set
cpu-bind=MASK - n2lcn0138, task 34 34 [3569073]: mask |--------|--------||--------|--------||--------|--------||--------|--------||||----BB--|--------||--------|--------||--------|--------||--------|--------|  set
cpu-bind=MASK - n2lcn0140, task 159 31 [2774340]: mask |--------|--------||--------|--------||--------|--------||--------|------BB||||--------|--------||--------|--------||--------|--------||--------|--------|  set
cpu-bind=MASK - n2lcn0147, task 224 32 [1048619]: mask |--------|--------||--------|--------||--------|--------||--------|--------||||BB------|--------||--------|--------||--------|--------||--------|--------|  set
cpu-bind=MASK - n2lcn0139, task 102 38 [1598413]: mask |--------|--------||--------|--------||--------|--------||--------|--------||||--------|----BB--||--------|--------||--------|--------||--------|--------|  set
cpu-bind=MASK - n2lcn0138, task 35 35 [3569074]: mask |--------|--------||--------|--------||--------|--------||--------|--------||||------BB|--------||--------|--------||--------|--------||--------|--------|  set
cpu-bind=MASK - n2lcn0140, task 160 32 [2774341]: mask |--------|--------||--------|--------||--------|--------||--------|--------||||BB------|--------||--------|--------||--------|--------||--------|--------|  set
cpu-bind=MASK - n2lcn0147, task 225 33 [1048620]: mask |--------|--------||--------|--------||--------|--------||--------|--------||||--BB----|--------||--------|--------||--------|--------||--------|--------|  set
cpu-bind=MASK - n2lcn0139, task 103 39 [1598414]: mask |--------|--------||--------|--------||--------|--------||--------|--------||||--------|------BB||--------|--------||--------|--------||--------|--------|  set
cpu-bind=MASK - n2lcn0138, task 36 36 [3569075]: mask |--------|--------||--------|--------||--------|--------||--------|--------||||--------|BB------||--------|--------||--------|--------||--------|--------|  set
cpu-bind=MASK - n2lcn0140, task 161 33 [2774342]: mask |--------|--------||--------|--------||--------|--------||--------|--------||||--BB----|--------||--------|--------||--------|--------||--------|--------|  set
cpu-bind=MASK - n2lcn0147, task 226 34 [1048621]: mask |--------|--------||--------|--------||--------|--------||--------|--------||||----BB--|--------||--------|--------||--------|--------||--------|--------|  set
cpu-bind=MASK - n2lcn0139, task 104 40 [1598415]: mask |--------|--------||--------|--------||--------|--------||--------|--------||||--------|--------||BB------|--------||--------|--------||--------|--------|  set
cpu-bind=MASK - n2lcn0138, task 37 37 [3569076]: mask |--------|--------||--------|--------||--------|--------||--------|--------||||--------|--BB----||--------|--------||--------|--------||--------|--------|  set
cpu-bind=MASK - n2lcn0140, task 162 34 [2774343]: mask |--------|--------||--------|--------||--------|--------||--------|--------||||----BB--|--------||--------|--------||--------|--------||--------|--------|  set
cpu-bind=MASK - n2lcn0147, task 227 35 [1048622]: mask |--------|--------||--------|--------||--------|--------||--------|--------||||------BB|--------||--------|--------||--------|--------||--------|--------|  set
cpu-bind=MASK - n2lcn0139, task 105 41 [1598416]: mask |--------|--------||--------|--------||--------|--------||--------|--------||||--------|--------||--BB----|--------||--------|--------||--------|--------|  set
cpu-bind=MASK - n2lcn0138, task 38 38 [3569077]: mask |--------|--------||--------|--------||--------|--------||--------|--------||||--------|----BB--||--------|--------||--------|--------||--------|--------|  set
cpu-bind=MASK - n2lcn0140, task 163 35 [2774344]: mask |--------|--------||--------|--------||--------|--------||--------|--------||||------BB|--------||--------|--------||--------|--------||--------|--------|  set
cpu-bind=MASK - n2lcn0147, task 228 36 [1048623]: mask |--------|--------||--------|--------||--------|--------||--------|--------||||--------|BB------||--------|--------||--------|--------||--------|--------|  set
cpu-bind=MASK - n2lcn0139, task 106 42 [1598417]: mask |--------|--------||--------|--------||--------|--------||--------|--------||||--------|--------||----BB--|--------||--------|--------||--------|--------|  set
cpu-bind=MASK - n2lcn0138, task 39 39 [3569078]: mask |--------|--------||--------|--------||--------|--------||--------|--------||||--------|------BB||--------|--------||--------|--------||--------|--------|  set
cpu-bind=MASK - n2lcn0140, task 164 36 [2774345]: mask |--------|--------||--------|--------||--------|--------||--------|--------||||--------|BB------||--------|--------||--------|--------||--------|--------|  set
cpu-bind=MASK - n2lcn0147, task 229 37 [1048624]: mask |--------|--------||--------|--------||--------|--------||--------|--------||||--------|--BB----||--------|--------||--------|--------||--------|--------|  set
cpu-bind=MASK - n2lcn0139, task 107 43 [1598418]: mask |--------|--------||--------|--------||--------|--------||--------|--------||||--------|--------||------BB|--------||--------|--------||--------|--------|  set
cpu-bind=MASK - n2lcn0138, task 40 40 [3569079]: mask |--------|--------||--------|--------||--------|--------||--------|--------||||--------|--------||BB------|--------||--------|--------||--------|--------|  set
cpu-bind=MASK - n2lcn0140, task 165 37 [2774346]: mask |--------|--------||--------|--------||--------|--------||--------|--------||||--------|--BB----||--------|--------||--------|--------||--------|--------|  set
cpu-bind=MASK - n2lcn0147, task 230 38 [1048625]: mask |--------|--------||--------|--------||--------|--------||--------|--------||||--------|----BB--||--------|--------||--------|--------||--------|--------|  set
cpu-bind=MASK - n2lcn0139, task 108 44 [1598419]: mask |--------|--------||--------|--------||--------|--------||--------|--------||||--------|--------||--------|BB------||--------|--------||--------|--------|  set
cpu-bind=MASK - n2lcn0138, task 41 41 [3569080]: mask |--------|--------||--------|--------||--------|--------||--------|--------||||--------|--------||--BB----|--------||--------|--------||--------|--------|  set
cpu-bind=MASK - n2lcn0147, task 231 39 [1048626]: mask |--------|--------||--------|--------||--------|--------||--------|--------||||--------|------BB||--------|--------||--------|--------||--------|--------|  set
cpu-bind=MASK - n2lcn0140, task 166 38 [2774347]: mask |--------|--------||--------|--------||--------|--------||--------|--------||||--------|----BB--||--------|--------||--------|--------||--------|--------|  set
cpu-bind=MASK - n2lcn0139, task 109 45 [1598420]: mask |--------|--------||--------|--------||--------|--------||--------|--------||||--------|--------||--------|--BB----||--------|--------||--------|--------|  set
cpu-bind=MASK - n2lcn0138, task 42 42 [3569081]: mask |--------|--------||--------|--------||--------|--------||--------|--------||||--------|--------||----BB--|--------||--------|--------||--------|--------|  set
cpu-bind=MASK - n2lcn0140, task 167 39 [2774348]: mask |--------|--------||--------|--------||--------|--------||--------|--------||||--------|------BB||--------|--------||--------|--------||--------|--------|  set
cpu-bind=MASK - n2lcn0147, task 232 40 [1048627]: mask |--------|--------||--------|--------||--------|--------||--------|--------||||--------|--------||BB------|--------||--------|--------||--------|--------|  set
cpu-bind=MASK - n2lcn0139, task 110 46 [1598421]: mask |--------|--------||--------|--------||--------|--------||--------|--------||||--------|--------||--------|----BB--||--------|--------||--------|--------|  set
cpu-bind=MASK - n2lcn0138, task 43 43 [3569082]: mask |--------|--------||--------|--------||--------|--------||--------|--------||||--------|--------||------BB|--------||--------|--------||--------|--------|  set
cpu-bind=MASK - n2lcn0140, task 168 40 [2774349]: mask |--------|--------||--------|--------||--------|--------||--------|--------||||--------|--------||BB------|--------||--------|--------||--------|--------|  set
cpu-bind=MASK - n2lcn0147, task 233 41 [1048628]: mask |--------|--------||--------|--------||--------|--------||--------|--------||||--------|--------||--BB----|--------||--------|--------||--------|--------|  set
cpu-bind=MASK - n2lcn0139, task 111 47 [1598422]: mask |--------|--------||--------|--------||--------|--------||--------|--------||||--------|--------||--------|------BB||--------|--------||--------|--------|  set
cpu-bind=MASK - n2lcn0138, task 44 44 [3569083]: mask |--------|--------||--------|--------||--------|--------||--------|--------||||--------|--------||--------|BB------||--------|--------||--------|--------|  set
cpu-bind=MASK - n2lcn0140, task 169 41 [2774350]: mask |--------|--------||--------|--------||--------|--------||--------|--------||||--------|--------||--BB----|--------||--------|--------||--------|--------|  set
cpu-bind=MASK - n2lcn0147, task 234 42 [1048629]: mask |--------|--------||--------|--------||--------|--------||--------|--------||||--------|--------||----BB--|--------||--------|--------||--------|--------|  set
cpu-bind=MASK - n2lcn0139, task 112 48 [1598423]: mask |--------|--------||--------|--------||--------|--------||--------|--------||||--------|--------||--------|--------||BB------|--------||--------|--------|  set
cpu-bind=MASK - n2lcn0138, task 45 45 [3569084]: mask |--------|--------||--------|--------||--------|--------||--------|--------||||--------|--------||--------|--BB----||--------|--------||--------|--------|  set
cpu-bind=MASK - n2lcn0140, task 170 42 [2774351]: mask |--------|--------||--------|--------||--------|--------||--------|--------||||--------|--------||----BB--|--------||--------|--------||--------|--------|  set
cpu-bind=MASK - n2lcn0147, task 235 43 [1048630]: mask |--------|--------||--------|--------||--------|--------||--------|--------||||--------|--------||------BB|--------||--------|--------||--------|--------|  set
cpu-bind=MASK - n2lcn0139, task 113 49 [1598424]: mask |--------|--------||--------|--------||--------|--------||--------|--------||||--------|--------||--------|--------||--BB----|--------||--------|--------|  set
cpu-bind=MASK - n2lcn0138, task 46 46 [3569085]: mask |--------|--------||--------|--------||--------|--------||--------|--------||||--------|--------||--------|----BB--||--------|--------||--------|--------|  set
cpu-bind=MASK - n2lcn0147, task 236 44 [1048631]: mask |--------|--------||--------|--------||--------|--------||--------|--------||||--------|--------||--------|BB------||--------|--------||--------|--------|  set
cpu-bind=MASK - n2lcn0140, task 171 43 [2774352]: mask |--------|--------||--------|--------||--------|--------||--------|--------||||--------|--------||------BB|--------||--------|--------||--------|--------|  set
cpu-bind=MASK - n2lcn0139, task 114 50 [1598425]: mask |--------|--------||--------|--------||--------|--------||--------|--------||||--------|--------||--------|--------||----BB--|--------||--------|--------|  set
cpu-bind=MASK - n2lcn0138, task 47 47 [3569086]: mask |--------|--------||--------|--------||--------|--------||--------|--------||||--------|--------||--------|------BB||--------|--------||--------|--------|  set
cpu-bind=MASK - n2lcn0147, task 237 45 [1048632]: mask |--------|--------||--------|--------||--------|--------||--------|--------||||--------|--------||--------|--BB----||--------|--------||--------|--------|  set
cpu-bind=MASK - n2lcn0140, task 172 44 [2774353]: mask |--------|--------||--------|--------||--------|--------||--------|--------||||--------|--------||--------|BB------||--------|--------||--------|--------|  set
cpu-bind=MASK - n2lcn0139, task 115 51 [1598426]: mask |--------|--------||--------|--------||--------|--------||--------|--------||||--------|--------||--------|--------||------BB|--------||--------|--------|  set
cpu-bind=MASK - n2lcn0138, task 48 48 [3569087]: mask |--------|--------||--------|--------||--------|--------||--------|--------||||--------|--------||--------|--------||BB------|--------||--------|--------|  set
cpu-bind=MASK - n2lcn0147, task 238 46 [1048633]: mask |--------|--------||--------|--------||--------|--------||--------|--------||||--------|--------||--------|----BB--||--------|--------||--------|--------|  set
cpu-bind=MASK - n2lcn0140, task 173 45 [2774354]: mask |--------|--------||--------|--------||--------|--------||--------|--------||||--------|--------||--------|--BB----||--------|--------||--------|--------|  set
cpu-bind=MASK - n2lcn0139, task 116 52 [1598427]: mask |--------|--------||--------|--------||--------|--------||--------|--------||||--------|--------||--------|--------||--------|BB------||--------|--------|  set
cpu-bind=MASK - n2lcn0138, task 49 49 [3569088]: mask |--------|--------||--------|--------||--------|--------||--------|--------||||--------|--------||--------|--------||--BB----|--------||--------|--------|  set
cpu-bind=MASK - n2lcn0140, task 174 46 [2774355]: mask |--------|--------||--------|--------||--------|--------||--------|--------||||--------|--------||--------|----BB--||--------|--------||--------|--------|  set
cpu-bind=MASK - n2lcn0139, task 117 53 [1598428]: mask |--------|--------||--------|--------||--------|--------||--------|--------||||--------|--------||--------|--------||--------|--BB----||--------|--------|  set
cpu-bind=MASK - n2lcn0138, task 50 50 [3569089]: mask |--------|--------||--------|--------||--------|--------||--------|--------||||--------|--------||--------|--------||----BB--|--------||--------|--------|  set
cpu-bind=MASK - n2lcn0140, task 175 47 [2774356]: mask |--------|--------||--------|--------||--------|--------||--------|--------||||--------|--------||--------|------BB||--------|--------||--------|--------|  set
cpu-bind=MASK - n2lcn0139, task 118 54 [1598429]: mask |--------|--------||--------|--------||--------|--------||--------|--------||||--------|--------||--------|--------||--------|----BB--||--------|--------|  set
cpu-bind=MASK - n2lcn0138, task 51 51 [3569090]: mask |--------|--------||--------|--------||--------|--------||--------|--------||||--------|--------||--------|--------||------BB|--------||--------|--------|  set
cpu-bind=MASK - n2lcn0140, task 176 48 [2774357]: mask |--------|--------||--------|--------||--------|--------||--------|--------||||--------|--------||--------|--------||BB------|--------||--------|--------|  set
cpu-bind=MASK - n2lcn0147, task 239 47 [1048634]: mask |--------|--------||--------|--------||--------|--------||--------|--------||||--------|--------||--------|------BB||--------|--------||--------|--------|  set
cpu-bind=MASK - n2lcn0139, task 119 55 [1598430]: mask |--------|--------||--------|--------||--------|--------||--------|--------||||--------|--------||--------|--------||--------|------BB||--------|--------|  set
cpu-bind=MASK - n2lcn0138, task 52 52 [3569091]: mask |--------|--------||--------|--------||--------|--------||--------|--------||||--------|--------||--------|--------||--------|BB------||--------|--------|  set
cpu-bind=MASK - n2lcn0140, task 177 49 [2774358]: mask |--------|--------||--------|--------||--------|--------||--------|--------||||--------|--------||--------|--------||--BB----|--------||--------|--------|  set
cpu-bind=MASK - n2lcn0147, task 240 48 [1048635]: mask |--------|--------||--------|--------||--------|--------||--------|--------||||--------|--------||--------|--------||BB------|--------||--------|--------|  set
cpu-bind=MASK - n2lcn0139, task 120 56 [1598431]: mask |--------|--------||--------|--------||--------|--------||--------|--------||||--------|--------||--------|--------||--------|--------||BB------|--------|  set
cpu-bind=MASK - n2lcn0138, task 53 53 [3569092]: mask |--------|--------||--------|--------||--------|--------||--------|--------||||--------|--------||--------|--------||--------|--BB----||--------|--------|  set
cpu-bind=MASK - n2lcn0140, task 178 50 [2774359]: mask |--------|--------||--------|--------||--------|--------||--------|--------||||--------|--------||--------|--------||----BB--|--------||--------|--------|  set
cpu-bind=MASK - n2lcn0147, task 241 49 [1048636]: mask |--------|--------||--------|--------||--------|--------||--------|--------||||--------|--------||--------|--------||--BB----|--------||--------|--------|  set
cpu-bind=MASK - n2lcn0139, task 121 57 [1598432]: mask |--------|--------||--------|--------||--------|--------||--------|--------||||--------|--------||--------|--------||--------|--------||--BB----|--------|  set
cpu-bind=MASK - n2lcn0138, task 54 54 [3569093]: mask |--------|--------||--------|--------||--------|--------||--------|--------||||--------|--------||--------|--------||--------|----BB--||--------|--------|  set
cpu-bind=MASK - n2lcn0147, task 242 50 [1048637]: mask |--------|--------||--------|--------||--------|--------||--------|--------||||--------|--------||--------|--------||----BB--|--------||--------|--------|  set
cpu-bind=MASK - n2lcn0140, task 179 51 [2774360]: mask |--------|--------||--------|--------||--------|--------||--------|--------||||--------|--------||--------|--------||------BB|--------||--------|--------|  set
cpu-bind=MASK - n2lcn0139, task 122 58 [1598433]: mask |--------|--------||--------|--------||--------|--------||--------|--------||||--------|--------||--------|--------||--------|--------||----BB--|--------|  set
cpu-bind=MASK - n2lcn0138, task 55 55 [3569094]: mask |--------|--------||--------|--------||--------|--------||--------|--------||||--------|--------||--------|--------||--------|------BB||--------|--------|  set
cpu-bind=MASK - n2lcn0147, task 243 51 [1048638]: mask |--------|--------||--------|--------||--------|--------||--------|--------||||--------|--------||--------|--------||------BB|--------||--------|--------|  set
cpu-bind=MASK - n2lcn0140, task 180 52 [2774361]: mask |--------|--------||--------|--------||--------|--------||--------|--------||||--------|--------||--------|--------||--------|BB------||--------|--------|  set
cpu-bind=MASK - n2lcn0139, task 123 59 [1598434]: mask |--------|--------||--------|--------||--------|--------||--------|--------||||--------|--------||--------|--------||--------|--------||------BB|--------|  set
cpu-bind=MASK - n2lcn0138, task 56 56 [3569095]: mask |--------|--------||--------|--------||--------|--------||--------|--------||||--------|--------||--------|--------||--------|--------||BB------|--------|  set
cpu-bind=MASK - n2lcn0147, task 244 52 [1048639]: mask |--------|--------||--------|--------||--------|--------||--------|--------||||--------|--------||--------|--------||--------|BB------||--------|--------|  set
cpu-bind=MASK - n2lcn0140, task 181 53 [2774362]: mask |--------|--------||--------|--------||--------|--------||--------|--------||||--------|--------||--------|--------||--------|--BB----||--------|--------|  set
cpu-bind=MASK - n2lcn0139, task 124 60 [1598435]: mask |--------|--------||--------|--------||--------|--------||--------|--------||||--------|--------||--------|--------||--------|--------||--------|BB------|  set
cpu-bind=MASK - n2lcn0138, task 57 57 [3569096]: mask |--------|--------||--------|--------||--------|--------||--------|--------||||--------|--------||--------|--------||--------|--------||--BB----|--------|  set
cpu-bind=MASK - n2lcn0147, task 245 53 [1048640]: mask |--------|--------||--------|--------||--------|--------||--------|--------||||--------|--------||--------|--------||--------|--BB----||--------|--------|  set
cpu-bind=MASK - n2lcn0140, task 182 54 [2774363]: mask |--------|--------||--------|--------||--------|--------||--------|--------||||--------|--------||--------|--------||--------|----BB--||--------|--------|  set
cpu-bind=MASK - n2lcn0139, task 125 61 [1598436]: mask |--------|--------||--------|--------||--------|--------||--------|--------||||--------|--------||--------|--------||--------|--------||--------|--BB----|  set
cpu-bind=MASK - n2lcn0138, task 58 58 [3569097]: mask |--------|--------||--------|--------||--------|--------||--------|--------||||--------|--------||--------|--------||--------|--------||----BB--|--------|  set
cpu-bind=MASK - n2lcn0147, task 246 54 [1048641]: mask |--------|--------||--------|--------||--------|--------||--------|--------||||--------|--------||--------|--------||--------|----BB--||--------|--------|  set
cpu-bind=MASK - n2lcn0140, task 183 55 [2774364]: mask |--------|--------||--------|--------||--------|--------||--------|--------||||--------|--------||--------|--------||--------|------BB||--------|--------|  set
cpu-bind=MASK - n2lcn0139, task 126 62 [1598437]: mask |--------|--------||--------|--------||--------|--------||--------|--------||||--------|--------||--------|--------||--------|--------||--------|----BB--|  set
cpu-bind=MASK - n2lcn0138, task 59 59 [3569098]: mask |--------|--------||--------|--------||--------|--------||--------|--------||||--------|--------||--------|--------||--------|--------||------BB|--------|  set
cpu-bind=MASK - n2lcn0147, task 247 55 [1048642]: mask |--------|--------||--------|--------||--------|--------||--------|--------||||--------|--------||--------|--------||--------|------BB||--------|--------|  set
cpu-bind=MASK - n2lcn0140, task 184 56 [2774365]: mask |--------|--------||--------|--------||--------|--------||--------|--------||||--------|--------||--------|--------||--------|--------||BB------|--------|  set
cpu-bind=MASK - n2lcn0138, task 60 60 [3569099]: mask |--------|--------||--------|--------||--------|--------||--------|--------||||--------|--------||--------|--------||--------|--------||--------|BB------|  set
cpu-bind=MASK - n2lcn0147, task 248 56 [1048643]: mask |--------|--------||--------|--------||--------|--------||--------|--------||||--------|--------||--------|--------||--------|--------||BB------|--------|  set
cpu-bind=MASK - n2lcn0140, task 185 57 [2774366]: mask |--------|--------||--------|--------||--------|--------||--------|--------||||--------|--------||--------|--------||--------|--------||--BB----|--------|  set
cpu-bind=MASK - n2lcn0138, task 61 61 [3569100]: mask |--------|--------||--------|--------||--------|--------||--------|--------||||--------|--------||--------|--------||--------|--------||--------|--BB----|  set
cpu-bind=MASK - n2lcn0147, task 249 57 [1048644]: mask |--------|--------||--------|--------||--------|--------||--------|--------||||--------|--------||--------|--------||--------|--------||--BB----|--------|  set
cpu-bind=MASK - n2lcn0140, task 186 58 [2774367]: mask |--------|--------||--------|--------||--------|--------||--------|--------||||--------|--------||--------|--------||--------|--------||----BB--|--------|  set
cpu-bind=MASK - n2lcn0138, task 62 62 [3569101]: mask |--------|--------||--------|--------||--------|--------||--------|--------||||--------|--------||--------|--------||--------|--------||--------|----BB--|  set
cpu-bind=MASK - n2lcn0147, task 250 58 [1048645]: mask |--------|--------||--------|--------||--------|--------||--------|--------||||--------|--------||--------|--------||--------|--------||----BB--|--------|  set
cpu-bind=MASK - n2lcn0140, task 187 59 [2774368]: mask |--------|--------||--------|--------||--------|--------||--------|--------||||--------|--------||--------|--------||--------|--------||------BB|--------|  set
cpu-bind=MASK - n2lcn0147, task 251 59 [1048646]: mask |--------|--------||--------|--------||--------|--------||--------|--------||||--------|--------||--------|--------||--------|--------||------BB|--------|  set
cpu-bind=MASK - n2lcn0140, task 188 60 [2774369]: mask |--------|--------||--------|--------||--------|--------||--------|--------||||--------|--------||--------|--------||--------|--------||--------|BB------|  set
cpu-bind=MASK - n2lcn0147, task 252 60 [1048647]: mask |--------|--------||--------|--------||--------|--------||--------|--------||||--------|--------||--------|--------||--------|--------||--------|BB------|  set
cpu-bind=MASK - n2lcn0140, task 189 61 [2774370]: mask |--------|--------||--------|--------||--------|--------||--------|--------||||--------|--------||--------|--------||--------|--------||--------|--BB----|  set
cpu-bind=MASK - n2lcn0147, task 253 61 [1048648]: mask |--------|--------||--------|--------||--------|--------||--------|--------||||--------|--------||--------|--------||--------|--------||--------|--BB----|  set
cpu-bind=MASK - n2lcn0140, task 190 62 [2774371]: mask |--------|--------||--------|--------||--------|--------||--------|--------||||--------|--------||--------|--------||--------|--------||--------|----BB--|  set
cpu-bind=MASK - n2lcn0147, task 254 62 [1048649]: mask |--------|--------||--------|--------||--------|--------||--------|--------||||--------|--------||--------|--------||--------|--------||--------|----BB--|  set
cpu-bind=MASK - n2lcn0139, task 127 63 [1598438]: mask |--------|--------||--------|--------||--------|--------||--------|--------||||--------|--------||--------|--------||--------|--------||--------|------BB|  set
cpu-bind=MASK - n2lcn0138, task 63 63 [3569102]: mask |--------|--------||--------|--------||--------|--------||--------|--------||||--------|--------||--------|--------||--------|--------||--------|------BB|  set
cpu-bind=MASK - n2lcn0140, task 191 63 [2774372]: mask |--------|--------||--------|--------||--------|--------||--------|--------||||--------|--------||--------|--------||--------|--------||--------|------BB|  set
cpu-bind=MASK - n2lcn0147, task 255 63 [1048650]: mask |--------|--------||--------|--------||--------|--------||--------|--------||||--------|--------||--------|--------||--------|--------||--------|------BB|  set
