cpu-bind=MASK - n2lcn0149, task  0  0 [131282]: mask |BBBBBBBB|BBBBBBBB||BBBBBBBB|BBBBBBBB||BBBBBBBB|BBBBBBBB||BBBBBBBB|BBBBBBBB||||BBBBBBBB|BBBBBBBB||BBBBBBBB|BBBBBBBB||BBBBBBBB|BBBBBBBB||BBBBBBBB|BBBBBBBB|  set
The following modules were not unloaded:
  (Use "module --force purge" to unload all):

  1) pc2fs   2) slurm/24.11.5-1   3) DefaultModules
rm: cannot remove 'cp2k.out': No such file or directory
cpu-bind=MASK - n2lcn0152, task 192  0 [79481]: mask |BB------|--------||--------|--------||--------|--------||--------|--------||||--------|--------||--------|--------||--------|--------||--------|--------|  set
cpu-bind=MASK - n2lcn0152, task 193  1 [79482]: mask |--BB----|--------||--------|--------||--------|--------||--------|--------||||--------|--------||--------|--------||--------|--------||--------|--------|  set
cpu-bind=MASK - n2lcn0152, task 194  2 [79483]: mask |----BB--|--------||--------|--------||--------|--------||--------|--------||||--------|--------||--------|--------||--------|--------||--------|--------|  set
cpu-bind=MASK - n2lcn0152, task 195  3 [79484]: mask |------BB|--------||--------|--------||--------|--------||--------|--------||||--------|--------||--------|--------||--------|--------||--------|--------|  set
cpu-bind=MASK - n2lcn0152, task 196  4 [79485]: mask |--------|BB------||--------|--------||--------|--------||--------|--------||||--------|--------||--------|--------||--------|--------||--------|--------|  set
cpu-bind=MASK - n2lcn0152, task 197  5 [79486]: mask |--------|--BB----||--------|--------||--------|--------||--------|--------||||--------|--------||--------|--------||--------|--------||--------|--------|  set
cpu-bind=MASK - n2lcn0152, task 198  6 [79487]: mask |--------|----BB--||--------|--------||--------|--------||--------|--------||||--------|--------||--------|--------||--------|--------||--------|--------|  set
cpu-bind=MASK - n2lcn0151, task 128  0 [169602]: mask |BB------|--------||--------|--------||--------|--------||--------|--------||||--------|--------||--------|--------||--------|--------||--------|--------|  set
cpu-bind=MASK - n2lcn0150, task 64  0 [129714]: mask |BB------|--------||--------|--------||--------|--------||--------|--------||||--------|--------||--------|--------||--------|--------||--------|--------|  set
cpu-bind=MASK - n2lcn0152, task 199  7 [79488]: mask |--------|------BB||--------|--------||--------|--------||--------|--------||||--------|--------||--------|--------||--------|--------||--------|--------|  set
cpu-bind=MASK - n2lcn0150, task 65  1 [129715]: mask |--BB----|--------||--------|--------||--------|--------||--------|--------||||--------|--------||--------|--------||--------|--------||--------|--------|  set
cpu-bind=MASK - n2lcn0151, task 129  1 [169603]: mask |--BB----|--------||--------|--------||--------|--------||--------|--------||||--------|--------||--------|--------||--------|--------||--------|--------|  set
cpu-bind=MASK - n2lcn0152, task 200  8 [79489]: mask |--------|--------||BB------|--------||--------|--------||--------|--------||||--------|--------||--------|--------||--------|--------||--------|--------|  set
cpu-bind=MASK - n2lcn0150, task 66  2 [129716]: mask |----BB--|--------||--------|--------||--------|--------||--------|--------||||--------|--------||--------|--------||--------|--------||--------|--------|  set
cpu-bind=MASK - n2lcn0151, task 130  2 [169604]: mask |----BB--|--------||--------|--------||--------|--------||--------|--------||||--------|--------||--------|--------||--------|--------||--------|--------|  set
cpu-bind=MASK - n2lcn0150, task 67  3 [129717]: mask |------BB|--------||--------|--------||--------|--------||--------|--------||||--------|--------||--------|--------||--------|--------||--------|--------|  set
cpu-bind=MASK - n2lcn0152, task 201  9 [79490]: mask |--------|--------||--BB----|--------||--------|--------||--------|--------||||--------|--------||--------|--------||--------|--------||--------|--------|  set
cpu-bind=MASK - n2lcn0151, task 131  3 [169605]: mask |------BB|--------||--------|--------||--------|--------||--------|--------||||--------|--------||--------|--------||--------|--------||--------|--------|  set
cpu-bind=MASK - n2lcn0150, task 68  4 [129718]: mask |--------|BB------||--------|--------||--------|--------||--------|--------||||--------|--------||--------|--------||--------|--------||--------|--------|  set
cpu-bind=MASK - n2lcn0151, task 132  4 [169606]: mask |--------|BB------||--------|--------||--------|--------||--------|--------||||--------|--------||--------|--------||--------|--------||--------|--------|  set
cpu-bind=MASK - n2lcn0152, task 202 10 [79491]: mask |--------|--------||----BB--|--------||--------|--------||--------|--------||||--------|--------||--------|--------||--------|--------||--------|--------|  set
cpu-bind=MASK - n2lcn0150, task 69  5 [129719]: mask |--------|--BB----||--------|--------||--------|--------||--------|--------||||--------|--------||--------|--------||--------|--------||--------|--------|  set
cpu-bind=MASK - n2lcn0151, task 133  5 [169607]: mask |--------|--BB----||--------|--------||--------|--------||--------|--------||||--------|--------||--------|--------||--------|--------||--------|--------|  set
cpu-bind=MASK - n2lcn0152, task 203 11 [79492]: mask |--------|--------||------BB|--------||--------|--------||--------|--------||||--------|--------||--------|--------||--------|--------||--------|--------|  set
cpu-bind=MASK - n2lcn0149, task  0  0 [131754]: mask |BB------|--------||--------|--------||--------|--------||--------|--------||||--------|--------||--------|--------||--------|--------||--------|--------|  set
cpu-bind=MASK - n2lcn0150, task 70  6 [129720]: mask |--------|----BB--||--------|--------||--------|--------||--------|--------||||--------|--------||--------|--------||--------|--------||--------|--------|  set
cpu-bind=MASK - n2lcn0151, task 134  6 [169608]: mask |--------|----BB--||--------|--------||--------|--------||--------|--------||||--------|--------||--------|--------||--------|--------||--------|--------|  set
cpu-bind=MASK - n2lcn0152, task 204 12 [79493]: mask |--------|--------||--------|BB------||--------|--------||--------|--------||||--------|--------||--------|--------||--------|--------||--------|--------|  set
cpu-bind=MASK - n2lcn0150, task 71  7 [129721]: mask |--------|------BB||--------|--------||--------|--------||--------|--------||||--------|--------||--------|--------||--------|--------||--------|--------|  set
cpu-bind=MASK - n2lcn0151, task 135  7 [169609]: mask |--------|------BB||--------|--------||--------|--------||--------|--------||||--------|--------||--------|--------||--------|--------||--------|--------|  set
cpu-bind=MASK - n2lcn0149, task  1  1 [131755]: mask |--BB----|--------||--------|--------||--------|--------||--------|--------||||--------|--------||--------|--------||--------|--------||--------|--------|  set
cpu-bind=MASK - n2lcn0152, task 205 13 [79494]: mask |--------|--------||--------|--BB----||--------|--------||--------|--------||||--------|--------||--------|--------||--------|--------||--------|--------|  set
cpu-bind=MASK - n2lcn0151, task 136  8 [169610]: mask |--------|--------||BB------|--------||--------|--------||--------|--------||||--------|--------||--------|--------||--------|--------||--------|--------|  set
cpu-bind=MASK - n2lcn0150, task 72  8 [129722]: mask |--------|--------||BB------|--------||--------|--------||--------|--------||||--------|--------||--------|--------||--------|--------||--------|--------|  set
cpu-bind=MASK - n2lcn0149, task  2  2 [131756]: mask |----BB--|--------||--------|--------||--------|--------||--------|--------||||--------|--------||--------|--------||--------|--------||--------|--------|  set
cpu-bind=MASK - n2lcn0152, task 206 14 [79495]: mask |--------|--------||--------|----BB--||--------|--------||--------|--------||||--------|--------||--------|--------||--------|--------||--------|--------|  set
cpu-bind=MASK - n2lcn0151, task 137  9 [169611]: mask |--------|--------||--BB----|--------||--------|--------||--------|--------||||--------|--------||--------|--------||--------|--------||--------|--------|  set
cpu-bind=MASK - n2lcn0150, task 73  9 [129723]: mask |--------|--------||--BB----|--------||--------|--------||--------|--------||||--------|--------||--------|--------||--------|--------||--------|--------|  set
cpu-bind=MASK - n2lcn0149, task  3  3 [131757]: mask |------BB|--------||--------|--------||--------|--------||--------|--------||||--------|--------||--------|--------||--------|--------||--------|--------|  set
cpu-bind=MASK - n2lcn0152, task 207 15 [79496]: mask |--------|--------||--------|------BB||--------|--------||--------|--------||||--------|--------||--------|--------||--------|--------||--------|--------|  set
cpu-bind=MASK - n2lcn0150, task 74 10 [129724]: mask |--------|--------||----BB--|--------||--------|--------||--------|--------||||--------|--------||--------|--------||--------|--------||--------|--------|  set
cpu-bind=MASK - n2lcn0151, task 138 10 [169612]: mask |--------|--------||----BB--|--------||--------|--------||--------|--------||||--------|--------||--------|--------||--------|--------||--------|--------|  set
cpu-bind=MASK - n2lcn0149, task  4  4 [131758]: mask |--------|BB------||--------|--------||--------|--------||--------|--------||||--------|--------||--------|--------||--------|--------||--------|--------|  set
cpu-bind=MASK - n2lcn0152, task 208 16 [79497]: mask |--------|--------||--------|--------||BB------|--------||--------|--------||||--------|--------||--------|--------||--------|--------||--------|--------|  set
cpu-bind=MASK - n2lcn0150, task 75 11 [129725]: mask |--------|--------||------BB|--------||--------|--------||--------|--------||||--------|--------||--------|--------||--------|--------||--------|--------|  set
cpu-bind=MASK - n2lcn0151, task 139 11 [169613]: mask |--------|--------||------BB|--------||--------|--------||--------|--------||||--------|--------||--------|--------||--------|--------||--------|--------|  set
cpu-bind=MASK - n2lcn0149, task  5  5 [131759]: mask |--------|--BB----||--------|--------||--------|--------||--------|--------||||--------|--------||--------|--------||--------|--------||--------|--------|  set
cpu-bind=MASK - n2lcn0152, task 209 17 [79498]: mask |--------|--------||--------|--------||--BB----|--------||--------|--------||||--------|--------||--------|--------||--------|--------||--------|--------|  set
cpu-bind=MASK - n2lcn0150, task 76 12 [129726]: mask |--------|--------||--------|BB------||--------|--------||--------|--------||||--------|--------||--------|--------||--------|--------||--------|--------|  set
cpu-bind=MASK - n2lcn0151, task 140 12 [169614]: mask |--------|--------||--------|BB------||--------|--------||--------|--------||||--------|--------||--------|--------||--------|--------||--------|--------|  set
cpu-bind=MASK - n2lcn0149, task  6  6 [131760]: mask |--------|----BB--||--------|--------||--------|--------||--------|--------||||--------|--------||--------|--------||--------|--------||--------|--------|  set
cpu-bind=MASK - n2lcn0150, task 77 13 [129727]: mask |--------|--------||--------|--BB----||--------|--------||--------|--------||||--------|--------||--------|--------||--------|--------||--------|--------|  set
cpu-bind=MASK - n2lcn0151, task 141 13 [169615]: mask |--------|--------||--------|--BB----||--------|--------||--------|--------||||--------|--------||--------|--------||--------|--------||--------|--------|  set
cpu-bind=MASK - n2lcn0152, task 210 18 [79499]: mask |--------|--------||--------|--------||----BB--|--------||--------|--------||||--------|--------||--------|--------||--------|--------||--------|--------|  set
cpu-bind=MASK - n2lcn0149, task  7  7 [131761]: mask |--------|------BB||--------|--------||--------|--------||--------|--------||||--------|--------||--------|--------||--------|--------||--------|--------|  set
cpu-bind=MASK - n2lcn0150, task 78 14 [129728]: mask |--------|--------||--------|----BB--||--------|--------||--------|--------||||--------|--------||--------|--------||--------|--------||--------|--------|  set
cpu-bind=MASK - n2lcn0152, task 211 19 [79500]: mask |--------|--------||--------|--------||------BB|--------||--------|--------||||--------|--------||--------|--------||--------|--------||--------|--------|  set
cpu-bind=MASK - n2lcn0151, task 142 14 [169616]: mask |--------|--------||--------|----BB--||--------|--------||--------|--------||||--------|--------||--------|--------||--------|--------||--------|--------|  set
cpu-bind=MASK - n2lcn0149, task  8  8 [131762]: mask |--------|--------||BB------|--------||--------|--------||--------|--------||||--------|--------||--------|--------||--------|--------||--------|--------|  set
cpu-bind=MASK - n2lcn0150, task 79 15 [129729]: mask |--------|--------||--------|------BB||--------|--------||--------|--------||||--------|--------||--------|--------||--------|--------||--------|--------|  set
cpu-bind=MASK - n2lcn0152, task 212 20 [79501]: mask |--------|--------||--------|--------||--------|BB------||--------|--------||||--------|--------||--------|--------||--------|--------||--------|--------|  set
cpu-bind=MASK - n2lcn0151, task 143 15 [169617]: mask |--------|--------||--------|------BB||--------|--------||--------|--------||||--------|--------||--------|--------||--------|--------||--------|--------|  set
cpu-bind=MASK - n2lcn0149, task  9  9 [131763]: mask |--------|--------||--BB----|--------||--------|--------||--------|--------||||--------|--------||--------|--------||--------|--------||--------|--------|  set
cpu-bind=MASK - n2lcn0152, task 213 21 [79502]: mask |--------|--------||--------|--------||--------|--BB----||--------|--------||||--------|--------||--------|--------||--------|--------||--------|--------|  set
cpu-bind=MASK - n2lcn0150, task 80 16 [129730]: mask |--------|--------||--------|--------||BB------|--------||--------|--------||||--------|--------||--------|--------||--------|--------||--------|--------|  set
cpu-bind=MASK - n2lcn0151, task 144 16 [169618]: mask |--------|--------||--------|--------||BB------|--------||--------|--------||||--------|--------||--------|--------||--------|--------||--------|--------|  set
cpu-bind=MASK - n2lcn0152, task 214 22 [79503]: mask |--------|--------||--------|--------||--------|----BB--||--------|--------||||--------|--------||--------|--------||--------|--------||--------|--------|  set
cpu-bind=MASK - n2lcn0149, task 10 10 [131764]: mask |--------|--------||----BB--|--------||--------|--------||--------|--------||||--------|--------||--------|--------||--------|--------||--------|--------|  set
cpu-bind=MASK - n2lcn0151, task 145 17 [169619]: mask |--------|--------||--------|--------||--BB----|--------||--------|--------||||--------|--------||--------|--------||--------|--------||--------|--------|  set
cpu-bind=MASK - n2lcn0150, task 81 17 [129731]: mask |--------|--------||--------|--------||--BB----|--------||--------|--------||||--------|--------||--------|--------||--------|--------||--------|--------|  set
cpu-bind=MASK - n2lcn0152, task 215 23 [79504]: mask |--------|--------||--------|--------||--------|------BB||--------|--------||||--------|--------||--------|--------||--------|--------||--------|--------|  set
cpu-bind=MASK - n2lcn0151, task 146 18 [169620]: mask |--------|--------||--------|--------||----BB--|--------||--------|--------||||--------|--------||--------|--------||--------|--------||--------|--------|  set
cpu-bind=MASK - n2lcn0149, task 11 11 [131765]: mask |--------|--------||------BB|--------||--------|--------||--------|--------||||--------|--------||--------|--------||--------|--------||--------|--------|  set
cpu-bind=MASK - n2lcn0150, task 82 18 [129732]: mask |--------|--------||--------|--------||----BB--|--------||--------|--------||||--------|--------||--------|--------||--------|--------||--------|--------|  set
cpu-bind=MASK - n2lcn0151, task 147 19 [169621]: mask |--------|--------||--------|--------||------BB|--------||--------|--------||||--------|--------||--------|--------||--------|--------||--------|--------|  set
cpu-bind=MASK - n2lcn0152, task 216 24 [79505]: mask |--------|--------||--------|--------||--------|--------||BB------|--------||||--------|--------||--------|--------||--------|--------||--------|--------|  set
cpu-bind=MASK - n2lcn0150, task 83 19 [129733]: mask |--------|--------||--------|--------||------BB|--------||--------|--------||||--------|--------||--------|--------||--------|--------||--------|--------|  set
cpu-bind=MASK - n2lcn0149, task 12 12 [131766]: mask |--------|--------||--------|BB------||--------|--------||--------|--------||||--------|--------||--------|--------||--------|--------||--------|--------|  set
cpu-bind=MASK - n2lcn0152, task 217 25 [79506]: mask |--------|--------||--------|--------||--------|--------||--BB----|--------||||--------|--------||--------|--------||--------|--------||--------|--------|  set
cpu-bind=MASK - n2lcn0151, task 148 20 [169622]: mask |--------|--------||--------|--------||--------|BB------||--------|--------||||--------|--------||--------|--------||--------|--------||--------|--------|  set
cpu-bind=MASK - n2lcn0150, task 84 20 [129734]: mask |--------|--------||--------|--------||--------|BB------||--------|--------||||--------|--------||--------|--------||--------|--------||--------|--------|  set
cpu-bind=MASK - n2lcn0149, task 13 13 [131767]: mask |--------|--------||--------|--BB----||--------|--------||--------|--------||||--------|--------||--------|--------||--------|--------||--------|--------|  set
cpu-bind=MASK - n2lcn0152, task 218 26 [79507]: mask |--------|--------||--------|--------||--------|--------||----BB--|--------||||--------|--------||--------|--------||--------|--------||--------|--------|  set
cpu-bind=MASK - n2lcn0151, task 149 21 [169623]: mask |--------|--------||--------|--------||--------|--BB----||--------|--------||||--------|--------||--------|--------||--------|--------||--------|--------|  set
cpu-bind=MASK - n2lcn0150, task 85 21 [129735]: mask |--------|--------||--------|--------||--------|--BB----||--------|--------||||--------|--------||--------|--------||--------|--------||--------|--------|  set
cpu-bind=MASK - n2lcn0149, task 14 14 [131768]: mask |--------|--------||--------|----BB--||--------|--------||--------|--------||||--------|--------||--------|--------||--------|--------||--------|--------|  set
cpu-bind=MASK - n2lcn0152, task 219 27 [79508]: mask |--------|--------||--------|--------||--------|--------||------BB|--------||||--------|--------||--------|--------||--------|--------||--------|--------|  set
cpu-bind=MASK - n2lcn0151, task 150 22 [169624]: mask |--------|--------||--------|--------||--------|----BB--||--------|--------||||--------|--------||--------|--------||--------|--------||--------|--------|  set
cpu-bind=MASK - n2lcn0150, task 86 22 [129736]: mask |--------|--------||--------|--------||--------|----BB--||--------|--------||||--------|--------||--------|--------||--------|--------||--------|--------|  set
cpu-bind=MASK - n2lcn0149, task 15 15 [131769]: mask |--------|--------||--------|------BB||--------|--------||--------|--------||||--------|--------||--------|--------||--------|--------||--------|--------|  set
cpu-bind=MASK - n2lcn0152, task 220 28 [79509]: mask |--------|--------||--------|--------||--------|--------||--------|BB------||||--------|--------||--------|--------||--------|--------||--------|--------|  set
cpu-bind=MASK - n2lcn0151, task 151 23 [169625]: mask |--------|--------||--------|--------||--------|------BB||--------|--------||||--------|--------||--------|--------||--------|--------||--------|--------|  set
cpu-bind=MASK - n2lcn0150, task 87 23 [129737]: mask |--------|--------||--------|--------||--------|------BB||--------|--------||||--------|--------||--------|--------||--------|--------||--------|--------|  set
cpu-bind=MASK - n2lcn0149, task 16 16 [131770]: mask |--------|--------||--------|--------||BB------|--------||--------|--------||||--------|--------||--------|--------||--------|--------||--------|--------|  set
cpu-bind=MASK - n2lcn0151, task 152 24 [169626]: mask |--------|--------||--------|--------||--------|--------||BB------|--------||||--------|--------||--------|--------||--------|--------||--------|--------|  set
cpu-bind=MASK - n2lcn0152, task 221 29 [79510]: mask |--------|--------||--------|--------||--------|--------||--------|--BB----||||--------|--------||--------|--------||--------|--------||--------|--------|  set
cpu-bind=MASK - n2lcn0150, task 88 24 [129738]: mask |--------|--------||--------|--------||--------|--------||BB------|--------||||--------|--------||--------|--------||--------|--------||--------|--------|  set
cpu-bind=MASK - n2lcn0149, task 17 17 [131771]: mask |--------|--------||--------|--------||--BB----|--------||--------|--------||||--------|--------||--------|--------||--------|--------||--------|--------|  set
cpu-bind=MASK - n2lcn0152, task 222 30 [79511]: mask |--------|--------||--------|--------||--------|--------||--------|----BB--||||--------|--------||--------|--------||--------|--------||--------|--------|  set
cpu-bind=MASK - n2lcn0151, task 153 25 [169627]: mask |--------|--------||--------|--------||--------|--------||--BB----|--------||||--------|--------||--------|--------||--------|--------||--------|--------|  set
cpu-bind=MASK - n2lcn0150, task 89 25 [129739]: mask |--------|--------||--------|--------||--------|--------||--BB----|--------||||--------|--------||--------|--------||--------|--------||--------|--------|  set
cpu-bind=MASK - n2lcn0151, task 154 26 [169628]: mask |--------|--------||--------|--------||--------|--------||----BB--|--------||||--------|--------||--------|--------||--------|--------||--------|--------|  set
cpu-bind=MASK - n2lcn0152, task 223 31 [79512]: mask |--------|--------||--------|--------||--------|--------||--------|------BB||||--------|--------||--------|--------||--------|--------||--------|--------|  set
cpu-bind=MASK - n2lcn0149, task 18 18 [131772]: mask |--------|--------||--------|--------||----BB--|--------||--------|--------||||--------|--------||--------|--------||--------|--------||--------|--------|  set
cpu-bind=MASK - n2lcn0150, task 90 26 [129740]: mask |--------|--------||--------|--------||--------|--------||----BB--|--------||||--------|--------||--------|--------||--------|--------||--------|--------|  set
cpu-bind=MASK - n2lcn0151, task 155 27 [169629]: mask |--------|--------||--------|--------||--------|--------||------BB|--------||||--------|--------||--------|--------||--------|--------||--------|--------|  set
cpu-bind=MASK - n2lcn0149, task 19 19 [131773]: mask |--------|--------||--------|--------||------BB|--------||--------|--------||||--------|--------||--------|--------||--------|--------||--------|--------|  set
cpu-bind=MASK - n2lcn0150, task 91 27 [129741]: mask |--------|--------||--------|--------||--------|--------||------BB|--------||||--------|--------||--------|--------||--------|--------||--------|--------|  set
cpu-bind=MASK - n2lcn0152, task 224 32 [79513]: mask |--------|--------||--------|--------||--------|--------||--------|--------||||BB------|--------||--------|--------||--------|--------||--------|--------|  set
cpu-bind=MASK - n2lcn0151, task 156 28 [169630]: mask |--------|--------||--------|--------||--------|--------||--------|BB------||||--------|--------||--------|--------||--------|--------||--------|--------|  set
cpu-bind=MASK - n2lcn0150, task 92 28 [129742]: mask |--------|--------||--------|--------||--------|--------||--------|BB------||||--------|--------||--------|--------||--------|--------||--------|--------|  set
cpu-bind=MASK - n2lcn0149, task 20 20 [131774]: mask |--------|--------||--------|--------||--------|BB------||--------|--------||||--------|--------||--------|--------||--------|--------||--------|--------|  set
cpu-bind=MASK - n2lcn0152, task 225 33 [79514]: mask |--------|--------||--------|--------||--------|--------||--------|--------||||--BB----|--------||--------|--------||--------|--------||--------|--------|  set
cpu-bind=MASK - n2lcn0151, task 157 29 [169631]: mask |--------|--------||--------|--------||--------|--------||--------|--BB----||||--------|--------||--------|--------||--------|--------||--------|--------|  set
cpu-bind=MASK - n2lcn0150, task 93 29 [129743]: mask |--------|--------||--------|--------||--------|--------||--------|--BB----||||--------|--------||--------|--------||--------|--------||--------|--------|  set
cpu-bind=MASK - n2lcn0149, task 21 21 [131775]: mask |--------|--------||--------|--------||--------|--BB----||--------|--------||||--------|--------||--------|--------||--------|--------||--------|--------|  set
cpu-bind=MASK - n2lcn0151, task 158 30 [169632]: mask |--------|--------||--------|--------||--------|--------||--------|----BB--||||--------|--------||--------|--------||--------|--------||--------|--------|  set
cpu-bind=MASK - n2lcn0152, task 226 34 [79515]: mask |--------|--------||--------|--------||--------|--------||--------|--------||||----BB--|--------||--------|--------||--------|--------||--------|--------|  set
cpu-bind=MASK - n2lcn0150, task 94 30 [129744]: mask |--------|--------||--------|--------||--------|--------||--------|----BB--||||--------|--------||--------|--------||--------|--------||--------|--------|  set
cpu-bind=MASK - n2lcn0149, task 22 22 [131776]: mask |--------|--------||--------|--------||--------|----BB--||--------|--------||||--------|--------||--------|--------||--------|--------||--------|--------|  set
cpu-bind=MASK - n2lcn0152, task 227 35 [79516]: mask |--------|--------||--------|--------||--------|--------||--------|--------||||------BB|--------||--------|--------||--------|--------||--------|--------|  set
cpu-bind=MASK - n2lcn0151, task 159 31 [169633]: mask |--------|--------||--------|--------||--------|--------||--------|------BB||||--------|--------||--------|--------||--------|--------||--------|--------|  set
cpu-bind=MASK - n2lcn0150, task 95 31 [129745]: mask |--------|--------||--------|--------||--------|--------||--------|------BB||||--------|--------||--------|--------||--------|--------||--------|--------|  set
cpu-bind=MASK - n2lcn0152, task 228 36 [79517]: mask |--------|--------||--------|--------||--------|--------||--------|--------||||--------|BB------||--------|--------||--------|--------||--------|--------|  set
cpu-bind=MASK - n2lcn0151, task 160 32 [169634]: mask |--------|--------||--------|--------||--------|--------||--------|--------||||BB------|--------||--------|--------||--------|--------||--------|--------|  set
cpu-bind=MASK - n2lcn0149, task 23 23 [131777]: mask |--------|--------||--------|--------||--------|------BB||--------|--------||||--------|--------||--------|--------||--------|--------||--------|--------|  set
cpu-bind=MASK - n2lcn0150, task 96 32 [129746]: mask |--------|--------||--------|--------||--------|--------||--------|--------||||BB------|--------||--------|--------||--------|--------||--------|--------|  set
cpu-bind=MASK - n2lcn0152, task 229 37 [79518]: mask |--------|--------||--------|--------||--------|--------||--------|--------||||--------|--BB----||--------|--------||--------|--------||--------|--------|  set
cpu-bind=MASK - n2lcn0151, task 161 33 [169635]: mask |--------|--------||--------|--------||--------|--------||--------|--------||||--BB----|--------||--------|--------||--------|--------||--------|--------|  set
cpu-bind=MASK - n2lcn0149, task 24 24 [131778]: mask |--------|--------||--------|--------||--------|--------||BB------|--------||||--------|--------||--------|--------||--------|--------||--------|--------|  set
cpu-bind=MASK - n2lcn0150, task 97 33 [129747]: mask |--------|--------||--------|--------||--------|--------||--------|--------||||--BB----|--------||--------|--------||--------|--------||--------|--------|  set
cpu-bind=MASK - n2lcn0151, task 162 34 [169636]: mask |--------|--------||--------|--------||--------|--------||--------|--------||||----BB--|--------||--------|--------||--------|--------||--------|--------|  set
cpu-bind=MASK - n2lcn0152, task 230 38 [79519]: mask |--------|--------||--------|--------||--------|--------||--------|--------||||--------|----BB--||--------|--------||--------|--------||--------|--------|  set
cpu-bind=MASK - n2lcn0149, task 25 25 [131779]: mask |--------|--------||--------|--------||--------|--------||--BB----|--------||||--------|--------||--------|--------||--------|--------||--------|--------|  set
cpu-bind=MASK - n2lcn0150, task 98 34 [129748]: mask |--------|--------||--------|--------||--------|--------||--------|--------||||----BB--|--------||--------|--------||--------|--------||--------|--------|  set
cpu-bind=MASK - n2lcn0151, task 163 35 [169637]: mask |--------|--------||--------|--------||--------|--------||--------|--------||||------BB|--------||--------|--------||--------|--------||--------|--------|  set
cpu-bind=MASK - n2lcn0152, task 231 39 [79520]: mask |--------|--------||--------|--------||--------|--------||--------|--------||||--------|------BB||--------|--------||--------|--------||--------|--------|  set
cpu-bind=MASK - n2lcn0149, task 26 26 [131780]: mask |--------|--------||--------|--------||--------|--------||----BB--|--------||||--------|--------||--------|--------||--------|--------||--------|--------|  set
cpu-bind=MASK - n2lcn0150, task 99 35 [129749]: mask |--------|--------||--------|--------||--------|--------||--------|--------||||------BB|--------||--------|--------||--------|--------||--------|--------|  set
cpu-bind=MASK - n2lcn0152, task 232 40 [79521]: mask |--------|--------||--------|--------||--------|--------||--------|--------||||--------|--------||BB------|--------||--------|--------||--------|--------|  set
cpu-bind=MASK - n2lcn0149, task 27 27 [131781]: mask |--------|--------||--------|--------||--------|--------||------BB|--------||||--------|--------||--------|--------||--------|--------||--------|--------|  set
cpu-bind=MASK - n2lcn0151, task 164 36 [169638]: mask |--------|--------||--------|--------||--------|--------||--------|--------||||--------|BB------||--------|--------||--------|--------||--------|--------|  set
cpu-bind=MASK - n2lcn0150, task 100 36 [129750]: mask |--------|--------||--------|--------||--------|--------||--------|--------||||--------|BB------||--------|--------||--------|--------||--------|--------|  set
cpu-bind=MASK - n2lcn0152, task 233 41 [79522]: mask |--------|--------||--------|--------||--------|--------||--------|--------||||--------|--------||--BB----|--------||--------|--------||--------|--------|  set
cpu-bind=MASK - n2lcn0149, task 28 28 [131782]: mask |--------|--------||--------|--------||--------|--------||--------|BB------||||--------|--------||--------|--------||--------|--------||--------|--------|  set
cpu-bind=MASK - n2lcn0151, task 165 37 [169639]: mask |--------|--------||--------|--------||--------|--------||--------|--------||||--------|--BB----||--------|--------||--------|--------||--------|--------|  set
cpu-bind=MASK - n2lcn0150, task 101 37 [129751]: mask |--------|--------||--------|--------||--------|--------||--------|--------||||--------|--BB----||--------|--------||--------|--------||--------|--------|  set
cpu-bind=MASK - n2lcn0152, task 234 42 [79523]: mask |--------|--------||--------|--------||--------|--------||--------|--------||||--------|--------||----BB--|--------||--------|--------||--------|--------|  set
cpu-bind=MASK - n2lcn0149, task 29 29 [131783]: mask |--------|--------||--------|--------||--------|--------||--------|--BB----||||--------|--------||--------|--------||--------|--------||--------|--------|  set
cpu-bind=MASK - n2lcn0150, task 102 38 [129752]: mask |--------|--------||--------|--------||--------|--------||--------|--------||||--------|----BB--||--------|--------||--------|--------||--------|--------|  set
cpu-bind=MASK - n2lcn0151, task 166 38 [169640]: mask |--------|--------||--------|--------||--------|--------||--------|--------||||--------|----BB--||--------|--------||--------|--------||--------|--------|  set
cpu-bind=MASK - n2lcn0152, task 235 43 [79524]: mask |--------|--------||--------|--------||--------|--------||--------|--------||||--------|--------||------BB|--------||--------|--------||--------|--------|  set
cpu-bind=MASK - n2lcn0149, task 30 30 [131784]: mask |--------|--------||--------|--------||--------|--------||--------|----BB--||||--------|--------||--------|--------||--------|--------||--------|--------|  set
cpu-bind=MASK - n2lcn0150, task 103 39 [129753]: mask |--------|--------||--------|--------||--------|--------||--------|--------||||--------|------BB||--------|--------||--------|--------||--------|--------|  set
cpu-bind=MASK - n2lcn0151, task 167 39 [169641]: mask |--------|--------||--------|--------||--------|--------||--------|--------||||--------|------BB||--------|--------||--------|--------||--------|--------|  set
cpu-bind=MASK - n2lcn0152, task 236 44 [79525]: mask |--------|--------||--------|--------||--------|--------||--------|--------||||--------|--------||--------|BB------||--------|--------||--------|--------|  set
cpu-bind=MASK - n2lcn0149, task 31 31 [131785]: mask |--------|--------||--------|--------||--------|--------||--------|------BB||||--------|--------||--------|--------||--------|--------||--------|--------|  set
cpu-bind=MASK - n2lcn0150, task 104 40 [129754]: mask |--------|--------||--------|--------||--------|--------||--------|--------||||--------|--------||BB------|--------||--------|--------||--------|--------|  set
cpu-bind=MASK - n2lcn0151, task 168 40 [169642]: mask |--------|--------||--------|--------||--------|--------||--------|--------||||--------|--------||BB------|--------||--------|--------||--------|--------|  set
cpu-bind=MASK - n2lcn0152, task 237 45 [79526]: mask |--------|--------||--------|--------||--------|--------||--------|--------||||--------|--------||--------|--BB----||--------|--------||--------|--------|  set
cpu-bind=MASK - n2lcn0149, task 32 32 [131786]: mask |--------|--------||--------|--------||--------|--------||--------|--------||||BB------|--------||--------|--------||--------|--------||--------|--------|  set
cpu-bind=MASK - n2lcn0150, task 105 41 [129755]: mask |--------|--------||--------|--------||--------|--------||--------|--------||||--------|--------||--BB----|--------||--------|--------||--------|--------|  set
cpu-bind=MASK - n2lcn0152, task 238 46 [79527]: mask |--------|--------||--------|--------||--------|--------||--------|--------||||--------|--------||--------|----BB--||--------|--------||--------|--------|  set
cpu-bind=MASK - n2lcn0151, task 169 41 [169643]: mask |--------|--------||--------|--------||--------|--------||--------|--------||||--------|--------||--BB----|--------||--------|--------||--------|--------|  set
cpu-bind=MASK - n2lcn0149, task 33 33 [131787]: mask |--------|--------||--------|--------||--------|--------||--------|--------||||--BB----|--------||--------|--------||--------|--------||--------|--------|  set
cpu-bind=MASK - n2lcn0150, task 106 42 [129756]: mask |--------|--------||--------|--------||--------|--------||--------|--------||||--------|--------||----BB--|--------||--------|--------||--------|--------|  set
cpu-bind=MASK - n2lcn0152, task 239 47 [79528]: mask |--------|--------||--------|--------||--------|--------||--------|--------||||--------|--------||--------|------BB||--------|--------||--------|--------|  set
cpu-bind=MASK - n2lcn0151, task 170 42 [169644]: mask |--------|--------||--------|--------||--------|--------||--------|--------||||--------|--------||----BB--|--------||--------|--------||--------|--------|  set
cpu-bind=MASK - n2lcn0149, task 34 34 [131788]: mask |--------|--------||--------|--------||--------|--------||--------|--------||||----BB--|--------||--------|--------||--------|--------||--------|--------|  set
cpu-bind=MASK - n2lcn0150, task 107 43 [129757]: mask |--------|--------||--------|--------||--------|--------||--------|--------||||--------|--------||------BB|--------||--------|--------||--------|--------|  set
cpu-bind=MASK - n2lcn0152, task 240 48 [79529]: mask |--------|--------||--------|--------||--------|--------||--------|--------||||--------|--------||--------|--------||BB------|--------||--------|--------|  set
cpu-bind=MASK - n2lcn0151, task 171 43 [169645]: mask |--------|--------||--------|--------||--------|--------||--------|--------||||--------|--------||------BB|--------||--------|--------||--------|--------|  set
cpu-bind=MASK - n2lcn0149, task 35 35 [131789]: mask |--------|--------||--------|--------||--------|--------||--------|--------||||------BB|--------||--------|--------||--------|--------||--------|--------|  set
cpu-bind=MASK - n2lcn0150, task 108 44 [129758]: mask |--------|--------||--------|--------||--------|--------||--------|--------||||--------|--------||--------|BB------||--------|--------||--------|--------|  set
cpu-bind=MASK - n2lcn0152, task 241 49 [79530]: mask |--------|--------||--------|--------||--------|--------||--------|--------||||--------|--------||--------|--------||--BB----|--------||--------|--------|  set
cpu-bind=MASK - n2lcn0151, task 172 44 [169646]: mask |--------|--------||--------|--------||--------|--------||--------|--------||||--------|--------||--------|BB------||--------|--------||--------|--------|  set
cpu-bind=MASK - n2lcn0150, task 109 45 [129759]: mask |--------|--------||--------|--------||--------|--------||--------|--------||||--------|--------||--------|--BB----||--------|--------||--------|--------|  set
cpu-bind=MASK - n2lcn0149, task 36 36 [131790]: mask |--------|--------||--------|--------||--------|--------||--------|--------||||--------|BB------||--------|--------||--------|--------||--------|--------|  set
cpu-bind=MASK - n2lcn0152, task 242 50 [79531]: mask |--------|--------||--------|--------||--------|--------||--------|--------||||--------|--------||--------|--------||----BB--|--------||--------|--------|  set
cpu-bind=MASK - n2lcn0151, task 173 45 [169647]: mask |--------|--------||--------|--------||--------|--------||--------|--------||||--------|--------||--------|--BB----||--------|--------||--------|--------|  set
cpu-bind=MASK - n2lcn0150, task 110 46 [129760]: mask |--------|--------||--------|--------||--------|--------||--------|--------||||--------|--------||--------|----BB--||--------|--------||--------|--------|  set
cpu-bind=MASK - n2lcn0149, task 37 37 [131791]: mask |--------|--------||--------|--------||--------|--------||--------|--------||||--------|--BB----||--------|--------||--------|--------||--------|--------|  set
cpu-bind=MASK - n2lcn0152, task 243 51 [79532]: mask |--------|--------||--------|--------||--------|--------||--------|--------||||--------|--------||--------|--------||------BB|--------||--------|--------|  set
cpu-bind=MASK - n2lcn0151, task 174 46 [169648]: mask |--------|--------||--------|--------||--------|--------||--------|--------||||--------|--------||--------|----BB--||--------|--------||--------|--------|  set
cpu-bind=MASK - n2lcn0150, task 111 47 [129761]: mask |--------|--------||--------|--------||--------|--------||--------|--------||||--------|--------||--------|------BB||--------|--------||--------|--------|  set
cpu-bind=MASK - n2lcn0149, task 38 38 [131792]: mask |--------|--------||--------|--------||--------|--------||--------|--------||||--------|----BB--||--------|--------||--------|--------||--------|--------|  set
cpu-bind=MASK - n2lcn0152, task 244 52 [79533]: mask |--------|--------||--------|--------||--------|--------||--------|--------||||--------|--------||--------|--------||--------|BB------||--------|--------|  set
cpu-bind=MASK - n2lcn0151, task 175 47 [169649]: mask |--------|--------||--------|--------||--------|--------||--------|--------||||--------|--------||--------|------BB||--------|--------||--------|--------|  set
cpu-bind=MASK - n2lcn0150, task 112 48 [129762]: mask |--------|--------||--------|--------||--------|--------||--------|--------||||--------|--------||--------|--------||BB------|--------||--------|--------|  set
cpu-bind=MASK - n2lcn0149, task 39 39 [131793]: mask |--------|--------||--------|--------||--------|--------||--------|--------||||--------|------BB||--------|--------||--------|--------||--------|--------|  set
cpu-bind=MASK - n2lcn0152, task 245 53 [79534]: mask |--------|--------||--------|--------||--------|--------||--------|--------||||--------|--------||--------|--------||--------|--BB----||--------|--------|  set
cpu-bind=MASK - n2lcn0151, task 176 48 [169650]: mask |--------|--------||--------|--------||--------|--------||--------|--------||||--------|--------||--------|--------||BB------|--------||--------|--------|  set
cpu-bind=MASK - n2lcn0150, task 113 49 [129763]: mask |--------|--------||--------|--------||--------|--------||--------|--------||||--------|--------||--------|--------||--BB----|--------||--------|--------|  set
cpu-bind=MASK - n2lcn0149, task 40 40 [131794]: mask |--------|--------||--------|--------||--------|--------||--------|--------||||--------|--------||BB------|--------||--------|--------||--------|--------|  set
cpu-bind=MASK - n2lcn0152, task 246 54 [79535]: mask |--------|--------||--------|--------||--------|--------||--------|--------||||--------|--------||--------|--------||--------|----BB--||--------|--------|  set
cpu-bind=MASK - n2lcn0150, task 114 50 [129764]: mask |--------|--------||--------|--------||--------|--------||--------|--------||||--------|--------||--------|--------||----BB--|--------||--------|--------|  set
cpu-bind=MASK - n2lcn0149, task 41 41 [131795]: mask |--------|--------||--------|--------||--------|--------||--------|--------||||--------|--------||--BB----|--------||--------|--------||--------|--------|  set
cpu-bind=MASK - n2lcn0151, task 177 49 [169651]: mask |--------|--------||--------|--------||--------|--------||--------|--------||||--------|--------||--------|--------||--BB----|--------||--------|--------|  set
cpu-bind=MASK - n2lcn0152, task 247 55 [79536]: mask |--------|--------||--------|--------||--------|--------||--------|--------||||--------|--------||--------|--------||--------|------BB||--------|--------|  set
cpu-bind=MASK - n2lcn0150, task 115 51 [129765]: mask |--------|--------||--------|--------||--------|--------||--------|--------||||--------|--------||--------|--------||------BB|--------||--------|--------|  set
cpu-bind=MASK - n2lcn0151, task 178 50 [169652]: mask |--------|--------||--------|--------||--------|--------||--------|--------||||--------|--------||--------|--------||----BB--|--------||--------|--------|  set
cpu-bind=MASK - n2lcn0149, task 42 42 [131796]: mask |--------|--------||--------|--------||--------|--------||--------|--------||||--------|--------||----BB--|--------||--------|--------||--------|--------|  set
cpu-bind=MASK - n2lcn0152, task 248 56 [79537]: mask |--------|--------||--------|--------||--------|--------||--------|--------||||--------|--------||--------|--------||--------|--------||BB------|--------|  set
cpu-bind=MASK - n2lcn0151, task 179 51 [169653]: mask |--------|--------||--------|--------||--------|--------||--------|--------||||--------|--------||--------|--------||------BB|--------||--------|--------|  set
cpu-bind=MASK - n2lcn0150, task 116 52 [129766]: mask |--------|--------||--------|--------||--------|--------||--------|--------||||--------|--------||--------|--------||--------|BB------||--------|--------|  set
cpu-bind=MASK - n2lcn0149, task 43 43 [131797]: mask |--------|--------||--------|--------||--------|--------||--------|--------||||--------|--------||------BB|--------||--------|--------||--------|--------|  set
cpu-bind=MASK - n2lcn0152, task 249 57 [79538]: mask |--------|--------||--------|--------||--------|--------||--------|--------||||--------|--------||--------|--------||--------|--------||--BB----|--------|  set
cpu-bind=MASK - n2lcn0151, task 180 52 [169654]: mask |--------|--------||--------|--------||--------|--------||--------|--------||||--------|--------||--------|--------||--------|BB------||--------|--------|  set
cpu-bind=MASK - n2lcn0150, task 117 53 [129767]: mask |--------|--------||--------|--------||--------|--------||--------|--------||||--------|--------||--------|--------||--------|--BB----||--------|--------|  set
cpu-bind=MASK - n2lcn0149, task 44 44 [131798]: mask |--------|--------||--------|--------||--------|--------||--------|--------||||--------|--------||--------|BB------||--------|--------||--------|--------|  set
cpu-bind=MASK - n2lcn0152, task 250 58 [79539]: mask |--------|--------||--------|--------||--------|--------||--------|--------||||--------|--------||--------|--------||--------|--------||----BB--|--------|  set
cpu-bind=MASK - n2lcn0151, task 181 53 [169655]: mask |--------|--------||--------|--------||--------|--------||--------|--------||||--------|--------||--------|--------||--------|--BB----||--------|--------|  set
cpu-bind=MASK - n2lcn0150, task 118 54 [129768]: mask |--------|--------||--------|--------||--------|--------||--------|--------||||--------|--------||--------|--------||--------|----BB--||--------|--------|  set
cpu-bind=MASK - n2lcn0149, task 45 45 [131799]: mask |--------|--------||--------|--------||--------|--------||--------|--------||||--------|--------||--------|--BB----||--------|--------||--------|--------|  set
cpu-bind=MASK - n2lcn0152, task 251 59 [79540]: mask |--------|--------||--------|--------||--------|--------||--------|--------||||--------|--------||--------|--------||--------|--------||------BB|--------|  set
cpu-bind=MASK - n2lcn0151, task 182 54 [169656]: mask |--------|--------||--------|--------||--------|--------||--------|--------||||--------|--------||--------|--------||--------|----BB--||--------|--------|  set
cpu-bind=MASK - n2lcn0150, task 119 55 [129769]: mask |--------|--------||--------|--------||--------|--------||--------|--------||||--------|--------||--------|--------||--------|------BB||--------|--------|  set
cpu-bind=MASK - n2lcn0149, task 46 46 [131800]: mask |--------|--------||--------|--------||--------|--------||--------|--------||||--------|--------||--------|----BB--||--------|--------||--------|--------|  set
cpu-bind=MASK - n2lcn0152, task 252 60 [79541]: mask |--------|--------||--------|--------||--------|--------||--------|--------||||--------|--------||--------|--------||--------|--------||--------|BB------|  set
cpu-bind=MASK - n2lcn0151, task 183 55 [169657]: mask |--------|--------||--------|--------||--------|--------||--------|--------||||--------|--------||--------|--------||--------|------BB||--------|--------|  set
cpu-bind=MASK - n2lcn0149, task 47 47 [131801]: mask |--------|--------||--------|--------||--------|--------||--------|--------||||--------|--------||--------|------BB||--------|--------||--------|--------|  set
cpu-bind=MASK - n2lcn0150, task 120 56 [129770]: mask |--------|--------||--------|--------||--------|--------||--------|--------||||--------|--------||--------|--------||--------|--------||BB------|--------|  set
cpu-bind=MASK - n2lcn0152, task 253 61 [79542]: mask |--------|--------||--------|--------||--------|--------||--------|--------||||--------|--------||--------|--------||--------|--------||--------|--BB----|  set
cpu-bind=MASK - n2lcn0151, task 184 56 [169658]: mask |--------|--------||--------|--------||--------|--------||--------|--------||||--------|--------||--------|--------||--------|--------||BB------|--------|  set
cpu-bind=MASK - n2lcn0149, task 48 48 [131802]: mask |--------|--------||--------|--------||--------|--------||--------|--------||||--------|--------||--------|--------||BB------|--------||--------|--------|  set
cpu-bind=MASK - n2lcn0150, task 121 57 [129771]: mask |--------|--------||--------|--------||--------|--------||--------|--------||||--------|--------||--------|--------||--------|--------||--BB----|--------|  set
cpu-bind=MASK - n2lcn0152, task 254 62 [79543]: mask |--------|--------||--------|--------||--------|--------||--------|--------||||--------|--------||--------|--------||--------|--------||--------|----BB--|  set
cpu-bind=MASK - n2lcn0151, task 185 57 [169659]: mask |--------|--------||--------|--------||--------|--------||--------|--------||||--------|--------||--------|--------||--------|--------||--BB----|--------|  set
cpu-bind=MASK - n2lcn0149, task 49 49 [131803]: mask |--------|--------||--------|--------||--------|--------||--------|--------||||--------|--------||--------|--------||--BB----|--------||--------|--------|  set
cpu-bind=MASK - n2lcn0150, task 122 58 [129772]: mask |--------|--------||--------|--------||--------|--------||--------|--------||||--------|--------||--------|--------||--------|--------||----BB--|--------|  set
cpu-bind=MASK - n2lcn0151, task 186 58 [169660]: mask |--------|--------||--------|--------||--------|--------||--------|--------||||--------|--------||--------|--------||--------|--------||----BB--|--------|  set
cpu-bind=MASK - n2lcn0149, task 50 50 [131804]: mask |--------|--------||--------|--------||--------|--------||--------|--------||||--------|--------||--------|--------||----BB--|--------||--------|--------|  set
cpu-bind=MASK - n2lcn0150, task 123 59 [129773]: mask |--------|--------||--------|--------||--------|--------||--------|--------||||--------|--------||--------|--------||--------|--------||------BB|--------|  set
cpu-bind=MASK - n2lcn0151, task 187 59 [169661]: mask |--------|--------||--------|--------||--------|--------||--------|--------||||--------|--------||--------|--------||--------|--------||------BB|--------|  set
cpu-bind=MASK - n2lcn0149, task 51 51 [131805]: mask |--------|--------||--------|--------||--------|--------||--------|--------||||--------|--------||--------|--------||------BB|--------||--------|--------|  set
cpu-bind=MASK - n2lcn0150, task 124 60 [129774]: mask |--------|--------||--------|--------||--------|--------||--------|--------||||--------|--------||--------|--------||--------|--------||--------|BB------|  set
cpu-bind=MASK - n2lcn0151, task 188 60 [169662]: mask |--------|--------||--------|--------||--------|--------||--------|--------||||--------|--------||--------|--------||--------|--------||--------|BB------|  set
cpu-bind=MASK - n2lcn0149, task 52 52 [131806]: mask |--------|--------||--------|--------||--------|--------||--------|--------||||--------|--------||--------|--------||--------|BB------||--------|--------|  set
cpu-bind=MASK - n2lcn0150, task 125 61 [129775]: mask |--------|--------||--------|--------||--------|--------||--------|--------||||--------|--------||--------|--------||--------|--------||--------|--BB----|  set
cpu-bind=MASK - n2lcn0151, task 189 61 [169663]: mask |--------|--------||--------|--------||--------|--------||--------|--------||||--------|--------||--------|--------||--------|--------||--------|--BB----|  set
cpu-bind=MASK - n2lcn0150, task 126 62 [129776]: mask |--------|--------||--------|--------||--------|--------||--------|--------||||--------|--------||--------|--------||--------|--------||--------|----BB--|  set
cpu-bind=MASK - n2lcn0149, task 53 53 [131807]: mask |--------|--------||--------|--------||--------|--------||--------|--------||||--------|--------||--------|--------||--------|--BB----||--------|--------|  set
cpu-bind=MASK - n2lcn0151, task 190 62 [169664]: mask |--------|--------||--------|--------||--------|--------||--------|--------||||--------|--------||--------|--------||--------|--------||--------|----BB--|  set
cpu-bind=MASK - n2lcn0149, task 54 54 [131808]: mask |--------|--------||--------|--------||--------|--------||--------|--------||||--------|--------||--------|--------||--------|----BB--||--------|--------|  set
cpu-bind=MASK - n2lcn0149, task 55 55 [131809]: mask |--------|--------||--------|--------||--------|--------||--------|--------||||--------|--------||--------|--------||--------|------BB||--------|--------|  set
cpu-bind=MASK - n2lcn0149, task 56 56 [131810]: mask |--------|--------||--------|--------||--------|--------||--------|--------||||--------|--------||--------|--------||--------|--------||BB------|--------|  set
cpu-bind=MASK - n2lcn0149, task 57 57 [131811]: mask |--------|--------||--------|--------||--------|--------||--------|--------||||--------|--------||--------|--------||--------|--------||--BB----|--------|  set
cpu-bind=MASK - n2lcn0149, task 58 58 [131812]: mask |--------|--------||--------|--------||--------|--------||--------|--------||||--------|--------||--------|--------||--------|--------||----BB--|--------|  set
cpu-bind=MASK - n2lcn0149, task 59 59 [131813]: mask |--------|--------||--------|--------||--------|--------||--------|--------||||--------|--------||--------|--------||--------|--------||------BB|--------|  set
cpu-bind=MASK - n2lcn0149, task 60 60 [131814]: mask |--------|--------||--------|--------||--------|--------||--------|--------||||--------|--------||--------|--------||--------|--------||--------|BB------|  set
cpu-bind=MASK - n2lcn0149, task 61 61 [131815]: mask |--------|--------||--------|--------||--------|--------||--------|--------||||--------|--------||--------|--------||--------|--------||--------|--BB----|  set
cpu-bind=MASK - n2lcn0149, task 62 62 [131816]: mask |--------|--------||--------|--------||--------|--------||--------|--------||||--------|--------||--------|--------||--------|--------||--------|----BB--|  set
cpu-bind=MASK - n2lcn0152, task 255 63 [79544]: mask |--------|--------||--------|--------||--------|--------||--------|--------||||--------|--------||--------|--------||--------|--------||--------|------BB|  set
cpu-bind=MASK - n2lcn0150, task 127 63 [129777]: mask |--------|--------||--------|--------||--------|--------||--------|--------||||--------|--------||--------|--------||--------|--------||--------|------BB|  set
cpu-bind=MASK - n2lcn0151, task 191 63 [169665]: mask |--------|--------||--------|--------||--------|--------||--------|--------||||--------|--------||--------|--------||--------|--------||--------|------BB|  set
cpu-bind=MASK - n2lcn0149, task 63 63 [131817]: mask |--------|--------||--------|--------||--------|--------||--------|--------||||--------|--------||--------|--------||--------|--------||--------|------BB|  set
srun: Job step aborted: Waiting up to 32 seconds for job step to finish.
slurmstepd: error: *** STEP 27138123.0 ON n2lcn0149 CANCELLED AT 2025-09-24T05:52:21 ***
srun: error: n2lcn0149: task 0: Exited with exit code 1
srun: Terminating StepId=27138123.0
srun: error: n2lcn0149: tasks 1-63: Killed
srun: error: n2lcn0152: tasks 192-255: Killed
srun: error: n2lcn0151: tasks 128-191: Killed
srun: error: n2lcn0150: tasks 64-127: Killed
