Energy-E_F (eV)    DOS (1/eV)    PDOS (1/eV)  of atom type B  N  
     -7.93629      0.76782      0.30517      0.46265
     -7.92629      0.65825      0.26222      0.39603
     -7.91629      0.66799      0.26427      0.40372
     -7.90629      0.72278      0.28205      0.44073
     -7.89629      0.70046      0.27097      0.42949
     -7.88629      0.64249      0.24859      0.39390
     -7.87629      0.57737      0.22498      0.35240
     -7.86629      0.53379      0.20757      0.32622
     -7.85629      0.52552      0.20649      0.31904
     -7.84629      0.47347      0.18615      0.28731
     -7.83629      0.41156      0.15607      0.25550
     -7.82629      0.40005      0.14821      0.25184
     -7.81629      0.50261      0.19083      0.31178
     -7.80629      0.59629      0.23164      0.36465
     -7.79629      0.57747      0.22547      0.35200
     -7.78629      0.61912      0.24370      0.37543
     -7.77629      0.70432      0.27837      0.42594
     -7.76629      0.69950      0.27339      0.42611
     -7.75629      0.65358      0.25341      0.40017
     -7.74629      0.66600      0.26403      0.40197
     -7.73629      0.84160      0.33509      0.50651
     -7.72629      0.89522      0.34629      0.54893
     -7.71629      0.66941      0.24931      0.42011
     -7.70629      0.36915      0.13347      0.23568
     -7.69629      0.22758      0.08163      0.14595
     -7.68629      0.27853      0.10258      0.17594
     -7.67629      0.43220      0.16234      0.26986
     -7.66629      0.48393      0.18132      0.30261
     -7.65629      0.52226      0.19695      0.32531
     -7.64629      0.62241      0.24401      0.37840
     -7.63629      0.70472      0.28195      0.42277
     -7.62629      0.61439      0.24571      0.36868
     -7.61629      0.42480      0.16806      0.25673
     -7.60629      0.43559      0.16703      0.26856
     -7.59629      0.51367      0.19019      0.32348
     -7.58629      0.56163      0.20469      0.35694
     -7.57629      0.58322      0.21402      0.36920
     -7.56629      0.58695      0.22004      0.36691
     -7.55629      0.67877      0.26159      0.41718
     -7.54629      0.73463      0.28906      0.44556
     -7.53629      0.80736      0.31512      0.49224
     -7.52629      0.84364      0.32330      0.52034
     -7.51629      0.59711      0.22573      0.37138
     -7.50629      0.39739      0.15054      0.24686
     -7.49629      0.47129      0.18227      0.28901
     -7.48629      0.49038      0.18986      0.30053
     -7.47629      0.55992      0.21715      0.34277
     -7.46629      0.86310      0.33861      0.52448
     -7.45629      1.09892      0.42804      0.67088
     -7.44629      0.88559      0.34120      0.54439
     -7.43629      0.55570      0.21097      0.34473
     -7.42629      0.44946      0.16913      0.28033
     -7.41629      0.59059      0.22365      0.36694
     -7.40629      0.60221      0.22939      0.37283
     -7.39629      0.48845      0.18710      0.30135
     -7.38629      0.46636      0.17781      0.28855
     -7.37629      0.49606      0.18761      0.30845
     -7.36629      0.62096      0.23721      0.38375
     -7.35629      0.68185      0.25949      0.42237
     -7.34629      0.55597      0.21027      0.34570
     -7.33629      0.50224      0.19627      0.30597
     -7.32629      0.58213      0.22876      0.35337
     -7.31629      0.69851      0.26755      0.43096
     -7.30629      0.71784      0.27049      0.44735
     -7.29629      0.68643      0.25470      0.43173
     -7.28629      0.59842      0.22000      0.37842
     -7.27629      0.43954      0.15939      0.28015
     -7.26629      0.42422      0.15462      0.26960
     -7.25629      0.50116      0.18673      0.31443
     -7.24629      0.58972      0.22612      0.36360
     -7.23629      0.59140      0.23023      0.36117
     -7.22629      0.45179      0.17051      0.28128
     -7.21629      0.32569      0.11556      0.21013
     -7.20629      0.32235      0.11221      0.21014
     -7.19629      0.45311      0.16368      0.28943
     -7.18629      0.64492      0.24583      0.39909
     -7.17629      0.73461      0.28864      0.44597
     -7.16629      0.69014      0.26732      0.42282
     -7.15629      0.73445      0.27551      0.45894
     -7.14629      0.84224      0.32082      0.52142
     -7.13629      0.86468      0.34398      0.52069
     -7.12629      0.94034      0.37872      0.56162
     -7.11629      1.00169      0.39006      0.61163
     -7.10629      0.85507      0.31531      0.53976
     -7.09629      0.67163      0.24007      0.43156
     -7.08629      0.63043      0.22686      0.40357
     -7.07629      0.58428      0.21286      0.37142
     -7.06629      0.42837      0.15698      0.27139
     -7.05629      0.28405      0.10272      0.18133
     -7.04629      0.37048      0.13537      0.23511
     -7.03629      0.50113      0.19078      0.31035
     -7.02629      0.44536      0.17222      0.27313
     -7.01629      0.42967      0.15881      0.27087
     -7.00629      0.64498      0.23715      0.40783
     -6.99629      0.85857      0.32355      0.53502
     -6.98629      0.82961      0.31156      0.51804
     -6.97629      0.60366      0.22231      0.38136
     -6.96629      0.58283      0.22004      0.36279
     -6.95629      0.55665      0.21916      0.33749
     -6.94629      0.37821      0.15093      0.22727
     -6.93629      0.38777      0.14859      0.23918
     -6.92629      0.59175      0.22186      0.36989
     -6.91629      0.82842      0.31117      0.51725
     -6.90629      0.90876      0.34142      0.56734
     -6.89629      0.66296      0.24559      0.41738
     -6.88629      0.56630      0.21100      0.35530
     -6.87629      0.73878      0.27871      0.46007
     -6.86629      0.76248      0.28420      0.47828
     -6.85629      0.57954      0.21566      0.36387
     -6.84629      0.47969      0.17625      0.30343
     -6.83629      0.42581      0.15348      0.27233
     -6.82629      0.34362      0.12743      0.21620
     -6.81629      0.59391      0.22701      0.36690
     -6.80629      1.06320      0.40384      0.65937
     -6.79629      1.06336      0.40246      0.66090
     -6.78629      0.78495      0.29760      0.48735
     -6.77629      0.59249      0.22262      0.36988
     -6.76629      0.45418      0.16677      0.28741
     -6.75629      0.36713      0.13218      0.23494
     -6.74629      0.57549      0.21158      0.36392
     -6.73629      0.89940      0.33959      0.55981
     -6.72629      0.88922      0.34167      0.54754
     -6.71629      0.62713      0.23877      0.38836
     -6.70629      0.40148      0.15068      0.25080
     -6.69629      0.39656      0.14907      0.24749
     -6.68629      0.55801      0.20224      0.35577
     -6.67629      0.73975      0.26012      0.47963
     -6.66629      0.79974      0.28221      0.51753
     -6.65629      0.66790      0.23903      0.42887
     -6.64629      0.50831      0.18587      0.32244
     -6.63629      0.64337      0.24639      0.39698
     -6.62629      0.80018      0.31308      0.48710
     -6.61629      0.68636      0.26467      0.42169
     -6.60629      0.56547      0.21165      0.35381
     -6.59629      0.57952      0.21289      0.36664
     -6.58629      0.79945      0.29324      0.50622
     -6.57629      0.91801      0.33737      0.58064
     -6.56629      0.61759      0.22579      0.39180
     -6.55629      0.32405      0.11452      0.20954
     -6.54629      0.28049      0.09625      0.18424
     -6.53629      0.50430      0.17944      0.32485
     -6.52629      0.68675      0.25586      0.43088
     -6.51629      0.54679      0.21208      0.33472
     -6.50629      0.29325      0.11537      0.17788
     -6.49629      0.24877      0.09115      0.15762
     -6.48629      0.47411      0.17439      0.29971
     -6.47629      0.76797      0.28944      0.47854
     -6.46629      0.93512      0.35381      0.58131
     -6.45629      1.10565      0.41968      0.68597
     -6.44629      1.24026      0.46950      0.77076
     -6.43629      1.25703      0.46681      0.79022
     -6.42629      0.97880      0.35751      0.62129
     -6.41629      0.57473      0.20597      0.36876
     -6.40629      0.45906      0.16165      0.29740
     -6.39629      0.59409      0.21138      0.38272
     -6.38629      0.79972      0.29483      0.50489
     -6.37629      0.87927      0.32694      0.55234
     -6.36629      0.65269      0.24059      0.41209
     -6.35629      0.36959      0.14039      0.22920
     -6.34629      0.33089      0.12771      0.20318
     -6.33629      0.49983      0.18911      0.31073
     -6.32629      0.65605      0.24861      0.40744
     -6.31629      0.76088      0.28416      0.47672
     -6.30629      0.85085      0.30954      0.54131
     -6.29629      0.94673      0.34059      0.60614
     -6.28629      0.82613      0.29719      0.52895
     -6.27629      0.50077      0.18493      0.31585
     -6.26629      0.49615      0.18837      0.30779
     -6.25629      0.71569      0.26502      0.45067
     -6.24629      0.82337      0.29874      0.52464
     -6.23629      0.70266      0.25593      0.44673
     -6.22629      0.39684      0.14595      0.25089
     -6.21629      0.16406      0.06194      0.10212
     -6.20629      0.21246      0.08242      0.13004
     -6.19629      0.51110      0.19071      0.32039
     -6.18629      0.77303      0.28062      0.49241
     -6.17629      0.89075      0.32076      0.57000
     -6.16629      0.97045      0.34703      0.62342
     -6.15629      1.00146      0.35913      0.64233
     -6.14629      1.10573      0.40771      0.69802
     -6.13629      1.10282      0.41124      0.69158
     -6.12629      0.83540      0.30685      0.52855
     -6.11629      0.56044      0.20834      0.35210
     -6.10629      0.48734      0.18111      0.30623
     -6.09629      0.53996      0.19748      0.34248
     -6.08629      0.69572      0.26028      0.43543
     -6.07629      0.83590      0.31410      0.52180
     -6.06629      0.85763      0.31407      0.54356
     -6.05629      0.75040      0.27337      0.47703
     -6.04629      0.74636      0.27747      0.46889
     -6.03629      0.86034      0.31790      0.54244
     -6.02629      0.88822      0.32277      0.56545
     -6.01629      0.59987      0.21626      0.38361
     -6.00629      0.47403      0.16963      0.30439
     -5.99629      0.64002      0.22774      0.41227
     -5.98629      0.72896      0.26109      0.46787
     -5.97629      0.68316      0.24766      0.43550
     -5.96629      0.58242      0.21272      0.36970
     -5.95629      0.65547      0.24412      0.41135
     -5.94629      0.83405      0.31030      0.52374
     -5.93629      0.81779      0.29906      0.51873
     -5.92629      0.70391      0.25408      0.44983
     -5.91629      0.68497      0.25051      0.43446
     -5.90629      0.79467      0.29786      0.49682
     -5.89629      0.79547      0.29993      0.49555
     -5.88629      0.68866      0.25218      0.43648
     -5.87629      0.85411      0.30536      0.54875
     -5.86629      0.97623      0.34428      0.63195
     -5.85629      0.88961      0.31430      0.57531
     -5.84629      0.99939      0.36665      0.63274
     -5.83629      1.06039      0.39441      0.66598
     -5.82629      0.92966      0.34409      0.58557
     -5.81629      1.07788      0.39738      0.68050
     -5.80629      1.03366      0.38330      0.65037
     -5.79629      0.65354      0.23933      0.41421
     -5.78629      0.47725      0.17064      0.30662
     -5.77629      0.73424      0.27085      0.46339
     -5.76629      1.02460      0.38129      0.64331
     -5.75629      0.98183      0.35884      0.62299
     -5.74629      0.85125      0.30517      0.54608
     -5.73629      0.90967      0.32626      0.58341
     -5.72629      1.06381      0.38207      0.68174
     -5.71629      1.10030      0.39623      0.70406
     -5.70629      0.97059      0.35266      0.61793
     -5.69629      0.78368      0.28227      0.50141
     -5.68629      0.78469      0.28145      0.50323
     -5.67629      1.13269      0.41780      0.71489
     -5.66629      1.22287      0.46168      0.76119
     -5.65629      0.87154      0.32817      0.54337
     -5.64629      0.86690      0.31323      0.55367
     -5.63629      1.13674      0.40824      0.72850
     -5.62629      1.19164      0.43219      0.75945
     -5.61629      1.20851      0.43754      0.77097
     -5.60629      1.19146      0.43405      0.75740
     -5.59629      0.95390      0.35205      0.60185
     -5.58629      0.60221      0.21588      0.38633
     -5.57629      0.51560      0.17160      0.34399
     -5.56629      0.68207      0.23398      0.44809
     -5.55629      1.06299      0.38666      0.67633
     -5.54629      1.27016      0.47242      0.79774
     -5.53629      1.06761      0.39536      0.67226
     -5.52629      0.79931      0.28643      0.51288
     -5.51629      0.72678      0.24894      0.47784
     -5.50629      0.64673      0.21793      0.42879
     -5.49629      0.44284      0.15383      0.28901
     -5.48629      0.48482      0.17722      0.30760
     -5.47629      0.87110      0.32260      0.54850
     -5.46629      1.06384      0.39425      0.66960
     -5.45629      0.86954      0.31866      0.55088
     -5.44629      0.82215      0.30038      0.52177
     -5.43629      0.97664      0.35844      0.61820
     -5.42629      0.91375      0.33541      0.57835
     -5.41629      0.68581      0.24756      0.43825
     -5.40629      0.57346      0.20096      0.37249
     -5.39629      0.66135      0.22831      0.43304
     -5.38629      0.71389      0.24387      0.47002
     -5.37629      0.63395      0.22304      0.41091
     -5.36629      0.67346      0.24860      0.42485
     -5.35629      0.86983      0.32400      0.54584
     -5.34629      0.81777      0.30152      0.51625
     -5.33629      0.61250      0.21597      0.39652
     -5.32629      0.59157      0.20639      0.38518
     -5.31629      0.70612      0.25939      0.44673
     -5.30629      0.71768      0.27086      0.44682
     -5.29629      0.69497      0.26426      0.43071
     -5.28629      0.64998      0.24503      0.40494
     -5.27629      0.72372      0.26835      0.45537
     -5.26629      0.85699      0.31255      0.54444
     -5.25629      0.75099      0.26060      0.49040
     -5.24629      0.77684      0.25606      0.52078
     -5.23629      0.90453      0.30859      0.59594
     -5.22629      0.89942      0.32085      0.57857
     -5.21629      0.74878      0.27022      0.47857
     -5.20629      0.65148      0.22936      0.42212
     -5.19629      0.58479      0.20636      0.37843
     -5.18629      0.56314      0.20019      0.36295
     -5.17629      0.50461      0.17561      0.32899
     -5.16629      0.48671      0.17317      0.31354
     -5.15629      0.77374      0.28062      0.49313
     -5.14629      1.07749      0.38545      0.69204
     -5.13629      0.98279      0.35072      0.63207
     -5.12629      0.55239      0.19788      0.35451
     -5.11629      0.24190      0.08366      0.15824
     -5.10629      0.25429      0.08722      0.16707
     -5.09629      0.35807      0.13193      0.22614
     -5.08629      0.42001      0.15596      0.26405
     -5.07629      0.68841      0.24314      0.44527
     -5.06629      1.04548      0.36461      0.68087
     -5.05629      0.99823      0.34928      0.64895
     -5.04629      0.71374      0.25491      0.45883
     -5.03629      0.41966      0.15084      0.26882
     -5.02629      0.35697      0.12262      0.23436
     -5.01629      0.61812      0.21418      0.40395
     -5.00629      0.92832      0.33340      0.59492
     -4.99629      0.87831      0.32631      0.55200
     -4.98629      0.64578      0.24345      0.40233
     -4.97629      0.58048      0.21299      0.36748
     -4.96629      0.60329      0.21136      0.39193
     -4.95629      0.57832      0.19502      0.38330
     -4.94629      0.57236      0.19665      0.37571
     -4.93629      0.55917      0.20252      0.35665
     -4.92629      0.40408      0.15222      0.25186
     -4.91629      0.31589      0.12094      0.19494
     -4.90629      0.39820      0.14477      0.25343
     -4.89629      0.66993      0.23383      0.43610
     -4.88629      0.88668      0.30361      0.58308
     -4.87629      0.92518      0.31057      0.61461
     -4.86629      0.80179      0.26370      0.53809
     -4.85629      0.58156      0.18664      0.39492
     -4.84629      0.41905      0.13499      0.28406
     -4.83629      0.45661      0.15577      0.30084
     -4.82629      0.56280      0.20163      0.36117
     -4.81629      0.73124      0.26899      0.46225
     -4.80629      0.98842      0.36231      0.62611
     -4.79629      0.90645      0.33071      0.57574
     -4.78629      0.58629      0.21386      0.37243
     -4.77629      0.46640      0.16789      0.29852
     -4.76629      0.53100      0.18932      0.34168
     -4.75629      0.68289      0.24875      0.43414
     -4.74629      0.65357      0.23854      0.41503
     -4.73629      0.45515      0.15880      0.29635
     -4.72629      0.50434      0.17148      0.33286
     -4.71629      0.65038      0.22263      0.42776
     -4.70629      0.54408      0.18705      0.35703
     -4.69629      0.45949      0.16056      0.29894
     -4.68629      0.44258      0.15388      0.28870
     -4.67629      0.45535      0.15801      0.29734
     -4.66629      0.56519      0.19260      0.37258
     -4.65629      0.61708      0.21025      0.40684
     -4.64629      0.69103      0.23989      0.45114
     -4.63629      0.64882      0.22419      0.42464
     -4.62629      0.36429      0.12596      0.23833
     -4.61629      0.35236      0.12598      0.22639
     -4.60629      0.69080      0.24622      0.44459
     -4.59629      0.75462      0.26891      0.48570
     -4.58629      0.61558      0.22746      0.38811
     -4.57629      0.71868      0.27104      0.44764
     -4.56629      0.77576      0.28369      0.49207
     -4.55629      0.60481      0.20627      0.39854
     -4.54629      0.43724      0.13724      0.30000
     -4.53629      0.46946      0.14611      0.32335
     -4.52629      0.53126      0.16926      0.36200
     -4.51629      0.40337      0.12773      0.27564
     -4.50629      0.26188      0.08136      0.18052
     -4.49629      0.33530      0.11162      0.22367
     -4.48629      0.59978      0.21321      0.38657
     -4.47629      0.78057      0.28102      0.49955
     -4.46629      0.84824      0.29596      0.55228
     -4.45629      0.86923      0.29718      0.57206
     -4.44629      0.77275      0.26361      0.50914
     -4.43629      0.66234      0.22450      0.43785
     -4.42629      0.57691      0.19959      0.37732
     -4.41629      0.36138      0.13065      0.23074
     -4.40629      0.25239      0.08774      0.16465
     -4.39629      0.40066      0.13209      0.26857
     -4.38629      0.49154      0.16568      0.32586
     -4.37629      0.45102      0.16137      0.28964
     -4.36629      0.47498      0.17547      0.29952
     -4.35629      0.62225      0.22322      0.39903
     -4.34629      0.74512      0.25742      0.48770
     -4.33629      0.70778      0.23809      0.46969
     -4.32629      0.53616      0.17246      0.36370
     -4.31629      0.36583      0.11379      0.25204
     -4.30629      0.48839      0.15826      0.33012
     -4.29629      0.68945      0.23193      0.45752
     -4.28629      0.57322      0.19885      0.37437
     -4.27629      0.38296      0.14141      0.24156
     -4.26629      0.38386      0.14772      0.23614
     -4.25629      0.43805      0.16321      0.27484
     -4.24629      0.50749      0.17587      0.33162
     -4.23629      0.65135      0.21713      0.43422
     -4.22629      0.67103      0.22372      0.44731
     -4.21629      0.57839      0.19704      0.38135
     -4.20629      0.50355      0.18075      0.32280
     -4.19629      0.40047      0.14747      0.25300
     -4.18629      0.40771      0.14295      0.26477
     -4.17629      0.49174      0.16631      0.32543
     -4.16629      0.46181      0.15963      0.30218
     -4.15629      0.46677      0.16516      0.30161
     -4.14629      0.62349      0.20803      0.41547
     -4.13629      0.78221      0.25278      0.52942
     -4.12629      0.80680      0.26336      0.54344
     -4.11629      0.81346      0.26648      0.54698
     -4.10629      0.84604      0.28509      0.56095
     -4.09629      0.80341      0.28550      0.51791
     -4.08629      0.70043      0.25182      0.44861
     -4.07629      0.46738      0.16520      0.30217
     -4.06629      0.21497      0.07365      0.14132
     -4.05629      0.15872      0.04783      0.11089
     -4.04629      0.20248      0.05817      0.14431
     -4.03629      0.29054      0.08452      0.20603
     -4.02629      0.48313      0.14720      0.33592
     -4.01629      0.65335      0.20802      0.44534
     -4.00629      0.52806      0.17055      0.35752
     -3.99629      0.29236      0.09130      0.20106
     -3.98629      0.22933      0.07286      0.15647
     -3.97629      0.39553      0.13752      0.25801
     -3.96629      0.65023      0.23225      0.41799
     -3.95629      0.80528      0.28735      0.51793
     -3.94629      0.77789      0.27202      0.50587
     -3.93629      0.57129      0.19499      0.37631
     -3.92629      0.49863      0.16346      0.33517
     -3.91629      0.51718      0.16678      0.35040
     -3.90629      0.44632      0.14927      0.29705
     -3.89629      0.40871      0.13902      0.26969
     -3.88629      0.45587      0.15174      0.30413
     -3.87629      0.58217      0.18807      0.39409
     -3.86629      0.64407      0.20205      0.44202
     -3.85629      0.54664      0.18159      0.36505
     -3.84629      0.50520      0.18593      0.31927
     -3.83629      0.54129      0.20523      0.33606
     -3.82629      0.50364      0.18837      0.31528
     -3.81629      0.33522      0.11653      0.21869
     -3.80629      0.32182      0.09516      0.22666
     -3.79629      0.41105      0.11963      0.29142
     -3.78629      0.42752      0.13667      0.29086
     -3.77629      0.45883      0.15860      0.30023
     -3.76629      0.45505      0.15981      0.29524
     -3.75629      0.46257      0.16203      0.30054
     -3.74629      0.63478      0.20798      0.42680
     -3.73629      0.77339      0.23816      0.53524
     -3.72629      0.66553      0.20238      0.46315
     -3.71629      0.44579      0.13513      0.31066
     -3.70629      0.44846      0.13798      0.31047
     -3.69629      0.60477      0.19942      0.40535
     -3.68629      0.67687      0.22910      0.44777
     -3.67629      0.60820      0.19652      0.41167
     -3.66629      0.45031      0.13610      0.31422
     -3.65629      0.36386      0.11293      0.25093
     -3.64629      0.29060      0.09781      0.19279
     -3.63629      0.21082      0.07441      0.13641
     -3.62629      0.37860      0.13305      0.24555
     -3.61629      0.59138      0.20961      0.38178
     -3.60629      0.53414      0.19147      0.34267
     -3.59629      0.53135      0.18159      0.34976
     -3.58629      0.72908      0.23585      0.49323
     -3.57629      0.79959      0.25632      0.54327
     -3.56629      0.74115      0.24699      0.49416
     -3.55629      0.72396      0.25125      0.47271
     -3.54629      0.65578      0.22367      0.43211
     -3.53629      0.54001      0.17236      0.36765
     -3.52629      0.40992      0.12003      0.28989
     -3.51629      0.26622      0.07386      0.19235
     -3.50629      0.23748      0.06687      0.17061
     -3.49629      0.32828      0.09890      0.22938
     -3.48629      0.42795      0.13378      0.29418
     -3.47629      0.40876      0.13211      0.27665
     -3.46629      0.33242      0.11213      0.22029
     -3.45629      0.31577      0.10581      0.20997
     -3.44629      0.39165      0.12537      0.26628
     -3.43629      0.54922      0.17276      0.37646
     -3.42629      0.75000      0.24160      0.50840
     -3.41629      0.77926      0.26033      0.51893
     -3.40629      0.48183      0.16877      0.31306
     -3.39629      0.14504      0.05294      0.09210
     -3.38629      0.02217      0.00800      0.01417
     -3.37629      0.04690      0.01382      0.03308
     -3.36629      0.24257      0.07306      0.16951
     -3.35629      0.55095      0.17077      0.38018
     -3.34629      0.59098      0.18622      0.40476
     -3.33629      0.43674      0.13196      0.30478
     -3.32629      0.52098      0.14888      0.37210
     -3.31629      0.62943      0.18601      0.44343
     -3.30629      0.64862      0.20418      0.44444
     -3.29629      0.87712      0.28728      0.58984
     -3.28629      1.09235      0.36328      0.72908
     -3.27629      0.96933      0.32569      0.64364
     -3.26629      0.64265      0.21264      0.43001
     -3.25629      0.46308      0.14768      0.31541
     -3.24629      0.39781      0.12130      0.27651
     -3.23629      0.33132      0.09514      0.23618
     -3.22629      0.41579      0.12016      0.29563
     -3.21629      0.47182      0.13829      0.33353
     -3.20629      0.30608      0.08940      0.21668
     -3.19629      0.18479      0.06146      0.12333
     -3.18629      0.29230      0.10658      0.18572
     -3.17629      0.37622      0.13072      0.24550
     -3.16629      0.30876      0.10381      0.20495
     -3.15629      0.42673      0.14991      0.27682
     -3.14629      0.74868      0.25497      0.49372
     -3.13629      0.89065      0.28510      0.60555
     -3.12629      0.71185      0.21426      0.49759
     -3.11629      0.44252      0.12343      0.31908
     -3.10629      0.36083      0.09547      0.26536
     -3.09629      0.39561      0.10886      0.28675
     -3.08629      0.45384      0.13196      0.32188
     -3.07629      0.33911      0.09949      0.23962
     -3.06629      0.22472      0.06231      0.16241
     -3.05629      0.28798      0.08098      0.20700
     -3.04629      0.37073      0.11115      0.25958
     -3.03629      0.36914      0.11280      0.25634
     -3.02629      0.36904      0.11495      0.25409
     -3.01629      0.42222      0.14044      0.28178
     -3.00629      0.66231      0.23016      0.43215
     -2.99629      1.00889      0.34870      0.66019
     -2.98629      0.95326      0.31512      0.63814
     -2.97629      0.61232      0.18358      0.42873
     -2.96629      0.29798      0.08404      0.21394
     -2.95629      0.16647      0.05483      0.11164
     -2.94629      0.14072      0.05131      0.08940
     -2.93629      0.08089      0.02886      0.05203
     -2.92629      0.13991      0.04253      0.09738
     -2.91629      0.42072      0.12122      0.29950
     -2.90629      0.70773      0.20082      0.50692
     -2.89629      0.76735      0.21487      0.55248
     -2.88629      0.72697      0.20546      0.52151
     -2.87629      0.60856      0.18009      0.42847
     -2.86629      0.49353      0.15014      0.34338
     -2.85629      0.61732      0.18826      0.42906
     -2.84629      0.66100      0.19283      0.46817
     -2.83629      0.41287      0.11416      0.29871
     -2.82629      0.32041      0.09180      0.22861
     -2.81629      0.41089      0.12397      0.28692
     -2.80629      0.50666      0.15129      0.35537
     -2.79629      0.54816      0.15760      0.39055
     -2.78629      0.47497      0.13512      0.33985
     -2.77629      0.38479      0.11285      0.27194
     -2.76629      0.28965      0.08355      0.20609
     -2.75629      0.25054      0.07634      0.17420
     -2.74629      0.31502      0.11022      0.20480
     -2.73629      0.52400      0.18614      0.33785
     -2.72629      0.75021      0.25895      0.49127
     -2.71629      0.72473      0.24021      0.48451
     -2.70629      0.62055      0.18855      0.43200
     -2.69629      0.68601      0.19930      0.48671
     -2.68629      0.70723      0.20001      0.50722
     -2.67629      0.57727      0.15333      0.42394
     -2.66629      0.34307      0.08855      0.25452
     -2.65629      0.27151      0.07801      0.19350
     -2.64629      0.44777      0.12797      0.31980
     -2.63629      0.48690      0.13247      0.35442
     -2.62629      0.35668      0.10451      0.25217
     -2.61629      0.31566      0.10328      0.21239
     -2.60629      0.37283      0.11083      0.26200
     -2.59629      0.49280      0.14063      0.35217
     -2.58629      0.45650      0.13582      0.32068
     -2.57629      0.33409      0.09721      0.23688
     -2.56629      0.36859      0.10383      0.26476
     -2.55629      0.40212      0.11238      0.28974
     -2.54629      0.37619      0.09741      0.27878
     -2.53629      0.34137      0.08888      0.25249
     -2.52629      0.29607      0.09424      0.20183
     -2.51629      0.34163      0.12185      0.21978
     -2.50629      0.40828      0.13683      0.27145
     -2.49629      0.47687      0.14501      0.33186
     -2.48629      0.58067      0.17064      0.41003
     -2.47629      0.73600      0.21805      0.51795
     -2.46629      0.84400      0.24579      0.59821
     -2.45629      0.71867      0.19628      0.52238
     -2.44629      0.60071      0.15683      0.44388
     -2.43629      0.66535      0.17472      0.49062
     -2.42629      0.59296      0.15725      0.43571
     -2.41629      0.44788      0.12573      0.32215
     -2.40629      0.40220      0.10967      0.29253
     -2.39629      0.37828      0.09317      0.28511
     -2.38629      0.44351      0.11132      0.33219
     -2.37629      0.59494      0.16167      0.43327
     -2.36629      0.51090      0.14586      0.36504
     -2.35629      0.39362      0.11749      0.27614
     -2.34629      0.39380      0.12817      0.26563
     -2.33629      0.35129      0.11499      0.23630
     -2.32629      0.44480      0.12758      0.31723
     -2.31629      0.60978      0.16804      0.44174
     -2.30629      0.58743      0.16332      0.42411
     -2.29629      0.58518      0.15729      0.42789
     -2.28629      0.54450      0.14564      0.39886
     -2.27629      0.31904      0.09016      0.22888
     -2.26629      0.30965      0.09081      0.21884
     -2.25629      0.56534      0.16253      0.40281
     -2.24629      0.70815      0.20315      0.50500
     -2.23629      0.62476      0.17314      0.45163
     -2.22629      0.48393      0.12527      0.35865
     -2.21629      0.45395      0.12850      0.32545
     -2.20629      0.53154      0.15937      0.37217
     -2.19629      0.55254      0.14563      0.40691
     -2.18629      0.47870      0.10928      0.36943
     -2.17629      0.31865      0.07061      0.24804
     -2.16629      0.29994      0.07390      0.22604
     -2.15629      0.49326      0.13466      0.35861
     -2.14629      0.59686      0.16850      0.42836
     -2.13629      0.49847      0.14032      0.35816
     -2.12629      0.35698      0.09499      0.26199
     -2.11629      0.34057      0.08745      0.25312
     -2.10629      0.44936      0.12419      0.32517
     -2.09629      0.43807      0.12364      0.31443
     -2.08629      0.37784      0.10194      0.27590
     -2.07629      0.44976      0.11953      0.33024
     -2.06629      0.55186      0.14503      0.40683
     -2.05629      0.55014      0.15531      0.39483
     -2.04629      0.42757      0.13251      0.29506
     -2.03629      0.46691      0.13210      0.33481
     -2.02629      0.76127      0.18972      0.57155
     -2.01629      0.88534      0.21200      0.67334
     -2.00629      0.85427      0.20844      0.64583
     -1.99629      0.85831      0.21063      0.64768
     -1.98629      0.76973      0.18713      0.58260
     -1.97629      0.54487      0.13564      0.40923
     -1.96629      0.49772      0.13447      0.36325
     -1.95629      0.55910      0.14387      0.41523
     -1.94629      0.54049      0.12200      0.41850
     -1.93629      0.46678      0.10264      0.36414
     -1.92629      0.43791      0.10813      0.32978
     -1.91629      0.53164      0.13504      0.39659
     -1.90629      0.61663      0.15716      0.45947
     -1.89629      0.71332      0.19212      0.52120
     -1.88629      0.77552      0.20993      0.56559
     -1.87629      0.61975      0.15589      0.46387
     -1.86629      0.37616      0.08414      0.29203
     -1.85629      0.38861      0.08574      0.30287
     -1.84629      0.51131      0.12188      0.38943
     -1.83629      0.56621      0.13320      0.43301
     -1.82629      0.58966      0.13324      0.45642
     -1.81629      0.73084      0.16946      0.56138
     -1.80629      0.90144      0.20766      0.69378
     -1.79629      0.87328      0.19316      0.68012
     -1.78629      0.89279      0.20328      0.68952
     -1.77629      1.13549      0.27744      0.85805
     -1.76629      1.21394      0.29222      0.92172
     -1.75629      0.81288      0.18193      0.63095
     -1.74629      0.33784      0.07121      0.26663
     -1.73629      0.26460      0.06102      0.20358
     -1.72629      0.41189      0.10197      0.30993
     -1.71629      0.44768      0.10956      0.33812
     -1.70629      0.50606      0.12120      0.38486
     -1.69629      0.68874      0.16615      0.52259
     -1.68629      0.62936      0.15512      0.47424
     -1.67629      0.31288      0.08091      0.23197
     -1.66629      0.21058      0.05637      0.15421
     -1.65629      0.32243      0.09071      0.23172
     -1.64629      0.31571      0.08995      0.22576
     -1.63629      0.23358      0.05699      0.17659
     -1.62629      0.18379      0.03636      0.14742
     -1.61629      0.29593      0.05541      0.24052
     -1.60629      0.68442      0.12964      0.55478
     -1.59629      1.07379      0.20378      0.87000
     -1.58629      1.25739      0.23639      1.02100
     -1.57629      1.37935      0.25623      1.12312
     -1.56629      1.06391      0.19653      0.86738
     -1.55629      0.40387      0.07448      0.32939
     -1.54629      0.06581      0.01212      0.05369
     -1.53629      0.01887      0.00336      0.01552
     -1.52629      0.06697      0.01179      0.05517
     -1.51629      0.14781      0.02604      0.12177
     -1.50629      0.17248      0.03040      0.14207
     -1.49629      0.09630      0.01697      0.07933
     -1.48629      0.04385      0.00767      0.03618
     -1.47629      0.11618      0.02022      0.09596
     -1.46629      0.23981      0.04182      0.19800
     -1.45629      0.21949      0.03836      0.18113
     -1.44629      0.11569      0.02024      0.09545
     -1.43629      0.16550      0.02885      0.13664
     -1.42629      0.30466      0.05309      0.25158
     -1.41629      0.35631      0.06261      0.29370
     -1.40629      0.50364      0.08991      0.41373
     -1.39629      0.66479      0.11918      0.54561
     -1.38629      0.49897      0.08876      0.41021
     -1.37629      0.21286      0.03718      0.17569
     -1.36629      0.08612      0.01469      0.07143
     -1.35629      0.16211      0.02732      0.13479
     -1.34629      0.26694      0.04490      0.22204
     -1.33629      0.20035      0.03365      0.16670
     -1.32629      0.13776      0.02315      0.11461
     -1.31629      0.15130      0.02544      0.12586
     -1.30629      0.13206      0.02219      0.10987
     -1.29629      0.15132      0.02539      0.12593
     -1.28629      0.17109      0.02861      0.14247
     -1.27629      0.21558      0.03589      0.17969
     -1.26629      0.25941      0.04319      0.21622
     -1.25629      0.27291      0.04545      0.22746
     -1.24629      0.35026      0.05815      0.29212
     -1.23629      0.40517      0.06736      0.33782
     -1.22629      0.40878      0.06842      0.34035
     -1.21629      0.53954      0.09056      0.44897
     -1.20629      0.78610      0.13179      0.65431
     -1.19629      0.72059      0.12087      0.59973
     -1.18629      0.30990      0.05205      0.25785
     -1.17629      0.08781      0.01449      0.07332
     -1.16629      0.11923      0.01905      0.10018
     -1.15629      0.17390      0.02764      0.14626
     -1.14629      0.17753      0.02800      0.14953
     -1.13629      0.13415      0.02106      0.11309
     -1.12629      0.05129      0.00805      0.04325
     -1.11629      0.03601      0.00568      0.03033
     -1.10629      0.11336      0.01787      0.09550
     -1.09629      0.19697      0.03087      0.16610
     -1.08629      0.20014      0.03109      0.16905
     -1.07629      0.13309      0.02059      0.11250
     -1.06629      0.11910      0.01854      0.10056
     -1.05629      0.22627      0.03506      0.19121
     -1.04629      0.32388      0.04968      0.27420
     -1.03629      0.34883      0.05349      0.29534
     -1.02629      0.30565      0.04736      0.25829
     -1.01629      0.26503      0.04146      0.22357
     -1.00629      0.25475      0.03975      0.21500
     -0.99629      0.21622      0.03316      0.18306
     -0.98629      0.15224      0.02297      0.12927
     -0.97629      0.07821      0.01168      0.06654
     -0.96629      0.11307      0.01668      0.09639
     -0.95629      0.19911      0.02940      0.16971
     -0.94629      0.15171      0.02244      0.12927
     -0.93629      0.08651      0.01274      0.07377
     -0.92629      0.17986      0.02628      0.15357
     -0.91629      0.27728      0.04041      0.23687
     -0.90629      0.21688      0.03158      0.18531
     -0.89629      0.18770      0.02735      0.16035
     -0.88629      0.23131      0.03343      0.19788
     -0.87629      0.29447      0.04230      0.25217
     -0.86629      0.28239      0.04073      0.24166
     -0.85629      0.24772      0.03592      0.21179
     -0.84629      0.29666      0.04304      0.25362
     -0.83629      0.38452      0.05568      0.32885
     -0.82629      0.38322      0.05514      0.32808
     -0.81629      0.32448      0.04577      0.27870
     -0.80629      0.28006      0.03881      0.24125
     -0.79629      0.14984      0.02063      0.12921
     -0.78629      0.03563      0.00489      0.03074
     -0.77629      0.00352      0.00048      0.00303
     -0.76629      0.00353      0.00047      0.00305
     -0.75629      0.03982      0.00534      0.03448
     -0.74629      0.17241      0.02316      0.14926
     -0.73629      0.27631      0.03713      0.23917
     -0.72629      0.16718      0.02247      0.14471
     -0.71629      0.06951      0.00921      0.06030
     -0.70629      0.13488      0.01763      0.11725
     -0.69629      0.26172      0.03434      0.22738
     -0.68629      0.32761      0.04311      0.28450
     -0.67629      0.26664      0.03509      0.23154
     -0.66629      0.19166      0.02531      0.16636
     -0.65629      0.13178      0.01742      0.11435
     -0.64629      0.08497      0.01103      0.07394
     -0.63629      0.12721      0.01622      0.11099
     -0.62629      0.13314      0.01692      0.11622
     -0.61629      0.09394      0.01181      0.08213
     -0.60629      0.11921      0.01485      0.10436
     -0.59629      0.16341      0.02041      0.14301
     -0.58629      0.13795      0.01724      0.12071
     -0.57629      0.09968      0.01233      0.08736
     -0.56629      0.20452      0.02505      0.17948
     -0.55629      0.28484      0.03486      0.24998
     -0.54629      0.21165      0.02587      0.18579
     -0.53629      0.23224      0.02819      0.20406
     -0.52629      0.35383      0.04264      0.31119
     -0.51629      0.39931      0.04806      0.35126
     -0.50629      0.25492      0.03074      0.22418
     -0.49629      0.07943      0.00960      0.06983
     -0.48629      0.01243      0.00149      0.01093
     -0.47629      0.02189      0.00252      0.01937
     -0.46629      0.11340      0.01300      0.10040
     -0.45629      0.24497      0.02802      0.21695
     -0.44629      0.21931      0.02502      0.19429
     -0.43629      0.08110      0.00923      0.07187
     -0.42629      0.01294      0.00147      0.01147
     -0.41629      0.01455      0.00162      0.01293
     -0.40629      0.08656      0.00960      0.07696
     -0.39629      0.22541      0.02491      0.20050
     -0.38629      0.27047      0.02978      0.24069
     -0.37629      0.18289      0.02008      0.16281
     -0.36629      0.11540      0.01253      0.10287
     -0.35629      0.15527      0.01654      0.13873
     -0.34629      0.21947      0.02328      0.19619
     -0.33629      0.18953      0.02009      0.16944
     -0.32629      0.08826      0.00934      0.07892
     -0.31629      0.04596      0.00479      0.04117
     -0.30629      0.10583      0.01094      0.09489
     -0.29629      0.14689      0.01516      0.13174
     -0.28629      0.14488      0.01481      0.13007
     -0.27629      0.23527      0.02382      0.21145
     -0.26629      0.29404      0.02967      0.26437
     -0.25629      0.19882      0.02001      0.17881
     -0.24629      0.10958      0.01088      0.09870
     -0.23629      0.13492      0.01319      0.12173
     -0.22629      0.11973      0.01168      0.10806
     -0.21629      0.06804      0.00655      0.06148
     -0.20629      0.10815      0.01025      0.09790
     -0.19629      0.14199      0.01343      0.12856
     -0.18629      0.11335      0.01066      0.10269
     -0.17629      0.13847      0.01292      0.12556
     -0.16629      0.14146      0.01313      0.12833
     -0.15629      0.13166      0.01204      0.11962
     -0.14629      0.14390      0.01306      0.13083
     -0.13629      0.08463      0.00766      0.07698
     -0.12629      0.06220      0.00551      0.05669
     -0.11629      0.13488      0.01184      0.12304
     -0.10629      0.18992      0.01659      0.17332
     -0.09629      0.21672      0.01876      0.19796
     -0.08629      0.22561      0.01937      0.20624
     -0.07629      0.15893      0.01357      0.14535
     -0.06629      0.05866      0.00499      0.05367
     -0.05629      0.03364      0.00278      0.03086
     -0.04629      0.09557      0.00780      0.08776
     -0.03629      0.14288      0.01164      0.13124
     -0.02629      0.12754      0.01029      0.11725
     -0.01629      0.14467      0.01153      0.13314
     -0.00629      0.11476      0.00912      0.10564
      0.00371      0.03669      0.00292      0.03378
      0.01371      0.00435      0.00035      0.00401
      0.02371      0.00019      0.00002      0.00018
      0.03371      0.00000      0.00000      0.00000
      0.04371      0.00000      0.00000      0.00000
      0.05371      0.00000      0.00000      0.00000
      0.06371      0.00000      0.00000      0.00000
      0.07371      0.00000      0.00000      0.00000
      0.08371      0.00000      0.00000      0.00000
      0.09371      0.00000      0.00000      0.00000
      0.10371      0.00000      0.00000      0.00000
      0.11371      0.00000      0.00000      0.00000
      0.12371      0.00000      0.00000      0.00000
      0.13371      0.00000      0.00000      0.00000
      0.14371      0.00000      0.00000      0.00000
      0.15371      0.00000      0.00000      0.00000
      0.16371      0.00000      0.00000      0.00000
      0.17371      0.00000      0.00000      0.00000
      0.18371      0.00000      0.00000      0.00000
      0.19371      0.00000      0.00000      0.00000
      0.20371      0.00000      0.00000      0.00000
      0.21371      0.00000      0.00000      0.00000
      0.22371      0.00000      0.00000      0.00000
      0.23371      0.00000      0.00000      0.00000
      0.24371      0.00000      0.00000      0.00000
      0.25371      0.00000      0.00000      0.00000
      0.26371      0.00000      0.00000      0.00000
      0.27371      0.00000      0.00000      0.00000
      0.28371      0.00000      0.00000      0.00000
      0.29371      0.00000      0.00000      0.00000
      0.30371      0.00000      0.00000      0.00000
      0.31371      0.00000      0.00000      0.00000
      0.32371      0.00000      0.00000      0.00000
      0.33371      0.00000      0.00000      0.00000
      0.34371      0.00000      0.00000      0.00000
      0.35371      0.00000      0.00000      0.00000
      0.36371      0.00000      0.00000      0.00000
      0.37371      0.00000      0.00000      0.00000
      0.38371      0.00000      0.00000      0.00000
      0.39371      0.00000      0.00000      0.00000
      0.40371      0.00000      0.00000      0.00000
      0.41371      0.00000      0.00000      0.00000
      0.42371      0.00000      0.00000      0.00000
      0.43371      0.00000      0.00000      0.00000
      0.44371      0.00000      0.00000      0.00000
      0.45371      0.00000      0.00000      0.00000
      0.46371      0.00000      0.00000      0.00000
      0.47371      0.00000      0.00000      0.00000
      0.48371      0.00000      0.00000      0.00000
      0.49371      0.00000      0.00000      0.00000
      0.50371      0.00000      0.00000      0.00000
      0.51371      0.00000      0.00000      0.00000
      0.52371      0.00000      0.00000      0.00000
      0.53371      0.00000      0.00000      0.00000
      0.54371      0.00000      0.00000      0.00000
      0.55371      0.00000      0.00000      0.00000
      0.56371      0.00000      0.00000      0.00000
      0.57371      0.00000      0.00000      0.00000
      0.58371      0.00000      0.00000      0.00000
      0.59371      0.00000      0.00000      0.00000
      0.60371      0.00000      0.00000      0.00000
      0.61371      0.00000      0.00000      0.00000
      0.62371      0.00000      0.00000      0.00000
      0.63371      0.00000      0.00000      0.00000
      0.64371      0.00000      0.00000      0.00000
      0.65371      0.00000      0.00000      0.00000
      0.66371      0.00000      0.00000      0.00000
      0.67371      0.00000      0.00000      0.00000
      0.68371      0.00000      0.00000      0.00000
      0.69371      0.00000      0.00000      0.00000
      0.70371      0.00000      0.00000      0.00000
      0.71371      0.00000      0.00000      0.00000
      0.72371      0.00000      0.00000      0.00000
      0.73371      0.00000      0.00000      0.00000
      0.74371      0.00000      0.00000      0.00000
      0.75371      0.00000      0.00000      0.00000
      0.76371      0.00000      0.00000      0.00000
      0.77371      0.00000      0.00000      0.00000
      0.78371      0.00000      0.00000      0.00000
      0.79371      0.00000      0.00000      0.00000
      0.80371      0.00000      0.00000      0.00000
      0.81371      0.00000      0.00000      0.00000
      0.82371      0.00000      0.00000      0.00000
      0.83371      0.00000      0.00000      0.00000
      0.84371      0.00000      0.00000      0.00000
      0.85371      0.00000      0.00000      0.00000
      0.86371      0.00000      0.00000      0.00000
      0.87371      0.00000      0.00000      0.00000
      0.88371      0.00000      0.00000      0.00000
      0.89371      0.00000      0.00000      0.00000
      0.90371      0.00000      0.00000      0.00000
      0.91371      0.00000      0.00000      0.00000
      0.92371      0.00000      0.00000      0.00000
      0.93371      0.00000      0.00000      0.00000
      0.94371      0.00000      0.00000      0.00000
      0.95371      0.00000      0.00000      0.00000
      0.96371      0.00000      0.00000      0.00000
      0.97371      0.00000      0.00000      0.00000
      0.98371      0.00000      0.00000      0.00000
      0.99371      0.00000      0.00000      0.00000
      1.00371      0.00000      0.00000      0.00000
      1.01371      0.00000      0.00000      0.00000
      1.02371      0.00000      0.00000      0.00000
      1.03371      0.00000      0.00000      0.00000
      1.04371      0.00000      0.00000      0.00000
      1.05371      0.00000      0.00000      0.00000
      1.06371      0.00000      0.00000      0.00000
      1.07371      0.00000      0.00000      0.00000
      1.08371      0.00000      0.00000      0.00000
      1.09371      0.00000      0.00000      0.00000
      1.10371      0.00000      0.00000      0.00000
      1.11371      0.00000      0.00000      0.00000
      1.12371      0.00000      0.00000      0.00000
      1.13371      0.00000      0.00000      0.00000
      1.14371      0.00000      0.00000      0.00000
      1.15371      0.00000      0.00000      0.00000
      1.16371      0.00000      0.00000      0.00000
      1.17371      0.00000      0.00000      0.00000
      1.18371      0.00000      0.00000      0.00000
      1.19371      0.00000      0.00000      0.00000
      1.20371      0.00000      0.00000      0.00000
      1.21371      0.00000      0.00000      0.00000
      1.22371      0.00000      0.00000      0.00000
      1.23371      0.00000      0.00000      0.00000
      1.24371      0.00000      0.00000      0.00000
      1.25371      0.00000      0.00000      0.00000
      1.26371      0.00000      0.00000      0.00000
      1.27371      0.00000      0.00000      0.00000
      1.28371      0.00000      0.00000      0.00000
      1.29371      0.00000      0.00000      0.00000
      1.30371      0.00000      0.00000      0.00000
      1.31371      0.00000      0.00000      0.00000
      1.32371      0.00000      0.00000      0.00000
      1.33371      0.00000      0.00000      0.00000
      1.34371      0.00000      0.00000      0.00000
      1.35371      0.00000      0.00000      0.00000
      1.36371      0.00000      0.00000      0.00000
      1.37371      0.00000      0.00000      0.00000
      1.38371      0.00000      0.00000      0.00000
      1.39371      0.00000      0.00000      0.00000
      1.40371      0.00000      0.00000      0.00000
      1.41371      0.00000      0.00000      0.00000
      1.42371      0.00000      0.00000      0.00000
      1.43371      0.00000      0.00000      0.00000
      1.44371      0.00000      0.00000      0.00000
      1.45371      0.00000      0.00000      0.00000
      1.46371      0.00000      0.00000      0.00000
      1.47371      0.00000      0.00000      0.00000
      1.48371      0.00000      0.00000      0.00000
      1.49371      0.00000      0.00000      0.00000
      1.50371      0.00000      0.00000      0.00000
      1.51371      0.00000      0.00000      0.00000
      1.52371      0.00000      0.00000      0.00000
      1.53371      0.00000      0.00000      0.00000
      1.54371      0.00000      0.00000      0.00000
      1.55371      0.00000      0.00000      0.00000
      1.56371      0.00000      0.00000      0.00000
      1.57371      0.00000      0.00000      0.00000
      1.58371      0.00000      0.00000      0.00000
      1.59371      0.00000      0.00000      0.00000
      1.60371      0.00000      0.00000      0.00000
      1.61371      0.00000      0.00000      0.00000
      1.62371      0.00000      0.00000      0.00000
      1.63371      0.00000      0.00000      0.00000
      1.64371      0.00000      0.00000      0.00000
      1.65371      0.00000      0.00000      0.00000
      1.66371      0.00000      0.00000      0.00000
      1.67371      0.00000      0.00000      0.00000
      1.68371      0.00000      0.00000      0.00000
      1.69371      0.00000      0.00000      0.00000
      1.70371      0.00000      0.00000      0.00000
      1.71371      0.00000      0.00000      0.00000
      1.72371      0.00000      0.00000      0.00000
      1.73371      0.00000      0.00000      0.00000
      1.74371      0.00000      0.00000      0.00000
      1.75371      0.00000      0.00000      0.00000
      1.76371      0.00000      0.00000      0.00000
      1.77371      0.00000      0.00000      0.00000
      1.78371      0.00000      0.00000      0.00000
      1.79371      0.00000      0.00000      0.00000
      1.80371      0.00000      0.00000      0.00000
      1.81371      0.00000      0.00000      0.00000
      1.82371      0.00000      0.00000      0.00000
      1.83371      0.00000      0.00000      0.00000
      1.84371      0.00000      0.00000      0.00000
      1.85371      0.00000      0.00000      0.00000
      1.86371      0.00000      0.00000      0.00000
      1.87371      0.00000      0.00000      0.00000
      1.88371      0.00000      0.00000      0.00000
      1.89371      0.00000      0.00000      0.00000
      1.90371      0.00000      0.00000      0.00000
      1.91371      0.00000      0.00000      0.00000
      1.92371      0.00000      0.00000      0.00000
      1.93371      0.00000      0.00000      0.00000
      1.94371      0.00000      0.00000      0.00000
      1.95371      0.00000      0.00000      0.00000
      1.96371      0.00000      0.00000      0.00000
      1.97371      0.00000      0.00000      0.00000
      1.98371      0.00000      0.00000      0.00000
      1.99371      0.00000      0.00000      0.00000
      2.00371      0.00000      0.00000      0.00000
      2.01371      0.00000      0.00000      0.00000
      2.02371      0.00000      0.00000      0.00000
      2.03371      0.00000      0.00000      0.00000
      2.04371      0.00000      0.00000      0.00000
      2.05371      0.00000      0.00000      0.00000
      2.06371      0.00000      0.00000      0.00000
      2.07371      0.00000      0.00000      0.00000
      2.08371      0.00000      0.00000      0.00000
      2.09371      0.00000      0.00000      0.00000
      2.10371      0.00000      0.00000      0.00000
      2.11371      0.00000      0.00000      0.00000
      2.12371      0.00000      0.00000      0.00000
      2.13371      0.00000      0.00000      0.00000
      2.14371      0.00000      0.00000      0.00000
      2.15371      0.00000      0.00000      0.00000
      2.16371      0.00000      0.00000      0.00000
      2.17371      0.00000      0.00000      0.00000
      2.18371      0.00000      0.00000      0.00000
      2.19371      0.00000      0.00000      0.00000
      2.20371      0.00000      0.00000      0.00000
      2.21371      0.00000      0.00000      0.00000
      2.22371      0.00000      0.00000      0.00000
      2.23371      0.00000      0.00000      0.00000
      2.24371      0.00000      0.00000      0.00000
      2.25371      0.00000      0.00000      0.00000
      2.26371      0.00000      0.00000      0.00000
      2.27371      0.00000      0.00000      0.00000
      2.28371      0.00000      0.00000      0.00000
      2.29371      0.00000      0.00000      0.00000
      2.30371      0.00000      0.00000      0.00000
      2.31371      0.00000      0.00000      0.00000
      2.32371      0.00000      0.00000      0.00000
      2.33371      0.00000      0.00000      0.00000
      2.34371      0.00000      0.00000      0.00000
      2.35371      0.00000      0.00000      0.00000
      2.36371      0.00000      0.00000      0.00000
      2.37371      0.00000      0.00000      0.00000
      2.38371      0.00000      0.00000      0.00000
      2.39371      0.00000      0.00000      0.00000
      2.40371      0.00000      0.00000      0.00000
      2.41371      0.00000      0.00000      0.00000
      2.42371      0.00000      0.00000      0.00000
      2.43371      0.00000      0.00000      0.00000
      2.44371      0.00000      0.00000      0.00000
      2.45371      0.00000      0.00000      0.00000
      2.46371      0.00000      0.00000      0.00000
      2.47371      0.00000      0.00000      0.00000
      2.48371      0.00000      0.00000      0.00000
      2.49371      0.00000      0.00000      0.00000
      2.50371      0.00000      0.00000      0.00000
      2.51371      0.00000      0.00000      0.00000
      2.52371      0.00000      0.00000      0.00000
      2.53371      0.00000      0.00000      0.00000
      2.54371      0.00000      0.00000      0.00000
      2.55371      0.00000      0.00000      0.00000
      2.56371      0.00000      0.00000      0.00000
      2.57371      0.00000      0.00000      0.00000
      2.58371      0.00000      0.00000      0.00000
      2.59371      0.00000      0.00000      0.00000
      2.60371      0.00000      0.00000      0.00000
      2.61371      0.00000      0.00000      0.00000
      2.62371      0.00000      0.00000      0.00000
      2.63371      0.00000      0.00000      0.00000
      2.64371      0.00000      0.00000      0.00000
      2.65371      0.00000      0.00000      0.00000
      2.66371      0.00000      0.00000      0.00000
      2.67371      0.00000      0.00000      0.00000
      2.68371      0.00000      0.00000      0.00000
      2.69371      0.00000      0.00000      0.00000
      2.70371      0.00000      0.00000      0.00000
      2.71371      0.00000      0.00000      0.00000
      2.72371      0.00000      0.00000      0.00000
      2.73371      0.00000      0.00000      0.00000
      2.74371      0.00000      0.00000      0.00000
      2.75371      0.00000      0.00000      0.00000
      2.76371      0.00000      0.00000      0.00000
      2.77371      0.00000      0.00000      0.00000
      2.78371      0.00000      0.00000      0.00000
      2.79371      0.00000      0.00000      0.00000
      2.80371      0.00000      0.00000      0.00000
      2.81371      0.00000      0.00000      0.00000
      2.82371      0.00000      0.00000      0.00000
      2.83371      0.00000      0.00000      0.00000
      2.84371      0.00000      0.00000      0.00000
      2.85371      0.00000      0.00000      0.00000
      2.86371      0.00000      0.00000      0.00000
      2.87371      0.00000      0.00000      0.00000
      2.88371      0.00000      0.00000      0.00000
      2.89371      0.00000      0.00000      0.00000
      2.90371      0.00000      0.00000      0.00000
      2.91371      0.00000      0.00000      0.00000
      2.92371      0.00000      0.00000      0.00000
      2.93371      0.00000      0.00000      0.00000
      2.94371      0.00000      0.00000      0.00000
      2.95371      0.00000      0.00000      0.00000
      2.96371      0.00000      0.00000      0.00000
      2.97371      0.00017      0.00025      0.00000
      2.98371      0.00335      0.00478      0.00000
      2.99371      0.02390      0.03406      0.00000
      3.00371      0.06416      0.09143      0.00000
      3.01371      0.07668      0.10921      0.00000
      3.02371      0.07708      0.10960      0.00000
      3.03371      0.08368      0.11879      0.00000
      3.04371      0.10583      0.14973      0.00000
      3.05371      0.15852      0.22392      0.00000
      3.06371      0.15188      0.21429      0.00000
      3.07371      0.12860      0.18094      0.00000
      3.08371      0.14863      0.20849      0.00000
      3.09371      0.13497      0.18910      0.00000
      3.10371      0.08261      0.11533      0.00000
      3.11371      0.16947      0.23521      0.00000
      3.12371      0.32636      0.45248      0.00000
      3.13371      0.26257      0.36360      0.00000
      3.14371      0.12852      0.17717      0.00000
      3.15371      0.14359      0.19695      0.00000
      3.16371      0.16255      0.22314      0.00000
      3.17371      0.11232      0.15457      0.00000
      3.18371      0.04825      0.06651      0.00000
      3.19371      0.01434      0.01968      0.00000
      3.20371      0.04505      0.06117      0.00000
      3.21371      0.17223      0.23343      0.00000
      3.22371      0.28614      0.38721      0.00000
      3.23371      0.28300      0.38290      0.00000
      3.24371      0.29259      0.39641      0.00000
      3.25371      0.22018      0.29832      0.00000
      3.26371      0.07500      0.10157      0.00000
      3.27371      0.01044      0.01413      0.00000
      3.28371      0.00425      0.00572      0.00000
      3.29371      0.03376      0.04530      0.00000
      3.30371      0.12642      0.16941      0.00000
      3.31371      0.19673      0.26332      0.00000
      3.32371      0.12524      0.16747      0.00000
      3.33371      0.03163      0.04228      0.00000
      3.34371      0.00329      0.00439      0.00000
      3.35371      0.00478      0.00636      0.00000
      3.36371      0.03827      0.05091      0.00000
      3.37371      0.11587      0.15414      0.00000
      3.38371      0.13762      0.18305      0.00000
      3.39371      0.12358      0.16419      0.00000
      3.40371      0.21900      0.29059      0.00000
      3.41371      0.25608      0.33957      0.00000
      3.42371      0.14425      0.19100      0.00000
      3.43371      0.08847      0.11660      0.00000
      3.44371      0.10257      0.13487      0.00000
      3.45371      0.16524      0.21723      0.00000
      3.46371      0.28161      0.37038      0.00000
      3.47371      0.27129      0.35678      0.00000
      3.48371      0.11412      0.15002      0.00000
      3.49371      0.01920      0.02524      0.00000
      3.50371      0.00125      0.00164      0.00000
      3.51371      0.00003      0.00004      0.00000
      3.52371      0.00000      0.00000      0.00000
      3.53371      0.00001      0.00002      0.00000
      3.54371      0.00061      0.00080      0.00000
      3.55371      0.00996      0.01299      0.00000
      3.56371      0.05984      0.07801      0.00000
      3.57371      0.13255      0.17281      0.00000
      3.58371      0.11075      0.14437      0.00000
      3.59371      0.06368      0.08287      0.00000
      3.60371      0.14768      0.19179      0.00000
      3.61371      0.28130      0.36511      0.00000
      3.62371      0.28250      0.36626      0.00014
      3.63371      0.22037      0.27967      0.00180
      3.64371      0.21971      0.25291      0.00869
      3.65371      0.29761      0.32449      0.01654
      3.66371      0.27345      0.29115      0.01714
      3.67371      0.19830      0.19546      0.01674
      3.68371      0.17669      0.18465      0.01199
      3.69371      0.25437      0.29760      0.00854
      3.70371      0.31899      0.35749      0.01527
      3.71371      0.25134      0.25153      0.02065
      3.72371      0.22437      0.20254      0.02484
      3.73371      0.24395      0.21567      0.02844
      3.74371      0.18729      0.16528      0.02204
      3.75371      0.14664      0.13001      0.01728
      3.76371      0.17072      0.16007      0.01768
      3.77371      0.19679      0.21457      0.01156
      3.78371      0.31215      0.35026      0.01558
      3.79371      0.46029      0.48523      0.03240
      3.80371      0.37744      0.39126      0.02851
      3.81371      0.24714      0.27452      0.01300
      3.82371      0.40553      0.46835      0.01586
      3.83371      0.56373      0.64779      0.02307
      3.84371      0.54582      0.64315      0.01728
      3.85371      0.43598      0.53527      0.00692
      3.86371      0.30580      0.37794      0.00401
      3.87371      0.32889      0.36747      0.01686
      3.88371      0.51638      0.51913      0.04541
      3.89371      0.61017      0.58483      0.06344
      3.90371      0.43995      0.40254      0.05241
      3.91371      0.25533      0.22371      0.03392
      3.92371      0.17684      0.15244      0.02455
      3.93371      0.16394      0.14112      0.02306
      3.94371      0.13388      0.11899      0.01764
      3.95371      0.14029      0.13811      0.01408
      3.96371      0.20937      0.20781      0.02058
      3.97371      0.18078      0.17487      0.01931
      3.98371      0.24465      0.23571      0.02619
      3.99371      0.48560      0.46828      0.05195
      4.00371      0.49488      0.46959      0.05593
      4.01371      0.32061      0.31098      0.03397
      4.02371      0.37282      0.42134      0.01839
      4.03371      0.62672      0.72227      0.02650
      4.04371      0.67978      0.77711      0.03147
      4.05371      0.50267      0.59734      0.01505
      4.06371      0.28873      0.35658      0.00356
      4.07371      0.27019      0.32388      0.00686
      4.08371      0.36686      0.41271      0.01981
      4.09371      0.29839      0.31495      0.02412
      4.10371      0.26794      0.24351      0.03596
      4.11371      0.69414      0.59176      0.10713
      4.12371      1.09787      0.95275      0.16390
      4.13371      0.84239      0.76698      0.11369
      4.14371      0.46380      0.44753      0.05461
      4.15371      0.37185      0.37169      0.03998
      4.16371      0.32072      0.32002      0.03513
      4.17371      0.16868      0.16143      0.02131
      4.18371      0.11976      0.12205      0.01197
      4.19371      0.29949      0.32735      0.02056
      4.20371      0.53004      0.56717      0.04131
      4.21371      0.63491      0.64215      0.06520
      4.22371      0.64705      0.64700      0.06984
      4.23371      0.62928      0.66198      0.05378
      4.24371      0.56743      0.61918      0.03862
      4.25371      0.56680      0.57955      0.05519
      4.26371      0.72312      0.66074      0.10562
      4.27371      0.75447      0.65423      0.12708
      4.28371      0.64331      0.57554      0.10187
      4.29371      0.57102      0.51437      0.08971
      4.30371      0.52399      0.45375      0.09139
      4.31371      0.66299      0.55795      0.12513
      4.32371      1.02590      0.84674      0.20594
      4.33371      1.53641      1.32751      0.28690
      4.34371      1.70164      1.57248      0.27136
      4.35371      1.31449      1.20736      0.21107
      4.36371      1.03175      0.85464      0.20640
      4.37371      0.94815      0.74119      0.21011
      4.38371      1.00256      0.77295      0.22999
      4.39371      0.84752      0.65881      0.19232
      4.40371      0.65925      0.55236      0.12678
      4.41371      0.78624      0.70367      0.12756
      4.42371      1.00347      0.89082      0.16655
      4.43371      1.01779      0.87767      0.18349
      4.44371      0.71403      0.59160      0.14224
      4.45371      0.45439      0.37530      0.09155
      4.46371      0.45973      0.40846      0.08023
      4.47371      0.64317      0.56206      0.11934
      4.48371      0.98695      0.84401      0.19284
      4.49371      1.11896      1.03208      0.18066
      4.50371      0.72051      0.73250      0.08274
      4.51371      0.33229      0.33975      0.03727
      4.52371      0.30252      0.29311      0.04240
      4.53371      0.49865      0.48875      0.06692
      4.54371      0.73185      0.65940      0.12409
      4.55371      0.80193      0.70173      0.14597
      4.56371      0.68527      0.65565      0.09892
      4.57371      0.56294      0.56890      0.06619
      4.58371      0.56583      0.54326      0.07820
      4.59371      0.53322      0.47392      0.09023
      4.60371      0.46993      0.38737      0.09480
      4.61371      0.60083      0.51002      0.11900
      4.62371      0.94982      0.84302      0.17474
      4.63371      0.96131      0.85142      0.17735
      4.64371      0.62054      0.55219      0.11182
      4.65371      0.45250      0.42574      0.06989
      4.66371      0.33683      0.31253      0.05289
      4.67371      0.23022      0.19616      0.04290
      4.68371      0.20903      0.18495      0.03677
      4.69371      0.33772      0.32970      0.04812
      4.70371      0.58918      0.56944      0.08694
      4.71371      0.82217      0.76640      0.13391
      4.72371      0.67357      0.62931      0.10910
      4.73371      0.32706      0.30398      0.05285
      4.74371      0.26952      0.21976      0.05587
      4.75371      0.29072      0.22576      0.06546
      4.76371      0.31603      0.24447      0.07159
      4.77371      0.53059      0.41112      0.12016
      4.78371      0.72502      0.57472      0.15954
      4.79371      0.94833      0.81447      0.18287
      4.80371      1.17853      1.08682      0.19811
      4.81371      0.96762      0.92911      0.14885
      4.82371      0.55580      0.59800      0.05578
      4.83371      0.37904      0.46001      0.01285
      4.84371      0.30657      0.34716      0.02130
      4.85371      0.35243      0.35115      0.04587
      4.86371      0.41088      0.38979      0.06252
      4.87371      0.39672      0.36930      0.06329
      4.88371      0.32985      0.32792      0.04292
      4.89371      0.26309      0.24862      0.04182
      4.90371      0.36444      0.28407      0.08796
      4.91371      0.52349      0.40244      0.12872
      4.92371      0.53700      0.47443      0.10225
      4.93371      0.54285      0.59917      0.04710
      4.94371      0.66130      0.76007      0.04249
      4.95371      0.65802      0.70040      0.06650
      4.96371      0.37611      0.36790      0.05252
      4.97371      0.25360      0.21377      0.05182
      4.98371      0.45626      0.38924      0.09106
      4.99371      0.65060      0.60215      0.10880
      5.00371      0.68029      0.63892      0.11340
      5.01371      0.68090      0.58936      0.14158
      5.02371      0.66609      0.56686      0.14479
      5.03371      0.48678      0.43567      0.09443
      5.04371      0.40070      0.35338      0.07672
      5.05371      0.39448      0.36739      0.06568
      5.06371      0.31465      0.30905      0.04522
      5.07371      0.24630      0.23648      0.03821
      5.08371      0.25674      0.26655      0.03141
      5.09371      0.30097      0.29915      0.04261
      5.10371      0.26565      0.22699      0.05473
      5.11371      0.21872      0.17657      0.05071
      5.12371      0.33893      0.30691      0.06350
      5.13371      0.70893      0.66114      0.12234
      5.14371      0.88009      0.86736      0.12779
      5.15371      0.67848      0.74358      0.06155
      5.16371      0.53896      0.61199      0.03711
      5.17371      0.50110      0.51240      0.06074
      5.18371      0.43893      0.41191      0.07126
      5.19371      0.48521      0.46426      0.07440
      5.20371      0.63095      0.59057      0.10346
      5.21371      0.74322      0.68800      0.12838
      5.22371      0.71790      0.69822      0.11199
      5.23371      0.59157      0.58329      0.09075
      5.24371      0.47462      0.41614      0.09847
      5.25371      0.58162      0.48022      0.13606
      5.26371      0.61266      0.53797      0.12877
      5.27371      0.37976      0.38159      0.05749
      5.28371      0.19930      0.23649      0.01320
      5.29371      0.13412      0.13984      0.01700
      5.30371      0.17744      0.14372      0.04063
      5.31371      0.29630      0.25420      0.06185
      5.32371      0.47524      0.45318      0.07868
      5.33371      0.53034      0.57400      0.05451
      5.34371      0.50464      0.61990      0.01588
      5.35371      0.43596      0.54482      0.01130
      5.36371      0.44023      0.48061      0.04722
      5.37371      0.58883      0.55121      0.10555
      5.38371      0.65463      0.56083      0.14041
      5.39371      0.52371      0.41188      0.12880
      5.40371      0.29322      0.22606      0.07354
      5.41371      0.22991      0.21563      0.04034
      5.42371      0.38608      0.39692      0.05297
      5.43371      0.36419      0.37275      0.05100
      5.44371      0.22019      0.19915      0.04222
      5.45371      0.22788      0.17234      0.05870
      5.46371      0.24023      0.18355      0.06157
      5.47371      0.26653      0.25821      0.04246
      5.48371      0.56910      0.64863      0.04423
      5.49371      1.02228      1.19409      0.06731
      5.50371      1.17141      1.30287      0.11110
      5.51371      1.10282      1.09210      0.17168
      5.52371      0.89928      0.83998      0.16555
      5.53371      0.53127      0.49169      0.09984
      5.54371      0.41967      0.42596      0.06105
      5.55371      0.50815      0.53372      0.06502
      5.56371      0.39660      0.39153      0.06143
      5.57371      0.18970      0.18539      0.03018
      5.58371      0.15865      0.18797      0.01106
      5.59371      0.23067      0.24928      0.02674
      5.60371      0.29967      0.26076      0.06300
      5.61371      0.37518      0.32242      0.08143
      5.62371      0.47893      0.43290      0.09399
      5.63371      0.51387      0.43151      0.11512
      5.64371      0.45087      0.34376      0.11776
      5.65371      0.41120      0.33831      0.09776
      5.66371      0.49562      0.53028      0.06090
      5.67371      0.63666      0.77243      0.03348
      5.68371      0.71022      0.84069      0.04498
      5.69371      0.64472      0.71330      0.06360
      5.70371      0.37354      0.37575      0.05441
      5.71371      0.19511      0.16024      0.04557
      5.72371      0.26496      0.19710      0.07234
      5.73371      0.31695      0.26502      0.07348
      5.74371      0.27933      0.28257      0.04267
      5.75371      0.25446      0.24567      0.04480
      5.76371      0.21525      0.16975      0.05590
      5.77371      0.24771      0.17468      0.07441
      5.78371      0.39501      0.28463      0.11611
      5.79371      0.63833      0.53214      0.15250
      5.80371      0.97255      0.99188      0.14365
      5.81371      1.18764      1.38520      0.09081
      5.82371      1.03826      1.30586      0.03262
      5.83371      0.79398      1.00946      0.01720
      5.84371      0.74198      0.88737      0.04153
      5.85371      0.66615      0.74268      0.06309
      5.86371      0.42572      0.44410      0.05432
      5.87371      0.21082      0.19902      0.03682
      5.88371      0.26241      0.22694      0.05657
      5.89371      0.36338      0.29715      0.08703
      5.90371      0.30460      0.23584      0.08017
      5.91371      0.24973      0.21674      0.05544
      5.92371      0.31273      0.32722      0.04316
      5.93371      0.45753      0.47442      0.06534
      5.94371      0.54272      0.54203      0.08613
      5.95371      0.56849      0.55501      0.09446
      5.96371      0.45172      0.45275      0.06935
      5.97371      0.21805      0.23974      0.02358
      5.98371      0.13053      0.15540      0.00836
      5.99371      0.24375      0.25764      0.03109
      6.00371      0.35333      0.31637      0.07227
      6.01371      0.34561      0.30915      0.07017
      6.02371      0.41391      0.45505      0.04285
      6.03371      0.60687      0.68863      0.05297
      6.04371      0.69984      0.75301      0.08101
      6.05371      0.79378      0.79716      0.12029
      6.06371      1.05293      1.01963      0.17909
      6.07371      1.15907      1.04529      0.23527
      6.08371      0.90991      0.77549      0.20740
      6.09371      0.54336      0.48300      0.11400
      6.10371      0.28930      0.29418      0.04199
      6.11371      0.31400      0.39139      0.00890
      6.12371      0.41417      0.53542      0.00084
      6.13371      0.32198      0.41763      0.00043
      6.14371      0.21729      0.27286      0.00641
      6.15371      0.24230      0.24318      0.03787
      6.16371      0.46048      0.44047      0.08233
      6.17371      0.59660      0.65282      0.06592
      6.18371      0.46126      0.56133      0.02097
      6.19371      0.45324      0.54416      0.01822
      6.20371      0.75056      0.83883      0.06213
      6.21371      0.91214      0.98100      0.09949
      6.22371      0.84228      0.89322      0.10059
      6.23371      0.76429      0.80737      0.09461
      6.24371      0.61251      0.67257      0.06339
      6.25371      0.47195      0.51707      0.04832
      6.26371      0.36210      0.37849      0.04197
      6.27371      0.33638      0.35565      0.03418
      6.28371      0.45345      0.46417      0.05803
      6.29371      0.49971      0.49264      0.07437
      6.30371      0.33685      0.32203      0.05541
      6.31371      0.31126      0.30009      0.05288
      6.32371      0.53992      0.53877      0.08027
      6.33371      0.73619      0.74311      0.09618
      6.34371      0.71568      0.69951      0.09948
      6.35371      0.55827      0.51354      0.09451
      6.36371      0.60776      0.55539      0.11164
      6.37371      0.77008      0.76431      0.11632
      6.38371      0.69296      0.75769      0.06852
      6.39371      0.54871      0.60260      0.04595
      6.40371      0.61622      0.62203      0.07873
      6.41371      0.61484      0.63466      0.07557
      6.42371      0.43924      0.48193      0.03970
      6.43371      0.42765      0.46116      0.04097
      6.44371      0.46835      0.49683      0.04268
      6.45371      0.41848      0.43100      0.03355
      6.46371      0.52298      0.51893      0.04911
      6.47371      0.62922      0.63669      0.06299
      6.48371      0.53328      0.55524      0.05751
      6.49371      0.41447      0.43815      0.04276
      6.50371      0.61630      0.60925      0.07629
      6.51371      0.84784      0.77995      0.13880
      6.52371      0.67833      0.61678      0.12414
      6.53371      0.47242      0.45351      0.07999
      6.54371      0.46075      0.44960      0.07013
      6.55371      0.63338      0.63482      0.07138
      6.56371      0.94560      0.98275      0.07064
      6.57371      0.92929      0.97993      0.05565
      6.58371      0.59702      0.64339      0.02910
      6.59371      0.40489      0.41624      0.03829
      6.60371      0.58003      0.54812      0.09002
      6.61371      0.95315      0.97013      0.11633
      6.62371      1.06121      1.15993      0.08868
      6.63371      0.86903      0.95347      0.06679
      6.64371      0.61852      0.61756      0.07196
      6.65371      0.54184      0.46375      0.09599
      6.66371      0.55876      0.43651      0.12465
      6.67371      0.56149      0.45524      0.10857
      6.68371      0.56692      0.52524      0.05561
      6.69371      0.56384      0.57684      0.02854
      6.70371      0.54491      0.55332      0.04568
      6.71371      0.66666      0.63304      0.08950
      6.72371      0.96809      0.95735      0.10649
      6.73371      0.98280      1.00379      0.08992
      6.74371      0.60683      0.59520      0.06546
      6.75371      0.39739      0.36248      0.04718
      6.76371      0.43096      0.40278      0.04538
      6.77371      0.68228      0.65106      0.07740
      6.78371      0.95177      0.87541      0.13883
      6.79371      0.99692      0.87166      0.18674
      6.80371      0.93310      0.80491      0.17265
      6.81371      0.98470      0.86704      0.14650
      6.82371      1.09739      1.01252      0.14180
      6.83371      0.98389      0.95638      0.11325
      6.84371      0.87535      0.85005      0.10161
      6.85371      0.87275      0.80798      0.11846
      6.86371      0.68460      0.58654      0.12009
      6.87371      0.41337      0.33537      0.08339
      6.88371      0.45264      0.39280      0.07010
      6.89371      0.68002      0.62613      0.08908
      6.90371      0.86053      0.84848      0.09004
      6.91371      0.95801      0.97698      0.08212
      6.92371      0.92403      0.90543      0.10668
      6.93371      0.76179      0.70304      0.11980
      6.94371      0.54856      0.47327      0.10695
      6.95371      0.70571      0.59116      0.15095
      6.96371      1.11681      0.91615      0.24395
      6.97371      1.26044      1.00916      0.27568
      6.98371      0.95009      0.78315      0.19238
      6.99371      0.58409      0.52995      0.10195
      7.00371      0.47572      0.45615      0.07470
      7.01371      0.56218      0.55909      0.07137
      7.02371      0.68042      0.71940      0.05698
      7.03371      0.79987      0.89418      0.03700
      7.04371      0.70757      0.79996      0.02813
      7.05371      0.45432      0.47200      0.04346
      7.06371      0.54586      0.49771      0.09228
      7.07371      0.62246      0.55037      0.11112
      7.08371      0.42759      0.37197      0.07414
      7.09371      0.39422      0.34955      0.05849
      7.10371      0.49465      0.42459      0.08370
      7.11371      0.47163      0.38193      0.09887
      7.12371      0.46254      0.38625      0.10023
      7.13371      0.59421      0.55197      0.09908
      7.14371      0.61749      0.59696      0.08050
      7.15371      0.52954      0.52145      0.05399
      7.16371      0.60085      0.58312      0.06320
      7.17371      0.67461      0.64997      0.07850
      7.18371      0.55803      0.53366      0.07554
      7.19371      0.36643      0.32096      0.06785
      7.20371      0.32097      0.25658      0.06893
      7.21371      0.45902      0.35791      0.10931
      7.22371      0.61224      0.51125      0.13292
      7.23371      0.77822      0.69896      0.13794
      7.24371      1.09005      0.95855      0.19722
      7.25371      1.15279      0.98087      0.22487
      7.26371      0.82393      0.71403      0.15817
      7.27371      0.43753      0.42200      0.06388
      7.28371      0.19094      0.19159      0.02469
      7.29371      0.17127      0.14583      0.03897
      7.30371      0.33861      0.30475      0.06542
      7.31371      0.53751      0.50190      0.08019
      7.32371      0.59955      0.55002      0.08027
      7.33371      0.47081      0.41613      0.06921
      7.34371      0.29834      0.23673      0.06662
      7.35371      0.23471      0.18203      0.06225
      7.36371      0.37540      0.36038      0.05882
      7.37371      0.77374      0.76767      0.09677
      7.38371      0.91691      0.88118      0.12404
      7.39371      0.60222      0.57392      0.08443
      7.40371      0.42469      0.38093      0.07913
      7.41371      0.55384      0.45976      0.12613
      7.42371      0.74607      0.65299      0.14327
      7.43371      0.69551      0.65381      0.09565
      7.44371      0.55258      0.55704      0.05381
      7.45371      0.63855      0.62217      0.08672
      7.46371      0.86309      0.78298      0.15411
      7.47371      1.05993      1.01141      0.15448
      7.48371      0.98820      1.02427      0.07928
      7.49371      0.65438      0.67499      0.04289
      7.50371      0.60820      0.55301      0.08992
      7.51371      0.82337      0.70959      0.15457
      7.52371      0.90536      0.78938      0.16836
      7.53371      0.75893      0.67503      0.13634
      7.54371      0.67617      0.60951      0.12022
      7.55371      0.70357      0.65176      0.11126
      7.56371      0.51168      0.48933      0.06226
      7.57371      0.45034      0.45789      0.02460
      7.58371      0.56075      0.57643      0.02247
      7.59371      0.46535      0.46979      0.02511
      7.60371      0.44599      0.41449      0.05129
      7.61371      0.69867      0.60133      0.11625
      7.62371      1.09869      0.95109      0.18767
      7.63371      1.25371      1.11393      0.20775
      7.64371      0.90998      0.85114      0.12655
      7.65371      0.61051      0.64825      0.03850
      7.66371      0.65483      0.73577      0.01579
      7.67371      0.73915      0.75001      0.06081
      7.68371      0.82841      0.70880      0.15668
      7.69371      0.79255      0.62549      0.19121
      7.70371      0.54234      0.46687      0.10875
      7.71371      0.42708      0.45269      0.03260
      7.72371      0.53687      0.58912      0.01998
      7.73371      0.56887      0.60119      0.03369
      7.74371      0.55505      0.54458      0.05446
      7.75371      0.52220      0.48472      0.05950
      7.76371      0.38752      0.32851      0.06735
      7.77371      0.33790      0.25212      0.09019
      7.78371      0.51946      0.42957      0.10855
      7.79371      0.78554      0.74583      0.08937
      7.80371      0.88713      0.86438      0.08700
      7.81371      0.89514      0.82492      0.13374
      7.82371      0.96847      0.82239      0.19413
      7.83371      0.81530      0.66325      0.17420
      7.84371      0.60473      0.51424      0.10681
      7.85371      0.69038      0.60863      0.10894
      7.86371      0.87472      0.79296      0.13425
      7.87371      0.87016      0.80316      0.12753
      7.88371      0.65414      0.59863      0.09255
      7.89371      0.63021      0.58359      0.08299
      7.90371      0.67851      0.64952      0.08451
      7.91371      0.61488      0.61630      0.06854
      7.92371      0.60995      0.64364      0.05354
      7.93371      0.75806      0.78584      0.07255
      7.94371      0.95829      0.96559      0.09831
      7.95371      0.98375      0.96747      0.10528
      7.96371      0.82054      0.79078      0.09183
      7.97371      0.50011      0.46016      0.06715
      7.98371      0.31289      0.28201      0.04167
      7.99371      0.31538      0.27590      0.04638
