Energy-E_F (eV)    DOS (1/eV)    PDOS (1/eV)  of atom type B  N  
     -4.99000      1.34557      0.52320      0.82237
     -4.98000      1.01812      0.39108      0.62704
     -4.97000      0.71557      0.26849      0.44708
     -4.96000      0.77463      0.29022      0.48441
     -4.95000      0.92598      0.35322      0.57275
     -4.94000      0.91413      0.35289      0.56123
     -4.93000      0.81571      0.31682      0.49890
     -4.92000      0.89686      0.35005      0.54681
     -4.91000      1.01224      0.39011      0.62213
     -4.90000      1.06584      0.40753      0.65831
     -4.89000      1.08546      0.41791      0.66755
     -4.88000      0.96541      0.37314      0.59227
     -4.87000      0.93044      0.35898      0.57146
     -4.86000      0.91778      0.34919      0.56859
     -4.85000      0.91251      0.34202      0.57049
     -4.84000      0.84141      0.31801      0.52340
     -4.83000      0.77603      0.29937      0.47666
     -4.82000      0.88116      0.34403      0.53713
     -4.81000      0.83427      0.32453      0.50974
     -4.80000      0.81433      0.30907      0.50525
     -4.79000      1.16030      0.43995      0.72035
     -4.78000      1.33613      0.51130      0.82483
     -4.77000      1.09757      0.41716      0.68041
     -4.76000      0.78836      0.29171      0.49665
     -4.75000      0.61257      0.22325      0.38932
     -4.74000      0.69491      0.25776      0.43715
     -4.73000      0.96707      0.36521      0.60187
     -4.72000      1.02105      0.38573      0.63532
     -4.71000      0.96313      0.36102      0.60210
     -4.70000      0.93610      0.35676      0.57934
     -4.69000      0.95170      0.37088      0.58082
     -4.68000      1.15096      0.44668      0.70428
     -4.67000      1.24558      0.47859      0.76699
     -4.66000      1.26595      0.48097      0.78497
     -4.65000      1.33396      0.50685      0.82710
     -4.64000      1.11531      0.42322      0.69209
     -4.63000      0.73043      0.27317      0.45725
     -4.62000      0.57951      0.21419      0.36533
     -4.61000      0.61547      0.22601      0.38947
     -4.60000      0.75912      0.27763      0.48149
     -4.59000      0.95650      0.35190      0.60461
     -4.58000      1.22987      0.46085      0.76902
     -4.57000      1.43609      0.54820      0.88789
     -4.56000      1.33182      0.50907      0.82275
     -4.55000      1.08854      0.40952      0.67902
     -4.54000      0.80470      0.30291      0.50180
     -4.53000      0.67296      0.25801      0.41495
     -4.52000      0.98765      0.37344      0.61421
     -4.51000      1.27258      0.47113      0.80145
     -4.50000      1.35728      0.50067      0.85660
     -4.49000      1.26160      0.47086      0.79074
     -4.48000      1.06270      0.40347      0.65923
     -4.47000      0.96345      0.36954      0.59391
     -4.46000      0.83896      0.31967      0.51929
     -4.45000      0.91341      0.34809      0.56532
     -4.44000      1.39285      0.52831      0.86455
     -4.43000      1.72555      0.64859      1.07696
     -4.42000      1.49920      0.55680      0.94240
     -4.41000      1.17460      0.43120      0.74340
     -4.40000      1.07350      0.39824      0.67527
     -4.39000      0.99757      0.37899      0.61858
     -4.38000      1.03398      0.39589      0.63809
     -4.37000      1.11135      0.41469      0.69666
     -4.36000      1.23925      0.45341      0.78584
     -4.35000      1.35025      0.49108      0.85916
     -4.34000      1.23866      0.45007      0.78859
     -4.33000      1.15345      0.42325      0.73020
     -4.32000      1.30488      0.48359      0.82129
     -4.31000      1.59503      0.59684      0.99819
     -4.30000      2.04786      0.76840      1.27946
     -4.29000      2.15475      0.80419      1.35056
     -4.28000      1.71374      0.63209      1.08165
     -4.27000      1.18247      0.43001      0.75247
     -4.26000      1.03646      0.38094      0.65552
     -4.25000      1.16852      0.43512      0.73340
     -4.24000      1.25922      0.47010      0.78912
     -4.23000      1.30244      0.48795      0.81449
     -4.22000      1.24938      0.46852      0.78086
     -4.21000      1.18414      0.44486      0.73929
     -4.20000      1.18510      0.44475      0.74036
     -4.19000      1.27260      0.47757      0.79503
     -4.18000      1.47931      0.54762      0.93170
     -4.17000      1.43543      0.51882      0.91660
     -4.16000      1.20725      0.43405      0.77320
     -4.15000      1.12138      0.41299      0.70839
     -4.14000      1.02739      0.38681      0.64058
     -4.13000      1.03914      0.39554      0.64360
     -4.12000      1.19761      0.45215      0.74546
     -4.11000      1.25753      0.46732      0.79020
     -4.10000      1.32207      0.48861      0.83346
     -4.09000      1.13314      0.41856      0.71458
     -4.08000      0.84293      0.30834      0.53458
     -4.07000      0.84331      0.30446      0.53885
     -4.06000      1.01008      0.36509      0.64500
     -4.05000      0.89720      0.33057      0.56663
     -4.04000      0.73269      0.27598      0.45671
     -4.03000      0.79540      0.29507      0.50033
     -4.02000      0.96264      0.35373      0.60892
     -4.01000      1.17678      0.43765      0.73914
     -4.00000      1.27282      0.47648      0.79634
     -3.99000      1.26817      0.47146      0.79671
     -3.98000      1.09267      0.39861      0.69406
     -3.97000      0.79971      0.28847      0.51124
     -3.96000      0.90479      0.33017      0.57462
     -3.95000      1.09906      0.40202      0.69704
     -3.94000      1.03524      0.37769      0.65755
     -3.93000      0.98580      0.36257      0.62324
     -3.92000      0.88047      0.32625      0.55422
     -3.91000      0.81438      0.30043      0.51394
     -3.90000      0.97635      0.36213      0.61422
     -3.89000      1.22433      0.45367      0.77066
     -3.88000      1.21338      0.44054      0.77283
     -3.87000      0.81167      0.28735      0.52432
     -3.86000      0.48447      0.17196      0.31251
     -3.85000      0.73083      0.26664      0.46419
     -3.84000      1.15594      0.42833      0.72761
     -3.83000      1.02542      0.38597      0.63945
     -3.82000      0.64101      0.24358      0.39743
     -3.81000      0.62714      0.23675      0.39039
     -3.80000      0.95226      0.35663      0.59563
     -3.79000      1.18668      0.44227      0.74441
     -3.78000      1.29791      0.47832      0.81959
     -3.77000      1.38271      0.50221      0.88050
     -3.76000      1.26010      0.45216      0.80794
     -3.75000      0.86643      0.30668      0.55975
     -3.74000      0.52081      0.18304      0.33778
     -3.73000      0.47110      0.16462      0.30648
     -3.72000      0.61087      0.21560      0.39526
     -3.71000      0.85977      0.31174      0.54803
     -3.70000      1.00913      0.37526      0.63387
     -3.69000      0.93517      0.35224      0.58292
     -3.68000      0.85877      0.31580      0.54297
     -3.67000      0.84518      0.30566      0.53953
     -3.66000      0.81932      0.29842      0.52089
     -3.65000      0.81420      0.29036      0.52384
     -3.64000      0.93224      0.33054      0.60169
     -3.63000      1.11072      0.40628      0.70444
     -3.62000      1.10744      0.41295      0.69450
     -3.61000      0.85057      0.31279      0.53778
     -3.60000      0.61937      0.22277      0.39660
     -3.59000      0.49046      0.17800      0.31246
     -3.58000      0.53029      0.19787      0.33242
     -3.57000      0.86781      0.32072      0.54709
     -3.56000      1.23088      0.44615      0.78473
     -3.55000      1.22317      0.43599      0.78718
     -3.54000      0.95743      0.34001      0.61741
     -3.53000      0.74071      0.26371      0.47700
     -3.52000      0.64188      0.22458      0.41730
     -3.51000      0.66910      0.23502      0.43408
     -3.50000      0.68345      0.24448      0.43898
     -3.49000      0.66492      0.23787      0.42705
     -3.48000      0.74386      0.26940      0.47445
     -3.47000      1.07117      0.39512      0.67604
     -3.46000      1.30045      0.48091      0.81954
     -3.45000      1.17608      0.43003      0.74604
     -3.44000      0.88645      0.32140      0.56505
     -3.43000      0.70885      0.25893      0.44992
     -3.42000      0.77711      0.28435      0.49276
     -3.41000      0.68640      0.24882      0.43758
     -3.40000      0.48287      0.17304      0.30983
     -3.39000      0.56700      0.19903      0.36797
     -3.38000      0.88145      0.31402      0.56743
     -3.37000      0.91658      0.32986      0.58672
     -3.36000      0.67171      0.24241      0.42930
     -3.35000      0.57455      0.20867      0.36588
     -3.34000      0.70983      0.24783      0.46200
     -3.33000      0.94885      0.33003      0.61882
     -3.32000      1.04156      0.37166      0.66990
     -3.31000      1.02003      0.36855      0.65148
     -3.30000      1.10847      0.39798      0.71049
     -3.29000      1.15471      0.41184      0.74286
     -3.28000      0.79496      0.28435      0.51061
     -3.27000      0.44482      0.15802      0.28680
     -3.26000      0.38498      0.13101      0.25398
     -3.25000      0.49626      0.17080      0.32546
     -3.24000      0.65598      0.23061      0.42538
     -3.23000      0.70098      0.24917      0.45180
     -3.22000      0.66742      0.23713      0.43029
     -3.21000      0.90939      0.32029      0.58910
     -3.20000      1.09448      0.38471      0.70976
     -3.19000      0.85944      0.30529      0.55415
     -3.18000      0.72386      0.26647      0.45739
     -3.17000      0.77708      0.28615      0.49094
     -3.16000      0.81509      0.29347      0.52162
     -3.15000      0.75670      0.27842      0.47829
     -3.14000      0.65584      0.25025      0.40559
     -3.13000      0.72581      0.27314      0.45266
     -3.12000      0.97025      0.35192      0.61834
     -3.11000      1.07056      0.37481      0.69575
     -3.10000      0.94766      0.31703      0.63062
     -3.09000      0.80172      0.26327      0.53845
     -3.08000      0.68140      0.22772      0.45368
     -3.07000      0.74931      0.25848      0.49083
     -3.06000      0.70974      0.25102      0.45872
     -3.05000      0.58605      0.20905      0.37700
     -3.04000      0.58526      0.20880      0.37645
     -3.03000      0.71063      0.24745      0.46318
     -3.02000      0.78188      0.26601      0.51587
     -3.01000      0.51597      0.17348      0.34249
     -3.00000      0.31765      0.10681      0.21083
     -2.99000      0.49136      0.17667      0.31469
     -2.98000      0.90970      0.33162      0.57808
     -2.97000      1.19734      0.42590      0.77144
     -2.96000      1.17043      0.41232      0.75812
     -2.95000      0.91496      0.32730      0.58767
     -2.94000      0.86435      0.30665      0.55770
     -2.93000      1.06135      0.37239      0.68896
     -2.92000      0.86314      0.30740      0.55573
     -2.91000      0.44959      0.16188      0.28771
     -2.90000      0.38301      0.12805      0.25496
     -2.89000      0.51132      0.16623      0.34508
     -2.88000      0.43529      0.14504      0.29025
     -2.87000      0.37421      0.13764      0.23657
     -2.86000      0.51631      0.19321      0.32310
     -2.85000      0.77928      0.27291      0.50637
     -2.84000      1.14474      0.38660      0.75814
     -2.83000      1.25110      0.42059      0.83051
     -2.82000      1.00240      0.33719      0.66521
     -2.81000      0.75472      0.26099      0.49373
     -2.80000      0.66333      0.23521      0.42812
     -2.79000      0.54077      0.18559      0.35517
     -2.78000      0.49398      0.16681      0.32718
     -2.77000      0.60600      0.21564      0.39036
     -2.76000      0.80681      0.29041      0.51640
     -2.75000      1.04698      0.37220      0.67478
     -2.74000      1.13387      0.40018      0.73370
     -2.73000      0.91733      0.31701      0.60032
     -2.72000      0.61586      0.20283      0.41303
     -2.71000      0.51190      0.17005      0.34185
     -2.70000      0.60137      0.20880      0.39257
     -2.69000      0.66934      0.23020      0.43914
     -2.68000      0.56847      0.18676      0.38171
     -2.67000      0.48967      0.15827      0.33140
     -2.66000      0.60091      0.20540      0.39551
     -2.65000      0.78171      0.27264      0.50907
     -2.64000      0.78066      0.27214      0.50851
     -2.63000      0.56228      0.20102      0.36126
     -2.62000      0.49370      0.17337      0.32033
     -2.61000      0.59078      0.19433      0.39646
     -2.60000      0.64467      0.20886      0.43582
     -2.59000      0.73737      0.24403      0.49334
     -2.58000      0.72948      0.24485      0.48463
     -2.57000      0.66275      0.22622      0.43653
     -2.56000      0.85273      0.29364      0.55910
     -2.55000      1.35052      0.46673      0.88379
     -2.54000      1.47260      0.50865      0.96395
     -2.53000      1.03335      0.35334      0.68000
     -2.52000      0.68139      0.23389      0.44750
     -2.51000      0.48027      0.16520      0.31507
     -2.50000      0.41716      0.13586      0.28130
     -2.49000      0.30585      0.09714      0.20871
     -2.48000      0.30882      0.10116      0.20766
     -2.47000      0.59813      0.20021      0.39792
     -2.46000      0.84424      0.28318      0.56107
     -2.45000      0.94774      0.31644      0.63130
     -2.44000      0.87645      0.29120      0.58525
     -2.43000      0.70332      0.23559      0.46772
     -2.42000      0.47402      0.16306      0.31096
     -2.41000      0.33677      0.11459      0.22218
     -2.40000      0.53088      0.17419      0.35669
     -2.39000      0.71571      0.23359      0.48212
     -2.38000      0.66794      0.22063      0.44731
     -2.37000      0.65082      0.22548      0.42533
     -2.36000      0.97392      0.34559      0.62833
     -2.35000      1.06075      0.37472      0.68602
     -2.34000      0.70010      0.23962      0.46047
     -2.33000      0.64551      0.19978      0.44573
     -2.32000      0.79017      0.23466      0.55552
     -2.31000      0.76979      0.23523      0.53456
     -2.30000      0.60990      0.19589      0.41401
     -2.29000      0.50507      0.16842      0.33665
     -2.28000      0.53285      0.18308      0.34977
     -2.27000      0.80624      0.28095      0.52529
     -2.26000      1.10543      0.37780      0.72763
     -2.25000      1.04719      0.34660      0.70059
     -2.24000      0.71030      0.22620      0.48411
     -2.23000      0.43050      0.13510      0.29540
     -2.22000      0.39067      0.12430      0.26637
     -2.21000      0.44746      0.14038      0.30708
     -2.20000      0.55041      0.17737      0.37303
     -2.19000      0.79459      0.26338      0.53122
     -2.18000      1.06342      0.35758      0.70584
     -2.17000      1.03910      0.35344      0.68566
     -2.16000      0.80339      0.26665      0.53674
     -2.15000      0.61355      0.18773      0.42582
     -2.14000      0.41762      0.12573      0.29189
     -2.13000      0.33228      0.11513      0.21714
     -2.12000      0.48557      0.17211      0.31346
     -2.11000      0.64395      0.21014      0.43381
     -2.10000      0.68687      0.21363      0.47325
     -2.09000      0.63039      0.20310      0.42728
     -2.08000      0.55356      0.18505      0.36851
     -2.07000      0.68086      0.21830      0.46256
     -2.06000      0.87473      0.26806      0.60667
     -2.05000      0.83252      0.25315      0.57937
     -2.04000      0.84241      0.26273      0.57967
     -2.03000      1.01197      0.32533      0.68665
     -2.02000      1.07866      0.35604      0.72262
     -2.01000      0.90343      0.30667      0.59676
     -2.00000      0.62278      0.21370      0.40908
     -1.99000      0.46371      0.15607      0.30764
     -1.98000      0.42595      0.13087      0.29508
     -1.97000      0.54860      0.15879      0.38981
     -1.96000      0.72332      0.21499      0.50833
     -1.95000      0.65409      0.20125      0.45285
     -1.94000      0.55512      0.17547      0.37965
     -1.93000      0.73131      0.23349      0.49782
     -1.92000      0.85812      0.27491      0.58321
     -1.91000      0.66739      0.21184      0.45555
     -1.90000      0.58915      0.18111      0.40804
     -1.89000      0.60647      0.18854      0.41794
     -1.88000      0.74040      0.24155      0.49885
     -1.87000      0.93827      0.30378      0.63448
     -1.86000      0.78558      0.24673      0.53885
     -1.85000      0.43195      0.13946      0.29249
     -1.84000      0.29666      0.10195      0.19470
     -1.83000      0.47818      0.15454      0.32363
     -1.82000      0.80065      0.25120      0.54944
     -1.81000      0.83399      0.26199      0.57200
     -1.80000      0.68650      0.20762      0.47888
     -1.79000      0.80608      0.23331      0.57277
     -1.78000      0.95487      0.27980      0.67507
     -1.77000      0.89591      0.27440      0.62152
     -1.76000      0.85753      0.26731      0.59021
     -1.75000      0.88303      0.27005      0.61298
     -1.74000      0.76239      0.22914      0.53325
     -1.73000      0.56482      0.17299      0.39184
     -1.72000      0.44108      0.14107      0.30001
     -1.71000      0.38374      0.12178      0.26195
     -1.70000      0.53405      0.16338      0.37068
     -1.69000      0.77944      0.23392      0.54552
     -1.68000      0.87779      0.26139      0.61641
     -1.67000      0.84863      0.26044      0.58820
     -1.66000      0.88091      0.27709      0.60382
     -1.65000      0.87640      0.26800      0.60839
     -1.64000      0.62448      0.18230      0.44218
     -1.63000      0.46482      0.13359      0.33123
     -1.62000      0.62787      0.18743      0.44044
     -1.61000      0.68352      0.21048      0.47305
     -1.60000      0.64560      0.19391      0.45170
     -1.59000      0.67998      0.19705      0.48293
     -1.58000      0.64606      0.19905      0.44701
     -1.57000      0.48995      0.16362      0.32633
     -1.56000      0.49181      0.15665      0.33516
     -1.55000      0.71280      0.21091      0.50190
     -1.54000      0.81451      0.23355      0.58096
     -1.53000      0.87735      0.25005      0.62730
     -1.52000      0.99977      0.28288      0.71689
     -1.51000      0.93843      0.26257      0.67585
     -1.50000      0.75974      0.21607      0.54366
     -1.49000      0.67977      0.18561      0.49416
     -1.48000      0.62439      0.15860      0.46579
     -1.47000      0.45689      0.11294      0.34396
     -1.46000      0.27718      0.06823      0.20895
     -1.45000      0.22624      0.05548      0.17077
     -1.44000      0.33712      0.08183      0.25528
     -1.43000      0.54888      0.13252      0.41636
     -1.42000      0.58699      0.14139      0.44561
     -1.41000      0.48210      0.11617      0.36593
     -1.40000      0.44861      0.10836      0.34025
     -1.39000      0.54338      0.13100      0.41238
     -1.38000      0.52171      0.12541      0.39631
     -1.37000      0.38886      0.09303      0.29583
     -1.36000      0.43271      0.10280      0.32991
     -1.35000      0.53427      0.12636      0.40791
     -1.34000      0.41619      0.09801      0.31817
     -1.33000      0.33853      0.07952      0.25901
     -1.32000      0.37492      0.08773      0.28718
     -1.31000      0.38633      0.08962      0.29671
     -1.30000      0.38742      0.08941      0.29801
     -1.29000      0.36223      0.08367      0.27855
     -1.28000      0.50058      0.11593      0.38465
     -1.27000      0.79158      0.18372      0.60787
     -1.26000      0.86230      0.20016      0.66214
     -1.25000      0.71821      0.16608      0.55213
     -1.24000      0.64894      0.14914      0.49980
     -1.23000      0.57079      0.13067      0.44012
     -1.22000      0.46138      0.10496      0.35642
     -1.21000      0.53768      0.12082      0.41687
     -1.20000      0.62152      0.13880      0.48272
     -1.19000      0.56611      0.12621      0.43990
     -1.18000      0.48578      0.10800      0.37779
     -1.17000      0.44315      0.09789      0.34526
     -1.16000      0.39446      0.08693      0.30753
     -1.15000      0.44252      0.09772      0.34481
     -1.14000      0.68328      0.15059      0.53269
     -1.13000      0.77249      0.16947      0.60303
     -1.12000      0.68302      0.14873      0.53429
     -1.11000      0.60674      0.13101      0.47573
     -1.10000      0.52718      0.11339      0.41378
     -1.09000      0.45313      0.09677      0.35636
     -1.08000      0.56227      0.11898      0.44330
     -1.07000      0.54309      0.11435      0.42874
     -1.06000      0.40118      0.08412      0.31706
     -1.05000      0.40994      0.08539      0.32455
     -1.04000      0.51254      0.10587      0.40667
     -1.03000      0.71363      0.14812      0.56551
     -1.02000      1.04115      0.21851      0.82264
     -1.01000      1.10556      0.23257      0.87299
     -1.00000      0.97157      0.20255      0.76903
     -0.99000      0.91472      0.18801      0.72671
     -0.98000      0.87818      0.17836      0.69982
     -0.97000      0.83220      0.16752      0.66468
     -0.96000      0.79495      0.15875      0.63619
     -0.95000      0.79017      0.15622      0.63395
     -0.94000      0.84597      0.16552      0.68045
     -0.93000      0.90641      0.17563      0.73079
     -0.92000      1.04218      0.20016      0.84202
     -0.91000      1.25985      0.24156      1.01829
     -0.90000      1.22102      0.23640      0.98462
     -0.89000      0.88014      0.17255      0.70759
     -0.88000      0.70134      0.13665      0.56469
     -0.87000      0.76220      0.14589      0.61631
     -0.86000      0.79459      0.15026      0.64433
     -0.85000      0.55867      0.10458      0.45409
     -0.84000      0.32784      0.06042      0.26742
     -0.83000      0.26949      0.04910      0.22039
     -0.82000      0.30853      0.05602      0.25250
     -0.81000      0.45679      0.08311      0.37368
     -0.80000      0.89913      0.16599      0.73314
     -0.79000      1.70557      0.31980      1.38577
     -0.78000      1.89253      0.35677      1.53576
     -0.77000      1.01734      0.19060      0.82674
     -0.76000      0.37164      0.06760      0.30404
     -0.75000      0.21117      0.03718      0.17399
     -0.74000      0.24596      0.04291      0.20305
     -0.73000      0.28884      0.05037      0.23847
     -0.72000      0.30491      0.05306      0.25185
     -0.71000      0.35407      0.06168      0.29239
     -0.70000      0.43061      0.07539      0.35522
     -0.69000      0.63821      0.11247      0.52574
     -0.68000      0.82930      0.14644      0.68286
     -0.67000      0.70567      0.12352      0.58215
     -0.66000      0.38702      0.06651      0.32051
     -0.65000      0.25826      0.04353      0.21474
     -0.64000      0.28760      0.04807      0.23953
     -0.63000      0.35993      0.05990      0.30003
     -0.62000      0.44824      0.07441      0.37383
     -0.61000      0.52593      0.08724      0.43869
     -0.60000      0.61529      0.10215      0.51314
     -0.59000      0.77002      0.12849      0.64153
     -0.58000      0.91817      0.15386      0.76431
     -0.57000      0.83304      0.13856      0.69448
     -0.56000      0.46538      0.07601      0.38937
     -0.55000      0.18620      0.02967      0.15652
     -0.54000      0.20336      0.03181      0.17155
     -0.53000      0.30646      0.04770      0.25875
     -0.52000      0.32679      0.05045      0.27634
     -0.51000      0.42211      0.06487      0.35723
     -0.50000      0.43359      0.06684      0.36675
     -0.49000      0.41813      0.06474      0.35340
     -0.48000      0.48080      0.07415      0.40665
     -0.47000      0.41372      0.06302      0.35070
     -0.46000      0.31193      0.04653      0.26540
     -0.45000      0.31067      0.04561      0.26506
     -0.44000      0.37811      0.05508      0.32303
     -0.43000      0.41587      0.06025      0.35562
     -0.42000      0.42474      0.06137      0.36337
     -0.41000      0.42887      0.06205      0.36682
     -0.40000      0.57864      0.08325      0.49539
     -0.39000      0.74003      0.10552      0.63451
     -0.38000      0.51061      0.07233      0.43829
     -0.37000      0.17795      0.02488      0.15307
     -0.36000      0.16409      0.02210      0.14199
     -0.35000      0.30193      0.04042      0.26150
     -0.34000      0.34215      0.04544      0.29671
     -0.33000      0.37654      0.04954      0.32700
     -0.32000      0.40642      0.05349      0.35293
     -0.31000      0.35500      0.04663      0.30837
     -0.30000      0.30943      0.04004      0.26939
     -0.29000      0.27010      0.03425      0.23585
     -0.28000      0.26432      0.03300      0.23132
     -0.27000      0.32620      0.04025      0.28595
     -0.26000      0.42728      0.05221      0.37506
     -0.25000      0.51935      0.06297      0.45638
     -0.24000      0.52848      0.06383      0.46465
     -0.23000      0.36018      0.04328      0.31690
     -0.22000      0.26312      0.03072      0.23241
     -0.21000      0.29081      0.03330      0.25751
     -0.20000      0.20344      0.02311      0.18033
     -0.19000      0.20726      0.02301      0.18426
     -0.18000      0.35336      0.03884      0.31452
     -0.17000      0.39239      0.04264      0.34975
     -0.16000      0.34937      0.03737      0.31200
     -0.15000      0.26497      0.02797      0.23701
     -0.14000      0.25605      0.02647      0.22958
     -0.13000      0.36587      0.03724      0.32863
     -0.12000      0.42024      0.04234      0.37790
     -0.11000      0.33736      0.03349      0.30387
     -0.10000      0.25859      0.02506      0.23353
     -0.09000      0.25246      0.02391      0.22855
     -0.08000      0.27545      0.02566      0.24979
     -0.07000      0.27569      0.02527      0.25043
     -0.06000      0.26400      0.02363      0.24037
     -0.05000      0.33111      0.02893      0.30218
     -0.04000      0.36206      0.03123      0.33083
     -0.03000      0.26640      0.02258      0.24381
     -0.02000      0.23208      0.01904      0.21304
     -0.01000      0.24069      0.01939      0.22130
      0.00000      0.15222      0.01217      0.14005
      0.01000      0.04471      0.00356      0.04115
      0.02000      0.00535      0.00043      0.00493
      0.03000      0.00025      0.00002      0.00023
      0.04000      0.00000      0.00000      0.00000
      0.05000      0.00000      0.00000      0.00000
      0.06000      0.00000      0.00000      0.00000
      0.07000      0.00000      0.00000      0.00000
      0.08000      0.00000      0.00000      0.00000
      0.09000      0.00000      0.00000      0.00000
      0.10000      0.00000      0.00000      0.00000
      0.11000      0.00000      0.00000      0.00000
      0.12000      0.00000      0.00000      0.00000
      0.13000      0.00000      0.00000      0.00000
      0.14000      0.00000      0.00000      0.00000
      0.15000      0.00000      0.00000      0.00000
      0.16000      0.00000      0.00000      0.00000
      0.17000      0.00000      0.00000      0.00000
      0.18000      0.00000      0.00000      0.00000
      0.19000      0.00000      0.00000      0.00000
      0.20000      0.00000      0.00000      0.00000
      0.21000      0.00000      0.00000      0.00000
      0.22000      0.00000      0.00000      0.00000
      0.23000      0.00000      0.00000      0.00000
      0.24000      0.00000      0.00000      0.00000
      0.25000      0.00000      0.00000      0.00000
      0.26000      0.00000      0.00000      0.00000
      0.27000      0.00000      0.00000      0.00000
      0.28000      0.00000      0.00000      0.00000
      0.29000      0.00000      0.00000      0.00000
      0.30000      0.00000      0.00000      0.00000
      0.31000      0.00000      0.00000      0.00000
      0.32000      0.00000      0.00000      0.00000
      0.33000      0.00000      0.00000      0.00000
      0.34000      0.00000      0.00000      0.00000
      0.35000      0.00000      0.00000      0.00000
      0.36000      0.00000      0.00000      0.00000
      0.37000      0.00000      0.00000      0.00000
      0.38000      0.00000      0.00000      0.00000
      0.39000      0.00000      0.00000      0.00000
      0.40000      0.00000      0.00000      0.00000
      0.41000      0.00000      0.00000      0.00000
      0.42000      0.00000      0.00000      0.00000
      0.43000      0.00000      0.00000      0.00000
      0.44000      0.00000      0.00000      0.00000
      0.45000      0.00000      0.00000      0.00000
      0.46000      0.00000      0.00000      0.00000
      0.47000      0.00000      0.00000      0.00000
      0.48000      0.00000      0.00000      0.00000
      0.49000      0.00000      0.00000      0.00000
      0.50000      0.00000      0.00000      0.00000
      0.51000      0.00000      0.00000      0.00000
      0.52000      0.00000      0.00000      0.00000
      0.53000      0.00000      0.00000      0.00000
      0.54000      0.00000      0.00000      0.00000
      0.55000      0.00000      0.00000      0.00000
      0.56000      0.00000      0.00000      0.00000
      0.57000      0.00000      0.00000      0.00000
      0.58000      0.00000      0.00000      0.00000
      0.59000      0.00000      0.00000      0.00000
      0.60000      0.00000      0.00000      0.00000
      0.61000      0.00000      0.00000      0.00000
      0.62000      0.00000      0.00000      0.00000
      0.63000      0.00000      0.00000      0.00000
      0.64000      0.00000      0.00000      0.00000
      0.65000      0.00000      0.00000      0.00000
      0.66000      0.00000      0.00000      0.00000
      0.67000      0.00000      0.00000      0.00000
      0.68000      0.00000      0.00000      0.00000
      0.69000      0.00000      0.00000      0.00000
      0.70000      0.00000      0.00000      0.00000
      0.71000      0.00000      0.00000      0.00000
      0.72000      0.00000      0.00000      0.00000
      0.73000      0.00000      0.00000      0.00000
      0.74000      0.00000      0.00000      0.00000
      0.75000      0.00000      0.00000      0.00000
      0.76000      0.00000      0.00000      0.00000
      0.77000      0.00000      0.00000      0.00000
      0.78000      0.00000      0.00000      0.00000
      0.79000      0.00000      0.00000      0.00000
      0.80000      0.00000      0.00000      0.00000
      0.81000      0.00000      0.00000      0.00000
      0.82000      0.00000      0.00000      0.00000
      0.83000      0.00000      0.00000      0.00000
      0.84000      0.00000      0.00000      0.00000
      0.85000      0.00000      0.00000      0.00000
      0.86000      0.00000      0.00000      0.00000
      0.87000      0.00000      0.00000      0.00000
      0.88000      0.00000      0.00000      0.00000
      0.89000      0.00000      0.00000      0.00000
      0.90000      0.00000      0.00000      0.00000
      0.91000      0.00000      0.00000      0.00000
      0.92000      0.00000      0.00000      0.00000
      0.93000      0.00000      0.00000      0.00000
      0.94000      0.00000      0.00000      0.00000
      0.95000      0.00000      0.00000      0.00000
      0.96000      0.00000      0.00000      0.00000
      0.97000      0.00000      0.00000      0.00000
      0.98000      0.00000      0.00000      0.00000
      0.99000      0.00000      0.00000      0.00000
      1.00000      0.00000      0.00000      0.00000
      1.01000      0.00000      0.00000      0.00000
      1.02000      0.00000      0.00000      0.00000
      1.03000      0.00000      0.00000      0.00000
      1.04000      0.00000      0.00000      0.00000
      1.05000      0.00000      0.00000      0.00000
      1.06000      0.00000      0.00000      0.00000
      1.07000      0.00000      0.00000      0.00000
      1.08000      0.00000      0.00000      0.00000
      1.09000      0.00000      0.00000      0.00000
      1.10000      0.00000      0.00000      0.00000
      1.11000      0.00000      0.00000      0.00000
      1.12000      0.00000      0.00000      0.00000
      1.13000      0.00000      0.00000      0.00000
      1.14000      0.00000      0.00000      0.00000
      1.15000      0.00000      0.00000      0.00000
      1.16000      0.00000      0.00000      0.00000
      1.17000      0.00000      0.00000      0.00000
      1.18000      0.00000      0.00000      0.00000
      1.19000      0.00000      0.00000      0.00000
      1.20000      0.00000      0.00000      0.00000
      1.21000      0.00000      0.00000      0.00000
      1.22000      0.00000      0.00000      0.00000
      1.23000      0.00000      0.00000      0.00000
      1.24000      0.00000      0.00000      0.00000
      1.25000      0.00000      0.00000      0.00000
      1.26000      0.00000      0.00000      0.00000
      1.27000      0.00000      0.00000      0.00000
      1.28000      0.00000      0.00000      0.00000
      1.29000      0.00000      0.00000      0.00000
      1.30000      0.00000      0.00000      0.00000
      1.31000      0.00000      0.00000      0.00000
      1.32000      0.00000      0.00000      0.00000
      1.33000      0.00000      0.00000      0.00000
      1.34000      0.00000      0.00000      0.00000
      1.35000      0.00000      0.00000      0.00000
      1.36000      0.00000      0.00000      0.00000
      1.37000      0.00000      0.00000      0.00000
      1.38000      0.00000      0.00000      0.00000
      1.39000      0.00000      0.00000      0.00000
      1.40000      0.00000      0.00000      0.00000
      1.41000      0.00000      0.00000      0.00000
      1.42000      0.00000      0.00000      0.00000
      1.43000      0.00000      0.00000      0.00000
      1.44000      0.00000      0.00000      0.00000
      1.45000      0.00000      0.00000      0.00000
      1.46000      0.00000      0.00000      0.00000
      1.47000      0.00000      0.00000      0.00000
      1.48000      0.00000      0.00000      0.00000
      1.49000      0.00000      0.00000      0.00000
      1.50000      0.00000      0.00000      0.00000
      1.51000      0.00000      0.00000      0.00000
      1.52000      0.00000      0.00000      0.00000
      1.53000      0.00000      0.00000      0.00000
      1.54000      0.00000      0.00000      0.00000
      1.55000      0.00000      0.00000      0.00000
      1.56000      0.00000      0.00000      0.00000
      1.57000      0.00000      0.00000      0.00000
      1.58000      0.00000      0.00000      0.00000
      1.59000      0.00000      0.00000      0.00000
      1.60000      0.00000      0.00000      0.00000
      1.61000      0.00000      0.00000      0.00000
      1.62000      0.00000      0.00000      0.00000
      1.63000      0.00000      0.00000      0.00000
      1.64000      0.00000      0.00000      0.00000
      1.65000      0.00000      0.00000      0.00000
      1.66000      0.00000      0.00000      0.00000
      1.67000      0.00000      0.00000      0.00000
      1.68000      0.00000      0.00000      0.00000
      1.69000      0.00000      0.00000      0.00000
      1.70000      0.00000      0.00000      0.00000
      1.71000      0.00000      0.00000      0.00000
      1.72000      0.00000      0.00000      0.00000
      1.73000      0.00000      0.00000      0.00000
      1.74000      0.00000      0.00000      0.00000
      1.75000      0.00000      0.00000      0.00000
      1.76000      0.00000      0.00000      0.00000
      1.77000      0.00000      0.00000      0.00000
      1.78000      0.00000      0.00000      0.00000
      1.79000      0.00000      0.00000      0.00000
      1.80000      0.00000      0.00000      0.00000
      1.81000      0.00000      0.00000      0.00000
      1.82000      0.00000      0.00000      0.00000
      1.83000      0.00000      0.00000      0.00000
      1.84000      0.00000      0.00000      0.00000
      1.85000      0.00000      0.00000      0.00000
      1.86000      0.00000      0.00000      0.00000
      1.87000      0.00000      0.00000      0.00000
      1.88000      0.00000      0.00000      0.00000
      1.89000      0.00000      0.00000      0.00000
      1.90000      0.00000      0.00000      0.00000
      1.91000      0.00000      0.00000      0.00000
      1.92000      0.00000      0.00000      0.00000
      1.93000      0.00000      0.00000      0.00000
      1.94000      0.00000      0.00000      0.00000
      1.95000      0.00000      0.00000      0.00000
      1.96000      0.00000      0.00000      0.00000
      1.97000      0.00000      0.00000      0.00000
      1.98000      0.00000      0.00000      0.00000
      1.99000      0.00000      0.00000      0.00000
      2.00000      0.00000      0.00000      0.00000
      2.01000      0.00000      0.00000      0.00000
      2.02000      0.00000      0.00000      0.00000
      2.03000      0.00000      0.00000      0.00000
      2.04000      0.00000      0.00000      0.00000
      2.05000      0.00000      0.00000      0.00000
      2.06000      0.00000      0.00000      0.00000
      2.07000      0.00000      0.00000      0.00000
      2.08000      0.00000      0.00000      0.00000
      2.09000      0.00000      0.00000      0.00000
      2.10000      0.00000      0.00000      0.00000
      2.11000      0.00000      0.00000      0.00000
      2.12000      0.00000      0.00000      0.00000
      2.13000      0.00000      0.00000      0.00000
      2.14000      0.00000      0.00000      0.00000
      2.15000      0.00000      0.00000      0.00000
      2.16000      0.00000      0.00000      0.00000
      2.17000      0.00000      0.00000      0.00000
      2.18000      0.00000      0.00000      0.00000
      2.19000      0.00000      0.00000      0.00000
      2.20000      0.00000      0.00000      0.00000
      2.21000      0.00000      0.00000      0.00000
      2.22000      0.00000      0.00000      0.00000
      2.23000      0.00000      0.00000      0.00000
      2.24000      0.00000      0.00000      0.00000
      2.25000      0.00000      0.00000      0.00000
      2.26000      0.00000      0.00000      0.00000
      2.27000      0.00000      0.00000      0.00000
      2.28000      0.00000      0.00000      0.00000
      2.29000      0.00000      0.00000      0.00000
      2.30000      0.00000      0.00000      0.00000
      2.31000      0.00000      0.00000      0.00000
      2.32000      0.00000      0.00000      0.00000
      2.33000      0.00000      0.00000      0.00000
      2.34000      0.00000      0.00000      0.00000
      2.35000      0.00000      0.00000      0.00000
      2.36000      0.00000      0.00000      0.00000
      2.37000      0.00000      0.00000      0.00000
      2.38000      0.00000      0.00000      0.00000
      2.39000      0.00000      0.00000      0.00000
      2.40000      0.00000      0.00000      0.00000
      2.41000      0.00000      0.00000      0.00000
      2.42000      0.00000      0.00000      0.00000
      2.43000      0.00000      0.00000      0.00000
      2.44000      0.00000      0.00000      0.00000
      2.45000      0.00000      0.00000      0.00000
      2.46000      0.00000      0.00000      0.00000
      2.47000      0.00000      0.00000      0.00000
      2.48000      0.00000      0.00000      0.00000
      2.49000      0.00000      0.00000      0.00000
      2.50000      0.00000      0.00000      0.00000
      2.51000      0.00000      0.00000      0.00000
      2.52000      0.00000      0.00000      0.00000
      2.53000      0.00000      0.00000      0.00000
      2.54000      0.00000      0.00000      0.00000
      2.55000      0.00000      0.00000      0.00000
      2.56000      0.00000      0.00000      0.00000
      2.57000      0.00000      0.00000      0.00000
      2.58000      0.00000      0.00000      0.00000
      2.59000      0.00000      0.00000      0.00000
      2.60000      0.00000      0.00000      0.00000
      2.61000      0.00000      0.00000      0.00000
      2.62000      0.00000      0.00000      0.00000
      2.63000      0.00000      0.00000      0.00000
      2.64000      0.00000      0.00000      0.00000
      2.65000      0.00000      0.00000      0.00000
      2.66000      0.00000      0.00000      0.00000
      2.67000      0.00000      0.00000      0.00000
      2.68000      0.00000      0.00000      0.00000
      2.69000      0.00000      0.00000      0.00000
      2.70000      0.00000      0.00000      0.00000
      2.71000      0.00000      0.00000      0.00000
      2.72000      0.00000      0.00000      0.00000
      2.73000      0.00000      0.00000      0.00000
      2.74000      0.00000      0.00000      0.00000
      2.75000      0.00000      0.00000      0.00000
      2.76000      0.00000      0.00000      0.00000
      2.77000      0.00000      0.00000      0.00000
      2.78000      0.00000      0.00000      0.00000
      2.79000      0.00000      0.00000      0.00000
      2.80000      0.00000      0.00000      0.00000
      2.81000      0.00000      0.00000      0.00000
      2.82000      0.00000      0.00000      0.00000
      2.83000      0.00000      0.00000      0.00000
      2.84000      0.00000      0.00000      0.00000
      2.85000      0.00000      0.00000      0.00000
      2.86000      0.00000      0.00000      0.00000
      2.87000      0.00000      0.00000      0.00000
      2.88000      0.00000      0.00000      0.00000
      2.89000      0.00000      0.00000      0.00000
      2.90000      0.00000      0.00000      0.00000
      2.91000      0.00000      0.00000      0.00000
      2.92000      0.00000      0.00000      0.00000
      2.93000      0.00000      0.00000      0.00000
      2.94000      0.00000      0.00000      0.00000
      2.95000      0.00000      0.00000      0.00000
      2.96000      0.00000      0.00000      0.00000
      2.97000      0.00000      0.00000      0.00000
      2.98000      0.00000      0.00000      0.00000
      2.99000      0.00000      0.00000      0.00000
      3.00000      0.00000      0.00000      0.00000
      3.01000      0.00000      0.00000      0.00000
      3.02000      0.00000      0.00000      0.00000
      3.03000      0.00000      0.00000      0.00000
      3.04000      0.00000      0.00000      0.00000
      3.05000      0.00000      0.00000      0.00000
      3.06000      0.00000      0.00000      0.00000
      3.07000      0.00000      0.00000      0.00000
      3.08000      0.00000      0.00000      0.00000
      3.09000      0.00000      0.00000      0.00000
      3.10000      0.00000      0.00000      0.00000
      3.11000      0.00000      0.00000      0.00000
      3.12000      0.00000      0.00000      0.00000
      3.13000      0.00000      0.00000      0.00000
      3.14000      0.00000      0.00000      0.00000
      3.15000      0.00000      0.00000      0.00000
      3.16000      0.00000      0.00000      0.00000
      3.17000      0.00000      0.00000      0.00000
      3.18000      0.00000      0.00000      0.00000
      3.19000      0.00000      0.00000      0.00000
      3.20000      0.00000      0.00000      0.00000
      3.21000      0.00000      0.00000      0.00000
      3.22000      0.00000      0.00000      0.00000
      3.23000      0.00000      0.00000      0.00000
      3.24000      0.00000      0.00000      0.00000
      3.25000      0.00000      0.00000      0.00000
      3.26000      0.00000      0.00000      0.00000
      3.27000      0.00000      0.00000      0.00000
      3.28000      0.00000      0.00000      0.00000
      3.29000      0.00000      0.00000      0.00000
      3.30000      0.00000      0.00000      0.00000
      3.31000      0.00000      0.00000      0.00000
      3.32000      0.00000      0.00000      0.00000
      3.33000      0.00000      0.00000      0.00000
      3.34000      0.00000      0.00000      0.00000
      3.35000      0.00000      0.00000      0.00000
      3.36000      0.00000      0.00000      0.00000
      3.37000      0.00000      0.00000      0.00000
      3.38000      0.00000      0.00000      0.00000
      3.39000      0.00000      0.00000      0.00000
      3.40000      0.00000      0.00000      0.00000
      3.41000      0.00000      0.00000      0.00000
      3.42000      0.00000      0.00000      0.00000
      3.43000      0.00000      0.00000      0.00000
      3.44000      0.00000      0.00000      0.00000
      3.45000      0.00000      0.00000      0.00000
      3.46000      0.00000      0.00000      0.00000
      3.47000      0.00000      0.00000      0.00000
      3.48000      0.00000      0.00000      0.00000
      3.49000      0.00000      0.00000      0.00000
      3.50000      0.00000      0.00000      0.00000
      3.51000      0.00000      0.00000      0.00000
      3.52000      0.00000      0.00000      0.00000
      3.53000      0.00000      0.00000      0.00000
      3.54000      0.00000      0.00000      0.00000
      3.55000      0.00000      0.00000      0.00000
      3.56000      0.00000      0.00000      0.00000
      3.57000      0.00000      0.00000      0.00000
      3.58000      0.00000      0.00000      0.00000
      3.59000      0.00000      0.00000      0.00000
      3.60000      0.00000      0.00000      0.00000
      3.61000      0.00000      0.00000      0.00000
      3.62000      0.00000      0.00000      0.00000
      3.63000      0.00000      0.00000      0.00000
      3.64000      0.00000      0.00000      0.00000
      3.65000      0.00000      0.00000      0.00000
      3.66000      0.00000      0.00000      0.00000
      3.67000      0.00000      0.00000      0.00000
      3.68000      0.00000      0.00000      0.00000
      3.69000      0.00000      0.00000      0.00000
      3.70000      0.00000      0.00000      0.00000
      3.71000      0.00000      0.00000      0.00000
      3.72000      0.00000      0.00000      0.00000
      3.73000      0.00000      0.00000      0.00000
      3.74000      0.00000      0.00000      0.00000
      3.75000      0.00000      0.00000      0.00000
      3.76000      0.00000      0.00000      0.00000
      3.77000      0.00000      0.00000      0.00000
      3.78000      0.00000      0.00000      0.00000
      3.79000      0.00000      0.00000      0.00000
      3.80000      0.00000      0.00000      0.00000
      3.81000      0.00000      0.00000      0.00000
      3.82000      0.00000      0.00000      0.00000
      3.83000      0.00000      0.00000      0.00000
      3.84000      0.00000      0.00000      0.00000
      3.85000      0.00000      0.00000      0.00000
      3.86000      0.00000      0.00000      0.00000
      3.87000      0.00000      0.00000      0.00000
      3.88000      0.00000      0.00000      0.00000
      3.89000      0.00000      0.00000      0.00000
      3.90000      0.00000      0.00000      0.00000
      3.91000      0.00000      0.00000      0.00000
      3.92000      0.00000      0.00000      0.00000
      3.93000      0.00000      0.00000      0.00000
      3.94000      0.00000      0.00000      0.00000
      3.95000      0.00000      0.00000      0.00000
      3.96000      0.00000      0.00000      0.00000
      3.97000      0.00000      0.00000      0.00000
      3.98000      0.00000      0.00000      0.00000
      3.99000      0.00000      0.00000      0.00000
      4.00000      0.00000      0.00000      0.00000
      4.01000      0.00000      0.00000      0.00000
      4.02000      0.00000      0.00000      0.00000
      4.03000      0.00000      0.00000      0.00000
      4.04000      0.00000      0.00000      0.00000
      4.05000      0.00000      0.00000      0.00000
      4.06000      0.00000      0.00000      0.00000
      4.07000      0.00000      0.00000      0.00000
      4.08000      0.00000      0.00000      0.00000
      4.09000      0.00000      0.00000      0.00000
      4.10000      0.00000      0.00000      0.00000
      4.11000      0.00000      0.00000      0.00000
      4.12000      0.00000      0.00000      0.00000
      4.13000      0.00000      0.00000      0.00000
      4.14000      0.00000      0.00000      0.00000
      4.15000      0.00000      0.00000      0.00000
      4.16000      0.00000      0.00000      0.00000
      4.17000      0.00000      0.00000      0.00000
      4.18000      0.00000      0.00000      0.00000
      4.19000      0.00000      0.00000      0.00000
      4.20000      0.00000      0.00000      0.00000
      4.21000      0.00000      0.00000      0.00000
      4.22000      0.00000      0.00000      0.00000
      4.23000      0.00000      0.00000      0.00000
      4.24000      0.00000      0.00000      0.00000
      4.25000      0.00000      0.00000      0.00000
      4.26000      0.00000      0.00000      0.00000
      4.27000      0.00000      0.00000      0.00000
      4.28000      0.00000      0.00000      0.00000
      4.29000      0.00000      0.00000      0.00000
      4.30000      0.00000      0.00000      0.00000
      4.31000      0.00000      0.00000      0.00000
      4.32000      0.00000      0.00000      0.00000
      4.33000      0.00000      0.00000      0.00000
      4.34000      0.00000      0.00000      0.00000
      4.35000      0.00000      0.00000      0.00000
      4.36000      0.00000      0.00000      0.00000
      4.37000      0.00000      0.00000      0.00000
      4.38000      0.00000      0.00000      0.00000
      4.39000      0.00000      0.00000      0.00000
      4.40000      0.00000      0.00000      0.00000
      4.41000      0.00000      0.00000      0.00000
      4.42000      0.00000      0.00000      0.00000
      4.43000      0.00000      0.00000      0.00000
      4.44000      0.00000      0.00000      0.00000
      4.45000      0.00000      0.00000      0.00000
      4.46000      0.00000      0.00000      0.00000
      4.47000      0.00000      0.00000      0.00000
      4.48000      0.00000      0.00000      0.00000
      4.49000      0.00000      0.00000      0.00000
      4.50000      0.00000      0.00000      0.00000
      4.51000      0.00000      0.00000      0.00000
      4.52000      0.00000      0.00000      0.00000
      4.53000      0.00000      0.00000      0.00000
      4.54000      0.00000      0.00000      0.00000
      4.55000      0.00000      0.00000      0.00000
      4.56000      0.00000      0.00000      0.00000
      4.57000      0.00000      0.00000      0.00000
      4.58000      0.00000      0.00000      0.00000
      4.59000      0.00000      0.00000      0.00000
      4.60000      0.00000      0.00000      0.00000
      4.61000      0.00000      0.00000      0.00000
      4.62000      0.00000      0.00000      0.00000
      4.63000      0.00000      0.00000      0.00000
      4.64000      0.00029      0.00026      0.00003
      4.65000      0.00617      0.00550      0.00067
      4.66000      0.05125      0.04567      0.00558
      4.67000      0.17549      0.15630      0.01918
      4.68000      0.28655      0.25492      0.03163
      4.69000      0.32343      0.28695      0.03648
      4.70000      0.39252      0.34715      0.04537
      4.71000      0.43913      0.38748      0.05166
      4.72000      0.40043      0.35221      0.04822
      4.73000      0.39829      0.34903      0.04926
      4.74000      0.39700      0.34696      0.05004
      4.75000      0.31559      0.27497      0.04062
      4.76000      0.30793      0.26697      0.04096
      4.77000      0.56742      0.49082      0.07661
      4.78000      0.73326      0.63336      0.09991
      4.79000      0.57225      0.49221      0.08003
      4.80000      0.40564      0.34637      0.05926
      4.81000      0.42008      0.35716      0.06293
      4.82000      0.59264      0.50348      0.08916
      4.83000      0.58080      0.49186      0.08895
      4.84000      0.38103      0.31840      0.06263
      4.85000      0.54611      0.44219      0.10392
      4.86000      1.36027      1.08951      0.27075
      4.87000      2.19779      1.75416      0.44363
      4.88000      2.56003      2.03362      0.52641
      4.89000      2.40057      1.88820      0.51237
      4.90000      1.92150      1.49876      0.42274
      4.91000      1.54281      1.20290      0.33991
      4.92000      1.25882      0.98462      0.27420
      4.93000      1.07670      0.84553      0.23118
      4.94000      1.20627      0.94670      0.25957
      4.95000      1.43643      1.12121      0.31521
      4.96000      1.33639      1.03881      0.29757
      4.97000      0.90365      0.70318      0.20047
      4.98000      0.69032      0.53866      0.15165
      4.99000      0.87426      0.68175      0.19251
      5.00000      0.88777      0.69501      0.19275
      5.01000      0.75901      0.59891      0.16010
      5.02000      1.00004      0.78341      0.21663
      5.03000      1.42295      1.10055      0.32241
      5.04000      1.32477      1.02000      0.30476
      5.05000      0.71759      0.55430      0.16329
      5.06000      0.27914      0.21631      0.06283
      5.07000      0.38469      0.29477      0.08992
      5.08000      0.75714      0.57905      0.17810
      5.09000      0.71274      0.54554      0.16720
      5.10000      0.51436      0.39942      0.11494
      5.11000      0.57587      0.45186      0.12401
      5.12000      0.74894      0.57506      0.17388
      5.13000      1.10618      0.83090      0.27528
      5.14000      1.06646      0.79808      0.26837
      5.15000      0.52934      0.39909      0.13025
      5.16000      0.31781      0.24597      0.07184
      5.17000      0.41319      0.32110      0.09208
      5.18000      0.56016      0.43075      0.12941
      5.19000      0.74482      0.56409      0.18074
      5.20000      0.80031      0.60696      0.19334
      5.21000      0.65401      0.50430      0.14970
      5.22000      0.43074      0.33498      0.09576
      5.23000      0.33213      0.25445      0.07767
      5.24000      0.57738      0.43334      0.14405
      5.25000      1.04661      0.77456      0.27205
      5.26000      1.04931      0.77103      0.27829
      5.27000      0.46999      0.34503      0.12495
      5.28000      0.19098      0.14438      0.04660
      5.29000      0.30015      0.23067      0.06948
      5.30000      0.38218      0.29140      0.09078
      5.31000      0.44071      0.33147      0.10924
      5.32000      0.65965      0.48987      0.16979
      5.33000      0.72792      0.53890      0.18902
      5.34000      0.41393      0.30790      0.10603
      5.35000      0.22276      0.16720      0.05556
      5.36000      0.30345      0.22828      0.07517
      5.37000      0.35327      0.26379      0.08948
      5.38000      0.52260      0.38360      0.13900
      5.39000      0.91736      0.66642      0.25094
      5.40000      0.98485      0.71467      0.27018
      5.41000      0.72391      0.53396      0.18995
      5.42000      0.59614      0.44867      0.14747
      5.43000      0.43240      0.32805      0.10435
      5.44000      0.21835      0.16520      0.05315
      5.45000      0.19643      0.14422      0.05221
      5.46000      0.38007      0.27555      0.10453
      5.47000      0.53031      0.38185      0.14845
      5.48000      0.46116      0.33256      0.12860
      5.49000      0.34672      0.25415      0.09257
      5.50000      0.29500      0.21760      0.07740
      5.51000      0.29188      0.21455      0.07733
      5.52000      0.35885      0.26270      0.09614
      5.53000      0.47583      0.34632      0.12951
      5.54000      0.73286      0.52718      0.20568
      5.55000      0.94675      0.67589      0.27085
      5.56000      0.66656      0.47576      0.19080
      5.57000      0.23515      0.16864      0.06651
      5.58000      0.16855      0.12228      0.04628
      5.59000      0.27959      0.20393      0.07566
      5.60000      0.30192      0.22062      0.08130
      5.61000      0.30792      0.22358      0.08434
      5.62000      0.40843      0.29358      0.11485
      5.63000      0.51542      0.36722      0.14820
      5.64000      0.52014      0.37037      0.14977
      5.65000      0.44299      0.31946      0.12354
      5.66000      0.37351      0.27245      0.10106
      5.67000      0.40779      0.29732      0.11048
      5.68000      0.37288      0.26996      0.10291
      5.69000      0.36964      0.26457      0.10507
      5.70000      0.57167      0.40594      0.16573
      5.71000      0.75904      0.53344      0.22560
      5.72000      0.70007      0.48706      0.21301
      5.73000      0.35283      0.24423      0.10860
      5.74000      0.09971      0.06947      0.03024
      5.75000      0.14089      0.10089      0.04000
      5.76000      0.33516      0.24005      0.09511
      5.77000      0.35944      0.25667      0.10277
      5.78000      0.20991      0.14909      0.06081
      5.79000      0.29026      0.20496      0.08530
      5.80000      0.60463      0.42590      0.17873
      5.81000      0.63618      0.44673      0.18945
      5.82000      0.31599      0.22120      0.09479
      5.83000      0.15701      0.11005      0.04696
      5.84000      0.23130      0.16301      0.06829
      5.85000      0.28214      0.19914      0.08300
      5.86000      0.26530      0.18602      0.07928
      5.87000      0.29158      0.20288      0.08870
      5.88000      0.46595      0.32318      0.14277
      5.89000      0.68065      0.46953      0.21112
      5.90000      0.75053      0.51746      0.23307
      5.91000      0.64297      0.44782      0.19515
      5.92000      0.46111      0.32494      0.13617
      5.93000      0.34162      0.24245      0.09917
      5.94000      0.24550      0.17431      0.07119
      5.95000      0.17621      0.12332      0.05289
      5.96000      0.23584      0.16292      0.07292
      5.97000      0.28952      0.19962      0.08989
      5.98000      0.30526      0.20889      0.09636
      5.99000      0.35490      0.24221      0.11269
      6.00000      0.37764      0.25989      0.11776
      6.01000      0.31458      0.21782      0.09677
      6.02000      0.23577      0.16324      0.07252
      6.03000      0.26125      0.18031      0.08094
      6.04000      0.27372      0.18831      0.08542
      6.05000      0.31283      0.21517      0.09766
      6.06000      0.43090      0.29566      0.13524
      6.07000      0.59318      0.40462      0.18856
      6.08000      0.70372      0.47795      0.22577
      6.09000      0.46401      0.31407      0.14994
      6.10000      0.18543      0.12552      0.05992
      6.11000      0.18872      0.12893      0.05980
      6.12000      0.26921      0.18560      0.08408
      6.13000      0.28386      0.21156      0.08164
      6.14000      0.40522      0.40644      0.07160
      6.15000      0.83606      0.98830      0.08198
      6.16000      1.20737      1.44632      0.10709
      6.17000      1.15894      1.34085      0.11983
      6.18000      1.10328      1.19254      0.14785
      6.19000      0.95669      1.01924      0.13155
      6.20000      0.73770      0.78966      0.09720
      6.21000      0.76261      0.77834      0.11682
      6.22000      0.80916      0.84492      0.11374
      6.23000      0.70410      0.75214      0.09048
      6.24000      0.74533      0.72898      0.12881
      6.25000      0.83941      0.78621      0.16220
      6.26000      0.79608      0.73433      0.16023
      6.27000      0.68855      0.59936      0.15764
      6.28000      0.55126      0.51185      0.10902
      6.29000      0.53199      0.61364      0.04159
      6.30000      0.56390      0.65286      0.04198
      6.31000      0.58395      0.57309      0.09660
      6.32000      0.56636      0.51248      0.11612
      6.33000      0.44441      0.44598      0.06793
      6.34000      0.39681      0.43099      0.04309
      6.35000      0.60053      0.56289      0.11264
      6.36000      0.81483      0.68590      0.19450
      6.37000      0.67604      0.57301      0.15956
      6.38000      0.40419      0.38288      0.07378
      6.39000      0.39738      0.41922      0.04879
      6.40000      0.53828      0.54764      0.07650
      6.41000      0.55066      0.54790      0.08479
      6.42000      0.52717      0.53952      0.07339
      6.43000      0.49116      0.49289      0.07404
      6.44000      0.51408      0.46809      0.10351
      6.45000      0.60148      0.49449      0.15036
      6.46000      0.73165      0.58403      0.19286
      6.47000      0.93419      0.77826      0.22778
      6.48000      0.84080      0.72464      0.19071
      6.49000      0.51039      0.42194      0.12507
      6.50000      0.36539      0.28962      0.09619
      6.51000      0.33713      0.31085      0.06493
      6.52000      0.33821      0.34488      0.04728
      6.53000      0.48653      0.47794      0.07794
      6.54000      0.58619      0.58044      0.09069
      6.55000      0.53235      0.53984      0.07520
      6.56000      0.54379      0.52240      0.09368
      6.57000      0.56626      0.50497      0.11936
      6.58000      0.44977      0.37338      0.11017
      6.59000      0.34783      0.29996      0.07890
      6.60000      0.39301      0.36001      0.07744
      6.61000      0.43349      0.39833      0.08512
      6.62000      0.48468      0.46068      0.08648
      6.63000      0.63518      0.60225      0.11350
      6.64000      0.69171      0.61270      0.14811
      6.65000      0.66473      0.49758      0.19462
      6.66000      0.60062      0.43042      0.18709
      6.67000      0.45033      0.40319      0.09461
      6.68000      0.39542      0.41780      0.04687
      6.69000      0.37098      0.33801      0.07462
      6.70000      0.31468      0.22975      0.09542
      6.71000      0.26681      0.18893      0.08407
      6.72000      0.32665      0.28784      0.07061
      6.73000      0.56552      0.56400      0.08502
      6.74000      0.72998      0.72462      0.11211
      6.75000      0.68303      0.66009      0.11559
      6.76000      0.69141      0.62849      0.13971
      6.77000      0.53231      0.45029      0.12640
      6.78000      0.37754      0.30353      0.09861
      6.79000      0.52477      0.44412      0.12475
      6.80000      0.54863      0.47704      0.12349
      6.81000      0.36373      0.29353      0.09505
      6.82000      0.43462      0.31529      0.13390
      6.83000      0.62896      0.49819      0.16976
      6.84000      0.66238      0.56011      0.15862
      6.85000      0.56525      0.47915      0.13487
      6.86000      0.45898      0.44548      0.07731
      6.87000      0.34396      0.38980      0.02635
      6.88000      0.31802      0.33618      0.03852
      6.89000      0.43711      0.38117      0.09883
      6.90000      0.43199      0.32552      0.12669
      6.91000      0.26143      0.19159      0.07972
      6.92000      0.22759      0.20708      0.04632
      6.93000      0.48906      0.41934      0.11445
      6.94000      0.76371      0.61187      0.20378
      6.95000      0.66745      0.57329      0.15587
      6.96000      0.42400      0.43333      0.05818
      6.97000      0.36673      0.38492      0.04385
      6.98000      0.40023      0.36312      0.08119
      6.99000      0.41655      0.36441      0.09269
      7.00000      0.40963      0.37683      0.08122
      7.01000      0.44004      0.41269      0.08402
      7.02000      0.61088      0.56147      0.12325
      7.03000      0.79097      0.70377      0.17230
      7.04000      0.70306      0.57728      0.18065
      7.05000      0.56150      0.39871      0.17964
      7.06000      0.50416      0.36086      0.15949
      7.07000      0.48661      0.40447      0.12194
      7.08000      0.48549      0.44041      0.10067
      7.09000      0.42162      0.41133      0.07054
      7.10000      0.36226      0.33760      0.06935
      7.11000      0.36507      0.29009      0.09913
      7.12000      0.39935      0.33834      0.09711
      7.13000      0.42800      0.40280      0.08105
      7.14000      0.42770      0.39771      0.08314
      7.15000      0.41833      0.34858      0.10456
      7.16000      0.38375      0.32305      0.09519
      7.17000      0.41059      0.37197      0.08767
      7.18000      0.44637      0.40058      0.09728
      7.19000      0.42225      0.36778      0.09809
      7.20000      0.44570      0.33115      0.13523
      7.21000      0.56903      0.39982      0.18503
      7.22000      0.72545      0.58843      0.19055
      7.23000      0.67881      0.65789      0.11646
      7.24000      0.46008      0.50646      0.04425
      7.25000      0.43902      0.46761      0.05258
      7.26000      0.53109      0.52082      0.08951
      7.27000      0.44929      0.39554      0.10081
      7.28000      0.34068      0.26704      0.09498
      7.29000      0.40111      0.32957      0.10318
      7.30000      0.47801      0.38868      0.12531
      7.31000      0.39078      0.29683      0.11468
      7.32000      0.40720      0.33182      0.10789
      7.33000      0.54868      0.51266      0.10905
      7.34000      0.64285      0.62079      0.11517
      7.35000      0.72350      0.65144      0.15055
      7.36000      0.71314      0.62292      0.14724
      7.37000      0.83166      0.73038      0.16097
      7.38000      1.08272      0.95272      0.21319
      7.39000      1.06135      0.99901      0.17347
      7.40000      0.76929      0.80949      0.06733
      7.41000      0.53500      0.60132      0.01276
      7.42000      0.41633      0.45083      0.01559
      7.43000      0.50446      0.47475      0.06806
      7.44000      0.78455      0.71096      0.13487
      7.45000      0.94016      0.92183      0.12194
      7.46000      0.83612      0.85026      0.08677
      7.47000      0.78789      0.71668      0.13090
      7.48000      0.81397      0.68269      0.17307
      7.49000      0.71301      0.65457      0.11883
      7.50000      0.71272      0.73362      0.06474
      7.51000      0.83807      0.85725      0.07885
      7.52000      0.93767      0.93367      0.11244
      7.53000      0.99663      0.97118      0.13476
      7.54000      1.00171      0.95982      0.14213
      7.55000      0.95267      0.91658      0.13769
      7.56000      0.86610      0.85016      0.11907
      7.57000      0.94139      0.89744      0.12959
      7.58000      1.12706      1.08266      0.14727
      7.59000      1.03597      1.01187      0.13500
      7.60000      0.84521      0.76793      0.14217
      7.61000      0.80640      0.69864      0.14720
      7.62000      0.80644      0.74059      0.12051
      7.63000      0.64936      0.63574      0.07266
      7.64000      0.50290      0.48541      0.05488
      7.65000      0.70643      0.64738      0.09922
      7.66000      1.05994      1.01059      0.13354
      7.67000      1.21815      1.18959      0.15170
      7.68000      1.16041      1.13547      0.15652
      7.69000      1.02475      0.99829      0.13616
      7.70000      0.85122      0.79299      0.11777
      7.71000      0.74613      0.67089      0.11427
      7.72000      0.80020      0.77292      0.10114
      7.73000      0.90003      0.91222      0.08808
      7.74000      0.99197      0.95405      0.11359
      7.75000      1.01064      0.90972      0.14775
      7.76000      0.79999      0.71257      0.11287
      7.77000      0.72738      0.65073      0.09789
      7.78000      0.84355      0.77123      0.11792
      7.79000      1.04165      0.97987      0.14295
      7.80000      1.18837      1.06429      0.19949
      7.81000      1.11677      0.91407      0.23952
      7.82000      1.03629      0.85512      0.20872
      7.83000      1.06512      1.00071      0.12203
      7.84000      1.04082      1.08322      0.05013
      7.85000      1.07423      1.13784      0.06274
      7.86000      1.12822      1.12806      0.11862
      7.87000      1.09715      1.04216      0.13147
      7.88000      1.06813      0.99516      0.12548
      7.89000      1.12198      1.03058      0.15583
      7.90000      1.26850      1.15817      0.19948
      7.91000      1.17149      1.05003      0.19014
      7.92000      1.14859      1.07514      0.14281
      7.93000      1.29264      1.26410      0.11356
      7.94000      1.20212      1.11308      0.13965
      7.95000      1.07724      0.90751      0.18524
      7.96000      1.12901      0.94496      0.20437
      7.97000      1.34668      1.17176      0.21699
      7.98000      1.36123      1.17601      0.22355
      7.99000      1.23813      1.05689      0.21769
      8.00000      1.31824      1.18141      0.20163
      8.01000      1.49420      1.42655      0.17038
      8.02000      1.78518      1.72531      0.19812
      8.03000      1.77352      1.64341      0.24236
      8.04000      1.58875      1.36804      0.26569
      8.05000      1.63107      1.35894      0.28683
      8.06000      1.70713      1.46739      0.28097
      8.07000      2.11214      1.87307      0.33506
      8.08000      2.69482      2.34823      0.43912
      8.09000      2.92062      2.45926      0.49903
      8.10000      3.10976      2.56178      0.55535
      8.11000      3.18294      2.61147      0.58064
      8.12000      2.77689      2.31179      0.49937
      8.13000      1.87024      1.60889      0.31912
      8.14000      0.79808      0.74442      0.11553
      8.15000      0.28603      0.32738      0.01934
      8.16000      0.18835      0.24825      0.00137
      8.17000      0.19959      0.26631      0.00004
      8.18000      0.31157      0.41099      0.00000
      8.19000      0.44629      0.58663      0.00000
      8.20000      0.36707      0.48136      0.00000
      8.21000      0.23064      0.30158      0.00000
      8.22000      0.19638      0.25725      0.00000
      8.23000      0.23552      0.31064      0.00000
      8.24000      0.30373      0.40312      0.00000
      8.25000      0.35022      0.46585      0.00000
      8.26000      0.24964      0.33258      0.00000
      8.27000      0.13777      0.18305      0.00000
      8.28000      0.14384      0.19009      0.00000
      8.29000      0.10629      0.14038      0.00000
      8.30000      0.05746      0.07616      0.00000
      8.31000      0.13762      0.18345      0.00000
      8.32000      0.25879      0.34584      0.00000
      8.33000      0.21565      0.28889      0.00000
      8.34000      0.16415      0.21971      0.00000
      8.35000      0.30083      0.40047      0.00000
      8.36000      0.38545      0.51093      0.00000
      8.37000      0.26556      0.35056      0.00000
      8.38000      0.19169      0.25229      0.00000
      8.39000      0.19467      0.25780      0.00000
      8.40000      0.22232      0.29692      0.00000
      8.41000      0.20818      0.27801      0.00000
      8.42000      0.17322      0.22985      0.00000
      8.43000      0.14480      0.19147      0.00000
      8.44000      0.09857      0.13095      0.00000
      8.45000      0.12964      0.17345      0.00000
      8.46000      0.14800      0.19824      0.00000
      8.47000      0.15814      0.21186      0.00000
      8.48000      0.23947      0.32030      0.00000
      8.49000      0.24336      0.32489      0.00000
      8.50000      0.18876      0.25214      0.00000
      8.51000      0.16503      0.22062      0.00000
      8.52000      0.15682      0.20781      0.00000
      8.53000      0.27205      0.35748      0.00000
      8.54000      0.37987      0.49908      0.00000
      8.55000      0.39010      0.51436      0.00000
      8.56000      0.46561      0.61736      0.00000
      8.57000      0.45952      0.61043      0.00000
      8.58000      0.28927      0.38369      0.00000
      8.59000      0.17179      0.22741      0.00000
      8.60000      0.16163      0.21402      0.00000
      8.61000      0.15940      0.21142      0.00000
      8.62000      0.24091      0.32018      0.00000
      8.63000      0.27314      0.36316      0.00000
      8.64000      0.18009      0.23946      0.00000
      8.65000      0.22797      0.30311      0.00000
      8.66000      0.26877      0.35739      0.00000
      8.67000      0.15921      0.21168      0.00000
      8.68000      0.15215      0.20212      0.00000
      8.69000      0.21599      0.28663      0.00000
      8.70000      0.21209      0.28070      0.00000
      8.71000      0.27297      0.36051      0.00000
      8.72000      0.33403      0.44154      0.00000
      8.73000      0.27531      0.36421      0.00000
      8.74000      0.19855      0.26253      0.00000
      8.75000      0.19390      0.25621      0.00000
      8.76000      0.32481      0.42903      0.00000
      8.77000      0.35972      0.47522      0.00000
      8.78000      0.19624      0.25932      0.00000
      8.79000      0.11040      0.14557      0.00000
      8.80000      0.16981      0.22370      0.00000
      8.81000      0.20748      0.27385      0.00000
      8.82000      0.16510      0.21830      0.00000
      8.83000      0.09612      0.12668      0.00000
      8.84000      0.11779      0.15402      0.00000
      8.85000      0.14813      0.19358      0.00000
      8.86000      0.13793      0.18081      0.00000
      8.87000      0.20121      0.26466      0.00000
      8.88000      0.35699      0.47005      0.00000
      8.89000      0.58246      0.76636      0.00000
      8.90000      0.60621      0.79728      0.00000
      8.91000      0.43344      0.57106      0.00000
      8.92000      0.34233      0.45131      0.00000
      8.93000      0.37538      0.49301      0.00000
      8.94000      0.38975      0.51053      0.00000
      8.95000      0.33730      0.44133      0.00000
      8.96000      0.27365      0.35821      0.00000
      8.97000      0.21847      0.28654      0.00000
      8.98000      0.19055      0.24977      0.00000
      8.99000      0.18524      0.24202      0.00000
      9.00000      0.19478      0.25280      0.00000
      9.01000      0.26564      0.34168      0.00000
      9.02000      0.28760      0.36822      0.00000
      9.03000      0.22420      0.28692      0.00000
      9.04000      0.15648      0.20058      0.00000
      9.05000      0.16266      0.20922      0.00000
      9.06000      0.31114      0.40372      0.00000
      9.07000      0.40208      0.52577      0.00000
      9.08000      0.38995      0.50911      0.00000
      9.09000      0.37800      0.48929      0.00000
      9.10000      0.30633      0.39651      0.00000
      9.11000      0.23884      0.30924      0.00000
      9.12000      0.27711      0.35384      0.00000
      9.13000      0.29494      0.37269      0.00000
      9.14000      0.22969      0.29010      0.00000
      9.15000      0.13618      0.17231      0.00000
      9.16000      0.10973      0.13633      0.00000
      9.17000      0.19362      0.23830      0.00000
      9.18000      0.17570      0.21621      0.00000
      9.19000      0.05996      0.07381      0.00000
      9.20000      0.01044      0.01276      0.00000
      9.21000      0.02926      0.03513      0.00000
      9.22000      0.11521      0.13963      0.00000
      9.23000      0.27096      0.34110      0.00000
      9.24000      0.67052      0.87391      0.00000
      9.25000      1.29928      1.69398      0.00000
      9.26000      1.45422      1.87357      0.00000
      9.27000      0.92459      1.16950      0.00000
      9.28000      0.41604      0.51115      0.00000
      9.29000      0.22788      0.27190      0.00000
      9.30000      0.15532      0.18277      0.00000
      9.31000      0.14679      0.17080      0.00000
      9.32000      0.13164      0.15263      0.00000
      9.33000      0.06328      0.07311      0.00000
      9.34000      0.05719      0.06536      0.00000
      9.35000      0.10243      0.11788      0.00000
      9.36000      0.19134      0.22436      0.00000
      9.37000      0.30273      0.35898      0.00000
      9.38000      0.32398      0.38655      0.00000
      9.39000      0.34787      0.41613      0.00000
      9.40000      0.33957      0.41531      0.00000
      9.41000      0.38730      0.49637      0.00000
      9.42000      0.51498      0.67303      0.00000
      9.43000      0.44968      0.58162      0.00000
      9.44000      0.36760      0.43738      0.00000
      9.45000      0.49993      0.56167      0.00000
      9.46000      0.50958      0.57115      0.00000
      9.47000      0.36929      0.41814      0.00000
      9.48000      0.28556      0.32695      0.00000
      9.49000      0.24264      0.28188      0.00000
      9.50000      0.23555      0.27490      0.00000
      9.51000      0.36922      0.41970      0.00000
      9.52000      0.44659      0.50351      0.00000
      9.53000      0.33045      0.38413      0.00000
      9.54000      0.25358      0.30694      0.00000
      9.55000      0.38028      0.44979      0.00001
      9.56000      0.60927      0.69428      0.00008
      9.57000      0.73292      0.82646      0.00040
      9.58000      0.71015      0.82437      0.00078
      9.59000      0.76463      0.93288      0.00105
      9.60000      0.97773      1.20580      0.00245
      9.61000      0.90102      1.09073      0.00364
      9.62000      0.56589      0.65231      0.00249
      9.63000      0.43760      0.46515      0.00402
      9.64000      0.43308      0.43349      0.01217
      9.65000      0.41355      0.40189      0.01768
      9.66000      0.41640      0.41852      0.01512
      9.67000      0.55226      0.57707      0.01592
      9.68000      0.52047      0.54687      0.01593
      9.69000      0.47308      0.47634      0.02075
      9.70000      0.71770      0.70172      0.03676
      9.71000      0.86138      0.84696      0.04617
      9.72000      0.71205      0.71062      0.04503
      9.73000      0.61431      0.60434      0.05114
      9.74000      0.75206      0.71212      0.07117
      9.75000      1.06363      1.01476      0.09956
      9.76000      1.24866      1.18884      0.12977
      9.77000      1.21093      1.14438      0.13846
      9.78000      1.19503      1.17574      0.11481
      9.79000      1.21176      1.22678      0.08897
      9.80000      1.04677      1.04099      0.07217
      9.81000      0.68202      0.65002      0.05659
      9.82000      0.56932      0.52042      0.06447
      9.83000      0.83022      0.76130      0.09753
      9.84000      0.85322      0.77822      0.10166
      9.85000      0.49285      0.45489      0.05521
      9.86000      0.45300      0.45540      0.02976
      9.87000      0.57537      0.58315      0.03484
      9.88000      0.47320      0.46687      0.03750
      9.89000      0.60748      0.59830      0.05278
      9.90000      0.80254      0.80440      0.05973
      9.91000      0.66936      0.68551      0.04067
      9.92000      0.62121      0.65615      0.02738
      9.93000      0.68172      0.72783      0.02658
      9.94000      0.63743      0.68579      0.03278
      9.95000      0.66118      0.71826      0.04398
      9.96000      0.90063      0.96695      0.06737
      9.97000      1.09785      1.12461      0.09482
      9.98000      0.87920      0.86192      0.07999
      9.99000      0.51967      0.53208      0.03129
     10.00000      0.34437      0.38177      0.00782
     10.01000      0.26589      0.27416      0.01355
     10.02000      0.28967      0.27008      0.02359
     10.03000      0.22512      0.20675      0.01895
     10.04000      0.20053      0.18435      0.01980
     10.05000      0.43750      0.41959      0.03553
     10.06000      0.73693      0.72946      0.04895
     10.07000      0.73614      0.74612      0.04523
     10.08000      0.48516      0.49709      0.02720
     10.09000      0.27174      0.26755      0.01783
     10.10000      0.19927      0.19777      0.01412
     10.11000      0.33920      0.36552      0.01712
     10.12000      0.45479      0.49937      0.02094
     10.13000      0.41333      0.44025      0.02467
     10.14000      0.53589      0.56138      0.03279
     10.15000      0.71710      0.73601      0.04590
     10.16000      0.72497      0.70788      0.06359
     10.17000      0.68302      0.63711      0.08041
     10.18000      0.50703      0.45454      0.07106
     10.19000      0.22830      0.20234      0.03148
     10.20000      0.18857      0.19200      0.00738
     10.21000      0.38184      0.40732      0.00823
     10.22000      0.50141      0.53517      0.01454
     10.23000      0.41362      0.44259      0.01006
     10.24000      0.29639      0.32466      0.00427
     10.25000      0.33227      0.35966      0.01054
     10.26000      0.39273      0.39932      0.02314
     10.27000      0.31933      0.32277      0.02260
     10.28000      0.31429      0.33030      0.02319
     10.29000      0.43419      0.43585      0.03992
     10.30000      0.55131      0.55591      0.04653
     10.31000      0.54094      0.58729      0.02773
     10.32000      0.54730      0.64221      0.00985
     10.33000      0.57407      0.67764      0.01050
     10.34000      0.46908      0.53828      0.01268
     10.35000      0.33062      0.36343      0.01036
     10.36000      0.31924      0.31918      0.01559
     10.37000      0.29673      0.28091      0.01879
     10.38000      0.23529      0.21963      0.01925
     10.39000      0.33710      0.32812      0.02418
     10.40000      0.46970      0.46668      0.02857
     10.41000      0.43169      0.41192      0.03707
     10.42000      0.40309      0.36425      0.05172
     10.43000      0.53990      0.49611      0.07161
     10.44000      0.54418      0.50557      0.06986
     10.45000      0.35434      0.33097      0.03913
     10.46000      0.31489      0.31455      0.01654
     10.47000      0.36512      0.38951      0.00598
     10.48000      0.31111      0.35056      0.00111
     10.49000      0.20951      0.25285      0.00019
     10.50000      0.15524      0.19079      0.00161
     10.51000      0.23642      0.27115      0.00861
     10.52000      0.36532      0.39229      0.01745
     10.53000      0.39459      0.41563      0.01434
     10.54000      0.26247      0.27496      0.00737
     10.55000      0.14633      0.13993      0.01190
     10.56000      0.21032      0.19330      0.02291
     10.57000      0.43742      0.43661      0.02785
     10.58000      0.72012      0.73228      0.03924
     10.59000      0.57972      0.57763      0.03922
     10.60000      0.21043      0.20472      0.01769
     10.61000      0.11311      0.12092      0.00568
     10.62000      0.23623      0.25752      0.00880
     10.63000      0.25544      0.27252      0.01101
     10.64000      0.15910      0.17278      0.00646
     10.65000      0.21346      0.23811      0.00816
     10.66000      0.32278      0.34926      0.01480
     10.67000      0.39305      0.43196      0.01318
     10.68000      0.48987      0.54974      0.01399
     10.69000      0.53181      0.59619      0.02026
     10.70000      0.49358      0.53907      0.02287
     10.71000      0.49526      0.50557      0.02992
     10.72000      0.46449      0.45774      0.03550
     10.73000      0.38135      0.35076      0.04526
     10.74000      0.40187      0.34296      0.06279
     10.75000      0.47294      0.41326      0.06596
     10.76000      0.44664      0.42768      0.03634
     10.77000      0.28781      0.29829      0.00868
     10.78000      0.10259      0.10943      0.00135
     10.79000      0.06780      0.06737      0.00397
     10.80000      0.18277      0.18550      0.01086
     10.81000      0.26108      0.27984      0.01101
     10.82000      0.19799      0.21873      0.00411
     10.83000      0.19666      0.20933      0.00058
     10.84000      0.26094      0.28028      0.00048
     10.85000      0.26098      0.28798      0.00422
     10.86000      0.30045      0.32734      0.01435
     10.87000      0.30178      0.32424      0.01811
     10.88000      0.20523      0.22249      0.01030
     10.89000      0.22064      0.22250      0.01265
     10.90000      0.35446      0.34288      0.02694
     10.91000      0.38873      0.37921      0.03336
     10.92000      0.28508      0.26949      0.03155
     10.93000      0.16733      0.15082      0.02106
     10.94000      0.20985      0.20462      0.01139
