Energy-E_F (eV)    DOS (1/eV)    PDOS (1/eV)  of atom type B  N  
     -4.99000      0.92846      0.35627      0.57219
     -4.98000      0.90944      0.35315      0.55629
     -4.97000      0.91764      0.35836      0.55928
     -4.96000      0.94311      0.36624      0.57687
     -4.95000      1.05316      0.40950      0.64366
     -4.94000      1.04471      0.40602      0.63869
     -4.93000      0.86550      0.32929      0.53622
     -4.92000      0.78283      0.29100      0.49183
     -4.91000      0.81280      0.30614      0.50666
     -4.90000      0.83221      0.31955      0.51265
     -4.89000      0.81181      0.31156      0.50025
     -4.88000      0.73663      0.27844      0.45818
     -4.87000      0.66154      0.25020      0.41134
     -4.86000      0.80082      0.30743      0.49339
     -4.85000      1.12252      0.43028      0.69224
     -4.84000      1.29392      0.49318      0.80074
     -4.83000      1.21079      0.46067      0.75012
     -4.82000      1.03799      0.39819      0.63980
     -4.81000      0.95872      0.37165      0.58707
     -4.80000      0.94521      0.36522      0.57999
     -4.79000      0.89312      0.33956      0.55355
     -4.78000      0.80865      0.30283      0.50583
     -4.77000      0.71504      0.26867      0.44638
     -4.76000      0.74370      0.28179      0.46191
     -4.75000      0.93614      0.35357      0.58257
     -4.74000      1.13546      0.43007      0.70539
     -4.73000      1.10659      0.42071      0.68588
     -4.72000      0.95621      0.36444      0.59177
     -4.71000      0.88699      0.33748      0.54951
     -4.70000      0.95223      0.36112      0.59111
     -4.69000      1.03456      0.39356      0.64100
     -4.68000      1.08162      0.41104      0.67057
     -4.67000      1.04414      0.39560      0.64855
     -4.66000      0.89322      0.33859      0.55463
     -4.65000      0.92162      0.34983      0.57179
     -4.64000      1.16550      0.44420      0.72130
     -4.63000      1.24621      0.47648      0.76973
     -4.62000      1.11629      0.42258      0.69371
     -4.61000      0.97231      0.36205      0.61026
     -4.60000      0.78952      0.28989      0.49963
     -4.59000      0.75630      0.27913      0.47717
     -4.58000      0.98914      0.37431      0.61483
     -4.57000      1.14806      0.43825      0.70981
     -4.56000      1.07552      0.40665      0.66886
     -4.55000      0.98092      0.36875      0.61218
     -4.54000      1.03631      0.38954      0.64677
     -4.53000      1.09796      0.41055      0.68741
     -4.52000      1.09300      0.40547      0.68753
     -4.51000      1.14757      0.42630      0.72127
     -4.50000      1.04995      0.39435      0.65560
     -4.49000      0.90756      0.34385      0.56371
     -4.48000      1.01114      0.38118      0.62996
     -4.47000      1.27722      0.48092      0.79629
     -4.46000      1.42562      0.53935      0.88627
     -4.45000      1.25531      0.47400      0.78131
     -4.44000      0.97349      0.37003      0.60346
     -4.43000      1.00942      0.38509      0.62433
     -4.42000      1.21321      0.45349      0.75972
     -4.41000      1.34244      0.49331      0.84912
     -4.40000      1.27633      0.46908      0.80726
     -4.39000      1.16311      0.43238      0.73073
     -4.38000      1.21676      0.45475      0.76202
     -4.37000      1.25389      0.46723      0.78666
     -4.36000      1.18952      0.44141      0.74811
     -4.35000      1.16748      0.43290      0.73459
     -4.34000      1.13459      0.42021      0.71438
     -4.33000      1.16809      0.43145      0.73665
     -4.32000      1.47135      0.54964      0.92171
     -4.31000      1.75082      0.65887      1.09195
     -4.30000      1.84391      0.69305      1.15086
     -4.29000      1.84551      0.68576      1.15975
     -4.28000      1.65621      0.60821      1.04800
     -4.27000      1.46633      0.53897      0.92736
     -4.26000      1.31714      0.48389      0.83326
     -4.25000      1.19767      0.44083      0.75685
     -4.24000      1.28234      0.47593      0.80641
     -4.23000      1.40180      0.52044      0.88136
     -4.22000      1.34812      0.50055      0.84757
     -4.21000      1.19540      0.44582      0.74958
     -4.20000      1.07935      0.40303      0.67633
     -4.19000      1.13600      0.42374      0.71226
     -4.18000      1.25063      0.46665      0.78397
     -4.17000      1.18613      0.44284      0.74328
     -4.16000      1.15414      0.42761      0.72653
     -4.15000      1.19708      0.43954      0.75755
     -4.14000      1.18665      0.43644      0.75021
     -4.13000      1.21527      0.45065      0.76462
     -4.12000      1.12059      0.41885      0.70174
     -4.11000      0.99190      0.37030      0.62159
     -4.10000      1.05441      0.38859      0.66582
     -4.09000      1.03124      0.37563      0.65562
     -4.08000      1.01796      0.36909      0.64887
     -4.07000      1.16428      0.42781      0.73648
     -4.06000      1.15004      0.43071      0.71932
     -4.05000      0.92493      0.34636      0.57857
     -4.04000      0.84121      0.31429      0.52692
     -4.03000      0.89025      0.33306      0.55719
     -4.02000      1.00220      0.36827      0.63393
     -4.01000      1.13956      0.41202      0.72755
     -4.00000      1.23256      0.44716      0.78540
     -3.99000      1.17248      0.43019      0.74229
     -3.98000      0.90230      0.33432      0.56798
     -3.97000      0.86879      0.32441      0.54437
     -3.96000      0.98032      0.36431      0.61602
     -3.95000      0.93562      0.34593      0.58969
     -3.94000      0.87645      0.32139      0.55506
     -3.93000      0.92292      0.33599      0.58692
     -3.92000      1.06735      0.39505      0.67230
     -3.91000      1.20069      0.44900      0.75169
     -3.90000      1.12841      0.42089      0.70752
     -3.89000      0.93558      0.34636      0.58922
     -3.88000      0.77204      0.28359      0.48845
     -3.87000      0.74162      0.27289      0.46873
     -3.86000      0.85065      0.30819      0.54247
     -3.85000      0.92484      0.32653      0.59831
     -3.84000      0.99447      0.35346      0.64102
     -3.83000      1.09325      0.40079      0.69247
     -3.82000      1.08095      0.40138      0.67957
     -3.81000      0.98997      0.37031      0.61967
     -3.80000      0.89842      0.33705      0.56136
     -3.79000      0.87652      0.32283      0.55369
     -3.78000      0.82061      0.29543      0.52518
     -3.77000      0.75003      0.26973      0.48029
     -3.76000      0.79906      0.28987      0.50919
     -3.75000      0.78015      0.28098      0.49916
     -3.74000      0.73557      0.26659      0.46898
     -3.73000      0.84159      0.31016      0.53143
     -3.72000      1.02198      0.38002      0.64195
     -3.71000      1.17720      0.43369      0.74351
     -3.70000      1.08146      0.38998      0.69147
     -3.69000      0.85241      0.30707      0.54533
     -3.68000      0.79735      0.29084      0.50652
     -3.67000      0.89400      0.32525      0.56875
     -3.66000      0.97443      0.35462      0.61981
     -3.65000      0.93412      0.34398      0.59015
     -3.64000      0.81163      0.30049      0.51114
     -3.63000      0.77687      0.28469      0.49217
     -3.62000      0.88177      0.32019      0.56158
     -3.61000      1.00217      0.36333      0.63884
     -3.60000      0.97639      0.35159      0.62481
     -3.59000      0.73883      0.26580      0.47303
     -3.58000      0.50822      0.18171      0.32651
     -3.57000      0.55690      0.19782      0.35908
     -3.56000      0.70145      0.25624      0.44521
     -3.55000      0.90026      0.33191      0.56835
     -3.54000      1.06477      0.38416      0.68061
     -3.53000      1.01463      0.36013      0.65450
     -3.52000      0.93190      0.33218      0.59972
     -3.51000      0.88578      0.32049      0.56529
     -3.50000      0.83361      0.30696      0.52666
     -3.49000      0.89170      0.32876      0.56294
     -3.48000      0.95093      0.34532      0.60561
     -3.47000      0.83588      0.29964      0.53625
     -3.46000      0.72159      0.25571      0.46588
     -3.45000      0.68738      0.24185      0.44554
     -3.44000      0.69366      0.24653      0.44713
     -3.43000      0.81156      0.29571      0.51585
     -3.42000      0.92688      0.33968      0.58720
     -3.41000      0.87600      0.32150      0.55450
     -3.40000      0.70443      0.26085      0.44358
     -3.39000      0.57532      0.20946      0.36586
     -3.38000      0.59967      0.21145      0.38821
     -3.37000      0.83975      0.29567      0.54408
     -3.36000      1.17807      0.41751      0.76056
     -3.35000      1.16654      0.41323      0.75331
     -3.34000      0.93068      0.33153      0.59915
     -3.33000      0.78199      0.28376      0.49823
     -3.32000      0.72564      0.26271      0.46292
     -3.31000      0.65895      0.23785      0.42110
     -3.30000      0.61440      0.22334      0.39106
     -3.29000      0.68142      0.24372      0.43770
     -3.28000      0.77619      0.27130      0.50489
     -3.27000      0.82869      0.28898      0.53971
     -3.26000      0.83470      0.29626      0.53844
     -3.25000      0.75398      0.27043      0.48355
     -3.24000      0.72849      0.26098      0.46751
     -3.23000      0.80660      0.29094      0.51566
     -3.22000      0.83076      0.30012      0.53064
     -3.21000      0.66023      0.23607      0.42417
     -3.20000      0.53397      0.18838      0.34559
     -3.19000      0.73333      0.25867      0.47466
     -3.18000      1.02193      0.36473      0.65720
     -3.17000      1.07921      0.38886      0.69034
     -3.16000      0.99070      0.35355      0.63715
     -3.15000      0.85826      0.29958      0.55868
     -3.14000      0.69185      0.23875      0.45311
     -3.13000      0.62245      0.22127      0.40118
     -3.12000      0.65514      0.23535      0.41979
     -3.11000      0.66552      0.23475      0.43076
     -3.10000      0.76170      0.27035      0.49135
     -3.09000      0.93098      0.33009      0.60089
     -3.08000      0.88716      0.31164      0.57552
     -3.07000      0.70635      0.24619      0.46016
     -3.06000      0.59277      0.20533      0.38743
     -3.05000      0.54256      0.19068      0.35188
     -3.04000      0.62280      0.22245      0.40035
     -3.03000      0.68283      0.24698      0.43585
     -3.02000      0.72457      0.26159      0.46298
     -3.01000      0.84267      0.29395      0.54872
     -3.00000      0.89669      0.30587      0.59082
     -2.99000      0.86692      0.29642      0.57050
     -2.98000      0.75486      0.26109      0.49377
     -2.97000      0.70118      0.24690      0.45427
     -2.96000      0.87062      0.31161      0.55901
     -2.95000      1.03007      0.36669      0.66337
     -2.94000      0.90611      0.31865      0.58746
     -2.93000      0.68900      0.24319      0.44581
     -2.92000      0.57252      0.20265      0.36988
     -2.91000      0.65105      0.22425      0.42679
     -2.90000      0.71367      0.24527      0.46840
     -2.89000      0.65826      0.23009      0.42817
     -2.88000      0.65524      0.23039      0.42485
     -2.87000      0.61122      0.20938      0.40184
     -2.86000      0.55244      0.18692      0.36552
     -2.85000      0.58466      0.20449      0.38017
     -2.84000      0.70461      0.24991      0.45469
     -2.83000      0.84186      0.29546      0.54640
     -2.82000      0.99807      0.34999      0.64808
     -2.81000      1.16223      0.40820      0.75402
     -2.80000      1.01632      0.35039      0.66593
     -2.79000      0.64118      0.21163      0.42955
     -2.78000      0.46722      0.14894      0.31828
     -2.77000      0.50643      0.16991      0.33652
     -2.76000      0.60754      0.21624      0.39130
     -2.75000      0.68940      0.24769      0.44171
     -2.74000      0.82252      0.28839      0.53414
     -2.73000      0.84879      0.28925      0.55954
     -2.72000      0.70752      0.23474      0.47278
     -2.71000      0.57110      0.19045      0.38064
     -2.70000      0.55824      0.19043      0.36780
     -2.69000      0.68838      0.23848      0.44990
     -2.68000      0.89892      0.32075      0.57817
     -2.67000      1.05180      0.38124      0.67056
     -2.66000      0.92006      0.32576      0.59430
     -2.65000      0.55329      0.18538      0.36791
     -2.64000      0.37278      0.12111      0.25168
     -2.63000      0.56004      0.18304      0.37700
     -2.62000      0.81087      0.26388      0.54699
     -2.61000      0.84470      0.28121      0.56349
     -2.60000      0.82382      0.28419      0.53963
     -2.59000      0.85214      0.29490      0.55724
     -2.58000      0.75146      0.25418      0.49728
     -2.57000      0.54828      0.17853      0.36976
     -2.56000      0.43833      0.14031      0.29802
     -2.55000      0.45938      0.15468      0.30469
     -2.54000      0.57093      0.20038      0.37055
     -2.53000      0.89728      0.31358      0.58370
     -2.52000      1.23028      0.42376      0.80652
     -2.51000      1.06482      0.36075      0.70407
     -2.50000      0.70003      0.23707      0.46297
     -2.49000      0.59261      0.20537      0.38723
     -2.48000      0.57420      0.19810      0.37610
     -2.47000      0.48375      0.16141      0.32234
     -2.46000      0.49199      0.16456      0.32743
     -2.45000      0.60170      0.20506      0.39664
     -2.44000      0.69391      0.23370      0.46021
     -2.43000      0.73074      0.24118      0.48956
     -2.42000      0.73773      0.23769      0.50005
     -2.41000      0.73840      0.23184      0.50657
     -2.40000      0.75679      0.24278      0.51401
     -2.39000      0.86199      0.29540      0.56659
     -2.38000      0.98413      0.34796      0.63617
     -2.37000      0.86432      0.29814      0.56619
     -2.36000      0.64960      0.21407      0.43553
     -2.35000      0.54103      0.17587      0.36516
     -2.34000      0.50386      0.16356      0.34030
     -2.33000      0.50909      0.16470      0.34438
     -2.32000      0.60376      0.19989      0.40386
     -2.31000      0.75818      0.25477      0.50340
     -2.30000      0.88160      0.29071      0.59089
     -2.29000      0.75882      0.24864      0.51018
     -2.28000      0.61194      0.20417      0.40776
     -2.27000      0.57584      0.19483      0.38101
     -2.26000      0.60209      0.20637      0.39573
     -2.25000      0.75695      0.26049      0.49646
     -2.24000      0.83327      0.28363      0.54964
     -2.23000      0.76003      0.24453      0.51550
     -2.22000      0.73980      0.22786      0.51194
     -2.21000      0.68810      0.21654      0.47156
     -2.20000      0.68908      0.22204      0.46703
     -2.19000      0.78525      0.25259      0.53266
     -2.18000      0.72963      0.23636      0.49328
     -2.17000      0.60184      0.19885      0.40299
     -2.16000      0.51696      0.16965      0.34731
     -2.15000      0.56633      0.18128      0.38505
     -2.14000      0.69763      0.22624      0.47138
     -2.13000      0.85199      0.28145      0.57053
     -2.12000      0.91465      0.30464      0.61001
     -2.11000      0.80778      0.27260      0.53518
     -2.10000      0.60516      0.20381      0.40136
     -2.09000      0.58238      0.18558      0.39680
     -2.08000      0.64463      0.19797      0.44666
     -2.07000      0.62190      0.19561      0.42629
     -2.06000      0.62273      0.20377      0.41895
     -2.05000      0.55490      0.18546      0.36944
     -2.04000      0.55795      0.18138      0.37657
     -2.03000      0.74236      0.23097      0.51139
     -2.02000      0.85394      0.26549      0.58844
     -2.01000      0.86467      0.27427      0.59040
     -2.00000      0.88254      0.28592      0.59662
     -1.99000      0.74689      0.24215      0.50474
     -1.98000      0.63600      0.19685      0.43915
     -1.97000      0.64344      0.19677      0.44667
     -1.96000      0.57632      0.18191      0.39441
     -1.95000      0.61314      0.20326      0.40988
     -1.94000      0.78215      0.26054      0.52161
     -1.93000      0.81418      0.25822      0.55596
     -1.92000      0.68543      0.20600      0.47943
     -1.91000      0.61173      0.18487      0.42685
     -1.90000      0.65240      0.20891      0.44348
     -1.89000      0.68900      0.23110      0.45790
     -1.88000      0.63711      0.20796      0.42915
     -1.87000      0.64325      0.19619      0.44706
     -1.86000      0.66529      0.20386      0.46143
     -1.85000      0.60921      0.19056      0.41865
     -1.84000      0.57989      0.18314      0.39675
     -1.83000      0.69571      0.21479      0.48092
     -1.82000      0.85013      0.25450      0.59564
     -1.81000      0.84831      0.25787      0.59044
     -1.80000      0.87391      0.27738      0.59653
     -1.79000      0.87419      0.27967      0.59451
     -1.78000      0.67575      0.21103      0.46472
     -1.77000      0.58306      0.17344      0.40962
     -1.76000      0.62057      0.18228      0.43830
     -1.75000      0.60292      0.18495      0.41797
     -1.74000      0.61340      0.19532      0.41808
     -1.73000      0.68753      0.21107      0.47646
     -1.72000      0.80856      0.24196      0.56660
     -1.71000      0.83989      0.25739      0.58250
     -1.70000      0.70839      0.21841      0.48997
     -1.69000      0.56015      0.17336      0.38678
     -1.68000      0.54333      0.17279      0.37054
     -1.67000      0.62525      0.19305      0.43221
     -1.66000      0.71493      0.21353      0.50140
     -1.65000      0.71235      0.21681      0.49554
     -1.64000      0.69310      0.21257      0.48053
     -1.63000      0.73725      0.21841      0.51884
     -1.62000      0.81086      0.23282      0.57804
     -1.61000      0.80853      0.23398      0.57454
     -1.60000      0.79045      0.23626      0.55419
     -1.59000      0.81365      0.24722      0.56643
     -1.58000      0.72547      0.21833      0.50713
     -1.57000      0.63298      0.18573      0.44725
     -1.56000      0.69740      0.20400      0.49340
     -1.55000      0.66930      0.19887      0.47044
     -1.54000      0.62121      0.18887      0.43233
     -1.53000      0.72709      0.21566      0.51143
     -1.52000      0.82781      0.23867      0.58914
     -1.51000      0.76895      0.22185      0.54711
     -1.50000      0.62951      0.18212      0.44739
     -1.49000      0.46372      0.13064      0.33309
     -1.48000      0.36550      0.09503      0.27047
     -1.47000      0.42426      0.10442      0.31984
     -1.46000      0.46836      0.11429      0.35407
     -1.45000      0.37808      0.09209      0.28598
     -1.44000      0.41783      0.10183      0.31600
     -1.43000      0.60636      0.14792      0.45845
     -1.42000      0.62489      0.15237      0.47251
     -1.41000      0.55694      0.13527      0.42167
     -1.40000      0.56458      0.13622      0.42836
     -1.39000      0.53393      0.12813      0.40580
     -1.38000      0.46328      0.11066      0.35262
     -1.37000      0.44739      0.10648      0.34091
     -1.36000      0.42957      0.10202      0.32755
     -1.35000      0.38277      0.09057      0.29221
     -1.34000      0.46877      0.11057      0.35819
     -1.33000      0.56499      0.13333      0.43165
     -1.32000      0.54083      0.12748      0.41335
     -1.31000      0.47075      0.11038      0.36037
     -1.30000      0.45044      0.10480      0.34563
     -1.29000      0.47232      0.10924      0.36308
     -1.28000      0.46881      0.10802      0.36080
     -1.27000      0.42698      0.09811      0.32887
     -1.26000      0.38246      0.08746      0.29500
     -1.25000      0.40471      0.09263      0.31208
     -1.24000      0.56682      0.13027      0.43656
     -1.23000      0.79228      0.18143      0.61086
     -1.22000      0.81251      0.18493      0.62758
     -1.21000      0.65604      0.14863      0.50741
     -1.20000      0.51482      0.11604      0.39878
     -1.19000      0.50705      0.11350      0.39354
     -1.18000      0.53509      0.11903      0.41606
     -1.17000      0.47911      0.10610      0.37302
     -1.16000      0.43731      0.09638      0.34093
     -1.15000      0.57177      0.12561      0.44616
     -1.14000      0.67147      0.14764      0.52383
     -1.13000      0.65098      0.14270      0.50828
     -1.12000      0.60837      0.13237      0.47600
     -1.11000      0.54037      0.11687      0.42350
     -1.10000      0.46059      0.09903      0.36157
     -1.09000      0.50521      0.10748      0.39773
     -1.08000      0.55487      0.11724      0.43763
     -1.07000      0.50965      0.10745      0.40221
     -1.06000      0.57109      0.12087      0.45022
     -1.05000      0.83131      0.17674      0.65456
     -1.04000      0.97020      0.20572      0.76448
     -1.03000      0.87032      0.18295      0.68736
     -1.02000      0.76585      0.15937      0.60648
     -1.01000      0.71866      0.14813      0.57054
     -1.00000      0.67085      0.13723      0.53362
     -0.99000      0.66053      0.13383      0.52670
     -0.98000      0.69416      0.13951      0.55465
     -0.97000      0.72546      0.14547      0.57998
     -0.96000      0.87104      0.17481      0.69623
     -0.95000      0.98231      0.19632      0.78600
     -0.94000      0.97393      0.19247      0.78146
     -0.93000      1.00716      0.19625      0.81090
     -0.92000      1.09275      0.21045      0.88229
     -0.91000      1.00044      0.19142      0.80902
     -0.90000      0.73111      0.13942      0.59170
     -0.89000      0.64866      0.12346      0.52520
     -0.88000      0.76610      0.14761      0.61849
     -0.87000      1.02072      0.19953      0.82119
     -0.86000      1.25269      0.24339      1.00931
     -0.85000      1.35189      0.25845      1.09344
     -0.84000      1.09090      0.20624      0.88465
     -0.83000      0.55463      0.10366      0.45096
     -0.82000      0.28171      0.05153      0.23018
     -0.81000      0.27989      0.05073      0.22917
     -0.80000      0.41983      0.07695      0.34287
     -0.79000      0.75384      0.14009      0.61376
     -0.78000      0.91936      0.17108      0.74828
     -0.77000      0.60073      0.11058      0.49015
     -0.76000      0.33415      0.05993      0.27422
     -0.75000      0.33465      0.05911      0.27554
     -0.74000      0.42095      0.07422      0.34673
     -0.73000      0.52908      0.09365      0.43543
     -0.72000      0.78130      0.13968      0.64161
     -0.71000      1.12361      0.20280      0.92082
     -0.70000      0.99951      0.18087      0.81864
     -0.69000      0.54950      0.09776      0.45174
     -0.68000      0.34081      0.05853      0.28229
     -0.67000      0.29868      0.05071      0.24797
     -0.66000      0.30411      0.05157      0.25254
     -0.65000      0.37815      0.06412      0.31403
     -0.64000      0.50818      0.08636      0.42181
     -0.63000      0.63134      0.10749      0.52385
     -0.62000      0.54771      0.09293      0.45478
     -0.61000      0.37382      0.06239      0.31144
     -0.60000      0.36686      0.06011      0.30674
     -0.59000      0.38469      0.06287      0.32182
     -0.58000      0.41800      0.06825      0.34975
     -0.57000      0.57939      0.09438      0.48501
     -0.56000      0.75417      0.12311      0.63105
     -0.55000      0.71941      0.11773      0.60169
     -0.54000      0.47739      0.07736      0.40003
     -0.53000      0.30514      0.04812      0.25701
     -0.52000      0.28677      0.04440      0.24237
     -0.51000      0.35338      0.05435      0.29904
     -0.50000      0.39545      0.06071      0.33473
     -0.49000      0.41230      0.06346      0.34883
     -0.48000      0.44753      0.06866      0.37887
     -0.47000      0.43386      0.06570      0.36815
     -0.46000      0.34175      0.05106      0.29069
     -0.45000      0.31292      0.04622      0.26671
     -0.44000      0.39950      0.05851      0.34099
     -0.43000      0.51145      0.07469      0.43676
     -0.42000      0.57111      0.08351      0.48761
     -0.41000      0.52380      0.07642      0.44738
     -0.40000      0.39349      0.05655      0.33694
     -0.39000      0.27903      0.03919      0.23984
     -0.38000      0.29796      0.04110      0.25686
     -0.37000      0.35944      0.04929      0.31015
     -0.36000      0.36198      0.04955      0.31242
     -0.35000      0.36231      0.04940      0.31291
     -0.34000      0.36217      0.04869      0.31348
     -0.33000      0.33277      0.04408      0.28869
     -0.32000      0.30487      0.03996      0.26491
     -0.31000      0.36903      0.04783      0.32120
     -0.30000      0.49922      0.06426      0.43496
     -0.29000      0.52322      0.06708      0.45615
     -0.28000      0.34556      0.04395      0.30161
     -0.27000      0.23384      0.02901      0.20483
     -0.26000      0.25666      0.03131      0.22535
     -0.25000      0.31632      0.03812      0.27820
     -0.24000      0.39706      0.04744      0.34962
     -0.23000      0.34593      0.04102      0.30490
     -0.22000      0.25775      0.03009      0.22766
     -0.21000      0.30529      0.03495      0.27034
     -0.20000      0.39963      0.04536      0.35427
     -0.19000      0.40963      0.04611      0.36352
     -0.18000      0.35385      0.03920      0.31464
     -0.17000      0.29960      0.03254      0.26706
     -0.16000      0.26362      0.02818      0.23543
     -0.15000      0.27163      0.02860      0.24304
     -0.14000      0.28788      0.02987      0.25801
     -0.13000      0.30440      0.03095      0.27345
     -0.12000      0.36685      0.03670      0.33016
     -0.11000      0.36471      0.03610      0.32862
     -0.10000      0.29450      0.02867      0.26583
     -0.09000      0.25328      0.02410      0.22918
     -0.08000      0.26894      0.02500      0.24394
     -0.07000      0.30840      0.02816      0.28023
     -0.06000      0.31067      0.02787      0.28280
     -0.05000      0.30112      0.02649      0.27463
     -0.04000      0.28244      0.02432      0.25812
     -0.03000      0.27743      0.02332      0.25411
     -0.02000      0.27810      0.02288      0.25523
     -0.01000      0.24081      0.01947      0.22133
      0.00000      0.14013      0.01120      0.12893
      0.01000      0.04404      0.00350      0.04055
      0.02000      0.00642      0.00051      0.00591
      0.03000      0.00039      0.00003      0.00036
      0.04000      0.00001      0.00000      0.00001
      0.05000      0.00000      0.00000      0.00000
      0.06000      0.00000      0.00000      0.00000
      0.07000      0.00000      0.00000      0.00000
      0.08000      0.00000      0.00000      0.00000
      0.09000      0.00000      0.00000      0.00000
      0.10000      0.00000      0.00000      0.00000
      0.11000      0.00000      0.00000      0.00000
      0.12000      0.00000      0.00000      0.00000
      0.13000      0.00000      0.00000      0.00000
      0.14000      0.00000      0.00000      0.00000
      0.15000      0.00000      0.00000      0.00000
      0.16000      0.00000      0.00000      0.00000
      0.17000      0.00000      0.00000      0.00000
      0.18000      0.00000      0.00000      0.00000
      0.19000      0.00000      0.00000      0.00000
      0.20000      0.00000      0.00000      0.00000
      0.21000      0.00000      0.00000      0.00000
      0.22000      0.00000      0.00000      0.00000
      0.23000      0.00000      0.00000      0.00000
      0.24000      0.00000      0.00000      0.00000
      0.25000      0.00000      0.00000      0.00000
      0.26000      0.00000      0.00000      0.00000
      0.27000      0.00000      0.00000      0.00000
      0.28000      0.00000      0.00000      0.00000
      0.29000      0.00000      0.00000      0.00000
      0.30000      0.00000      0.00000      0.00000
      0.31000      0.00000      0.00000      0.00000
      0.32000      0.00000      0.00000      0.00000
      0.33000      0.00000      0.00000      0.00000
      0.34000      0.00000      0.00000      0.00000
      0.35000      0.00000      0.00000      0.00000
      0.36000      0.00000      0.00000      0.00000
      0.37000      0.00000      0.00000      0.00000
      0.38000      0.00000      0.00000      0.00000
      0.39000      0.00000      0.00000      0.00000
      0.40000      0.00000      0.00000      0.00000
      0.41000      0.00000      0.00000      0.00000
      0.42000      0.00000      0.00000      0.00000
      0.43000      0.00000      0.00000      0.00000
      0.44000      0.00000      0.00000      0.00000
      0.45000      0.00000      0.00000      0.00000
      0.46000      0.00000      0.00000      0.00000
      0.47000      0.00000      0.00000      0.00000
      0.48000      0.00000      0.00000      0.00000
      0.49000      0.00000      0.00000      0.00000
      0.50000      0.00000      0.00000      0.00000
      0.51000      0.00000      0.00000      0.00000
      0.52000      0.00000      0.00000      0.00000
      0.53000      0.00000      0.00000      0.00000
      0.54000      0.00000      0.00000      0.00000
      0.55000      0.00000      0.00000      0.00000
      0.56000      0.00000      0.00000      0.00000
      0.57000      0.00000      0.00000      0.00000
      0.58000      0.00000      0.00000      0.00000
      0.59000      0.00000      0.00000      0.00000
      0.60000      0.00000      0.00000      0.00000
      0.61000      0.00000      0.00000      0.00000
      0.62000      0.00000      0.00000      0.00000
      0.63000      0.00000      0.00000      0.00000
      0.64000      0.00000      0.00000      0.00000
      0.65000      0.00000      0.00000      0.00000
      0.66000      0.00000      0.00000      0.00000
      0.67000      0.00000      0.00000      0.00000
      0.68000      0.00000      0.00000      0.00000
      0.69000      0.00000      0.00000      0.00000
      0.70000      0.00000      0.00000      0.00000
      0.71000      0.00000      0.00000      0.00000
      0.72000      0.00000      0.00000      0.00000
      0.73000      0.00000      0.00000      0.00000
      0.74000      0.00000      0.00000      0.00000
      0.75000      0.00000      0.00000      0.00000
      0.76000      0.00000      0.00000      0.00000
      0.77000      0.00000      0.00000      0.00000
      0.78000      0.00000      0.00000      0.00000
      0.79000      0.00000      0.00000      0.00000
      0.80000      0.00000      0.00000      0.00000
      0.81000      0.00000      0.00000      0.00000
      0.82000      0.00000      0.00000      0.00000
      0.83000      0.00000      0.00000      0.00000
      0.84000      0.00000      0.00000      0.00000
      0.85000      0.00000      0.00000      0.00000
      0.86000      0.00000      0.00000      0.00000
      0.87000      0.00000      0.00000      0.00000
      0.88000      0.00000      0.00000      0.00000
      0.89000      0.00000      0.00000      0.00000
      0.90000      0.00000      0.00000      0.00000
      0.91000      0.00000      0.00000      0.00000
      0.92000      0.00000      0.00000      0.00000
      0.93000      0.00000      0.00000      0.00000
      0.94000      0.00000      0.00000      0.00000
      0.95000      0.00000      0.00000      0.00000
      0.96000      0.00000      0.00000      0.00000
      0.97000      0.00000      0.00000      0.00000
      0.98000      0.00000      0.00000      0.00000
      0.99000      0.00000      0.00000      0.00000
      1.00000      0.00000      0.00000      0.00000
      1.01000      0.00000      0.00000      0.00000
      1.02000      0.00000      0.00000      0.00000
      1.03000      0.00000      0.00000      0.00000
      1.04000      0.00000      0.00000      0.00000
      1.05000      0.00000      0.00000      0.00000
      1.06000      0.00000      0.00000      0.00000
      1.07000      0.00000      0.00000      0.00000
      1.08000      0.00000      0.00000      0.00000
      1.09000      0.00000      0.00000      0.00000
      1.10000      0.00000      0.00000      0.00000
      1.11000      0.00000      0.00000      0.00000
      1.12000      0.00000      0.00000      0.00000
      1.13000      0.00000      0.00000      0.00000
      1.14000      0.00000      0.00000      0.00000
      1.15000      0.00000      0.00000      0.00000
      1.16000      0.00000      0.00000      0.00000
      1.17000      0.00000      0.00000      0.00000
      1.18000      0.00000      0.00000      0.00000
      1.19000      0.00000      0.00000      0.00000
      1.20000      0.00000      0.00000      0.00000
      1.21000      0.00000      0.00000      0.00000
      1.22000      0.00000      0.00000      0.00000
      1.23000      0.00000      0.00000      0.00000
      1.24000      0.00000      0.00000      0.00000
      1.25000      0.00000      0.00000      0.00000
      1.26000      0.00000      0.00000      0.00000
      1.27000      0.00000      0.00000      0.00000
      1.28000      0.00000      0.00000      0.00000
      1.29000      0.00000      0.00000      0.00000
      1.30000      0.00000      0.00000      0.00000
      1.31000      0.00000      0.00000      0.00000
      1.32000      0.00000      0.00000      0.00000
      1.33000      0.00000      0.00000      0.00000
      1.34000      0.00000      0.00000      0.00000
      1.35000      0.00000      0.00000      0.00000
      1.36000      0.00000      0.00000      0.00000
      1.37000      0.00000      0.00000      0.00000
      1.38000      0.00000      0.00000      0.00000
      1.39000      0.00000      0.00000      0.00000
      1.40000      0.00000      0.00000      0.00000
      1.41000      0.00000      0.00000      0.00000
      1.42000      0.00000      0.00000      0.00000
      1.43000      0.00000      0.00000      0.00000
      1.44000      0.00000      0.00000      0.00000
      1.45000      0.00000      0.00000      0.00000
      1.46000      0.00000      0.00000      0.00000
      1.47000      0.00000      0.00000      0.00000
      1.48000      0.00000      0.00000      0.00000
      1.49000      0.00000      0.00000      0.00000
      1.50000      0.00000      0.00000      0.00000
      1.51000      0.00000      0.00000      0.00000
      1.52000      0.00000      0.00000      0.00000
      1.53000      0.00000      0.00000      0.00000
      1.54000      0.00000      0.00000      0.00000
      1.55000      0.00000      0.00000      0.00000
      1.56000      0.00000      0.00000      0.00000
      1.57000      0.00000      0.00000      0.00000
      1.58000      0.00000      0.00000      0.00000
      1.59000      0.00000      0.00000      0.00000
      1.60000      0.00000      0.00000      0.00000
      1.61000      0.00000      0.00000      0.00000
      1.62000      0.00000      0.00000      0.00000
      1.63000      0.00000      0.00000      0.00000
      1.64000      0.00000      0.00000      0.00000
      1.65000      0.00000      0.00000      0.00000
      1.66000      0.00000      0.00000      0.00000
      1.67000      0.00000      0.00000      0.00000
      1.68000      0.00000      0.00000      0.00000
      1.69000      0.00000      0.00000      0.00000
      1.70000      0.00000      0.00000      0.00000
      1.71000      0.00000      0.00000      0.00000
      1.72000      0.00000      0.00000      0.00000
      1.73000      0.00000      0.00000      0.00000
      1.74000      0.00000      0.00000      0.00000
      1.75000      0.00000      0.00000      0.00000
      1.76000      0.00000      0.00000      0.00000
      1.77000      0.00000      0.00000      0.00000
      1.78000      0.00000      0.00000      0.00000
      1.79000      0.00000      0.00000      0.00000
      1.80000      0.00000      0.00000      0.00000
      1.81000      0.00000      0.00000      0.00000
      1.82000      0.00000      0.00000      0.00000
      1.83000      0.00000      0.00000      0.00000
      1.84000      0.00000      0.00000      0.00000
      1.85000      0.00000      0.00000      0.00000
      1.86000      0.00000      0.00000      0.00000
      1.87000      0.00000      0.00000      0.00000
      1.88000      0.00000      0.00000      0.00000
      1.89000      0.00000      0.00000      0.00000
      1.90000      0.00000      0.00000      0.00000
      1.91000      0.00000      0.00000      0.00000
      1.92000      0.00000      0.00000      0.00000
      1.93000      0.00000      0.00000      0.00000
      1.94000      0.00000      0.00000      0.00000
      1.95000      0.00000      0.00000      0.00000
      1.96000      0.00000      0.00000      0.00000
      1.97000      0.00000      0.00000      0.00000
      1.98000      0.00000      0.00000      0.00000
      1.99000      0.00000      0.00000      0.00000
      2.00000      0.00000      0.00000      0.00000
      2.01000      0.00000      0.00000      0.00000
      2.02000      0.00000      0.00000      0.00000
      2.03000      0.00000      0.00000      0.00000
      2.04000      0.00000      0.00000      0.00000
      2.05000      0.00000      0.00000      0.00000
      2.06000      0.00000      0.00000      0.00000
      2.07000      0.00000      0.00000      0.00000
      2.08000      0.00000      0.00000      0.00000
      2.09000      0.00000      0.00000      0.00000
      2.10000      0.00000      0.00000      0.00000
      2.11000      0.00000      0.00000      0.00000
      2.12000      0.00000      0.00000      0.00000
      2.13000      0.00000      0.00000      0.00000
      2.14000      0.00000      0.00000      0.00000
      2.15000      0.00000      0.00000      0.00000
      2.16000      0.00000      0.00000      0.00000
      2.17000      0.00000      0.00000      0.00000
      2.18000      0.00000      0.00000      0.00000
      2.19000      0.00000      0.00000      0.00000
      2.20000      0.00000      0.00000      0.00000
      2.21000      0.00000      0.00000      0.00000
      2.22000      0.00000      0.00000      0.00000
      2.23000      0.00000      0.00000      0.00000
      2.24000      0.00000      0.00000      0.00000
      2.25000      0.00000      0.00000      0.00000
      2.26000      0.00000      0.00000      0.00000
      2.27000      0.00000      0.00000      0.00000
      2.28000      0.00000      0.00000      0.00000
      2.29000      0.00000      0.00000      0.00000
      2.30000      0.00000      0.00000      0.00000
      2.31000      0.00000      0.00000      0.00000
      2.32000      0.00000      0.00000      0.00000
      2.33000      0.00000      0.00000      0.00000
      2.34000      0.00000      0.00000      0.00000
      2.35000      0.00000      0.00000      0.00000
      2.36000      0.00000      0.00000      0.00000
      2.37000      0.00000      0.00000      0.00000
      2.38000      0.00000      0.00000      0.00000
      2.39000      0.00000      0.00000      0.00000
      2.40000      0.00000      0.00000      0.00000
      2.41000      0.00000      0.00000      0.00000
      2.42000      0.00000      0.00000      0.00000
      2.43000      0.00000      0.00000      0.00000
      2.44000      0.00000      0.00000      0.00000
      2.45000      0.00000      0.00000      0.00000
      2.46000      0.00000      0.00000      0.00000
      2.47000      0.00000      0.00000      0.00000
      2.48000      0.00000      0.00000      0.00000
      2.49000      0.00000      0.00000      0.00000
      2.50000      0.00000      0.00000      0.00000
      2.51000      0.00000      0.00000      0.00000
      2.52000      0.00000      0.00000      0.00000
      2.53000      0.00000      0.00000      0.00000
      2.54000      0.00000      0.00000      0.00000
      2.55000      0.00000      0.00000      0.00000
      2.56000      0.00000      0.00000      0.00000
      2.57000      0.00000      0.00000      0.00000
      2.58000      0.00000      0.00000      0.00000
      2.59000      0.00000      0.00000      0.00000
      2.60000      0.00000      0.00000      0.00000
      2.61000      0.00000      0.00000      0.00000
      2.62000      0.00000      0.00000      0.00000
      2.63000      0.00000      0.00000      0.00000
      2.64000      0.00000      0.00000      0.00000
      2.65000      0.00000      0.00000      0.00000
      2.66000      0.00000      0.00000      0.00000
      2.67000      0.00000      0.00000      0.00000
      2.68000      0.00000      0.00000      0.00000
      2.69000      0.00000      0.00000      0.00000
      2.70000      0.00000      0.00000      0.00000
      2.71000      0.00000      0.00000      0.00000
      2.72000      0.00000      0.00000      0.00000
      2.73000      0.00000      0.00000      0.00000
      2.74000      0.00000      0.00000      0.00000
      2.75000      0.00000      0.00000      0.00000
      2.76000      0.00000      0.00000      0.00000
      2.77000      0.00000      0.00000      0.00000
      2.78000      0.00000      0.00000      0.00000
      2.79000      0.00000      0.00000      0.00000
      2.80000      0.00000      0.00000      0.00000
      2.81000      0.00000      0.00000      0.00000
      2.82000      0.00000      0.00000      0.00000
      2.83000      0.00000      0.00000      0.00000
      2.84000      0.00000      0.00000      0.00000
      2.85000      0.00000      0.00000      0.00000
      2.86000      0.00000      0.00000      0.00000
      2.87000      0.00000      0.00000      0.00000
      2.88000      0.00000      0.00000      0.00000
      2.89000      0.00000      0.00000      0.00000
      2.90000      0.00000      0.00000      0.00000
      2.91000      0.00000      0.00000      0.00000
      2.92000      0.00000      0.00000      0.00000
      2.93000      0.00000      0.00000      0.00000
      2.94000      0.00000      0.00000      0.00000
      2.95000      0.00000      0.00000      0.00000
      2.96000      0.00000      0.00000      0.00000
      2.97000      0.00000      0.00000      0.00000
      2.98000      0.00000      0.00000      0.00000
      2.99000      0.00000      0.00000      0.00000
      3.00000      0.00000      0.00000      0.00000
      3.01000      0.00000      0.00000      0.00000
      3.02000      0.00000      0.00000      0.00000
      3.03000      0.00000      0.00000      0.00000
      3.04000      0.00000      0.00000      0.00000
      3.05000      0.00000      0.00000      0.00000
      3.06000      0.00000      0.00000      0.00000
      3.07000      0.00000      0.00000      0.00000
      3.08000      0.00000      0.00000      0.00000
      3.09000      0.00000      0.00000      0.00000
      3.10000      0.00000      0.00000      0.00000
      3.11000      0.00000      0.00000      0.00000
      3.12000      0.00000      0.00000      0.00000
      3.13000      0.00000      0.00000      0.00000
      3.14000      0.00000      0.00000      0.00000
      3.15000      0.00000      0.00000      0.00000
      3.16000      0.00000      0.00000      0.00000
      3.17000      0.00000      0.00000      0.00000
      3.18000      0.00000      0.00000      0.00000
      3.19000      0.00000      0.00000      0.00000
      3.20000      0.00000      0.00000      0.00000
      3.21000      0.00000      0.00000      0.00000
      3.22000      0.00000      0.00000      0.00000
      3.23000      0.00000      0.00000      0.00000
      3.24000      0.00000      0.00000      0.00000
      3.25000      0.00000      0.00000      0.00000
      3.26000      0.00000      0.00000      0.00000
      3.27000      0.00000      0.00000      0.00000
      3.28000      0.00000      0.00000      0.00000
      3.29000      0.00000      0.00000      0.00000
      3.30000      0.00000      0.00000      0.00000
      3.31000      0.00000      0.00000      0.00000
      3.32000      0.00000      0.00000      0.00000
      3.33000      0.00000      0.00000      0.00000
      3.34000      0.00000      0.00000      0.00000
      3.35000      0.00000      0.00000      0.00000
      3.36000      0.00000      0.00000      0.00000
      3.37000      0.00000      0.00000      0.00000
      3.38000      0.00000      0.00000      0.00000
      3.39000      0.00000      0.00000      0.00000
      3.40000      0.00000      0.00000      0.00000
      3.41000      0.00000      0.00000      0.00000
      3.42000      0.00000      0.00000      0.00000
      3.43000      0.00000      0.00000      0.00000
      3.44000      0.00000      0.00000      0.00000
      3.45000      0.00000      0.00000      0.00000
      3.46000      0.00000      0.00000      0.00000
      3.47000      0.00000      0.00000      0.00000
      3.48000      0.00000      0.00000      0.00000
      3.49000      0.00000      0.00000      0.00000
      3.50000      0.00000      0.00000      0.00000
      3.51000      0.00000      0.00000      0.00000
      3.52000      0.00000      0.00000      0.00000
      3.53000      0.00000      0.00000      0.00000
      3.54000      0.00000      0.00000      0.00000
      3.55000      0.00000      0.00000      0.00000
      3.56000      0.00000      0.00000      0.00000
      3.57000      0.00000      0.00000      0.00000
      3.58000      0.00000      0.00000      0.00000
      3.59000      0.00000      0.00000      0.00000
      3.60000      0.00000      0.00000      0.00000
      3.61000      0.00000      0.00000      0.00000
      3.62000      0.00000      0.00000      0.00000
      3.63000      0.00000      0.00000      0.00000
      3.64000      0.00000      0.00000      0.00000
      3.65000      0.00000      0.00000      0.00000
      3.66000      0.00000      0.00000      0.00000
      3.67000      0.00000      0.00000      0.00000
      3.68000      0.00000      0.00000      0.00000
      3.69000      0.00000      0.00000      0.00000
      3.70000      0.00000      0.00000      0.00000
      3.71000      0.00000      0.00000      0.00000
      3.72000      0.00000      0.00000      0.00000
      3.73000      0.00000      0.00000      0.00000
      3.74000      0.00000      0.00000      0.00000
      3.75000      0.00000      0.00000      0.00000
      3.76000      0.00000      0.00000      0.00000
      3.77000      0.00000      0.00000      0.00000
      3.78000      0.00000      0.00000      0.00000
      3.79000      0.00000      0.00000      0.00000
      3.80000      0.00000      0.00000      0.00000
      3.81000      0.00000      0.00000      0.00000
      3.82000      0.00000      0.00000      0.00000
      3.83000      0.00000      0.00000      0.00000
      3.84000      0.00000      0.00000      0.00000
      3.85000      0.00000      0.00000      0.00000
      3.86000      0.00000      0.00000      0.00000
      3.87000      0.00000      0.00000      0.00000
      3.88000      0.00000      0.00000      0.00000
      3.89000      0.00000      0.00000      0.00000
      3.90000      0.00000      0.00000      0.00000
      3.91000      0.00000      0.00000      0.00000
      3.92000      0.00000      0.00000      0.00000
      3.93000      0.00000      0.00000      0.00000
      3.94000      0.00000      0.00000      0.00000
      3.95000      0.00000      0.00000      0.00000
      3.96000      0.00000      0.00000      0.00000
      3.97000      0.00000      0.00000      0.00000
      3.98000      0.00000      0.00000      0.00000
      3.99000      0.00000      0.00000      0.00000
      4.00000      0.00000      0.00000      0.00000
      4.01000      0.00000      0.00000      0.00000
      4.02000      0.00000      0.00000      0.00000
      4.03000      0.00000      0.00000      0.00000
      4.04000      0.00000      0.00000      0.00000
      4.05000      0.00000      0.00000      0.00000
      4.06000      0.00000      0.00000      0.00000
      4.07000      0.00000      0.00000      0.00000
      4.08000      0.00000      0.00000      0.00000
      4.09000      0.00000      0.00000      0.00000
      4.10000      0.00000      0.00000      0.00000
      4.11000      0.00000      0.00000      0.00000
      4.12000      0.00000      0.00000      0.00000
      4.13000      0.00000      0.00000      0.00000
      4.14000      0.00000      0.00000      0.00000
      4.15000      0.00000      0.00000      0.00000
      4.16000      0.00000      0.00000      0.00000
      4.17000      0.00000      0.00000      0.00000
      4.18000      0.00000      0.00000      0.00000
      4.19000      0.00000      0.00000      0.00000
      4.20000      0.00000      0.00000      0.00000
      4.21000      0.00000      0.00000      0.00000
      4.22000      0.00000      0.00000      0.00000
      4.23000      0.00000      0.00000      0.00000
      4.24000      0.00000      0.00000      0.00000
      4.25000      0.00000      0.00000      0.00000
      4.26000      0.00000      0.00000      0.00000
      4.27000      0.00000      0.00000      0.00000
      4.28000      0.00000      0.00000      0.00000
      4.29000      0.00000      0.00000      0.00000
      4.30000      0.00000      0.00000      0.00000
      4.31000      0.00000      0.00000      0.00000
      4.32000      0.00000      0.00000      0.00000
      4.33000      0.00000      0.00000      0.00000
      4.34000      0.00000      0.00000      0.00000
      4.35000      0.00000      0.00000      0.00000
      4.36000      0.00000      0.00000      0.00000
      4.37000      0.00000      0.00000      0.00000
      4.38000      0.00000      0.00000      0.00000
      4.39000      0.00000      0.00000      0.00000
      4.40000      0.00000      0.00000      0.00000
      4.41000      0.00000      0.00000      0.00000
      4.42000      0.00000      0.00000      0.00000
      4.43000      0.00000      0.00000      0.00000
      4.44000      0.00000      0.00000      0.00000
      4.45000      0.00000      0.00000      0.00000
      4.46000      0.00000      0.00000      0.00000
      4.47000      0.00000      0.00000      0.00000
      4.48000      0.00000      0.00000      0.00000
      4.49000      0.00000      0.00000      0.00000
      4.50000      0.00000      0.00000      0.00000
      4.51000      0.00000      0.00000      0.00000
      4.52000      0.00000      0.00000      0.00000
      4.53000      0.00000      0.00000      0.00000
      4.54000      0.00000      0.00000      0.00000
      4.55000      0.00000      0.00000      0.00000
      4.56000      0.00000      0.00000      0.00000
      4.57000      0.00000      0.00000      0.00000
      4.58000      0.00000      0.00000      0.00000
      4.59000      0.00000      0.00000      0.00000
      4.60000      0.00000      0.00000      0.00000
      4.61000      0.00000      0.00000      0.00000
      4.62000      0.00000      0.00000      0.00000
      4.63000      0.00001      0.00001      0.00000
      4.64000      0.00038      0.00034      0.00004
      4.65000      0.00671      0.00599      0.00073
      4.66000      0.04955      0.04416      0.00539
      4.67000      0.16734      0.14903      0.01831
      4.68000      0.30080      0.26751      0.03329
      4.69000      0.35352      0.31374      0.03979
      4.70000      0.35422      0.31341      0.04081
      4.71000      0.40032      0.35302      0.04730
      4.72000      0.42883      0.37720      0.05163
      4.73000      0.39346      0.34499      0.04847
      4.74000      0.37297      0.32588      0.04709
      4.75000      0.37152      0.32344      0.04808
      4.76000      0.47782      0.41481      0.06301
      4.77000      0.56407      0.48844      0.07564
      4.78000      0.48440      0.41777      0.06663
      4.79000      0.44629      0.38313      0.06316
      4.80000      0.48771      0.41738      0.07033
      4.81000      0.40825      0.34784      0.06041
      4.82000      0.41055      0.34775      0.06281
      4.83000      0.75752      0.64086      0.11666
      4.84000      0.95991      0.80903      0.15088
      4.85000      0.80011      0.65878      0.14133
      4.86000      1.04529      0.82923      0.21606
      4.87000      1.72365      1.35437      0.36928
      4.88000      2.29436      1.80161      0.49275
      4.89000      2.29157      1.79760      0.49397
      4.90000      1.92732      1.51015      0.41717
      4.91000      1.67791      1.31550      0.36240
      4.92000      1.61225      1.27038      0.34187
      4.93000      1.48797      1.17806      0.30991
      4.94000      1.17223      0.92492      0.24732
      4.95000      1.03580      0.80688      0.22892
      4.96000      1.11791      0.86541      0.25250
      4.97000      1.08185      0.84038      0.24147
      4.98000      0.94648      0.74094      0.20554
      4.99000      0.86325      0.67694      0.18632
      5.00000      0.76747      0.59823      0.16923
      5.01000      0.81673      0.63062      0.18611
      5.02000      1.07270      0.82498      0.24772
      5.03000      1.05908      0.81928      0.23980
      5.04000      0.78518      0.61539      0.16980
      5.05000      0.77093      0.60483      0.16611
      5.06000      0.77231      0.59947      0.17285
      5.07000      0.59258      0.45733      0.13526
      5.08000      0.61337      0.46938      0.14399
      5.09000      0.91170      0.69069      0.22101
      5.10000      0.93032      0.70588      0.22444
      5.11000      0.66572      0.51357      0.15215
      5.12000      0.52234      0.40629      0.11605
      5.13000      0.56426      0.43098      0.13329
      5.14000      0.59325      0.44987      0.14338
      5.15000      0.47395      0.36289      0.11105
      5.16000      0.54854      0.42100      0.12754
      5.17000      0.92540      0.70109      0.22431
      5.18000      1.08547      0.81848      0.26699
      5.19000      0.73921      0.56213      0.17707
      5.20000      0.41539      0.32000      0.09539
      5.21000      0.37450      0.28559      0.08892
      5.22000      0.52127      0.39069      0.13058
      5.23000      0.56667      0.42398      0.14269
      5.24000      0.42864      0.32456      0.10408
      5.25000      0.40314      0.30713      0.09601
      5.26000      0.61492      0.46109      0.15382
      5.27000      0.92808      0.68721      0.24087
      5.28000      0.81660      0.60459      0.21201
      5.29000      0.41005      0.30733      0.10272
      5.30000      0.25281      0.19186      0.06094
      5.31000      0.36603      0.27518      0.09085
      5.32000      0.55198      0.41058      0.14140
      5.33000      0.64895      0.48373      0.16522
      5.34000      0.60444      0.45652      0.14792
      5.35000      0.47888      0.36275      0.11613
      5.36000      0.41167      0.30526      0.10641
      5.37000      0.63951      0.46510      0.17441
      5.38000      0.78910      0.57317      0.21593
      5.39000      0.49884      0.36457      0.13427
      5.40000      0.29112      0.21647      0.07466
      5.41000      0.32656      0.24473      0.08183
      5.42000      0.41217      0.30603      0.10615
      5.43000      0.54560      0.40027      0.14533
      5.44000      0.49495      0.36125      0.13370
      5.45000      0.30523      0.22370      0.08153
      5.46000      0.28689      0.21182      0.07507
      5.47000      0.43688      0.32102      0.11586
      5.48000      0.66897      0.48613      0.18284
      5.49000      0.77477      0.55745      0.21732
      5.50000      0.60484      0.43694      0.16790
      5.51000      0.44690      0.32918      0.11771
      5.52000      0.39319      0.29190      0.10129
      5.53000      0.33180      0.24454      0.08727
      5.54000      0.39157      0.28387      0.10770
      5.55000      0.45733      0.32785      0.12948
      5.56000      0.37246      0.26659      0.10587
      5.57000      0.28953      0.20982      0.07971
      5.58000      0.30460      0.22198      0.08262
      5.59000      0.34294      0.24787      0.09508
      5.60000      0.55213      0.39536      0.15677
      5.61000      0.80739      0.57540      0.23199
      5.62000      0.63843      0.45448      0.18395
      5.63000      0.29028      0.20803      0.08225
      5.64000      0.20071      0.14517      0.05554
      5.65000      0.25132      0.18123      0.07009
      5.66000      0.30855      0.22138      0.08717
      5.67000      0.41334      0.29414      0.11920
      5.68000      0.51836      0.36914      0.14921
      5.69000      0.51906      0.37298      0.14609
      5.70000      0.47029      0.33987      0.13042
      5.71000      0.35620      0.25629      0.09990
      5.72000      0.31182      0.22069      0.09113
      5.73000      0.47915      0.33563      0.14352
      5.74000      0.64053      0.44777      0.19276
      5.75000      0.48021      0.33624      0.14397
      5.76000      0.25813      0.18241      0.07572
      5.77000      0.24766      0.17670      0.07095
      5.78000      0.28454      0.20275      0.08179
      5.79000      0.33238      0.23552      0.09686
      5.80000      0.44841      0.31587      0.13254
      5.81000      0.42153      0.29517      0.12636
      5.82000      0.28231      0.19748      0.08482
      5.83000      0.24429      0.17205      0.07224
      5.84000      0.32097      0.22602      0.09495
      5.85000      0.42898      0.30119      0.12778
      5.86000      0.47841      0.33327      0.14514
      5.87000      0.54781      0.37860      0.16922
      5.88000      0.53467      0.37038      0.16429
      5.89000      0.44284      0.31030      0.13254
      5.90000      0.37148      0.26251      0.10897
      5.91000      0.29964      0.21158      0.08807
      5.92000      0.30664      0.21445      0.09219
      5.93000      0.33124      0.22960      0.10165
      5.94000      0.33737      0.23197      0.10540
      5.95000      0.30306      0.20817      0.09490
      5.96000      0.27149      0.18825      0.08324
      5.97000      0.27894      0.19420      0.08474
      5.98000      0.25417      0.17603      0.07815
      5.99000      0.35332      0.24373      0.10960
      6.00000      0.58272      0.40100      0.18171
      6.01000      0.65431      0.44824      0.20607
      6.02000      0.42675      0.29152      0.13522
      6.03000      0.21693      0.14906      0.06788
      6.04000      0.20255      0.13976      0.06278
      6.05000      0.23166      0.15971      0.07195
      6.06000      0.23878      0.16440      0.07438
      6.07000      0.30837      0.21114      0.09723
      6.08000      0.43995      0.30082      0.13913
      6.09000      0.49898      0.34222      0.15677
      6.10000      0.46066      0.31732      0.14334
      6.11000      0.35391      0.24402      0.10990
      6.12000      0.25022      0.17215      0.07854
      6.13000      0.28293      0.20847      0.08379
      6.14000      0.58189      0.52377      0.13097
      6.15000      1.10624      1.16801      0.17213
      6.16000      1.30508      1.51054      0.14077
      6.17000      1.05365      1.27599      0.08269
      6.18000      0.86354      1.02239      0.07342
      6.19000      0.76230      0.86879      0.07763
      6.20000      0.74541      0.82451      0.08580
      6.21000      0.80209      0.83976      0.11400
      6.22000      0.76406      0.77030      0.12251
      6.23000      0.64740      0.66313      0.09815
      6.24000      0.60527      0.64415      0.07838
      6.25000      0.63524      0.67741      0.08062
      6.26000      0.67235      0.66832      0.10947
      6.27000      0.67124      0.63828      0.12360
      6.28000      0.62515      0.58749      0.11887
      6.29000      0.71186      0.65189      0.14424
      6.30000      0.82280      0.76049      0.16233
      6.31000      0.76194      0.71088      0.14570
      6.32000      0.63316      0.59720      0.11674
      6.33000      0.55192      0.54391      0.08918
      6.34000      0.53164      0.51860      0.08893
      6.35000      0.50988      0.48106      0.09419
      6.36000      0.45587      0.42015      0.08979
      6.37000      0.48563      0.45315      0.09257
      6.38000      0.59566      0.60138      0.08820
      6.39000      0.60738      0.61201      0.09002
      6.40000      0.47668      0.46611      0.07831
      6.41000      0.41106      0.38382      0.07750
      6.42000      0.58082      0.50519      0.12957
      6.43000      0.81612      0.70229      0.18636
      6.44000      0.78065      0.67235      0.17849
      6.45000      0.49298      0.42827      0.11081
      6.46000      0.34644      0.32490      0.06428
      6.47000      0.40886      0.39952      0.06672
      6.48000      0.46749      0.45769      0.07543
      6.49000      0.47434      0.47334      0.07146
      6.50000      0.54980      0.53321      0.09192
      6.51000      0.65381      0.58744      0.13545
      6.52000      0.64881      0.53983      0.15817
      6.53000      0.61555      0.51207      0.14969
      6.54000      0.53639      0.47126      0.11623
      6.55000      0.41823      0.38727      0.07972
      6.56000      0.40633      0.38219      0.07456
      6.57000      0.50747      0.44716      0.11045
      6.58000      0.61397      0.50671      0.15327
      6.59000      0.57424      0.46683      0.14732
      6.60000      0.47450      0.43350      0.09409
      6.61000      0.51967      0.52359      0.07484
      6.62000      0.51275      0.51049      0.07740
      6.63000      0.42853      0.39650      0.08189
      6.64000      0.43134      0.36246      0.10329
      6.65000      0.50514      0.41953      0.12417
      6.66000      0.51898      0.47318      0.10420
      6.67000      0.47007      0.45125      0.08142
      6.68000      0.42480      0.40310      0.07572
      6.69000      0.47796      0.43608      0.09509
      6.70000      0.51075      0.42500      0.12531
      6.71000      0.45579      0.36251      0.12166
      6.72000      0.49810      0.41519      0.12232
      6.73000      0.56300      0.45728      0.14517
      6.74000      0.53596      0.42322      0.14494
      6.75000      0.60237      0.52654      0.13341
      6.76000      0.62562      0.59615      0.10998
      6.77000      0.52696      0.50621      0.09022
      6.78000      0.49283      0.45256      0.09670
      6.79000      0.46908      0.42366      0.09651
      6.80000      0.42395      0.38188      0.08827
      6.81000      0.38085      0.33721      0.08275
      6.82000      0.34742      0.29326      0.08333
      6.83000      0.35860      0.29311      0.09127
      6.84000      0.40382      0.37578      0.07681
      6.85000      0.53948      0.51470      0.09602
      6.86000      0.70977      0.61192      0.16385
      6.87000      0.73839      0.59258      0.19551
      6.88000      0.51921      0.41747      0.13718
      6.89000      0.28362      0.23993      0.06830
      6.90000      0.24448      0.20680      0.05898
      6.91000      0.34512      0.30403      0.07616
      6.92000      0.45112      0.43162      0.07946
      6.93000      0.49204      0.47596      0.08310
      6.94000      0.54452      0.48257      0.11738
      6.95000      0.61611      0.52452      0.14601
      6.96000      0.66211      0.57395      0.15173
      6.97000      0.60679      0.52612      0.13901
      6.98000      0.45801      0.39735      0.10478
      6.99000      0.39701      0.35986      0.08213
      7.00000      0.43072      0.36212      0.10547
      7.01000      0.54088      0.43104      0.14628
      7.02000      0.58211      0.49993      0.13660
      7.03000      0.43449      0.40205      0.08481
      7.04000      0.32158      0.28370      0.07045
      7.05000      0.32077      0.26316      0.08216
      7.06000      0.40768      0.36233      0.08923
      7.07000      0.54739      0.50450      0.10983
      7.08000      0.58859      0.51563      0.13335
      7.09000      0.41236      0.34514      0.10265
      7.10000      0.29486      0.25139      0.07085
      7.11000      0.32283      0.27469      0.07749
      7.12000      0.48028      0.42110      0.10752
      7.13000      0.67473      0.60965      0.14077
      7.14000      0.69570      0.63338      0.14290
      7.15000      0.59505      0.52556      0.13187
      7.16000      0.46673      0.39061      0.11563
      7.17000      0.42814      0.33908      0.11712
      7.18000      0.49514      0.40951      0.12633
      7.19000      0.52722      0.47358      0.11382
      7.20000      0.49255      0.42903      0.11405
      7.21000      0.48056      0.40839      0.11672
      7.22000      0.46743      0.42973      0.09463
      7.23000      0.37226      0.35346      0.06852
      7.24000      0.35307      0.32317      0.07219
      7.25000      0.49235      0.45540      0.09864
      7.26000      0.47524      0.43321      0.09865
      7.27000      0.41909      0.31726      0.12349
      7.28000      0.54411      0.36905      0.18473
      7.29000      0.55780      0.41873      0.16690
      7.30000      0.43418      0.40632      0.08518
      7.31000      0.39115      0.40160      0.05732
      7.32000      0.40037      0.37645      0.07794
      7.33000      0.43906      0.40167      0.09039
      7.34000      0.54197      0.51424      0.09932
      7.35000      0.60367      0.56384      0.11067
      7.36000      0.71175      0.65743      0.12547
      7.37000      0.90436      0.84566      0.14970
      7.38000      0.96771      0.91222      0.15457
      7.39000      0.89263      0.84599      0.13716
      7.40000      0.80919      0.75530      0.12765
      7.41000      0.76156      0.69005      0.12767
      7.42000      0.72193      0.67772      0.10725
      7.43000      0.71180      0.71995      0.07870
      7.44000      0.75606      0.77940      0.07396
      7.45000      0.83681      0.83990      0.09599
      7.46000      0.89099      0.88402      0.11254
      7.47000      0.84876      0.80887      0.12570
      7.48000      0.77432      0.71787      0.11768
      7.49000      0.76811      0.75770      0.08916
      7.50000      0.80250      0.81051      0.08884
      7.51000      0.81434      0.75078      0.13158
      7.52000      0.82178      0.68882      0.17003
      7.53000      0.79870      0.69735      0.14182
      7.54000      0.74029      0.71916      0.08687
      7.55000      0.82964      0.83144      0.09475
      7.56000      0.98808      0.98113      0.12675
      7.57000      1.05836      1.03136      0.14747
      7.58000      1.08016      1.02231      0.16085
      7.59000      0.96943      0.93455      0.12640
      7.60000      0.77110      0.76698      0.08043
      7.61000      0.69008      0.68101      0.07328
      7.62000      0.82438      0.78674      0.11384
      7.63000      0.93711      0.87174      0.14754
      7.64000      0.97605      0.92112      0.13691
      7.65000      0.95213      0.89316      0.13040
      7.66000      0.77240      0.69969      0.11667
      7.67000      0.73297      0.68452      0.09673
      7.68000      0.88854      0.86856      0.10668
      7.69000      0.89306      0.88874      0.10471
      7.70000      0.86277      0.85258      0.09705
      7.71000      1.04195      1.00808      0.12303
      7.72000      1.15729      1.06181      0.17653
      7.73000      1.04011      0.89029      0.19802
      7.74000      0.95343      0.83939      0.16268
      7.75000      0.91570      0.88453      0.11055
      7.76000      0.80139      0.77693      0.09359
      7.77000      0.77553      0.70294      0.10488
      7.78000      0.85174      0.75227      0.11861
      7.79000      0.87889      0.80324      0.11212
      7.80000      1.02540      0.99491      0.12010
      7.81000      1.24451      1.23624      0.14510
      7.82000      1.25772      1.21828      0.16197
      7.83000      1.09068      1.02255      0.14948
      7.84000      0.98391      0.93453      0.11208
      7.85000      1.02722      0.97917      0.10676
      7.86000      1.03100      0.94162      0.13550
      7.87000      1.08817      0.97167      0.16169
      7.88000      1.21243      1.08846      0.18596
      7.89000      1.15436      1.04198      0.17749
      7.90000      1.03177      0.94341      0.14405
      7.91000      1.03145      0.94379      0.12738
      7.92000      1.07867      0.97798      0.13278
      7.93000      1.19142      1.09809      0.15768
      7.94000      1.29751      1.22709      0.16773
      7.95000      1.24122      1.15807      0.16066
      7.96000      1.20193      1.07974      0.18020
      7.97000      1.32264      1.19271      0.19988
      7.98000      1.41118      1.26727      0.20221
      7.99000      1.38162      1.19918      0.21495
      8.00000      1.35622      1.19142      0.21230
      8.01000      1.44200      1.29853      0.21309
      8.02000      1.39338      1.22417      0.21641
      8.03000      1.33910      1.12833      0.22571
      8.04000      1.55616      1.31905      0.25408
      8.05000      1.84838      1.63518      0.28111
      8.06000      2.16214      1.98058      0.31573
      8.07000      2.32524      2.12113      0.34560
      8.08000      2.44331      2.15407      0.38635
      8.09000      2.87610      2.46542      0.47537
      8.10000      3.40653      2.88829      0.58002
      8.11000      3.43959      2.89181      0.60277
      8.12000      2.84240      2.38888      0.50234
      8.13000      1.79061      1.53353      0.30734
      8.14000      0.81969      0.77829      0.11350
      8.15000      0.31969      0.36800      0.02090
      8.16000      0.13945      0.18059      0.00168
      8.17000      0.13790      0.18242      0.00005
      8.18000      0.20953      0.27761      0.00000
      8.19000      0.29174      0.38643      0.00000
      8.20000      0.29297      0.38773      0.00000
      8.21000      0.18700      0.24746      0.00000
      8.22000      0.17234      0.22870      0.00000
      8.23000      0.23666      0.31410      0.00000
      8.24000      0.19474      0.25906      0.00000
      8.25000      0.13184      0.17646      0.00000
      8.26000      0.12999      0.17357      0.00000
      8.27000      0.16093      0.21378      0.00000
      8.28000      0.11672      0.15483      0.00000
      8.29000      0.08058      0.10752      0.00000
      8.30000      0.18656      0.24900      0.00000
      8.31000      0.35740      0.47423      0.00000
      8.32000      0.43414      0.57338      0.00000
      8.33000      0.36490      0.48105      0.00000
      8.34000      0.27617      0.36460      0.00000
      8.35000      0.24273      0.32160      0.00000
      8.36000      0.20010      0.26539      0.00000
      8.37000      0.15198      0.20135      0.00000
      8.38000      0.17551      0.23306      0.00000
      8.39000      0.23894      0.31833      0.00000
      8.40000      0.21826      0.29082      0.00000
      8.41000      0.16382      0.21833      0.00000
      8.42000      0.17861      0.23864      0.00000
      8.43000      0.21796      0.29080      0.00000
      8.44000      0.22997      0.30536      0.00000
      8.45000      0.24902      0.32929      0.00000
      8.46000      0.26218      0.34718      0.00000
      8.47000      0.25398      0.33742      0.00000
      8.48000      0.24479      0.32615      0.00000
      8.49000      0.21767      0.28980      0.00000
      8.50000      0.14216      0.18877      0.00000
      8.51000      0.10709      0.14251      0.00000
      8.52000      0.13673      0.18235      0.00000
      8.53000      0.19401      0.25870      0.00000
      8.54000      0.22695      0.30282      0.00000
      8.55000      0.20412      0.27262      0.00000
      8.56000      0.14865      0.19791      0.00000
      8.57000      0.23817      0.31486      0.00000
      8.58000      0.44571      0.58913      0.00000
      8.59000      0.43112      0.56998      0.00000
      8.60000      0.27013      0.35684      0.00000
      8.61000      0.21204      0.28036      0.00000
      8.62000      0.24494      0.32475      0.00000
      8.63000      0.28266      0.37529      0.00000
      8.64000      0.28733      0.38165      0.00000
      8.65000      0.24246      0.32201      0.00000
      8.66000      0.20568      0.27314      0.00000
      8.67000      0.15660      0.20794      0.00000
      8.68000      0.13263      0.17607      0.00000
      8.69000      0.18986      0.25189      0.00000
      8.70000      0.29842      0.39542      0.00000
      8.71000      0.31945      0.42260      0.00000
      8.72000      0.26330      0.34806      0.00000
      8.73000      0.22675      0.29988      0.00000
      8.74000      0.22247      0.29416      0.00000
      8.75000      0.25729      0.34019      0.00000
      8.76000      0.24953      0.32988      0.00000
      8.77000      0.20803      0.27488      0.00000
      8.78000      0.19186      0.25358      0.00000
      8.79000      0.17639      0.23297      0.00000
      8.80000      0.14988      0.19759      0.00000
      8.81000      0.12922      0.17036      0.00000
      8.82000      0.13979      0.18445      0.00000
      8.83000      0.22961      0.30240      0.00000
      8.84000      0.40550      0.53361      0.00000
      8.85000      0.50269      0.66177      0.00000
      8.86000      0.46794      0.61621      0.00000
      8.87000      0.38265      0.50393      0.00000
      8.88000      0.26422      0.34838      0.00000
      8.89000      0.22479      0.29610      0.00000
      8.90000      0.27840      0.36523      0.00000
      8.91000      0.29160      0.38218      0.00000
      8.92000      0.21868      0.28705      0.00000
      8.93000      0.18757      0.24568      0.00000
      8.94000      0.21122      0.27534      0.00000
      8.95000      0.21058      0.27407      0.00000
      8.96000      0.23219      0.30211      0.00000
      8.97000      0.30343      0.39589      0.00000
      8.98000      0.36270      0.47448      0.00000
      8.99000      0.33399      0.43709      0.00000
      9.00000      0.26181      0.34242      0.00000
      9.01000      0.23339      0.30428      0.00000
      9.02000      0.24535      0.31765      0.00000
      9.03000      0.27302      0.35151      0.00000
      9.04000      0.22250      0.28630      0.00000
      9.05000      0.18849      0.24232      0.00000
      9.06000      0.16026      0.20548      0.00000
      9.07000      0.14826      0.18923      0.00000
      9.08000      0.15681      0.19903      0.00000
      9.09000      0.14526      0.18478      0.00000
      9.10000      0.27573      0.35634      0.00000
      9.11000      0.53079      0.69202      0.00000
      9.12000      0.60843      0.79668      0.00000
      9.13000      0.53560      0.69966      0.00000
      9.14000      0.49637      0.64316      0.00000
      9.15000      0.43666      0.56314      0.00000
      9.16000      0.35347      0.45414      0.00000
      9.17000      0.29592      0.37642      0.00000
      9.18000      0.28037      0.35088      0.00000
      9.19000      0.26355      0.32570      0.00000
      9.20000      0.19636      0.24119      0.00000
      9.21000      0.13836      0.16897      0.00000
      9.22000      0.11693      0.14234      0.00000
      9.23000      0.15407      0.19160      0.00000
      9.24000      0.31927      0.40953      0.00000
      9.25000      0.56230      0.72466      0.00000
      9.26000      0.62327      0.79438      0.00000
      9.27000      0.39217      0.49180      0.00000
      9.28000      0.19512      0.23731      0.00000
      9.29000      0.13137      0.15583      0.00000
      9.30000      0.06402      0.07544      0.00000
      9.31000      0.04377      0.05081      0.00000
      9.32000      0.08632      0.10013      0.00000
      9.33000      0.16185      0.19122      0.00000
      9.34000      0.37344      0.44782      0.00000
      9.35000      0.59512      0.71993      0.00000
      9.36000      0.67690      0.83567      0.00000
      9.37000      0.87171      1.10901      0.00000
      9.38000      0.98681      1.27310      0.00000
      9.39000      0.59024      0.75990      0.00000
      9.40000      0.24117      0.29468      0.00000
      9.41000      0.21938      0.25231      0.00000
      9.42000      0.22543      0.25931      0.00000
      9.43000      0.19947      0.22968      0.00000
      9.44000      0.16245      0.18929      0.00000
      9.45000      0.16865      0.19766      0.00000
      9.46000      0.30885      0.35299      0.00000
      9.47000      0.47337      0.53806      0.00000
      9.48000      0.45815      0.52637      0.00000
      9.49000      0.39975      0.47260      0.00000
      9.50000      0.44987      0.54673      0.00000
      9.51000      0.57052      0.69657      0.00000
      9.52000      0.53628      0.64290      0.00000
      9.53000      0.35110      0.40959      0.00000
      9.54000      0.26310      0.29831      0.00000
      9.55000      0.38290      0.42014      0.00001
      9.56000      0.50577      0.55265      0.00007
      9.57000      0.44623      0.49414      0.00022
      9.58000      0.37933      0.42327      0.00068
      9.59000      0.41619      0.46336      0.00120
      9.60000      0.44943      0.50873      0.00155
      9.61000      0.52178      0.59047      0.00396
      9.62000      0.67540      0.75081      0.00735
      9.63000      0.72098      0.81747      0.00725
      9.64000      0.79465      0.93702      0.00696
      9.65000      0.87408      1.03424      0.00909
      9.66000      0.71675      0.80492      0.01430
      9.67000      0.56826      0.58693      0.02002
      9.68000      0.53141      0.53591      0.02080
      9.69000      0.56286      0.56718      0.02327
      9.70000      0.65205      0.64923      0.03398
      9.71000      0.62475      0.61020      0.04063
      9.72000      0.60772      0.59001      0.04328
      9.73000      0.74428      0.72848      0.05586
      9.74000      0.88521      0.85607      0.07537
      9.75000      1.06461      1.00885      0.10115
      9.76000      1.29111      1.21875      0.12853
      9.77000      1.27110      1.20741      0.13198
      9.78000      1.06741      1.03553      0.10945
      9.79000      0.93598      0.91832      0.08959
      9.80000      0.92804      0.88373      0.09163
      9.81000      0.84926      0.80014      0.08490
      9.82000      0.66972      0.64243      0.06143
      9.83000      0.62022      0.59550      0.05482
      9.84000      0.70522      0.68613      0.05545
      9.85000      0.69533      0.68307      0.05009
      9.86000      0.63391      0.61843      0.05190
      9.87000      0.65544      0.63667      0.06327
      9.88000      0.81149      0.79953      0.07605
      9.89000      0.79096      0.80225      0.06114
      9.90000      0.61886      0.66029      0.03373
      9.91000      0.65661      0.72426      0.03041
      9.92000      0.76551      0.84517      0.03784
      9.93000      0.73827      0.78022      0.04534
      9.94000      0.63016      0.63822      0.04080
      9.95000      0.50421      0.50594      0.02999
      9.96000      0.44221      0.43179      0.03107
      9.97000      0.45551      0.43406      0.03841
      9.98000      0.45459      0.42544      0.04794
      9.99000      0.57300      0.53548      0.06546
     10.00000      0.66264      0.62709      0.06746
     10.01000      0.47129      0.46335      0.03752
     10.02000      0.32383      0.33768      0.01701
     10.03000      0.42103      0.44241      0.01893
     10.04000      0.54677      0.58670      0.02166
     10.05000      0.64000      0.68647      0.02867
     10.06000      0.62244      0.64963      0.03834
     10.07000      0.47360      0.47663      0.03890
     10.08000      0.31169      0.30543      0.02699
     10.09000      0.31960      0.31503      0.02093
     10.10000      0.40958      0.41173      0.02267
     10.11000      0.39803      0.40281      0.02456
     10.12000      0.41392      0.42069      0.02969
     10.13000      0.52246      0.52068      0.04315
     10.14000      0.63901      0.61379      0.06377
     10.15000      0.62547      0.60021      0.06423
     10.16000      0.53948      0.55686      0.03362
     10.17000      0.52402      0.57587      0.01368
     10.18000      0.50142      0.56756      0.01273
     10.19000      0.48331      0.56457      0.01296
     10.20000      0.46874      0.53773      0.01553
     10.21000      0.39167      0.42009      0.02052
     10.22000      0.35180      0.34636      0.02735
     10.23000      0.38357      0.35631      0.03682
     10.24000      0.36866      0.34117      0.03498
     10.25000      0.33626      0.33303      0.02271
     10.26000      0.31274      0.33207      0.01421
     10.27000      0.27013      0.28026      0.01390
     10.28000      0.29462      0.29565      0.01614
     10.29000      0.42483      0.44104      0.02013
     10.30000      0.52165      0.54564      0.02732
     10.31000      0.51375      0.51733      0.03802
     10.32000      0.55571      0.54597      0.05073
     10.33000      0.60344      0.59263      0.05935
     10.34000      0.44727      0.44261      0.04397
     10.35000      0.26884      0.26895      0.02061
     10.36000      0.28250      0.28896      0.01253
     10.37000      0.26115      0.27846      0.00754
     10.38000      0.19488      0.21045      0.00683
     10.39000      0.29722      0.31280      0.01354
     10.40000      0.39299      0.41267      0.01580
     10.41000      0.37215      0.38761      0.01670
     10.42000      0.45133      0.46619      0.02495
     10.43000      0.49858      0.50822      0.03347
     10.44000      0.40661      0.41755      0.03114
     10.45000      0.34078      0.37253      0.01946
     10.46000      0.37164      0.43228      0.01121
     10.47000      0.46166      0.53233      0.01104
     10.48000      0.49064      0.53496      0.01450
     10.49000      0.36057      0.36678      0.01716
     10.50000      0.20417      0.19033      0.01838
     10.51000      0.16543      0.14640      0.02077
     10.52000      0.25215      0.23573      0.02606
     10.53000      0.43543      0.42559      0.03646
     10.54000      0.56214      0.53899      0.05385
     10.55000      0.55588      0.51881      0.05845
     10.56000      0.42007      0.40973      0.03237
     10.57000      0.30719      0.33136      0.00879
     10.58000      0.28018      0.31487      0.00421
     10.59000      0.23429      0.25922      0.00783
     10.60000      0.23970      0.26531      0.01017
