Energy-E_F (eV)    DOS (1/eV)    PDOS (1/eV)  of atom type B  N  
     -7.88758      0.50437      0.19076      0.31360
     -7.87758      0.37451      0.14013      0.23438
     -7.86758      0.45823      0.17420      0.28403
     -7.85758      0.52920      0.20365      0.32556
     -7.84758      0.57313      0.22349      0.34964
     -7.83758      0.67542      0.26571      0.40971
     -7.82758      0.71106      0.27744      0.43362
     -7.81758      0.63548      0.24404      0.39144
     -7.80758      0.52227      0.20203      0.32024
     -7.79758      0.52638      0.20738      0.31900
     -7.78758      0.56392      0.22065      0.34327
     -7.77758      0.53153      0.20560      0.32593
     -7.76758      0.54685      0.21146      0.33539
     -7.75758      0.60045      0.23267      0.36778
     -7.74758      0.61941      0.23777      0.38163
     -7.73758      0.54553      0.20863      0.33690
     -7.72758      0.49477      0.18981      0.30496
     -7.71758      0.46565      0.17634      0.28931
     -7.70758      0.54241      0.20500      0.33741
     -7.69758      0.71080      0.27329      0.43751
     -7.68758      0.75557      0.29665      0.45892
     -7.67758      0.63947      0.25331      0.38616
     -7.66758      0.56864      0.21933      0.34931
     -7.65758      0.61512      0.23046      0.38466
     -7.64758      0.66287      0.25002      0.41285
     -7.63758      0.67142      0.25944      0.41197
     -7.62758      0.58305      0.22584      0.35721
     -7.61758      0.55520      0.21086      0.34434
     -7.60758      0.57490      0.21738      0.35752
     -7.59758      0.58075      0.22410      0.35665
     -7.58758      0.58137      0.22726      0.35411
     -7.57758      0.52245      0.20408      0.31836
     -7.56758      0.50802      0.20047      0.30755
     -7.55758      0.76955      0.30286      0.46669
     -7.54758      0.98935      0.38534      0.60401
     -7.53758      0.86051      0.33173      0.52878
     -7.52758      0.65615      0.25046      0.40569
     -7.51758      0.50283      0.18993      0.31290
     -7.50758      0.36890      0.13672      0.23218
     -7.49758      0.31989      0.11498      0.20492
     -7.48758      0.33776      0.12072      0.21704
     -7.47758      0.40883      0.15241      0.25641
     -7.46758      0.50436      0.19678      0.30758
     -7.45758      0.54968      0.21342      0.33626
     -7.44758      0.56699      0.21419      0.35280
     -7.43758      0.70382      0.26812      0.43570
     -7.42758      0.76566      0.29308      0.47258
     -7.41758      0.70900      0.26828      0.44072
     -7.40758      0.71253      0.26994      0.44259
     -7.39758      0.70115      0.26846      0.43269
     -7.38758      0.75462      0.29069      0.46394
     -7.37758      0.74525      0.28656      0.45868
     -7.36758      0.55182      0.21124      0.34059
     -7.35758      0.41767      0.15676      0.26091
     -7.34758      0.44598      0.16654      0.27945
     -7.33758      0.50675      0.19402      0.31273
     -7.32758      0.58731      0.22924      0.35807
     -7.31758      0.72843      0.28063      0.44780
     -7.30758      0.83199      0.31351      0.51848
     -7.29758      0.71873      0.26909      0.44964
     -7.28758      0.49575      0.18615      0.30960
     -7.27758      0.50183      0.19078      0.31106
     -7.26758      0.65269      0.24897      0.40372
     -7.25758      0.59068      0.22180      0.36888
     -7.24758      0.53722      0.20113      0.33609
     -7.23758      0.64270      0.24351      0.39919
     -7.22758      0.59753      0.22722      0.37031
     -7.21758      0.46835      0.17954      0.28881
     -7.20758      0.54626      0.21087      0.33539
     -7.19758      0.64504      0.24925      0.39579
     -7.18758      0.61968      0.23774      0.38194
     -7.17758      0.62445      0.23507      0.38938
     -7.16758      0.57267      0.21143      0.36124
     -7.15758      0.56328      0.20634      0.35694
     -7.14758      0.64861      0.24005      0.40856
     -7.13758      0.68103      0.25748      0.42356
     -7.12758      0.61780      0.23672      0.38107
     -7.11758      0.61493      0.23428      0.38065
     -7.10758      0.77909      0.29502      0.48407
     -7.09758      0.87045      0.32907      0.54138
     -7.08758      0.71772      0.27356      0.44416
     -7.07758      0.60463      0.23173      0.37290
     -7.06758      0.58297      0.22272      0.36025
     -7.05758      0.47662      0.18204      0.29458
     -7.04758      0.42392      0.15935      0.26457
     -7.03758      0.48395      0.17745      0.30650
     -7.02758      0.61388      0.22545      0.38843
     -7.01758      0.67460      0.24914      0.42546
     -7.00758      0.61563      0.22751      0.38812
     -6.99758      0.66250      0.24915      0.41335
     -6.98758      0.74200      0.28126      0.46073
     -6.97758      0.66235      0.24763      0.41472
     -6.96758      0.51571      0.19000      0.32571
     -6.95758      0.50551      0.19043      0.31508
     -6.94758      0.68611      0.26456      0.42155
     -6.93758      0.66639      0.25437      0.41202
     -6.92758      0.54341      0.19997      0.34344
     -6.91758      0.53609      0.19535      0.34075
     -6.90758      0.54415      0.20200      0.34215
     -6.89758      0.59574      0.22655      0.36920
     -6.88758      0.60299      0.23173      0.37125
     -6.87758      0.50571      0.19062      0.31509
     -6.86758      0.48343      0.17503      0.30840
     -6.85758      0.66701      0.24283      0.42417
     -6.84758      0.83834      0.31284      0.52550
     -6.83758      0.88586      0.33507      0.55079
     -6.82758      0.90238      0.34384      0.55854
     -6.81758      0.82343      0.31523      0.50820
     -6.80758      0.67627      0.25927      0.41700
     -6.79758      0.70126      0.26924      0.43203
     -6.78758      0.80056      0.30303      0.49753
     -6.77758      0.69078      0.25466      0.43612
     -6.76758      0.47656      0.17168      0.30489
     -6.75758      0.34704      0.12372      0.22332
     -6.74758      0.37163      0.13565      0.23598
     -6.73758      0.51211      0.19020      0.32191
     -6.72758      0.62540      0.23106      0.39434
     -6.71758      0.62833      0.23356      0.39477
     -6.70758      0.53816      0.20140      0.33676
     -6.69758      0.53955      0.19737      0.34218
     -6.68758      0.67517      0.24565      0.42951
     -6.67758      0.70934      0.26181      0.44753
     -6.66758      0.74217      0.27562      0.46656
     -6.65758      0.83830      0.31207      0.52623
     -6.64758      0.71282      0.26766      0.44516
     -6.63758      0.51374      0.19364      0.32011
     -6.62758      0.54248      0.20458      0.33790
     -6.61758      0.65945      0.24789      0.41155
     -6.60758      0.64764      0.24145      0.40619
     -6.59758      0.63032      0.23177      0.39855
     -6.58758      0.79850      0.29556      0.50294
     -6.57758      0.82808      0.31166      0.51643
     -6.56758      0.72766      0.27477      0.45288
     -6.55758      0.63440      0.23673      0.39767
     -6.54758      0.50110      0.18681      0.31429
     -6.53758      0.41650      0.15645      0.26005
     -6.52758      0.44995      0.16444      0.28551
     -6.51758      0.66147      0.23692      0.42455
     -6.50758      0.89498      0.32531      0.56967
     -6.49758      0.83851      0.30902      0.52949
     -6.48758      0.67240      0.24729      0.42511
     -6.47758      0.64888      0.24031      0.40857
     -6.46758      0.71733      0.26863      0.44870
     -6.45758      0.73807      0.27616      0.46191
     -6.44758      0.63054      0.23346      0.39708
     -6.43758      0.54286      0.20108      0.34178
     -6.42758      0.59353      0.22337      0.37016
     -6.41758      0.70852      0.26732      0.44120
     -6.40758      0.78438      0.29128      0.49310
     -6.39758      0.67751      0.24728      0.43023
     -6.38758      0.52297      0.18879      0.33418
     -6.37758      0.50100      0.18024      0.32076
     -6.36758      0.55772      0.20580      0.35192
     -6.35758      0.59944      0.22460      0.37484
     -6.34758      0.73529      0.27220      0.46309
     -6.33758      0.91128      0.34228      0.56901
     -6.32758      0.94178      0.36168      0.58011
     -6.31758      0.87039      0.33152      0.53887
     -6.30758      0.74861      0.27293      0.47568
     -6.29758      0.68134      0.23762      0.44372
     -6.28758      0.63291      0.21906      0.41385
     -6.27758      0.59842      0.21241      0.38601
     -6.26758      0.63495      0.23153      0.40342
     -6.25758      0.64774      0.23787      0.40987
     -6.24758      0.56959      0.21177      0.35782
     -6.23758      0.62838      0.23598      0.39241
     -6.22758      0.76417      0.28521      0.47895
     -6.21758      0.79281      0.29309      0.49972
     -6.20758      0.63815      0.23055      0.40760
     -6.19758      0.44283      0.15793      0.28489
     -6.18758      0.48116      0.17597      0.30519
     -6.17758      0.73205      0.27007      0.46198
     -6.16758      0.88875      0.32948      0.55927
     -6.15758      0.71200      0.26453      0.44747
     -6.14758      0.52999      0.19379      0.33621
     -6.13758      0.65716      0.23987      0.41729
     -6.12758      0.79386      0.29393      0.49993
     -6.11758      0.85389      0.31594      0.53795
     -6.10758      0.92069      0.33558      0.58511
     -6.09758      0.88296      0.31998      0.56298
     -6.08758      0.74992      0.27512      0.47480
     -6.07758      0.69684      0.25907      0.43777
     -6.06758      0.75268      0.27897      0.47371
     -6.05758      0.77718      0.28300      0.49418
     -6.04758      0.69318      0.24729      0.44588
     -6.03758      0.63221      0.22757      0.40464
     -6.02758      0.68652      0.25441      0.43212
     -6.01758      0.82903      0.31311      0.51591
     -6.00758      0.88727      0.33626      0.55100
     -5.99758      0.87922      0.32662      0.55260
     -5.98758      0.77405      0.28024      0.49381
     -5.97758      0.66859      0.23824      0.43035
     -5.96758      0.70582      0.25077      0.45505
     -5.95758      0.67945      0.24558      0.43386
     -5.94758      0.62363      0.23166      0.39197
     -5.93758      0.65765      0.24287      0.41477
     -5.92758      0.69425      0.25169      0.44256
     -5.91758      0.74910      0.27410      0.47500
     -5.90758      0.72930      0.26804      0.46127
     -5.89758      0.61669      0.22083      0.39585
     -5.88758      0.73317      0.25796      0.47521
     -5.87758      0.89917      0.32056      0.57861
     -5.86758      0.97475      0.35442      0.62033
     -5.85758      1.01081      0.36917      0.64164
     -5.84758      0.89867      0.32804      0.57064
     -5.83758      0.83110      0.30993      0.52118
     -5.82758      0.87637      0.33130      0.54507
     -5.81758      0.94712      0.35501      0.59211
     -5.80758      0.99769      0.36638      0.63131
     -5.79758      0.82067      0.29607      0.52460
     -5.78758      0.72543      0.25897      0.46646
     -5.77758      0.85397      0.30605      0.54792
     -5.76758      0.92708      0.33579      0.59129
     -5.75758      0.84754      0.30621      0.54133
     -5.74758      0.62963      0.22449      0.40514
     -5.73758      0.56963      0.20400      0.36563
     -5.72758      0.84998      0.30616      0.54382
     -5.71758      1.09370      0.39765      0.69605
     -5.70758      1.15517      0.42703      0.72814
     -5.69758      1.10402      0.41172      0.69231
     -5.68758      1.05612      0.39281      0.66331
     -5.67758      1.15939      0.42805      0.73134
     -5.66758      1.15255      0.42176      0.73079
     -5.65758      1.10525      0.39806      0.70719
     -5.64758      1.12591      0.40005      0.72586
     -5.63758      1.14148      0.40509      0.73639
     -5.62758      1.10446      0.39484      0.70962
     -5.61758      0.93853      0.33995      0.59858
     -5.60758      0.87706      0.32418      0.55288
     -5.59758      0.90650      0.33372      0.57278
     -5.58758      0.86709      0.31401      0.55308
     -5.57758      0.84009      0.30651      0.53358
     -5.56758      1.01188      0.37695      0.63493
     -5.55758      1.07171      0.39995      0.67176
     -5.54758      0.87825      0.32000      0.55825
     -5.53758      0.82280      0.29333      0.52947
     -5.52758      0.86358      0.30922      0.55437
     -5.51758      0.80607      0.28778      0.51829
     -5.50758      0.74062      0.26410      0.47652
     -5.49758      0.73822      0.26611      0.47211
     -5.48758      0.66448      0.23838      0.42610
     -5.47758      0.53589      0.18966      0.34623
     -5.46758      0.62263      0.22311      0.39951
     -5.45758      0.78790      0.28371      0.50419
     -5.44758      0.80978      0.29305      0.51672
     -5.43758      0.79637      0.29648      0.49989
     -5.42758      0.81350      0.30473      0.50877
     -5.41758      0.76803      0.27623      0.49180
     -5.40758      0.75120      0.26027      0.49093
     -5.39758      0.77150      0.27044      0.50106
     -5.38758      0.75251      0.26741      0.48509
     -5.37758      0.82991      0.29549      0.53442
     -5.36758      0.86386      0.30884      0.55501
     -5.35758      0.72640      0.25888      0.46752
     -5.34758      0.62961      0.22143      0.40819
     -5.33758      0.64615      0.22961      0.41653
     -5.32758      0.70285      0.25727      0.44558
     -5.31758      0.69825      0.25763      0.44062
     -5.30758      0.71745      0.26016      0.45729
     -5.29758      0.78623      0.28868      0.49755
     -5.28758      0.81909      0.30237      0.51672
     -5.27758      0.82101      0.29549      0.52552
     -5.26758      0.75461      0.26592      0.48869
     -5.25758      0.61376      0.21466      0.39910
     -5.24758      0.53013      0.18593      0.34420
     -5.23758      0.59042      0.20697      0.38345
     -5.22758      0.69314      0.24757      0.44557
     -5.21758      0.65837      0.24145      0.41692
     -5.20758      0.60673      0.22342      0.38331
     -5.19758      0.73021      0.26709      0.46312
     -5.18758      0.77523      0.28832      0.48691
     -5.17758      0.69930      0.25974      0.43956
     -5.16758      0.76747      0.27423      0.49325
     -5.15758      0.76014      0.26158      0.49856
     -5.14758      0.67175      0.22814      0.44361
     -5.13758      0.67063      0.22884      0.44179
     -5.12758      0.62990      0.21652      0.41337
     -5.11758      0.58376      0.20495      0.37881
     -5.10758      0.49919      0.17766      0.32153
     -5.09758      0.43289      0.15299      0.27990
     -5.08758      0.50829      0.17833      0.32996
     -5.07758      0.65374      0.22990      0.42385
     -5.06758      0.79034      0.28268      0.50765
     -5.05758      0.92783      0.33505      0.59278
     -5.04758      0.93432      0.33992      0.59441
     -5.03758      0.72495      0.26728      0.45767
     -5.02758      0.57622      0.20797      0.36825
     -5.01758      0.56158      0.19375      0.36783
     -5.00758      0.52299      0.17962      0.34337
     -4.99758      0.59388      0.21107      0.38281
     -4.98758      0.65867      0.23753      0.42114
     -4.97758      0.59297      0.21372      0.37925
     -4.96758      0.55136      0.19368      0.35768
     -4.95758      0.52320      0.17905      0.34416
     -4.94758      0.48799      0.17054      0.31746
     -4.93758      0.47789      0.17154      0.30634
     -4.92758      0.55809      0.20169      0.35640
     -4.91758      0.63840      0.22834      0.41007
     -4.90758      0.71776      0.25184      0.46592
     -4.89758      0.80082      0.28074      0.52009
     -4.88758      0.76277      0.26849      0.49428
     -4.87758      0.60085      0.20909      0.39176
     -4.86758      0.54217      0.18337      0.35880
     -4.85758      0.60781      0.20677      0.40104
     -4.84758      0.65991      0.23002      0.42989
     -4.83758      0.64642      0.22549      0.42093
     -4.82758      0.53866      0.18799      0.35067
     -4.81758      0.48740      0.17231      0.31509
     -4.80758      0.49258      0.17863      0.31395
     -4.79758      0.55692      0.20858      0.34834
     -4.78758      0.73378      0.27293      0.46085
     -4.77758      0.79969      0.28994      0.50975
     -4.76758      0.80470      0.28136      0.52334
     -4.75758      0.84219      0.28810      0.55409
     -4.74758      0.67442      0.22809      0.44633
     -4.73758      0.46180      0.15569      0.30611
     -4.72758      0.39815      0.13777      0.26039
     -4.71758      0.49849      0.17835      0.32014
     -4.70758      0.64404      0.23050      0.41354
     -4.69758      0.55846      0.19544      0.36303
     -4.68758      0.43118      0.14953      0.28165
     -4.67758      0.42756      0.15169      0.27587
     -4.66758      0.46098      0.16197      0.29901
     -4.65758      0.44999      0.15275      0.29724
     -4.64758      0.44294      0.15080      0.29213
     -4.63758      0.43986      0.15616      0.28370
     -4.62758      0.53697      0.19397      0.34299
     -4.61758      0.81414      0.28616      0.52798
     -4.60758      0.99545      0.33960      0.65585
     -4.59758      0.87526      0.29524      0.58002
     -4.58758      0.59179      0.19930      0.39249
     -4.57758      0.38094      0.12949      0.25145
     -4.56758      0.39750      0.13978      0.25772
     -4.55758      0.59321      0.20757      0.38564
     -4.54758      0.67508      0.23550      0.43959
     -4.53758      0.55102      0.19136      0.35966
     -4.52758      0.47196      0.16206      0.30990
     -4.51758      0.58206      0.20293      0.37913
     -4.50758      0.59932      0.21017      0.38915
     -4.49758      0.47240      0.16742      0.30498
     -4.48758      0.43748      0.15776      0.27971
     -4.47758      0.46389      0.16562      0.29827
     -4.46758      0.51745      0.17786      0.33959
     -4.45758      0.60788      0.19993      0.40795
     -4.44758      0.72683      0.23744      0.48940
     -4.43758      0.72467      0.24632      0.47835
     -4.42758      0.72924      0.26192      0.46732
     -4.41758      0.66407      0.23891      0.42516
     -4.40758      0.40770      0.14058      0.26711
     -4.39758      0.32100      0.11126      0.20973
     -4.38758      0.49718      0.17952      0.31766
     -4.37758      0.62804      0.22597      0.40207
     -4.36758      0.53519      0.19013      0.34506
     -4.35758      0.38165      0.13288      0.24877
     -4.34758      0.37584      0.12797      0.24787
     -4.33758      0.54633      0.18484      0.36149
     -4.32758      0.69853      0.23408      0.46445
     -4.31758      0.59432      0.19690      0.39742
     -4.30758      0.44743      0.14581      0.30161
     -4.29758      0.56242      0.18435      0.37807
     -4.28758      0.65570      0.21468      0.44102
     -4.27758      0.57442      0.18990      0.38452
     -4.26758      0.53867      0.18443      0.35425
     -4.25758      0.61592      0.21813      0.39779
     -4.24758      0.70411      0.25439      0.44972
     -4.23758      0.63120      0.22405      0.40715
     -4.22758      0.57644      0.19664      0.37981
     -4.21758      0.53851      0.18212      0.35639
     -4.20758      0.44475      0.14998      0.29478
     -4.19758      0.38586      0.12772      0.25814
     -4.18758      0.39671      0.13141      0.26531
     -4.17758      0.47882      0.16088      0.31794
     -4.16758      0.55911      0.19061      0.36850
     -4.15758      0.52148      0.18281      0.33867
     -4.14758      0.44656      0.15974      0.28682
     -4.13758      0.46242      0.15483      0.30759
     -4.12758      0.55066      0.17353      0.37713
     -4.11758      0.57246      0.18522      0.38724
     -4.10758      0.45035      0.15092      0.29943
     -4.09758      0.47535      0.15975      0.31560
     -4.08758      0.55661      0.19278      0.36382
     -4.07758      0.48777      0.17808      0.30969
     -4.06758      0.49237      0.17961      0.31276
     -4.05758      0.60815      0.21516      0.39299
     -4.04758      0.59070      0.20251      0.38819
     -4.03758      0.46118      0.14996      0.31122
     -4.02758      0.47865      0.15281      0.32584
     -4.01758      0.54304      0.17300      0.37004
     -4.00758      0.54783      0.17305      0.37477
     -3.99758      0.55116      0.17974      0.37142
     -3.98758      0.54067      0.18666      0.35401
     -3.97758      0.60613      0.21277      0.39336
     -3.96758      0.73898      0.25277      0.48620
     -3.95758      0.69448      0.22931      0.46517
     -3.94758      0.51984      0.17166      0.34818
     -3.93758      0.43046      0.14688      0.28359
     -3.92758      0.43222      0.14864      0.28358
     -3.91758      0.37907      0.13231      0.24677
     -3.90758      0.38326      0.12887      0.25438
     -3.89758      0.45728      0.14824      0.30904
     -3.88758      0.47964      0.15369      0.32595
     -3.87758      0.55851      0.18042      0.37808
     -3.86758      0.68186      0.22788      0.45398
     -3.85758      0.69851      0.23791      0.46059
     -3.84758      0.58055      0.19479      0.38576
     -3.83758      0.41845      0.13962      0.27883
     -3.82758      0.31911      0.11068      0.20843
     -3.81758      0.32207      0.11327      0.20881
     -3.80758      0.37845      0.12875      0.24970
     -3.79758      0.43863      0.13939      0.29924
     -3.78758      0.48745      0.15102      0.33644
     -3.77758      0.48220      0.15537      0.32683
     -3.76758      0.51892      0.17264      0.34628
     -3.75758      0.49894      0.16830      0.33064
     -3.74758      0.36104      0.12708      0.23396
     -3.73758      0.37404      0.13316      0.24089
     -3.72758      0.53156      0.17569      0.35586
     -3.71758      0.66705      0.20622      0.46083
     -3.70758      0.68856      0.21299      0.47557
     -3.69758      0.59521      0.19433      0.40089
     -3.68758      0.53859      0.18289      0.35570
     -3.67758      0.58798      0.19590      0.39209
     -3.66758      0.64092      0.21105      0.42988
     -3.65758      0.59447      0.19880      0.39567
     -3.64758      0.44558      0.14987      0.29571
     -3.63758      0.42024      0.13758      0.28266
     -3.62758      0.50673      0.16043      0.34630
     -3.61758      0.50584      0.16154      0.34430
     -3.60758      0.45119      0.14977      0.30142
     -3.59758      0.40993      0.13925      0.27068
     -3.58758      0.41739      0.14525      0.27214
     -3.57758      0.52495      0.18310      0.34185
     -3.56758      0.57461      0.18886      0.38575
     -3.55758      0.56101      0.17363      0.38738
     -3.54758      0.54099      0.16547      0.37551
     -3.53758      0.41373      0.12622      0.28751
     -3.52758      0.30634      0.09150      0.21483
     -3.51758      0.27533      0.07943      0.19590
     -3.50758      0.32143      0.09813      0.22330
     -3.49758      0.40780      0.13657      0.27123
     -3.48758      0.48363      0.17107      0.31256
     -3.47758      0.57056      0.20611      0.36445
     -3.46758      0.63694      0.22391      0.41302
     -3.45758      0.72005      0.24019      0.47986
     -3.44758      0.73027      0.23739      0.49288
     -3.43758      0.53878      0.17155      0.36723
     -3.42758      0.36601      0.11044      0.25558
     -3.41758      0.29236      0.08373      0.20863
     -3.40758      0.33872      0.10021      0.23851
     -3.39758      0.45394      0.13991      0.31404
     -3.38758      0.52849      0.16224      0.36626
     -3.37758      0.61484      0.18771      0.42714
     -3.36758      0.61325      0.19213      0.42113
     -3.35758      0.49863      0.16423      0.33440
     -3.34758      0.49365      0.16605      0.32760
     -3.33758      0.53370      0.17270      0.36100
     -3.32758      0.47227      0.14739      0.32488
     -3.31758      0.35054      0.10877      0.24177
     -3.30758      0.25930      0.08036      0.17894
     -3.29758      0.32330      0.09520      0.22809
     -3.28758      0.37727      0.10659      0.27068
     -3.27758      0.38439      0.11285      0.27154
     -3.26758      0.48300      0.15784      0.32516
     -3.25758      0.65097      0.22358      0.42739
     -3.24758      0.80180      0.27580      0.52600
     -3.23758      0.86709      0.29471      0.57238
     -3.22758      0.73953      0.24329      0.49624
     -3.21758      0.52886      0.16331      0.36555
     -3.20758      0.41162      0.12170      0.28992
     -3.19758      0.33632      0.09751      0.23881
     -3.18758      0.30634      0.09068      0.21567
     -3.17758      0.34769      0.10888      0.23881
     -3.16758      0.34700      0.10820      0.23880
     -3.15758      0.26346      0.08049      0.18297
     -3.14758      0.28898      0.09562      0.19337
     -3.13758      0.48894      0.17161      0.31733
     -3.12758      0.59682      0.20036      0.39646
     -3.11758      0.49760      0.14881      0.34879
     -3.10758      0.38725      0.10631      0.28094
     -3.09758      0.38834      0.10813      0.28021
     -3.08758      0.48659      0.13389      0.35269
     -3.07758      0.49168      0.13736      0.35432
     -3.06758      0.44157      0.13359      0.30798
     -3.05758      0.44998      0.13964      0.31033
     -3.04758      0.60226      0.18795      0.41431
     -3.03758      0.89129      0.29005      0.60124
     -3.02758      0.97156      0.32890      0.64265
     -3.01758      0.59933      0.20204      0.39730
     -3.00758      0.30839      0.09052      0.21787
     -2.99758      0.28782      0.07456      0.21326
     -2.98758      0.29637      0.07975      0.21662
     -2.97758      0.30170      0.09171      0.20999
     -2.96758      0.35092      0.10986      0.24106
     -2.95758      0.41520      0.11854      0.29666
     -2.94758      0.38828      0.10554      0.28274
     -2.93758      0.41945      0.12651      0.29294
     -2.92758      0.64036      0.20845      0.43191
     -2.91758      0.68827      0.22518      0.46309
     -2.90758      0.47609      0.14987      0.32622
     -2.89758      0.41097      0.11817      0.29280
     -2.88758      0.45555      0.12795      0.32759
     -2.87758      0.42008      0.12177      0.29832
     -2.86758      0.42729      0.12797      0.29932
     -2.85758      0.46361      0.14038      0.32323
     -2.84758      0.40425      0.12448      0.27977
     -2.83758      0.40845      0.13110      0.27734
     -2.82758      0.58527      0.19956      0.38571
     -2.81758      0.64966      0.22600      0.42365
     -2.80758      0.44142      0.14475      0.29667
     -2.79758      0.32205      0.08912      0.23293
     -2.78758      0.41173      0.11120      0.30054
     -2.77758      0.44316      0.12643      0.31673
     -2.76758      0.45731      0.12945      0.32786
     -2.75758      0.55223      0.14685      0.40538
     -2.74758      0.50486      0.13259      0.37227
     -2.73758      0.47688      0.13841      0.33846
     -2.72758      0.58285      0.17963      0.40323
     -2.71758      0.61749      0.18823      0.42927
     -2.70758      0.56690      0.17134      0.39555
     -2.69758      0.46274      0.13862      0.32412
     -2.68758      0.34513      0.09738      0.24775
     -2.67758      0.33472      0.08860      0.24613
     -2.66758      0.41283      0.11374      0.29909
     -2.65758      0.41181      0.12272      0.28908
     -2.64758      0.42030      0.12922      0.29108
     -2.63758      0.52306      0.15992      0.36314
     -2.62758      0.67559      0.20981      0.46579
     -2.61758      0.67217      0.20842      0.46375
     -2.60758      0.46145      0.13943      0.32201
     -2.59758      0.36031      0.10369      0.25663
     -2.58758      0.38318      0.10552      0.27767
     -2.57758      0.44813      0.12048      0.32764
     -2.56758      0.50182      0.13715      0.36467
     -2.55758      0.49829      0.14338      0.35490
     -2.54758      0.55652      0.16796      0.38856
     -2.53758      0.56961      0.17913      0.39048
     -2.52758      0.50153      0.15634      0.34519
     -2.51758      0.39929      0.12030      0.27899
     -2.50758      0.30849      0.09039      0.21810
     -2.49758      0.28163      0.07600      0.20562
     -2.48758      0.30554      0.07871      0.22683
     -2.47758      0.40356      0.10605      0.29752
     -2.46758      0.47109      0.12617      0.34492
     -2.45758      0.45703      0.13262      0.32441
     -2.44758      0.47418      0.15496      0.31922
     -2.43758      0.68620      0.21683      0.46937
     -2.42758      0.86555      0.24489      0.62065
     -2.41758      0.66254      0.17048      0.49206
     -2.40758      0.38812      0.09719      0.29092
     -2.39758      0.36654      0.09949      0.26705
     -2.38758      0.46449      0.13133      0.33316
     -2.37758      0.54347      0.14880      0.39467
     -2.36758      0.55250      0.14597      0.40652
     -2.35758      0.55850      0.15232      0.40618
     -2.34758      0.51818      0.14542      0.37277
     -2.33758      0.38709      0.10953      0.27757
     -2.32758      0.36069      0.10150      0.25918
     -2.31758      0.44462      0.12143      0.32319
     -2.30758      0.43148      0.11727      0.31421
     -2.29758      0.36586      0.10192      0.26394
     -2.28758      0.43837      0.12433      0.31403
     -2.27758      0.62253      0.18368      0.43885
     -2.26758      0.75749      0.22753      0.52996
     -2.25758      0.64691      0.19072      0.45619
     -2.24758      0.48752      0.13050      0.35702
     -2.23758      0.44868      0.11025      0.33843
     -2.22758      0.47332      0.12365      0.34967
     -2.21758      0.50111      0.13667      0.36443
     -2.20758      0.39253      0.10442      0.28811
     -2.19758      0.39898      0.10384      0.29514
     -2.18758      0.51836      0.14029      0.37807
     -2.17758      0.43871      0.11965      0.31906
     -2.16758      0.37679      0.09734      0.27945
     -2.15758      0.41113      0.10530      0.30583
     -2.14758      0.38916      0.10887      0.28029
     -2.13758      0.37665      0.11738      0.25927
     -2.12758      0.39744      0.12200      0.27544
     -2.11758      0.59026      0.16585      0.42441
     -2.10758      0.82811      0.21517      0.61295
     -2.09758      0.76215      0.18458      0.57757
     -2.08758      0.58855      0.14060      0.44795
     -2.07758      0.58145      0.14300      0.43845
     -2.06758      0.57200      0.14248      0.42952
     -2.05758      0.48703      0.12335      0.36367
     -2.04758      0.52348      0.13605      0.38742
     -2.03758      0.63304      0.17112      0.46192
     -2.02758      0.60290      0.16190      0.44100
     -2.01758      0.56590      0.14833      0.41757
     -2.00758      0.49970      0.12901      0.37069
     -1.99758      0.46099      0.11808      0.34291
     -1.98758      0.51178      0.13632      0.37546
     -1.97758      0.57776      0.15378      0.42398
     -1.96758      0.59877      0.15612      0.44265
     -1.95758      0.47833      0.12423      0.35410
     -1.94758      0.37282      0.09003      0.28279
     -1.93758      0.52795      0.12225      0.40569
     -1.92758      0.71243      0.17011      0.54232
     -1.91758      0.69420      0.16847      0.52573
     -1.90758      0.58273      0.14325      0.43948
     -1.89758      0.56000      0.13883      0.42117
     -1.88758      0.58036      0.14293      0.43742
     -1.87758      0.55599      0.14010      0.41589
     -1.86758      0.59715      0.15292      0.44423
     -1.85758      0.64001      0.16012      0.47989
     -1.84758      0.61609      0.15136      0.46473
     -1.83758      0.55317      0.13622      0.41696
     -1.82758      0.59071      0.14249      0.44822
     -1.81758      0.62284      0.14739      0.47545
     -1.80758      0.61210      0.13790      0.47420
     -1.79758      0.71201      0.15624      0.55577
     -1.78758      0.92673      0.20907      0.71766
     -1.77758      1.07462      0.24943      0.82519
     -1.76758      0.93112      0.21538      0.71574
     -1.75758      0.75376      0.16573      0.58803
     -1.74758      0.73676      0.16053      0.57623
     -1.73758      0.68314      0.15356      0.52957
     -1.72758      0.58261      0.13858      0.44403
     -1.71758      0.59172      0.14757      0.44415
     -1.70758      0.66108      0.16880      0.49229
     -1.69758      0.66517      0.15662      0.50856
     -1.68758      0.74582      0.15756      0.58825
     -1.67758      0.84884      0.18134      0.66750
     -1.66758      0.62799      0.14703      0.48097
     -1.65758      0.30984      0.08666      0.22318
     -1.64758      0.22038      0.06541      0.15497
     -1.63758      0.25547      0.07064      0.18483
     -1.62758      0.26062      0.06218      0.19845
     -1.61758      0.37227      0.07330      0.29897
     -1.60758      0.48362      0.09120      0.39242
     -1.59758      0.49658      0.09266      0.40393
     -1.58758      0.52962      0.09793      0.43169
     -1.57758      0.42485      0.07818      0.34668
     -1.56758      0.22877      0.04170      0.18707
     -1.55758      0.14240      0.02550      0.11690
     -1.54758      0.16534      0.02935      0.13599
     -1.53758      0.17697      0.03137      0.14560
     -1.52758      0.14913      0.02643      0.12270
     -1.51758      0.14691      0.02602      0.12088
     -1.50758      0.17389      0.03075      0.14315
     -1.49758      0.22434      0.03962      0.18472
     -1.48758      0.30051      0.05317      0.24735
     -1.47758      0.48672      0.08700      0.39972
     -1.46758      0.93866      0.16979      0.76888
     -1.45758      1.18637      0.21545      0.97092
     -1.44758      0.67921      0.12325      0.55597
     -1.43758      0.23184      0.04129      0.19054
     -1.42758      0.15342      0.02649      0.12693
     -1.41758      0.10384      0.01782      0.08602
     -1.40758      0.06564      0.01125      0.05440
     -1.39758      0.11857      0.02027      0.09830
     -1.38758      0.15674      0.02674      0.13000
     -1.37758      0.14773      0.02511      0.12262
     -1.36758      0.21216      0.03598      0.17618
     -1.35758      0.23216      0.03940      0.19276
     -1.34758      0.17987      0.03067      0.14921
     -1.33758      0.20178      0.03451      0.16726
     -1.32758      0.30260      0.05189      0.25071
     -1.31758      0.42657      0.07353      0.35304
     -1.30758      0.44091      0.07608      0.36483
     -1.29758      0.27524      0.04709      0.22815
     -1.28758      0.18775      0.03133      0.15642
     -1.27758      0.18623      0.03075      0.15549
     -1.26758      0.18790      0.03091      0.15698
     -1.25758      0.18024      0.02962      0.15062
     -1.24758      0.14270      0.02351      0.11919
     -1.23758      0.14662      0.02416      0.12246
     -1.22758      0.21373      0.03499      0.17875
     -1.21758      0.30398      0.04956      0.25442
     -1.20758      0.28910      0.04728      0.24181
     -1.19758      0.23976      0.03950      0.20026
     -1.18758      0.28629      0.04724      0.23905
     -1.17758      0.44294      0.07291      0.37003
     -1.16758      0.60846      0.10005      0.50840
     -1.15758      0.53991      0.08848      0.45144
     -1.14758      0.29024      0.04695      0.24329
     -1.13758      0.14535      0.02299      0.12236
     -1.12758      0.10872      0.01707      0.09165
     -1.11758      0.10389      0.01636      0.08753
     -1.10758      0.10852      0.01701      0.09151
     -1.09758      0.13323      0.02068      0.11256
     -1.08758      0.15731      0.02442      0.13289
     -1.07758      0.14829      0.02309      0.12520
     -1.06758      0.15952      0.02470      0.13482
     -1.05758      0.21329      0.03289      0.18040
     -1.04758      0.23533      0.03626      0.19906
     -1.03758      0.27820      0.04281      0.23539
     -1.02758      0.33710      0.05194      0.28515
     -1.01758      0.28351      0.04384      0.23967
     -1.00758      0.17977      0.02769      0.15208
     -0.99758      0.10296      0.01564      0.08732
     -0.98758      0.12203      0.01822      0.10381
     -0.97758      0.21106      0.03133      0.17973
     -0.96758      0.23155      0.03433      0.19722
     -0.95758      0.16990      0.02526      0.14465
     -0.94758      0.12286      0.01830      0.10456
     -0.93758      0.14862      0.02201      0.12661
     -0.92758      0.20661      0.03039      0.17622
     -0.91758      0.24658      0.03616      0.21042
     -0.90758      0.31706      0.04635      0.27071
     -0.89758      0.41061      0.05999      0.35062
     -0.88758      0.43314      0.06341      0.36973
     -0.87758      0.33621      0.04916      0.28705
     -0.86758      0.14254      0.02076      0.12178
     -0.85758      0.05547      0.00793      0.04754
     -0.84758      0.11554      0.01626      0.09928
     -0.83758      0.18012      0.02523      0.15489
     -0.82758      0.12459      0.01739      0.10720
     -0.81758      0.06249      0.00870      0.05380
     -0.80758      0.12568      0.01742      0.10826
     -0.79758      0.21803      0.03008      0.18795
     -0.78758      0.19611      0.02693      0.16919
     -0.77758      0.19341      0.02646      0.16695
     -0.76758      0.25804      0.03527      0.22278
     -0.75758      0.24588      0.03369      0.21219
     -0.74758      0.16953      0.02328      0.14625
     -0.73758      0.11839      0.01608      0.10230
     -0.72758      0.10571      0.01414      0.09157
     -0.71758      0.13921      0.01838      0.12084
     -0.70758      0.20777      0.02735      0.18042
     -0.69758      0.19584      0.02577      0.17007
     -0.68758      0.14054      0.01850      0.12204
     -0.67758      0.11772      0.01546      0.10225
     -0.66758      0.15403      0.02005      0.13398
     -0.65758      0.22079      0.02858      0.19221
     -0.64758      0.26968      0.03480      0.23488
     -0.63758      0.35129      0.04516      0.30613
     -0.62758      0.35400      0.04537      0.30863
     -0.61758      0.21989      0.02799      0.19190
     -0.60758      0.11411      0.01433      0.09978
     -0.59758      0.04884      0.00609      0.04275
     -0.58758      0.03384      0.00418      0.02967
     -0.57758      0.10879      0.01335      0.09544
     -0.56758      0.18705      0.02290      0.16415
     -0.55758      0.13302      0.01625      0.11678
     -0.54758      0.07500      0.00911      0.06589
     -0.53758      0.14669      0.01769      0.12900
     -0.52758      0.24822      0.02979      0.21843
     -0.51758      0.24402      0.02918      0.21484
     -0.50758      0.19041      0.02258      0.16783
     -0.49758      0.16630      0.01954      0.14677
     -0.48758      0.10989      0.01288      0.09701
     -0.47758      0.07054      0.00822      0.06232
     -0.46758      0.09060      0.01049      0.08011
     -0.45758      0.12094      0.01387      0.10707
     -0.44758      0.19823      0.02254      0.17569
     -0.43758      0.25605      0.02904      0.22701
     -0.42758      0.24774      0.02806      0.21968
     -0.41758      0.21937      0.02480      0.19456
     -0.40758      0.16475      0.01852      0.14623
     -0.39758      0.11797      0.01305      0.10492
     -0.38758      0.11088      0.01208      0.09879
     -0.37758      0.14591      0.01578      0.13013
     -0.36758      0.16678      0.01799      0.14879
     -0.35758      0.12724      0.01365      0.11359
     -0.34758      0.10624      0.01131      0.09493
     -0.33758      0.10633      0.01127      0.09506
     -0.32758      0.13391      0.01411      0.11980
     -0.31758      0.16782      0.01752      0.15029
     -0.30758      0.14545      0.01510      0.13035
     -0.29758      0.08351      0.00859      0.07491
     -0.28758      0.10232      0.01039      0.09193
     -0.27758      0.15652      0.01579      0.14072
     -0.26758      0.18372      0.01841      0.16532
     -0.25758      0.21885      0.02177      0.19708
     -0.24758      0.23066      0.02285      0.20781
     -0.23758      0.17204      0.01700      0.15503
     -0.22758      0.08549      0.00839      0.07710
     -0.21758      0.08819      0.00845      0.07974
     -0.20758      0.15274      0.01456      0.13818
     -0.19758      0.11751      0.01119      0.10632
     -0.18758      0.06014      0.00566      0.05448
     -0.17758      0.11150      0.01033      0.10117
     -0.16758      0.16809      0.01553      0.15255
     -0.15758      0.14973      0.01372      0.13601
     -0.14758      0.15075      0.01366      0.13709
     -0.13758      0.13719      0.01236      0.12483
     -0.12758      0.12339      0.01099      0.11240
     -0.11758      0.15732      0.01388      0.14344
     -0.10758      0.15483      0.01359      0.14125
     -0.09758      0.11149      0.00969      0.10181
     -0.08758      0.10594      0.00908      0.09686
     -0.07758      0.12319      0.01045      0.11275
     -0.06758      0.13626      0.01146      0.12480
     -0.05758      0.11734      0.00979      0.10755
     -0.04758      0.12007      0.00988      0.11020
     -0.03758      0.14015      0.01143      0.12872
     -0.02758      0.13206      0.01067      0.12139
     -0.01758      0.11850      0.00948      0.10902
     -0.00758      0.09157      0.00727      0.08430
      0.00242      0.04859      0.00383      0.04476
      0.01242      0.01428      0.00112      0.01316
      0.02242      0.00183      0.00014      0.00169
      0.03242      0.00009      0.00001      0.00008
      0.04242      0.00000      0.00000      0.00000
      0.05242      0.00000      0.00000      0.00000
      0.06242      0.00000      0.00000      0.00000
      0.07242      0.00000      0.00000      0.00000
      0.08242      0.00000      0.00000      0.00000
      0.09242      0.00000      0.00000      0.00000
      0.10242      0.00000      0.00000      0.00000
      0.11242      0.00000      0.00000      0.00000
      0.12242      0.00000      0.00000      0.00000
      0.13242      0.00000      0.00000      0.00000
      0.14242      0.00000      0.00000      0.00000
      0.15242      0.00000      0.00000      0.00000
      0.16242      0.00000      0.00000      0.00000
      0.17242      0.00000      0.00000      0.00000
      0.18242      0.00000      0.00000      0.00000
      0.19242      0.00000      0.00000      0.00000
      0.20242      0.00000      0.00000      0.00000
      0.21242      0.00000      0.00000      0.00000
      0.22242      0.00000      0.00000      0.00000
      0.23242      0.00000      0.00000      0.00000
      0.24242      0.00000      0.00000      0.00000
      0.25242      0.00000      0.00000      0.00000
      0.26242      0.00000      0.00000      0.00000
      0.27242      0.00000      0.00000      0.00000
      0.28242      0.00000      0.00000      0.00000
      0.29242      0.00000      0.00000      0.00000
      0.30242      0.00000      0.00000      0.00000
      0.31242      0.00000      0.00000      0.00000
      0.32242      0.00000      0.00000      0.00000
      0.33242      0.00000      0.00000      0.00000
      0.34242      0.00000      0.00000      0.00000
      0.35242      0.00000      0.00000      0.00000
      0.36242      0.00000      0.00000      0.00000
      0.37242      0.00000      0.00000      0.00000
      0.38242      0.00000      0.00000      0.00000
      0.39242      0.00000      0.00000      0.00000
      0.40242      0.00000      0.00000      0.00000
      0.41242      0.00000      0.00000      0.00000
      0.42242      0.00000      0.00000      0.00000
      0.43242      0.00000      0.00000      0.00000
      0.44242      0.00000      0.00000      0.00000
      0.45242      0.00000      0.00000      0.00000
      0.46242      0.00000      0.00000      0.00000
      0.47242      0.00000      0.00000      0.00000
      0.48242      0.00000      0.00000      0.00000
      0.49242      0.00000      0.00000      0.00000
      0.50242      0.00000      0.00000      0.00000
      0.51242      0.00000      0.00000      0.00000
      0.52242      0.00000      0.00000      0.00000
      0.53242      0.00000      0.00000      0.00000
      0.54242      0.00000      0.00000      0.00000
      0.55242      0.00000      0.00000      0.00000
      0.56242      0.00000      0.00000      0.00000
      0.57242      0.00000      0.00000      0.00000
      0.58242      0.00000      0.00000      0.00000
      0.59242      0.00000      0.00000      0.00000
      0.60242      0.00000      0.00000      0.00000
      0.61242      0.00000      0.00000      0.00000
      0.62242      0.00000      0.00000      0.00000
      0.63242      0.00000      0.00000      0.00000
      0.64242      0.00000      0.00000      0.00000
      0.65242      0.00000      0.00000      0.00000
      0.66242      0.00000      0.00000      0.00000
      0.67242      0.00000      0.00000      0.00000
      0.68242      0.00000      0.00000      0.00000
      0.69242      0.00000      0.00000      0.00000
      0.70242      0.00000      0.00000      0.00000
      0.71242      0.00000      0.00000      0.00000
      0.72242      0.00000      0.00000      0.00000
      0.73242      0.00000      0.00000      0.00000
      0.74242      0.00000      0.00000      0.00000
      0.75242      0.00000      0.00000      0.00000
      0.76242      0.00000      0.00000      0.00000
      0.77242      0.00000      0.00000      0.00000
      0.78242      0.00000      0.00000      0.00000
      0.79242      0.00000      0.00000      0.00000
      0.80242      0.00000      0.00000      0.00000
      0.81242      0.00000      0.00000      0.00000
      0.82242      0.00000      0.00000      0.00000
      0.83242      0.00000      0.00000      0.00000
      0.84242      0.00000      0.00000      0.00000
      0.85242      0.00000      0.00000      0.00000
      0.86242      0.00000      0.00000      0.00000
      0.87242      0.00000      0.00000      0.00000
      0.88242      0.00000      0.00000      0.00000
      0.89242      0.00000      0.00000      0.00000
      0.90242      0.00000      0.00000      0.00000
      0.91242      0.00000      0.00000      0.00000
      0.92242      0.00000      0.00000      0.00000
      0.93242      0.00000      0.00000      0.00000
      0.94242      0.00000      0.00000      0.00000
      0.95242      0.00000      0.00000      0.00000
      0.96242      0.00000      0.00000      0.00000
      0.97242      0.00000      0.00000      0.00000
      0.98242      0.00000      0.00000      0.00000
      0.99242      0.00000      0.00000      0.00000
      1.00242      0.00000      0.00000      0.00000
      1.01242      0.00000      0.00000      0.00000
      1.02242      0.00000      0.00000      0.00000
      1.03242      0.00000      0.00000      0.00000
      1.04242      0.00000      0.00000      0.00000
      1.05242      0.00000      0.00000      0.00000
      1.06242      0.00000      0.00000      0.00000
      1.07242      0.00000      0.00000      0.00000
      1.08242      0.00000      0.00000      0.00000
      1.09242      0.00000      0.00000      0.00000
      1.10242      0.00000      0.00000      0.00000
      1.11242      0.00000      0.00000      0.00000
      1.12242      0.00000      0.00000      0.00000
      1.13242      0.00000      0.00000      0.00000
      1.14242      0.00000      0.00000      0.00000
      1.15242      0.00000      0.00000      0.00000
      1.16242      0.00000      0.00000      0.00000
      1.17242      0.00000      0.00000      0.00000
      1.18242      0.00000      0.00000      0.00000
      1.19242      0.00000      0.00000      0.00000
      1.20242      0.00000      0.00000      0.00000
      1.21242      0.00000      0.00000      0.00000
      1.22242      0.00000      0.00000      0.00000
      1.23242      0.00000      0.00000      0.00000
      1.24242      0.00000      0.00000      0.00000
      1.25242      0.00000      0.00000      0.00000
      1.26242      0.00000      0.00000      0.00000
      1.27242      0.00000      0.00000      0.00000
      1.28242      0.00000      0.00000      0.00000
      1.29242      0.00000      0.00000      0.00000
      1.30242      0.00000      0.00000      0.00000
      1.31242      0.00000      0.00000      0.00000
      1.32242      0.00000      0.00000      0.00000
      1.33242      0.00000      0.00000      0.00000
      1.34242      0.00000      0.00000      0.00000
      1.35242      0.00000      0.00000      0.00000
      1.36242      0.00000      0.00000      0.00000
      1.37242      0.00000      0.00000      0.00000
      1.38242      0.00000      0.00000      0.00000
      1.39242      0.00000      0.00000      0.00000
      1.40242      0.00000      0.00000      0.00000
      1.41242      0.00000      0.00000      0.00000
      1.42242      0.00000      0.00000      0.00000
      1.43242      0.00000      0.00000      0.00000
      1.44242      0.00000      0.00000      0.00000
      1.45242      0.00000      0.00000      0.00000
      1.46242      0.00000      0.00000      0.00000
      1.47242      0.00000      0.00000      0.00000
      1.48242      0.00000      0.00000      0.00000
      1.49242      0.00000      0.00000      0.00000
      1.50242      0.00000      0.00000      0.00000
      1.51242      0.00000      0.00000      0.00000
      1.52242      0.00000      0.00000      0.00000
      1.53242      0.00000      0.00000      0.00000
      1.54242      0.00000      0.00000      0.00000
      1.55242      0.00000      0.00000      0.00000
      1.56242      0.00000      0.00000      0.00000
      1.57242      0.00000      0.00000      0.00000
      1.58242      0.00000      0.00000      0.00000
      1.59242      0.00000      0.00000      0.00000
      1.60242      0.00000      0.00000      0.00000
      1.61242      0.00000      0.00000      0.00000
      1.62242      0.00000      0.00000      0.00000
      1.63242      0.00000      0.00000      0.00000
      1.64242      0.00000      0.00000      0.00000
      1.65242      0.00000      0.00000      0.00000
      1.66242      0.00000      0.00000      0.00000
      1.67242      0.00000      0.00000      0.00000
      1.68242      0.00000      0.00000      0.00000
      1.69242      0.00000      0.00000      0.00000
      1.70242      0.00000      0.00000      0.00000
      1.71242      0.00000      0.00000      0.00000
      1.72242      0.00000      0.00000      0.00000
      1.73242      0.00000      0.00000      0.00000
      1.74242      0.00000      0.00000      0.00000
      1.75242      0.00000      0.00000      0.00000
      1.76242      0.00000      0.00000      0.00000
      1.77242      0.00000      0.00000      0.00000
      1.78242      0.00000      0.00000      0.00000
      1.79242      0.00000      0.00000      0.00000
      1.80242      0.00000      0.00000      0.00000
      1.81242      0.00000      0.00000      0.00000
      1.82242      0.00000      0.00000      0.00000
      1.83242      0.00000      0.00000      0.00000
      1.84242      0.00000      0.00000      0.00000
      1.85242      0.00000      0.00000      0.00000
      1.86242      0.00000      0.00000      0.00000
      1.87242      0.00000      0.00000      0.00000
      1.88242      0.00000      0.00000      0.00000
      1.89242      0.00000      0.00000      0.00000
      1.90242      0.00000      0.00000      0.00000
      1.91242      0.00000      0.00000      0.00000
      1.92242      0.00000      0.00000      0.00000
      1.93242      0.00000      0.00000      0.00000
      1.94242      0.00000      0.00000      0.00000
      1.95242      0.00000      0.00000      0.00000
      1.96242      0.00000      0.00000      0.00000
      1.97242      0.00000      0.00000      0.00000
      1.98242      0.00000      0.00000      0.00000
      1.99242      0.00000      0.00000      0.00000
      2.00242      0.00000      0.00000      0.00000
      2.01242      0.00000      0.00000      0.00000
      2.02242      0.00000      0.00000      0.00000
      2.03242      0.00000      0.00000      0.00000
      2.04242      0.00000      0.00000      0.00000
      2.05242      0.00000      0.00000      0.00000
      2.06242      0.00000      0.00000      0.00000
      2.07242      0.00000      0.00000      0.00000
      2.08242      0.00000      0.00000      0.00000
      2.09242      0.00000      0.00000      0.00000
      2.10242      0.00000      0.00000      0.00000
      2.11242      0.00000      0.00000      0.00000
      2.12242      0.00000      0.00000      0.00000
      2.13242      0.00000      0.00000      0.00000
      2.14242      0.00000      0.00000      0.00000
      2.15242      0.00000      0.00000      0.00000
      2.16242      0.00000      0.00000      0.00000
      2.17242      0.00000      0.00000      0.00000
      2.18242      0.00000      0.00000      0.00000
      2.19242      0.00000      0.00000      0.00000
      2.20242      0.00000      0.00000      0.00000
      2.21242      0.00000      0.00000      0.00000
      2.22242      0.00000      0.00000      0.00000
      2.23242      0.00000      0.00000      0.00000
      2.24242      0.00000      0.00000      0.00000
      2.25242      0.00000      0.00000      0.00000
      2.26242      0.00000      0.00000      0.00000
      2.27242      0.00000      0.00000      0.00000
      2.28242      0.00000      0.00000      0.00000
      2.29242      0.00000      0.00000      0.00000
      2.30242      0.00000      0.00000      0.00000
      2.31242      0.00000      0.00000      0.00000
      2.32242      0.00000      0.00000      0.00000
      2.33242      0.00000      0.00000      0.00000
      2.34242      0.00000      0.00000      0.00000
      2.35242      0.00000      0.00000      0.00000
      2.36242      0.00000      0.00000      0.00000
      2.37242      0.00000      0.00000      0.00000
      2.38242      0.00000      0.00000      0.00000
      2.39242      0.00000      0.00000      0.00000
      2.40242      0.00000      0.00000      0.00000
      2.41242      0.00000      0.00000      0.00000
      2.42242      0.00000      0.00000      0.00000
      2.43242      0.00000      0.00000      0.00000
      2.44242      0.00000      0.00000      0.00000
      2.45242      0.00000      0.00000      0.00000
      2.46242      0.00000      0.00000      0.00000
      2.47242      0.00000      0.00000      0.00000
      2.48242      0.00000      0.00000      0.00000
      2.49242      0.00000      0.00000      0.00000
      2.50242      0.00000      0.00000      0.00000
      2.51242      0.00000      0.00000      0.00000
      2.52242      0.00000      0.00000      0.00000
      2.53242      0.00000      0.00000      0.00000
      2.54242      0.00000      0.00000      0.00000
      2.55242      0.00000      0.00000      0.00000
      2.56242      0.00000      0.00000      0.00000
      2.57242      0.00000      0.00000      0.00000
      2.58242      0.00000      0.00000      0.00000
      2.59242      0.00000      0.00000      0.00000
      2.60242      0.00000      0.00000      0.00000
      2.61242      0.00000      0.00000      0.00000
      2.62242      0.00000      0.00000      0.00000
      2.63242      0.00000      0.00000      0.00000
      2.64242      0.00000      0.00000      0.00000
      2.65242      0.00000      0.00000      0.00000
      2.66242      0.00000      0.00000      0.00000
      2.67242      0.00000      0.00001      0.00000
      2.68242      0.00017      0.00024      0.00000
      2.69242      0.00280      0.00399      0.00000
      2.70242      0.01698      0.02421      0.00000
      2.71242      0.04014      0.05724      0.00000
      2.72242      0.05427      0.07729      0.00000
      2.73242      0.09736      0.13834      0.00000
      2.74242      0.14607      0.20733      0.00000
      2.75242      0.10633      0.15077      0.00000
      2.76242      0.06558      0.09252      0.00000
      2.77242      0.11056      0.15542      0.00000
      2.78242      0.18939      0.26619      0.00000
      2.79242      0.21262      0.29887      0.00000
      2.80242      0.13697      0.19206      0.00000
      2.81242      0.15232      0.21167      0.00000
      2.82242      0.26222      0.36374      0.00000
      2.83242      0.27364      0.37951      0.00000
      2.84242      0.22379      0.30946      0.00000
      2.85242      0.19712      0.27121      0.00000
      2.86242      0.13662      0.18758      0.00000
      2.87242      0.09037      0.12373      0.00000
      2.88242      0.10093      0.13741      0.00000
      2.89242      0.14294      0.19383      0.00000
      2.90242      0.21007      0.28498      0.00000
      2.91242      0.20207      0.27457      0.00000
      2.92242      0.13625      0.18555      0.00000
      2.93242      0.08685      0.11845      0.00000
      2.94242      0.06596      0.08982      0.00000
      2.95242      0.09701      0.13164      0.00000
      2.96242      0.13057      0.17609      0.00000
      2.97242      0.15095      0.20219      0.00000
      2.98242      0.11601      0.15483      0.00000
      2.99242      0.05084      0.06787      0.00000
      3.00242      0.03579      0.04817      0.00000
      3.01242      0.04210      0.05672      0.00000
      3.02242      0.04492      0.05998      0.00000
      3.03242      0.07305      0.09691      0.00000
      3.04242      0.06804      0.09020      0.00000
      3.05242      0.02920      0.03878      0.00000
      3.06242      0.04277      0.05723      0.00000
      3.07242      0.12442      0.16667      0.00000
      3.08242      0.17614      0.23606      0.00000
      3.09242      0.16046      0.21497      0.00000
      3.10242      0.16512      0.22060      0.00000
      3.11242      0.18406      0.24513      0.00000
      3.12242      0.13335      0.17691      0.00000
      3.13242      0.06308      0.08312      0.00000
      3.14242      0.02516      0.03305      0.00000
      3.15242      0.02675      0.03536      0.00000
      3.16242      0.04156      0.05497      0.00000
      3.17242      0.04420      0.05817      0.00000
      3.18242      0.07050      0.09224      0.00000
      3.19242      0.08888      0.11633      0.00000
      3.20242      0.08742      0.11483      0.00000
      3.21242      0.08118      0.10687      0.00000
      3.22242      0.04110      0.05413      0.00000
      3.23242      0.03615      0.04759      0.00000
      3.24242      0.12693      0.16707      0.00000
      3.25242      0.25717      0.33843      0.00000
      3.26242      0.24624      0.32399      0.00000
      3.27242      0.11744      0.15448      0.00000
      3.28242      0.07383      0.09702      0.00000
      3.29242      0.08051      0.10572      0.00000
      3.30242      0.05748      0.07526      0.00000
      3.31242      0.05908      0.07691      0.00000
      3.32242      0.10455      0.13573      0.00000
      3.33242      0.16849      0.21840      0.00000
      3.34242      0.18992      0.24605      0.00000
      3.35242      0.24052      0.31187      0.00000
      3.36242      0.25446      0.33040      0.00000
      3.37242      0.17035      0.22163      0.00000
      3.38242      0.11394      0.14808      0.00000
      3.39242      0.15082      0.19481      0.00000
      3.40242      0.23219      0.29869      0.00000
      3.41242      0.22733      0.29199      0.00000
      3.42242      0.11175      0.14347      0.00000
      3.43242      0.07451      0.09565      0.00000
      3.44242      0.14259      0.18301      0.00000
      3.45242      0.13495      0.17319      0.00000
      3.46242      0.06476      0.08306      0.00000
      3.47242      0.09857      0.12632      0.00000
      3.48242      0.22977      0.29452      0.00000
      3.49242      0.32660      0.41853      0.00000
      3.50242      0.31691      0.40590      0.00000
      3.51242      0.22725      0.29036      0.00000
      3.52242      0.14998      0.19063      0.00000
      3.53242      0.13230      0.16776      0.00000
      3.54242      0.13112      0.16646      0.00000
      3.55242      0.09337      0.11872      0.00000
      3.56242      0.04272      0.05448      0.00000
      3.57242      0.07276      0.09337      0.00000
      3.58242      0.21842      0.28002      0.00000
      3.59242      0.33660      0.43046      0.00000
      3.60242      0.29066      0.37044      0.00000
      3.61242      0.16892      0.21459      0.00000
      3.62242      0.06655      0.08441      0.00000
      3.63242      0.02787      0.03541      0.00000
      3.64242      0.05608      0.07136      0.00000
      3.65242      0.08438      0.10708      0.00007
      3.66242      0.09746      0.12076      0.00083
      3.67242      0.21088      0.25339      0.00402
      3.68242      0.40367      0.47846      0.00966
      3.69242      0.55800      0.65855      0.01412
      3.70242      0.56532      0.65836      0.01680
      3.71242      0.40712      0.45364      0.01809
      3.72242      0.30636      0.33044      0.01694
      3.73242      0.32481      0.35169      0.01779
      3.74242      0.31047      0.33562      0.01729
      3.75242      0.33639      0.37631      0.01496
      3.76242      0.35057      0.40159      0.01287
      3.77242      0.36283      0.40243      0.01763
      3.78242      0.44653      0.47988      0.02662
      3.79242      0.45983      0.49083      0.02852
      3.80242      0.33202      0.35133      0.02161
      3.81242      0.19023      0.19070      0.01577
      3.82242      0.19054      0.18914      0.01645
      3.83242      0.28170      0.28751      0.02199
      3.84242      0.31701      0.33236      0.02222
      3.85242      0.30137      0.32710      0.01778
      3.86242      0.29413      0.32636      0.01504
      3.87242      0.36282      0.41511      0.01419
      3.88242      0.46146      0.51779      0.02143
      3.89242      0.50082      0.52345      0.03622
      3.90242      0.41726      0.40578      0.04040
      3.91242      0.26215      0.23926      0.03076
      3.92242      0.18811      0.16826      0.02351
      3.93242      0.22501      0.21396      0.02431
      3.94242      0.28777      0.28875      0.02626
      3.95242      0.29739      0.31237      0.02232
      3.96242      0.38562      0.41561      0.02487
      3.97242      0.50875      0.55193      0.03115
      3.98242      0.48416      0.51756      0.03242
      3.99242      0.32498      0.33303      0.02709
      4.00242      0.27809      0.28585      0.02321
      4.01242      0.29802      0.31432      0.02220
      4.02242      0.19974      0.20847      0.01582
      4.03242      0.16778      0.16897      0.01582
      4.04242      0.30904      0.32011      0.02588
      4.05242      0.54764      0.55538      0.04965
      4.06242      0.68005      0.65652      0.07359
      4.07242      0.54584      0.49972      0.06964
      4.08242      0.36742      0.31907      0.05409
      4.09242      0.26692      0.23630      0.03812
      4.10242      0.30422      0.31393      0.02702
      4.11242      0.41678      0.47389      0.02064
      4.12242      0.39170      0.44575      0.01936
      4.13242      0.32212      0.33945      0.02610
      4.14242      0.42879      0.40621      0.05188
      4.15242      0.55918      0.50917      0.07536
      4.16242      0.42148      0.37589      0.06032
      4.17242      0.21008      0.18722      0.03088
      4.18242      0.15258      0.15457      0.01594
      4.19242      0.19788      0.21069      0.01702
      4.20242      0.25246      0.25865      0.02566
      4.21242      0.43631      0.40278      0.06128
      4.22242      0.65888      0.58683      0.10049
      4.23242      0.68986      0.63012      0.09803
      4.24242      0.68146      0.65562      0.08181
      4.25242      0.75668      0.72882      0.08971
      4.26242      0.79183      0.74305      0.10260
      4.27242      0.66050      0.64164      0.07834
      4.28242      0.55842      0.56099      0.06152
      4.29242      0.57416      0.53384      0.08387
      4.30242      0.55449      0.47721      0.09835
      4.31242      0.58161      0.47602      0.11478
      4.32242      0.78724      0.62072      0.17029
      4.33242      1.20950      0.95644      0.26586
      4.34242      1.44453      1.18361      0.30024
      4.35242      1.36024      1.15016      0.26608
      4.36242      1.29102      1.10642      0.24427
      4.37242      1.15927      1.02634      0.20124
      4.38242      0.99683      0.90053      0.16289
      4.39242      0.89980      0.79677      0.15676
      4.40242      0.73328      0.62823      0.13876
      4.41242      0.69780      0.55737      0.15211
      4.42242      0.79443      0.62352      0.17930
      4.43242      0.68267      0.57080      0.13629
      4.44242      0.59855      0.53799      0.10024
      4.45242      0.65799      0.58006      0.11602
      4.46242      0.69306      0.60067      0.12779
      4.47242      0.64186      0.58578      0.10391
      4.48242      0.74177      0.70270      0.10672
      4.49242      0.98696      0.89598      0.16091
      4.50242      1.18074      1.04549      0.20720
      4.51242      1.02864      0.94580      0.16447
      4.52242      0.67176      0.66308      0.08640
      4.53242      0.45513      0.46355      0.05305
      4.54242      0.47767      0.44736      0.07443
      4.55242      0.63739      0.57320      0.11172
      4.56242      0.54970      0.50091      0.09463
      4.57242      0.32409      0.29473      0.05568
      4.58242      0.31320      0.26012      0.06281
      4.59242      0.53680      0.44356      0.10893
      4.60242      0.85575      0.73970      0.16274
      4.61242      0.93277      0.82236      0.17169
      4.62242      0.63828      0.57494      0.11031
      4.63242      0.45999      0.44861      0.06270
      4.64242      0.48121      0.47582      0.06302
      4.65242      0.40864      0.38410      0.06292
      4.66242      0.34754      0.29209      0.07059
      4.67242      0.49064      0.41037      0.10161
      4.68242      0.67676      0.63487      0.10648
      4.69242      0.70500      0.72176      0.08178
      4.70242      0.55718      0.57658      0.06199
      4.71242      0.42920      0.41805      0.06005
      4.72242      0.47329      0.42338      0.08470
      4.73242      0.74903      0.65063      0.14517
      4.74242      0.88684      0.78711      0.16536
      4.75242      0.69656      0.65031      0.11354
      4.76242      0.54341      0.51998      0.07977
      4.77242      0.52570      0.50210      0.07638
      4.78242      0.53116      0.49106      0.08472
      4.79242      0.48432      0.45216      0.07654
      4.80242      0.48426      0.47179      0.06983
      4.81242      0.58879      0.57405      0.08626
      4.82242      0.57766      0.57290      0.07951
      4.83242      0.49819      0.50036      0.06445
      4.84242      0.40065      0.40840      0.04973
      4.85242      0.29447      0.30270      0.03694
      4.86242      0.36337      0.35758      0.05359
      4.87242      0.58646      0.51634      0.11310
      4.88242      0.82941      0.68282      0.18209
      4.89242      0.74110      0.62658      0.15668
      4.90242      0.43881      0.42250      0.06891
      4.91242      0.42612      0.45485      0.04327
      4.92242      0.55732      0.58329      0.06022
      4.93242      0.56468      0.59273      0.06035
      4.94242      0.49617      0.53980      0.04502
      4.95242      0.49605      0.52520      0.05399
      4.96242      0.63426      0.64451      0.08497
      4.97242      0.63029      0.62636      0.09173
      4.98242      0.45320      0.42704      0.07476
      4.99242      0.44265      0.40382      0.07710
      5.00242      0.45576      0.44596      0.06625
      5.01242      0.42935      0.44614      0.05107
      5.02242      0.40241      0.39786      0.05694
      5.03242      0.43080      0.39507      0.07603
      5.04242      0.66566      0.59368      0.12815
      5.05242      0.90952      0.83145      0.16734
      5.06242      0.78334      0.73373      0.13421
      5.07242      0.55044      0.50895      0.09369
      5.08242      0.40714      0.37378      0.06901
      5.09242      0.32430      0.32203      0.04561
      5.10242      0.36395      0.36909      0.04953
      5.11242      0.33653      0.32415      0.05406
      5.12242      0.26904      0.25780      0.04494
      5.13242      0.32565      0.29092      0.06474
      5.14242      0.43275      0.37459      0.09075
      5.15242      0.44407      0.40782      0.08036
      5.16242      0.48896      0.50657      0.05992
      5.17242      0.53338      0.60737      0.03919
      5.18242      0.48908      0.57476      0.02773
      5.19242      0.49519      0.55152      0.04335
      5.20242      0.60797      0.61325      0.08343
      5.21242      0.73802      0.69537      0.12513
      5.22242      0.82598      0.75034      0.15592
      5.23242      0.78307      0.69755      0.15626
      5.24242      0.52279      0.49344      0.09184
      5.25242      0.36478      0.39563      0.04009
      5.26242      0.36889      0.41901      0.03147
      5.27242      0.40402      0.43859      0.04285
      5.28242      0.36257      0.37733      0.04511
      5.29242      0.31504      0.32836      0.03894
      5.30242      0.33998      0.35310      0.04348
      5.31242      0.41522      0.40343      0.06666
      5.32242      0.59807      0.56887      0.10203
      5.33242      0.61483      0.58304      0.10549
      5.34242      0.47553      0.44234      0.08469
      5.35242      0.37804      0.34794      0.06870
      5.36242      0.29291      0.27496      0.05108
      5.37242      0.26554      0.23132      0.05419
      5.38242      0.31630      0.26438      0.06914
      5.39242      0.45896      0.41358      0.08710
      5.40242      0.60048      0.56616      0.10336
      5.41242      0.75079      0.71773      0.12629
      5.42242      0.92680      0.90816      0.14675
      5.43242      0.93535      1.00113      0.10836
      5.44242      0.75435      0.90535      0.04274
      5.45242      0.58782      0.72369      0.02646
      5.46242      0.48665      0.55420      0.04286
      5.47242      0.34642      0.36743      0.04303
      5.48242      0.28613      0.30272      0.03639
      5.49242      0.28345      0.28469      0.04256
      5.50242      0.30181      0.25195      0.06826
      5.51242      0.34127      0.25481      0.09169
      5.52242      0.34884      0.27148      0.08951
      5.53242      0.32326      0.28199      0.06877
      5.54242      0.30622      0.28376      0.05641
      5.55242      0.31598      0.31635      0.04713
      5.56242      0.38643      0.39720      0.05328
      5.57242      0.45548      0.46147      0.06595
      5.58242      0.52748      0.53652      0.07512
      5.59242      0.56453      0.57209      0.08149
      5.60242      0.55934      0.54887      0.08965
      5.61242      0.59918      0.54783      0.11581
      5.62242      0.57873      0.51484      0.11978
      5.63242      0.43836      0.42134      0.07597
      5.64242      0.46265      0.50015      0.05307
      5.65242      0.53926      0.57911      0.06345
      5.66242      0.44507      0.48650      0.04868
      5.67242      0.44689      0.52631      0.03120
      5.68242      0.49062      0.57411      0.03574
      5.69242      0.51740      0.53920      0.06810
      5.70242      0.60962      0.57870      0.10550
      5.71242      0.75646      0.74210      0.11867
      5.72242      0.89370      0.90951      0.12534
      5.73242      0.69918      0.72027      0.09509
      5.74242      0.35263      0.36593      0.04718
      5.75242      0.18687      0.20332      0.02047
      5.76242      0.26561      0.30022      0.02377
      5.77242      0.37816      0.41724      0.03894
      5.78242      0.40852      0.41305      0.06006
      5.79242      0.39469      0.36883      0.07253
      5.80242      0.37606      0.35852      0.06618
      5.81242      0.44291      0.41602      0.08182
      5.82242      0.54364      0.46538      0.12312
      5.83242      0.61985      0.54432      0.13341
      5.84242      0.65642      0.65227      0.10242
      5.85242      0.66868      0.74046      0.06603
      5.86242      0.56654      0.67551      0.03242
      5.87242      0.43796      0.51566      0.02798
      5.88242      0.46186      0.48385      0.05787
      5.89242      0.47811      0.47319      0.07325
      5.90242      0.39091      0.39499      0.05712
      5.91242      0.32444      0.34000      0.04215
      5.92242      0.34974      0.35757      0.04916
      5.93242      0.46848      0.44891      0.08091
      5.94242      0.49758      0.47219      0.08836
      5.95242      0.35033      0.36271      0.04634
      5.96242      0.31372      0.32677      0.04002
      5.97242      0.39845      0.35119      0.08283
      5.98242      0.40444      0.35288      0.08634
      5.99242      0.39045      0.39856      0.05540
      6.00242      0.57742      0.64699      0.05176
      6.01242      0.86932      0.99719      0.06468
      6.02242      0.96314      1.08953      0.08049
      6.03242      0.91315      0.94805      0.12032
      6.04242      0.81481      0.74275      0.15982
      6.05242      0.67319      0.59290      0.14149
      6.06242      0.53116      0.51715      0.08538
      6.07242      0.38858      0.41483      0.04312
      6.08242      0.33197      0.36261      0.03167
      6.09242      0.37373      0.40814      0.03479
      6.10242      0.45554      0.48155      0.05208
      6.11242      0.43567      0.44154      0.06258
      6.12242      0.28663      0.29026      0.04259
      6.13242      0.20850      0.19690      0.03776
      6.14242      0.40282      0.38458      0.06739
      6.15242      0.68992      0.70856      0.08584
      6.16242      0.77785      0.83739      0.07635
      6.17242      0.65809      0.71616      0.06315
      6.18242      0.50082      0.55104      0.04613
      6.19242      0.38613      0.44156      0.02809
      6.20242      0.39100      0.42243      0.04025
      6.21242      0.49132      0.48761      0.06813
      6.22242      0.62686      0.60505      0.09627
      6.23242      0.66571      0.63186      0.11267
      6.24242      0.58209      0.53285      0.11090
      6.25242      0.56203      0.49607      0.11677
      6.26242      0.55686      0.50126      0.10743
      6.27242      0.51655      0.50627      0.06863
      6.28242      0.46947      0.50589      0.03272
      6.29242      0.45645      0.50527      0.03018
      6.30242      0.57059      0.62042      0.05520
      6.31242      0.67350      0.75083      0.05874
      6.32242      0.61860      0.71127      0.03472
      6.33242      0.48549      0.54052      0.02912
      6.34242      0.47387      0.47773      0.05932
      6.35242      0.55662      0.54408      0.08629
      6.36242      0.67583      0.65840      0.10541
      6.37242      0.72446      0.67210      0.12235
      6.38242      0.67881      0.61136      0.11228
      6.39242      0.64998      0.60682      0.09175
      6.40242      0.57706      0.59439      0.05892
      6.41242      0.49740      0.55275      0.03493
      6.42242      0.36967      0.39694      0.03112
      6.43242      0.29466      0.28588      0.03556
      6.44242      0.42960      0.40954      0.05850
      6.45242      0.59928      0.58755      0.07976
      6.46242      0.63172      0.59652      0.10074
      6.47242      0.68519      0.60693      0.12712
      6.48242      0.74870      0.68835      0.11668
      6.49242      0.65384      0.66831      0.06226
      6.50242      0.58993      0.62810      0.04472
      6.51242      0.55931      0.57515      0.05420
      6.52242      0.51260      0.52015      0.04732
      6.53242      0.47091      0.46564      0.04876
      6.54242      0.39609      0.38710      0.04585
      6.55242      0.44181      0.43975      0.05207
      6.56242      0.66135      0.65414      0.08864
      6.57242      0.69285      0.67044      0.09242
      6.58242      0.56307      0.53323      0.06952
      6.59242      0.55108      0.53232      0.06677
      6.60242      0.58170      0.58713      0.06342
      6.61242      0.65681      0.70135      0.05181
      6.62242      0.83957      0.93772      0.04359
      6.63242      0.85676      0.92867      0.05881
      6.64242      0.67495      0.63804      0.09070
      6.65242      0.55280      0.45853      0.10410
      6.66242      0.47413      0.40120      0.08399
      6.67242      0.51080      0.48504      0.06875
      6.68242      0.71890      0.69297      0.09320
      6.69242      0.77510      0.69300      0.12634
      6.70242      0.62040      0.51422      0.12804
      6.71242      0.62356      0.53956      0.11915
      6.72242      0.81603      0.75750      0.11820
      6.73242      0.90867      0.86231      0.10933
      6.74242      0.78532      0.75329      0.08277
      6.75242      0.70115      0.67044      0.07105
      6.76242      0.68605      0.63856      0.08697
      6.77242      0.65622      0.59443      0.10306
      6.78242      0.63591      0.57936      0.09830
      6.79242      0.65624      0.60761      0.09296
      6.80242      0.74073      0.66580      0.11555
      6.81242      0.85291      0.75384      0.13584
      6.82242      0.84622      0.78340      0.11180
      6.83242      0.83592      0.77788      0.10945
      6.84242      0.91502      0.81321      0.14576
      6.85242      0.81151      0.71373      0.12906
      6.86242      0.70113      0.63319      0.09345
      6.87242      0.71850      0.66683      0.09048
      6.88242      0.69531      0.65280      0.09778
      6.89242      0.81490      0.73946      0.13698
      6.90242      1.02043      0.89350      0.18460
      6.91242      1.12986      0.99368      0.20397
      6.92242      0.97234      0.87930      0.16527
      6.93242      0.66724      0.63601      0.08753
      6.94242      0.53650      0.53421      0.05312
      6.95242      0.52412      0.52832      0.05757
      6.96242      0.57954      0.58922      0.06866
      6.97242      0.63288      0.61188      0.08485
      6.98242      0.57042      0.51504      0.08395
      6.99242      0.50505      0.44790      0.07600
      7.00242      0.48199      0.42913      0.07568
      7.01242      0.53571      0.47452      0.08980
      7.02242      0.69702      0.61657      0.12063
      7.03242      0.71075      0.62110      0.12689
      7.04242      0.59714      0.49890      0.11924
      7.05242      0.70661      0.59610      0.13640
      7.06242      0.85853      0.77539      0.13578
      7.07242      0.84342      0.78655      0.12138
      7.08242      0.68100      0.64272      0.09822
      7.09242      0.43198      0.41578      0.05998
      7.10242      0.35491      0.31939      0.05905
      7.11242      0.46148      0.40112      0.08646
      7.12242      0.58052      0.51256      0.10782
      7.13242      0.68856      0.59789      0.13412
      7.14242      0.66579      0.55560      0.14188
      7.15242      0.44412      0.37004      0.09023
      7.16242      0.36681      0.34299      0.04895
      7.17242      0.55932      0.53769      0.06677
      7.18242      0.56590      0.52623      0.07893
      7.19242      0.38785      0.35094      0.06307
      7.20242      0.38780      0.34181      0.07110
      7.21242      0.42409      0.37369      0.07367
      7.22242      0.49732      0.44890      0.07993
      7.23242      0.68064      0.60872      0.11884
      7.24242      0.76602      0.69850      0.12578
      7.25242      0.66967      0.64046      0.08705
      7.26242      0.70314      0.69444      0.07340
      7.27242      0.79294      0.80815      0.07217
      7.28242      0.77786      0.79396      0.07282
      7.29242      0.82369      0.81118      0.09546
      7.30242      0.78982      0.75258      0.10891
      7.31242      0.74073      0.69317      0.11382
      7.32242      0.70421      0.65253      0.11421
      7.33242      0.66323      0.59305      0.11085
      7.34242      0.71263      0.62505      0.11591
      7.35242      0.74311      0.64908      0.12279
      7.36242      0.64031      0.57022      0.09780
      7.37242      0.59906      0.55219      0.07919
      7.38242      0.69787      0.63730      0.10361
      7.39242      0.71927      0.67987      0.10038
      7.40242      0.75612      0.72550      0.09526
      7.41242      0.77822      0.70754      0.11211
      7.42242      0.70548      0.61205      0.12012
      7.43242      0.70051      0.62481      0.11797
      7.44242      0.76790      0.74788      0.09899
      7.45242      0.81364      0.81109      0.09229
      7.46242      0.80233      0.78713      0.08600
      7.47242      0.80486      0.80700      0.06598
      7.48242      0.61482      0.63226      0.03606
      7.49242      0.42848      0.41837      0.03831
      7.50242      0.52358      0.46304      0.08839
      7.51242      0.66561      0.58958      0.11541
      7.52242      0.60887      0.54882      0.09223
      7.53242      0.59376      0.53221      0.08156
      7.54242      0.69512      0.61529      0.10797
      7.55242      0.90124      0.79245      0.16161
      7.56242      1.02966      0.89556      0.19111
      7.57242      0.89295      0.77738      0.15739
      7.58242      0.75111      0.67554      0.11675
      7.59242      0.71670      0.67212      0.09663
      7.60242      0.68210      0.66225      0.07630
      7.61242      0.63677      0.61619      0.07148
      7.62242      0.56001      0.53309      0.06793
      7.63242      0.49336      0.47129      0.05749
      7.64242      0.64505      0.65145      0.05992
      7.65242      0.90641      0.93140      0.07893
      7.66242      0.92106      0.92316      0.09200
      7.67242      0.80854      0.77402      0.09918
      7.68242      0.63569      0.58183      0.09132
      7.69242      0.52531      0.45627      0.09450
      7.70242      0.57708      0.50149      0.11011
