cpu-bind=MASK - n2cn0245, task  0  0 [298297]: mask |BBBBBBBB|BBBBBBBB||BBBBBBBB|BBBBBBBB||BBBBBBBB|BBBBBBBB||BBBBBBBB|BBBBBBBB||||BBBBBBBB|BBBBBBBB||BBBBBBBB|BBBBBBBB||BBBBBBBB|BBBBBBBB||BBBBBBBB|BBBBBBBB|  set
The following modules were not unloaded:
  (Use "module --force purge" to unload all):

  1) pc2fs   2) slurm/24.11.5-1   3) DefaultModules
cpu-bind=MASK - n2cn0542, task 32  0 [290827]: mask |BBBBBBBB|--------||--------|--------||--------|--------||--------|--------||||--------|--------||--------|--------||--------|--------||--------|--------|  set
cpu-bind=MASK - n2cn0542, task 33  1 [290828]: mask |--------|BBBBBBBB||--------|--------||--------|--------||--------|--------||||--------|--------||--------|--------||--------|--------||--------|--------|  set
cpu-bind=MASK - n2cn0542, task 34  2 [290829]: mask |--------|--------||BBBBBBBB|--------||--------|--------||--------|--------||||--------|--------||--------|--------||--------|--------||--------|--------|  set
cpu-bind=MASK - n2cn0542, task 35  3 [290830]: mask |--------|--------||--------|BBBBBBBB||--------|--------||--------|--------||||--------|--------||--------|--------||--------|--------||--------|--------|  set
cpu-bind=MASK - n2cn0542, task 36  4 [290831]: mask |--------|--------||--------|--------||BBBBBBBB|--------||--------|--------||||--------|--------||--------|--------||--------|--------||--------|--------|  set
cpu-bind=MASK - n2cn0542, task 37  5 [290832]: mask |--------|--------||--------|--------||--------|BBBBBBBB||--------|--------||||--------|--------||--------|--------||--------|--------||--------|--------|  set
cpu-bind=MASK - n2cn0542, task 38  6 [290833]: mask |--------|--------||--------|--------||--------|--------||BBBBBBBB|--------||||--------|--------||--------|--------||--------|--------||--------|--------|  set
cpu-bind=MASK - n2cn0542, task 39  7 [290834]: mask |--------|--------||--------|--------||--------|--------||--------|BBBBBBBB||||--------|--------||--------|--------||--------|--------||--------|--------|  set
cpu-bind=MASK - n2cn0542, task 40  8 [290835]: mask |--------|--------||--------|--------||--------|--------||--------|--------||||BBBBBBBB|--------||--------|--------||--------|--------||--------|--------|  set
cpu-bind=MASK - n2cn0556, task 48  0 [3408113]: mask |BBBBBBBB|--------||--------|--------||--------|--------||--------|--------||||--------|--------||--------|--------||--------|--------||--------|--------|  set
cpu-bind=MASK - n2cn0542, task 41  9 [290836]: mask |--------|--------||--------|--------||--------|--------||--------|--------||||--------|BBBBBBBB||--------|--------||--------|--------||--------|--------|  set
cpu-bind=MASK - n2cn0556, task 49  1 [3408114]: mask |--------|BBBBBBBB||--------|--------||--------|--------||--------|--------||||--------|--------||--------|--------||--------|--------||--------|--------|  set
cpu-bind=MASK - n2cn0542, task 42 10 [290837]: mask |--------|--------||--------|--------||--------|--------||--------|--------||||--------|--------||BBBBBBBB|--------||--------|--------||--------|--------|  set
cpu-bind=MASK - n2cn0556, task 50  2 [3408115]: mask |--------|--------||BBBBBBBB|--------||--------|--------||--------|--------||||--------|--------||--------|--------||--------|--------||--------|--------|  set
cpu-bind=MASK - n2cn0542, task 43 11 [290838]: mask |--------|--------||--------|--------||--------|--------||--------|--------||||--------|--------||--------|BBBBBBBB||--------|--------||--------|--------|  set
cpu-bind=MASK - n2cn0556, task 51  3 [3408116]: mask |--------|--------||--------|BBBBBBBB||--------|--------||--------|--------||||--------|--------||--------|--------||--------|--------||--------|--------|  set
cpu-bind=MASK - n2cn0820, task 80  0 [679298]: mask |BBBBBBBB|--------||--------|--------||--------|--------||--------|--------||||--------|--------||--------|--------||--------|--------||--------|--------|  set
cpu-bind=MASK - n2cn0542, task 44 12 [290839]: mask |--------|--------||--------|--------||--------|--------||--------|--------||||--------|--------||--------|--------||BBBBBBBB|--------||--------|--------|  set
cpu-bind=MASK - n2cn0556, task 52  4 [3408117]: mask |--------|--------||--------|--------||BBBBBBBB|--------||--------|--------||||--------|--------||--------|--------||--------|--------||--------|--------|  set
cpu-bind=MASK - n2cn0820, task 81  1 [679299]: mask |--------|BBBBBBBB||--------|--------||--------|--------||--------|--------||||--------|--------||--------|--------||--------|--------||--------|--------|  set
cpu-bind=MASK - n2cn0542, task 45 13 [290840]: mask |--------|--------||--------|--------||--------|--------||--------|--------||||--------|--------||--------|--------||--------|BBBBBBBB||--------|--------|  set
cpu-bind=MASK - n2cn0556, task 53  5 [3408118]: mask |--------|--------||--------|--------||--------|BBBBBBBB||--------|--------||||--------|--------||--------|--------||--------|--------||--------|--------|  set
cpu-bind=MASK - n2cn0542, task 46 14 [290841]: mask |--------|--------||--------|--------||--------|--------||--------|--------||||--------|--------||--------|--------||--------|--------||BBBBBBBB|--------|  set
cpu-bind=MASK - n2cn0820, task 82  2 [679300]: mask |--------|--------||BBBBBBBB|--------||--------|--------||--------|--------||||--------|--------||--------|--------||--------|--------||--------|--------|  set
cpu-bind=MASK - n2cn0556, task 54  6 [3408119]: mask |--------|--------||--------|--------||--------|--------||BBBBBBBB|--------||||--------|--------||--------|--------||--------|--------||--------|--------|  set
cpu-bind=MASK - n2cn0820, task 83  3 [679301]: mask |--------|--------||--------|BBBBBBBB||--------|--------||--------|--------||||--------|--------||--------|--------||--------|--------||--------|--------|  set
cpu-bind=MASK - n2cn0556, task 55  7 [3408120]: mask |--------|--------||--------|--------||--------|--------||--------|BBBBBBBB||||--------|--------||--------|--------||--------|--------||--------|--------|  set
cpu-bind=MASK - n2cn0820, task 84  4 [679302]: mask |--------|--------||--------|--------||BBBBBBBB|--------||--------|--------||||--------|--------||--------|--------||--------|--------||--------|--------|  set
cpu-bind=MASK - n2cn0556, task 56  8 [3408121]: mask |--------|--------||--------|--------||--------|--------||--------|--------||||BBBBBBBB|--------||--------|--------||--------|--------||--------|--------|  set
cpu-bind=MASK - n2cn0820, task 85  5 [679303]: mask |--------|--------||--------|--------||--------|BBBBBBBB||--------|--------||||--------|--------||--------|--------||--------|--------||--------|--------|  set
cpu-bind=MASK - n2cn0556, task 57  9 [3408122]: mask |--------|--------||--------|--------||--------|--------||--------|--------||||--------|BBBBBBBB||--------|--------||--------|--------||--------|--------|  set
cpu-bind=MASK - n2cn0820, task 86  6 [679304]: mask |--------|--------||--------|--------||--------|--------||BBBBBBBB|--------||||--------|--------||--------|--------||--------|--------||--------|--------|  set
cpu-bind=MASK - n2cn0556, task 58 10 [3408123]: mask |--------|--------||--------|--------||--------|--------||--------|--------||||--------|--------||BBBBBBBB|--------||--------|--------||--------|--------|  set
cpu-bind=MASK - n2cn0574, task 64  0 [3779156]: mask |BBBBBBBB|--------||--------|--------||--------|--------||--------|--------||||--------|--------||--------|--------||--------|--------||--------|--------|  set
cpu-bind=MASK - n2cn0820, task 87  7 [679305]: mask |--------|--------||--------|--------||--------|--------||--------|BBBBBBBB||||--------|--------||--------|--------||--------|--------||--------|--------|  set
cpu-bind=MASK - n2cn0574, task 65  1 [3779157]: mask |--------|BBBBBBBB||--------|--------||--------|--------||--------|--------||||--------|--------||--------|--------||--------|--------||--------|--------|  set
cpu-bind=MASK - n2cn0556, task 59 11 [3408124]: mask |--------|--------||--------|--------||--------|--------||--------|--------||||--------|--------||--------|BBBBBBBB||--------|--------||--------|--------|  set
cpu-bind=MASK - n2cn0820, task 88  8 [679306]: mask |--------|--------||--------|--------||--------|--------||--------|--------||||BBBBBBBB|--------||--------|--------||--------|--------||--------|--------|  set
cpu-bind=MASK - n2cn0574, task 66  2 [3779158]: mask |--------|--------||BBBBBBBB|--------||--------|--------||--------|--------||||--------|--------||--------|--------||--------|--------||--------|--------|  set
cpu-bind=MASK - n2cn0556, task 60 12 [3408125]: mask |--------|--------||--------|--------||--------|--------||--------|--------||||--------|--------||--------|--------||BBBBBBBB|--------||--------|--------|  set
cpu-bind=MASK - n2cn0820, task 89  9 [679307]: mask |--------|--------||--------|--------||--------|--------||--------|--------||||--------|BBBBBBBB||--------|--------||--------|--------||--------|--------|  set
cpu-bind=MASK - n2cn0574, task 67  3 [3779159]: mask |--------|--------||--------|BBBBBBBB||--------|--------||--------|--------||||--------|--------||--------|--------||--------|--------||--------|--------|  set
cpu-bind=MASK - n2cn0556, task 61 13 [3408126]: mask |--------|--------||--------|--------||--------|--------||--------|--------||||--------|--------||--------|--------||--------|BBBBBBBB||--------|--------|  set
cpu-bind=MASK - n2cn0542, task 47 15 [290842]: mask |--------|--------||--------|--------||--------|--------||--------|--------||||--------|--------||--------|--------||--------|--------||--------|BBBBBBBB|  set
cpu-bind=MASK - n2cn0574, task 68  4 [3779160]: mask |--------|--------||--------|--------||BBBBBBBB|--------||--------|--------||||--------|--------||--------|--------||--------|--------||--------|--------|  set
cpu-bind=MASK - n2cn0820, task 90 10 [679308]: mask |--------|--------||--------|--------||--------|--------||--------|--------||||--------|--------||BBBBBBBB|--------||--------|--------||--------|--------|  set
cpu-bind=MASK - n2cn0556, task 62 14 [3408127]: mask |--------|--------||--------|--------||--------|--------||--------|--------||||--------|--------||--------|--------||--------|--------||BBBBBBBB|--------|  set
cpu-bind=MASK - n2cn0574, task 69  5 [3779161]: mask |--------|--------||--------|--------||--------|BBBBBBBB||--------|--------||||--------|--------||--------|--------||--------|--------||--------|--------|  set
cpu-bind=MASK - n2cn0820, task 91 11 [679309]: mask |--------|--------||--------|--------||--------|--------||--------|--------||||--------|--------||--------|BBBBBBBB||--------|--------||--------|--------|  set
cpu-bind=MASK - n2cn0574, task 70  6 [3779162]: mask |--------|--------||--------|--------||--------|--------||BBBBBBBB|--------||||--------|--------||--------|--------||--------|--------||--------|--------|  set
cpu-bind=MASK - n2cn0820, task 92 12 [679310]: mask |--------|--------||--------|--------||--------|--------||--------|--------||||--------|--------||--------|--------||BBBBBBBB|--------||--------|--------|  set
cpu-bind=MASK - n2cn0574, task 71  7 [3779163]: mask |--------|--------||--------|--------||--------|--------||--------|BBBBBBBB||||--------|--------||--------|--------||--------|--------||--------|--------|  set
cpu-bind=MASK - n2cn0820, task 93 13 [679311]: mask |--------|--------||--------|--------||--------|--------||--------|--------||||--------|--------||--------|--------||--------|BBBBBBBB||--------|--------|  set
cpu-bind=MASK - n2cn0574, task 72  8 [3779164]: mask |--------|--------||--------|--------||--------|--------||--------|--------||||BBBBBBBB|--------||--------|--------||--------|--------||--------|--------|  set
cpu-bind=MASK - n2cn0820, task 94 14 [679312]: mask |--------|--------||--------|--------||--------|--------||--------|--------||||--------|--------||--------|--------||--------|--------||BBBBBBBB|--------|  set
cpu-bind=MASK - n2cn0574, task 73  9 [3779165]: mask |--------|--------||--------|--------||--------|--------||--------|--------||||--------|BBBBBBBB||--------|--------||--------|--------||--------|--------|  set
cpu-bind=MASK - n2cn0574, task 74 10 [3779166]: mask |--------|--------||--------|--------||--------|--------||--------|--------||||--------|--------||BBBBBBBB|--------||--------|--------||--------|--------|  set
cpu-bind=MASK - n2cn0574, task 75 11 [3779167]: mask |--------|--------||--------|--------||--------|--------||--------|--------||||--------|--------||--------|BBBBBBBB||--------|--------||--------|--------|  set
cpu-bind=MASK - n2cn0574, task 76 12 [3779168]: mask |--------|--------||--------|--------||--------|--------||--------|--------||||--------|--------||--------|--------||BBBBBBBB|--------||--------|--------|  set
cpu-bind=MASK - n2cn0556, task 63 15 [3408128]: mask |--------|--------||--------|--------||--------|--------||--------|--------||||--------|--------||--------|--------||--------|--------||--------|BBBBBBBB|  set
cpu-bind=MASK - n2cn0574, task 77 13 [3779169]: mask |--------|--------||--------|--------||--------|--------||--------|--------||||--------|--------||--------|--------||--------|BBBBBBBB||--------|--------|  set
cpu-bind=MASK - n2cn0574, task 78 14 [3779170]: mask |--------|--------||--------|--------||--------|--------||--------|--------||||--------|--------||--------|--------||--------|--------||BBBBBBBB|--------|  set
cpu-bind=MASK - n2cn0820, task 95 15 [679313]: mask |--------|--------||--------|--------||--------|--------||--------|--------||||--------|--------||--------|--------||--------|--------||--------|BBBBBBBB|  set
cpu-bind=MASK - n2cn0574, task 79 15 [3779171]: mask |--------|--------||--------|--------||--------|--------||--------|--------||||--------|--------||--------|--------||--------|--------||--------|BBBBBBBB|  set
cpu-bind=MASK - n2cn0245, task  0  0 [298771]: mask |BBBBBBBB|--------||--------|--------||--------|--------||--------|--------||||--------|--------||--------|--------||--------|--------||--------|--------|  set
cpu-bind=MASK - n2cn0245, task  1  1 [298772]: mask |--------|BBBBBBBB||--------|--------||--------|--------||--------|--------||||--------|--------||--------|--------||--------|--------||--------|--------|  set
cpu-bind=MASK - n2cn0245, task  2  2 [298773]: mask |--------|--------||BBBBBBBB|--------||--------|--------||--------|--------||||--------|--------||--------|--------||--------|--------||--------|--------|  set
cpu-bind=MASK - n2cn0245, task  3  3 [298774]: mask |--------|--------||--------|BBBBBBBB||--------|--------||--------|--------||||--------|--------||--------|--------||--------|--------||--------|--------|  set
cpu-bind=MASK - n2cn0245, task  4  4 [298775]: mask |--------|--------||--------|--------||BBBBBBBB|--------||--------|--------||||--------|--------||--------|--------||--------|--------||--------|--------|  set
cpu-bind=MASK - n2cn0245, task  5  5 [298776]: mask |--------|--------||--------|--------||--------|BBBBBBBB||--------|--------||||--------|--------||--------|--------||--------|--------||--------|--------|  set
cpu-bind=MASK - n2cn0245, task  6  6 [298777]: mask |--------|--------||--------|--------||--------|--------||BBBBBBBB|--------||||--------|--------||--------|--------||--------|--------||--------|--------|  set
cpu-bind=MASK - n2cn0245, task  7  7 [298778]: mask |--------|--------||--------|--------||--------|--------||--------|BBBBBBBB||||--------|--------||--------|--------||--------|--------||--------|--------|  set
cpu-bind=MASK - n2cn0245, task  8  8 [298779]: mask |--------|--------||--------|--------||--------|--------||--------|--------||||BBBBBBBB|--------||--------|--------||--------|--------||--------|--------|  set
cpu-bind=MASK - n2cn0245, task  9  9 [298780]: mask |--------|--------||--------|--------||--------|--------||--------|--------||||--------|BBBBBBBB||--------|--------||--------|--------||--------|--------|  set
cpu-bind=MASK - n2cn0245, task 10 10 [298781]: mask |--------|--------||--------|--------||--------|--------||--------|--------||||--------|--------||BBBBBBBB|--------||--------|--------||--------|--------|  set
cpu-bind=MASK - n2cn0245, task 11 11 [298782]: mask |--------|--------||--------|--------||--------|--------||--------|--------||||--------|--------||--------|BBBBBBBB||--------|--------||--------|--------|  set
cpu-bind=MASK - n2cn0245, task 12 12 [298783]: mask |--------|--------||--------|--------||--------|--------||--------|--------||||--------|--------||--------|--------||BBBBBBBB|--------||--------|--------|  set
cpu-bind=MASK - n2cn0245, task 13 13 [298784]: mask |--------|--------||--------|--------||--------|--------||--------|--------||||--------|--------||--------|--------||--------|BBBBBBBB||--------|--------|  set
cpu-bind=MASK - n2cn0245, task 14 14 [298785]: mask |--------|--------||--------|--------||--------|--------||--------|--------||||--------|--------||--------|--------||--------|--------||BBBBBBBB|--------|  set
cpu-bind=MASK - n2cn0245, task 15 15 [298786]: mask |--------|--------||--------|--------||--------|--------||--------|--------||||--------|--------||--------|--------||--------|--------||--------|BBBBBBBB|  set
cpu-bind=MASK - n2cn1009, task 96  0 [290865]: mask |BBBBBBBB|--------||--------|--------||--------|--------||--------|--------||||--------|--------||--------|--------||--------|--------||--------|--------|  set
cpu-bind=MASK - n2cn1009, task 97  1 [290866]: mask |--------|BBBBBBBB||--------|--------||--------|--------||--------|--------||||--------|--------||--------|--------||--------|--------||--------|--------|  set
cpu-bind=MASK - n2cn1009, task 98  2 [290867]: mask |--------|--------||BBBBBBBB|--------||--------|--------||--------|--------||||--------|--------||--------|--------||--------|--------||--------|--------|  set
cpu-bind=MASK - n2cn1009, task 99  3 [290868]: mask |--------|--------||--------|BBBBBBBB||--------|--------||--------|--------||||--------|--------||--------|--------||--------|--------||--------|--------|  set
cpu-bind=MASK - n2cn1009, task 100  4 [290869]: mask |--------|--------||--------|--------||BBBBBBBB|--------||--------|--------||||--------|--------||--------|--------||--------|--------||--------|--------|  set
cpu-bind=MASK - n2cn1009, task 101  5 [290870]: mask |--------|--------||--------|--------||--------|BBBBBBBB||--------|--------||||--------|--------||--------|--------||--------|--------||--------|--------|  set
cpu-bind=MASK - n2cn1009, task 102  6 [290871]: mask |--------|--------||--------|--------||--------|--------||BBBBBBBB|--------||||--------|--------||--------|--------||--------|--------||--------|--------|  set
cpu-bind=MASK - n2cn1009, task 103  7 [290872]: mask |--------|--------||--------|--------||--------|--------||--------|BBBBBBBB||||--------|--------||--------|--------||--------|--------||--------|--------|  set
cpu-bind=MASK - n2cn1009, task 104  8 [290873]: mask |--------|--------||--------|--------||--------|--------||--------|--------||||BBBBBBBB|--------||--------|--------||--------|--------||--------|--------|  set
cpu-bind=MASK - n2cn1009, task 105  9 [290874]: mask |--------|--------||--------|--------||--------|--------||--------|--------||||--------|BBBBBBBB||--------|--------||--------|--------||--------|--------|  set
cpu-bind=MASK - n2cn1009, task 106 10 [290875]: mask |--------|--------||--------|--------||--------|--------||--------|--------||||--------|--------||BBBBBBBB|--------||--------|--------||--------|--------|  set
cpu-bind=MASK - n2cn1009, task 107 11 [290876]: mask |--------|--------||--------|--------||--------|--------||--------|--------||||--------|--------||--------|BBBBBBBB||--------|--------||--------|--------|  set
cpu-bind=MASK - n2cn1009, task 108 12 [290877]: mask |--------|--------||--------|--------||--------|--------||--------|--------||||--------|--------||--------|--------||BBBBBBBB|--------||--------|--------|  set
cpu-bind=MASK - n2cn1009, task 109 13 [290878]: mask |--------|--------||--------|--------||--------|--------||--------|--------||||--------|--------||--------|--------||--------|BBBBBBBB||--------|--------|  set
cpu-bind=MASK - n2cn1009, task 110 14 [290879]: mask |--------|--------||--------|--------||--------|--------||--------|--------||||--------|--------||--------|--------||--------|--------||BBBBBBBB|--------|  set
cpu-bind=MASK - n2cn1009, task 111 15 [290880]: mask |--------|--------||--------|--------||--------|--------||--------|--------||||--------|--------||--------|--------||--------|--------||--------|BBBBBBBB|  set
cpu-bind=MASK - n2cn1187, task 112  0 [290637]: mask |BBBBBBBB|--------||--------|--------||--------|--------||--------|--------||||--------|--------||--------|--------||--------|--------||--------|--------|  set
cpu-bind=MASK - n2cn1187, task 113  1 [290638]: mask |--------|BBBBBBBB||--------|--------||--------|--------||--------|--------||||--------|--------||--------|--------||--------|--------||--------|--------|  set
cpu-bind=MASK - n2cn1187, task 114  2 [290639]: mask |--------|--------||BBBBBBBB|--------||--------|--------||--------|--------||||--------|--------||--------|--------||--------|--------||--------|--------|  set
cpu-bind=MASK - n2cn1187, task 115  3 [290640]: mask |--------|--------||--------|BBBBBBBB||--------|--------||--------|--------||||--------|--------||--------|--------||--------|--------||--------|--------|  set
cpu-bind=MASK - n2cn1187, task 116  4 [290641]: mask |--------|--------||--------|--------||BBBBBBBB|--------||--------|--------||||--------|--------||--------|--------||--------|--------||--------|--------|  set
cpu-bind=MASK - n2cn1187, task 117  5 [290642]: mask |--------|--------||--------|--------||--------|BBBBBBBB||--------|--------||||--------|--------||--------|--------||--------|--------||--------|--------|  set
cpu-bind=MASK - n2cn1187, task 118  6 [290643]: mask |--------|--------||--------|--------||--------|--------||BBBBBBBB|--------||||--------|--------||--------|--------||--------|--------||--------|--------|  set
cpu-bind=MASK - n2cn1187, task 119  7 [290644]: mask |--------|--------||--------|--------||--------|--------||--------|BBBBBBBB||||--------|--------||--------|--------||--------|--------||--------|--------|  set
cpu-bind=MASK - n2cn1187, task 120  8 [290645]: mask |--------|--------||--------|--------||--------|--------||--------|--------||||BBBBBBBB|--------||--------|--------||--------|--------||--------|--------|  set
cpu-bind=MASK - n2cn1187, task 121  9 [290646]: mask |--------|--------||--------|--------||--------|--------||--------|--------||||--------|BBBBBBBB||--------|--------||--------|--------||--------|--------|  set
cpu-bind=MASK - n2cn1187, task 122 10 [290647]: mask |--------|--------||--------|--------||--------|--------||--------|--------||||--------|--------||BBBBBBBB|--------||--------|--------||--------|--------|  set
cpu-bind=MASK - n2cn1187, task 123 11 [290648]: mask |--------|--------||--------|--------||--------|--------||--------|--------||||--------|--------||--------|BBBBBBBB||--------|--------||--------|--------|  set
cpu-bind=MASK - n2cn1187, task 124 12 [290649]: mask |--------|--------||--------|--------||--------|--------||--------|--------||||--------|--------||--------|--------||BBBBBBBB|--------||--------|--------|  set
cpu-bind=MASK - n2cn1187, task 125 13 [290650]: mask |--------|--------||--------|--------||--------|--------||--------|--------||||--------|--------||--------|--------||--------|BBBBBBBB||--------|--------|  set
cpu-bind=MASK - n2cn1187, task 126 14 [290651]: mask |--------|--------||--------|--------||--------|--------||--------|--------||||--------|--------||--------|--------||--------|--------||BBBBBBBB|--------|  set
cpu-bind=MASK - n2cn1187, task 127 15 [290652]: mask |--------|--------||--------|--------||--------|--------||--------|--------||||--------|--------||--------|--------||--------|--------||--------|BBBBBBBB|  set
cpu-bind=MASK - n2cn0261, task 16  0 [296758]: mask |BBBBBBBB|--------||--------|--------||--------|--------||--------|--------||||--------|--------||--------|--------||--------|--------||--------|--------|  set
cpu-bind=MASK - n2cn0261, task 17  1 [296759]: mask |--------|BBBBBBBB||--------|--------||--------|--------||--------|--------||||--------|--------||--------|--------||--------|--------||--------|--------|  set
cpu-bind=MASK - n2cn0261, task 18  2 [296760]: mask |--------|--------||BBBBBBBB|--------||--------|--------||--------|--------||||--------|--------||--------|--------||--------|--------||--------|--------|  set
cpu-bind=MASK - n2cn0261, task 19  3 [296761]: mask |--------|--------||--------|BBBBBBBB||--------|--------||--------|--------||||--------|--------||--------|--------||--------|--------||--------|--------|  set
cpu-bind=MASK - n2cn0261, task 20  4 [296762]: mask |--------|--------||--------|--------||BBBBBBBB|--------||--------|--------||||--------|--------||--------|--------||--------|--------||--------|--------|  set
cpu-bind=MASK - n2cn0261, task 21  5 [296763]: mask |--------|--------||--------|--------||--------|BBBBBBBB||--------|--------||||--------|--------||--------|--------||--------|--------||--------|--------|  set
cpu-bind=MASK - n2cn0261, task 22  6 [296764]: mask |--------|--------||--------|--------||--------|--------||BBBBBBBB|--------||||--------|--------||--------|--------||--------|--------||--------|--------|  set
cpu-bind=MASK - n2cn0261, task 23  7 [296765]: mask |--------|--------||--------|--------||--------|--------||--------|BBBBBBBB||||--------|--------||--------|--------||--------|--------||--------|--------|  set
cpu-bind=MASK - n2cn0261, task 24  8 [296766]: mask |--------|--------||--------|--------||--------|--------||--------|--------||||BBBBBBBB|--------||--------|--------||--------|--------||--------|--------|  set
cpu-bind=MASK - n2cn0261, task 25  9 [296767]: mask |--------|--------||--------|--------||--------|--------||--------|--------||||--------|BBBBBBBB||--------|--------||--------|--------||--------|--------|  set
cpu-bind=MASK - n2cn0261, task 26 10 [296768]: mask |--------|--------||--------|--------||--------|--------||--------|--------||||--------|--------||BBBBBBBB|--------||--------|--------||--------|--------|  set
cpu-bind=MASK - n2cn0261, task 27 11 [296769]: mask |--------|--------||--------|--------||--------|--------||--------|--------||||--------|--------||--------|BBBBBBBB||--------|--------||--------|--------|  set
cpu-bind=MASK - n2cn0261, task 28 12 [296770]: mask |--------|--------||--------|--------||--------|--------||--------|--------||||--------|--------||--------|--------||BBBBBBBB|--------||--------|--------|  set
cpu-bind=MASK - n2cn0261, task 29 13 [296771]: mask |--------|--------||--------|--------||--------|--------||--------|--------||||--------|--------||--------|--------||--------|BBBBBBBB||--------|--------|  set
cpu-bind=MASK - n2cn0261, task 30 14 [296772]: mask |--------|--------||--------|--------||--------|--------||--------|--------||||--------|--------||--------|--------||--------|--------||BBBBBBBB|--------|  set
cpu-bind=MASK - n2cn0261, task 31 15 [296773]: mask |--------|--------||--------|--------||--------|--------||--------|--------||||--------|--------||--------|--------||--------|--------||--------|BBBBBBBB|  set
slurmstepd: error: Detected 1 oom_kill event in StepId=26840619.0. Some of the step tasks have been OOM Killed.
srun: error: n2cn0542: task 39: Out Of Memory
srun: Terminating StepId=26840619.0
slurmstepd: error: *** STEP 26840619.0 ON n2cn0245 CANCELLED AT 2025-09-15T23:00:59 ***
srun: error: n2cn0261: tasks 16-25,27-31: Terminated
srun: error: n2cn0261: task 26: Terminated
srun: error: n2cn1009: tasks 96-111: Terminated
srun: error: n2cn0245: tasks 0-15: Terminated
srun: error: n2cn1187: tasks 112-122,124-127: Terminated
srun: error: n2cn1187: task 123: Terminated
srun: error: n2cn0574: tasks 64-66,69-79: Terminated
srun: error: n2cn0574: tasks 67-68: Terminated
srun: Job step aborted: Waiting up to 32 seconds for job step to finish.
srun: error: Timed out waiting for job step to complete
srun: error: slurm_unpack_received_msg: [[n2cn0843]:45734] auth_g_verify: MESSAGE_TASK_EXIT has authentication error: Unspecified error
srun: error: slurm_unpack_received_msg: [[n2cn0843]:45734] Protocol authentication error
srun: error: If munged is up, restart with --num-threads=10
srun: error: Munge decode failed: Failed to connect to "/var/run/munge/munge.socket.2": Resource temporarily unavailable
srun: auth/munge: _print_cred: ENCODED: Thu Jan 01 00:59:59 1970
srun: auth/munge: _print_cred: DECODED: Thu Jan 01 00:59:59 1970
srun: error: slurm_unpack_received_msg: [[n2cn1066]:56548] auth_g_verify: MESSAGE_TASK_EXIT has authentication error: Unspecified error
srun: error: slurm_unpack_received_msg: [[n2cn1066]:56548] Protocol authentication error
srun: error: If munged is up, restart with --num-threads=10
srun: error: Munge decode failed: Failed to connect to "/var/run/munge/munge.socket.2": Resource temporarily unavailable
srun: auth/munge: _print_cred: ENCODED: Thu Jan 01 00:59:59 1970
srun: auth/munge: _print_cred: DECODED: Thu Jan 01 00:59:59 1970
srun: error: slurm_unpack_received_msg: [[n2cn0825]:228] auth_g_verify: MESSAGE_TASK_EXIT has authentication error: Unspecified error
srun: error: slurm_unpack_received_msg: [[n2cn0825]:228] Protocol authentication error
srun: error: If munged is up, restart with --num-threads=10
srun: error: Munge decode failed: Failed to connect to "/var/run/munge/munge.socket.2": Resource temporarily unavailable
srun: auth/munge: _print_cred: ENCODED: Thu Jan 01 00:59:59 1970
srun: auth/munge: _print_cred: DECODED: Thu Jan 01 00:59:59 1970
srun: error: slurm_unpack_received_msg: [[n2cn1074]:10430] auth_g_verify: MESSAGE_TASK_EXIT has authentication error: Unspecified error
srun: error: slurm_unpack_received_msg: [[n2cn1074]:10430] Protocol authentication error
srun: error: If munged is up, restart with --num-threads=10
srun: error: Munge decode failed: Failed to connect to "/var/run/munge/munge.socket.2": Resource temporarily unavailable
srun: auth/munge: _print_cred: ENCODED: Thu Jan 01 00:59:59 1970
srun: auth/munge: _print_cred: DECODED: Thu Jan 01 00:59:59 1970
srun: error: slurm_unpack_received_msg: [[n2cn1049]:53933] auth_g_verify: MESSAGE_TASK_EXIT has authentication error: Unspecified error
srun: error: slurm_unpack_received_msg: [[n2cn1049]:53933] Protocol authentication error
srun: error: If munged is up, restart with --num-threads=10
srun: error: Munge decode failed: Failed to connect to "/var/run/munge/munge.socket.2": Resource temporarily unavailable
srun: auth/munge: _print_cred: ENCODED: Thu Jan 01 00:59:59 1970
srun: auth/munge: _print_cred: DECODED: Thu Jan 01 00:59:59 1970
srun: error: slurm_unpack_received_msg: [[n2cn1096]:62090] auth_g_verify: MESSAGE_TASK_EXIT has authentication error: Unspecified error
srun: error: slurm_unpack_received_msg: [[n2cn1096]:62090] Protocol authentication error
srun: error: If munged is up, restart with --num-threads=10
srun: error: Munge decode failed: Failed to connect to "/var/run/munge/munge.socket.2": Resource temporarily unavailable
srun: auth/munge: _print_cred: ENCODED: Thu Jan 01 00:59:59 1970
srun: auth/munge: _print_cred: DECODED: Thu Jan 01 00:59:59 1970
srun: error: slurm_unpack_received_msg: [[n2cn0843]:9890] auth_g_verify: MESSAGE_TASK_EXIT has authentication error: Unspecified error
srun: error: slurm_unpack_received_msg: [[n2cn0843]:9890] Protocol authentication error
srun: error: If munged is up, restart with --num-threads=10
srun: error: Munge decode failed: Failed to connect to "/var/run/munge/munge.socket.2": Resource temporarily unavailable
srun: auth/munge: _print_cred: ENCODED: Thu Jan 01 00:59:59 1970
srun: auth/munge: _print_cred: DECODED: Thu Jan 01 00:59:59 1970
srun: error: slurm_unpack_received_msg: [[n2cn1066]:46247] auth_g_verify: MESSAGE_TASK_EXIT has authentication error: Unspecified error
srun: error: slurm_unpack_received_msg: [[n2cn1066]:46247] Protocol authentication error
srun: error: If munged is up, restart with --num-threads=10
srun: error: Munge decode failed: Failed to connect to "/var/run/munge/munge.socket.2": Resource temporarily unavailable
srun: auth/munge: _print_cred: ENCODED: Thu Jan 01 00:59:59 1970
srun: auth/munge: _print_cred: DECODED: Thu Jan 01 00:59:59 1970
srun: error: slurm_unpack_received_msg: [[n2cn0825]:34537] auth_g_verify: MESSAGE_TASK_EXIT has authentication error: Unspecified error
srun: error: slurm_unpack_received_msg: [[n2cn0825]:34537] Protocol authentication error
srun: error: If munged is up, restart with --num-threads=10
srun: error: Munge decode failed: Failed to connect to "/var/run/munge/munge.socket.2": Resource temporarily unavailable
srun: auth/munge: _print_cred: ENCODED: Thu Jan 01 00:59:59 1970
srun: auth/munge: _print_cred: DECODED: Thu Jan 01 00:59:59 1970
srun: error: slurm_unpack_received_msg: [[n2cn1074]:59608] auth_g_verify: MESSAGE_TASK_EXIT has authentication error: Unspecified error
srun: error: slurm_unpack_received_msg: [[n2cn1074]:59608] Protocol authentication error
srun: error: If munged is up, restart with --num-threads=10
srun: error: Munge decode failed: Failed to connect to "/var/run/munge/munge.socket.2": Resource temporarily unavailable
srun: auth/munge: _print_cred: ENCODED: Thu Jan 01 00:59:59 1970
srun: auth/munge: _print_cred: DECODED: Thu Jan 01 00:59:59 1970
srun: error: slurm_unpack_received_msg: [[n2cn1096]:20199] auth_g_verify: MESSAGE_TASK_EXIT has authentication error: Unspecified error
srun: error: slurm_unpack_received_msg: [[n2cn1096]:20199] Protocol authentication error
srun: error: If munged is up, restart with --num-threads=10
srun: error: Munge decode failed: Failed to connect to "/var/run/munge/munge.socket.2": Resource temporarily unavailable
srun: auth/munge: _print_cred: ENCODED: Thu Jan 01 00:59:59 1970
srun: auth/munge: _print_cred: DECODED: Thu Jan 01 00:59:59 1970
srun: error: slurm_unpack_received_msg: [[n2cn0825]:55484] auth_g_verify: MESSAGE_TASK_EXIT has authentication error: Unspecified error
srun: error: slurm_unpack_received_msg: [[n2cn0825]:55484] Protocol authentication error
srun: error: If munged is up, restart with --num-threads=10
srun: error: Munge decode failed: Failed to connect to "/var/run/munge/munge.socket.2": Resource temporarily unavailable
srun: auth/munge: _print_cred: ENCODED: Thu Jan 01 00:59:59 1970
srun: auth/munge: _print_cred: DECODED: Thu Jan 01 00:59:59 1970
srun: error: slurm_unpack_received_msg: [[n2cn1049]:3264] auth_g_verify: MESSAGE_TASK_EXIT has authentication error: Unspecified error
srun: error: slurm_unpack_received_msg: [[n2cn1049]:3264] Protocol authentication error
srun: error: If munged is up, restart with --num-threads=10
srun: error: Munge decode failed: Failed to connect to "/var/run/munge/munge.socket.2": Resource temporarily unavailable
srun: auth/munge: _print_cred: ENCODED: Thu Jan 01 00:59:59 1970
srun: auth/munge: _print_cred: DECODED: Thu Jan 01 00:59:59 1970
srun: error: slurm_unpack_received_msg: [[n2cn0843]:41157] auth_g_verify: MESSAGE_TASK_EXIT has authentication error: Unspecified error
srun: error: slurm_unpack_received_msg: [[n2cn0843]:41157] Protocol authentication error
srun: error: If munged is up, restart with --num-threads=10
srun: error: Munge decode failed: Failed to connect to "/var/run/munge/munge.socket.2": Resource temporarily unavailable
srun: auth/munge: _print_cred: ENCODED: Thu Jan 01 00:59:59 1970
srun: auth/munge: _print_cred: DECODED: Thu Jan 01 00:59:59 1970
srun: error: slurm_unpack_received_msg: [[n2cn1066]:48271] auth_g_verify: MESSAGE_TASK_EXIT has authentication error: Unspecified error
srun: error: slurm_unpack_received_msg: [[n2cn1066]:48271] Protocol authentication error
srun: error: If munged is up, restart with --num-threads=10
srun: error: Munge decode failed: Failed to connect to "/var/run/munge/munge.socket.2": Resource temporarily unavailable
srun: auth/munge: _print_cred: ENCODED: Thu Jan 01 00:59:59 1970
srun: auth/munge: _print_cred: DECODED: Thu Jan 01 00:59:59 1970
srun: error: slurm_unpack_received_msg: [[n2cn1074]:48294] auth_g_verify: MESSAGE_TASK_EXIT has authentication error: Unspecified error
srun: error: slurm_unpack_received_msg: [[n2cn1074]:48294] Protocol authentication error
srun: error: If munged is up, restart with --num-threads=10
srun: error: Munge decode failed: Failed to connect to "/var/run/munge/munge.socket.2": Resource temporarily unavailable
srun: auth/munge: _print_cred: ENCODED: Thu Jan 01 00:59:59 1970
srun: auth/munge: _print_cred: DECODED: Thu Jan 01 00:59:59 1970
srun: error: slurm_unpack_received_msg: [[n2cn1096]:15017] auth_g_verify: MESSAGE_TASK_EXIT has authentication error: Unspecified error
srun: error: slurm_unpack_received_msg: [[n2cn1096]:15017] Protocol authentication error
srun: error: If munged is up, restart with --num-threads=10
srun: error: Munge decode failed: Failed to connect to "/var/run/munge/munge.socket.2": Resource temporarily unavailable
srun: auth/munge: _print_cred: ENCODED: Thu Jan 01 00:59:59 1970
srun: auth/munge: _print_cred: DECODED: Thu Jan 01 00:59:59 1970
srun: error: slurm_unpack_received_msg: [[n2cn0825]:55009] auth_g_verify: MESSAGE_TASK_EXIT has authentication error: Unspecified error
srun: error: slurm_unpack_received_msg: [[n2cn0825]:55009] Protocol authentication error
srun: error: If munged is up, restart with --num-threads=10
srun: error: Munge decode failed: Failed to connect to "/var/run/munge/munge.socket.2": Resource temporarily unavailable
srun: auth/munge: _print_cred: ENCODED: Thu Jan 01 00:59:59 1970
srun: auth/munge: _print_cred: DECODED: Thu Jan 01 00:59:59 1970
srun: error: slurm_unpack_received_msg: [[n2cn1049]:3203] auth_g_verify: MESSAGE_TASK_EXIT has authentication error: Unspecified error
srun: error: slurm_unpack_received_msg: [[n2cn1049]:3203] Protocol authentication error
srun: error: If munged is up, restart with --num-threads=10
srun: error: Munge decode failed: Failed to connect to "/var/run/munge/munge.socket.2": Resource temporarily unavailable
srun: auth/munge: _print_cred: ENCODED: Thu Jan 01 00:59:59 1970
srun: auth/munge: _print_cred: DECODED: Thu Jan 01 00:59:59 1970
srun: error: slurm_unpack_received_msg: [[n2cn0843]:56471] auth_g_verify: MESSAGE_TASK_EXIT has authentication error: Unspecified error
srun: error: slurm_unpack_received_msg: [[n2cn0843]:56471] Protocol authentication error
srun: error: If munged is up, restart with --num-threads=10
srun: error: Munge decode failed: Failed to connect to "/var/run/munge/munge.socket.2": Resource temporarily unavailable
srun: auth/munge: _print_cred: ENCODED: Thu Jan 01 00:59:59 1970
srun: auth/munge: _print_cred: DECODED: Thu Jan 01 00:59:59 1970
srun: error: slurm_unpack_received_msg: [[n2cn1066]:16581] auth_g_verify: MESSAGE_TASK_EXIT has authentication error: Unspecified error
srun: error: slurm_unpack_received_msg: [[n2cn1066]:16581] Protocol authentication error
srun: error: If munged is up, restart with --num-threads=10
srun: error: Munge decode failed: Failed to connect to "/var/run/munge/munge.socket.2": Resource temporarily unavailable
srun: auth/munge: _print_cred: ENCODED: Thu Jan 01 00:59:59 1970
srun: auth/munge: _print_cred: DECODED: Thu Jan 01 00:59:59 1970
srun: error: slurm_unpack_received_msg: [[n2cn1074]:7358] auth_g_verify: MESSAGE_TASK_EXIT has authentication error: Unspecified error
srun: error: slurm_unpack_received_msg: [[n2cn1074]:7358] Protocol authentication error
srun: error: If munged is up, restart with --num-threads=10
srun: error: Munge decode failed: Failed to connect to "/var/run/munge/munge.socket.2": Resource temporarily unavailable
srun: auth/munge: _print_cred: ENCODED: Thu Jan 01 00:59:59 1970
srun: auth/munge: _print_cred: DECODED: Thu Jan 01 00:59:59 1970
srun: error: slurm_unpack_received_msg: [[n2cn1096]:21144] auth_g_verify: MESSAGE_TASK_EXIT has authentication error: Unspecified error
srun: error: slurm_unpack_received_msg: [[n2cn1096]:21144] Protocol authentication error
slurmstepd: error: Detected 1 oom_kill event in StepId=26840619.0. Some of the step tasks have been OOM Killed.
srun: error: Munge decode failed: Expired credential
srun: auth/munge: _print_cred: ENCODED: Mon Sep 15 22:41:28 2025
srun: auth/munge: _print_cred: DECODED: Tue Sep 16 01:43:13 2025
srun: error: slurm_unpack_received_msg: [[n2cn0825]:3752] auth_g_verify: MESSAGE_TASK_EXIT has authentication error: Unspecified error
srun: error: slurm_unpack_received_msg: [[n2cn0825]:3752] Protocol authentication error
srun: error: Munge decode failed: Expired credential
srun: auth/munge: _print_cred: ENCODED: Mon Sep 15 22:41:28 2025
srun: auth/munge: _print_cred: DECODED: Tue Sep 16 01:43:13 2025
srun: error: slurm_unpack_received_msg: [[n2cn1066]:30884] auth_g_verify: MESSAGE_TASK_EXIT has authentication error: Unspecified error
srun: error: slurm_unpack_received_msg: [[n2cn1066]:30884] Protocol authentication error
srun: error: Munge decode failed: Expired credential
srun: auth/munge: _print_cred: ENCODED: Mon Sep 15 22:41:28 2025
srun: auth/munge: _print_cred: DECODED: Tue Sep 16 01:43:13 2025
srun: error: slurm_unpack_received_msg: [[n2cn1049]:2728] auth_g_verify: MESSAGE_TASK_EXIT has authentication error: Unspecified error
srun: error: slurm_unpack_received_msg: [[n2cn1049]:2728] Protocol authentication error
srun: error: Munge decode failed: Expired credential
srun: auth/munge: _print_cred: ENCODED: Mon Sep 15 22:41:28 2025
srun: auth/munge: _print_cred: DECODED: Tue Sep 16 01:43:13 2025
srun: error: slurm_unpack_received_msg: [[n2cn0843]:62094] auth_g_verify: MESSAGE_TASK_EXIT has authentication error: Unspecified error
srun: error: slurm_unpack_received_msg: [[n2cn0843]:62094] Protocol authentication error
srun: error: Munge decode failed: Expired credential
srun: auth/munge: _print_cred: ENCODED: Mon Sep 15 22:41:28 2025
srun: auth/munge: _print_cred: DECODED: Tue Sep 16 01:43:13 2025
srun: error: slurm_unpack_received_msg: [[n2cn1074]:206] auth_g_verify: MESSAGE_TASK_EXIT has authentication error: Unspecified error
srun: error: slurm_unpack_received_msg: [[n2cn1074]:206] Protocol authentication error
srun: error: Munge decode failed: Expired credential
srun: auth/munge: _print_cred: ENCODED: Mon Sep 15 22:42:29 2025
srun: auth/munge: _print_cred: DECODED: Tue Sep 16 01:43:13 2025
srun: error: slurm_unpack_received_msg: [[n2cn1066]:51436] auth_g_verify: MESSAGE_TASK_EXIT has authentication error: Unspecified error
srun: error: slurm_unpack_received_msg: [[n2cn1066]:51436] Protocol authentication error
srun: error: Munge decode failed: Expired credential
srun: auth/munge: _print_cred: ENCODED: Mon Sep 15 22:42:29 2025
srun: auth/munge: _print_cred: DECODED: Tue Sep 16 01:43:13 2025
srun: error: slurm_unpack_received_msg: [[n2cn1096]:45270] auth_g_verify: MESSAGE_TASK_EXIT has authentication error: Unspecified error
srun: error: slurm_unpack_received_msg: [[n2cn1096]:45270] Protocol authentication error
srun: error: Munge decode failed: Expired credential
srun: auth/munge: _print_cred: ENCODED: Mon Sep 15 22:42:29 2025
srun: auth/munge: _print_cred: DECODED: Tue Sep 16 01:43:13 2025
srun: error: slurm_unpack_received_msg: [[n2cn0825]:23184] auth_g_verify: MESSAGE_TASK_EXIT has authentication error: Unspecified error
srun: error: slurm_unpack_received_msg: [[n2cn0825]:23184] Protocol authentication error
srun: error: Munge decode failed: Expired credential
srun: auth/munge: _print_cred: ENCODED: Mon Sep 15 22:42:29 2025
srun: auth/munge: _print_cred: DECODED: Tue Sep 16 01:43:13 2025
srun: error: slurm_unpack_received_msg: [[n2cn1049]:23210] auth_g_verify: MESSAGE_TASK_EXIT has authentication error: Unspecified error
srun: error: slurm_unpack_received_msg: [[n2cn1049]:23210] Protocol authentication error
srun: error: Munge decode failed: Expired credential
srun: auth/munge: _print_cred: ENCODED: Mon Sep 15 22:42:29 2025
srun: auth/munge: _print_cred: DECODED: Tue Sep 16 01:43:13 2025
srun: error: slurm_unpack_received_msg: [[n2cn0843]:20121] auth_g_verify: MESSAGE_TASK_EXIT has authentication error: Unspecified error
srun: error: slurm_unpack_received_msg: [[n2cn0843]:20121] Protocol authentication error
srun: error: Munge decode failed: Expired credential
srun: auth/munge: _print_cred: ENCODED: Mon Sep 15 22:42:29 2025
srun: auth/munge: _print_cred: DECODED: Tue Sep 16 01:43:13 2025
srun: error: slurm_unpack_received_msg: [[n2cn1074]:61581] auth_g_verify: MESSAGE_TASK_EXIT has authentication error: Unspecified error
srun: error: slurm_unpack_received_msg: [[n2cn1074]:61581] Protocol authentication error
srun: error: Munge decode failed: Expired credential
srun: auth/munge: _print_cred: ENCODED: Mon Sep 15 22:47:30 2025
srun: auth/munge: _print_cred: DECODED: Tue Sep 16 01:43:13 2025
srun: error: slurm_unpack_received_msg: [[n2cn0843]:1244] auth_g_verify: MESSAGE_TASK_EXIT has authentication error: Unspecified error
srun: error: slurm_unpack_received_msg: [[n2cn0843]:1244] Protocol authentication error
srun: error: Munge decode failed: Expired credential
srun: auth/munge: _print_cred: ENCODED: Mon Sep 15 22:47:48 2025
srun: auth/munge: _print_cred: DECODED: Tue Sep 16 01:43:13 2025
srun: error: slurm_unpack_received_msg: [[n2cn1096]:37528] auth_g_verify: MESSAGE_TASK_EXIT has authentication error: Unspecified error
srun: error: slurm_unpack_received_msg: [[n2cn1096]:37528] Protocol authentication error
srun: error: Munge decode failed: Expired credential
srun: auth/munge: _print_cred: ENCODED: Mon Sep 15 22:47:52 2025
srun: auth/munge: _print_cred: DECODED: Tue Sep 16 01:43:13 2025
srun: error: slurm_unpack_received_msg: [[n2cn1049]:30902] auth_g_verify: MESSAGE_TASK_EXIT has authentication error: Unspecified error
srun: error: slurm_unpack_received_msg: [[n2cn1049]:30902] Protocol authentication error
srun: error: Munge decode failed: Expired credential
srun: auth/munge: _print_cred: ENCODED: Mon Sep 15 22:47:55 2025
srun: auth/munge: _print_cred: DECODED: Tue Sep 16 01:43:13 2025
srun: error: slurm_unpack_received_msg: [[n2cn0825]:26250] auth_g_verify: MESSAGE_TASK_EXIT has authentication error: Unspecified error
srun: error: slurm_unpack_received_msg: [[n2cn0825]:26250] Protocol authentication error
srun: error: Munge decode failed: Expired credential
srun: auth/munge: _print_cred: ENCODED: Mon Sep 15 22:48:03 2025
srun: auth/munge: _print_cred: DECODED: Tue Sep 16 01:43:14 2025
srun: error: slurm_unpack_received_msg: [[n2cn1074]:17102] auth_g_verify: MESSAGE_TASK_EXIT has authentication error: Unspecified error
srun: error: slurm_unpack_received_msg: [[n2cn1074]:17102] Protocol authentication error
srun: error: Munge decode failed: Expired credential
srun: auth/munge: _print_cred: ENCODED: Mon Sep 15 22:48:30 2025
srun: auth/munge: _print_cred: DECODED: Tue Sep 16 01:43:14 2025
srun: error: slurm_unpack_received_msg: [[n2cn0843]:62680] auth_g_verify: MESSAGE_TASK_EXIT has authentication error: Unspecified error
srun: error: slurm_unpack_received_msg: [[n2cn0843]:62680] Protocol authentication error
slurmstepd: error:  mpi/pmix_v4: _errhandler: n2cn0808 [0]: pmixp_client_v2.c:212: Error handler invoked: status = -61, source = [slurm.pmix.26840619.0:5]
srun: error: Munge decode failed: Expired credential
srun: auth/munge: _print_cred: ENCODED: Mon Sep 15 22:48:48 2025
srun: auth/munge: _print_cred: DECODED: Tue Sep 16 01:43:14 2025
srun: error: slurm_unpack_received_msg: [[n2cn1096]:27843] auth_g_verify: MESSAGE_TASK_EXIT has authentication error: Unspecified error
srun: error: slurm_unpack_received_msg: [[n2cn1096]:27843] Protocol authentication error
srun: error: Munge decode failed: Expired credential
srun: auth/munge: _print_cred: ENCODED: Mon Sep 15 22:48:52 2025
srun: auth/munge: _print_cred: DECODED: Tue Sep 16 01:43:14 2025
srun: error: slurm_unpack_received_msg: [[n2cn1049]:22759] auth_g_verify: MESSAGE_TASK_EXIT has authentication error: Unspecified error
srun: error: slurm_unpack_received_msg: [[n2cn1049]:22759] Protocol authentication error
srun: error: Munge decode failed: Expired credential
srun: auth/munge: _print_cred: ENCODED: Mon Sep 15 22:48:55 2025
srun: auth/munge: _print_cred: DECODED: Tue Sep 16 01:43:14 2025
srun: error: slurm_unpack_received_msg: [[n2cn0825]:20124] auth_g_verify: MESSAGE_TASK_EXIT has authentication error: Unspecified error
srun: error: slurm_unpack_received_msg: [[n2cn0825]:20124] Protocol authentication error
srun: error: Munge decode failed: Expired credential
srun: auth/munge: _print_cred: ENCODED: Mon Sep 15 22:49:03 2025
srun: auth/munge: _print_cred: DECODED: Tue Sep 16 01:43:14 2025
srun: error: slurm_unpack_received_msg: [[n2cn1074]:4305] auth_g_verify: MESSAGE_TASK_EXIT has authentication error: Unspecified error
srun: error: slurm_unpack_received_msg: [[n2cn1074]:4305] Protocol authentication error
srun: error: Munge decode failed: Expired credential
srun: auth/munge: _print_cred: ENCODED: Mon Sep 15 22:49:30 2025
srun: auth/munge: _print_cred: DECODED: Tue Sep 16 01:43:14 2025
srun: error: slurm_unpack_received_msg: [[n2cn0843]:38611] auth_g_verify: MESSAGE_TASK_EXIT has authentication error: Unspecified error
srun: error: slurm_unpack_received_msg: [[n2cn0843]:38611] Protocol authentication error
srun: error: Munge decode failed: Expired credential
srun: auth/munge: _print_cred: ENCODED: Mon Sep 15 22:49:48 2025
srun: auth/munge: _print_cred: DECODED: Tue Sep 16 01:43:14 2025
srun: error: slurm_unpack_received_msg: [[n2cn1096]:19139] auth_g_verify: MESSAGE_TASK_EXIT has authentication error: Unspecified error
srun: error: slurm_unpack_received_msg: [[n2cn1096]:19139] Protocol authentication error
srun: error: Munge decode failed: Expired credential
srun: auth/munge: _print_cred: ENCODED: Mon Sep 15 22:49:52 2025
srun: auth/munge: _print_cred: DECODED: Tue Sep 16 01:43:14 2025
srun: error: slurm_unpack_received_msg: [[n2cn1049]:2706] auth_g_verify: MESSAGE_TASK_EXIT has authentication error: Unspecified error
srun: error: slurm_unpack_received_msg: [[n2cn1049]:2706] Protocol authentication error
srun: error: Munge decode failed: Expired credential
srun: auth/munge: _print_cred: ENCODED: Mon Sep 15 22:49:55 2025
srun: auth/munge: _print_cred: DECODED: Tue Sep 16 01:43:14 2025
srun: error: slurm_unpack_received_msg: [[n2cn0825]:7912] auth_g_verify: MESSAGE_TASK_EXIT has authentication error: Unspecified error
srun: error: slurm_unpack_received_msg: [[n2cn0825]:7912] Protocol authentication error
srun: error: Munge decode failed: Expired credential
srun: auth/munge: _print_cred: ENCODED: Mon Sep 15 22:50:03 2025
srun: auth/munge: _print_cred: DECODED: Tue Sep 16 01:43:14 2025
srun: error: slurm_unpack_received_msg: [[n2cn1074]:58508] auth_g_verify: MESSAGE_TASK_EXIT has authentication error: Unspecified error
srun: error: slurm_unpack_received_msg: [[n2cn1074]:58508] Protocol authentication error
srun: error: Munge decode failed: Expired credential
srun: auth/munge: _print_cred: ENCODED: Mon Sep 15 22:50:30 2025
srun: auth/munge: _print_cred: DECODED: Tue Sep 16 01:43:14 2025
srun: error: slurm_unpack_received_msg: [[n2cn0843]:18580] auth_g_verify: MESSAGE_TASK_EXIT has authentication error: Unspecified error
srun: error: slurm_unpack_received_msg: [[n2cn0843]:18580] Protocol authentication error
srun: error: Munge decode failed: Expired credential
srun: auth/munge: _print_cred: ENCODED: Mon Sep 15 22:50:48 2025
srun: auth/munge: _print_cred: DECODED: Tue Sep 16 01:43:14 2025
srun: error: slurm_unpack_received_msg: [[n2cn1096]:47756] auth_g_verify: MESSAGE_TASK_EXIT has authentication error: Unspecified error
srun: error: slurm_unpack_received_msg: [[n2cn1096]:47756] Protocol authentication error
srun: error: Munge decode failed: Expired credential
srun: auth/munge: _print_cred: ENCODED: Mon Sep 15 22:50:52 2025
srun: auth/munge: _print_cred: DECODED: Tue Sep 16 01:43:14 2025
srun: error: slurm_unpack_received_msg: [[n2cn1049]:17598] auth_g_verify: MESSAGE_TASK_EXIT has authentication error: Unspecified error
srun: error: slurm_unpack_received_msg: [[n2cn1049]:17598] Protocol authentication error
srun: error: Munge decode failed: Expired credential
srun: auth/munge: _print_cred: ENCODED: Mon Sep 15 22:50:55 2025
srun: auth/munge: _print_cred: DECODED: Tue Sep 16 01:43:14 2025
srun: error: slurm_unpack_received_msg: [[n2cn0825]:14541] auth_g_verify: MESSAGE_TASK_EXIT has authentication error: Unspecified error
srun: error: slurm_unpack_received_msg: [[n2cn0825]:14541] Protocol authentication error
srun: error: Munge decode failed: Expired credential
srun: auth/munge: _print_cred: ENCODED: Mon Sep 15 22:51:03 2025
srun: auth/munge: _print_cred: DECODED: Tue Sep 16 01:43:14 2025
srun: error: slurm_unpack_received_msg: [[n2cn1074]:11995] auth_g_verify: MESSAGE_TASK_EXIT has authentication error: Unspecified error
srun: error: slurm_unpack_received_msg: [[n2cn1074]:11995] Protocol authentication error
srun: error: Munge decode failed: Expired credential
srun: auth/munge: _print_cred: ENCODED: Mon Sep 15 22:51:31 2025
srun: auth/munge: _print_cred: DECODED: Tue Sep 16 01:43:14 2025
srun: error: slurm_unpack_received_msg: [[n2cn0843]:3763] auth_g_verify: MESSAGE_TASK_EXIT has authentication error: Unspecified error
srun: error: slurm_unpack_received_msg: [[n2cn0843]:3763] Protocol authentication error
srun: error: Munge decode failed: Expired credential
srun: auth/munge: _print_cred: ENCODED: Mon Sep 15 22:51:49 2025
srun: auth/munge: _print_cred: DECODED: Tue Sep 16 01:43:14 2025
srun: error: slurm_unpack_received_msg: [[n2cn1096]:45708] auth_g_verify: MESSAGE_TASK_EXIT has authentication error: Unspecified error
srun: error: slurm_unpack_received_msg: [[n2cn1096]:45708] Protocol authentication error
srun: error: Munge decode failed: Expired credential
srun: auth/munge: _print_cred: ENCODED: Mon Sep 15 22:51:53 2025
srun: auth/munge: _print_cred: DECODED: Tue Sep 16 01:43:14 2025
srun: error: slurm_unpack_received_msg: [[n2cn1049]:30413] auth_g_verify: MESSAGE_TASK_EXIT has authentication error: Unspecified error
srun: error: slurm_unpack_received_msg: [[n2cn1049]:30413] Protocol authentication error
srun: error: Munge decode failed: Expired credential
srun: auth/munge: _print_cred: ENCODED: Mon Sep 15 22:51:56 2025
srun: auth/munge: _print_cred: DECODED: Tue Sep 16 01:43:14 2025
srun: error: slurm_unpack_received_msg: [[n2cn0825]:17562] auth_g_verify: MESSAGE_TASK_EXIT has authentication error: Unspecified error
srun: error: slurm_unpack_received_msg: [[n2cn0825]:17562] Protocol authentication error
srun: error: Munge decode failed: Expired credential
srun: auth/munge: _print_cred: ENCODED: Mon Sep 15 22:52:04 2025
srun: auth/munge: _print_cred: DECODED: Tue Sep 16 01:43:14 2025
srun: error: slurm_unpack_received_msg: [[n2cn1074]:4267] auth_g_verify: MESSAGE_TASK_EXIT has authentication error: Unspecified error
srun: error: slurm_unpack_received_msg: [[n2cn1074]:4267] Protocol authentication error
srun: error: Munge decode failed: Expired credential
srun: auth/munge: _print_cred: ENCODED: Mon Sep 15 22:52:32 2025
srun: auth/munge: _print_cred: DECODED: Tue Sep 16 01:43:14 2025
srun: error: slurm_unpack_received_msg: [[n2cn0843]:199] auth_g_verify: MESSAGE_TASK_EXIT has authentication error: Unspecified error
srun: error: slurm_unpack_received_msg: [[n2cn0843]:199] Protocol authentication error
srun: error: Munge decode failed: Expired credential
srun: auth/munge: _print_cred: ENCODED: Mon Sep 15 22:52:50 2025
srun: auth/munge: _print_cred: DECODED: Tue Sep 16 01:43:14 2025
srun: error: slurm_unpack_received_msg: [[n2cn1096]:31915] auth_g_verify: MESSAGE_TASK_EXIT has authentication error: Unspecified error
srun: error: slurm_unpack_received_msg: [[n2cn1096]:31915] Protocol authentication error
srun: error: Munge decode failed: Expired credential
srun: auth/munge: _print_cred: ENCODED: Mon Sep 15 22:52:54 2025
srun: auth/munge: _print_cred: DECODED: Tue Sep 16 01:43:14 2025
srun: error: slurm_unpack_received_msg: [[n2cn1049]:41661] auth_g_verify: MESSAGE_TASK_EXIT has authentication error: Unspecified error
srun: error: slurm_unpack_received_msg: [[n2cn1049]:41661] Protocol authentication error
srun: error: Munge decode failed: Expired credential
srun: auth/munge: _print_cred: ENCODED: Mon Sep 15 22:52:57 2025
srun: auth/munge: _print_cred: DECODED: Tue Sep 16 01:43:14 2025
srun: error: slurm_unpack_received_msg: [[n2cn0825]:44675] auth_g_verify: MESSAGE_TASK_EXIT has authentication error: Unspecified error
srun: error: slurm_unpack_received_msg: [[n2cn0825]:44675] Protocol authentication error
srun: error: Munge decode failed: Expired credential
srun: auth/munge: _print_cred: ENCODED: Mon Sep 15 22:53:05 2025
srun: auth/munge: _print_cred: DECODED: Tue Sep 16 01:43:14 2025
srun: error: slurm_unpack_received_msg: [[n2cn1074]:40677] auth_g_verify: MESSAGE_TASK_EXIT has authentication error: Unspecified error
srun: error: slurm_unpack_received_msg: [[n2cn1074]:40677] Protocol authentication error
srun: error: n2cn0808: task 5: Out Of Memory
srun: Terminating StepId=26840619.0
