cpu-bind=MASK - n2lcn0105, task  0  0 [3103935]: mask |BBBBBBBB|BBBBBBBB||BBBBBBBB|BBBBBBBB||BBBBBBBB|BBBBBBBB||BBBBBBBB|BBBBBBBB||||BBBBBBBB|BBBBBBBB||BBBBBBBB|BBBBBBBB||BBBBBBBB|BBBBBBBB||BBBBBBBB|BBBBBBBB|  set
The following modules were not unloaded:
  (Use "module --force purge" to unload all):

  1) pc2fs   2) slurm/24.11.5-1   3) DefaultModules
cpu-bind=MASK - n2lcn0137, task 48  0 [3976318]: mask |BBBBBBBB|--------||--------|--------||--------|--------||--------|--------||||--------|--------||--------|--------||--------|--------||--------|--------|  set
cpu-bind=MASK - n2lcn0137, task 49  1 [3976319]: mask |--------|BBBBBBBB||--------|--------||--------|--------||--------|--------||||--------|--------||--------|--------||--------|--------||--------|--------|  set
cpu-bind=MASK - n2lcn0147, task 112  0 [807988]: mask |BBBBBBBB|--------||--------|--------||--------|--------||--------|--------||||--------|--------||--------|--------||--------|--------||--------|--------|  set
cpu-bind=MASK - n2lcn0137, task 50  2 [3976320]: mask |--------|--------||BBBBBBBB|--------||--------|--------||--------|--------||||--------|--------||--------|--------||--------|--------||--------|--------|  set
cpu-bind=MASK - n2lcn0147, task 113  1 [807989]: mask |--------|BBBBBBBB||--------|--------||--------|--------||--------|--------||||--------|--------||--------|--------||--------|--------||--------|--------|  set
cpu-bind=MASK - n2lcn0137, task 51  3 [3976321]: mask |--------|--------||--------|BBBBBBBB||--------|--------||--------|--------||||--------|--------||--------|--------||--------|--------||--------|--------|  set
cpu-bind=MASK - n2lcn0147, task 114  2 [807990]: mask |--------|--------||BBBBBBBB|--------||--------|--------||--------|--------||||--------|--------||--------|--------||--------|--------||--------|--------|  set
cpu-bind=MASK - n2lcn0137, task 52  4 [3976322]: mask |--------|--------||--------|--------||BBBBBBBB|--------||--------|--------||||--------|--------||--------|--------||--------|--------||--------|--------|  set
cpu-bind=MASK - n2lcn0147, task 115  3 [807991]: mask |--------|--------||--------|BBBBBBBB||--------|--------||--------|--------||||--------|--------||--------|--------||--------|--------||--------|--------|  set
cpu-bind=MASK - n2lcn0147, task 116  4 [807992]: mask |--------|--------||--------|--------||BBBBBBBB|--------||--------|--------||||--------|--------||--------|--------||--------|--------||--------|--------|  set
cpu-bind=MASK - n2lcn0137, task 53  5 [3976323]: mask |--------|--------||--------|--------||--------|BBBBBBBB||--------|--------||||--------|--------||--------|--------||--------|--------||--------|--------|  set
cpu-bind=MASK - n2lcn0147, task 117  5 [807993]: mask |--------|--------||--------|--------||--------|BBBBBBBB||--------|--------||||--------|--------||--------|--------||--------|--------||--------|--------|  set
cpu-bind=MASK - n2lcn0137, task 54  6 [3976324]: mask |--------|--------||--------|--------||--------|--------||BBBBBBBB|--------||||--------|--------||--------|--------||--------|--------||--------|--------|  set
cpu-bind=MASK - n2lcn0139, task 80  0 [1363108]: mask |BBBBBBBB|--------||--------|--------||--------|--------||--------|--------||||--------|--------||--------|--------||--------|--------||--------|--------|  set
cpu-bind=MASK - n2lcn0140, task 96  0 [2598564]: mask |BBBBBBBB|--------||--------|--------||--------|--------||--------|--------||||--------|--------||--------|--------||--------|--------||--------|--------|  set
cpu-bind=MASK - n2lcn0147, task 118  6 [807994]: mask |--------|--------||--------|--------||--------|--------||BBBBBBBB|--------||||--------|--------||--------|--------||--------|--------||--------|--------|  set
cpu-bind=MASK - n2lcn0137, task 55  7 [3976325]: mask |--------|--------||--------|--------||--------|--------||--------|BBBBBBBB||||--------|--------||--------|--------||--------|--------||--------|--------|  set
cpu-bind=MASK - n2lcn0139, task 81  1 [1363109]: mask |--------|BBBBBBBB||--------|--------||--------|--------||--------|--------||||--------|--------||--------|--------||--------|--------||--------|--------|  set
cpu-bind=MASK - n2lcn0140, task 97  1 [2598565]: mask |--------|BBBBBBBB||--------|--------||--------|--------||--------|--------||||--------|--------||--------|--------||--------|--------||--------|--------|  set
cpu-bind=MASK - n2lcn0147, task 119  7 [807995]: mask |--------|--------||--------|--------||--------|--------||--------|BBBBBBBB||||--------|--------||--------|--------||--------|--------||--------|--------|  set
cpu-bind=MASK - n2lcn0137, task 56  8 [3976326]: mask |--------|--------||--------|--------||--------|--------||--------|--------||||BBBBBBBB|--------||--------|--------||--------|--------||--------|--------|  set
cpu-bind=MASK - n2lcn0139, task 82  2 [1363110]: mask |--------|--------||BBBBBBBB|--------||--------|--------||--------|--------||||--------|--------||--------|--------||--------|--------||--------|--------|  set
cpu-bind=MASK - n2lcn0140, task 98  2 [2598566]: mask |--------|--------||BBBBBBBB|--------||--------|--------||--------|--------||||--------|--------||--------|--------||--------|--------||--------|--------|  set
cpu-bind=MASK - n2lcn0147, task 120  8 [807996]: mask |--------|--------||--------|--------||--------|--------||--------|--------||||BBBBBBBB|--------||--------|--------||--------|--------||--------|--------|  set
cpu-bind=MASK - n2lcn0137, task 57  9 [3976327]: mask |--------|--------||--------|--------||--------|--------||--------|--------||||--------|BBBBBBBB||--------|--------||--------|--------||--------|--------|  set
cpu-bind=MASK - n2lcn0139, task 83  3 [1363111]: mask |--------|--------||--------|BBBBBBBB||--------|--------||--------|--------||||--------|--------||--------|--------||--------|--------||--------|--------|  set
cpu-bind=MASK - n2lcn0105, task  0  0 [3104408]: mask |BBBBBBBB|--------||--------|--------||--------|--------||--------|--------||||--------|--------||--------|--------||--------|--------||--------|--------|  set
cpu-bind=MASK - n2lcn0140, task 99  3 [2598567]: mask |--------|--------||--------|BBBBBBBB||--------|--------||--------|--------||||--------|--------||--------|--------||--------|--------||--------|--------|  set
cpu-bind=MASK - n2lcn0147, task 121  9 [807997]: mask |--------|--------||--------|--------||--------|--------||--------|--------||||--------|BBBBBBBB||--------|--------||--------|--------||--------|--------|  set
cpu-bind=MASK - n2lcn0137, task 58 10 [3976328]: mask |--------|--------||--------|--------||--------|--------||--------|--------||||--------|--------||BBBBBBBB|--------||--------|--------||--------|--------|  set
cpu-bind=MASK - n2lcn0139, task 84  4 [1363112]: mask |--------|--------||--------|--------||BBBBBBBB|--------||--------|--------||||--------|--------||--------|--------||--------|--------||--------|--------|  set
cpu-bind=MASK - n2lcn0147, task 122 10 [807998]: mask |--------|--------||--------|--------||--------|--------||--------|--------||||--------|--------||BBBBBBBB|--------||--------|--------||--------|--------|  set
cpu-bind=MASK - n2lcn0105, task  1  1 [3104409]: mask |--------|BBBBBBBB||--------|--------||--------|--------||--------|--------||||--------|--------||--------|--------||--------|--------||--------|--------|  set
cpu-bind=MASK - n2lcn0140, task 100  4 [2598568]: mask |--------|--------||--------|--------||BBBBBBBB|--------||--------|--------||||--------|--------||--------|--------||--------|--------||--------|--------|  set
cpu-bind=MASK - n2lcn0137, task 59 11 [3976329]: mask |--------|--------||--------|--------||--------|--------||--------|--------||||--------|--------||--------|BBBBBBBB||--------|--------||--------|--------|  set
cpu-bind=MASK - n2lcn0139, task 85  5 [1363113]: mask |--------|--------||--------|--------||--------|BBBBBBBB||--------|--------||||--------|--------||--------|--------||--------|--------||--------|--------|  set
cpu-bind=MASK - n2lcn0147, task 123 11 [807999]: mask |--------|--------||--------|--------||--------|--------||--------|--------||||--------|--------||--------|BBBBBBBB||--------|--------||--------|--------|  set
cpu-bind=MASK - n2lcn0105, task  2  2 [3104410]: mask |--------|--------||BBBBBBBB|--------||--------|--------||--------|--------||||--------|--------||--------|--------||--------|--------||--------|--------|  set
cpu-bind=MASK - n2lcn0140, task 101  5 [2598569]: mask |--------|--------||--------|--------||--------|BBBBBBBB||--------|--------||||--------|--------||--------|--------||--------|--------||--------|--------|  set
cpu-bind=MASK - n2lcn0137, task 60 12 [3976330]: mask |--------|--------||--------|--------||--------|--------||--------|--------||||--------|--------||--------|--------||BBBBBBBB|--------||--------|--------|  set
cpu-bind=MASK - n2lcn0139, task 86  6 [1363114]: mask |--------|--------||--------|--------||--------|--------||BBBBBBBB|--------||||--------|--------||--------|--------||--------|--------||--------|--------|  set
cpu-bind=MASK - n2lcn0135, task 16  0 [1196452]: mask |BBBBBBBB|--------||--------|--------||--------|--------||--------|--------||||--------|--------||--------|--------||--------|--------||--------|--------|  set
cpu-bind=MASK - n2lcn0105, task  3  3 [3104411]: mask |--------|--------||--------|BBBBBBBB||--------|--------||--------|--------||||--------|--------||--------|--------||--------|--------||--------|--------|  set
cpu-bind=MASK - n2lcn0138, task 64  0 [3388346]: mask |BBBBBBBB|--------||--------|--------||--------|--------||--------|--------||||--------|--------||--------|--------||--------|--------||--------|--------|  set
cpu-bind=MASK - n2lcn0147, task 124 12 [808000]: mask |--------|--------||--------|--------||--------|--------||--------|--------||||--------|--------||--------|--------||BBBBBBBB|--------||--------|--------|  set
cpu-bind=MASK - n2lcn0140, task 102  6 [2598570]: mask |--------|--------||--------|--------||--------|--------||BBBBBBBB|--------||||--------|--------||--------|--------||--------|--------||--------|--------|  set
cpu-bind=MASK - n2lcn0137, task 61 13 [3976331]: mask |--------|--------||--------|--------||--------|--------||--------|--------||||--------|--------||--------|--------||--------|BBBBBBBB||--------|--------|  set
cpu-bind=MASK - n2lcn0135, task 17  1 [1196453]: mask |--------|BBBBBBBB||--------|--------||--------|--------||--------|--------||||--------|--------||--------|--------||--------|--------||--------|--------|  set
cpu-bind=MASK - n2lcn0139, task 87  7 [1363115]: mask |--------|--------||--------|--------||--------|--------||--------|BBBBBBBB||||--------|--------||--------|--------||--------|--------||--------|--------|  set
cpu-bind=MASK - n2lcn0147, task 125 13 [808001]: mask |--------|--------||--------|--------||--------|--------||--------|--------||||--------|--------||--------|--------||--------|BBBBBBBB||--------|--------|  set
cpu-bind=MASK - n2lcn0105, task  4  4 [3104412]: mask |--------|--------||--------|--------||BBBBBBBB|--------||--------|--------||||--------|--------||--------|--------||--------|--------||--------|--------|  set
cpu-bind=MASK - n2lcn0138, task 65  1 [3388347]: mask |--------|BBBBBBBB||--------|--------||--------|--------||--------|--------||||--------|--------||--------|--------||--------|--------||--------|--------|  set
cpu-bind=MASK - n2lcn0140, task 103  7 [2598571]: mask |--------|--------||--------|--------||--------|--------||--------|BBBBBBBB||||--------|--------||--------|--------||--------|--------||--------|--------|  set
cpu-bind=MASK - n2lcn0137, task 62 14 [3976332]: mask |--------|--------||--------|--------||--------|--------||--------|--------||||--------|--------||--------|--------||--------|--------||BBBBBBBB|--------|  set
cpu-bind=MASK - n2lcn0135, task 18  2 [1196454]: mask |--------|--------||BBBBBBBB|--------||--------|--------||--------|--------||||--------|--------||--------|--------||--------|--------||--------|--------|  set
cpu-bind=MASK - n2lcn0139, task 88  8 [1363116]: mask |--------|--------||--------|--------||--------|--------||--------|--------||||BBBBBBBB|--------||--------|--------||--------|--------||--------|--------|  set
cpu-bind=MASK - n2lcn0147, task 126 14 [808002]: mask |--------|--------||--------|--------||--------|--------||--------|--------||||--------|--------||--------|--------||--------|--------||BBBBBBBB|--------|  set
cpu-bind=MASK - n2lcn0105, task  5  5 [3104413]: mask |--------|--------||--------|--------||--------|BBBBBBBB||--------|--------||||--------|--------||--------|--------||--------|--------||--------|--------|  set
cpu-bind=MASK - n2lcn0138, task 66  2 [3388348]: mask |--------|--------||BBBBBBBB|--------||--------|--------||--------|--------||||--------|--------||--------|--------||--------|--------||--------|--------|  set
cpu-bind=MASK - n2lcn0140, task 104  8 [2598572]: mask |--------|--------||--------|--------||--------|--------||--------|--------||||BBBBBBBB|--------||--------|--------||--------|--------||--------|--------|  set
cpu-bind=MASK - n2lcn0135, task 19  3 [1196455]: mask |--------|--------||--------|BBBBBBBB||--------|--------||--------|--------||||--------|--------||--------|--------||--------|--------||--------|--------|  set
cpu-bind=MASK - n2lcn0139, task 89  9 [1363117]: mask |--------|--------||--------|--------||--------|--------||--------|--------||||--------|BBBBBBBB||--------|--------||--------|--------||--------|--------|  set
cpu-bind=MASK - n2lcn0105, task  6  6 [3104414]: mask |--------|--------||--------|--------||--------|--------||BBBBBBBB|--------||||--------|--------||--------|--------||--------|--------||--------|--------|  set
cpu-bind=MASK - n2lcn0138, task 67  3 [3388349]: mask |--------|--------||--------|BBBBBBBB||--------|--------||--------|--------||||--------|--------||--------|--------||--------|--------||--------|--------|  set
cpu-bind=MASK - n2lcn0140, task 105  9 [2598573]: mask |--------|--------||--------|--------||--------|--------||--------|--------||||--------|BBBBBBBB||--------|--------||--------|--------||--------|--------|  set
cpu-bind=MASK - n2lcn0135, task 20  4 [1196456]: mask |--------|--------||--------|--------||BBBBBBBB|--------||--------|--------||||--------|--------||--------|--------||--------|--------||--------|--------|  set
cpu-bind=MASK - n2lcn0139, task 90 10 [1363118]: mask |--------|--------||--------|--------||--------|--------||--------|--------||||--------|--------||BBBBBBBB|--------||--------|--------||--------|--------|  set
cpu-bind=MASK - n2lcn0138, task 68  4 [3388350]: mask |--------|--------||--------|--------||BBBBBBBB|--------||--------|--------||||--------|--------||--------|--------||--------|--------||--------|--------|  set
cpu-bind=MASK - n2lcn0105, task  7  7 [3104415]: mask |--------|--------||--------|--------||--------|--------||--------|BBBBBBBB||||--------|--------||--------|--------||--------|--------||--------|--------|  set
cpu-bind=MASK - n2lcn0140, task 106 10 [2598574]: mask |--------|--------||--------|--------||--------|--------||--------|--------||||--------|--------||BBBBBBBB|--------||--------|--------||--------|--------|  set
cpu-bind=MASK - n2lcn0135, task 21  5 [1196457]: mask |--------|--------||--------|--------||--------|BBBBBBBB||--------|--------||||--------|--------||--------|--------||--------|--------||--------|--------|  set
cpu-bind=MASK - n2lcn0139, task 91 11 [1363119]: mask |--------|--------||--------|--------||--------|--------||--------|--------||||--------|--------||--------|BBBBBBBB||--------|--------||--------|--------|  set
cpu-bind=MASK - n2lcn0138, task 69  5 [3388351]: mask |--------|--------||--------|--------||--------|BBBBBBBB||--------|--------||||--------|--------||--------|--------||--------|--------||--------|--------|  set
cpu-bind=MASK - n2lcn0105, task  8  8 [3104416]: mask |--------|--------||--------|--------||--------|--------||--------|--------||||BBBBBBBB|--------||--------|--------||--------|--------||--------|--------|  set
cpu-bind=MASK - n2lcn0140, task 107 11 [2598575]: mask |--------|--------||--------|--------||--------|--------||--------|--------||||--------|--------||--------|BBBBBBBB||--------|--------||--------|--------|  set
cpu-bind=MASK - n2lcn0135, task 22  6 [1196458]: mask |--------|--------||--------|--------||--------|--------||BBBBBBBB|--------||||--------|--------||--------|--------||--------|--------||--------|--------|  set
cpu-bind=MASK - n2lcn0138, task 70  6 [3388352]: mask |--------|--------||--------|--------||--------|--------||BBBBBBBB|--------||||--------|--------||--------|--------||--------|--------||--------|--------|  set
cpu-bind=MASK - n2lcn0139, task 92 12 [1363120]: mask |--------|--------||--------|--------||--------|--------||--------|--------||||--------|--------||--------|--------||BBBBBBBB|--------||--------|--------|  set
cpu-bind=MASK - n2lcn0105, task  9  9 [3104417]: mask |--------|--------||--------|--------||--------|--------||--------|--------||||--------|BBBBBBBB||--------|--------||--------|--------||--------|--------|  set
cpu-bind=MASK - n2lcn0140, task 108 12 [2598576]: mask |--------|--------||--------|--------||--------|--------||--------|--------||||--------|--------||--------|--------||BBBBBBBB|--------||--------|--------|  set
cpu-bind=MASK - n2lcn0135, task 23  7 [1196459]: mask |--------|--------||--------|--------||--------|--------||--------|BBBBBBBB||||--------|--------||--------|--------||--------|--------||--------|--------|  set
cpu-bind=MASK - n2lcn0138, task 71  7 [3388353]: mask |--------|--------||--------|--------||--------|--------||--------|BBBBBBBB||||--------|--------||--------|--------||--------|--------||--------|--------|  set
cpu-bind=MASK - n2lcn0139, task 93 13 [1363121]: mask |--------|--------||--------|--------||--------|--------||--------|--------||||--------|--------||--------|--------||--------|BBBBBBBB||--------|--------|  set
cpu-bind=MASK - n2lcn0105, task 10 10 [3104418]: mask |--------|--------||--------|--------||--------|--------||--------|--------||||--------|--------||BBBBBBBB|--------||--------|--------||--------|--------|  set
cpu-bind=MASK - n2lcn0135, task 24  8 [1196460]: mask |--------|--------||--------|--------||--------|--------||--------|--------||||BBBBBBBB|--------||--------|--------||--------|--------||--------|--------|  set
cpu-bind=MASK - n2lcn0140, task 109 13 [2598577]: mask |--------|--------||--------|--------||--------|--------||--------|--------||||--------|--------||--------|--------||--------|BBBBBBBB||--------|--------|  set
cpu-bind=MASK - n2lcn0138, task 72  8 [3388354]: mask |--------|--------||--------|--------||--------|--------||--------|--------||||BBBBBBBB|--------||--------|--------||--------|--------||--------|--------|  set
cpu-bind=MASK - n2lcn0139, task 94 14 [1363122]: mask |--------|--------||--------|--------||--------|--------||--------|--------||||--------|--------||--------|--------||--------|--------||BBBBBBBB|--------|  set
cpu-bind=MASK - n2lcn0105, task 11 11 [3104419]: mask |--------|--------||--------|--------||--------|--------||--------|--------||||--------|--------||--------|BBBBBBBB||--------|--------||--------|--------|  set
cpu-bind=MASK - n2lcn0135, task 25  9 [1196461]: mask |--------|--------||--------|--------||--------|--------||--------|--------||||--------|BBBBBBBB||--------|--------||--------|--------||--------|--------|  set
cpu-bind=MASK - n2lcn0140, task 110 14 [2598578]: mask |--------|--------||--------|--------||--------|--------||--------|--------||||--------|--------||--------|--------||--------|--------||BBBBBBBB|--------|  set
cpu-bind=MASK - n2lcn0138, task 73  9 [3388355]: mask |--------|--------||--------|--------||--------|--------||--------|--------||||--------|BBBBBBBB||--------|--------||--------|--------||--------|--------|  set
cpu-bind=MASK - n2lcn0135, task 26 10 [1196462]: mask |--------|--------||--------|--------||--------|--------||--------|--------||||--------|--------||BBBBBBBB|--------||--------|--------||--------|--------|  set
cpu-bind=MASK - n2lcn0105, task 12 12 [3104420]: mask |--------|--------||--------|--------||--------|--------||--------|--------||||--------|--------||--------|--------||BBBBBBBB|--------||--------|--------|  set
cpu-bind=MASK - n2lcn0137, task 63 15 [3976333]: mask |--------|--------||--------|--------||--------|--------||--------|--------||||--------|--------||--------|--------||--------|--------||--------|BBBBBBBB|  set
cpu-bind=MASK - n2lcn0138, task 74 10 [3388356]: mask |--------|--------||--------|--------||--------|--------||--------|--------||||--------|--------||BBBBBBBB|--------||--------|--------||--------|--------|  set
cpu-bind=MASK - n2lcn0147, task 127 15 [808003]: mask |--------|--------||--------|--------||--------|--------||--------|--------||||--------|--------||--------|--------||--------|--------||--------|BBBBBBBB|  set
cpu-bind=MASK - n2lcn0135, task 27 11 [1196463]: mask |--------|--------||--------|--------||--------|--------||--------|--------||||--------|--------||--------|BBBBBBBB||--------|--------||--------|--------|  set
cpu-bind=MASK - n2lcn0105, task 13 13 [3104421]: mask |--------|--------||--------|--------||--------|--------||--------|--------||||--------|--------||--------|--------||--------|BBBBBBBB||--------|--------|  set
cpu-bind=MASK - n2lcn0138, task 75 11 [3388357]: mask |--------|--------||--------|--------||--------|--------||--------|--------||||--------|--------||--------|BBBBBBBB||--------|--------||--------|--------|  set
cpu-bind=MASK - n2lcn0135, task 28 12 [1196464]: mask |--------|--------||--------|--------||--------|--------||--------|--------||||--------|--------||--------|--------||BBBBBBBB|--------||--------|--------|  set
cpu-bind=MASK - n2lcn0105, task 14 14 [3104422]: mask |--------|--------||--------|--------||--------|--------||--------|--------||||--------|--------||--------|--------||--------|--------||BBBBBBBB|--------|  set
cpu-bind=MASK - n2lcn0138, task 76 12 [3388358]: mask |--------|--------||--------|--------||--------|--------||--------|--------||||--------|--------||--------|--------||BBBBBBBB|--------||--------|--------|  set
cpu-bind=MASK - n2lcn0135, task 29 13 [1196465]: mask |--------|--------||--------|--------||--------|--------||--------|--------||||--------|--------||--------|--------||--------|BBBBBBBB||--------|--------|  set
cpu-bind=MASK - n2lcn0138, task 77 13 [3388359]: mask |--------|--------||--------|--------||--------|--------||--------|--------||||--------|--------||--------|--------||--------|BBBBBBBB||--------|--------|  set
cpu-bind=MASK - n2lcn0135, task 30 14 [1196466]: mask |--------|--------||--------|--------||--------|--------||--------|--------||||--------|--------||--------|--------||--------|--------||BBBBBBBB|--------|  set
cpu-bind=MASK - n2lcn0138, task 78 14 [3388360]: mask |--------|--------||--------|--------||--------|--------||--------|--------||||--------|--------||--------|--------||--------|--------||BBBBBBBB|--------|  set
cpu-bind=MASK - n2lcn0139, task 95 15 [1363123]: mask |--------|--------||--------|--------||--------|--------||--------|--------||||--------|--------||--------|--------||--------|--------||--------|BBBBBBBB|  set
cpu-bind=MASK - n2lcn0140, task 111 15 [2598579]: mask |--------|--------||--------|--------||--------|--------||--------|--------||||--------|--------||--------|--------||--------|--------||--------|BBBBBBBB|  set
cpu-bind=MASK - n2lcn0105, task 15 15 [3104423]: mask |--------|--------||--------|--------||--------|--------||--------|--------||||--------|--------||--------|--------||--------|--------||--------|BBBBBBBB|  set
cpu-bind=MASK - n2lcn0135, task 31 15 [1196467]: mask |--------|--------||--------|--------||--------|--------||--------|--------||||--------|--------||--------|--------||--------|--------||--------|BBBBBBBB|  set
cpu-bind=MASK - n2lcn0138, task 79 15 [3388361]: mask |--------|--------||--------|--------||--------|--------||--------|--------||||--------|--------||--------|--------||--------|--------||--------|BBBBBBBB|  set
cpu-bind=MASK - n2lcn0136, task 32  0 [2869300]: mask |BBBBBBBB|--------||--------|--------||--------|--------||--------|--------||||--------|--------||--------|--------||--------|--------||--------|--------|  set
cpu-bind=MASK - n2lcn0136, task 33  1 [2869301]: mask |--------|BBBBBBBB||--------|--------||--------|--------||--------|--------||||--------|--------||--------|--------||--------|--------||--------|--------|  set
cpu-bind=MASK - n2lcn0136, task 34  2 [2869302]: mask |--------|--------||BBBBBBBB|--------||--------|--------||--------|--------||||--------|--------||--------|--------||--------|--------||--------|--------|  set
cpu-bind=MASK - n2lcn0136, task 35  3 [2869303]: mask |--------|--------||--------|BBBBBBBB||--------|--------||--------|--------||||--------|--------||--------|--------||--------|--------||--------|--------|  set
cpu-bind=MASK - n2lcn0136, task 36  4 [2869304]: mask |--------|--------||--------|--------||BBBBBBBB|--------||--------|--------||||--------|--------||--------|--------||--------|--------||--------|--------|  set
cpu-bind=MASK - n2lcn0136, task 37  5 [2869305]: mask |--------|--------||--------|--------||--------|BBBBBBBB||--------|--------||||--------|--------||--------|--------||--------|--------||--------|--------|  set
cpu-bind=MASK - n2lcn0136, task 38  6 [2869306]: mask |--------|--------||--------|--------||--------|--------||BBBBBBBB|--------||||--------|--------||--------|--------||--------|--------||--------|--------|  set
cpu-bind=MASK - n2lcn0136, task 39  7 [2869307]: mask |--------|--------||--------|--------||--------|--------||--------|BBBBBBBB||||--------|--------||--------|--------||--------|--------||--------|--------|  set
cpu-bind=MASK - n2lcn0136, task 40  8 [2869308]: mask |--------|--------||--------|--------||--------|--------||--------|--------||||BBBBBBBB|--------||--------|--------||--------|--------||--------|--------|  set
cpu-bind=MASK - n2lcn0136, task 41  9 [2869309]: mask |--------|--------||--------|--------||--------|--------||--------|--------||||--------|BBBBBBBB||--------|--------||--------|--------||--------|--------|  set
cpu-bind=MASK - n2lcn0136, task 42 10 [2869310]: mask |--------|--------||--------|--------||--------|--------||--------|--------||||--------|--------||BBBBBBBB|--------||--------|--------||--------|--------|  set
cpu-bind=MASK - n2lcn0136, task 43 11 [2869311]: mask |--------|--------||--------|--------||--------|--------||--------|--------||||--------|--------||--------|BBBBBBBB||--------|--------||--------|--------|  set
cpu-bind=MASK - n2lcn0136, task 44 12 [2869312]: mask |--------|--------||--------|--------||--------|--------||--------|--------||||--------|--------||--------|--------||BBBBBBBB|--------||--------|--------|  set
cpu-bind=MASK - n2lcn0136, task 45 13 [2869313]: mask |--------|--------||--------|--------||--------|--------||--------|--------||||--------|--------||--------|--------||--------|BBBBBBBB||--------|--------|  set
cpu-bind=MASK - n2lcn0136, task 46 14 [2869314]: mask |--------|--------||--------|--------||--------|--------||--------|--------||||--------|--------||--------|--------||--------|--------||BBBBBBBB|--------|  set
cpu-bind=MASK - n2lcn0136, task 47 15 [2869315]: mask |--------|--------||--------|--------||--------|--------||--------|--------||||--------|--------||--------|--------||--------|--------||--------|BBBBBBBB|  set
srun: Job step aborted: Waiting up to 32 seconds for job step to finish.
slurmstepd: error: *** STEP 27130352.0 ON n2lcn0105 CANCELLED AT 2025-09-22T09:56:45 ***
slurmstepd: error: *** JOB 27130352 ON n2lcn0105 CANCELLED AT 2025-09-22T09:56:45 ***
