cpu-bind=MASK - n2cn0322, task  0  0 [25426]: mask |BBBBBBBB|BBBBBBBB||BBBBBBBB|BBBBBBBB||BBBBBBBB|BBBBBBBB||BBBBBBBB|BBBBBBBB||||BBBBBBBB|BBBBBBBB||BBBBBBBB|BBBBBBBB||BBBBBBBB|BBBBBBBB||BBBBBBBB|BBBBBBBB|  set
The following modules were not unloaded:
  (Use "module --force purge" to unload all):

  1) pc2fs   2) slurm/24.11.5-1   3) DefaultModules
cpu-bind=MASK - n2cn0481, task 32  0 [24581]: mask |BBBBBBBB|--------||--------|--------||--------|--------||--------|--------||||--------|--------||--------|--------||--------|--------||--------|--------|  set
cpu-bind=MASK - n2cn0481, task 33  1 [24582]: mask |--------|BBBBBBBB||--------|--------||--------|--------||--------|--------||||--------|--------||--------|--------||--------|--------||--------|--------|  set
cpu-bind=MASK - n2cn0481, task 34  2 [24583]: mask |--------|--------||BBBBBBBB|--------||--------|--------||--------|--------||||--------|--------||--------|--------||--------|--------||--------|--------|  set
cpu-bind=MASK - n2cn0481, task 35  3 [24584]: mask |--------|--------||--------|BBBBBBBB||--------|--------||--------|--------||||--------|--------||--------|--------||--------|--------||--------|--------|  set
cpu-bind=MASK - n2cn0481, task 36  4 [24585]: mask |--------|--------||--------|--------||BBBBBBBB|--------||--------|--------||||--------|--------||--------|--------||--------|--------||--------|--------|  set
cpu-bind=MASK - n2cn0481, task 37  5 [24586]: mask |--------|--------||--------|--------||--------|BBBBBBBB||--------|--------||||--------|--------||--------|--------||--------|--------||--------|--------|  set
cpu-bind=MASK - n2cn0481, task 38  6 [24587]: mask |--------|--------||--------|--------||--------|--------||BBBBBBBB|--------||||--------|--------||--------|--------||--------|--------||--------|--------|  set
cpu-bind=MASK - n2cn0481, task 39  7 [24588]: mask |--------|--------||--------|--------||--------|--------||--------|BBBBBBBB||||--------|--------||--------|--------||--------|--------||--------|--------|  set
cpu-bind=MASK - n2cn0481, task 40  8 [24589]: mask |--------|--------||--------|--------||--------|--------||--------|--------||||BBBBBBBB|--------||--------|--------||--------|--------||--------|--------|  set
cpu-bind=MASK - n2cn0481, task 41  9 [24590]: mask |--------|--------||--------|--------||--------|--------||--------|--------||||--------|BBBBBBBB||--------|--------||--------|--------||--------|--------|  set
cpu-bind=MASK - n2cn0481, task 42 10 [24591]: mask |--------|--------||--------|--------||--------|--------||--------|--------||||--------|--------||BBBBBBBB|--------||--------|--------||--------|--------|  set
cpu-bind=MASK - n2cn0481, task 43 11 [24592]: mask |--------|--------||--------|--------||--------|--------||--------|--------||||--------|--------||--------|BBBBBBBB||--------|--------||--------|--------|  set
cpu-bind=MASK - n2cn0481, task 44 12 [24593]: mask |--------|--------||--------|--------||--------|--------||--------|--------||||--------|--------||--------|--------||BBBBBBBB|--------||--------|--------|  set
cpu-bind=MASK - n2cn0481, task 45 13 [24594]: mask |--------|--------||--------|--------||--------|--------||--------|--------||||--------|--------||--------|--------||--------|BBBBBBBB||--------|--------|  set
cpu-bind=MASK - n2cn0481, task 46 14 [24595]: mask |--------|--------||--------|--------||--------|--------||--------|--------||||--------|--------||--------|--------||--------|--------||BBBBBBBB|--------|  set
cpu-bind=MASK - n2cn0542, task 80  0 [23663]: mask |BBBBBBBB|--------||--------|--------||--------|--------||--------|--------||||--------|--------||--------|--------||--------|--------||--------|--------|  set
cpu-bind=MASK - n2cn0542, task 81  1 [23664]: mask |--------|BBBBBBBB||--------|--------||--------|--------||--------|--------||||--------|--------||--------|--------||--------|--------||--------|--------|  set
cpu-bind=MASK - n2cn0542, task 82  2 [23665]: mask |--------|--------||BBBBBBBB|--------||--------|--------||--------|--------||||--------|--------||--------|--------||--------|--------||--------|--------|  set
cpu-bind=MASK - n2cn0542, task 83  3 [23666]: mask |--------|--------||--------|BBBBBBBB||--------|--------||--------|--------||||--------|--------||--------|--------||--------|--------||--------|--------|  set
cpu-bind=MASK - n2cn0481, task 47 15 [24596]: mask |--------|--------||--------|--------||--------|--------||--------|--------||||--------|--------||--------|--------||--------|--------||--------|BBBBBBBB|  set
cpu-bind=MASK - n2cn0542, task 84  4 [23667]: mask |--------|--------||--------|--------||BBBBBBBB|--------||--------|--------||||--------|--------||--------|--------||--------|--------||--------|--------|  set
cpu-bind=MASK - n2cn0542, task 85  5 [23668]: mask |--------|--------||--------|--------||--------|BBBBBBBB||--------|--------||||--------|--------||--------|--------||--------|--------||--------|--------|  set
cpu-bind=MASK - n2cn0542, task 86  6 [23669]: mask |--------|--------||--------|--------||--------|--------||BBBBBBBB|--------||||--------|--------||--------|--------||--------|--------||--------|--------|  set
cpu-bind=MASK - n2cn0542, task 87  7 [23670]: mask |--------|--------||--------|--------||--------|--------||--------|BBBBBBBB||||--------|--------||--------|--------||--------|--------||--------|--------|  set
cpu-bind=MASK - n2cn0542, task 88  8 [23671]: mask |--------|--------||--------|--------||--------|--------||--------|--------||||BBBBBBBB|--------||--------|--------||--------|--------||--------|--------|  set
cpu-bind=MASK - n2cn0542, task 89  9 [23672]: mask |--------|--------||--------|--------||--------|--------||--------|--------||||--------|BBBBBBBB||--------|--------||--------|--------||--------|--------|  set
cpu-bind=MASK - n2cn0322, task  0  0 [25895]: mask |BBBBBBBB|--------||--------|--------||--------|--------||--------|--------||||--------|--------||--------|--------||--------|--------||--------|--------|  set
cpu-bind=MASK - n2cn0542, task 90 10 [23673]: mask |--------|--------||--------|--------||--------|--------||--------|--------||||--------|--------||BBBBBBBB|--------||--------|--------||--------|--------|  set
cpu-bind=MASK - n2cn0542, task 91 11 [23674]: mask |--------|--------||--------|--------||--------|--------||--------|--------||||--------|--------||--------|BBBBBBBB||--------|--------||--------|--------|  set
cpu-bind=MASK - n2cn0322, task  1  1 [25896]: mask |--------|BBBBBBBB||--------|--------||--------|--------||--------|--------||||--------|--------||--------|--------||--------|--------||--------|--------|  set
cpu-bind=MASK - n2cn0542, task 92 12 [23675]: mask |--------|--------||--------|--------||--------|--------||--------|--------||||--------|--------||--------|--------||BBBBBBBB|--------||--------|--------|  set
cpu-bind=MASK - n2cn0322, task  2  2 [25897]: mask |--------|--------||BBBBBBBB|--------||--------|--------||--------|--------||||--------|--------||--------|--------||--------|--------||--------|--------|  set
cpu-bind=MASK - n2cn0542, task 93 13 [23676]: mask |--------|--------||--------|--------||--------|--------||--------|--------||||--------|--------||--------|--------||--------|BBBBBBBB||--------|--------|  set
cpu-bind=MASK - n2cn0322, task  3  3 [25898]: mask |--------|--------||--------|BBBBBBBB||--------|--------||--------|--------||||--------|--------||--------|--------||--------|--------||--------|--------|  set
cpu-bind=MASK - n2cn0542, task 94 14 [23677]: mask |--------|--------||--------|--------||--------|--------||--------|--------||||--------|--------||--------|--------||--------|--------||BBBBBBBB|--------|  set
cpu-bind=MASK - n2cn0322, task  4  4 [25899]: mask |--------|--------||--------|--------||BBBBBBBB|--------||--------|--------||||--------|--------||--------|--------||--------|--------||--------|--------|  set
cpu-bind=MASK - n2cn0322, task  5  5 [25900]: mask |--------|--------||--------|--------||--------|BBBBBBBB||--------|--------||||--------|--------||--------|--------||--------|--------||--------|--------|  set
cpu-bind=MASK - n2cn0322, task  6  6 [25901]: mask |--------|--------||--------|--------||--------|--------||BBBBBBBB|--------||||--------|--------||--------|--------||--------|--------||--------|--------|  set
cpu-bind=MASK - n2cn0322, task  7  7 [25902]: mask |--------|--------||--------|--------||--------|--------||--------|BBBBBBBB||||--------|--------||--------|--------||--------|--------||--------|--------|  set
cpu-bind=MASK - n2cn0322, task  8  8 [25903]: mask |--------|--------||--------|--------||--------|--------||--------|--------||||BBBBBBBB|--------||--------|--------||--------|--------||--------|--------|  set
cpu-bind=MASK - n2cn0322, task  9  9 [25904]: mask |--------|--------||--------|--------||--------|--------||--------|--------||||--------|BBBBBBBB||--------|--------||--------|--------||--------|--------|  set
cpu-bind=MASK - n2cn0322, task 10 10 [25905]: mask |--------|--------||--------|--------||--------|--------||--------|--------||||--------|--------||BBBBBBBB|--------||--------|--------||--------|--------|  set
cpu-bind=MASK - n2cn0322, task 11 11 [25906]: mask |--------|--------||--------|--------||--------|--------||--------|--------||||--------|--------||--------|BBBBBBBB||--------|--------||--------|--------|  set
cpu-bind=MASK - n2cn0542, task 95 15 [23678]: mask |--------|--------||--------|--------||--------|--------||--------|--------||||--------|--------||--------|--------||--------|--------||--------|BBBBBBBB|  set
cpu-bind=MASK - n2cn0322, task 12 12 [25907]: mask |--------|--------||--------|--------||--------|--------||--------|--------||||--------|--------||--------|--------||BBBBBBBB|--------||--------|--------|  set
cpu-bind=MASK - n2cn0322, task 13 13 [25908]: mask |--------|--------||--------|--------||--------|--------||--------|--------||||--------|--------||--------|--------||--------|BBBBBBBB||--------|--------|  set
cpu-bind=MASK - n2cn0322, task 14 14 [25909]: mask |--------|--------||--------|--------||--------|--------||--------|--------||||--------|--------||--------|--------||--------|--------||BBBBBBBB|--------|  set
cpu-bind=MASK - n2cn0867, task 96  0 [22713]: mask |BBBBBBBB|--------||--------|--------||--------|--------||--------|--------||||--------|--------||--------|--------||--------|--------||--------|--------|  set
cpu-bind=MASK - n2cn0867, task 97  1 [22714]: mask |--------|BBBBBBBB||--------|--------||--------|--------||--------|--------||||--------|--------||--------|--------||--------|--------||--------|--------|  set
cpu-bind=MASK - n2cn0869, task 112  0 [26747]: mask |BBBBBBBB|--------||--------|--------||--------|--------||--------|--------||||--------|--------||--------|--------||--------|--------||--------|--------|  set
cpu-bind=MASK - n2cn0867, task 98  2 [22715]: mask |--------|--------||BBBBBBBB|--------||--------|--------||--------|--------||||--------|--------||--------|--------||--------|--------||--------|--------|  set
cpu-bind=MASK - n2cn0869, task 113  1 [26748]: mask |--------|BBBBBBBB||--------|--------||--------|--------||--------|--------||||--------|--------||--------|--------||--------|--------||--------|--------|  set
cpu-bind=MASK - n2cn0867, task 99  3 [22716]: mask |--------|--------||--------|BBBBBBBB||--------|--------||--------|--------||||--------|--------||--------|--------||--------|--------||--------|--------|  set
cpu-bind=MASK - n2cn0869, task 114  2 [26749]: mask |--------|--------||BBBBBBBB|--------||--------|--------||--------|--------||||--------|--------||--------|--------||--------|--------||--------|--------|  set
cpu-bind=MASK - n2cn0867, task 100  4 [22717]: mask |--------|--------||--------|--------||BBBBBBBB|--------||--------|--------||||--------|--------||--------|--------||--------|--------||--------|--------|  set
cpu-bind=MASK - n2cn0869, task 115  3 [26750]: mask |--------|--------||--------|BBBBBBBB||--------|--------||--------|--------||||--------|--------||--------|--------||--------|--------||--------|--------|  set
cpu-bind=MASK - n2cn0867, task 101  5 [22718]: mask |--------|--------||--------|--------||--------|BBBBBBBB||--------|--------||||--------|--------||--------|--------||--------|--------||--------|--------|  set
cpu-bind=MASK - n2cn0869, task 116  4 [26751]: mask |--------|--------||--------|--------||BBBBBBBB|--------||--------|--------||||--------|--------||--------|--------||--------|--------||--------|--------|  set
cpu-bind=MASK - n2cn0867, task 102  6 [22719]: mask |--------|--------||--------|--------||--------|--------||BBBBBBBB|--------||||--------|--------||--------|--------||--------|--------||--------|--------|  set
cpu-bind=MASK - n2cn0869, task 117  5 [26752]: mask |--------|--------||--------|--------||--------|BBBBBBBB||--------|--------||||--------|--------||--------|--------||--------|--------||--------|--------|  set
cpu-bind=MASK - n2cn0322, task 15 15 [25910]: mask |--------|--------||--------|--------||--------|--------||--------|--------||||--------|--------||--------|--------||--------|--------||--------|BBBBBBBB|  set
cpu-bind=MASK - n2cn0867, task 103  7 [22720]: mask |--------|--------||--------|--------||--------|--------||--------|BBBBBBBB||||--------|--------||--------|--------||--------|--------||--------|--------|  set
cpu-bind=MASK - n2cn0869, task 118  6 [26753]: mask |--------|--------||--------|--------||--------|--------||BBBBBBBB|--------||||--------|--------||--------|--------||--------|--------||--------|--------|  set
cpu-bind=MASK - n2cn0867, task 104  8 [22721]: mask |--------|--------||--------|--------||--------|--------||--------|--------||||BBBBBBBB|--------||--------|--------||--------|--------||--------|--------|  set
cpu-bind=MASK - n2cn0869, task 119  7 [26754]: mask |--------|--------||--------|--------||--------|--------||--------|BBBBBBBB||||--------|--------||--------|--------||--------|--------||--------|--------|  set
cpu-bind=MASK - n2cn0867, task 105  9 [22722]: mask |--------|--------||--------|--------||--------|--------||--------|--------||||--------|BBBBBBBB||--------|--------||--------|--------||--------|--------|  set
cpu-bind=MASK - n2cn0869, task 120  8 [26755]: mask |--------|--------||--------|--------||--------|--------||--------|--------||||BBBBBBBB|--------||--------|--------||--------|--------||--------|--------|  set
cpu-bind=MASK - n2cn0867, task 106 10 [22723]: mask |--------|--------||--------|--------||--------|--------||--------|--------||||--------|--------||BBBBBBBB|--------||--------|--------||--------|--------|  set
cpu-bind=MASK - n2cn0869, task 121  9 [26756]: mask |--------|--------||--------|--------||--------|--------||--------|--------||||--------|BBBBBBBB||--------|--------||--------|--------||--------|--------|  set
cpu-bind=MASK - n2cn0867, task 107 11 [22724]: mask |--------|--------||--------|--------||--------|--------||--------|--------||||--------|--------||--------|BBBBBBBB||--------|--------||--------|--------|  set
cpu-bind=MASK - n2cn0869, task 122 10 [26757]: mask |--------|--------||--------|--------||--------|--------||--------|--------||||--------|--------||BBBBBBBB|--------||--------|--------||--------|--------|  set
cpu-bind=MASK - n2cn0867, task 108 12 [22725]: mask |--------|--------||--------|--------||--------|--------||--------|--------||||--------|--------||--------|--------||BBBBBBBB|--------||--------|--------|  set
cpu-bind=MASK - n2cn0869, task 123 11 [26758]: mask |--------|--------||--------|--------||--------|--------||--------|--------||||--------|--------||--------|BBBBBBBB||--------|--------||--------|--------|  set
cpu-bind=MASK - n2cn0867, task 109 13 [22726]: mask |--------|--------||--------|--------||--------|--------||--------|--------||||--------|--------||--------|--------||--------|BBBBBBBB||--------|--------|  set
cpu-bind=MASK - n2cn0869, task 124 12 [26759]: mask |--------|--------||--------|--------||--------|--------||--------|--------||||--------|--------||--------|--------||BBBBBBBB|--------||--------|--------|  set
cpu-bind=MASK - n2cn0867, task 110 14 [22727]: mask |--------|--------||--------|--------||--------|--------||--------|--------||||--------|--------||--------|--------||--------|--------||BBBBBBBB|--------|  set
cpu-bind=MASK - n2cn0869, task 125 13 [26760]: mask |--------|--------||--------|--------||--------|--------||--------|--------||||--------|--------||--------|--------||--------|BBBBBBBB||--------|--------|  set
cpu-bind=MASK - n2cn0869, task 126 14 [26761]: mask |--------|--------||--------|--------||--------|--------||--------|--------||||--------|--------||--------|--------||--------|--------||BBBBBBBB|--------|  set
cpu-bind=MASK - n2cn0482, task 48  0 [24262]: mask |BBBBBBBB|--------||--------|--------||--------|--------||--------|--------||||--------|--------||--------|--------||--------|--------||--------|--------|  set
cpu-bind=MASK - n2cn0482, task 49  1 [24263]: mask |--------|BBBBBBBB||--------|--------||--------|--------||--------|--------||||--------|--------||--------|--------||--------|--------||--------|--------|  set
cpu-bind=MASK - n2cn0482, task 50  2 [24264]: mask |--------|--------||BBBBBBBB|--------||--------|--------||--------|--------||||--------|--------||--------|--------||--------|--------||--------|--------|  set
cpu-bind=MASK - n2cn0482, task 51  3 [24265]: mask |--------|--------||--------|BBBBBBBB||--------|--------||--------|--------||||--------|--------||--------|--------||--------|--------||--------|--------|  set
cpu-bind=MASK - n2cn0482, task 52  4 [24266]: mask |--------|--------||--------|--------||BBBBBBBB|--------||--------|--------||||--------|--------||--------|--------||--------|--------||--------|--------|  set
cpu-bind=MASK - n2cn0482, task 53  5 [24267]: mask |--------|--------||--------|--------||--------|BBBBBBBB||--------|--------||||--------|--------||--------|--------||--------|--------||--------|--------|  set
cpu-bind=MASK - n2cn0482, task 54  6 [24268]: mask |--------|--------||--------|--------||--------|--------||BBBBBBBB|--------||||--------|--------||--------|--------||--------|--------||--------|--------|  set
cpu-bind=MASK - n2cn0867, task 111 15 [22728]: mask |--------|--------||--------|--------||--------|--------||--------|--------||||--------|--------||--------|--------||--------|--------||--------|BBBBBBBB|  set
cpu-bind=MASK - n2cn0482, task 55  7 [24269]: mask |--------|--------||--------|--------||--------|--------||--------|BBBBBBBB||||--------|--------||--------|--------||--------|--------||--------|--------|  set
cpu-bind=MASK - n2cn0869, task 127 15 [26762]: mask |--------|--------||--------|--------||--------|--------||--------|--------||||--------|--------||--------|--------||--------|--------||--------|BBBBBBBB|  set
cpu-bind=MASK - n2cn0482, task 56  8 [24270]: mask |--------|--------||--------|--------||--------|--------||--------|--------||||BBBBBBBB|--------||--------|--------||--------|--------||--------|--------|  set
cpu-bind=MASK - n2cn0482, task 57  9 [24271]: mask |--------|--------||--------|--------||--------|--------||--------|--------||||--------|BBBBBBBB||--------|--------||--------|--------||--------|--------|  set
cpu-bind=MASK - n2cn0482, task 58 10 [24272]: mask |--------|--------||--------|--------||--------|--------||--------|--------||||--------|--------||BBBBBBBB|--------||--------|--------||--------|--------|  set
cpu-bind=MASK - n2cn0482, task 59 11 [24273]: mask |--------|--------||--------|--------||--------|--------||--------|--------||||--------|--------||--------|BBBBBBBB||--------|--------||--------|--------|  set
cpu-bind=MASK - n2cn0482, task 60 12 [24274]: mask |--------|--------||--------|--------||--------|--------||--------|--------||||--------|--------||--------|--------||BBBBBBBB|--------||--------|--------|  set
cpu-bind=MASK - n2cn0482, task 61 13 [24275]: mask |--------|--------||--------|--------||--------|--------||--------|--------||||--------|--------||--------|--------||--------|BBBBBBBB||--------|--------|  set
cpu-bind=MASK - n2cn0482, task 62 14 [24276]: mask |--------|--------||--------|--------||--------|--------||--------|--------||||--------|--------||--------|--------||--------|--------||BBBBBBBB|--------|  set
cpu-bind=MASK - n2cn0324, task 16  0 [24821]: mask |BBBBBBBB|--------||--------|--------||--------|--------||--------|--------||||--------|--------||--------|--------||--------|--------||--------|--------|  set
cpu-bind=MASK - n2cn0324, task 17  1 [24822]: mask |--------|BBBBBBBB||--------|--------||--------|--------||--------|--------||||--------|--------||--------|--------||--------|--------||--------|--------|  set
cpu-bind=MASK - n2cn0324, task 18  2 [24823]: mask |--------|--------||BBBBBBBB|--------||--------|--------||--------|--------||||--------|--------||--------|--------||--------|--------||--------|--------|  set
cpu-bind=MASK - n2cn0324, task 19  3 [24824]: mask |--------|--------||--------|BBBBBBBB||--------|--------||--------|--------||||--------|--------||--------|--------||--------|--------||--------|--------|  set
cpu-bind=MASK - n2cn0324, task 20  4 [24825]: mask |--------|--------||--------|--------||BBBBBBBB|--------||--------|--------||||--------|--------||--------|--------||--------|--------||--------|--------|  set
cpu-bind=MASK - n2cn0324, task 21  5 [24826]: mask |--------|--------||--------|--------||--------|BBBBBBBB||--------|--------||||--------|--------||--------|--------||--------|--------||--------|--------|  set
cpu-bind=MASK - n2cn0482, task 63 15 [24277]: mask |--------|--------||--------|--------||--------|--------||--------|--------||||--------|--------||--------|--------||--------|--------||--------|BBBBBBBB|  set
cpu-bind=MASK - n2cn0324, task 22  6 [24827]: mask |--------|--------||--------|--------||--------|--------||BBBBBBBB|--------||||--------|--------||--------|--------||--------|--------||--------|--------|  set
cpu-bind=MASK - n2cn0324, task 23  7 [24828]: mask |--------|--------||--------|--------||--------|--------||--------|BBBBBBBB||||--------|--------||--------|--------||--------|--------||--------|--------|  set
cpu-bind=MASK - n2cn0324, task 24  8 [24829]: mask |--------|--------||--------|--------||--------|--------||--------|--------||||BBBBBBBB|--------||--------|--------||--------|--------||--------|--------|  set
cpu-bind=MASK - n2cn0324, task 25  9 [24830]: mask |--------|--------||--------|--------||--------|--------||--------|--------||||--------|BBBBBBBB||--------|--------||--------|--------||--------|--------|  set
cpu-bind=MASK - n2cn0324, task 26 10 [24831]: mask |--------|--------||--------|--------||--------|--------||--------|--------||||--------|--------||BBBBBBBB|--------||--------|--------||--------|--------|  set
cpu-bind=MASK - n2cn0324, task 27 11 [24832]: mask |--------|--------||--------|--------||--------|--------||--------|--------||||--------|--------||--------|BBBBBBBB||--------|--------||--------|--------|  set
cpu-bind=MASK - n2cn0324, task 28 12 [24833]: mask |--------|--------||--------|--------||--------|--------||--------|--------||||--------|--------||--------|--------||BBBBBBBB|--------||--------|--------|  set
cpu-bind=MASK - n2cn0324, task 29 13 [24834]: mask |--------|--------||--------|--------||--------|--------||--------|--------||||--------|--------||--------|--------||--------|BBBBBBBB||--------|--------|  set
cpu-bind=MASK - n2cn0324, task 30 14 [24835]: mask |--------|--------||--------|--------||--------|--------||--------|--------||||--------|--------||--------|--------||--------|--------||BBBBBBBB|--------|  set
cpu-bind=MASK - n2cn0540, task 64  0 [24817]: mask |BBBBBBBB|--------||--------|--------||--------|--------||--------|--------||||--------|--------||--------|--------||--------|--------||--------|--------|  set
cpu-bind=MASK - n2cn0540, task 65  1 [24818]: mask |--------|BBBBBBBB||--------|--------||--------|--------||--------|--------||||--------|--------||--------|--------||--------|--------||--------|--------|  set
cpu-bind=MASK - n2cn0540, task 66  2 [24819]: mask |--------|--------||BBBBBBBB|--------||--------|--------||--------|--------||||--------|--------||--------|--------||--------|--------||--------|--------|  set
cpu-bind=MASK - n2cn0540, task 67  3 [24820]: mask |--------|--------||--------|BBBBBBBB||--------|--------||--------|--------||||--------|--------||--------|--------||--------|--------||--------|--------|  set
cpu-bind=MASK - n2cn0540, task 68  4 [24821]: mask |--------|--------||--------|--------||BBBBBBBB|--------||--------|--------||||--------|--------||--------|--------||--------|--------||--------|--------|  set
cpu-bind=MASK - n2cn0540, task 69  5 [24822]: mask |--------|--------||--------|--------||--------|BBBBBBBB||--------|--------||||--------|--------||--------|--------||--------|--------||--------|--------|  set
cpu-bind=MASK - n2cn0540, task 70  6 [24823]: mask |--------|--------||--------|--------||--------|--------||BBBBBBBB|--------||||--------|--------||--------|--------||--------|--------||--------|--------|  set
cpu-bind=MASK - n2cn0540, task 71  7 [24824]: mask |--------|--------||--------|--------||--------|--------||--------|BBBBBBBB||||--------|--------||--------|--------||--------|--------||--------|--------|  set
cpu-bind=MASK - n2cn0324, task 31 15 [24836]: mask |--------|--------||--------|--------||--------|--------||--------|--------||||--------|--------||--------|--------||--------|--------||--------|BBBBBBBB|  set
cpu-bind=MASK - n2cn0540, task 72  8 [24825]: mask |--------|--------||--------|--------||--------|--------||--------|--------||||BBBBBBBB|--------||--------|--------||--------|--------||--------|--------|  set
cpu-bind=MASK - n2cn0540, task 73  9 [24826]: mask |--------|--------||--------|--------||--------|--------||--------|--------||||--------|BBBBBBBB||--------|--------||--------|--------||--------|--------|  set
cpu-bind=MASK - n2cn0540, task 74 10 [24827]: mask |--------|--------||--------|--------||--------|--------||--------|--------||||--------|--------||BBBBBBBB|--------||--------|--------||--------|--------|  set
cpu-bind=MASK - n2cn0540, task 75 11 [24828]: mask |--------|--------||--------|--------||--------|--------||--------|--------||||--------|--------||--------|BBBBBBBB||--------|--------||--------|--------|  set
cpu-bind=MASK - n2cn0540, task 76 12 [24829]: mask |--------|--------||--------|--------||--------|--------||--------|--------||||--------|--------||--------|--------||BBBBBBBB|--------||--------|--------|  set
cpu-bind=MASK - n2cn0540, task 77 13 [24830]: mask |--------|--------||--------|--------||--------|--------||--------|--------||||--------|--------||--------|--------||--------|BBBBBBBB||--------|--------|  set
cpu-bind=MASK - n2cn0540, task 78 14 [24831]: mask |--------|--------||--------|--------||--------|--------||--------|--------||||--------|--------||--------|--------||--------|--------||BBBBBBBB|--------|  set
cpu-bind=MASK - n2cn0540, task 79 15 [24832]: mask |--------|--------||--------|--------||--------|--------||--------|--------||||--------|--------||--------|--------||--------|--------||--------|BBBBBBBB|  set
srun: Job step aborted: Waiting up to 32 seconds for job step to finish.
slurmstepd: error: *** STEP 26827926.0 ON n2cn0322 CANCELLED AT 2025-09-12T18:35:50 ***
srun: error: n2cn0322: task 0: Exited with exit code 1
srun: Terminating StepId=26827926.0
srun: error: n2cn0322: tasks 1-15: Killed
srun: error: n2cn0324: tasks 16-31: Killed
srun: error: n2cn0540: tasks 64-79: Killed
srun: error: n2cn0542: tasks 80-95: Killed
srun: error: n2cn0481: tasks 32-47: Killed
srun: error: n2cn0482: tasks 48-63: Killed
srun: error: n2cn0869: tasks 112-127: Killed
srun: error: n2cn0867: tasks 96-111: Killed
