cpu-bind=MASK - n2cn0217, task  0  0 [3951341]: mask |BBBBBBBB|BBBBBBBB||BBBBBBBB|BBBBBBBB||BBBBBBBB|BBBBBBBB||BBBBBBBB|BBBBBBBB||||BBBBBBBB|BBBBBBBB||BBBBBBBB|BBBBBBBB||BBBBBBBB|BBBBBBBB||BBBBBBBB|BBBBBBBB|  set
The following modules were not unloaded:
  (Use "module --force purge" to unload all):

  1) pc2fs   2) slurm/24.11.5-1   3) DefaultModules
cpu-bind=MASK - n2cn0350, task 64  0 [3137880]: mask |BBBBBBBB|--------||--------|--------||--------|--------||--------|--------||||--------|--------||--------|--------||--------|--------||--------|--------|  set
cpu-bind=MASK - n2cn0350, task 65  1 [3137881]: mask |--------|BBBBBBBB||--------|--------||--------|--------||--------|--------||||--------|--------||--------|--------||--------|--------||--------|--------|  set
cpu-bind=MASK - n2cn0350, task 66  2 [3137882]: mask |--------|--------||BBBBBBBB|--------||--------|--------||--------|--------||||--------|--------||--------|--------||--------|--------||--------|--------|  set
cpu-bind=MASK - n2cn0350, task 67  3 [3137883]: mask |--------|--------||--------|BBBBBBBB||--------|--------||--------|--------||||--------|--------||--------|--------||--------|--------||--------|--------|  set
cpu-bind=MASK - n2cn0350, task 68  4 [3137884]: mask |--------|--------||--------|--------||BBBBBBBB|--------||--------|--------||||--------|--------||--------|--------||--------|--------||--------|--------|  set
cpu-bind=MASK - n2cn0353, task 80  0 [3274843]: mask |BBBBBBBB|--------||--------|--------||--------|--------||--------|--------||||--------|--------||--------|--------||--------|--------||--------|--------|  set
cpu-bind=MASK - n2cn0350, task 69  5 [3137885]: mask |--------|--------||--------|--------||--------|BBBBBBBB||--------|--------||||--------|--------||--------|--------||--------|--------||--------|--------|  set
cpu-bind=MASK - n2cn0353, task 81  1 [3274844]: mask |--------|BBBBBBBB||--------|--------||--------|--------||--------|--------||||--------|--------||--------|--------||--------|--------||--------|--------|  set
cpu-bind=MASK - n2cn0350, task 70  6 [3137886]: mask |--------|--------||--------|--------||--------|--------||BBBBBBBB|--------||||--------|--------||--------|--------||--------|--------||--------|--------|  set
cpu-bind=MASK - n2cn0353, task 82  2 [3274845]: mask |--------|--------||BBBBBBBB|--------||--------|--------||--------|--------||||--------|--------||--------|--------||--------|--------||--------|--------|  set
cpu-bind=MASK - n2cn0350, task 71  7 [3137887]: mask |--------|--------||--------|--------||--------|--------||--------|BBBBBBBB||||--------|--------||--------|--------||--------|--------||--------|--------|  set
cpu-bind=MASK - n2cn0353, task 83  3 [3274846]: mask |--------|--------||--------|BBBBBBBB||--------|--------||--------|--------||||--------|--------||--------|--------||--------|--------||--------|--------|  set
cpu-bind=MASK - n2cn0232, task 48  0 [3624932]: mask |BBBBBBBB|--------||--------|--------||--------|--------||--------|--------||||--------|--------||--------|--------||--------|--------||--------|--------|  set
cpu-bind=MASK - n2cn0350, task 72  8 [3137888]: mask |--------|--------||--------|--------||--------|--------||--------|--------||||BBBBBBBB|--------||--------|--------||--------|--------||--------|--------|  set
cpu-bind=MASK - n2cn0353, task 84  4 [3274847]: mask |--------|--------||--------|--------||BBBBBBBB|--------||--------|--------||||--------|--------||--------|--------||--------|--------||--------|--------|  set
cpu-bind=MASK - n2cn0232, task 49  1 [3624933]: mask |--------|BBBBBBBB||--------|--------||--------|--------||--------|--------||||--------|--------||--------|--------||--------|--------||--------|--------|  set
cpu-bind=MASK - n2cn0350, task 73  9 [3137889]: mask |--------|--------||--------|--------||--------|--------||--------|--------||||--------|BBBBBBBB||--------|--------||--------|--------||--------|--------|  set
cpu-bind=MASK - n2cn0232, task 50  2 [3624934]: mask |--------|--------||BBBBBBBB|--------||--------|--------||--------|--------||||--------|--------||--------|--------||--------|--------||--------|--------|  set
cpu-bind=MASK - n2cn0353, task 85  5 [3274848]: mask |--------|--------||--------|--------||--------|BBBBBBBB||--------|--------||||--------|--------||--------|--------||--------|--------||--------|--------|  set
cpu-bind=MASK - n2cn0350, task 74 10 [3137890]: mask |--------|--------||--------|--------||--------|--------||--------|--------||||--------|--------||BBBBBBBB|--------||--------|--------||--------|--------|  set
cpu-bind=MASK - n2cn0232, task 51  3 [3624935]: mask |--------|--------||--------|BBBBBBBB||--------|--------||--------|--------||||--------|--------||--------|--------||--------|--------||--------|--------|  set
cpu-bind=MASK - n2cn0353, task 86  6 [3274849]: mask |--------|--------||--------|--------||--------|--------||BBBBBBBB|--------||||--------|--------||--------|--------||--------|--------||--------|--------|  set
cpu-bind=MASK - n2cn0350, task 75 11 [3137891]: mask |--------|--------||--------|--------||--------|--------||--------|--------||||--------|--------||--------|BBBBBBBB||--------|--------||--------|--------|  set
cpu-bind=MASK - n2cn0232, task 52  4 [3624936]: mask |--------|--------||--------|--------||BBBBBBBB|--------||--------|--------||||--------|--------||--------|--------||--------|--------||--------|--------|  set
cpu-bind=MASK - n2cn0353, task 87  7 [3274850]: mask |--------|--------||--------|--------||--------|--------||--------|BBBBBBBB||||--------|--------||--------|--------||--------|--------||--------|--------|  set
cpu-bind=MASK - n2cn0226, task 32  0 [246097]: mask |BBBBBBBB|--------||--------|--------||--------|--------||--------|--------||||--------|--------||--------|--------||--------|--------||--------|--------|  set
cpu-bind=MASK - n2cn0350, task 76 12 [3137892]: mask |--------|--------||--------|--------||--------|--------||--------|--------||||--------|--------||--------|--------||BBBBBBBB|--------||--------|--------|  set
cpu-bind=MASK - n2cn0232, task 53  5 [3624937]: mask |--------|--------||--------|--------||--------|BBBBBBBB||--------|--------||||--------|--------||--------|--------||--------|--------||--------|--------|  set
cpu-bind=MASK - n2cn0353, task 88  8 [3274851]: mask |--------|--------||--------|--------||--------|--------||--------|--------||||BBBBBBBB|--------||--------|--------||--------|--------||--------|--------|  set
cpu-bind=MASK - n2cn0226, task 33  1 [246098]: mask |--------|BBBBBBBB||--------|--------||--------|--------||--------|--------||||--------|--------||--------|--------||--------|--------||--------|--------|  set
cpu-bind=MASK - n2cn0350, task 77 13 [3137893]: mask |--------|--------||--------|--------||--------|--------||--------|--------||||--------|--------||--------|--------||--------|BBBBBBBB||--------|--------|  set
cpu-bind=MASK - n2cn0232, task 54  6 [3624938]: mask |--------|--------||--------|--------||--------|--------||BBBBBBBB|--------||||--------|--------||--------|--------||--------|--------||--------|--------|  set
cpu-bind=MASK - n2cn0353, task 89  9 [3274852]: mask |--------|--------||--------|--------||--------|--------||--------|--------||||--------|BBBBBBBB||--------|--------||--------|--------||--------|--------|  set
cpu-bind=MASK - n2cn0226, task 34  2 [246099]: mask |--------|--------||BBBBBBBB|--------||--------|--------||--------|--------||||--------|--------||--------|--------||--------|--------||--------|--------|  set
cpu-bind=MASK - n2cn0350, task 78 14 [3137894]: mask |--------|--------||--------|--------||--------|--------||--------|--------||||--------|--------||--------|--------||--------|--------||BBBBBBBB|--------|  set
cpu-bind=MASK - n2cn0232, task 55  7 [3624939]: mask |--------|--------||--------|--------||--------|--------||--------|BBBBBBBB||||--------|--------||--------|--------||--------|--------||--------|--------|  set
cpu-bind=MASK - n2cn0353, task 90 10 [3274853]: mask |--------|--------||--------|--------||--------|--------||--------|--------||||--------|--------||BBBBBBBB|--------||--------|--------||--------|--------|  set
cpu-bind=MASK - n2cn0226, task 35  3 [246100]: mask |--------|--------||--------|BBBBBBBB||--------|--------||--------|--------||||--------|--------||--------|--------||--------|--------||--------|--------|  set
cpu-bind=MASK - n2cn0232, task 56  8 [3624940]: mask |--------|--------||--------|--------||--------|--------||--------|--------||||BBBBBBBB|--------||--------|--------||--------|--------||--------|--------|  set
cpu-bind=MASK - n2cn0353, task 91 11 [3274854]: mask |--------|--------||--------|--------||--------|--------||--------|--------||||--------|--------||--------|BBBBBBBB||--------|--------||--------|--------|  set
cpu-bind=MASK - n2cn0226, task 36  4 [246101]: mask |--------|--------||--------|--------||BBBBBBBB|--------||--------|--------||||--------|--------||--------|--------||--------|--------||--------|--------|  set
cpu-bind=MASK - n2cn0232, task 57  9 [3624941]: mask |--------|--------||--------|--------||--------|--------||--------|--------||||--------|BBBBBBBB||--------|--------||--------|--------||--------|--------|  set
cpu-bind=MASK - n2cn0353, task 92 12 [3274855]: mask |--------|--------||--------|--------||--------|--------||--------|--------||||--------|--------||--------|--------||BBBBBBBB|--------||--------|--------|  set
cpu-bind=MASK - n2cn0226, task 37  5 [246102]: mask |--------|--------||--------|--------||--------|BBBBBBBB||--------|--------||||--------|--------||--------|--------||--------|--------||--------|--------|  set
cpu-bind=MASK - n2cn0232, task 58 10 [3624942]: mask |--------|--------||--------|--------||--------|--------||--------|--------||||--------|--------||BBBBBBBB|--------||--------|--------||--------|--------|  set
cpu-bind=MASK - n2cn0353, task 93 13 [3274856]: mask |--------|--------||--------|--------||--------|--------||--------|--------||||--------|--------||--------|--------||--------|BBBBBBBB||--------|--------|  set
cpu-bind=MASK - n2cn0226, task 38  6 [246104]: mask |--------|--------||--------|--------||--------|--------||BBBBBBBB|--------||||--------|--------||--------|--------||--------|--------||--------|--------|  set
cpu-bind=MASK - n2cn0232, task 59 11 [3624943]: mask |--------|--------||--------|--------||--------|--------||--------|--------||||--------|--------||--------|BBBBBBBB||--------|--------||--------|--------|  set
cpu-bind=MASK - n2cn0353, task 94 14 [3274857]: mask |--------|--------||--------|--------||--------|--------||--------|--------||||--------|--------||--------|--------||--------|--------||BBBBBBBB|--------|  set
cpu-bind=MASK - n2cn0226, task 39  7 [246105]: mask |--------|--------||--------|--------||--------|--------||--------|BBBBBBBB||||--------|--------||--------|--------||--------|--------||--------|--------|  set
cpu-bind=MASK - n2cn0232, task 60 12 [3624944]: mask |--------|--------||--------|--------||--------|--------||--------|--------||||--------|--------||--------|--------||BBBBBBBB|--------||--------|--------|  set
cpu-bind=MASK - n2cn0226, task 40  8 [246106]: mask |--------|--------||--------|--------||--------|--------||--------|--------||||BBBBBBBB|--------||--------|--------||--------|--------||--------|--------|  set
cpu-bind=MASK - n2cn0232, task 61 13 [3624945]: mask |--------|--------||--------|--------||--------|--------||--------|--------||||--------|--------||--------|--------||--------|BBBBBBBB||--------|--------|  set
cpu-bind=MASK - n2cn0232, task 62 14 [3624946]: mask |--------|--------||--------|--------||--------|--------||--------|--------||||--------|--------||--------|--------||--------|--------||BBBBBBBB|--------|  set
cpu-bind=MASK - n2cn0226, task 41  9 [246107]: mask |--------|--------||--------|--------||--------|--------||--------|--------||||--------|BBBBBBBB||--------|--------||--------|--------||--------|--------|  set
cpu-bind=MASK - n2cn0350, task 79 15 [3137895]: mask |--------|--------||--------|--------||--------|--------||--------|--------||||--------|--------||--------|--------||--------|--------||--------|BBBBBBBB|  set
cpu-bind=MASK - n2cn0226, task 42 10 [246108]: mask |--------|--------||--------|--------||--------|--------||--------|--------||||--------|--------||BBBBBBBB|--------||--------|--------||--------|--------|  set
cpu-bind=MASK - n2cn0226, task 43 11 [246109]: mask |--------|--------||--------|--------||--------|--------||--------|--------||||--------|--------||--------|BBBBBBBB||--------|--------||--------|--------|  set
cpu-bind=MASK - n2cn0226, task 44 12 [246110]: mask |--------|--------||--------|--------||--------|--------||--------|--------||||--------|--------||--------|--------||BBBBBBBB|--------||--------|--------|  set
cpu-bind=MASK - n2cn0226, task 45 13 [246111]: mask |--------|--------||--------|--------||--------|--------||--------|--------||||--------|--------||--------|--------||--------|BBBBBBBB||--------|--------|  set
cpu-bind=MASK - n2cn0226, task 46 14 [246113]: mask |--------|--------||--------|--------||--------|--------||--------|--------||||--------|--------||--------|--------||--------|--------||BBBBBBBB|--------|  set
cpu-bind=MASK - n2cn0353, task 95 15 [3274858]: mask |--------|--------||--------|--------||--------|--------||--------|--------||||--------|--------||--------|--------||--------|--------||--------|BBBBBBBB|  set
cpu-bind=MASK - n2cn0232, task 63 15 [3624947]: mask |--------|--------||--------|--------||--------|--------||--------|--------||||--------|--------||--------|--------||--------|--------||--------|BBBBBBBB|  set
cpu-bind=MASK - n2cn0226, task 47 15 [246114]: mask |--------|--------||--------|--------||--------|--------||--------|--------||||--------|--------||--------|--------||--------|--------||--------|BBBBBBBB|  set
cpu-bind=MASK - n2cn0411, task 96  0 [3388345]: mask |BBBBBBBB|--------||--------|--------||--------|--------||--------|--------||||--------|--------||--------|--------||--------|--------||--------|--------|  set
cpu-bind=MASK - n2cn0411, task 97  1 [3388346]: mask |--------|BBBBBBBB||--------|--------||--------|--------||--------|--------||||--------|--------||--------|--------||--------|--------||--------|--------|  set
cpu-bind=MASK - n2cn0411, task 98  2 [3388347]: mask |--------|--------||BBBBBBBB|--------||--------|--------||--------|--------||||--------|--------||--------|--------||--------|--------||--------|--------|  set
cpu-bind=MASK - n2cn0411, task 99  3 [3388348]: mask |--------|--------||--------|BBBBBBBB||--------|--------||--------|--------||||--------|--------||--------|--------||--------|--------||--------|--------|  set
cpu-bind=MASK - n2cn0411, task 100  4 [3388349]: mask |--------|--------||--------|--------||BBBBBBBB|--------||--------|--------||||--------|--------||--------|--------||--------|--------||--------|--------|  set
cpu-bind=MASK - n2cn0411, task 101  5 [3388350]: mask |--------|--------||--------|--------||--------|BBBBBBBB||--------|--------||||--------|--------||--------|--------||--------|--------||--------|--------|  set
cpu-bind=MASK - n2cn0411, task 102  6 [3388351]: mask |--------|--------||--------|--------||--------|--------||BBBBBBBB|--------||||--------|--------||--------|--------||--------|--------||--------|--------|  set
cpu-bind=MASK - n2cn0411, task 103  7 [3388352]: mask |--------|--------||--------|--------||--------|--------||--------|BBBBBBBB||||--------|--------||--------|--------||--------|--------||--------|--------|  set
cpu-bind=MASK - n2cn0411, task 104  8 [3388353]: mask |--------|--------||--------|--------||--------|--------||--------|--------||||BBBBBBBB|--------||--------|--------||--------|--------||--------|--------|  set
cpu-bind=MASK - n2cn0411, task 105  9 [3388354]: mask |--------|--------||--------|--------||--------|--------||--------|--------||||--------|BBBBBBBB||--------|--------||--------|--------||--------|--------|  set
cpu-bind=MASK - n2cn0411, task 106 10 [3388355]: mask |--------|--------||--------|--------||--------|--------||--------|--------||||--------|--------||BBBBBBBB|--------||--------|--------||--------|--------|  set
cpu-bind=MASK - n2cn0411, task 107 11 [3388356]: mask |--------|--------||--------|--------||--------|--------||--------|--------||||--------|--------||--------|BBBBBBBB||--------|--------||--------|--------|  set
cpu-bind=MASK - n2cn0411, task 108 12 [3388357]: mask |--------|--------||--------|--------||--------|--------||--------|--------||||--------|--------||--------|--------||BBBBBBBB|--------||--------|--------|  set
cpu-bind=MASK - n2cn0411, task 109 13 [3388358]: mask |--------|--------||--------|--------||--------|--------||--------|--------||||--------|--------||--------|--------||--------|BBBBBBBB||--------|--------|  set
cpu-bind=MASK - n2cn0411, task 110 14 [3388359]: mask |--------|--------||--------|--------||--------|--------||--------|--------||||--------|--------||--------|--------||--------|--------||BBBBBBBB|--------|  set
cpu-bind=MASK - n2cn0411, task 111 15 [3388360]: mask |--------|--------||--------|--------||--------|--------||--------|--------||||--------|--------||--------|--------||--------|--------||--------|BBBBBBBB|  set
cpu-bind=MASK - n2cn0220, task 16  0 [993548]: mask |BBBBBBBB|--------||--------|--------||--------|--------||--------|--------||||--------|--------||--------|--------||--------|--------||--------|--------|  set
cpu-bind=MASK - n2cn0220, task 17  1 [993549]: mask |--------|BBBBBBBB||--------|--------||--------|--------||--------|--------||||--------|--------||--------|--------||--------|--------||--------|--------|  set
cpu-bind=MASK - n2cn0220, task 18  2 [993550]: mask |--------|--------||BBBBBBBB|--------||--------|--------||--------|--------||||--------|--------||--------|--------||--------|--------||--------|--------|  set
cpu-bind=MASK - n2cn0220, task 19  3 [993551]: mask |--------|--------||--------|BBBBBBBB||--------|--------||--------|--------||||--------|--------||--------|--------||--------|--------||--------|--------|  set
cpu-bind=MASK - n2cn0220, task 20  4 [993552]: mask |--------|--------||--------|--------||BBBBBBBB|--------||--------|--------||||--------|--------||--------|--------||--------|--------||--------|--------|  set
cpu-bind=MASK - n2cn0220, task 21  5 [993553]: mask |--------|--------||--------|--------||--------|BBBBBBBB||--------|--------||||--------|--------||--------|--------||--------|--------||--------|--------|  set
cpu-bind=MASK - n2cn0220, task 22  6 [993554]: mask |--------|--------||--------|--------||--------|--------||BBBBBBBB|--------||||--------|--------||--------|--------||--------|--------||--------|--------|  set
cpu-bind=MASK - n2cn0220, task 23  7 [993555]: mask |--------|--------||--------|--------||--------|--------||--------|BBBBBBBB||||--------|--------||--------|--------||--------|--------||--------|--------|  set
cpu-bind=MASK - n2cn0220, task 24  8 [993556]: mask |--------|--------||--------|--------||--------|--------||--------|--------||||BBBBBBBB|--------||--------|--------||--------|--------||--------|--------|  set
cpu-bind=MASK - n2cn0220, task 25  9 [993557]: mask |--------|--------||--------|--------||--------|--------||--------|--------||||--------|BBBBBBBB||--------|--------||--------|--------||--------|--------|  set
cpu-bind=MASK - n2cn0220, task 26 10 [993558]: mask |--------|--------||--------|--------||--------|--------||--------|--------||||--------|--------||BBBBBBBB|--------||--------|--------||--------|--------|  set
cpu-bind=MASK - n2cn0220, task 27 11 [993559]: mask |--------|--------||--------|--------||--------|--------||--------|--------||||--------|--------||--------|BBBBBBBB||--------|--------||--------|--------|  set
cpu-bind=MASK - n2cn0220, task 28 12 [993560]: mask |--------|--------||--------|--------||--------|--------||--------|--------||||--------|--------||--------|--------||BBBBBBBB|--------||--------|--------|  set
cpu-bind=MASK - n2cn0220, task 29 13 [993561]: mask |--------|--------||--------|--------||--------|--------||--------|--------||||--------|--------||--------|--------||--------|BBBBBBBB||--------|--------|  set
cpu-bind=MASK - n2cn0220, task 30 14 [993562]: mask |--------|--------||--------|--------||--------|--------||--------|--------||||--------|--------||--------|--------||--------|--------||BBBBBBBB|--------|  set
cpu-bind=MASK - n2cn0220, task 31 15 [993563]: mask |--------|--------||--------|--------||--------|--------||--------|--------||||--------|--------||--------|--------||--------|--------||--------|BBBBBBBB|  set
cpu-bind=MASK - n2cn0217, task  0  0 [3951809]: mask |BBBBBBBB|--------||--------|--------||--------|--------||--------|--------||||--------|--------||--------|--------||--------|--------||--------|--------|  set
cpu-bind=MASK - n2cn0217, task  1  1 [3951810]: mask |--------|BBBBBBBB||--------|--------||--------|--------||--------|--------||||--------|--------||--------|--------||--------|--------||--------|--------|  set
cpu-bind=MASK - n2cn0217, task  2  2 [3951811]: mask |--------|--------||BBBBBBBB|--------||--------|--------||--------|--------||||--------|--------||--------|--------||--------|--------||--------|--------|  set
cpu-bind=MASK - n2cn0217, task  3  3 [3951812]: mask |--------|--------||--------|BBBBBBBB||--------|--------||--------|--------||||--------|--------||--------|--------||--------|--------||--------|--------|  set
cpu-bind=MASK - n2cn0217, task  4  4 [3951813]: mask |--------|--------||--------|--------||BBBBBBBB|--------||--------|--------||||--------|--------||--------|--------||--------|--------||--------|--------|  set
cpu-bind=MASK - n2cn0217, task  5  5 [3951814]: mask |--------|--------||--------|--------||--------|BBBBBBBB||--------|--------||||--------|--------||--------|--------||--------|--------||--------|--------|  set
cpu-bind=MASK - n2cn0217, task  6  6 [3951815]: mask |--------|--------||--------|--------||--------|--------||BBBBBBBB|--------||||--------|--------||--------|--------||--------|--------||--------|--------|  set
cpu-bind=MASK - n2cn0217, task  7  7 [3951816]: mask |--------|--------||--------|--------||--------|--------||--------|BBBBBBBB||||--------|--------||--------|--------||--------|--------||--------|--------|  set
cpu-bind=MASK - n2cn0217, task  8  8 [3951817]: mask |--------|--------||--------|--------||--------|--------||--------|--------||||BBBBBBBB|--------||--------|--------||--------|--------||--------|--------|  set
cpu-bind=MASK - n2cn0217, task  9  9 [3951818]: mask |--------|--------||--------|--------||--------|--------||--------|--------||||--------|BBBBBBBB||--------|--------||--------|--------||--------|--------|  set
cpu-bind=MASK - n2cn0217, task 10 10 [3951819]: mask |--------|--------||--------|--------||--------|--------||--------|--------||||--------|--------||BBBBBBBB|--------||--------|--------||--------|--------|  set
cpu-bind=MASK - n2cn0217, task 11 11 [3951820]: mask |--------|--------||--------|--------||--------|--------||--------|--------||||--------|--------||--------|BBBBBBBB||--------|--------||--------|--------|  set
cpu-bind=MASK - n2cn0217, task 12 12 [3951821]: mask |--------|--------||--------|--------||--------|--------||--------|--------||||--------|--------||--------|--------||BBBBBBBB|--------||--------|--------|  set
cpu-bind=MASK - n2cn0217, task 13 13 [3951822]: mask |--------|--------||--------|--------||--------|--------||--------|--------||||--------|--------||--------|--------||--------|BBBBBBBB||--------|--------|  set
cpu-bind=MASK - n2cn0217, task 14 14 [3951823]: mask |--------|--------||--------|--------||--------|--------||--------|--------||||--------|--------||--------|--------||--------|--------||BBBBBBBB|--------|  set
cpu-bind=MASK - n2cn0217, task 15 15 [3951824]: mask |--------|--------||--------|--------||--------|--------||--------|--------||||--------|--------||--------|--------||--------|--------||--------|BBBBBBBB|  set
cpu-bind=MASK - n2cn0414, task 112  0 [3759385]: mask |BBBBBBBB|--------||--------|--------||--------|--------||--------|--------||||--------|--------||--------|--------||--------|--------||--------|--------|  set
cpu-bind=MASK - n2cn0414, task 113  1 [3759386]: mask |--------|BBBBBBBB||--------|--------||--------|--------||--------|--------||||--------|--------||--------|--------||--------|--------||--------|--------|  set
cpu-bind=MASK - n2cn0414, task 114  2 [3759387]: mask |--------|--------||BBBBBBBB|--------||--------|--------||--------|--------||||--------|--------||--------|--------||--------|--------||--------|--------|  set
cpu-bind=MASK - n2cn0414, task 115  3 [3759388]: mask |--------|--------||--------|BBBBBBBB||--------|--------||--------|--------||||--------|--------||--------|--------||--------|--------||--------|--------|  set
cpu-bind=MASK - n2cn0414, task 116  4 [3759389]: mask |--------|--------||--------|--------||BBBBBBBB|--------||--------|--------||||--------|--------||--------|--------||--------|--------||--------|--------|  set
cpu-bind=MASK - n2cn0414, task 117  5 [3759390]: mask |--------|--------||--------|--------||--------|BBBBBBBB||--------|--------||||--------|--------||--------|--------||--------|--------||--------|--------|  set
cpu-bind=MASK - n2cn0414, task 118  6 [3759391]: mask |--------|--------||--------|--------||--------|--------||BBBBBBBB|--------||||--------|--------||--------|--------||--------|--------||--------|--------|  set
cpu-bind=MASK - n2cn0414, task 119  7 [3759392]: mask |--------|--------||--------|--------||--------|--------||--------|BBBBBBBB||||--------|--------||--------|--------||--------|--------||--------|--------|  set
cpu-bind=MASK - n2cn0414, task 120  8 [3759393]: mask |--------|--------||--------|--------||--------|--------||--------|--------||||BBBBBBBB|--------||--------|--------||--------|--------||--------|--------|  set
cpu-bind=MASK - n2cn0414, task 121  9 [3759394]: mask |--------|--------||--------|--------||--------|--------||--------|--------||||--------|BBBBBBBB||--------|--------||--------|--------||--------|--------|  set
cpu-bind=MASK - n2cn0414, task 122 10 [3759395]: mask |--------|--------||--------|--------||--------|--------||--------|--------||||--------|--------||BBBBBBBB|--------||--------|--------||--------|--------|  set
cpu-bind=MASK - n2cn0414, task 123 11 [3759396]: mask |--------|--------||--------|--------||--------|--------||--------|--------||||--------|--------||--------|BBBBBBBB||--------|--------||--------|--------|  set
cpu-bind=MASK - n2cn0414, task 124 12 [3759397]: mask |--------|--------||--------|--------||--------|--------||--------|--------||||--------|--------||--------|--------||BBBBBBBB|--------||--------|--------|  set
cpu-bind=MASK - n2cn0414, task 125 13 [3759398]: mask |--------|--------||--------|--------||--------|--------||--------|--------||||--------|--------||--------|--------||--------|BBBBBBBB||--------|--------|  set
cpu-bind=MASK - n2cn0414, task 126 14 [3759399]: mask |--------|--------||--------|--------||--------|--------||--------|--------||||--------|--------||--------|--------||--------|--------||BBBBBBBB|--------|  set
cpu-bind=MASK - n2cn0414, task 127 15 [3759400]: mask |--------|--------||--------|--------||--------|--------||--------|--------||||--------|--------||--------|--------||--------|--------||--------|BBBBBBBB|  set
