Energy-E_F (eV)    DOS (1/eV)    PDOS (1/eV)  of atom type B  N  
     -8.28474      0.14172      0.06041      0.08131
     -8.27474      0.16874      0.06858      0.10015
     -8.26474      0.23330      0.09234      0.14095
     -8.25474      0.31006      0.12265      0.18741
     -8.24474      0.34011      0.13315      0.20696
     -8.23474      0.32059      0.12129      0.19930
     -8.22474      0.39487      0.14913      0.24575
     -8.21474      0.62851      0.24322      0.38528
     -8.20474      0.81815      0.32281      0.49533
     -8.19474      0.87845      0.34893      0.52952
     -8.18474      0.73969      0.29036      0.44933
     -8.17474      0.50531      0.19610      0.30922
     -8.16474      0.50507      0.19902      0.30605
     -8.15474      0.76952      0.30825      0.46127
     -8.14474      0.96737      0.39159      0.57578
     -8.13474      0.85870      0.34688      0.51181
     -8.12474      0.58604      0.23031      0.35573
     -8.11474      0.34659      0.13058      0.21601
     -8.10474      0.28324      0.10506      0.17818
     -8.09474      0.39641      0.14911      0.24730
     -8.08474      0.43751      0.16595      0.27156
     -8.07474      0.33807      0.12923      0.20884
     -8.06474      0.40714      0.15657      0.25057
     -8.05474      0.55699      0.21456      0.34243
     -8.04474      0.49988      0.18908      0.31080
     -8.03474      0.39531      0.14821      0.24709
     -8.02474      0.47185      0.18340      0.28846
     -8.01474      0.66036      0.25855      0.40180
     -8.00474      0.79660      0.30746      0.48914
     -7.99474      0.77334      0.29797      0.47537
     -7.98474      0.72745      0.28474      0.44271
     -7.97474      0.65130      0.26118      0.39012
     -7.96474      0.60096      0.24288      0.35808
     -7.95474      0.64801      0.25456      0.39346
     -7.94474      0.76424      0.29090      0.47335
     -7.93474      0.78351      0.29890      0.48461
     -7.92474      0.59849      0.23013      0.36836
     -7.91474      0.48532      0.18881      0.29651
     -7.90474      0.52623      0.20642      0.31980
     -7.89474      0.54135      0.21208      0.32927
     -7.88474      0.54243      0.20873      0.33370
     -7.87474      0.40586      0.15157      0.25429
     -7.86474      0.33303      0.12479      0.20824
     -7.85474      0.46248      0.17864      0.28384
     -7.84474      0.53391      0.20972      0.32419
     -7.83474      0.51280      0.20145      0.31135
     -7.82474      0.61261      0.23903      0.37357
     -7.81474      0.81006      0.31430      0.49576
     -7.80474      0.89139      0.34214      0.54924
     -7.79474      0.77311      0.29413      0.47899
     -7.78474      0.79234      0.30635      0.48599
     -7.77474      0.83210      0.32878      0.50332
     -7.76474      0.58889      0.23401      0.35489
     -7.75474      0.38075      0.14346      0.23729
     -7.74474      0.30608      0.10923      0.19685
     -7.73474      0.27831      0.10019      0.17812
     -7.72474      0.37437      0.13934      0.23503
     -7.71474      0.44825      0.16816      0.28009
     -7.70474      0.38799      0.14515      0.24283
     -7.69474      0.41526      0.15620      0.25906
     -7.68474      0.57335      0.21949      0.35386
     -7.67474      0.78431      0.30362      0.48068
     -7.66474      0.74348      0.28981      0.45367
     -7.65474      0.59300      0.23139      0.36162
     -7.64474      0.48562      0.18715      0.29847
     -7.63474      0.45907      0.17099      0.28807
     -7.62474      0.44883      0.16494      0.28389
     -7.61474      0.45181      0.16762      0.28419
     -7.60474      0.60739      0.22738      0.38001
     -7.59474      0.69542      0.26303      0.43239
     -7.58474      0.71643      0.27616      0.44028
     -7.57474      0.86647      0.33593      0.53054
     -7.56474      0.83460      0.32231      0.51229
     -7.55474      0.44116      0.17040      0.27076
     -7.54474      0.25035      0.09619      0.15416
     -7.53474      0.44573      0.17178      0.27395
     -7.52474      0.59746      0.23000      0.36746
     -7.51474      0.68560      0.25675      0.42886
     -7.50474      0.96075      0.36211      0.59864
     -7.49474      1.07696      0.41756      0.65940
     -7.48474      0.86818      0.34019      0.52798
     -7.47474      0.57645      0.22268      0.35378
     -7.46474      0.37876      0.14252      0.23623
     -7.45474      0.38916      0.14845      0.24071
     -7.44474      0.50569      0.19458      0.31111
     -7.43474      0.48821      0.18460      0.30361
     -7.42474      0.45850      0.16996      0.28855
     -7.41474      0.62064      0.23187      0.38877
     -7.40474      0.74489      0.27940      0.46549
     -7.39474      0.61283      0.23559      0.37725
     -7.38474      0.47434      0.18744      0.28690
     -7.37474      0.53552      0.20567      0.32985
     -7.36474      0.73989      0.28010      0.45979
     -7.35474      0.78236      0.30095      0.48141
     -7.34474      0.53215      0.20674      0.32541
     -7.33474      0.31975      0.12140      0.19835
     -7.32474      0.47518      0.17492      0.30027
     -7.31474      0.66775      0.24400      0.42375
     -7.30474      0.62551      0.22658      0.39893
     -7.29474      0.57090      0.20627      0.36463
     -7.28474      0.62301      0.23014      0.39287
     -7.27474      0.60116      0.22794      0.37322
     -7.26474      0.46928      0.17989      0.28939
     -7.25474      0.33446      0.12425      0.21021
     -7.24474      0.16350      0.05815      0.10535
     -7.23474      0.11787      0.04124      0.07663
     -7.22474      0.37007      0.13405      0.23602
     -7.21474      0.79334      0.29872      0.49462
     -7.20474      1.00684      0.38641      0.62043
     -7.19474      0.95531      0.36158      0.59373
     -7.18474      0.83569      0.31251      0.52317
     -7.17474      0.76210      0.29061      0.47148
     -7.16474      0.85015      0.33737      0.51277
     -7.15474      0.90401      0.36588      0.53813
     -7.14474      0.76056      0.30293      0.45763
     -7.13474      0.60714      0.22743      0.37970
     -7.12474      0.57880      0.20915      0.36965
     -7.11474      0.63883      0.23126      0.40757
     -7.10474      0.58506      0.21136      0.37370
     -7.09474      0.36656      0.12957      0.23699
     -7.08474      0.30347      0.10536      0.19811
     -7.07474      0.48068      0.17073      0.30995
     -7.06474      0.61143      0.22437      0.38706
     -7.05474      0.62933      0.23498      0.39435
     -7.04474      0.60680      0.22586      0.38094
     -7.03474      0.54889      0.20759      0.34130
     -7.02474      0.56781      0.21745      0.35036
     -7.01474      0.66555      0.25147      0.41408
     -7.00474      0.65205      0.24185      0.41020
     -6.99474      0.58267      0.21572      0.36696
     -6.98474      0.52765      0.19973      0.32792
     -6.97474      0.52449      0.20201      0.32248
     -6.96474      0.47396      0.17935      0.29461
     -6.95474      0.54712      0.20553      0.34159
     -6.94474      0.82272      0.31028      0.51244
     -6.93474      0.73085      0.27658      0.45427
     -6.92474      0.49485      0.18799      0.30686
     -6.91474      0.49435      0.18847      0.30588
     -6.90474      0.59769      0.23230      0.36539
     -6.89474      0.56741      0.21792      0.34949
     -6.88474      0.58013      0.20980      0.37033
     -6.87474      0.70608      0.25168      0.45440
     -6.86474      0.67713      0.24193      0.43520
     -6.85474      0.52863      0.18993      0.33870
     -6.84474      0.65325      0.24375      0.40951
     -6.83474      0.91820      0.35244      0.56576
     -6.82474      0.85360      0.32938      0.52422
     -6.81474      0.76331      0.29077      0.47254
     -6.80474      0.68844      0.25933      0.42911
     -6.79474      0.50637      0.18509      0.32127
     -6.78474      0.45398      0.15917      0.29481
     -6.77474      0.56763      0.20301      0.36461
     -6.76474      0.73655      0.27463      0.46192
     -6.75474      0.79480      0.30303      0.49177
     -6.74474      0.76973      0.29273      0.47700
     -6.73474      0.77685      0.28727      0.48958
     -6.72474      0.61455      0.22626      0.38829
     -6.71474      0.35214      0.13233      0.21981
     -6.70474      0.30107      0.11319      0.18788
     -6.69474      0.46464      0.17149      0.29315
     -6.68474      0.50775      0.18420      0.32355
     -6.67474      0.40390      0.14432      0.25958
     -6.66474      0.43054      0.15690      0.27364
     -6.65474      0.69291      0.26134      0.43157
     -6.64474      0.86051      0.32765      0.53286
     -6.63474      0.85935      0.31865      0.54071
     -6.62474      0.83558      0.30657      0.52901
     -6.61474      0.84922      0.31512      0.53410
     -6.60474      0.88514      0.32810      0.55703
     -6.59474      0.75562      0.27359      0.48202
     -6.58474      0.47487      0.16586      0.30901
     -6.57474      0.31114      0.10419      0.20695
     -6.56474      0.29676      0.09951      0.19726
     -6.55474      0.32937      0.12033      0.20904
     -6.54474      0.48186      0.18615      0.29571
     -6.53474      0.50812      0.19547      0.31265
     -6.52474      0.39374      0.15007      0.24366
     -6.51474      0.35887      0.13444      0.22443
     -6.50474      0.59253      0.21604      0.37649
     -6.49474      0.98526      0.35945      0.62582
     -6.48474      1.30162      0.47891      0.82270
     -6.47474      1.23034      0.46224      0.76811
     -6.46474      0.96827      0.37294      0.59534
     -6.45474      0.88593      0.33905      0.54688
     -6.44474      0.79103      0.29391      0.49712
     -6.43474      0.52809      0.18980      0.33829
     -6.42474      0.37624      0.13553      0.24071
     -6.41474      0.39262      0.14759      0.24503
     -6.40474      0.49861      0.19199      0.30662
     -6.39474      0.61068      0.23367      0.37701
     -6.38474      0.58362      0.21499      0.36863
     -6.37474      0.48383      0.17138      0.31245
     -6.36474      0.57290      0.20572      0.36718
     -6.35474      0.78890      0.28591      0.50300
     -6.34474      0.97732      0.35717      0.62015
     -6.33474      0.95340      0.34848      0.60492
     -6.32474      0.77574      0.27834      0.49740
     -6.31474      0.66617      0.24047      0.42570
     -6.30474      0.61230      0.22992      0.38238
     -6.29474      0.64884      0.24425      0.40459
     -6.28474      0.74317      0.27655      0.46662
     -6.27474      0.67578      0.24916      0.42662
     -6.26474      0.67224      0.24477      0.42747
     -6.25474      0.74319      0.26692      0.47626
     -6.24474      0.50819      0.18190      0.32629
     -6.23474      0.20494      0.07304      0.13190
     -6.22474      0.23288      0.08046      0.15241
     -6.21474      0.54702      0.19617      0.35085
     -6.20474      0.74074      0.27610      0.46463
     -6.19474      0.69341      0.25801      0.43540
     -6.18474      0.76822      0.27681      0.49141
     -6.17474      0.91108      0.32557      0.58551
     -6.16474      0.90985      0.32856      0.58128
     -6.15474      0.90190      0.33587      0.56604
     -6.14474      0.83645      0.31859      0.51786
     -6.13474      0.62273      0.23452      0.38821
     -6.12474      0.57347      0.21437      0.35911
     -6.11474      0.56656      0.21182      0.35474
     -6.10474      0.47338      0.17553      0.29785
     -6.09474      0.59552      0.22616      0.36935
     -6.08474      0.75880      0.29101      0.46779
     -6.07474      0.77692      0.28983      0.48709
     -6.06474      0.94829      0.34093      0.60736
     -6.05474      1.21831      0.43320      0.78511
     -6.04474      1.18981      0.42326      0.76654
     -6.03474      0.74546      0.26572      0.47974
     -6.02474      0.41151      0.14465      0.26686
     -6.01474      0.45199      0.16043      0.29156
     -6.00474      0.65762      0.23342      0.42420
     -5.99474      0.69592      0.24854      0.44737
     -5.98474      0.58283      0.21337      0.36946
     -5.97474      0.53315      0.19496      0.33819
     -5.96474      0.68975      0.25439      0.43536
     -5.95474      0.80461      0.30162      0.50299
     -5.94474      0.74977      0.27719      0.47258
     -5.93474      0.76016      0.27403      0.48612
     -5.92474      0.82416      0.29562      0.52853
     -5.91474      0.93484      0.33686      0.59797
     -5.90474      0.96895      0.35039      0.61856
     -5.89474      0.76816      0.28027      0.48790
     -5.88474      0.56252      0.20844      0.35408
     -5.87474      0.56316      0.20772      0.35545
     -5.86474      0.64495      0.23492      0.41003
     -5.85474      0.89077      0.32874      0.56203
     -5.84474      1.01673      0.38363      0.63310
     -5.83474      0.83071      0.31341      0.51730
     -5.82474      0.87732      0.32199      0.55534
     -5.81474      1.01165      0.37134      0.64031
     -5.80474      0.79300      0.29279      0.50021
     -5.79474      0.55146      0.19706      0.35440
     -5.78474      0.64236      0.23316      0.40920
     -5.77474      0.94613      0.35465      0.59149
     -5.76474      1.05352      0.38836      0.66516
     -5.75474      1.07962      0.38425      0.69537
     -5.74474      1.09272      0.38737      0.70535
     -5.73474      1.03529      0.37081      0.66448
     -5.72474      0.94758      0.34143      0.60615
     -5.71474      0.87273      0.31381      0.55892
     -5.70474      0.86641      0.30924      0.55716
     -5.69474      0.88633      0.31121      0.57513
     -5.68474      1.06117      0.37362      0.68755
     -5.67474      1.16424      0.42485      0.73938
     -5.66474      1.06727      0.40281      0.66446
     -5.65474      0.92653      0.34654      0.57999
     -5.64474      1.07399      0.39321      0.68078
     -5.63474      1.15604      0.42297      0.73307
     -5.62474      1.03807      0.37789      0.66019
     -5.61474      1.10459      0.39704      0.70754
     -5.60474      1.16898      0.41979      0.74919
     -5.59474      0.85434      0.30887      0.54547
     -5.58474      0.50162      0.17718      0.32444
     -5.57474      0.43179      0.14662      0.28517
     -5.56474      0.78800      0.27546      0.51254
     -5.55474      1.19070      0.43235      0.75835
     -5.54474      1.14226      0.42818      0.71409
     -5.53474      0.84962      0.31850      0.53112
     -5.52474      0.62639      0.22622      0.40017
     -5.51474      0.52394      0.18276      0.34118
     -5.50474      0.55362      0.18840      0.36521
     -5.49474      0.54641      0.19070      0.35571
     -5.48474      0.59310      0.21992      0.37318
     -5.47474      0.72841      0.27632      0.45209
     -5.46474      0.77613      0.29569      0.48045
     -5.45474      0.71242      0.26656      0.44586
     -5.44474      0.76471      0.27516      0.48955
     -5.43474      0.94561      0.34156      0.60406
     -5.42474      1.11396      0.40054      0.71341
     -5.41474      1.10296      0.38199      0.72097
     -5.40474      0.84640      0.28952      0.55689
     -5.39474      0.63002      0.21936      0.41067
     -5.38474      0.58692      0.20546      0.38146
     -5.37474      0.70137      0.24520      0.45617
     -5.36474      0.73983      0.26520      0.47463
     -5.35474      0.83316      0.30623      0.52693
     -5.34474      0.82360      0.30200      0.52160
     -5.33474      0.53262      0.19425      0.33837
     -5.32474      0.50006      0.18050      0.31957
     -5.31474      0.81220      0.28672      0.52548
     -5.30474      0.89435      0.31281      0.58154
     -5.29474      0.82284      0.29504      0.52780
     -5.28474      0.78350      0.28962      0.49388
     -5.27474      0.67822      0.25237      0.42586
     -5.26474      0.62310      0.23718      0.38592
     -5.25474      0.49301      0.18949      0.30353
     -5.24474      0.45408      0.16116      0.29292
     -5.23474      0.75302      0.25643      0.49659
     -5.22474      1.00381      0.34534      0.65847
     -5.21474      0.87726      0.31042      0.56683
     -5.20474      0.61154      0.22623      0.38530
     -5.19474      0.50204      0.18445      0.31759
     -5.18474      0.56780      0.19775      0.37005
     -5.17474      0.62993      0.21317      0.41675
     -5.16474      0.59397      0.20598      0.38799
     -5.15474      0.60018      0.22029      0.37988
     -5.14474      0.71825      0.26687      0.45139
     -5.13474      0.77132      0.28121      0.49011
     -5.12474      0.69805      0.24648      0.45158
     -5.11474      0.52944      0.18102      0.34842
     -5.10474      0.31006      0.10361      0.20645
     -5.09474      0.22528      0.08108      0.14421
     -5.08474      0.29647      0.11478      0.18169
     -5.07474      0.46142      0.17607      0.28535
     -5.06474      0.76109      0.27631      0.48479
     -5.05474      0.88446      0.30839      0.57608
     -5.04474      0.87770      0.29967      0.57803
     -5.03474      0.91873      0.31266      0.60607
     -5.02474      0.79422      0.26457      0.52965
     -5.01474      0.68016      0.22695      0.45322
     -5.00474      0.71007      0.24912      0.46095
     -4.99474      0.81476      0.29726      0.51750
     -4.98474      0.75406      0.27947      0.47459
     -4.97474      0.70822      0.25883      0.44939
     -4.96474      0.79730      0.28275      0.51455
     -4.95474      0.58741      0.20513      0.38228
     -4.94474      0.32698      0.11609      0.21089
     -4.93474      0.44657      0.16199      0.28459
     -4.92474      0.61160      0.21788      0.39372
     -4.91474      0.54104      0.18850      0.35254
     -4.90474      0.42005      0.14446      0.27559
     -4.89474      0.40625      0.13992      0.26633
     -4.88474      0.60438      0.21133      0.39305
     -4.87474      0.85413      0.29958      0.55455
     -4.86474      0.75826      0.26572      0.49254
     -4.85474      0.41651      0.14524      0.27127
     -4.84474      0.24032      0.07904      0.16128
     -4.83474      0.26848      0.08921      0.17926
     -4.82474      0.52332      0.18016      0.34316
     -4.81474      0.72955      0.25229      0.47726
     -4.80474      0.73712      0.25864      0.47848
     -4.79474      0.87366      0.31229      0.56137
     -4.78474      0.88891      0.32563      0.56327
     -4.77474      0.67321      0.24989      0.42333
     -4.76474      0.61081      0.21806      0.39275
     -4.75474      0.60202      0.20651      0.39551
     -4.74474      0.50088      0.17872      0.32216
     -4.73474      0.44624      0.17300      0.27324
     -4.72474      0.35888      0.13907      0.21980
     -4.71474      0.37775      0.13190      0.24585
     -4.70474      0.55950      0.18982      0.36968
     -4.69474      0.67480      0.23018      0.44462
     -4.68474      0.74767      0.25169      0.49598
     -4.67474      0.67859      0.22575      0.45284
     -4.66474      0.57157      0.19309      0.37848
     -4.65474      0.53184      0.18518      0.34666
     -4.64474      0.50289      0.17706      0.32583
     -4.63474      0.54078      0.19266      0.34813
     -4.62474      0.58773      0.20421      0.38352
     -4.61474      0.59648      0.19356      0.40293
     -4.60474      0.61373      0.19686      0.41687
     -4.59474      0.67074      0.22559      0.44515
     -4.58474      0.75173      0.26052      0.49121
     -4.57474      0.73097      0.25826      0.47271
     -4.56474      0.72689      0.26848      0.45841
     -4.55474      0.85043      0.31597      0.53447
     -4.54474      0.72962      0.25828      0.47134
     -4.53474      0.41392      0.13595      0.27796
     -4.52474      0.19817      0.06512      0.13306
     -4.51474      0.18565      0.06616      0.11948
     -4.50474      0.24751      0.08217      0.16534
     -4.49474      0.30487      0.09256      0.21231
     -4.48474      0.37263      0.11416      0.25847
     -4.47474      0.60926      0.20091      0.40835
     -4.46474      0.78730      0.27272      0.51458
     -4.45474      0.71644      0.24981      0.46663
     -4.44474      0.74881      0.25901      0.48981
     -4.43474      0.78253      0.27750      0.50503
     -4.42474      0.55400      0.20200      0.35200
     -4.41474      0.30538      0.11422      0.19116
     -4.40474      0.26230      0.09922      0.16308
     -4.39474      0.35034      0.12611      0.22422
     -4.38474      0.47434      0.15729      0.31705
     -4.37474      0.57748      0.18751      0.38997
     -4.36474      0.57818      0.19162      0.38656
     -4.35474      0.51447      0.17547      0.33900
     -4.34474      0.43844      0.15700      0.28145
     -4.33474      0.49487      0.18241      0.31245
     -4.32474      0.68232      0.24271      0.43961
     -4.31474      0.65887      0.22516      0.43371
     -4.30474      0.36974      0.12300      0.24674
     -4.29474      0.30503      0.09822      0.20682
     -4.28474      0.63585      0.20647      0.42937
     -4.27474      0.82982      0.27284      0.55698
     -4.26474      0.70203      0.22794      0.47409
     -4.25474      0.65067      0.20789      0.44278
     -4.24474      0.68961      0.23137      0.45824
     -4.23474      0.57504      0.20304      0.37201
     -4.22474      0.48145      0.17037      0.31108
     -4.21474      0.47924      0.17164      0.30760
     -4.20474      0.39329      0.14198      0.25131
     -4.19474      0.37036      0.12812      0.24224
     -4.18474      0.50638      0.17565      0.33073
     -4.17474      0.62265      0.21528      0.40737
     -4.16474      0.62066      0.20325      0.41741
     -4.15474      0.59187      0.18767      0.40420
     -4.14474      0.56662      0.18862      0.37800
     -4.13474      0.49504      0.17179      0.32325
     -4.12474      0.43955      0.15474      0.28482
     -4.11474      0.49362      0.17506      0.31856
     -4.10474      0.57919      0.20311      0.37609
     -4.09474      0.54798      0.18847      0.35951
     -4.08474      0.60152      0.20228      0.39924
     -4.07474      0.72204      0.24977      0.47227
     -4.06474      0.83023      0.29350      0.53673
     -4.05474      0.79324      0.27256      0.52068
     -4.04474      0.45840      0.14949      0.30891
     -4.03474      0.20440      0.06143      0.14297
     -4.02474      0.17865      0.05064      0.12802
     -4.01474      0.24850      0.07063      0.17787
     -4.00474      0.44028      0.12928      0.31101
     -3.99474      0.55842      0.17423      0.38419
     -3.98474      0.40480      0.13710      0.26771
     -3.97474      0.17644      0.06348      0.11296
     -3.96474      0.05030      0.01844      0.03186
     -3.95474      0.10255      0.03663      0.06592
     -3.94474      0.41806      0.14706      0.27099
     -3.93474      0.85180      0.29584      0.55596
     -3.92474      0.97580      0.33868      0.63712
     -3.91474      0.72556      0.25436      0.47120
     -3.90474      0.47333      0.16321      0.31012
     -3.89474      0.33417      0.11299      0.22118
     -3.88474      0.31357      0.10434      0.20924
     -3.87474      0.58719      0.18712      0.40007
     -3.86474      0.80078      0.24805      0.55273
     -3.85474      0.74272      0.23249      0.51023
     -3.84474      0.57812      0.18578      0.39234
     -3.83474      0.50480      0.16003      0.34477
     -3.82474      0.55773      0.18218      0.37554
     -3.81474      0.65217      0.22076      0.43142
     -3.80474      0.84861      0.28952      0.55909
     -3.79474      0.85876      0.28960      0.56916
     -3.78474      0.51283      0.16481      0.34802
     -3.77474      0.21322      0.06379      0.14944
     -3.76474      0.10918      0.03481      0.07437
     -3.75474      0.20513      0.07050      0.13463
     -3.74474      0.39660      0.13851      0.25809
     -3.73474      0.44089      0.15817      0.28272
     -3.72474      0.40554      0.14146      0.26408
     -3.71474      0.54593      0.17705      0.36888
     -3.70474      0.68557      0.21736      0.46821
     -3.69474      0.57422      0.18131      0.39291
     -3.68474      0.33010      0.10221      0.22789
     -3.67474      0.30904      0.09545      0.21359
     -3.66474      0.54949      0.17646      0.37303
     -3.65474      0.69802      0.22622      0.47180
     -3.64474      0.58093      0.19039      0.39055
     -3.63474      0.36759      0.11943      0.24817
     -3.62474      0.28446      0.08595      0.19851
     -3.61474      0.35288      0.10935      0.24353
     -3.60474      0.43028      0.13875      0.29153
     -3.59474      0.46709      0.15755      0.30953
     -3.58474      0.55208      0.19536      0.35672
     -3.57474      0.57103      0.20187      0.36916
     -3.56474      0.58382      0.19675      0.38708
     -3.55474      0.66525      0.21582      0.44942
     -3.54474      0.72221      0.23262      0.48958
     -3.53474      0.67830      0.22298      0.45533
     -3.52474      0.60434      0.21303      0.39131
     -3.51474      0.45728      0.16914      0.28813
     -3.50474      0.26825      0.10219      0.16606
     -3.49474      0.18999      0.07109      0.11890
     -3.48474      0.21454      0.06589      0.14865
     -3.47474      0.33576      0.09155      0.24421
     -3.46474      0.38668      0.10770      0.27898
     -3.45474      0.42618      0.12637      0.29981
     -3.44474      0.55981      0.16475      0.39506
     -3.43474      0.62443      0.18506      0.43937
     -3.42474      0.57970      0.18225      0.39745
     -3.41474      0.56105      0.17580      0.38525
     -3.40474      0.58474      0.17597      0.40877
     -3.39474      0.61819      0.19155      0.42664
     -3.38474      0.64175      0.20958      0.43217
     -3.37474      0.64312      0.21566      0.42746
     -3.36474      0.56522      0.18526      0.37996
     -3.35474      0.36377      0.11107      0.25269
     -3.34474      0.27367      0.07467      0.19901
     -3.33474      0.35307      0.09391      0.25916
     -3.32474      0.38566      0.10921      0.27644
     -3.31474      0.33135      0.10782      0.22353
     -3.30474      0.27412      0.09918      0.17494
     -3.29474      0.24601      0.08466      0.16135
     -3.28474      0.26028      0.08227      0.17800
     -3.27474      0.29375      0.09884      0.19491
     -3.26474      0.42959      0.14948      0.28011
     -3.25474      0.77934      0.26133      0.51802
     -3.24474      1.09564      0.35927      0.73637
     -3.23474      1.03367      0.33629      0.69738
     -3.22474      0.68375      0.21491      0.46884
     -3.21474      0.48548      0.14489      0.34059
     -3.20474      0.48530      0.14493      0.34036
     -3.19474      0.41918      0.12226      0.29692
     -3.18474      0.30457      0.09080      0.21377
     -3.17474      0.30410      0.09389      0.21021
     -3.16474      0.31916      0.09142      0.22774
     -3.15474      0.27797      0.07662      0.20135
     -3.14474      0.32190      0.09938      0.22251
     -3.13474      0.44154      0.14757      0.29398
     -3.12474      0.38890      0.13185      0.25705
     -3.11474      0.39456      0.13383      0.26073
     -3.10474      0.70797      0.24079      0.46718
     -3.09474      0.87844      0.29121      0.58724
     -3.08474      0.71297      0.22173      0.49124
     -3.07474      0.40512      0.11611      0.28901
     -3.06474      0.12849      0.03503      0.09346
     -3.05474      0.04712      0.01561      0.03151
     -3.04474      0.10797      0.03960      0.06837
     -3.03474      0.16197      0.05657      0.10540
     -3.02474      0.23016      0.06541      0.16474
     -3.01474      0.47860      0.12427      0.35433
     -3.00474      0.71469      0.19116      0.52353
     -2.99474      0.72163      0.19859      0.52304
     -2.98474      0.58684      0.16339      0.42345
     -2.97474      0.51538      0.15521      0.36017
     -2.96474      0.63742      0.20796      0.42945
     -2.95474      1.00387      0.33190      0.67197
     -2.94474      1.09945      0.36084      0.73861
     -2.93474      0.69614      0.22552      0.47062
     -2.92474      0.37807      0.11590      0.26217
     -2.91474      0.30336      0.08593      0.21742
     -2.90474      0.42687      0.12107      0.30580
     -2.89474      0.47865      0.13266      0.34599
     -2.88474      0.35904      0.09401      0.26504
     -2.87474      0.28230      0.07434      0.20796
     -2.86474      0.29864      0.08699      0.21166
     -2.85474      0.29125      0.09498      0.19627
     -2.84474      0.24706      0.08794      0.15912
     -2.83474      0.29919      0.10253      0.19666
     -2.82474      0.38806      0.12484      0.26322
     -2.81474      0.41450      0.13024      0.28426
     -2.80474      0.55566      0.17174      0.38393
     -2.79474      0.62189      0.17676      0.44513
     -2.78474      0.58438      0.15083      0.43354
     -2.77474      0.59283      0.15511      0.43772
     -2.76474      0.50950      0.14325      0.36626
     -2.75474      0.34835      0.10631      0.24205
     -2.74474      0.41020      0.12360      0.28660
     -2.73474      0.51633      0.14780      0.36853
     -2.72474      0.43673      0.12579      0.31094
     -2.71474      0.23572      0.06988      0.16584
     -2.70474      0.23425      0.06906      0.16519
     -2.69474      0.47388      0.14045      0.33343
     -2.68474      0.67304      0.21226      0.46078
     -2.67474      0.78142      0.26684      0.51459
     -2.66474      0.72142      0.24523      0.47619
     -2.65474      0.51297      0.15888      0.35409
     -2.64474      0.50304      0.14840      0.35464
     -2.63474      0.59970      0.17825      0.42145
     -2.62474      0.40823      0.11900      0.28923
     -2.61474      0.12406      0.03555      0.08850
     -2.60474      0.06321      0.01993      0.04328
     -2.59474      0.20268      0.06300      0.13968
     -2.58474      0.36659      0.10662      0.25998
     -2.57474      0.46204      0.12678      0.33526
     -2.56474      0.65198      0.17921      0.47277
     -2.55474      0.76538      0.20524      0.56014
     -2.54474      0.66339      0.17672      0.48667
     -2.53474      0.60107      0.16859      0.43248
     -2.52474      0.60952      0.16432      0.44520
     -2.51474      0.57725      0.14827      0.42898
     -2.50474      0.45570      0.12441      0.33129
     -2.49474      0.35060      0.09583      0.25477
     -2.48474      0.33701      0.08353      0.25348
     -2.47474      0.43810      0.11160      0.32650
     -2.46474      0.59300      0.16294      0.43005
     -2.45474      0.61232      0.18030      0.43203
     -2.44474      0.54278      0.16815      0.37464
     -2.43474      0.42895      0.13751      0.29145
     -2.42474      0.37158      0.12553      0.24606
     -2.41474      0.50242      0.16580      0.33661
     -2.40474      0.59831      0.18129      0.41702
     -2.39474      0.52196      0.13943      0.38253
     -2.38474      0.49055      0.12605      0.36450
     -2.37474      0.56629      0.14706      0.41923
     -2.36474      0.45567      0.11872      0.33695
     -2.35474      0.29356      0.08619      0.20737
     -2.34474      0.31008      0.08895      0.22113
     -2.33474      0.40955      0.10010      0.30946
     -2.32474      0.49242      0.12076      0.37166
     -2.31474      0.56783      0.15360      0.41422
     -2.30474      0.53735      0.14920      0.38815
     -2.29474      0.42554      0.12028      0.30527
     -2.28474      0.45963      0.13730      0.32233
     -2.27474      0.54339      0.15639      0.38701
     -2.26474      0.62441      0.16618      0.45822
     -2.25474      0.56729      0.15347      0.41383
     -2.24474      0.44745      0.12905      0.31840
     -2.23474      0.42710      0.12376      0.30334
     -2.22474      0.47762      0.13106      0.34656
     -2.21474      0.43034      0.11341      0.31693
     -2.20474      0.39025      0.10371      0.28654
     -2.19474      0.49559      0.14103      0.35457
     -2.18474      0.55602      0.16649      0.38954
     -2.17474      0.47755      0.14268      0.33487
     -2.16474      0.32181      0.08779      0.23402
     -2.15474      0.34281      0.09088      0.25193
     -2.14474      0.57642      0.16152      0.41491
     -2.13474      0.63695      0.17205      0.46490
     -2.12474      0.35486      0.08826      0.26660
     -2.11474      0.23983      0.05334      0.18650
     -2.10474      0.47175      0.10482      0.36693
     -2.09474      0.74120      0.17599      0.56521
     -2.08474      0.85670      0.21778      0.63892
     -2.07474      0.83116      0.21235      0.61881
     -2.06474      0.76221      0.18634      0.57587
     -2.05474      0.65693      0.15106      0.50587
     -2.04474      0.51872      0.12650      0.39222
     -2.03474      0.46483      0.12861      0.33622
     -2.02474      0.49798      0.13076      0.36721
     -2.01474      0.59418      0.14523      0.44894
     -2.00474      0.61002      0.15213      0.45789
     -1.99474      0.49980      0.13425      0.36555
     -1.98474      0.56243      0.15774      0.40468
     -1.97474      0.60539      0.16128      0.44410
     -1.96474      0.57837      0.14587      0.43250
     -1.95474      0.57258      0.14344      0.42914
     -1.94474      0.61272      0.14985      0.46287
     -1.93474      0.54767      0.13918      0.40849
     -1.92474      0.45767      0.12154      0.33613
     -1.91474      0.48591      0.12404      0.36187
     -1.90474      0.53038      0.12940      0.40098
     -1.89474      0.67926      0.16768      0.51158
     -1.88474      0.76434      0.17980      0.58454
     -1.87474      0.71251      0.15156      0.56095
     -1.86474      0.70261      0.14506      0.55755
     -1.85474      0.76180      0.16789      0.59391
     -1.84474      0.81004      0.18520      0.62484
     -1.83474      0.89378      0.20467      0.68911
     -1.82474      1.11223      0.26078      0.85145
     -1.81474      1.01345      0.25037      0.76308
     -1.80474      0.54011      0.14143      0.39868
     -1.79474      0.27056      0.06439      0.20617
     -1.78474      0.27452      0.06030      0.21423
     -1.77474      0.41043      0.09802      0.31241
     -1.76474      0.46575      0.11244      0.35331
     -1.75474      0.52457      0.11635      0.40823
     -1.74474      0.57429      0.13049      0.44380
     -1.73474      0.40809      0.10752      0.30057
     -1.72474      0.23618      0.06949      0.16668
     -1.71474      0.26121      0.07229      0.18892
     -1.70474      0.41991      0.12736      0.29254
     -1.69474      0.51196      0.16206      0.34990
     -1.68474      0.42489      0.12047      0.30442
     -1.67474      0.44093      0.09418      0.34675
     -1.66474      0.81697      0.16110      0.65587
     -1.65474      1.11324      0.22883      0.88441
     -1.64474      1.18422      0.24848      0.93575
     -1.63474      1.30999      0.26595      1.04404
     -1.62474      1.30968      0.27201      1.03767
     -1.61474      0.81474      0.18974      0.62500
     -1.60474      0.31203      0.08963      0.22240
     -1.59474      0.10696      0.03664      0.07031
     -1.58474      0.13395      0.04570      0.08825
     -1.57474      0.26440      0.08268      0.18173
     -1.56474      0.30237      0.08095      0.22142
     -1.55474      0.21815      0.04780      0.17035
     -1.54474      0.09177      0.01753      0.07424
     -1.53474      0.03864      0.00684      0.03180
     -1.52474      0.11717      0.02041      0.09676
     -1.51474      0.24839      0.04332      0.20507
     -1.50474      0.22088      0.03860      0.18228
     -1.49474      0.11417      0.01998      0.09419
     -1.48474      0.17003      0.02971      0.14032
     -1.47474      0.32898      0.05750      0.27149
     -1.46474      0.48529      0.08579      0.39950
     -1.45474      0.66685      0.11943      0.54742
     -1.44474      0.57480      0.10318      0.47162
     -1.43474      0.29947      0.05289      0.24658
     -1.42474      0.15779      0.02710      0.13068
     -1.41474      0.07777      0.01322      0.06456
     -1.40474      0.11738      0.01980      0.09758
     -1.39474      0.24278      0.04086      0.20192
     -1.38474      0.23489      0.03946      0.19543
     -1.37474      0.15001      0.02519      0.12482
     -1.36474      0.15147      0.02547      0.12601
     -1.35474      0.13764      0.02314      0.11450
     -1.34474      0.14036      0.02356      0.11679
     -1.33474      0.16157      0.02708      0.13449
     -1.32474      0.18391      0.03069      0.15322
     -1.31474      0.25368      0.04223      0.21146
     -1.30474      0.26965      0.04493      0.22472
     -1.29474      0.30689      0.05108      0.25581
     -1.28474      0.40777      0.06774      0.34003
     -1.27474      0.45200      0.07543      0.37657
     -1.26474      0.52463      0.08821      0.43643
     -1.25474      0.73619      0.12390      0.61229
     -1.24474      0.75907      0.12727      0.63179
     -1.23474      0.39315      0.06556      0.32759
     -1.22474      0.09392      0.01553      0.07839
     -1.21474      0.05669      0.00909      0.04760
     -1.20474      0.13157      0.02099      0.11058
     -1.19474      0.16302      0.02590      0.13712
     -1.18474      0.16296      0.02567      0.13729
     -1.17474      0.12848      0.02016      0.10832
     -1.16474      0.05080      0.00797      0.04283
     -1.15474      0.04554      0.00719      0.03836
     -1.14474      0.12468      0.01966      0.10502
     -1.13474      0.18184      0.02851      0.15333
     -1.12474      0.18278      0.02836      0.15442
     -1.11474      0.14248      0.02204      0.12044
     -1.10474      0.13311      0.02077      0.11235
     -1.09474      0.20326      0.03160      0.17167
     -1.08474      0.29054      0.04460      0.24594
     -1.07474      0.37694      0.05781      0.31913
     -1.06474      0.35306      0.05463      0.29843
     -1.05474      0.28299      0.04423      0.23875
     -1.04474      0.22211      0.03472      0.18739
     -1.03474      0.16722      0.02562      0.14159
     -1.02474      0.15085      0.02271      0.12815
     -1.01474      0.08632      0.01293      0.07339
     -1.00474      0.07583      0.01122      0.06461
     -0.99474      0.17453      0.02576      0.14877
     -0.98474      0.19061      0.02816      0.16244
     -0.97474      0.09557      0.01412      0.08146
     -0.96474      0.11414      0.01674      0.09740
     -0.95474      0.24054      0.03512      0.20542
     -0.94474      0.25719      0.03743      0.21976
     -0.93474      0.19731      0.02875      0.16857
     -0.92474      0.19078      0.02777      0.16301
     -0.91474      0.24211      0.03488      0.20722
     -0.90474      0.31445      0.04520      0.26925
     -0.89474      0.27996      0.04042      0.23954
     -0.88474      0.27105      0.03931      0.23174
     -0.87474      0.34556      0.05009      0.29547
     -0.86474      0.38465      0.05566      0.32900
     -0.85474      0.29286      0.04199      0.25088
     -0.84474      0.25485      0.03565      0.21920
     -0.83474      0.25192      0.03479      0.21713
     -0.82474      0.13875      0.01908      0.11967
     -0.81474      0.03349      0.00460      0.02889
     -0.80474      0.00333      0.00046      0.00287
     -0.79474      0.00270      0.00036      0.00234
     -0.78474      0.03328      0.00447      0.02881
     -0.77474      0.15815      0.02126      0.13689
     -0.76474      0.27657      0.03717      0.23940
     -0.75474      0.17924      0.02408      0.15516
     -0.74474      0.06005      0.00800      0.05205
     -0.73474      0.10135      0.01326      0.08810
     -0.72474      0.24231      0.03179      0.21051
     -0.71474      0.33013      0.04343      0.28670
     -0.70474      0.28987      0.03812      0.25175
     -0.69474      0.21354      0.02815      0.18539
     -0.68474      0.14188      0.01877      0.12311
     -0.67474      0.06912      0.00905      0.06007
     -0.66474      0.09404      0.01201      0.08203
     -0.65474      0.14087      0.01793      0.12294
     -0.64474      0.09985      0.01265      0.08720
     -0.63474      0.08993      0.01123      0.07870
     -0.62474      0.14547      0.01813      0.12733
     -0.61474      0.16682      0.02085      0.14597
     -0.60474      0.10537      0.01315      0.09221
     -0.59474      0.10956      0.01348      0.09609
     -0.58474      0.24627      0.03015      0.21612
     -0.57474      0.26933      0.03295      0.23638
     -0.56474      0.19656      0.02400      0.17257
     -0.55474      0.24643      0.02988      0.21655
     -0.54474      0.37016      0.04458      0.32559
     -0.53474      0.38887      0.04679      0.34208
     -0.52474      0.20965      0.02527      0.18439
     -0.51474      0.05176      0.00625      0.04551
     -0.50474      0.00673      0.00081      0.00593
     -0.49474      0.01842      0.00212      0.01630
     -0.48474      0.10091      0.01158      0.08934
     -0.47474      0.23142      0.02648      0.20494
     -0.46474      0.22806      0.02602      0.20203
     -0.45474      0.09651      0.01098      0.08552
     -0.44474      0.01726      0.00196      0.01530
     -0.43474      0.00904      0.00101      0.00803
     -0.42474      0.05923      0.00658      0.05265
     -0.41474      0.18472      0.02045      0.16427
     -0.40474      0.26831      0.02957      0.23874
     -0.39474      0.21336      0.02344      0.18992
     -0.38474      0.11862      0.01297      0.10564
     -0.37474      0.11042      0.01183      0.09859
     -0.36474      0.19041      0.02021      0.17020
     -0.35474      0.21896      0.02321      0.19575
     -0.34474      0.14197      0.01504      0.12692
     -0.33474      0.05105      0.00539      0.04566
     -0.32474      0.05789      0.00600      0.05190
     -0.31474      0.13029      0.01346      0.11683
     -0.30474      0.13771      0.01419      0.12353
     -0.29474      0.15169      0.01545      0.13625
     -0.28474      0.25792      0.02608      0.23184
     -0.27474      0.28035      0.02827      0.25208
     -0.26474      0.16375      0.01647      0.14728
     -0.25474      0.09567      0.00946      0.08621
     -0.24474      0.13514      0.01320      0.12194
     -0.23474      0.11332      0.01105      0.10227
     -0.22474      0.05986      0.00577      0.05410
     -0.21474      0.10147      0.00962      0.09186
     -0.20474      0.14193      0.01343      0.12851
     -0.19474      0.11066      0.01041      0.10024
     -0.18474      0.13155      0.01228      0.11927
     -0.17474      0.14017      0.01303      0.12714
     -0.16474      0.11846      0.01087      0.10759
     -0.15474      0.14343      0.01302      0.13041
     -0.14474      0.10250      0.00929      0.09321
     -0.13474      0.05063      0.00453      0.04610
     -0.12474      0.09996      0.00879      0.09117
     -0.11474      0.17110      0.01499      0.15611
     -0.10474      0.19662      0.01710      0.17953
     -0.09474      0.22025      0.01898      0.20127
     -0.08474      0.19826      0.01697      0.18130
     -0.07474      0.10549      0.00899      0.09649
     -0.06474      0.03085      0.00261      0.02825
     -0.05474      0.04491      0.00368      0.04123
     -0.04474      0.11772      0.00961      0.10811
     -0.03474      0.13657      0.01111      0.12546
     -0.02474      0.12059      0.00969      0.11090
     -0.01474      0.14453      0.01150      0.13303
     -0.00474      0.09802      0.00779      0.09023
      0.00526      0.02562      0.00204      0.02359
      0.01526      0.00247      0.00020      0.00228
      0.02526      0.00009      0.00001      0.00008
      0.03526      0.00000      0.00000      0.00000
      0.04526      0.00000      0.00000      0.00000
      0.05526      0.00000      0.00000      0.00000
      0.06526      0.00000      0.00000      0.00000
      0.07526      0.00000      0.00000      0.00000
      0.08526      0.00000      0.00000      0.00000
      0.09526      0.00000      0.00000      0.00000
      0.10526      0.00000      0.00000      0.00000
      0.11526      0.00000      0.00000      0.00000
      0.12526      0.00000      0.00000      0.00000
      0.13526      0.00000      0.00000      0.00000
      0.14526      0.00000      0.00000      0.00000
      0.15526      0.00000      0.00000      0.00000
      0.16526      0.00000      0.00000      0.00000
      0.17526      0.00000      0.00000      0.00000
      0.18526      0.00000      0.00000      0.00000
      0.19526      0.00000      0.00000      0.00000
      0.20526      0.00000      0.00000      0.00000
      0.21526      0.00000      0.00000      0.00000
      0.22526      0.00000      0.00000      0.00000
      0.23526      0.00000      0.00000      0.00000
      0.24526      0.00000      0.00000      0.00000
      0.25526      0.00000      0.00000      0.00000
      0.26526      0.00000      0.00000      0.00000
      0.27526      0.00000      0.00000      0.00000
      0.28526      0.00000      0.00000      0.00000
      0.29526      0.00000      0.00000      0.00000
      0.30526      0.00000      0.00000      0.00000
      0.31526      0.00000      0.00000      0.00000
      0.32526      0.00000      0.00000      0.00000
      0.33526      0.00000      0.00000      0.00000
      0.34526      0.00000      0.00000      0.00000
      0.35526      0.00000      0.00000      0.00000
      0.36526      0.00000      0.00000      0.00000
      0.37526      0.00000      0.00000      0.00000
      0.38526      0.00000      0.00000      0.00000
      0.39526      0.00000      0.00000      0.00000
      0.40526      0.00000      0.00000      0.00000
      0.41526      0.00000      0.00000      0.00000
      0.42526      0.00000      0.00000      0.00000
      0.43526      0.00000      0.00000      0.00000
      0.44526      0.00000      0.00000      0.00000
      0.45526      0.00000      0.00000      0.00000
      0.46526      0.00000      0.00000      0.00000
      0.47526      0.00000      0.00000      0.00000
      0.48526      0.00000      0.00000      0.00000
      0.49526      0.00000      0.00000      0.00000
      0.50526      0.00000      0.00000      0.00000
      0.51526      0.00000      0.00000      0.00000
      0.52526      0.00000      0.00000      0.00000
      0.53526      0.00000      0.00000      0.00000
      0.54526      0.00000      0.00000      0.00000
      0.55526      0.00000      0.00000      0.00000
      0.56526      0.00000      0.00000      0.00000
      0.57526      0.00000      0.00000      0.00000
      0.58526      0.00000      0.00000      0.00000
      0.59526      0.00000      0.00000      0.00000
      0.60526      0.00000      0.00000      0.00000
      0.61526      0.00000      0.00000      0.00000
      0.62526      0.00000      0.00000      0.00000
      0.63526      0.00000      0.00000      0.00000
      0.64526      0.00000      0.00000      0.00000
      0.65526      0.00000      0.00000      0.00000
      0.66526      0.00000      0.00000      0.00000
      0.67526      0.00000      0.00000      0.00000
      0.68526      0.00000      0.00000      0.00000
      0.69526      0.00000      0.00000      0.00000
      0.70526      0.00000      0.00000      0.00000
      0.71526      0.00000      0.00000      0.00000
      0.72526      0.00000      0.00000      0.00000
      0.73526      0.00000      0.00000      0.00000
      0.74526      0.00000      0.00000      0.00000
      0.75526      0.00000      0.00000      0.00000
      0.76526      0.00000      0.00000      0.00000
      0.77526      0.00000      0.00000      0.00000
      0.78526      0.00000      0.00000      0.00000
      0.79526      0.00000      0.00000      0.00000
      0.80526      0.00000      0.00000      0.00000
      0.81526      0.00000      0.00000      0.00000
      0.82526      0.00000      0.00000      0.00000
      0.83526      0.00000      0.00000      0.00000
      0.84526      0.00000      0.00000      0.00000
      0.85526      0.00000      0.00000      0.00000
      0.86526      0.00000      0.00000      0.00000
      0.87526      0.00000      0.00000      0.00000
      0.88526      0.00000      0.00000      0.00000
      0.89526      0.00000      0.00000      0.00000
      0.90526      0.00000      0.00000      0.00000
      0.91526      0.00000      0.00000      0.00000
      0.92526      0.00000      0.00000      0.00000
      0.93526      0.00000      0.00000      0.00000
      0.94526      0.00000      0.00000      0.00000
      0.95526      0.00000      0.00000      0.00000
      0.96526      0.00000      0.00000      0.00000
      0.97526      0.00000      0.00000      0.00000
      0.98526      0.00000      0.00000      0.00000
      0.99526      0.00000      0.00000      0.00000
      1.00526      0.00000      0.00000      0.00000
      1.01526      0.00000      0.00000      0.00000
      1.02526      0.00000      0.00000      0.00000
      1.03526      0.00000      0.00000      0.00000
      1.04526      0.00000      0.00000      0.00000
      1.05526      0.00000      0.00000      0.00000
      1.06526      0.00000      0.00000      0.00000
      1.07526      0.00000      0.00000      0.00000
      1.08526      0.00000      0.00000      0.00000
      1.09526      0.00000      0.00000      0.00000
      1.10526      0.00000      0.00000      0.00000
      1.11526      0.00000      0.00000      0.00000
      1.12526      0.00000      0.00000      0.00000
      1.13526      0.00000      0.00000      0.00000
      1.14526      0.00000      0.00000      0.00000
      1.15526      0.00000      0.00000      0.00000
      1.16526      0.00000      0.00000      0.00000
      1.17526      0.00000      0.00000      0.00000
      1.18526      0.00000      0.00000      0.00000
      1.19526      0.00000      0.00000      0.00000
      1.20526      0.00000      0.00000      0.00000
      1.21526      0.00000      0.00000      0.00000
      1.22526      0.00000      0.00000      0.00000
      1.23526      0.00000      0.00000      0.00000
      1.24526      0.00000      0.00000      0.00000
      1.25526      0.00000      0.00000      0.00000
      1.26526      0.00000      0.00000      0.00000
      1.27526      0.00000      0.00000      0.00000
      1.28526      0.00000      0.00000      0.00000
      1.29526      0.00000      0.00000      0.00000
      1.30526      0.00000      0.00000      0.00000
      1.31526      0.00000      0.00000      0.00000
      1.32526      0.00000      0.00000      0.00000
      1.33526      0.00000      0.00000      0.00000
      1.34526      0.00000      0.00000      0.00000
      1.35526      0.00000      0.00000      0.00000
      1.36526      0.00000      0.00000      0.00000
      1.37526      0.00000      0.00000      0.00000
      1.38526      0.00000      0.00000      0.00000
      1.39526      0.00000      0.00000      0.00000
      1.40526      0.00000      0.00000      0.00000
      1.41526      0.00000      0.00000      0.00000
      1.42526      0.00000      0.00000      0.00000
      1.43526      0.00000      0.00000      0.00000
      1.44526      0.00000      0.00000      0.00000
      1.45526      0.00000      0.00000      0.00000
      1.46526      0.00000      0.00000      0.00000
      1.47526      0.00000      0.00000      0.00000
      1.48526      0.00000      0.00000      0.00000
      1.49526      0.00000      0.00000      0.00000
      1.50526      0.00000      0.00000      0.00000
      1.51526      0.00000      0.00000      0.00000
      1.52526      0.00000      0.00000      0.00000
      1.53526      0.00000      0.00000      0.00000
      1.54526      0.00000      0.00000      0.00000
      1.55526      0.00000      0.00000      0.00000
      1.56526      0.00000      0.00000      0.00000
      1.57526      0.00000      0.00000      0.00000
      1.58526      0.00000      0.00000      0.00000
      1.59526      0.00000      0.00000      0.00000
      1.60526      0.00000      0.00000      0.00000
      1.61526      0.00000      0.00000      0.00000
      1.62526      0.00000      0.00000      0.00000
      1.63526      0.00000      0.00000      0.00000
      1.64526      0.00000      0.00000      0.00000
      1.65526      0.00000      0.00000      0.00000
      1.66526      0.00000      0.00000      0.00000
      1.67526      0.00000      0.00000      0.00000
      1.68526      0.00000      0.00000      0.00000
      1.69526      0.00000      0.00000      0.00000
      1.70526      0.00000      0.00000      0.00000
      1.71526      0.00000      0.00000      0.00000
      1.72526      0.00000      0.00000      0.00000
      1.73526      0.00000      0.00000      0.00000
      1.74526      0.00000      0.00000      0.00000
      1.75526      0.00000      0.00000      0.00000
      1.76526      0.00000      0.00000      0.00000
      1.77526      0.00000      0.00000      0.00000
      1.78526      0.00000      0.00000      0.00000
      1.79526      0.00000      0.00000      0.00000
      1.80526      0.00000      0.00000      0.00000
      1.81526      0.00000      0.00000      0.00000
      1.82526      0.00000      0.00000      0.00000
      1.83526      0.00000      0.00000      0.00000
      1.84526      0.00000      0.00000      0.00000
      1.85526      0.00000      0.00000      0.00000
      1.86526      0.00000      0.00000      0.00000
      1.87526      0.00000      0.00000      0.00000
      1.88526      0.00000      0.00000      0.00000
      1.89526      0.00000      0.00000      0.00000
      1.90526      0.00000      0.00000      0.00000
      1.91526      0.00000      0.00000      0.00000
      1.92526      0.00000      0.00000      0.00000
      1.93526      0.00000      0.00000      0.00000
      1.94526      0.00000      0.00000      0.00000
      1.95526      0.00000      0.00000      0.00000
      1.96526      0.00000      0.00000      0.00000
      1.97526      0.00000      0.00000      0.00000
      1.98526      0.00000      0.00000      0.00000
      1.99526      0.00000      0.00000      0.00000
      2.00526      0.00000      0.00000      0.00000
      2.01526      0.00000      0.00000      0.00000
      2.02526      0.00000      0.00000      0.00000
      2.03526      0.00000      0.00000      0.00000
      2.04526      0.00000      0.00000      0.00000
      2.05526      0.00000      0.00000      0.00000
      2.06526      0.00000      0.00000      0.00000
      2.07526      0.00000      0.00000      0.00000
      2.08526      0.00000      0.00000      0.00000
      2.09526      0.00000      0.00000      0.00000
      2.10526      0.00000      0.00000      0.00000
      2.11526      0.00000      0.00000      0.00000
      2.12526      0.00000      0.00000      0.00000
      2.13526      0.00000      0.00000      0.00000
      2.14526      0.00000      0.00000      0.00000
      2.15526      0.00000      0.00000      0.00000
      2.16526      0.00000      0.00000      0.00000
      2.17526      0.00000      0.00000      0.00000
      2.18526      0.00000      0.00000      0.00000
      2.19526      0.00000      0.00000      0.00000
      2.20526      0.00000      0.00000      0.00000
      2.21526      0.00000      0.00000      0.00000
      2.22526      0.00000      0.00000      0.00000
      2.23526      0.00000      0.00000      0.00000
      2.24526      0.00000      0.00000      0.00000
      2.25526      0.00000      0.00000      0.00000
      2.26526      0.00000      0.00000      0.00000
      2.27526      0.00000      0.00000      0.00000
      2.28526      0.00000      0.00000      0.00000
      2.29526      0.00000      0.00000      0.00000
      2.30526      0.00000      0.00000      0.00000
      2.31526      0.00000      0.00000      0.00000
      2.32526      0.00000      0.00000      0.00000
      2.33526      0.00000      0.00000      0.00000
      2.34526      0.00000      0.00000      0.00000
      2.35526      0.00000      0.00000      0.00000
      2.36526      0.00000      0.00000      0.00000
      2.37526      0.00000      0.00000      0.00000
      2.38526      0.00000      0.00000      0.00000
      2.39526      0.00000      0.00000      0.00000
      2.40526      0.00001      0.00001      0.00000
      2.41526      0.00035      0.00049      0.00000
      2.42526      0.00546      0.00778      0.00000
      2.43526      0.03159      0.04502      0.00000
      2.44526      0.06859      0.09775      0.00000
      2.45526      0.06753      0.09617      0.00000
      2.46526      0.07406      0.10524      0.00000
      2.47526      0.11912      0.16884      0.00000
      2.48526      0.16969      0.23993      0.00000
      2.49526      0.17527      0.24741      0.00000
      2.50526      0.14951      0.21048      0.00000
      2.51526      0.16127      0.22625      0.00000
      2.52526      0.15993      0.22377      0.00000
      2.53526      0.17747      0.24695      0.00000
      2.54526      0.26689      0.37052      0.00000
      2.55526      0.24077      0.33397      0.00000
      2.56526      0.13947      0.19285      0.00000
      2.57526      0.09135      0.12569      0.00000
      2.58526      0.12974      0.17800      0.00000
      2.59526      0.18423      0.25290      0.00000
      2.60526      0.13477      0.18533      0.00000
      2.61526      0.04862      0.06696      0.00000
      2.62526      0.01013      0.01392      0.00000
      2.63526      0.02380      0.03240      0.00000
      2.64526      0.09338      0.12710      0.00000
      2.65526      0.14042      0.19112      0.00000
      2.66526      0.10283      0.13987      0.00000
      2.67526      0.12595      0.17106      0.00000
      2.68526      0.20631      0.27978      0.00000
      2.69526      0.26095      0.35291      0.00000
      2.70526      0.25445      0.34323      0.00000
      2.71526      0.14063      0.18939      0.00000
      2.72526      0.03927      0.05284      0.00000
      2.73526      0.03072      0.04132      0.00000
      2.74526      0.06486      0.08725      0.00000
      2.75526      0.05673      0.07630      0.00000
      2.76526      0.01829      0.02460      0.00000
      2.77526      0.00237      0.00319      0.00000
      2.78526      0.00467      0.00624      0.00000
      2.79526      0.03780      0.05049      0.00000
      2.80526      0.11496      0.15352      0.00000
      2.81526      0.13062      0.17443      0.00000
      2.82526      0.07658      0.10214      0.00000
      2.83526      0.10792      0.14357      0.00000
      2.84526      0.18464      0.24535      0.00000
      2.85526      0.20409      0.27075      0.00000
      2.86526      0.18108      0.24008      0.00000
      2.87526      0.16716      0.22187      0.00000
      2.88526      0.12941      0.17185      0.00000
      2.89526      0.06126      0.08116      0.00000
      2.90526      0.07191      0.09464      0.00000
      2.91526      0.11821      0.15532      0.00000
      2.92526      0.09991      0.13118      0.00000
      2.93526      0.04113      0.05399      0.00000
      2.94526      0.03562      0.04684      0.00000
      2.95526      0.14797      0.19466      0.00000
      2.96526      0.27472      0.36144      0.00000
      2.97526      0.18850      0.24801      0.00000
      2.98526      0.04768      0.06273      0.00000
      2.99526      0.00450      0.00592      0.00000
      3.00526      0.00184      0.00240      0.00000
      3.01526      0.02002      0.02604      0.00000
      3.02526      0.08979      0.11675      0.00000
      3.03526      0.17754      0.23080      0.00000
      3.04526      0.25461      0.33076      0.00000
      3.05526      0.31950      0.41494      0.00000
      3.06526      0.26535      0.34497      0.00000
      3.07526      0.18076      0.23538      0.00000
      3.08526      0.12362      0.16086      0.00000
      3.09526      0.14079      0.18282      0.00000
      3.10526      0.13109      0.17005      0.00000
      3.11526      0.11136      0.14387      0.00000
      3.12526      0.15861      0.20439      0.00000
      3.13526      0.16415      0.21142      0.00000
      3.14526      0.15568      0.20059      0.00000
      3.15526      0.16860      0.21747      0.00000
      3.16526      0.13549      0.17474      0.00000
      3.17526      0.13923      0.17909      0.00000
      3.18526      0.22256      0.28552      0.00000
      3.19526      0.29562      0.37827      0.00000
      3.20526      0.26732      0.34163      0.00000
      3.21526      0.18576      0.23730      0.00000
      3.22526      0.29412      0.37574      0.00000
      3.23526      0.39528      0.50519      0.00000
      3.24526      0.22890      0.29270      0.00000
      3.25526      0.05501      0.07038      0.00000
      3.26526      0.01333      0.01697      0.00000
      3.27526      0.05699      0.07243      0.00000
      3.28526      0.20142      0.25626      0.00000
      3.29526      0.38178      0.48596      0.00000
      3.30526      0.36611      0.46581      0.00000
      3.31526      0.16502      0.20977      0.00000
      3.32526      0.03339      0.04241      0.00000
      3.33526      0.01221      0.01551      0.00000
      3.34526      0.05846      0.07424      0.00000
      3.35526      0.13274      0.16857      0.00000
      3.36526      0.12356      0.15680      0.00000
      3.37526      0.11618      0.14681      0.00000
      3.38526      0.21022      0.26524      0.00000
      3.39526      0.24533      0.30972      0.00000
      3.40526      0.17987      0.22752      0.00000
      3.41526      0.17107      0.21671      0.00000
      3.42526      0.23385      0.29596      0.00002
      3.43526      0.25056      0.31603      0.00043
      3.44526      0.20978      0.25316      0.00374
      3.45526      0.27124      0.30111      0.01234
      3.46526      0.35952      0.39618      0.01715
      3.47526      0.34587      0.38125      0.01653
      3.48526      0.25473      0.26906      0.01567
      3.49526      0.11635      0.11456      0.00965
      3.50526      0.08783      0.07989      0.00938
      3.51526      0.17467      0.16427      0.01707
      3.52526      0.27620      0.28077      0.02055
      3.53526      0.35736      0.36726      0.02549
      3.54526      0.32890      0.32468      0.02777
      3.55526      0.29416      0.30650      0.02009
      3.56526      0.38378      0.43061      0.01704
      3.57526      0.39893      0.45082      0.01701
      3.58526      0.29029      0.33486      0.01051
      3.59526      0.27623      0.29847      0.01657
      3.60526      0.31945      0.30105      0.03305
      3.61526      0.23324      0.21045      0.02705
      3.62526      0.14930      0.15129      0.01214
      3.63526      0.25480      0.27349      0.01607
      3.64526      0.32172      0.33601      0.02328
      3.65526      0.30860      0.33717      0.01701
      3.66526      0.32706      0.39096      0.00644
      3.67526      0.22726      0.27622      0.00293
      3.68526      0.21540      0.23144      0.01333
      3.69526      0.50893      0.51771      0.04189
      3.70526      0.75258      0.75961      0.06452
      3.71526      0.62373      0.62664      0.05482
      3.72526      0.35138      0.34122      0.03511
      3.73526      0.20340      0.18320      0.02546
      3.74526      0.19281      0.17631      0.02354
      3.75526      0.26280      0.27991      0.01860
      3.76526      0.36591      0.42374      0.01442
      3.77526      0.34182      0.37681      0.02036
      3.78526      0.18270      0.18177      0.01781
      3.79526      0.16914      0.15970      0.01946
      3.80526      0.41612      0.39974      0.04545
      3.81526      0.55009      0.53305      0.05837
      3.82526      0.43161      0.43274      0.04025
      3.83526      0.35284      0.38205      0.02251
      3.84526      0.33300      0.34671      0.02708
      3.85526      0.29786      0.28983      0.03246
      3.86526      0.27043      0.30046      0.01607
      3.87526      0.28095      0.34675      0.00386
      3.88526      0.21610      0.25515      0.00733
      3.89526      0.16847      0.16126      0.02020
      3.90526      0.13430      0.11410      0.02167
      3.91526      0.11401      0.09573      0.01850
      3.92526      0.41688      0.35435      0.06512
      3.93526      1.03014      0.89084      0.15548
      3.94526      1.11405      0.99372      0.15798
      3.95526      0.64381      0.59836      0.08403
      3.96526      0.44389      0.44899      0.04525
      3.97526      0.54579      0.60867      0.03289
      3.98526      0.47524      0.55259      0.01898
      3.99526      0.35247      0.40869      0.01478
      4.00526      0.44326      0.50902      0.02134
      4.01526      0.49055      0.52532      0.03969
      4.02526      0.45480      0.41606      0.06605
      4.03526      0.35558      0.29768      0.06274
      4.04526      0.25235      0.22019      0.04023
      4.05526      0.33826      0.32798      0.04082
      4.06526      0.59862      0.57593      0.07669
      4.07526      0.86536      0.79213      0.12859
      4.08526      0.80910      0.71169      0.13182
      4.09526      0.64017      0.55026      0.11091
      4.10526      0.66438      0.58774      0.11238
      4.11526      0.93924      0.79559      0.18051
      4.12526      1.32023      1.04484      0.29160
      4.13526      1.32984      1.05806      0.29203
      4.14526      1.15160      1.00869      0.20908
      4.15526      1.15778      1.07843      0.17887
      4.16526      1.05027      0.94642      0.17584
      4.17526      1.18717      0.99359      0.23608
      4.18526      1.20632      1.00807      0.24310
      4.19526      0.71884      0.62931      0.13050
      4.20526      0.50308      0.46829      0.07540
      4.21526      0.64321      0.56940      0.11052
      4.22526      0.75900      0.61747      0.15620
      4.23526      0.75763      0.59792      0.16204
      4.24526      0.73159      0.58576      0.14840
      4.25526      0.74386      0.62007      0.14000
      4.26526      0.78457      0.68410      0.14112
      4.27526      0.88057      0.76087      0.16991
      4.28526      0.99356      0.89385      0.17676
      4.29526      0.91437      0.93907      0.10546
      4.30526      0.75236      0.80744      0.06704
      4.31526      0.60572      0.61620      0.06825
      4.32526      0.53267      0.55276      0.05723
      4.33526      0.48785      0.51193      0.05215
      4.34526      0.58245      0.52263      0.10343
      4.35526      0.65913      0.52875      0.14478
      4.36526      0.47685      0.40101      0.09477
      4.37526      0.40666      0.38689      0.05866
      4.38526      0.40006      0.37254      0.06146
      4.39526      0.38139      0.34500      0.06444
      4.40526      0.57710      0.53727      0.09250
      4.41526      0.85626      0.77673      0.14917
      4.42526      1.01081      0.85512      0.20664
      4.43526      0.75881      0.61598      0.16666
      4.44526      0.51937      0.47084      0.08831
      4.45526      0.64113      0.65716      0.07285
      4.46526      0.58859      0.61483      0.06216
      4.47526      0.39706      0.40814      0.04483
      4.48526      0.32369      0.32987      0.03778
      4.49526      0.36971      0.34226      0.05972
      4.50526      0.50446      0.45463      0.09030
      4.51526      0.57885      0.51707      0.10857
      4.52526      0.54959      0.48782      0.10339
      4.53526      0.44718      0.42176      0.06988
      4.54526      0.29192      0.27537      0.04409
      4.55526      0.22266      0.19758      0.04003
      4.56526      0.33867      0.31696      0.05475
      4.57526      0.43261      0.40975      0.06742
      4.58526      0.47960      0.40902      0.09477
      4.59526      0.77558      0.63130      0.16692
      4.60526      1.26321      1.10014      0.24213
      4.61526      1.40803      1.32772      0.22494
      4.62526      0.99105      0.98852      0.13035
      4.63526      0.56255      0.60392      0.05271
      4.64526      0.38838      0.46855      0.01467
      4.65526      0.26963      0.33113      0.00836
      4.66526      0.26798      0.27462      0.03282
      4.67526      0.41000      0.38903      0.06453
      4.68526      0.36943      0.35923      0.05454
      4.69526      0.33560      0.33441      0.04603
      4.70526      0.48137      0.44606      0.08240
      4.71526      0.56987      0.50199      0.11228
      4.72526      0.58871      0.55395      0.10120
      4.73526      0.50808      0.51421      0.06950
      4.74526      0.34296      0.34072      0.04820
      4.75526      0.20226      0.18580      0.03486
      4.76526      0.27085      0.26532      0.04000
      4.77526      0.47735      0.49957      0.05487
      4.78526      0.54981      0.57162      0.06309
      4.79526      0.51138      0.50482      0.07127
      4.80526      0.54910      0.50327      0.09627
      4.81526      0.81961      0.73410      0.15500
      4.82526      1.04416      0.93127      0.20202
      4.83526      0.71315      0.61187      0.15004
      4.84526      0.25385      0.21419      0.05518
      4.85526      0.22326      0.21864      0.03388
      4.86526      0.42341      0.42735      0.05797
      4.87526      0.45530      0.46841      0.05856
      4.88526      0.31879      0.32172      0.04390
      4.89526      0.19890      0.17475      0.03849
      4.90526      0.12005      0.09579      0.02747
      4.91526      0.20287      0.17341      0.04199
      4.92526      0.41090      0.37689      0.07429
      4.93526      0.46363      0.44313      0.07735
      4.94526      0.54169      0.50715      0.09599
      4.95526      0.71667      0.69983      0.10965
      4.96526      0.74426      0.79205      0.07913
      4.97526      0.60335      0.68261      0.04417
      4.98526      0.45911      0.54246      0.02432
      4.99526      0.49630      0.55467      0.04241
      5.00526      0.55287      0.57000      0.06947
      5.01526      0.52768      0.56079      0.06004
      5.02526      0.64452      0.68329      0.07559
      5.03526      0.80308      0.76383      0.13246
      5.04526      0.83364      0.72227      0.16901
      5.05526      0.75518      0.64652      0.16019
      5.06526      0.67155      0.54882      0.15894
      5.07526      0.60518      0.49518      0.14489
      5.08526      0.37989      0.35865      0.06936
      5.09526      0.13811      0.15507      0.01394
      5.10526      0.05480      0.07053      0.00143
      5.11526      0.12419      0.15654      0.00454
      5.12526      0.24055      0.26670      0.02426
      5.13526      0.35859      0.34670      0.05708
      5.14526      0.49578      0.49411      0.07062
      5.15526      0.59068      0.64003      0.06053
      5.16526      0.59517      0.69284      0.04104
      5.17526      0.47184      0.56081      0.02967
      5.18526      0.41537      0.43729      0.05361
      5.19526      0.49761      0.44875      0.09889
      5.20526      0.51754      0.41226      0.12704
      5.21526      0.41194      0.33349      0.09751
      5.22526      0.37567      0.37352      0.05675
      5.23526      0.38907      0.41020      0.04792
      5.24526      0.29346      0.27367      0.05213
      5.25526      0.23245      0.18031      0.05773
      5.26526      0.16843      0.12442      0.04437
      5.27526      0.15752      0.11577      0.04206
      5.28526      0.28194      0.21325      0.07318
      5.29526      0.33736      0.28786      0.07341
      5.30526      0.35150      0.33952      0.05992
      5.31526      0.42139      0.39544      0.07744
      5.32526      0.79357      0.79703      0.11909
      5.33526      1.52089      1.68148      0.15445
      5.34526      1.65097      1.90207      0.13107
      5.35526      1.01165      1.14298      0.09070
      5.36526      0.50329      0.53975      0.05926
      5.37526      0.30376      0.32208      0.03779
      5.38526      0.28299      0.27766      0.04488
      5.39526      0.33615      0.33150      0.05213
      5.40526      0.28270      0.27554      0.04496
      5.41526      0.15057      0.14156      0.02635
      5.42526      0.19544      0.19281      0.03104
      5.43526      0.36787      0.34958      0.06436
      5.44526      0.35860      0.31216      0.07517
      5.45526      0.32643      0.24733      0.08579
      5.46526      0.48946      0.35433      0.13737
      5.47526      0.56654      0.42970      0.14975
      5.48526      0.48993      0.44104      0.09658
      5.49526      0.45330      0.51733      0.03897
      5.50526      0.49924      0.61267      0.02374
      5.51526      0.51190      0.59248      0.04048
      5.52526      0.52653      0.59795      0.04520
      5.53526      0.55350      0.62287      0.04872
      5.54526      0.49779      0.51784      0.06409
      5.55526      0.47934      0.45103      0.08542
      5.56526      0.35957      0.31364      0.07622
      5.57526      0.21050      0.16228      0.05541
      5.58526      0.20194      0.14237      0.06022
      5.59526      0.26560      0.18494      0.08085
      5.60526      0.41233      0.29268      0.12339
      5.61526      0.53773      0.43465      0.13530
      5.62526      0.60454      0.63537      0.07987
      5.63526      0.70288      0.82403      0.04928
      5.64526      0.74508      0.82279      0.07483
      5.65526      0.59661      0.64790      0.06501
      5.66526      0.46504      0.53431      0.03687
      5.67526      0.43352      0.48323      0.04192
      5.68526      0.36470      0.40234      0.03790
      5.69526      0.35332      0.39516      0.03357
      5.70526      0.47334      0.52771      0.04451
      5.71526      0.70549      0.80133      0.05953
      5.72526      1.02205      1.12373      0.10554
      5.73526      0.89855      0.94541      0.11387
      5.74526      0.51042      0.51872      0.07365
      5.75526      0.38946      0.37322      0.06768
      5.76526      0.37355      0.37772      0.05449
      5.77526      0.38698      0.43702      0.03211
      5.78526      0.37403      0.37181      0.05580
      5.79526      0.31865      0.25312      0.07935
      5.80526      0.18330      0.14622      0.04561
      5.81526      0.14581      0.15986      0.01584
      5.82526      0.22992      0.24669      0.02797
      5.83526      0.25280      0.22782      0.05140
      5.84526      0.28642      0.24810      0.06066
      5.85526      0.49128      0.48875      0.07015
      5.86526      0.70083      0.75975      0.06953
      5.87526      0.75391      0.83101      0.06958
      5.88526      0.73261      0.71476      0.11667
      5.89526      0.89212      0.75451      0.20379
      5.90526      1.02686      0.88295      0.22765
      5.91526      0.80154      0.73890      0.15129
      5.92526      0.59580      0.59990      0.08686
      5.93526      0.56985      0.61406      0.06409
      5.94526      0.39936      0.43598      0.04199
      5.95526      0.25185      0.29396      0.01424
      5.96526      0.37116      0.46163      0.00230
      5.97526      0.38437      0.46982      0.00540
      5.98526      0.25475      0.26232      0.03065
      5.99526      0.31659      0.26906      0.07214
      6.00526      0.38160      0.35714      0.07134
      6.01526      0.29197      0.31582      0.03221
      6.02526      0.26728      0.29794      0.02394
      6.03526      0.38152      0.38024      0.05818
      6.04526      0.57951      0.54913      0.09930
      6.05526      0.71789      0.68560      0.11024
      6.06526      0.69761      0.70283      0.08296
      6.07526      0.53714      0.57506      0.04981
      6.08526      0.39916      0.43804      0.03318
      6.09526      0.48947      0.52959      0.04444
      6.10526      0.55963      0.62097      0.04821
      6.11526      0.54793      0.61263      0.05069
      6.12526      0.58084      0.65624      0.05171
      6.13526      0.76536      0.87481      0.05765
      6.14526      0.89231      0.98851      0.07443
      6.15526      0.66546      0.69126      0.07140
      6.16526      0.48299      0.44311      0.08070
      6.17526      0.50855      0.40317      0.12567
      6.18526      0.57754      0.45790      0.14830
      6.19526      0.63011      0.54132      0.14217
      6.20526      0.50885      0.47562      0.09544
      6.21526      0.31018      0.32490      0.03262
      6.22526      0.33230      0.35124      0.01602
      6.23526      0.48775      0.48596      0.04408
      6.24526      0.67391      0.67426      0.07334
      6.25526      0.69332      0.71771      0.06331
      6.26526      0.40360      0.40944      0.04271
      6.27526      0.28726      0.27698      0.04589
      6.28526      0.33766      0.35742      0.03589
      6.29526      0.43370      0.46736      0.02867
      6.30526      0.59590      0.59299      0.06591
      6.31526      0.53471      0.50013      0.08537
      6.32526      0.34738      0.34197      0.04880
      6.33526      0.43857      0.44875      0.04975
      6.34526      0.66699      0.61555      0.11504
      6.35526      0.81103      0.75473      0.13947
      6.36526      0.75500      0.78315      0.07693
      6.37526      0.68359      0.73368      0.03789
      6.38526      0.65126      0.64985      0.05777
      6.39526      0.52154      0.45698      0.08870
      6.40526      0.44429      0.36357      0.09621
      6.41526      0.45338      0.44452      0.05285
      6.42526      0.51153      0.55816      0.02413
      6.43526      0.54866      0.54056      0.05793
      6.44526      0.55529      0.47119      0.10777
      6.45526      0.56114      0.47822      0.11293
      6.46526      0.60742      0.55848      0.10077
      6.47526      0.63924      0.60591      0.08906
      6.48526      0.71376      0.63355      0.10992
      6.49526      0.82365      0.71545      0.13509
      6.50526      0.78594      0.75933      0.09448
      6.51526      0.59244      0.65380      0.03254
      6.52526      0.38457      0.45602      0.00869
      6.53526      0.40947      0.46127      0.01767
      6.54526      0.61267      0.62942      0.04950
      6.55526      0.74326      0.72670      0.08503
      6.56526      0.73763      0.72695      0.10083
      6.57526      0.71927      0.73835      0.09030
      6.58526      0.64203      0.68172      0.05729
      6.59526      0.43171      0.46215      0.02713
      6.60526      0.36199      0.35563      0.02771
      6.61526      0.64539      0.58232      0.07603
      6.62526      1.04413      0.92076      0.15569
      6.63526      1.16622      1.04005      0.18466
      6.64526      0.99113      0.90894      0.15132
      6.65526      0.70654      0.64689      0.10667
      6.66526      0.48477      0.45560      0.05896
      6.67526      0.48685      0.47391      0.04957
      6.68526      0.57077      0.51188      0.08477
      6.69526      0.59573      0.48789      0.11491
      6.70526      0.66093      0.53826      0.12433
      6.71526      0.80619      0.68030      0.13076
      6.72526      0.83761      0.73152      0.12839
      6.73526      0.89147      0.82703      0.12451
      6.74526      0.90351      0.88822      0.09623
      6.75526      0.75771      0.73326      0.08567
      6.76526      0.61773      0.52415      0.11973
      6.77526      0.69546      0.54944      0.16111
      6.78526      0.88169      0.74168      0.17625
      6.79526      0.87949      0.76367      0.16734
      6.80526      0.75062      0.64882      0.15280
      6.81526      0.84992      0.76475      0.15371
      6.82526      0.91030      0.85948      0.13232
      6.83526      0.76665      0.72695      0.09618
      6.84526      0.85253      0.78756      0.10567
      6.85526      1.01937      0.91961      0.13764
      6.86526      0.81491      0.70087      0.13362
      6.87526      0.44800      0.38719      0.07913
      6.88526      0.26802      0.27113      0.03517
      6.89526      0.28234      0.26595      0.05129
      6.90526      0.36735      0.29349      0.08568
      6.91526      0.46385      0.37179      0.09482
      6.92526      0.38555      0.32901      0.06780
      6.93526      0.35463      0.33340      0.05795
      6.94526      0.47564      0.45765      0.06964
      6.95526      0.59532      0.56764      0.07424
      6.96526      0.72296      0.66101      0.10337
      6.97526      0.79217      0.70565      0.13228
      6.98526      0.73110      0.69112      0.10090
      6.99526      0.55067      0.56887      0.05106
      7.00526      0.55495      0.57380      0.05716
      7.01526      0.67721      0.65998      0.09177
      7.02526      0.65689      0.65358      0.08302
      7.03526      0.69768      0.75504      0.04792
      7.04526      0.78902      0.82954      0.05274
      7.05526      0.75596      0.71917      0.09379
      7.06526      0.73952      0.67433      0.11726
      7.07526      0.80099      0.71788      0.13291
      7.08526      1.02017      0.90232      0.17124
      7.09526      1.17445      1.03547      0.19871
      7.10526      0.92083      0.81725      0.14330
      7.11526      0.65298      0.60232      0.07437
      7.12526      0.68537      0.65717      0.06153
      7.13526      0.82711      0.80425      0.07855
      7.14526      0.68653      0.65196      0.08470
      7.15526      0.46029      0.43867      0.06032
      7.16526      0.53075      0.53732      0.05025
      7.17526      0.56316      0.55495      0.06210
      7.18526      0.45571      0.41969      0.06585
      7.19526      0.43702      0.39083      0.06344
      7.20526      0.58588      0.53815      0.06777
      7.21526      0.74288      0.70130      0.08309
      7.22526      0.69275      0.66996      0.08729
      7.23526      0.57955      0.54910      0.09100
      7.24526      0.53476      0.49897      0.08490
      7.25526      0.62360      0.60627      0.07903
      7.26526      0.82517      0.80807      0.09248
      7.27526      0.98408      0.94744      0.11193
      7.28526      0.81699      0.77999      0.08744
      7.29526      0.54418      0.50256      0.06419
      7.30526      0.59756      0.49654      0.11559
      7.31526      0.77070      0.65222      0.14597
      7.32526      0.86661      0.80423      0.12378
      7.33526      1.01833      0.99707      0.11267
      7.34526      0.91161      0.87239      0.10945
      7.35526      0.69863      0.60917      0.12773
      7.36526      0.66698      0.52402      0.16733
      7.37526      0.66017      0.51795      0.16053
      7.38526      0.81173      0.71569      0.13151
      7.39526      0.78496      0.77480      0.07239
      7.40526      0.48942      0.52832      0.01884
      7.41526      0.28647      0.30816      0.00731
      7.42526      0.28109      0.26957      0.02418
      7.43526      0.43239      0.39848      0.05370
