Energy-E_F (eV)    DOS (1/eV)    PDOS (1/eV)  of atom type B  N  
     -7.85437      0.72577      0.28518      0.44058
     -7.84437      0.64993      0.25964      0.39029
     -7.83437      0.65478      0.26386      0.39092
     -7.82437      0.66077      0.26063      0.40014
     -7.81437      0.56847      0.21782      0.35065
     -7.80437      0.42228      0.15842      0.26385
     -7.79437      0.29016      0.11014      0.18002
     -7.78437      0.31281      0.12191      0.19091
     -7.77437      0.65611      0.25554      0.40057
     -7.76437      1.04132      0.40386      0.63746
     -7.75437      0.94421      0.36389      0.58032
     -7.74437      0.60024      0.22922      0.37103
     -7.73437      0.46574      0.17778      0.28796
     -7.72437      0.68497      0.26600      0.41896
     -7.71437      0.81457      0.31618      0.49839
     -7.70437      0.61695      0.23352      0.38344
     -7.69437      0.31896      0.11650      0.20246
     -7.68437      0.20707      0.07383      0.13324
     -7.67437      0.23698      0.08593      0.15105
     -7.66437      0.33707      0.12629      0.21077
     -7.65437      0.45376      0.17009      0.28368
     -7.64437      0.50620      0.18698      0.31922
     -7.63437      0.66881      0.25326      0.41555
     -7.62437      0.90927      0.35516      0.55411
     -7.61437      0.81701      0.32369      0.49332
     -7.60437      0.56573      0.22454      0.34119
     -7.59437      0.46297      0.18017      0.28281
     -7.58437      0.52222      0.19634      0.32588
     -7.57437      0.52120      0.19200      0.32920
     -7.56437      0.50019      0.18560      0.31459
     -7.55437      0.53100      0.20227      0.32873
     -7.54437      0.70765      0.27782      0.42983
     -7.53437      0.89352      0.35270      0.54082
     -7.52437      0.85541      0.33344      0.52197
     -7.51437      0.74719      0.28797      0.45922
     -7.50437      0.68360      0.25875      0.42485
     -7.49437      0.63482      0.24226      0.39257
     -7.48437      0.68375      0.26761      0.41615
     -7.47437      0.73247      0.28518      0.44730
     -7.46437      0.79103      0.30350      0.48753
     -7.45437      0.75053      0.28837      0.46217
     -7.44437      0.57409      0.21857      0.35552
     -7.43437      0.43202      0.15966      0.27237
     -7.42437      0.44243      0.16369      0.27874
     -7.41437      0.51108      0.19242      0.31867
     -7.40437      0.58695      0.22268      0.36428
     -7.39437      0.58374      0.22504      0.35870
     -7.38437      0.51844      0.20596      0.31247
     -7.37437      0.49113      0.19559      0.29555
     -7.36437      0.57425      0.22163      0.35262
     -7.35437      0.67104      0.25134      0.41970
     -7.34437      0.78410      0.28907      0.49503
     -7.33437      0.86100      0.32175      0.53925
     -7.32437      0.82041      0.31011      0.51030
     -7.31437      0.68954      0.25909      0.43045
     -7.30437      0.56160      0.21113      0.35047
     -7.29437      0.38541      0.14813      0.23728
     -7.28437      0.31022      0.12090      0.18932
     -7.27437      0.34147      0.12676      0.21471
     -7.26437      0.48630      0.17784      0.30847
     -7.25437      0.71126      0.26333      0.44793
     -7.24437      0.75990      0.28287      0.47703
     -7.23437      0.58649      0.22343      0.36306
     -7.22437      0.31795      0.12423      0.19372
     -7.21437      0.20711      0.07608      0.13103
     -7.20437      0.37504      0.13403      0.24101
     -7.19437      0.58742      0.22138      0.36604
     -7.18437      0.72664      0.28727      0.43936
     -7.17437      0.75020      0.29449      0.45571
     -7.16437      0.80359      0.30174      0.50185
     -7.15437      0.99464      0.37278      0.62186
     -7.14437      1.15506      0.44465      0.71041
     -7.13437      1.09876      0.42550      0.67327
     -7.12437      0.98408      0.37771      0.60636
     -7.11437      0.75983      0.28865      0.47118
     -7.10437      0.51847      0.19310      0.32537
     -7.09437      0.47021      0.17272      0.29749
     -7.08437      0.43010      0.16075      0.26935
     -7.07437      0.31069      0.11536      0.19532
     -7.06437      0.32095      0.11261      0.20834
     -7.05437      0.44541      0.15839      0.28702
     -7.04437      0.62375      0.23074      0.39301
     -7.03437      0.68459      0.25491      0.42968
     -7.02437      0.55811      0.20590      0.35221
     -7.01437      0.61793      0.23239      0.38554
     -7.00437      0.66087      0.25603      0.40483
     -6.99437      0.46552      0.18341      0.28211
     -6.98437      0.41196      0.15520      0.25676
     -6.97437      0.64358      0.23826      0.40532
     -6.96437      0.84107      0.31687      0.52420
     -6.95437      0.80881      0.30500      0.50381
     -6.94437      0.63137      0.23745      0.39392
     -6.93437      0.59226      0.22277      0.36949
     -6.92437      0.78444      0.29420      0.49024
     -6.91437      0.80512      0.30108      0.50404
     -6.90437      0.63503      0.23592      0.39910
     -6.89437      0.68847      0.25652      0.43195
     -6.88437      0.60448      0.22916      0.37532
     -6.87437      0.41061      0.15864      0.25196
     -6.86437      0.46744      0.17794      0.28950
     -6.85437      0.58695      0.21692      0.37003
     -6.84437      0.56450      0.20568      0.35883
     -6.83437      0.69250      0.25789      0.43461
     -6.82437      0.90305      0.34412      0.55893
     -6.81437      0.87476      0.33411      0.54065
     -6.80437      0.71888      0.27309      0.44579
     -6.79437      0.73362      0.27585      0.45777
     -6.78437      0.59707      0.22080      0.37627
     -6.77437      0.40199      0.14577      0.25622
     -6.76437      0.50891      0.18911      0.31979
     -6.75437      0.67773      0.26170      0.41604
     -6.74437      0.75485      0.29304      0.46181
     -6.73437      0.82590      0.30724      0.51867
     -6.72437      0.80946      0.28832      0.52114
     -6.71437      0.74980      0.26635      0.48345
     -6.70437      0.66265      0.24059      0.42205
     -6.69437      0.54880      0.20156      0.34725
     -6.68437      0.45160      0.16752      0.28408
     -6.67437      0.42919      0.15868      0.27051
     -6.66437      0.57617      0.21176      0.36442
     -6.65437      0.77825      0.29262      0.48563
     -6.64437      0.79948      0.30517      0.49431
     -6.63437      0.68000      0.25465      0.42535
     -6.62437      0.64837      0.24157      0.40680
     -6.61437      0.73129      0.27417      0.45712
     -6.60437      0.84533      0.31583      0.52950
     -6.59437      0.80636      0.29608      0.51028
     -6.58437      0.56766      0.20108      0.36658
     -6.57437      0.25263      0.08768      0.16495
     -6.56437      0.18527      0.06985      0.11542
     -6.55437      0.44164      0.16972      0.27192
     -6.54437      0.60095      0.22710      0.37386
     -6.53437      0.49626      0.18501      0.31125
     -6.52437      0.36894      0.13613      0.23281
     -6.51437      0.39871      0.14523      0.25348
     -6.50437      0.69111      0.25500      0.43611
     -6.49437      1.07758      0.39901      0.67857
     -6.48437      1.22811      0.45338      0.77474
     -6.47437      1.25251      0.46936      0.78316
     -6.46437      1.20225      0.45594      0.74631
     -6.45437      0.95866      0.35974      0.59892
     -6.44437      0.72139      0.26362      0.45777
     -6.43437      0.54033      0.19215      0.34819
     -6.42437      0.51658      0.18227      0.33431
     -6.41437      0.59612      0.22031      0.37581
     -6.40437      0.68156      0.26238      0.41918
     -6.39437      0.57016      0.21814      0.35202
     -6.38437      0.43075      0.16123      0.26952
     -6.37437      0.45001      0.16942      0.28059
     -6.36437      0.58941      0.21640      0.37301
     -6.35437      0.93645      0.34074      0.59571
     -6.34437      1.13160      0.41142      0.72018
     -6.33437      0.83423      0.30431      0.52992
     -6.32437      0.57238      0.21596      0.35642
     -6.31437      0.49478      0.18787      0.30691
     -6.30437      0.56073      0.20553      0.35519
     -6.29437      0.75678      0.27865      0.47813
     -6.28437      0.79636      0.29772      0.49864
     -6.27437      0.60844      0.22951      0.37893
     -6.26437      0.41004      0.15515      0.25489
     -6.25437      0.31605      0.11510      0.20094
     -6.24437      0.34805      0.11914      0.22892
     -6.23437      0.49110      0.17110      0.31999
     -6.22437      0.77982      0.28250      0.49732
     -6.21437      1.04518      0.38010      0.66508
     -6.20437      1.10476      0.39783      0.70693
     -6.19437      0.91275      0.32568      0.58707
     -6.18437      0.79475      0.28434      0.51041
     -6.17437      0.90815      0.33840      0.56975
     -6.16437      0.90320      0.34585      0.55735
     -6.15437      0.68981      0.25812      0.43169
     -6.14437      0.54012      0.19704      0.34308
     -6.13437      0.49758      0.18406      0.31352
     -6.12437      0.64391      0.23672      0.40719
     -6.11437      0.83898      0.31121      0.52778
     -6.10437      0.82267      0.31328      0.50939
     -6.09437      0.76023      0.28777      0.47246
     -6.08437      0.89954      0.32877      0.57077
     -6.07437      0.92593      0.33587      0.59007
     -6.06437      0.75664      0.27898      0.47765
     -6.05437      0.74977      0.27474      0.47504
     -6.04437      0.75060      0.26670      0.48390
     -6.03437      0.66204      0.23039      0.43165
     -6.02437      0.51844      0.18068      0.33776
     -6.01437      0.44544      0.16136      0.28407
     -6.00437      0.54780      0.20511      0.34269
     -5.99437      0.72143      0.26802      0.45341
     -5.98437      0.90881      0.33769      0.57112
     -5.97437      0.95442      0.35522      0.59920
     -5.96437      0.68091      0.25117      0.42974
     -5.95437      0.58552      0.21482      0.37070
     -5.94437      0.76731      0.28158      0.48573
     -5.93437      0.92321      0.33445      0.58876
     -5.92437      0.97779      0.34730      0.63049
     -5.91437      0.93155      0.32738      0.60417
     -5.90437      0.80028      0.28945      0.51083
     -5.89437      0.79844      0.29521      0.50323
     -5.88437      0.93313      0.34560      0.58753
     -5.87437      1.08909      0.40162      0.68747
     -5.86437      1.06270      0.38784      0.67485
     -5.85437      0.96763      0.35489      0.61274
     -5.84437      0.88218      0.32817      0.55401
     -5.83437      0.66268      0.24810      0.41458
     -5.82437      0.56681      0.21071      0.35610
     -5.81437      0.84632      0.31081      0.53550
     -5.80437      1.12459      0.41320      0.71140
     -5.79437      1.06050      0.38785      0.67265
     -5.78437      0.87017      0.31064      0.55953
     -5.77437      0.91940      0.32612      0.59328
     -5.76437      1.04857      0.38075      0.66782
     -5.75437      1.08818      0.40009      0.68809
     -5.74437      1.00985      0.36766      0.64219
     -5.73437      0.81915      0.29360      0.52555
     -5.72437      0.84079      0.30358      0.53721
     -5.71437      0.96802      0.35733      0.61069
     -5.70437      1.02992      0.38394      0.64598
     -5.69437      1.11644      0.41251      0.70393
     -5.68437      1.07727      0.39319      0.68408
     -5.67437      1.11963      0.40613      0.71350
     -5.66437      1.24822      0.45342      0.79481
     -5.65437      1.20318      0.44135      0.76183
     -5.64437      1.05162      0.38626      0.66537
     -5.63437      0.83233      0.29711      0.53522
     -5.62437      0.64141      0.21882      0.42259
     -5.61437      0.55014      0.18495      0.36519
     -5.60437      0.67516      0.23539      0.43977
     -5.59437      0.93381      0.34098      0.59283
     -5.58437      1.19276      0.44499      0.74776
     -5.57437      1.23830      0.45700      0.78131
     -5.56437      1.01610      0.36073      0.65537
     -5.55437      0.62309      0.21548      0.40761
     -5.54437      0.34914      0.12296      0.22617
     -5.53437      0.37231      0.13214      0.24017
     -5.52437      0.64109      0.22922      0.41187
     -5.51437      0.94036      0.34275      0.59761
     -5.50437      0.98777      0.36460      0.62317
     -5.49437      0.92444      0.33757      0.58687
     -5.48437      0.87063      0.31231      0.55832
     -5.47437      0.85416      0.31440      0.53976
     -5.46437      0.91390      0.34106      0.57284
     -5.45437      0.74327      0.26868      0.47459
     -5.44437      0.69682      0.24007      0.45675
     -5.43437      0.68964      0.23713      0.45251
     -5.42437      0.50503      0.17798      0.32704
     -5.41437      0.53536      0.19338      0.34198
     -5.40437      0.74552      0.27202      0.47350
     -5.39437      0.86783      0.31916      0.54867
     -5.38437      0.84535      0.30699      0.53837
     -5.37437      0.59841      0.21509      0.38332
     -5.36437      0.58678      0.21730      0.36948
     -5.35437      0.71533      0.26855      0.44678
     -5.34437      0.68728      0.25738      0.42990
     -5.33437      0.66407      0.24528      0.41879
     -5.32437      0.64738      0.23144      0.41594
     -5.31437      0.77501      0.27735      0.49766
     -5.30437      1.03188      0.36895      0.66293
     -5.29437      0.97980      0.33964      0.64016
     -5.28437      0.83827      0.29027      0.54800
     -5.27437      0.79630      0.28135      0.51496
     -5.26437      0.65773      0.23073      0.42700
     -5.25437      0.62755      0.22248      0.40507
     -5.24437      0.61541      0.22411      0.39130
     -5.23437      0.66361      0.23887      0.42474
     -5.22437      0.56291      0.19903      0.36387
     -5.21437      0.44049      0.15646      0.28404
     -5.20437      0.78036      0.27854      0.50182
     -5.19437      1.08643      0.38497      0.70146
     -5.18437      0.88692      0.31432      0.57260
     -5.17437      0.52014      0.18800      0.33214
     -5.16437      0.34174      0.12477      0.21697
     -5.15437      0.27348      0.09648      0.17700
     -5.14437      0.25783      0.09222      0.16561
     -5.13437      0.42953      0.15476      0.27477
     -5.12437      0.80730      0.28530      0.52200
     -5.11437      1.04338      0.36335      0.68003
     -5.10437      0.88564      0.30836      0.57728
     -5.09437      0.65242      0.23559      0.41684
     -5.08437      0.53389      0.19728      0.33661
     -5.07437      0.46917      0.16374      0.30543
     -5.06437      0.54826      0.18371      0.36455
     -5.05437      0.71384      0.25067      0.46317
     -5.04437      0.79442      0.29655      0.49787
     -5.03437      0.81387      0.31048      0.50338
     -5.02437      0.74475      0.27610      0.46865
     -5.01437      0.62120      0.21619      0.40501
     -5.00437      0.55937      0.18850      0.37087
     -4.99437      0.52067      0.18092      0.33975
     -4.98437      0.50718      0.18583      0.32135
     -4.97437      0.37387      0.14032      0.23355
     -4.96437      0.29579      0.10991      0.18588
     -4.95437      0.46884      0.16629      0.30255
     -4.94437      0.72655      0.25053      0.47603
     -4.93437      0.94579      0.32525      0.62054
     -4.92437      0.97033      0.32992      0.64041
     -4.91437      0.78921      0.26138      0.52784
     -4.90437      0.58305      0.19041      0.39264
     -4.89437      0.41744      0.13712      0.28032
     -4.88437      0.40390      0.13699      0.26691
     -4.87437      0.45021      0.15868      0.29153
     -4.86437      0.64999      0.23310      0.41689
     -4.85437      0.95137      0.34298      0.60839
     -4.84437      0.96633      0.35686      0.60947
     -4.83437      0.72163      0.27126      0.45037
     -4.82437      0.48864      0.17716      0.31148
     -4.81437      0.42205      0.14488      0.27717
     -4.80437      0.52962      0.18572      0.34390
     -4.79437      0.65062      0.23654      0.41409
     -4.78437      0.62247      0.22601      0.39646
     -4.77437      0.56885      0.19581      0.37304
     -4.76437      0.62156      0.21127      0.41029
     -4.75437      0.58334      0.20617      0.37717
     -4.74437      0.50726      0.18118      0.32608
     -4.73437      0.45166      0.15779      0.29387
     -4.72437      0.45005      0.15461      0.29544
     -4.71437      0.54300      0.18241      0.36059
     -4.70437      0.58131      0.19719      0.38412
     -4.69437      0.68823      0.23860      0.44963
     -4.68437      0.64638      0.22498      0.42139
     -4.67437      0.36015      0.12645      0.23370
     -4.66437      0.33403      0.11626      0.21777
     -4.65437      0.65928      0.22967      0.42962
     -4.64437      0.74827      0.26780      0.48047
     -4.63437      0.60638      0.22634      0.38004
     -4.62437      0.71643      0.27022      0.44621
     -4.61437      0.85210      0.31307      0.53904
     -4.60437      0.66807      0.23040      0.43767
     -4.59437      0.44470      0.14018      0.30452
     -4.58437      0.45117      0.13921      0.31196
     -4.57437      0.51135      0.16270      0.34864
     -4.56437      0.40726      0.13054      0.27673
     -4.55437      0.27527      0.08713      0.18815
     -4.54437      0.35413      0.11850      0.23563
     -4.53437      0.55011      0.19315      0.35695
     -4.52437      0.66578      0.23327      0.43251
     -4.51437      0.80499      0.27598      0.52900
     -4.50437      0.90932      0.31392      0.59540
     -4.49437      0.83536      0.29126      0.54410
     -4.48437      0.69744      0.23899      0.45846
     -4.47437      0.52582      0.17994      0.34588
     -4.46437      0.33952      0.12325      0.21626
     -4.45437      0.32284      0.11578      0.20705
     -4.44437      0.44671      0.14973      0.29698
     -4.43437      0.49251      0.16676      0.32575
     -4.42437      0.44582      0.15977      0.28605
     -4.41437      0.43288      0.15766      0.27522
     -4.40437      0.61362      0.21772      0.39591
     -4.39437      0.82271      0.28796      0.53475
     -4.38437      0.73293      0.24939      0.48354
     -4.37437      0.50117      0.16003      0.34113
     -4.36437      0.33713      0.10318      0.23394
     -4.35437      0.45983      0.14705      0.31278
     -4.34437      0.65794      0.22032      0.43762
     -4.33437      0.55285      0.19134      0.36151
     -4.32437      0.34419      0.12540      0.21878
     -4.31437      0.38400      0.14679      0.23721
     -4.30437      0.49040      0.18363      0.30677
     -4.29437      0.52505      0.18296      0.34209
     -4.28437      0.67688      0.22774      0.44913
     -4.27437      0.69196      0.23216      0.45980
     -4.26437      0.54540      0.18345      0.36195
     -4.25437      0.44489      0.15773      0.28716
     -4.24437      0.42931      0.15948      0.26983
     -4.23437      0.40969      0.14397      0.26572
     -4.22437      0.43943      0.14561      0.29382
     -4.21437      0.46287      0.16020      0.30267
     -4.20437      0.46650      0.16535      0.30115
     -4.19437      0.66824      0.22621      0.44202
     -4.18437      0.84864      0.27959      0.56904
     -4.17437      0.79863      0.26090      0.53773
     -4.16437      0.82200      0.26953      0.55248
     -4.15437      0.86192      0.28935      0.57256
     -4.14437      0.76732      0.27003      0.49728
     -4.13437      0.68325      0.24645      0.43680
     -4.12437      0.47752      0.17041      0.30710
     -4.11437      0.22399      0.07761      0.14638
     -4.10437      0.15603      0.04750      0.10853
     -4.09437      0.19841      0.05712      0.14129
     -4.08437      0.28701      0.08410      0.20292
     -4.07437      0.49939      0.15421      0.34518
     -4.06437      0.67908      0.21738      0.46170
     -4.05437      0.51658      0.16515      0.35142
     -4.04437      0.26801      0.08165      0.18636
     -4.03437      0.20701      0.06347      0.14353
     -4.02437      0.35933      0.12265      0.23668
     -4.01437      0.63047      0.22420      0.40627
     -4.00437      0.77804      0.27812      0.49991
     -3.99437      0.80998      0.28572      0.52426
     -3.98437      0.61489      0.21258      0.40232
     -3.97437      0.48154      0.15874      0.32280
     -3.96437      0.49974      0.15950      0.34024
     -3.95437      0.46336      0.15372      0.30964
     -3.94437      0.46068      0.15908      0.30160
     -3.93437      0.47683      0.16117      0.31565
     -3.92437      0.53448      0.17331      0.36117
     -3.91437      0.64653      0.20309      0.44344
     -3.90437      0.60668      0.19908      0.40759
     -3.89437      0.49304      0.17768      0.31536
     -3.88437      0.55511      0.20983      0.34527
     -3.87437      0.51936      0.19618      0.32318
     -3.86437      0.27721      0.09833      0.17888
     -3.85437      0.25973      0.07622      0.18352
     -3.84437      0.38795      0.11125      0.27669
     -3.83437      0.41386      0.12752      0.28634
     -3.82437      0.45736      0.15639      0.30097
     -3.81437      0.52967      0.18741      0.34226
     -3.80437      0.45328      0.15990      0.29339
     -3.79437      0.51085      0.16837      0.34248
     -3.78437      0.75772      0.23702      0.52070
     -3.77437      0.74126      0.22757      0.51369
     -3.76437      0.49209      0.14942      0.34267
     -3.75437      0.47792      0.14937      0.32855
     -3.74437      0.61993      0.20316      0.41677
     -3.73437      0.59678      0.19943      0.39735
     -3.72437      0.55675      0.18031      0.37644
     -3.71437      0.47015      0.14319      0.32695
     -3.70437      0.36971      0.11125      0.25846
     -3.69437      0.33068      0.10869      0.22199
     -3.68437      0.28987      0.10330      0.18657
     -3.67437      0.38384      0.13748      0.24635
     -3.66437      0.55102      0.19477      0.35625
     -3.65437      0.54436      0.19472      0.34965
     -3.64437      0.52598      0.18537      0.34061
     -3.63437      0.67868      0.22437      0.45430
     -3.62437      0.80950      0.25982      0.54967
     -3.61437      0.83069      0.27447      0.55622
     -3.60437      0.71065      0.24367      0.46699
     -3.59437      0.52709      0.17768      0.34941
     -3.58437      0.48081      0.15368      0.32713
     -3.57437      0.45205      0.13578      0.31627
     -3.56437      0.32147      0.09125      0.23021
     -3.55437      0.26030      0.07525      0.18505
     -3.54437      0.34032      0.10434      0.23599
     -3.53437      0.38523      0.11843      0.26680
     -3.52437      0.37130      0.11490      0.25640
     -3.51437      0.36320      0.12094      0.24226
     -3.50437      0.35115      0.12077      0.23038
     -3.49437      0.37134      0.12305      0.24829
     -3.48437      0.53426      0.17231      0.36195
     -3.47437      0.73859      0.23949      0.49910
     -3.46437      0.77698      0.25367      0.52332
     -3.45437      0.53898      0.18021      0.35877
     -3.44437      0.19658      0.06851      0.12807
     -3.43437      0.03517      0.01277      0.02241
     -3.42437      0.03267      0.01113      0.02154
     -3.41437      0.17135      0.05571      0.11564
     -3.40437      0.43740      0.13746      0.29994
     -3.39437      0.57131      0.17699      0.39432
     -3.38437      0.46810      0.14359      0.32451
     -3.37437      0.48431      0.14409      0.34022
     -3.36437      0.66006      0.19581      0.46425
     -3.35437      0.71334      0.22286      0.49048
     -3.34437      0.88385      0.29444      0.58940
     -3.33437      1.10415      0.36969      0.73446
     -3.32437      0.98008      0.32355      0.65654
     -3.31437      0.59751      0.19065      0.40685
     -3.30437      0.40493      0.12623      0.27870
     -3.29437      0.40544      0.12553      0.27991
     -3.28437      0.37112      0.11105      0.26007
     -3.27437      0.39558      0.11843      0.27715
     -3.26437      0.45190      0.13147      0.32044
     -3.25437      0.36991      0.10245      0.26746
     -3.24437      0.23516      0.06957      0.16559
     -3.23437      0.24799      0.08961      0.15837
     -3.22437      0.34872      0.12619      0.22253
     -3.21437      0.37740      0.12842      0.24898
     -3.20437      0.47410      0.16712      0.30699
     -3.19437      0.65756      0.23510      0.42246
     -3.18437      0.74299      0.24681      0.49618
     -3.17437      0.67399      0.20072      0.47327
     -3.16437      0.49027      0.13342      0.35685
     -3.15437      0.37843      0.10065      0.27778
     -3.14437      0.42362      0.11897      0.30465
     -3.13437      0.47592      0.13825      0.33766
     -3.12437      0.38956      0.10983      0.27973
     -3.11437      0.23678      0.06503      0.17175
     -3.10437      0.26842      0.07845      0.18997
     -3.09437      0.37991      0.11378      0.26613
     -3.08437      0.35626      0.10654      0.24973
     -3.07437      0.38542      0.12048      0.26494
     -3.06437      0.51478      0.17050      0.34428
     -3.05437      0.71036      0.24889      0.46147
     -3.04437      0.88465      0.31313      0.57152
     -3.03437      0.76619      0.25720      0.50900
     -3.02437      0.57293      0.17216      0.40077
     -3.01437      0.47104      0.13123      0.33981
     -3.00437      0.34249      0.10196      0.24053
     -2.99437      0.16939      0.05667      0.11273
     -2.98437      0.05117      0.01840      0.03277
     -2.97437      0.04969      0.01777      0.03192
     -2.96437      0.18535      0.06010      0.12526
     -2.95437      0.48153      0.14358      0.33795
     -2.94437      0.76088      0.21792      0.54296
     -2.93437      0.84406      0.24115      0.60291
     -2.92437      0.75772      0.21763      0.54009
     -2.91437      0.59173      0.17485      0.41689
     -2.90437      0.54911      0.17219      0.37691
     -2.89437      0.52239      0.15496      0.36743
     -2.88437      0.50880      0.13697      0.37183
     -2.87437      0.44514      0.12478      0.32036
     -2.86437      0.38542      0.11555      0.26987
     -2.85437      0.38721      0.11755      0.26966
     -2.84437      0.47121      0.14059      0.33061
     -2.83437      0.54764      0.15788      0.38976
     -2.82437      0.48147      0.13653      0.34494
     -2.81437      0.33874      0.09417      0.24457
     -2.80437      0.33430      0.09881      0.23549
     -2.79437      0.40546      0.13348      0.27199
     -2.78437      0.52284      0.18834      0.33449
     -2.77437      0.67694      0.24425      0.43268
     -2.76437      0.60517      0.20634      0.39882
     -2.75437      0.45239      0.14279      0.30960
     -2.74437      0.55390      0.16907      0.38484
     -2.73437      0.65139      0.18733      0.46406
     -2.72437      0.58461      0.15262      0.43200
     -2.71437      0.52143      0.12987      0.39156
     -2.70437      0.41736      0.11162      0.30574
     -2.69437      0.32774      0.09950      0.22824
     -2.68437      0.40450      0.11694      0.28756
     -2.67437      0.55000      0.15600      0.39400
     -2.66437      0.46444      0.13847      0.32597
     -2.65437      0.26505      0.08330      0.18175
     -2.64437      0.35014      0.10816      0.24198
     -2.63437      0.49631      0.14428      0.35203
     -2.62437      0.40527      0.11364      0.29163
     -2.61437      0.32568      0.09550      0.23018
     -2.60437      0.33174      0.09400      0.23774
     -2.59437      0.31299      0.08043      0.23255
     -2.58437      0.38146      0.09977      0.28169
     -2.57437      0.49939      0.14265      0.35674
     -2.56437      0.44559      0.14347      0.30213
     -2.55437      0.34729      0.12453      0.22276
     -2.54437      0.33763      0.11715      0.22048
     -2.53437      0.45595      0.14441      0.31154
     -2.52437      0.63913      0.19712      0.44201
     -2.51437      0.70781      0.21007      0.49774
     -2.50437      0.66926      0.18011      0.48915
     -2.49437      0.67198      0.17481      0.49717
     -2.48437      0.60524      0.16139      0.44385
     -2.47437      0.57376      0.14996      0.42380
     -2.46437      0.63415      0.16704      0.46711
     -2.45437      0.48786      0.13029      0.35757
     -2.44437      0.31366      0.08047      0.23320
     -2.43437      0.39526      0.10425      0.29101
     -2.42437      0.54730      0.15344      0.39386
     -2.41437      0.59632      0.16336      0.43296
     -2.40437      0.55392      0.15277      0.40115
     -2.39437      0.50803      0.15260      0.35543
     -2.38437      0.41112      0.12882      0.28230
     -2.37437      0.30131      0.09797      0.20334
     -2.36437      0.34391      0.10756      0.23635
     -2.35437      0.50162      0.14326      0.35836
     -2.34437      0.57862      0.15835      0.42027
     -2.33437      0.54593      0.14659      0.39934
     -2.32437      0.55069      0.14087      0.40982
     -2.31437      0.49686      0.13507      0.36179
     -2.30437      0.42409      0.13404      0.29005
     -2.29437      0.50255      0.15674      0.34581
     -2.28437      0.56197      0.15458      0.40739
     -2.27437      0.51894      0.13140      0.38754
     -2.26437      0.58645      0.16017      0.42628
     -2.25437      0.60755      0.17598      0.43157
     -2.24437      0.38643      0.10742      0.27902
     -2.23437      0.28377      0.06692      0.21684
     -2.22437      0.39205      0.08732      0.30473
     -2.21437      0.51038      0.12235      0.38803
     -2.20437      0.51473      0.14324      0.37149
     -2.19437      0.49268      0.14571      0.34696
     -2.18437      0.48130      0.13437      0.34694
     -2.17437      0.43001      0.10944      0.32057
     -2.16437      0.37959      0.09730      0.28230
     -2.15437      0.44142      0.12355      0.31787
     -2.14437      0.44593      0.12447      0.32146
     -2.13437      0.39913      0.10847      0.29066
     -2.12437      0.38777      0.10847      0.27930
     -2.11437      0.41331      0.11729      0.29603
     -2.10437      0.54356      0.15510      0.38846
     -2.09437      0.63131      0.17177      0.45954
     -2.08437      0.50847      0.13698      0.37149
     -2.07437      0.35719      0.10366      0.25353
     -2.06437      0.47440      0.12777      0.34663
     -2.05437      0.77648      0.19392      0.58257
     -2.04437      0.86865      0.21288      0.65578
     -2.03437      0.79981      0.19439      0.60542
     -2.02437      0.77716      0.18678      0.59038
     -2.01437      0.80902      0.20081      0.60821
     -2.00437      0.60044      0.15018      0.45026
     -1.99437      0.34685      0.08107      0.26577
     -1.98437      0.38743      0.08831      0.29912
     -1.97437      0.58260      0.14026      0.44234
     -1.96437      0.62034      0.15449      0.46584
     -1.95437      0.53374      0.14355      0.39019
     -1.94437      0.62127      0.17596      0.44531
     -1.93437      0.70011      0.19287      0.50723
     -1.92437      0.57865      0.14407      0.43458
     -1.91437      0.47080      0.10216      0.36864
     -1.90437      0.51861      0.11417      0.40444
     -1.89437      0.49172      0.12060      0.37113
     -1.88437      0.42108      0.10430      0.31678
     -1.87437      0.45772      0.10809      0.34963
     -1.86437      0.55943      0.13635      0.42307
     -1.85437      0.65192      0.15689      0.49504
     -1.84437      0.70782      0.16110      0.54672
     -1.83437      0.87275      0.20586      0.66690
     -1.82437      1.06403      0.26937      0.79465
     -1.81437      0.99588      0.24904      0.74683
     -1.80437      0.82355      0.18065      0.64291
     -1.79437      0.83014      0.16426      0.66588
     -1.78437      0.90363      0.18442      0.71921
     -1.77437      0.65950      0.15058      0.50892
     -1.76437      0.36609      0.09397      0.27212
     -1.75437      0.37211      0.09794      0.27417
     -1.74437      0.49242      0.13128      0.36114
     -1.73437      0.51806      0.13356      0.38450
     -1.72437      0.50104      0.11448      0.38656
     -1.71437      0.58466      0.12799      0.45667
     -1.70437      0.52177      0.13007      0.39170
     -1.69437      0.29603      0.08463      0.21140
     -1.68437      0.18043      0.04494      0.13548
     -1.67437      0.16134      0.03150      0.12984
     -1.66437      0.14066      0.02579      0.11487
     -1.65437      0.16468      0.03005      0.13463
     -1.64437      0.23098      0.04289      0.18809
     -1.63437      0.53643      0.10155      0.43488
     -1.62437      0.95152      0.18085      0.77067
     -1.61437      1.10339      0.20855      0.89484
     -1.60437      1.21430      0.22664      0.98766
     -1.59437      1.26888      0.23459      1.03430
     -1.58437      0.79777      0.14686      0.65090
     -1.57437      0.22676      0.04167      0.18509
     -1.56437      0.02772      0.00508      0.02265
     -1.55437      0.01828      0.00323      0.01506
     -1.54437      0.07351      0.01295      0.06057
     -1.53437      0.15505      0.02732      0.12773
     -1.52437      0.16957      0.02989      0.13968
     -1.51437      0.08719      0.01537      0.07182
     -1.50437      0.04217      0.00737      0.03479
     -1.49437      0.12455      0.02169      0.10287
     -1.48437      0.24942      0.04350      0.20592
     -1.47437      0.21416      0.03743      0.17674
     -1.46437      0.11387      0.01993      0.09395
     -1.45437      0.18121      0.03162      0.14959
     -1.44437      0.32766      0.05720      0.27046
     -1.43437      0.43754      0.07727      0.36027
     -1.42437      0.62310      0.11157      0.51153
     -1.41437      0.61616      0.11052      0.50565
     -1.40437      0.35417      0.06263      0.29154
     -1.39437      0.15840      0.02732      0.13108
     -1.38437      0.07840      0.01331      0.06509
     -1.37437      0.15452      0.02604      0.12848
     -1.36437      0.26261      0.04417      0.21843
     -1.35437      0.20719      0.03480      0.17239
     -1.34437      0.14290      0.02401      0.11889
     -1.33437      0.15268      0.02567      0.12700
     -1.32437      0.13346      0.02243      0.11103
     -1.31437      0.15146      0.02542      0.12604
     -1.30437      0.16769      0.02806      0.13963
     -1.29437      0.21261      0.03541      0.17720
     -1.28437      0.26473      0.04407      0.22066
     -1.27437      0.27454      0.04574      0.22879
     -1.26437      0.34803      0.05782      0.29020
     -1.25437      0.42479      0.07063      0.35417
     -1.24437      0.44229      0.07404      0.36825
     -1.23437      0.57641      0.09693      0.47948
     -1.22437      0.79988      0.13431      0.66557
     -1.21437      0.67882      0.11370      0.56512
     -1.20437      0.26251      0.04387      0.21864
     -1.19437      0.06514      0.01069      0.05444
     -1.18437      0.10142      0.01620      0.08522
     -1.17437      0.16388      0.02609      0.13779
     -1.16437      0.17126      0.02706      0.14420
     -1.15437      0.14994      0.02355      0.12639
     -1.14437      0.07124      0.01117      0.06006
     -1.13437      0.03414      0.00538      0.02876
     -1.12437      0.09516      0.01501      0.08015
     -1.11437      0.17800      0.02796      0.15004
     -1.10437      0.19642      0.03057      0.16585
     -1.09437      0.15440      0.02388      0.13052
     -1.08437      0.12020      0.01870      0.10150
     -1.07437      0.19029      0.02961      0.16068
     -1.06437      0.28736      0.04419      0.24317
     -1.05437      0.36103      0.05531      0.30573
     -1.04437      0.34941      0.05396      0.29544
     -1.03437      0.28594      0.04464      0.24129
     -1.02437      0.24737      0.03870      0.20867
     -1.01437      0.19605      0.03019      0.16586
     -1.00437      0.16236      0.02451      0.13785
     -0.99437      0.09357      0.01402      0.07955
     -0.98437      0.07977      0.01180      0.06797
     -0.97437      0.17501      0.02583      0.14918
     -0.96437      0.18899      0.02793      0.16106
     -0.95437      0.09680      0.01430      0.08250
     -0.94437      0.12251      0.01795      0.10456
     -0.93437      0.25071      0.03658      0.21413
     -0.92437      0.25400      0.03697      0.21703
     -0.91437      0.19308      0.02814      0.16494
     -0.90437      0.20031      0.02911      0.17120
     -0.89437      0.26189      0.03769      0.22421
     -0.88437      0.31110      0.04474      0.26636
     -0.87437      0.26739      0.03867      0.22872
     -0.86437      0.27521      0.03993      0.23528
     -0.85437      0.35721      0.05177      0.30544
     -0.84437      0.38718      0.05596      0.33122
     -0.83437      0.30645      0.04373      0.26272
     -0.82437      0.28103      0.03916      0.24187
     -0.81437      0.23030      0.03177      0.19853
     -0.80437      0.09501      0.01306      0.08195
     -0.79437      0.01652      0.00227      0.01425
     -0.78437      0.00152      0.00021      0.00132
     -0.77437      0.00892      0.00120      0.00772
     -0.76437      0.07422      0.00997      0.06425
     -0.75437      0.22810      0.03065      0.19745
     -0.74437      0.25833      0.03472      0.22361
     -0.73437      0.11385      0.01528      0.09857
     -0.72437      0.06725      0.00884      0.05841
     -0.71437      0.17247      0.02257      0.14990
     -0.70437      0.30071      0.03952      0.26119
     -0.69437      0.32342      0.04255      0.28087
     -0.68437      0.24403      0.03212      0.21191
     -0.67437      0.17783      0.02350      0.15433
     -0.66437      0.10148      0.01339      0.08809
     -0.65437      0.07973      0.01026      0.06947
     -0.64437      0.13498      0.01719      0.11779
     -0.63437      0.12119      0.01539      0.10580
     -0.62437      0.08870      0.01112      0.07758
     -0.61437      0.12909      0.01608      0.11301
     -0.60437      0.16863      0.02106      0.14757
     -0.59437      0.12580      0.01572      0.11008
     -0.58437      0.09948      0.01228      0.08721
     -0.57437      0.22023      0.02697      0.19327
     -0.56437      0.28184      0.03449      0.24735
     -0.55437      0.20651      0.02523      0.18128
     -0.54437      0.23725      0.02879      0.20846
     -0.53437      0.35978      0.04335      0.31643
     -0.52437      0.39866      0.04797      0.35069
     -0.51437      0.23719      0.02859      0.20860
     -0.50437      0.06630      0.00801      0.05829
     -0.49437      0.00938      0.00113      0.00826
     -0.48437      0.01965      0.00226      0.01739
     -0.47437      0.10572      0.01212      0.09359
     -0.46437      0.23760      0.02718      0.21042
     -0.45437      0.22516      0.02569      0.19947
     -0.44437      0.08977      0.01022      0.07955
     -0.43437      0.01521      0.00173      0.01348
     -0.42437      0.01172      0.00131      0.01042
     -0.41437      0.07308      0.00811      0.06497
     -0.40437      0.20656      0.02285      0.18372
     -0.39437      0.27155      0.02991      0.24164
     -0.38437      0.19742      0.02168      0.17574
     -0.37437      0.11355      0.01238      0.10117
     -0.36437      0.13301      0.01420      0.11881
     -0.35437      0.21021      0.02230      0.18790
     -0.34437      0.20714      0.02196      0.18518
     -0.33437      0.11139      0.01180      0.09959
     -0.32437      0.04353      0.00457      0.03897
     -0.31437      0.08371      0.00866      0.07506
     -0.30437      0.14419      0.01489      0.12930
     -0.29437      0.13609      0.01397      0.12212
     -0.28437      0.19552      0.01983      0.17569
     -0.27437      0.29036      0.02932      0.26104
     -0.26437      0.24037      0.02422      0.21616
     -0.25437      0.12073      0.01208      0.10865
     -0.24437      0.11518      0.01129      0.10389
     -0.23437      0.13806      0.01347      0.12458
     -0.22437      0.08011      0.00779      0.07233
     -0.21437      0.07676      0.00730      0.06946
     -0.20437      0.13714      0.01298      0.12416
     -0.19437      0.12501      0.01180      0.11321
     -0.18437      0.11857      0.01109      0.10748
     -0.17437      0.14775      0.01376      0.13399
     -0.16437      0.12558      0.01159      0.11400
     -0.15437      0.14000      0.01274      0.12726
     -0.14437      0.12372      0.01122      0.11250
     -0.13437      0.05924      0.00533      0.05391
     -0.12437      0.08347      0.00735      0.07612
     -0.11437      0.16215      0.01422      0.14793
     -0.10437      0.19652      0.01712      0.17940
     -0.09437      0.22157      0.01912      0.20245
     -0.08437      0.20970      0.01796      0.19174
     -0.07437      0.12202      0.01041      0.11161
     -0.06437      0.03786      0.00321      0.03465
     -0.05437      0.04286      0.00351      0.03935
     -0.04437      0.11469      0.00936      0.10533
     -0.03437      0.13949      0.01135      0.12813
     -0.02437      0.12477      0.01003      0.11474
     -0.01437      0.14563      0.01159      0.13404
     -0.00437      0.09739      0.00774      0.08965
      0.00563      0.02522      0.00200      0.02322
      0.01563      0.00241      0.00019      0.00222
      0.02563      0.00009      0.00001      0.00008
      0.03563      0.00000      0.00000      0.00000
      0.04563      0.00000      0.00000      0.00000
      0.05563      0.00000      0.00000      0.00000
      0.06563      0.00000      0.00000      0.00000
      0.07563      0.00000      0.00000      0.00000
      0.08563      0.00000      0.00000      0.00000
      0.09563      0.00000      0.00000      0.00000
      0.10563      0.00000      0.00000      0.00000
      0.11563      0.00000      0.00000      0.00000
      0.12563      0.00000      0.00000      0.00000
      0.13563      0.00000      0.00000      0.00000
      0.14563      0.00000      0.00000      0.00000
      0.15563      0.00000      0.00000      0.00000
      0.16563      0.00000      0.00000      0.00000
      0.17563      0.00000      0.00000      0.00000
      0.18563      0.00000      0.00000      0.00000
      0.19563      0.00000      0.00000      0.00000
      0.20563      0.00000      0.00000      0.00000
      0.21563      0.00000      0.00000      0.00000
      0.22563      0.00000      0.00000      0.00000
      0.23563      0.00000      0.00000      0.00000
      0.24563      0.00000      0.00000      0.00000
      0.25563      0.00000      0.00000      0.00000
      0.26563      0.00000      0.00000      0.00000
      0.27563      0.00000      0.00000      0.00000
      0.28563      0.00000      0.00000      0.00000
      0.29563      0.00000      0.00000      0.00000
      0.30563      0.00000      0.00000      0.00000
      0.31563      0.00000      0.00000      0.00000
      0.32563      0.00000      0.00000      0.00000
      0.33563      0.00000      0.00000      0.00000
      0.34563      0.00000      0.00000      0.00000
      0.35563      0.00000      0.00000      0.00000
      0.36563      0.00000      0.00000      0.00000
      0.37563      0.00000      0.00000      0.00000
      0.38563      0.00000      0.00000      0.00000
      0.39563      0.00000      0.00000      0.00000
      0.40563      0.00000      0.00000      0.00000
      0.41563      0.00000      0.00000      0.00000
      0.42563      0.00000      0.00000      0.00000
      0.43563      0.00000      0.00000      0.00000
      0.44563      0.00000      0.00000      0.00000
      0.45563      0.00000      0.00000      0.00000
      0.46563      0.00000      0.00000      0.00000
      0.47563      0.00000      0.00000      0.00000
      0.48563      0.00000      0.00000      0.00000
      0.49563      0.00000      0.00000      0.00000
      0.50563      0.00000      0.00000      0.00000
      0.51563      0.00000      0.00000      0.00000
      0.52563      0.00000      0.00000      0.00000
      0.53563      0.00000      0.00000      0.00000
      0.54563      0.00000      0.00000      0.00000
      0.55563      0.00000      0.00000      0.00000
      0.56563      0.00000      0.00000      0.00000
      0.57563      0.00000      0.00000      0.00000
      0.58563      0.00000      0.00000      0.00000
      0.59563      0.00000      0.00000      0.00000
      0.60563      0.00000      0.00000      0.00000
      0.61563      0.00000      0.00000      0.00000
      0.62563      0.00000      0.00000      0.00000
      0.63563      0.00000      0.00000      0.00000
      0.64563      0.00000      0.00000      0.00000
      0.65563      0.00000      0.00000      0.00000
      0.66563      0.00000      0.00000      0.00000
      0.67563      0.00000      0.00000      0.00000
      0.68563      0.00000      0.00000      0.00000
      0.69563      0.00000      0.00000      0.00000
      0.70563      0.00000      0.00000      0.00000
      0.71563      0.00000      0.00000      0.00000
      0.72563      0.00000      0.00000      0.00000
      0.73563      0.00000      0.00000      0.00000
      0.74563      0.00000      0.00000      0.00000
      0.75563      0.00000      0.00000      0.00000
      0.76563      0.00000      0.00000      0.00000
      0.77563      0.00000      0.00000      0.00000
      0.78563      0.00000      0.00000      0.00000
      0.79563      0.00000      0.00000      0.00000
      0.80563      0.00000      0.00000      0.00000
      0.81563      0.00000      0.00000      0.00000
      0.82563      0.00000      0.00000      0.00000
      0.83563      0.00000      0.00000      0.00000
      0.84563      0.00000      0.00000      0.00000
      0.85563      0.00000      0.00000      0.00000
      0.86563      0.00000      0.00000      0.00000
      0.87563      0.00000      0.00000      0.00000
      0.88563      0.00000      0.00000      0.00000
      0.89563      0.00000      0.00000      0.00000
      0.90563      0.00000      0.00000      0.00000
      0.91563      0.00000      0.00000      0.00000
      0.92563      0.00000      0.00000      0.00000
      0.93563      0.00000      0.00000      0.00000
      0.94563      0.00000      0.00000      0.00000
      0.95563      0.00000      0.00000      0.00000
      0.96563      0.00000      0.00000      0.00000
      0.97563      0.00000      0.00000      0.00000
      0.98563      0.00000      0.00000      0.00000
      0.99563      0.00000      0.00000      0.00000
      1.00563      0.00000      0.00000      0.00000
      1.01563      0.00000      0.00000      0.00000
      1.02563      0.00000      0.00000      0.00000
      1.03563      0.00000      0.00000      0.00000
      1.04563      0.00000      0.00000      0.00000
      1.05563      0.00000      0.00000      0.00000
      1.06563      0.00000      0.00000      0.00000
      1.07563      0.00000      0.00000      0.00000
      1.08563      0.00000      0.00000      0.00000
      1.09563      0.00000      0.00000      0.00000
      1.10563      0.00000      0.00000      0.00000
      1.11563      0.00000      0.00000      0.00000
      1.12563      0.00000      0.00000      0.00000
      1.13563      0.00000      0.00000      0.00000
      1.14563      0.00000      0.00000      0.00000
      1.15563      0.00000      0.00000      0.00000
      1.16563      0.00000      0.00000      0.00000
      1.17563      0.00000      0.00000      0.00000
      1.18563      0.00000      0.00000      0.00000
      1.19563      0.00000      0.00000      0.00000
      1.20563      0.00000      0.00000      0.00000
      1.21563      0.00000      0.00000      0.00000
      1.22563      0.00000      0.00000      0.00000
      1.23563      0.00000      0.00000      0.00000
      1.24563      0.00000      0.00000      0.00000
      1.25563      0.00000      0.00000      0.00000
      1.26563      0.00000      0.00000      0.00000
      1.27563      0.00000      0.00000      0.00000
      1.28563      0.00000      0.00000      0.00000
      1.29563      0.00000      0.00000      0.00000
      1.30563      0.00000      0.00000      0.00000
      1.31563      0.00000      0.00000      0.00000
      1.32563      0.00000      0.00000      0.00000
      1.33563      0.00000      0.00000      0.00000
      1.34563      0.00000      0.00000      0.00000
      1.35563      0.00000      0.00000      0.00000
      1.36563      0.00000      0.00000      0.00000
      1.37563      0.00000      0.00000      0.00000
      1.38563      0.00000      0.00000      0.00000
      1.39563      0.00000      0.00000      0.00000
      1.40563      0.00000      0.00000      0.00000
      1.41563      0.00000      0.00000      0.00000
      1.42563      0.00000      0.00000      0.00000
      1.43563      0.00000      0.00000      0.00000
      1.44563      0.00000      0.00000      0.00000
      1.45563      0.00000      0.00000      0.00000
      1.46563      0.00000      0.00000      0.00000
      1.47563      0.00000      0.00000      0.00000
      1.48563      0.00000      0.00000      0.00000
      1.49563      0.00000      0.00000      0.00000
      1.50563      0.00000      0.00000      0.00000
      1.51563      0.00000      0.00000      0.00000
      1.52563      0.00000      0.00000      0.00000
      1.53563      0.00000      0.00000      0.00000
      1.54563      0.00000      0.00000      0.00000
      1.55563      0.00000      0.00000      0.00000
      1.56563      0.00000      0.00000      0.00000
      1.57563      0.00000      0.00000      0.00000
      1.58563      0.00000      0.00000      0.00000
      1.59563      0.00000      0.00000      0.00000
      1.60563      0.00000      0.00000      0.00000
      1.61563      0.00000      0.00000      0.00000
      1.62563      0.00000      0.00000      0.00000
      1.63563      0.00000      0.00000      0.00000
      1.64563      0.00000      0.00000      0.00000
      1.65563      0.00000      0.00000      0.00000
      1.66563      0.00000      0.00000      0.00000
      1.67563      0.00000      0.00000      0.00000
      1.68563      0.00000      0.00000      0.00000
      1.69563      0.00000      0.00000      0.00000
      1.70563      0.00000      0.00000      0.00000
      1.71563      0.00000      0.00000      0.00000
      1.72563      0.00000      0.00000      0.00000
      1.73563      0.00000      0.00000      0.00000
      1.74563      0.00000      0.00000      0.00000
      1.75563      0.00000      0.00000      0.00000
      1.76563      0.00000      0.00000      0.00000
      1.77563      0.00000      0.00000      0.00000
      1.78563      0.00000      0.00000      0.00000
      1.79563      0.00000      0.00000      0.00000
      1.80563      0.00000      0.00000      0.00000
      1.81563      0.00000      0.00000      0.00000
      1.82563      0.00000      0.00000      0.00000
      1.83563      0.00000      0.00000      0.00000
      1.84563      0.00000      0.00000      0.00000
      1.85563      0.00000      0.00000      0.00000
      1.86563      0.00000      0.00000      0.00000
      1.87563      0.00000      0.00000      0.00000
      1.88563      0.00000      0.00000      0.00000
      1.89563      0.00000      0.00000      0.00000
      1.90563      0.00000      0.00000      0.00000
      1.91563      0.00000      0.00000      0.00000
      1.92563      0.00000      0.00000      0.00000
      1.93563      0.00000      0.00000      0.00000
      1.94563      0.00000      0.00000      0.00000
      1.95563      0.00000      0.00000      0.00000
      1.96563      0.00000      0.00000      0.00000
      1.97563      0.00000      0.00000      0.00000
      1.98563      0.00000      0.00000      0.00000
      1.99563      0.00000      0.00000      0.00000
      2.00563      0.00000      0.00000      0.00000
      2.01563      0.00000      0.00000      0.00000
      2.02563      0.00000      0.00000      0.00000
      2.03563      0.00000      0.00000      0.00000
      2.04563      0.00000      0.00000      0.00000
      2.05563      0.00000      0.00000      0.00000
      2.06563      0.00000      0.00000      0.00000
      2.07563      0.00000      0.00000      0.00000
      2.08563      0.00000      0.00000      0.00000
      2.09563      0.00000      0.00000      0.00000
      2.10563      0.00000      0.00000      0.00000
      2.11563      0.00000      0.00000      0.00000
      2.12563      0.00000      0.00000      0.00000
      2.13563      0.00000      0.00000      0.00000
      2.14563      0.00000      0.00000      0.00000
      2.15563      0.00000      0.00000      0.00000
      2.16563      0.00000      0.00000      0.00000
      2.17563      0.00000      0.00000      0.00000
      2.18563      0.00000      0.00000      0.00000
      2.19563      0.00000      0.00000      0.00000
      2.20563      0.00000      0.00000      0.00000
      2.21563      0.00000      0.00000      0.00000
      2.22563      0.00000      0.00000      0.00000
      2.23563      0.00000      0.00000      0.00000
      2.24563      0.00000      0.00000      0.00000
      2.25563      0.00000      0.00000      0.00000
      2.26563      0.00000      0.00000      0.00000
      2.27563      0.00000      0.00000      0.00000
      2.28563      0.00000      0.00000      0.00000
      2.29563      0.00000      0.00000      0.00000
      2.30563      0.00000      0.00000      0.00000
      2.31563      0.00000      0.00000      0.00000
      2.32563      0.00000      0.00000      0.00000
      2.33563      0.00000      0.00000      0.00000
      2.34563      0.00000      0.00000      0.00000
      2.35563      0.00000      0.00000      0.00000
      2.36563      0.00000      0.00000      0.00000
      2.37563      0.00000      0.00000      0.00000
      2.38563      0.00000      0.00000      0.00000
      2.39563      0.00000      0.00000      0.00000
      2.40563      0.00000      0.00000      0.00000
      2.41563      0.00000      0.00000      0.00000
      2.42563      0.00000      0.00000      0.00000
      2.43563      0.00000      0.00000      0.00000
      2.44563      0.00000      0.00000      0.00000
      2.45563      0.00000      0.00000      0.00000
      2.46563      0.00000      0.00000      0.00000
      2.47563      0.00000      0.00000      0.00000
      2.48563      0.00000      0.00000      0.00000
      2.49563      0.00000      0.00000      0.00000
      2.50563      0.00000      0.00000      0.00000
      2.51563      0.00000      0.00000      0.00000
      2.52563      0.00000      0.00000      0.00000
      2.53563      0.00000      0.00000      0.00000
      2.54563      0.00000      0.00000      0.00000
      2.55563      0.00000      0.00000      0.00000
      2.56563      0.00000      0.00000      0.00000
      2.57563      0.00000      0.00000      0.00000
      2.58563      0.00000      0.00000      0.00000
      2.59563      0.00000      0.00000      0.00000
      2.60563      0.00000      0.00000      0.00000
      2.61563      0.00000      0.00000      0.00000
      2.62563      0.00000      0.00000      0.00000
      2.63563      0.00000      0.00000      0.00000
      2.64563      0.00000      0.00000      0.00000
      2.65563      0.00000      0.00000      0.00000
      2.66563      0.00000      0.00000      0.00000
      2.67563      0.00000      0.00000      0.00000
      2.68563      0.00000      0.00000      0.00000
      2.69563      0.00000      0.00000      0.00000
      2.70563      0.00000      0.00000      0.00000
      2.71563      0.00001      0.00001      0.00000
      2.72563      0.00041      0.00058      0.00000
      2.73563      0.00609      0.00869      0.00000
      2.74563      0.03353      0.04778      0.00000
      2.75563      0.06814      0.09711      0.00000
      2.76563      0.05575      0.07942      0.00000
      2.77563      0.04780      0.06796      0.00000
      2.78563      0.10027      0.14221      0.00000
      2.79563      0.16273      0.23031      0.00000
      2.80563      0.16475      0.23267      0.00000
      2.81563      0.14542      0.20444      0.00000
      2.82563      0.19604      0.27459      0.00000
      2.83563      0.22918      0.32046      0.00000
      2.84563      0.19485      0.27182      0.00000
      2.85563      0.12791      0.17776      0.00000
      2.86563      0.11774      0.16296      0.00000
      2.87563      0.19382      0.26825      0.00000
      2.88563      0.23767      0.32857      0.00000
      2.89563      0.22950      0.31599      0.00000
      2.90563      0.18234      0.25067      0.00000
      2.91563      0.08932      0.12289      0.00000
      2.92563      0.03751      0.05115      0.00000
      2.93563      0.05701      0.07675      0.00000
      2.94563      0.06593      0.08868      0.00000
      2.95563      0.02908      0.03912      0.00000
      2.96563      0.00587      0.00791      0.00000
      2.97563      0.01572      0.02134      0.00000
      2.98563      0.07593      0.10313      0.00000
      2.99563      0.13772      0.18706      0.00000
      3.00563      0.09231      0.12539      0.00000
      3.01563      0.02747      0.03732      0.00000
      3.02563      0.04614      0.06263      0.00000
      3.03563      0.17325      0.23437      0.00000
      3.04563      0.32758      0.44110      0.00000
      3.05563      0.35530      0.47706      0.00000
      3.06563      0.28483      0.38199      0.00000
      3.07563      0.21439      0.28598      0.00000
      3.08563      0.12127      0.16098      0.00000
      3.09563      0.03318      0.04397      0.00000
      3.10563      0.00359      0.00476      0.00000
      3.11563      0.00023      0.00030      0.00000
      3.12563      0.00232      0.00310      0.00000
      3.13563      0.02445      0.03266      0.00000
      3.14563      0.09529      0.12725      0.00000
      3.15563      0.13704      0.18301      0.00000
      3.16563      0.07274      0.09714      0.00000
      3.17563      0.01425      0.01903      0.00000
      3.18563      0.00103      0.00138      0.00000
      3.19563      0.00007      0.00009      0.00000
      3.20563      0.00145      0.00193      0.00000
      3.21563      0.01793      0.02386      0.00000
      3.22563      0.08195      0.10901      0.00000
      3.23563      0.13825      0.18392      0.00000
      3.24563      0.08687      0.11555      0.00000
      3.25563      0.03157      0.04186      0.00000
      3.26563      0.06770      0.08930      0.00000
      3.27563      0.14272      0.18807      0.00000
      3.28563      0.15697      0.20609      0.00000
      3.29563      0.18696      0.24449      0.00000
      3.30563      0.23070      0.30295      0.00000
      3.31563      0.22967      0.30233      0.00000
      3.32563      0.26779      0.35027      0.00000
      3.33563      0.32030      0.41796      0.00000
      3.34563      0.26635      0.34765      0.00000
      3.35563      0.15116      0.19721      0.00000
      3.36563      0.04813      0.06279      0.00000
      3.37563      0.02357      0.03094      0.00000
      3.38563      0.05626      0.07401      0.00000
      3.39563      0.06521      0.08580      0.00000
      3.40563      0.02795      0.03677      0.00000
      3.41563      0.00441      0.00580      0.00000
      3.42563      0.00038      0.00050      0.00000
      3.43563      0.00267      0.00343      0.00000
      3.44563      0.02151      0.02767      0.00000
      3.45563      0.07304      0.09395      0.00000
      3.46563      0.15479      0.19928      0.00000
      3.47563      0.32472      0.41897      0.00000
      3.48563      0.56270      0.72722      0.00000
      3.49563      0.62573      0.80829      0.00000
      3.50563      0.38676      0.49856      0.00000
      3.51563      0.16786      0.21512      0.00000
      3.52563      0.17465      0.22250      0.00000
      3.53563      0.23871      0.30415      0.00000
      3.54563      0.32026      0.40794      0.00000
      3.55563      0.40088      0.51087      0.00000
      3.56563      0.27482      0.35019      0.00008
      3.57563      0.09634      0.11843      0.00127
      3.58563      0.11797      0.12512      0.00718
      3.59563      0.32237      0.35590      0.01566
      3.60563      0.43193      0.49118      0.01700
      3.61563      0.31178      0.33918      0.01675
      3.62563      0.17825      0.18089      0.01327
      3.63563      0.20940      0.23767      0.00815
      3.64563      0.38680      0.44571      0.01320
      3.65563      0.39936      0.44059      0.01956
      3.66563      0.35412      0.37251      0.02289
      3.67563      0.39039      0.40139      0.02815
      3.68563      0.33262      0.34094      0.02431
      3.69563      0.29930      0.32254      0.01705
      3.70563      0.33184      0.36226      0.01790
      3.71563      0.28511      0.31823      0.01365
      3.72563      0.19763      0.21414      0.01170
      3.73563      0.25738      0.24062      0.02721
      3.74563      0.33594      0.32118      0.03309
      3.75563      0.27005      0.28862      0.01681
      3.76563      0.19824      0.21216      0.01245
      3.77563      0.19883      0.18608      0.02141
      3.78563      0.20945      0.20185      0.02076
      3.79563      0.24505      0.27791      0.01061
      3.80563      0.29198      0.35880      0.00357
      3.81563      0.36743      0.44049      0.00836
      3.82563      0.51127      0.55364      0.03140
      3.83563      0.56781      0.54344      0.05885
      3.84563      0.47138      0.41776      0.06039
      3.85563      0.30280      0.26222      0.04112
      3.86563      0.19990      0.17235      0.02760
      3.87563      0.16985      0.14730      0.02341
      3.88563      0.17996      0.16678      0.02124
      3.89563      0.20394      0.21760      0.01420
      3.90563      0.25470      0.27308      0.01752
      3.91563      0.22302      0.22430      0.02069
      3.92563      0.22976      0.23997      0.01813
      3.93563      0.45579      0.47202      0.03716
      3.94563      0.64863      0.65536      0.05847
      3.95563      0.60731      0.63462      0.04718
      3.96563      0.47341      0.52869      0.02471
      3.97563      0.31155      0.33699      0.02079
      3.98563      0.25035      0.22973      0.03241
      3.99563      0.19521      0.18158      0.02449
      4.00563      0.19695      0.23027      0.00719
      4.01563      0.27906      0.34399      0.00343
      4.02563      0.26175      0.29691      0.01308
      4.03563      0.20071      0.19274      0.02364
      4.04563      0.18845      0.18020      0.02225
      4.05563      0.46275      0.44150      0.05378
      4.06563      1.00165      0.89277      0.14015
      4.07563      1.03903      0.89033      0.15979
      4.08563      0.55561      0.46698      0.09038
      4.09563      0.28611      0.24345      0.04691
      4.10563      0.28842      0.27452      0.03651
      4.11563      0.34511      0.36842      0.02748
      4.12563      0.28915      0.32736      0.01519
      4.13563      0.25763      0.28567      0.01629
      4.14563      0.36155      0.38967      0.02825
      4.15563      0.51542      0.52576      0.05264
      4.16563      0.58389      0.56864      0.07070
      4.17563      0.58518      0.59841      0.05901
      4.18563      0.54122      0.58513      0.04070
      4.19563      0.52611      0.55813      0.04363
      4.20563      0.66838      0.62562      0.09129
      4.21563      0.77209      0.65267      0.13619
      4.22563      0.63107      0.52137      0.11745
      4.23563      0.56250      0.50163      0.09057
      4.24563      0.74476      0.73353      0.09166
      4.25563      0.96515      0.94132      0.12562
      4.26563      1.17607      1.02428      0.21294
      4.27563      1.36421      1.10277      0.29126
      4.28563      1.20179      0.95019      0.26684
      4.29563      0.92289      0.72051      0.20711
      4.30563      0.89327      0.70821      0.19338
      4.31563      1.04614      0.87591      0.20434
      4.32563      1.30766      1.15416      0.23258
      4.33563      1.26937      1.19236      0.19485
      4.34563      0.88576      0.87603      0.11343
      4.35563      0.78260      0.74388      0.11026
      4.36563      1.01386      0.93970      0.15358
      4.37563      1.16171      1.03907      0.19274
      4.38563      0.98169      0.86319      0.16889
      4.39563      0.64065      0.56852      0.10854
      4.40563      0.43015      0.36252      0.08404
      4.41563      0.50683      0.41125      0.11041
      4.42563      0.77237      0.61961      0.17341
      4.43563      0.78498      0.61979      0.17802
      4.44563      0.51946      0.42310      0.10778
      4.45563      0.37754      0.36231      0.05280
      4.46563      0.42199      0.44937      0.04118
      4.47563      0.41128      0.41902      0.04955
      4.48563      0.51625      0.43454      0.10299
      4.49563      0.65801      0.51085      0.15082
      4.50563      0.51892      0.40828      0.11552
      4.51563      0.36393      0.32243      0.06301
      4.52563      0.41324      0.39527      0.05778
      4.53563      0.51276      0.48020      0.07598
      4.54563      0.62707      0.57970      0.09699
      4.55563      0.77210      0.72119      0.11997
      4.56563      1.11895      1.07000      0.16810
      4.57563      1.26541      1.22116      0.18571
      4.58563      0.87232      0.83305      0.12968
      4.59563      0.49175      0.45720      0.07771
      4.60563      0.42673      0.42788      0.05426
      4.61563      0.45013      0.48556      0.04203
      4.62563      0.42861      0.45388      0.04307
      4.63563      0.36389      0.35117      0.05242
      4.64563      0.42926      0.40493      0.06807
      4.65563      0.77256      0.75701      0.11110
      4.66563      0.94351      0.93624      0.13046
      4.67563      0.60758      0.62878      0.07177
      4.68563      0.30556      0.31831      0.03435
      4.69563      0.29197      0.24920      0.05607
      4.70563      0.29748      0.23307      0.06602
      4.71563      0.33291      0.25703      0.07596
      4.72563      0.56999      0.43869      0.13130
      4.73563      0.73579      0.56296      0.17287
      4.74563      0.86157      0.65375      0.20881
      4.75563      0.86435      0.66205      0.20953
      4.76563      0.53039      0.44147      0.11249
      4.77563      0.27594      0.29754      0.02606
      4.78563      0.29176      0.36046      0.00679
      4.79563      0.39942      0.46516      0.02343
      4.80563      0.51080      0.54396      0.05335
      4.81563      0.56152      0.58886      0.06367
      4.82563      0.58324      0.63484      0.05443
      4.83563      0.51177      0.55278      0.04847
      4.84563      0.39415      0.36730      0.06594
      4.85563      0.49133      0.40462      0.10830
      4.86563      0.60965      0.53400      0.11767
      4.87563      0.53689      0.52915      0.07475
      4.88563      0.44191      0.49597      0.03430
      4.89563      0.38009      0.40905      0.03795
      4.90563      0.38976      0.36035      0.06471
      4.91563      0.40119      0.39371      0.05620
      4.92563      0.40465      0.40847      0.05323
      4.93563      0.46854      0.41940      0.08615
      4.94563      0.59815      0.51896      0.11687
      4.95563      0.74566      0.65920      0.14319
      4.96563      0.87557      0.79089      0.16380
      4.97563      0.81890      0.78965      0.12597
      4.98563      0.60121      0.62296      0.06623
      4.99563      0.57527      0.59156      0.06753
      5.00563      0.49590      0.50435      0.06433
      5.01563      0.35915      0.37415      0.04364
      5.02563      0.31338      0.32782      0.03751
      5.03563      0.26040      0.27949      0.02808
      5.04563      0.39226      0.41955      0.04247
      5.05563      0.56536      0.59172      0.06622
      5.06563      0.48783      0.51164      0.05697
      5.07563      0.39125      0.36166      0.06970
      5.08563      0.52323      0.41856      0.12403
      5.09563      0.55946      0.48018      0.11716
      5.10563      0.37732      0.38354      0.05185
      5.11563      0.28500      0.31799      0.02593
      5.12563      0.35777      0.34788      0.05451
      5.13563      0.34244      0.28834      0.07185
      5.14563      0.29530      0.24402      0.06378
      5.15563      0.49805      0.44314      0.09436
      5.16563      0.75604      0.68685      0.13873
      5.17563      0.72334      0.66295      0.13196
      5.18563      0.54816      0.49508      0.10577
      5.19563      0.50030      0.42083      0.11327
      5.20563      0.55776      0.42863      0.14605
      5.21563      0.45495      0.35188      0.11755
      5.22563      0.26480      0.25623      0.04250
      5.23563      0.16882      0.20252      0.00731
      5.24563      0.16832      0.19522      0.01008
      5.25563      0.29476      0.30802      0.03384
      5.26563      0.42723      0.42464      0.06037
      5.27563      0.59974      0.61539      0.07738
      5.28563      0.71957      0.80821      0.06221
      5.29563      0.61434      0.75666      0.02421
      5.30563      0.38594      0.47853      0.01464
      5.31563      0.48507      0.54139      0.04642
      5.32563      0.78955      0.82839      0.09996
      5.33563      0.81828      0.78464      0.13815
      5.34563      0.68081      0.63903      0.12092
      5.35563      0.54413      0.56198      0.07123
      5.36563      0.57105      0.66137      0.04120
      5.37563      0.70157      0.81557      0.04897
      5.38563      0.54082      0.58867      0.05583
      5.39563      0.23858      0.22837      0.03901
      5.40563      0.22255      0.17803      0.05293
      5.41563      0.34428      0.30154      0.07136
      5.42563      0.37762      0.39086      0.05225
      5.43563      0.38234      0.41186      0.04610
      5.44563      0.36760      0.34746      0.06682
      5.45563      0.40427      0.31114      0.10664
      5.46563      0.58294      0.41916      0.16707
      5.47563      0.61926      0.46836      0.16605
      5.48563      0.49555      0.44740      0.09895
      5.49563      0.39104      0.40403      0.05437
      5.50563      0.29306      0.27784      0.05119
      5.51563      0.25819      0.20685      0.06126
      5.52563      0.22985      0.19839      0.04798
      5.53563      0.20020      0.22230      0.02019
      5.54563      0.17863      0.20449      0.01561
      5.55563      0.22749      0.19182      0.05064
      5.56563      0.29830      0.21937      0.08104
      5.57563      0.28646      0.21234      0.07701
      5.58563      0.45792      0.37962      0.10476
      5.59563      0.81785      0.78501      0.13938
      5.60563      1.08668      1.17172      0.12624
      5.61563      1.02657      1.20989      0.07005
      5.62563      0.76715      0.95750      0.02624
      5.63563      0.67293      0.82025      0.03169
      5.64563      0.66207      0.75813      0.05416
      5.65563      0.52015      0.56260      0.05755
      5.66563      0.37497      0.38821      0.04912
      5.67563      0.35835      0.33580      0.06456
      5.68563      0.43081      0.39721      0.08192
      5.69563      0.34769      0.34658      0.05434
      5.70563      0.26574      0.25830      0.04508
      5.71563      0.24673      0.20877      0.05694
      5.72563      0.30743      0.25182      0.07546
      5.73563      0.58083      0.53329      0.11562
      5.74563      0.82639      0.81045      0.13959
      5.75563      0.74120      0.73887      0.11745
      5.76563      0.58859      0.57513      0.09572
      5.77563      0.42033      0.42620      0.06012
      5.78563      0.28698      0.32675      0.02422
      5.79563      0.30782      0.33902      0.03175
      5.80563      0.33563      0.33550      0.05081
      5.81563      0.27754      0.25378      0.05264
      5.82563      0.26476      0.25456      0.04394
      5.83563      0.32419      0.33469      0.04339
      5.84563      0.53781      0.53812      0.08089
      5.85563      0.81716      0.86471      0.10146
      5.86563      0.81846      0.92909      0.07241
      5.87563      0.63141      0.73047      0.04959
      5.88563      0.50691      0.53872      0.06339
      5.89563      0.43026      0.43472      0.06486
      5.90563      0.47067      0.47414      0.07020
      5.91563      0.49682      0.48021      0.08360
      5.92563      0.32675      0.33257      0.04754
      5.93563      0.13392      0.15116      0.01240
      5.94563      0.18764      0.20980      0.01728
      5.95563      0.50843      0.55794      0.05131
      5.96563      0.74832      0.82590      0.07322
      5.97563      0.76792      0.88262      0.05999
      5.98563      0.70936      0.82456      0.05311
      5.99563      0.56750      0.61565      0.06444
      6.00563      0.62849      0.62072      0.10088
      6.01563      0.81512      0.73095      0.16765
      6.02563      0.85656      0.66438      0.22817
      6.03563      0.76412      0.56675      0.21481
      6.04563      0.65917      0.58824      0.12970
      6.05563      0.70129      0.75948      0.06669
      6.06563      0.53516      0.62694      0.02835
      6.07563      0.24070      0.29746      0.00605
      6.08563      0.18116      0.22978      0.00065
      6.09563      0.21359      0.26440      0.00299
      6.10563      0.24017      0.26200      0.02343
      6.11563      0.40661      0.39065      0.06975
      6.12563      0.49616      0.48254      0.07872
      6.13563      0.47722      0.53650      0.03450
      6.14563      0.52274      0.63392      0.01567
      6.15563      0.48177      0.52088      0.04919
      6.16563      0.41468      0.34237      0.09885
      6.17563      0.38708      0.29092      0.10867
      6.18563      0.40587      0.34860      0.09287
      6.19563      0.40447      0.40933      0.06141
      6.20563      0.51715      0.59439      0.04202
      6.21563      0.75852      0.89280      0.04616
      6.22563      0.75699      0.87963      0.04015
      6.23563      0.63035      0.68271      0.04929
      6.24563      0.53097      0.52275      0.06674
      6.25563      0.46185      0.44679      0.06385
      6.26563      0.42736      0.42716      0.05807
      6.27563      0.52820      0.53840      0.07124
      6.28563      0.59940      0.59107      0.09086
      6.29563      0.65804      0.61798      0.11289
      6.30563      0.65025      0.59264      0.11553
      6.31563      0.68325      0.62054      0.12366
      6.32563      0.78682      0.78297      0.11359
      6.33563      0.62721      0.69445      0.05689
      6.34563      0.34686      0.38070      0.03150
      6.35563      0.41273      0.39094      0.06411
      6.36563      0.57390      0.56117      0.08083
      6.37563      0.46945      0.49622      0.05090
      6.38563      0.43191      0.46145      0.04142
      6.39563      0.56174      0.59745      0.04415
      6.40563      0.58957      0.65441      0.03052
      6.41563      0.53367      0.56810      0.04506
      6.42563      0.49383      0.47060      0.07513
      6.43563      0.47086      0.46413      0.06513
      6.44563      0.51289      0.56516      0.03942
      6.45563      0.73797      0.77883      0.07813
      6.46563      0.97122      0.93118      0.14804
      6.47563      0.78301      0.72358      0.12014
      6.48563      0.40235      0.36162      0.06208
      6.49563      0.26832      0.21591      0.06182
      6.50563      0.37747      0.32865      0.07836
      6.51563      0.65750      0.64790      0.08507
      6.52563      0.80625      0.84447      0.05787
      6.53563      0.57318      0.60578      0.02770
      6.54563      0.40798      0.38495      0.05042
      6.55563      0.55880      0.49174      0.10226
      6.56563      0.61660      0.54516      0.11077
      6.57563      0.48418      0.42706      0.09022
      6.58563      0.45326      0.42674      0.07823
      6.59563      0.59980      0.58379      0.08834
      6.60563      0.79437      0.74393      0.12065
      6.61563      0.81873      0.76061      0.11465
      6.62563      0.76779      0.77113      0.06042
      6.63563      0.69219      0.74263      0.02582
      6.64563      0.56277      0.59528      0.03103
      6.65563      0.61513      0.59467      0.06895
      6.66563      0.76532      0.70626      0.10245
      6.67563      0.72530      0.67565      0.09669
      6.68563      0.54938      0.54811      0.06287
      6.69563      0.40028      0.44315      0.02361
      6.70563      0.32629      0.35032      0.01697
      6.71563      0.40317      0.35504      0.06035
      6.72563      0.66826      0.53397      0.14135
      6.73563      0.94631      0.77474      0.19630
      6.74563      0.93599      0.81295      0.16572
      6.75563      0.69982      0.64020      0.10361
      6.76563      0.60470      0.61057      0.05448
      6.77563      0.67646      0.72867      0.03656
      6.78563      0.85220      0.88929      0.06929
      6.79563      0.96346      0.95951      0.10951
      6.80563      1.00401      0.99926      0.11702
