cpu-bind=MASK - n2lcn0152, task  0  0 [109007]: mask |BBBBBBBB|BBBBBBBB||BBBBBBBB|BBBBBBBB||BBBBBBBB|BBBBBBBB||BBBBBBBB|BBBBBBBB||||BBBBBBBB|BBBBBBBB||BBBBBBBB|BBBBBBBB||BBBBBBBB|BBBBBBBB||BBBBBBBB|BBBBBBBB|  set
The following modules were not unloaded:
  (Use "module --force purge" to unload all):

  1) pc2fs   2) slurm/24.11.5-1   3) DefaultModules
rm: cannot remove 'cp2k.out': No such file or directory
cpu-bind=MASK - n2lcn0153, task 64  0 [108783]: mask |BB------|--------||--------|--------||--------|--------||--------|--------||||--------|--------||--------|--------||--------|--------||--------|--------|  set
cpu-bind=MASK - n2lcn0164, task 192  0 [3664403]: mask |BB------|--------||--------|--------||--------|--------||--------|--------||||--------|--------||--------|--------||--------|--------||--------|--------|  set
cpu-bind=MASK - n2lcn0153, task 65  1 [108784]: mask |--BB----|--------||--------|--------||--------|--------||--------|--------||||--------|--------||--------|--------||--------|--------||--------|--------|  set
cpu-bind=MASK - n2lcn0164, task 193  1 [3664404]: mask |--BB----|--------||--------|--------||--------|--------||--------|--------||||--------|--------||--------|--------||--------|--------||--------|--------|  set
cpu-bind=MASK - n2lcn0152, task  0  0 [109472]: mask |BB------|--------||--------|--------||--------|--------||--------|--------||||--------|--------||--------|--------||--------|--------||--------|--------|  set
cpu-bind=MASK - n2lcn0153, task 66  2 [108785]: mask |----BB--|--------||--------|--------||--------|--------||--------|--------||||--------|--------||--------|--------||--------|--------||--------|--------|  set
cpu-bind=MASK - n2lcn0164, task 194  2 [3664405]: mask |----BB--|--------||--------|--------||--------|--------||--------|--------||||--------|--------||--------|--------||--------|--------||--------|--------|  set
cpu-bind=MASK - n2lcn0152, task  1  1 [109473]: mask |--BB----|--------||--------|--------||--------|--------||--------|--------||||--------|--------||--------|--------||--------|--------||--------|--------|  set
cpu-bind=MASK - n2lcn0153, task 67  3 [108786]: mask |------BB|--------||--------|--------||--------|--------||--------|--------||||--------|--------||--------|--------||--------|--------||--------|--------|  set
cpu-bind=MASK - n2lcn0152, task  2  2 [109474]: mask |----BB--|--------||--------|--------||--------|--------||--------|--------||||--------|--------||--------|--------||--------|--------||--------|--------|  set
cpu-bind=MASK - n2lcn0164, task 195  3 [3664406]: mask |------BB|--------||--------|--------||--------|--------||--------|--------||||--------|--------||--------|--------||--------|--------||--------|--------|  set
cpu-bind=MASK - n2lcn0153, task 68  4 [108787]: mask |--------|BB------||--------|--------||--------|--------||--------|--------||||--------|--------||--------|--------||--------|--------||--------|--------|  set
cpu-bind=MASK - n2lcn0152, task  3  3 [109475]: mask |------BB|--------||--------|--------||--------|--------||--------|--------||||--------|--------||--------|--------||--------|--------||--------|--------|  set
cpu-bind=MASK - n2lcn0153, task 69  5 [108788]: mask |--------|--BB----||--------|--------||--------|--------||--------|--------||||--------|--------||--------|--------||--------|--------||--------|--------|  set
cpu-bind=MASK - n2lcn0164, task 196  4 [3664407]: mask |--------|BB------||--------|--------||--------|--------||--------|--------||||--------|--------||--------|--------||--------|--------||--------|--------|  set
cpu-bind=MASK - n2lcn0152, task  4  4 [109476]: mask |--------|BB------||--------|--------||--------|--------||--------|--------||||--------|--------||--------|--------||--------|--------||--------|--------|  set
cpu-bind=MASK - n2lcn0153, task 70  6 [108789]: mask |--------|----BB--||--------|--------||--------|--------||--------|--------||||--------|--------||--------|--------||--------|--------||--------|--------|  set
cpu-bind=MASK - n2lcn0164, task 197  5 [3664408]: mask |--------|--BB----||--------|--------||--------|--------||--------|--------||||--------|--------||--------|--------||--------|--------||--------|--------|  set
cpu-bind=MASK - n2lcn0153, task 71  7 [108790]: mask |--------|------BB||--------|--------||--------|--------||--------|--------||||--------|--------||--------|--------||--------|--------||--------|--------|  set
cpu-bind=MASK - n2lcn0152, task  5  5 [109477]: mask |--------|--BB----||--------|--------||--------|--------||--------|--------||||--------|--------||--------|--------||--------|--------||--------|--------|  set
cpu-bind=MASK - n2lcn0164, task 198  6 [3664409]: mask |--------|----BB--||--------|--------||--------|--------||--------|--------||||--------|--------||--------|--------||--------|--------||--------|--------|  set
cpu-bind=MASK - n2lcn0153, task 72  8 [108791]: mask |--------|--------||BB------|--------||--------|--------||--------|--------||||--------|--------||--------|--------||--------|--------||--------|--------|  set
cpu-bind=MASK - n2lcn0152, task  6  6 [109478]: mask |--------|----BB--||--------|--------||--------|--------||--------|--------||||--------|--------||--------|--------||--------|--------||--------|--------|  set
cpu-bind=MASK - n2lcn0164, task 199  7 [3664410]: mask |--------|------BB||--------|--------||--------|--------||--------|--------||||--------|--------||--------|--------||--------|--------||--------|--------|  set
cpu-bind=MASK - n2lcn0153, task 73  9 [108792]: mask |--------|--------||--BB----|--------||--------|--------||--------|--------||||--------|--------||--------|--------||--------|--------||--------|--------|  set
cpu-bind=MASK - n2lcn0152, task  7  7 [109479]: mask |--------|------BB||--------|--------||--------|--------||--------|--------||||--------|--------||--------|--------||--------|--------||--------|--------|  set
cpu-bind=MASK - n2lcn0164, task 200  8 [3664411]: mask |--------|--------||BB------|--------||--------|--------||--------|--------||||--------|--------||--------|--------||--------|--------||--------|--------|  set
cpu-bind=MASK - n2lcn0153, task 74 10 [108793]: mask |--------|--------||----BB--|--------||--------|--------||--------|--------||||--------|--------||--------|--------||--------|--------||--------|--------|  set
cpu-bind=MASK - n2lcn0152, task  8  8 [109480]: mask |--------|--------||BB------|--------||--------|--------||--------|--------||||--------|--------||--------|--------||--------|--------||--------|--------|  set
cpu-bind=MASK - n2lcn0164, task 201  9 [3664412]: mask |--------|--------||--BB----|--------||--------|--------||--------|--------||||--------|--------||--------|--------||--------|--------||--------|--------|  set
cpu-bind=MASK - n2lcn0153, task 75 11 [108794]: mask |--------|--------||------BB|--------||--------|--------||--------|--------||||--------|--------||--------|--------||--------|--------||--------|--------|  set
cpu-bind=MASK - n2lcn0152, task  9  9 [109481]: mask |--------|--------||--BB----|--------||--------|--------||--------|--------||||--------|--------||--------|--------||--------|--------||--------|--------|  set
cpu-bind=MASK - n2lcn0164, task 202 10 [3664413]: mask |--------|--------||----BB--|--------||--------|--------||--------|--------||||--------|--------||--------|--------||--------|--------||--------|--------|  set
cpu-bind=MASK - n2lcn0153, task 76 12 [108795]: mask |--------|--------||--------|BB------||--------|--------||--------|--------||||--------|--------||--------|--------||--------|--------||--------|--------|  set
cpu-bind=MASK - n2lcn0152, task 10 10 [109482]: mask |--------|--------||----BB--|--------||--------|--------||--------|--------||||--------|--------||--------|--------||--------|--------||--------|--------|  set
cpu-bind=MASK - n2lcn0164, task 203 11 [3664414]: mask |--------|--------||------BB|--------||--------|--------||--------|--------||||--------|--------||--------|--------||--------|--------||--------|--------|  set
cpu-bind=MASK - n2lcn0153, task 77 13 [108796]: mask |--------|--------||--------|--BB----||--------|--------||--------|--------||||--------|--------||--------|--------||--------|--------||--------|--------|  set
cpu-bind=MASK - n2lcn0152, task 11 11 [109483]: mask |--------|--------||------BB|--------||--------|--------||--------|--------||||--------|--------||--------|--------||--------|--------||--------|--------|  set
cpu-bind=MASK - n2lcn0153, task 78 14 [108797]: mask |--------|--------||--------|----BB--||--------|--------||--------|--------||||--------|--------||--------|--------||--------|--------||--------|--------|  set
cpu-bind=MASK - n2lcn0164, task 204 12 [3664415]: mask |--------|--------||--------|BB------||--------|--------||--------|--------||||--------|--------||--------|--------||--------|--------||--------|--------|  set
cpu-bind=MASK - n2lcn0152, task 12 12 [109484]: mask |--------|--------||--------|BB------||--------|--------||--------|--------||||--------|--------||--------|--------||--------|--------||--------|--------|  set
cpu-bind=MASK - n2lcn0153, task 79 15 [108798]: mask |--------|--------||--------|------BB||--------|--------||--------|--------||||--------|--------||--------|--------||--------|--------||--------|--------|  set
cpu-bind=MASK - n2lcn0164, task 205 13 [3664416]: mask |--------|--------||--------|--BB----||--------|--------||--------|--------||||--------|--------||--------|--------||--------|--------||--------|--------|  set
cpu-bind=MASK - n2lcn0152, task 13 13 [109485]: mask |--------|--------||--------|--BB----||--------|--------||--------|--------||||--------|--------||--------|--------||--------|--------||--------|--------|  set
cpu-bind=MASK - n2lcn0153, task 80 16 [108799]: mask |--------|--------||--------|--------||BB------|--------||--------|--------||||--------|--------||--------|--------||--------|--------||--------|--------|  set
cpu-bind=MASK - n2lcn0164, task 206 14 [3664417]: mask |--------|--------||--------|----BB--||--------|--------||--------|--------||||--------|--------||--------|--------||--------|--------||--------|--------|  set
cpu-bind=MASK - n2lcn0152, task 14 14 [109486]: mask |--------|--------||--------|----BB--||--------|--------||--------|--------||||--------|--------||--------|--------||--------|--------||--------|--------|  set
cpu-bind=MASK - n2lcn0153, task 81 17 [108800]: mask |--------|--------||--------|--------||--BB----|--------||--------|--------||||--------|--------||--------|--------||--------|--------||--------|--------|  set
cpu-bind=MASK - n2lcn0164, task 207 15 [3664418]: mask |--------|--------||--------|------BB||--------|--------||--------|--------||||--------|--------||--------|--------||--------|--------||--------|--------|  set
cpu-bind=MASK - n2lcn0152, task 15 15 [109487]: mask |--------|--------||--------|------BB||--------|--------||--------|--------||||--------|--------||--------|--------||--------|--------||--------|--------|  set
cpu-bind=MASK - n2lcn0153, task 82 18 [108801]: mask |--------|--------||--------|--------||----BB--|--------||--------|--------||||--------|--------||--------|--------||--------|--------||--------|--------|  set
cpu-bind=MASK - n2lcn0164, task 208 16 [3664419]: mask |--------|--------||--------|--------||BB------|--------||--------|--------||||--------|--------||--------|--------||--------|--------||--------|--------|  set
cpu-bind=MASK - n2lcn0152, task 16 16 [109488]: mask |--------|--------||--------|--------||BB------|--------||--------|--------||||--------|--------||--------|--------||--------|--------||--------|--------|  set
cpu-bind=MASK - n2lcn0153, task 83 19 [108802]: mask |--------|--------||--------|--------||------BB|--------||--------|--------||||--------|--------||--------|--------||--------|--------||--------|--------|  set
cpu-bind=MASK - n2lcn0164, task 209 17 [3664420]: mask |--------|--------||--------|--------||--BB----|--------||--------|--------||||--------|--------||--------|--------||--------|--------||--------|--------|  set
cpu-bind=MASK - n2lcn0152, task 17 17 [109489]: mask |--------|--------||--------|--------||--BB----|--------||--------|--------||||--------|--------||--------|--------||--------|--------||--------|--------|  set
cpu-bind=MASK - n2lcn0153, task 84 20 [108803]: mask |--------|--------||--------|--------||--------|BB------||--------|--------||||--------|--------||--------|--------||--------|--------||--------|--------|  set
cpu-bind=MASK - n2lcn0164, task 210 18 [3664421]: mask |--------|--------||--------|--------||----BB--|--------||--------|--------||||--------|--------||--------|--------||--------|--------||--------|--------|  set
cpu-bind=MASK - n2lcn0152, task 18 18 [109490]: mask |--------|--------||--------|--------||----BB--|--------||--------|--------||||--------|--------||--------|--------||--------|--------||--------|--------|  set
cpu-bind=MASK - n2lcn0153, task 85 21 [108804]: mask |--------|--------||--------|--------||--------|--BB----||--------|--------||||--------|--------||--------|--------||--------|--------||--------|--------|  set
cpu-bind=MASK - n2lcn0164, task 211 19 [3664422]: mask |--------|--------||--------|--------||------BB|--------||--------|--------||||--------|--------||--------|--------||--------|--------||--------|--------|  set
cpu-bind=MASK - n2lcn0152, task 19 19 [109491]: mask |--------|--------||--------|--------||------BB|--------||--------|--------||||--------|--------||--------|--------||--------|--------||--------|--------|  set
cpu-bind=MASK - n2lcn0153, task 86 22 [108805]: mask |--------|--------||--------|--------||--------|----BB--||--------|--------||||--------|--------||--------|--------||--------|--------||--------|--------|  set
cpu-bind=MASK - n2lcn0164, task 212 20 [3664423]: mask |--------|--------||--------|--------||--------|BB------||--------|--------||||--------|--------||--------|--------||--------|--------||--------|--------|  set
cpu-bind=MASK - n2lcn0152, task 20 20 [109492]: mask |--------|--------||--------|--------||--------|BB------||--------|--------||||--------|--------||--------|--------||--------|--------||--------|--------|  set
cpu-bind=MASK - n2lcn0153, task 87 23 [108806]: mask |--------|--------||--------|--------||--------|------BB||--------|--------||||--------|--------||--------|--------||--------|--------||--------|--------|  set
cpu-bind=MASK - n2lcn0164, task 213 21 [3664424]: mask |--------|--------||--------|--------||--------|--BB----||--------|--------||||--------|--------||--------|--------||--------|--------||--------|--------|  set
cpu-bind=MASK - n2lcn0152, task 21 21 [109493]: mask |--------|--------||--------|--------||--------|--BB----||--------|--------||||--------|--------||--------|--------||--------|--------||--------|--------|  set
cpu-bind=MASK - n2lcn0153, task 88 24 [108807]: mask |--------|--------||--------|--------||--------|--------||BB------|--------||||--------|--------||--------|--------||--------|--------||--------|--------|  set
cpu-bind=MASK - n2lcn0164, task 214 22 [3664425]: mask |--------|--------||--------|--------||--------|----BB--||--------|--------||||--------|--------||--------|--------||--------|--------||--------|--------|  set
cpu-bind=MASK - n2lcn0152, task 22 22 [109494]: mask |--------|--------||--------|--------||--------|----BB--||--------|--------||||--------|--------||--------|--------||--------|--------||--------|--------|  set
cpu-bind=MASK - n2lcn0153, task 89 25 [108808]: mask |--------|--------||--------|--------||--------|--------||--BB----|--------||||--------|--------||--------|--------||--------|--------||--------|--------|  set
cpu-bind=MASK - n2lcn0164, task 215 23 [3664426]: mask |--------|--------||--------|--------||--------|------BB||--------|--------||||--------|--------||--------|--------||--------|--------||--------|--------|  set
cpu-bind=MASK - n2lcn0152, task 23 23 [109495]: mask |--------|--------||--------|--------||--------|------BB||--------|--------||||--------|--------||--------|--------||--------|--------||--------|--------|  set
cpu-bind=MASK - n2lcn0153, task 90 26 [108809]: mask |--------|--------||--------|--------||--------|--------||----BB--|--------||||--------|--------||--------|--------||--------|--------||--------|--------|  set
cpu-bind=MASK - n2lcn0164, task 216 24 [3664427]: mask |--------|--------||--------|--------||--------|--------||BB------|--------||||--------|--------||--------|--------||--------|--------||--------|--------|  set
cpu-bind=MASK - n2lcn0152, task 24 24 [109496]: mask |--------|--------||--------|--------||--------|--------||BB------|--------||||--------|--------||--------|--------||--------|--------||--------|--------|  set
cpu-bind=MASK - n2lcn0153, task 91 27 [108810]: mask |--------|--------||--------|--------||--------|--------||------BB|--------||||--------|--------||--------|--------||--------|--------||--------|--------|  set
cpu-bind=MASK - n2lcn0164, task 217 25 [3664428]: mask |--------|--------||--------|--------||--------|--------||--BB----|--------||||--------|--------||--------|--------||--------|--------||--------|--------|  set
cpu-bind=MASK - n2lcn0152, task 25 25 [109497]: mask |--------|--------||--------|--------||--------|--------||--BB----|--------||||--------|--------||--------|--------||--------|--------||--------|--------|  set
cpu-bind=MASK - n2lcn0153, task 92 28 [108811]: mask |--------|--------||--------|--------||--------|--------||--------|BB------||||--------|--------||--------|--------||--------|--------||--------|--------|  set
cpu-bind=MASK - n2lcn0164, task 218 26 [3664429]: mask |--------|--------||--------|--------||--------|--------||----BB--|--------||||--------|--------||--------|--------||--------|--------||--------|--------|  set
cpu-bind=MASK - n2lcn0153, task 93 29 [108812]: mask |--------|--------||--------|--------||--------|--------||--------|--BB----||||--------|--------||--------|--------||--------|--------||--------|--------|  set
cpu-bind=MASK - n2lcn0152, task 26 26 [109498]: mask |--------|--------||--------|--------||--------|--------||----BB--|--------||||--------|--------||--------|--------||--------|--------||--------|--------|  set
cpu-bind=MASK - n2lcn0153, task 94 30 [108813]: mask |--------|--------||--------|--------||--------|--------||--------|----BB--||||--------|--------||--------|--------||--------|--------||--------|--------|  set
cpu-bind=MASK - n2lcn0164, task 219 27 [3664430]: mask |--------|--------||--------|--------||--------|--------||------BB|--------||||--------|--------||--------|--------||--------|--------||--------|--------|  set
cpu-bind=MASK - n2lcn0152, task 27 27 [109499]: mask |--------|--------||--------|--------||--------|--------||------BB|--------||||--------|--------||--------|--------||--------|--------||--------|--------|  set
cpu-bind=MASK - n2lcn0153, task 95 31 [108814]: mask |--------|--------||--------|--------||--------|--------||--------|------BB||||--------|--------||--------|--------||--------|--------||--------|--------|  set
cpu-bind=MASK - n2lcn0164, task 220 28 [3664431]: mask |--------|--------||--------|--------||--------|--------||--------|BB------||||--------|--------||--------|--------||--------|--------||--------|--------|  set
cpu-bind=MASK - n2lcn0152, task 28 28 [109500]: mask |--------|--------||--------|--------||--------|--------||--------|BB------||||--------|--------||--------|--------||--------|--------||--------|--------|  set
cpu-bind=MASK - n2lcn0164, task 221 29 [3664432]: mask |--------|--------||--------|--------||--------|--------||--------|--BB----||||--------|--------||--------|--------||--------|--------||--------|--------|  set
cpu-bind=MASK - n2lcn0152, task 29 29 [109501]: mask |--------|--------||--------|--------||--------|--------||--------|--BB----||||--------|--------||--------|--------||--------|--------||--------|--------|  set
cpu-bind=MASK - n2lcn0153, task 96 32 [108815]: mask |--------|--------||--------|--------||--------|--------||--------|--------||||BB------|--------||--------|--------||--------|--------||--------|--------|  set
cpu-bind=MASK - n2lcn0164, task 222 30 [3664433]: mask |--------|--------||--------|--------||--------|--------||--------|----BB--||||--------|--------||--------|--------||--------|--------||--------|--------|  set
cpu-bind=MASK - n2lcn0152, task 30 30 [109502]: mask |--------|--------||--------|--------||--------|--------||--------|----BB--||||--------|--------||--------|--------||--------|--------||--------|--------|  set
cpu-bind=MASK - n2lcn0153, task 97 33 [108816]: mask |--------|--------||--------|--------||--------|--------||--------|--------||||--BB----|--------||--------|--------||--------|--------||--------|--------|  set
cpu-bind=MASK - n2lcn0158, task 128  0 [2932595]: mask |BB------|--------||--------|--------||--------|--------||--------|--------||||--------|--------||--------|--------||--------|--------||--------|--------|  set
cpu-bind=MASK - n2lcn0164, task 223 31 [3664434]: mask |--------|--------||--------|--------||--------|--------||--------|------BB||||--------|--------||--------|--------||--------|--------||--------|--------|  set
cpu-bind=MASK - n2lcn0152, task 31 31 [109503]: mask |--------|--------||--------|--------||--------|--------||--------|------BB||||--------|--------||--------|--------||--------|--------||--------|--------|  set
cpu-bind=MASK - n2lcn0153, task 98 34 [108817]: mask |--------|--------||--------|--------||--------|--------||--------|--------||||----BB--|--------||--------|--------||--------|--------||--------|--------|  set
cpu-bind=MASK - n2lcn0158, task 129  1 [2932596]: mask |--BB----|--------||--------|--------||--------|--------||--------|--------||||--------|--------||--------|--------||--------|--------||--------|--------|  set
cpu-bind=MASK - n2lcn0153, task 99 35 [108818]: mask |--------|--------||--------|--------||--------|--------||--------|--------||||------BB|--------||--------|--------||--------|--------||--------|--------|  set
cpu-bind=MASK - n2lcn0152, task 32 32 [109504]: mask |--------|--------||--------|--------||--------|--------||--------|--------||||BB------|--------||--------|--------||--------|--------||--------|--------|  set
cpu-bind=MASK - n2lcn0164, task 224 32 [3664435]: mask |--------|--------||--------|--------||--------|--------||--------|--------||||BB------|--------||--------|--------||--------|--------||--------|--------|  set
cpu-bind=MASK - n2lcn0153, task 100 36 [108819]: mask |--------|--------||--------|--------||--------|--------||--------|--------||||--------|BB------||--------|--------||--------|--------||--------|--------|  set
cpu-bind=MASK - n2lcn0152, task 33 33 [109505]: mask |--------|--------||--------|--------||--------|--------||--------|--------||||--BB----|--------||--------|--------||--------|--------||--------|--------|  set
cpu-bind=MASK - n2lcn0158, task 130  2 [2932597]: mask |----BB--|--------||--------|--------||--------|--------||--------|--------||||--------|--------||--------|--------||--------|--------||--------|--------|  set
cpu-bind=MASK - n2lcn0164, task 225 33 [3664436]: mask |--------|--------||--------|--------||--------|--------||--------|--------||||--BB----|--------||--------|--------||--------|--------||--------|--------|  set
cpu-bind=MASK - n2lcn0153, task 101 37 [108820]: mask |--------|--------||--------|--------||--------|--------||--------|--------||||--------|--BB----||--------|--------||--------|--------||--------|--------|  set
cpu-bind=MASK - n2lcn0152, task 34 34 [109506]: mask |--------|--------||--------|--------||--------|--------||--------|--------||||----BB--|--------||--------|--------||--------|--------||--------|--------|  set
cpu-bind=MASK - n2lcn0158, task 131  3 [2932598]: mask |------BB|--------||--------|--------||--------|--------||--------|--------||||--------|--------||--------|--------||--------|--------||--------|--------|  set
cpu-bind=MASK - n2lcn0164, task 226 34 [3664437]: mask |--------|--------||--------|--------||--------|--------||--------|--------||||----BB--|--------||--------|--------||--------|--------||--------|--------|  set
cpu-bind=MASK - n2lcn0153, task 102 38 [108821]: mask |--------|--------||--------|--------||--------|--------||--------|--------||||--------|----BB--||--------|--------||--------|--------||--------|--------|  set
cpu-bind=MASK - n2lcn0152, task 35 35 [109507]: mask |--------|--------||--------|--------||--------|--------||--------|--------||||------BB|--------||--------|--------||--------|--------||--------|--------|  set
cpu-bind=MASK - n2lcn0158, task 132  4 [2932599]: mask |--------|BB------||--------|--------||--------|--------||--------|--------||||--------|--------||--------|--------||--------|--------||--------|--------|  set
cpu-bind=MASK - n2lcn0164, task 227 35 [3664438]: mask |--------|--------||--------|--------||--------|--------||--------|--------||||------BB|--------||--------|--------||--------|--------||--------|--------|  set
cpu-bind=MASK - n2lcn0153, task 103 39 [108822]: mask |--------|--------||--------|--------||--------|--------||--------|--------||||--------|------BB||--------|--------||--------|--------||--------|--------|  set
cpu-bind=MASK - n2lcn0152, task 36 36 [109508]: mask |--------|--------||--------|--------||--------|--------||--------|--------||||--------|BB------||--------|--------||--------|--------||--------|--------|  set
cpu-bind=MASK - n2lcn0164, task 228 36 [3664439]: mask |--------|--------||--------|--------||--------|--------||--------|--------||||--------|BB------||--------|--------||--------|--------||--------|--------|  set
cpu-bind=MASK - n2lcn0158, task 133  5 [2932600]: mask |--------|--BB----||--------|--------||--------|--------||--------|--------||||--------|--------||--------|--------||--------|--------||--------|--------|  set
cpu-bind=MASK - n2lcn0153, task 104 40 [108823]: mask |--------|--------||--------|--------||--------|--------||--------|--------||||--------|--------||BB------|--------||--------|--------||--------|--------|  set
cpu-bind=MASK - n2lcn0152, task 37 37 [109509]: mask |--------|--------||--------|--------||--------|--------||--------|--------||||--------|--BB----||--------|--------||--------|--------||--------|--------|  set
cpu-bind=MASK - n2lcn0164, task 229 37 [3664440]: mask |--------|--------||--------|--------||--------|--------||--------|--------||||--------|--BB----||--------|--------||--------|--------||--------|--------|  set
cpu-bind=MASK - n2lcn0158, task 134  6 [2932601]: mask |--------|----BB--||--------|--------||--------|--------||--------|--------||||--------|--------||--------|--------||--------|--------||--------|--------|  set
cpu-bind=MASK - n2lcn0153, task 105 41 [108824]: mask |--------|--------||--------|--------||--------|--------||--------|--------||||--------|--------||--BB----|--------||--------|--------||--------|--------|  set
cpu-bind=MASK - n2lcn0152, task 38 38 [109510]: mask |--------|--------||--------|--------||--------|--------||--------|--------||||--------|----BB--||--------|--------||--------|--------||--------|--------|  set
cpu-bind=MASK - n2lcn0164, task 230 38 [3664441]: mask |--------|--------||--------|--------||--------|--------||--------|--------||||--------|----BB--||--------|--------||--------|--------||--------|--------|  set
cpu-bind=MASK - n2lcn0158, task 135  7 [2932602]: mask |--------|------BB||--------|--------||--------|--------||--------|--------||||--------|--------||--------|--------||--------|--------||--------|--------|  set
cpu-bind=MASK - n2lcn0153, task 106 42 [108825]: mask |--------|--------||--------|--------||--------|--------||--------|--------||||--------|--------||----BB--|--------||--------|--------||--------|--------|  set
cpu-bind=MASK - n2lcn0152, task 39 39 [109511]: mask |--------|--------||--------|--------||--------|--------||--------|--------||||--------|------BB||--------|--------||--------|--------||--------|--------|  set
cpu-bind=MASK - n2lcn0164, task 231 39 [3664442]: mask |--------|--------||--------|--------||--------|--------||--------|--------||||--------|------BB||--------|--------||--------|--------||--------|--------|  set
cpu-bind=MASK - n2lcn0153, task 107 43 [108826]: mask |--------|--------||--------|--------||--------|--------||--------|--------||||--------|--------||------BB|--------||--------|--------||--------|--------|  set
cpu-bind=MASK - n2lcn0158, task 136  8 [2932603]: mask |--------|--------||BB------|--------||--------|--------||--------|--------||||--------|--------||--------|--------||--------|--------||--------|--------|  set
cpu-bind=MASK - n2lcn0152, task 40 40 [109512]: mask |--------|--------||--------|--------||--------|--------||--------|--------||||--------|--------||BB------|--------||--------|--------||--------|--------|  set
cpu-bind=MASK - n2lcn0153, task 108 44 [108827]: mask |--------|--------||--------|--------||--------|--------||--------|--------||||--------|--------||--------|BB------||--------|--------||--------|--------|  set
cpu-bind=MASK - n2lcn0164, task 232 40 [3664443]: mask |--------|--------||--------|--------||--------|--------||--------|--------||||--------|--------||BB------|--------||--------|--------||--------|--------|  set
cpu-bind=MASK - n2lcn0158, task 137  9 [2932604]: mask |--------|--------||--BB----|--------||--------|--------||--------|--------||||--------|--------||--------|--------||--------|--------||--------|--------|  set
cpu-bind=MASK - n2lcn0152, task 41 41 [109513]: mask |--------|--------||--------|--------||--------|--------||--------|--------||||--------|--------||--BB----|--------||--------|--------||--------|--------|  set
cpu-bind=MASK - n2lcn0153, task 109 45 [108828]: mask |--------|--------||--------|--------||--------|--------||--------|--------||||--------|--------||--------|--BB----||--------|--------||--------|--------|  set
cpu-bind=MASK - n2lcn0164, task 233 41 [3664444]: mask |--------|--------||--------|--------||--------|--------||--------|--------||||--------|--------||--BB----|--------||--------|--------||--------|--------|  set
cpu-bind=MASK - n2lcn0158, task 138 10 [2932605]: mask |--------|--------||----BB--|--------||--------|--------||--------|--------||||--------|--------||--------|--------||--------|--------||--------|--------|  set
cpu-bind=MASK - n2lcn0152, task 42 42 [109514]: mask |--------|--------||--------|--------||--------|--------||--------|--------||||--------|--------||----BB--|--------||--------|--------||--------|--------|  set
cpu-bind=MASK - n2lcn0153, task 110 46 [108829]: mask |--------|--------||--------|--------||--------|--------||--------|--------||||--------|--------||--------|----BB--||--------|--------||--------|--------|  set
cpu-bind=MASK - n2lcn0164, task 234 42 [3664445]: mask |--------|--------||--------|--------||--------|--------||--------|--------||||--------|--------||----BB--|--------||--------|--------||--------|--------|  set
cpu-bind=MASK - n2lcn0158, task 139 11 [2932606]: mask |--------|--------||------BB|--------||--------|--------||--------|--------||||--------|--------||--------|--------||--------|--------||--------|--------|  set
cpu-bind=MASK - n2lcn0152, task 43 43 [109515]: mask |--------|--------||--------|--------||--------|--------||--------|--------||||--------|--------||------BB|--------||--------|--------||--------|--------|  set
cpu-bind=MASK - n2lcn0153, task 111 47 [108830]: mask |--------|--------||--------|--------||--------|--------||--------|--------||||--------|--------||--------|------BB||--------|--------||--------|--------|  set
cpu-bind=MASK - n2lcn0164, task 235 43 [3664446]: mask |--------|--------||--------|--------||--------|--------||--------|--------||||--------|--------||------BB|--------||--------|--------||--------|--------|  set
cpu-bind=MASK - n2lcn0152, task 44 44 [109516]: mask |--------|--------||--------|--------||--------|--------||--------|--------||||--------|--------||--------|BB------||--------|--------||--------|--------|  set
cpu-bind=MASK - n2lcn0158, task 140 12 [2932607]: mask |--------|--------||--------|BB------||--------|--------||--------|--------||||--------|--------||--------|--------||--------|--------||--------|--------|  set
cpu-bind=MASK - n2lcn0153, task 112 48 [108831]: mask |--------|--------||--------|--------||--------|--------||--------|--------||||--------|--------||--------|--------||BB------|--------||--------|--------|  set
cpu-bind=MASK - n2lcn0164, task 236 44 [3664447]: mask |--------|--------||--------|--------||--------|--------||--------|--------||||--------|--------||--------|BB------||--------|--------||--------|--------|  set
cpu-bind=MASK - n2lcn0152, task 45 45 [109517]: mask |--------|--------||--------|--------||--------|--------||--------|--------||||--------|--------||--------|--BB----||--------|--------||--------|--------|  set
cpu-bind=MASK - n2lcn0153, task 113 49 [108832]: mask |--------|--------||--------|--------||--------|--------||--------|--------||||--------|--------||--------|--------||--BB----|--------||--------|--------|  set
cpu-bind=MASK - n2lcn0158, task 141 13 [2932608]: mask |--------|--------||--------|--BB----||--------|--------||--------|--------||||--------|--------||--------|--------||--------|--------||--------|--------|  set
cpu-bind=MASK - n2lcn0164, task 237 45 [3664448]: mask |--------|--------||--------|--------||--------|--------||--------|--------||||--------|--------||--------|--BB----||--------|--------||--------|--------|  set
cpu-bind=MASK - n2lcn0152, task 46 46 [109518]: mask |--------|--------||--------|--------||--------|--------||--------|--------||||--------|--------||--------|----BB--||--------|--------||--------|--------|  set
cpu-bind=MASK - n2lcn0153, task 114 50 [108833]: mask |--------|--------||--------|--------||--------|--------||--------|--------||||--------|--------||--------|--------||----BB--|--------||--------|--------|  set
cpu-bind=MASK - n2lcn0158, task 142 14 [2932609]: mask |--------|--------||--------|----BB--||--------|--------||--------|--------||||--------|--------||--------|--------||--------|--------||--------|--------|  set
cpu-bind=MASK - n2lcn0164, task 238 46 [3664449]: mask |--------|--------||--------|--------||--------|--------||--------|--------||||--------|--------||--------|----BB--||--------|--------||--------|--------|  set
cpu-bind=MASK - n2lcn0152, task 47 47 [109519]: mask |--------|--------||--------|--------||--------|--------||--------|--------||||--------|--------||--------|------BB||--------|--------||--------|--------|  set
cpu-bind=MASK - n2lcn0158, task 143 15 [2932610]: mask |--------|--------||--------|------BB||--------|--------||--------|--------||||--------|--------||--------|--------||--------|--------||--------|--------|  set
cpu-bind=MASK - n2lcn0153, task 115 51 [108834]: mask |--------|--------||--------|--------||--------|--------||--------|--------||||--------|--------||--------|--------||------BB|--------||--------|--------|  set
cpu-bind=MASK - n2lcn0164, task 239 47 [3664450]: mask |--------|--------||--------|--------||--------|--------||--------|--------||||--------|--------||--------|------BB||--------|--------||--------|--------|  set
cpu-bind=MASK - n2lcn0152, task 48 48 [109520]: mask |--------|--------||--------|--------||--------|--------||--------|--------||||--------|--------||--------|--------||BB------|--------||--------|--------|  set
cpu-bind=MASK - n2lcn0153, task 116 52 [108835]: mask |--------|--------||--------|--------||--------|--------||--------|--------||||--------|--------||--------|--------||--------|BB------||--------|--------|  set
cpu-bind=MASK - n2lcn0158, task 144 16 [2932611]: mask |--------|--------||--------|--------||BB------|--------||--------|--------||||--------|--------||--------|--------||--------|--------||--------|--------|  set
cpu-bind=MASK - n2lcn0164, task 240 48 [3664451]: mask |--------|--------||--------|--------||--------|--------||--------|--------||||--------|--------||--------|--------||BB------|--------||--------|--------|  set
cpu-bind=MASK - n2lcn0152, task 49 49 [109521]: mask |--------|--------||--------|--------||--------|--------||--------|--------||||--------|--------||--------|--------||--BB----|--------||--------|--------|  set
cpu-bind=MASK - n2lcn0153, task 117 53 [108836]: mask |--------|--------||--------|--------||--------|--------||--------|--------||||--------|--------||--------|--------||--------|--BB----||--------|--------|  set
cpu-bind=MASK - n2lcn0158, task 145 17 [2932612]: mask |--------|--------||--------|--------||--BB----|--------||--------|--------||||--------|--------||--------|--------||--------|--------||--------|--------|  set
cpu-bind=MASK - n2lcn0164, task 241 49 [3664452]: mask |--------|--------||--------|--------||--------|--------||--------|--------||||--------|--------||--------|--------||--BB----|--------||--------|--------|  set
cpu-bind=MASK - n2lcn0153, task 118 54 [108837]: mask |--------|--------||--------|--------||--------|--------||--------|--------||||--------|--------||--------|--------||--------|----BB--||--------|--------|  set
cpu-bind=MASK - n2lcn0152, task 50 50 [109522]: mask |--------|--------||--------|--------||--------|--------||--------|--------||||--------|--------||--------|--------||----BB--|--------||--------|--------|  set
cpu-bind=MASK - n2lcn0158, task 146 18 [2932613]: mask |--------|--------||--------|--------||----BB--|--------||--------|--------||||--------|--------||--------|--------||--------|--------||--------|--------|  set
cpu-bind=MASK - n2lcn0164, task 242 50 [3664453]: mask |--------|--------||--------|--------||--------|--------||--------|--------||||--------|--------||--------|--------||----BB--|--------||--------|--------|  set
cpu-bind=MASK - n2lcn0152, task 51 51 [109523]: mask |--------|--------||--------|--------||--------|--------||--------|--------||||--------|--------||--------|--------||------BB|--------||--------|--------|  set
cpu-bind=MASK - n2lcn0153, task 119 55 [108838]: mask |--------|--------||--------|--------||--------|--------||--------|--------||||--------|--------||--------|--------||--------|------BB||--------|--------|  set
cpu-bind=MASK - n2lcn0158, task 147 19 [2932614]: mask |--------|--------||--------|--------||------BB|--------||--------|--------||||--------|--------||--------|--------||--------|--------||--------|--------|  set
cpu-bind=MASK - n2lcn0164, task 243 51 [3664454]: mask |--------|--------||--------|--------||--------|--------||--------|--------||||--------|--------||--------|--------||------BB|--------||--------|--------|  set
cpu-bind=MASK - n2lcn0153, task 120 56 [108839]: mask |--------|--------||--------|--------||--------|--------||--------|--------||||--------|--------||--------|--------||--------|--------||BB------|--------|  set
cpu-bind=MASK - n2lcn0152, task 52 52 [109524]: mask |--------|--------||--------|--------||--------|--------||--------|--------||||--------|--------||--------|--------||--------|BB------||--------|--------|  set
cpu-bind=MASK - n2lcn0158, task 148 20 [2932615]: mask |--------|--------||--------|--------||--------|BB------||--------|--------||||--------|--------||--------|--------||--------|--------||--------|--------|  set
cpu-bind=MASK - n2lcn0164, task 244 52 [3664455]: mask |--------|--------||--------|--------||--------|--------||--------|--------||||--------|--------||--------|--------||--------|BB------||--------|--------|  set
cpu-bind=MASK - n2lcn0152, task 53 53 [109525]: mask |--------|--------||--------|--------||--------|--------||--------|--------||||--------|--------||--------|--------||--------|--BB----||--------|--------|  set
cpu-bind=MASK - n2lcn0153, task 121 57 [108840]: mask |--------|--------||--------|--------||--------|--------||--------|--------||||--------|--------||--------|--------||--------|--------||--BB----|--------|  set
cpu-bind=MASK - n2lcn0164, task 245 53 [3664456]: mask |--------|--------||--------|--------||--------|--------||--------|--------||||--------|--------||--------|--------||--------|--BB----||--------|--------|  set
cpu-bind=MASK - n2lcn0152, task 54 54 [109526]: mask |--------|--------||--------|--------||--------|--------||--------|--------||||--------|--------||--------|--------||--------|----BB--||--------|--------|  set
cpu-bind=MASK - n2lcn0153, task 122 58 [108841]: mask |--------|--------||--------|--------||--------|--------||--------|--------||||--------|--------||--------|--------||--------|--------||----BB--|--------|  set
cpu-bind=MASK - n2lcn0158, task 149 21 [2932616]: mask |--------|--------||--------|--------||--------|--BB----||--------|--------||||--------|--------||--------|--------||--------|--------||--------|--------|  set
cpu-bind=MASK - n2lcn0164, task 246 54 [3664457]: mask |--------|--------||--------|--------||--------|--------||--------|--------||||--------|--------||--------|--------||--------|----BB--||--------|--------|  set
cpu-bind=MASK - n2lcn0152, task 55 55 [109527]: mask |--------|--------||--------|--------||--------|--------||--------|--------||||--------|--------||--------|--------||--------|------BB||--------|--------|  set
cpu-bind=MASK - n2lcn0153, task 123 59 [108842]: mask |--------|--------||--------|--------||--------|--------||--------|--------||||--------|--------||--------|--------||--------|--------||------BB|--------|  set
cpu-bind=MASK - n2lcn0158, task 150 22 [2932617]: mask |--------|--------||--------|--------||--------|----BB--||--------|--------||||--------|--------||--------|--------||--------|--------||--------|--------|  set
cpu-bind=MASK - n2lcn0164, task 247 55 [3664458]: mask |--------|--------||--------|--------||--------|--------||--------|--------||||--------|--------||--------|--------||--------|------BB||--------|--------|  set
cpu-bind=MASK - n2lcn0152, task 56 56 [109528]: mask |--------|--------||--------|--------||--------|--------||--------|--------||||--------|--------||--------|--------||--------|--------||BB------|--------|  set
cpu-bind=MASK - n2lcn0153, task 124 60 [108843]: mask |--------|--------||--------|--------||--------|--------||--------|--------||||--------|--------||--------|--------||--------|--------||--------|BB------|  set
cpu-bind=MASK - n2lcn0158, task 151 23 [2932618]: mask |--------|--------||--------|--------||--------|------BB||--------|--------||||--------|--------||--------|--------||--------|--------||--------|--------|  set
cpu-bind=MASK - n2lcn0164, task 248 56 [3664459]: mask |--------|--------||--------|--------||--------|--------||--------|--------||||--------|--------||--------|--------||--------|--------||BB------|--------|  set
cpu-bind=MASK - n2lcn0152, task 57 57 [109529]: mask |--------|--------||--------|--------||--------|--------||--------|--------||||--------|--------||--------|--------||--------|--------||--BB----|--------|  set
cpu-bind=MASK - n2lcn0153, task 125 61 [108844]: mask |--------|--------||--------|--------||--------|--------||--------|--------||||--------|--------||--------|--------||--------|--------||--------|--BB----|  set
cpu-bind=MASK - n2lcn0158, task 152 24 [2932619]: mask |--------|--------||--------|--------||--------|--------||BB------|--------||||--------|--------||--------|--------||--------|--------||--------|--------|  set
cpu-bind=MASK - n2lcn0164, task 249 57 [3664460]: mask |--------|--------||--------|--------||--------|--------||--------|--------||||--------|--------||--------|--------||--------|--------||--BB----|--------|  set
cpu-bind=MASK - n2lcn0152, task 58 58 [109530]: mask |--------|--------||--------|--------||--------|--------||--------|--------||||--------|--------||--------|--------||--------|--------||----BB--|--------|  set
cpu-bind=MASK - n2lcn0153, task 126 62 [108845]: mask |--------|--------||--------|--------||--------|--------||--------|--------||||--------|--------||--------|--------||--------|--------||--------|----BB--|  set
cpu-bind=MASK - n2lcn0158, task 153 25 [2932620]: mask |--------|--------||--------|--------||--------|--------||--BB----|--------||||--------|--------||--------|--------||--------|--------||--------|--------|  set
cpu-bind=MASK - n2lcn0152, task 59 59 [109531]: mask |--------|--------||--------|--------||--------|--------||--------|--------||||--------|--------||--------|--------||--------|--------||------BB|--------|  set
cpu-bind=MASK - n2lcn0164, task 250 58 [3664461]: mask |--------|--------||--------|--------||--------|--------||--------|--------||||--------|--------||--------|--------||--------|--------||----BB--|--------|  set
cpu-bind=MASK - n2lcn0158, task 154 26 [2932621]: mask |--------|--------||--------|--------||--------|--------||----BB--|--------||||--------|--------||--------|--------||--------|--------||--------|--------|  set
cpu-bind=MASK - n2lcn0164, task 251 59 [3664462]: mask |--------|--------||--------|--------||--------|--------||--------|--------||||--------|--------||--------|--------||--------|--------||------BB|--------|  set
cpu-bind=MASK - n2lcn0152, task 60 60 [109532]: mask |--------|--------||--------|--------||--------|--------||--------|--------||||--------|--------||--------|--------||--------|--------||--------|BB------|  set
cpu-bind=MASK - n2lcn0158, task 155 27 [2932622]: mask |--------|--------||--------|--------||--------|--------||------BB|--------||||--------|--------||--------|--------||--------|--------||--------|--------|  set
cpu-bind=MASK - n2lcn0164, task 252 60 [3664463]: mask |--------|--------||--------|--------||--------|--------||--------|--------||||--------|--------||--------|--------||--------|--------||--------|BB------|  set
cpu-bind=MASK - n2lcn0152, task 61 61 [109533]: mask |--------|--------||--------|--------||--------|--------||--------|--------||||--------|--------||--------|--------||--------|--------||--------|--BB----|  set
cpu-bind=MASK - n2lcn0158, task 156 28 [2932623]: mask |--------|--------||--------|--------||--------|--------||--------|BB------||||--------|--------||--------|--------||--------|--------||--------|--------|  set
cpu-bind=MASK - n2lcn0152, task 62 62 [109534]: mask |--------|--------||--------|--------||--------|--------||--------|--------||||--------|--------||--------|--------||--------|--------||--------|----BB--|  set
cpu-bind=MASK - n2lcn0164, task 253 61 [3664464]: mask |--------|--------||--------|--------||--------|--------||--------|--------||||--------|--------||--------|--------||--------|--------||--------|--BB----|  set
cpu-bind=MASK - n2lcn0164, task 254 62 [3664465]: mask |--------|--------||--------|--------||--------|--------||--------|--------||||--------|--------||--------|--------||--------|--------||--------|----BB--|  set
cpu-bind=MASK - n2lcn0158, task 157 29 [2932624]: mask |--------|--------||--------|--------||--------|--------||--------|--BB----||||--------|--------||--------|--------||--------|--------||--------|--------|  set
cpu-bind=MASK - n2lcn0158, task 158 30 [2932625]: mask |--------|--------||--------|--------||--------|--------||--------|----BB--||||--------|--------||--------|--------||--------|--------||--------|--------|  set
cpu-bind=MASK - n2lcn0158, task 159 31 [2932626]: mask |--------|--------||--------|--------||--------|--------||--------|------BB||||--------|--------||--------|--------||--------|--------||--------|--------|  set
cpu-bind=MASK - n2lcn0158, task 160 32 [2932627]: mask |--------|--------||--------|--------||--------|--------||--------|--------||||BB------|--------||--------|--------||--------|--------||--------|--------|  set
cpu-bind=MASK - n2lcn0158, task 161 33 [2932628]: mask |--------|--------||--------|--------||--------|--------||--------|--------||||--BB----|--------||--------|--------||--------|--------||--------|--------|  set
cpu-bind=MASK - n2lcn0158, task 162 34 [2932629]: mask |--------|--------||--------|--------||--------|--------||--------|--------||||----BB--|--------||--------|--------||--------|--------||--------|--------|  set
cpu-bind=MASK - n2lcn0158, task 163 35 [2932630]: mask |--------|--------||--------|--------||--------|--------||--------|--------||||------BB|--------||--------|--------||--------|--------||--------|--------|  set
cpu-bind=MASK - n2lcn0158, task 164 36 [2932631]: mask |--------|--------||--------|--------||--------|--------||--------|--------||||--------|BB------||--------|--------||--------|--------||--------|--------|  set
cpu-bind=MASK - n2lcn0158, task 165 37 [2932632]: mask |--------|--------||--------|--------||--------|--------||--------|--------||||--------|--BB----||--------|--------||--------|--------||--------|--------|  set
cpu-bind=MASK - n2lcn0158, task 166 38 [2932633]: mask |--------|--------||--------|--------||--------|--------||--------|--------||||--------|----BB--||--------|--------||--------|--------||--------|--------|  set
cpu-bind=MASK - n2lcn0158, task 167 39 [2932634]: mask |--------|--------||--------|--------||--------|--------||--------|--------||||--------|------BB||--------|--------||--------|--------||--------|--------|  set
cpu-bind=MASK - n2lcn0158, task 168 40 [2932635]: mask |--------|--------||--------|--------||--------|--------||--------|--------||||--------|--------||BB------|--------||--------|--------||--------|--------|  set
cpu-bind=MASK - n2lcn0153, task 127 63 [108846]: mask |--------|--------||--------|--------||--------|--------||--------|--------||||--------|--------||--------|--------||--------|--------||--------|------BB|  set
cpu-bind=MASK - n2lcn0158, task 169 41 [2932636]: mask |--------|--------||--------|--------||--------|--------||--------|--------||||--------|--------||--BB----|--------||--------|--------||--------|--------|  set
cpu-bind=MASK - n2lcn0158, task 170 42 [2932637]: mask |--------|--------||--------|--------||--------|--------||--------|--------||||--------|--------||----BB--|--------||--------|--------||--------|--------|  set
cpu-bind=MASK - n2lcn0158, task 171 43 [2932638]: mask |--------|--------||--------|--------||--------|--------||--------|--------||||--------|--------||------BB|--------||--------|--------||--------|--------|  set
cpu-bind=MASK - n2lcn0152, task 63 63 [109535]: mask |--------|--------||--------|--------||--------|--------||--------|--------||||--------|--------||--------|--------||--------|--------||--------|------BB|  set
cpu-bind=MASK - n2lcn0158, task 172 44 [2932639]: mask |--------|--------||--------|--------||--------|--------||--------|--------||||--------|--------||--------|BB------||--------|--------||--------|--------|  set
cpu-bind=MASK - n2lcn0164, task 255 63 [3664466]: mask |--------|--------||--------|--------||--------|--------||--------|--------||||--------|--------||--------|--------||--------|--------||--------|------BB|  set
cpu-bind=MASK - n2lcn0158, task 173 45 [2932640]: mask |--------|--------||--------|--------||--------|--------||--------|--------||||--------|--------||--------|--BB----||--------|--------||--------|--------|  set
cpu-bind=MASK - n2lcn0158, task 174 46 [2932641]: mask |--------|--------||--------|--------||--------|--------||--------|--------||||--------|--------||--------|----BB--||--------|--------||--------|--------|  set
cpu-bind=MASK - n2lcn0158, task 175 47 [2932642]: mask |--------|--------||--------|--------||--------|--------||--------|--------||||--------|--------||--------|------BB||--------|--------||--------|--------|  set
cpu-bind=MASK - n2lcn0158, task 176 48 [2932643]: mask |--------|--------||--------|--------||--------|--------||--------|--------||||--------|--------||--------|--------||BB------|--------||--------|--------|  set
cpu-bind=MASK - n2lcn0158, task 177 49 [2932644]: mask |--------|--------||--------|--------||--------|--------||--------|--------||||--------|--------||--------|--------||--BB----|--------||--------|--------|  set
cpu-bind=MASK - n2lcn0158, task 178 50 [2932645]: mask |--------|--------||--------|--------||--------|--------||--------|--------||||--------|--------||--------|--------||----BB--|--------||--------|--------|  set
cpu-bind=MASK - n2lcn0158, task 179 51 [2932646]: mask |--------|--------||--------|--------||--------|--------||--------|--------||||--------|--------||--------|--------||------BB|--------||--------|--------|  set
cpu-bind=MASK - n2lcn0158, task 180 52 [2932647]: mask |--------|--------||--------|--------||--------|--------||--------|--------||||--------|--------||--------|--------||--------|BB------||--------|--------|  set
cpu-bind=MASK - n2lcn0158, task 181 53 [2932648]: mask |--------|--------||--------|--------||--------|--------||--------|--------||||--------|--------||--------|--------||--------|--BB----||--------|--------|  set
cpu-bind=MASK - n2lcn0158, task 182 54 [2932649]: mask |--------|--------||--------|--------||--------|--------||--------|--------||||--------|--------||--------|--------||--------|----BB--||--------|--------|  set
cpu-bind=MASK - n2lcn0158, task 183 55 [2932650]: mask |--------|--------||--------|--------||--------|--------||--------|--------||||--------|--------||--------|--------||--------|------BB||--------|--------|  set
cpu-bind=MASK - n2lcn0158, task 184 56 [2932651]: mask |--------|--------||--------|--------||--------|--------||--------|--------||||--------|--------||--------|--------||--------|--------||BB------|--------|  set
cpu-bind=MASK - n2lcn0158, task 185 57 [2932652]: mask |--------|--------||--------|--------||--------|--------||--------|--------||||--------|--------||--------|--------||--------|--------||--BB----|--------|  set
cpu-bind=MASK - n2lcn0158, task 186 58 [2932653]: mask |--------|--------||--------|--------||--------|--------||--------|--------||||--------|--------||--------|--------||--------|--------||----BB--|--------|  set
cpu-bind=MASK - n2lcn0158, task 187 59 [2932654]: mask |--------|--------||--------|--------||--------|--------||--------|--------||||--------|--------||--------|--------||--------|--------||------BB|--------|  set
cpu-bind=MASK - n2lcn0158, task 188 60 [2932655]: mask |--------|--------||--------|--------||--------|--------||--------|--------||||--------|--------||--------|--------||--------|--------||--------|BB------|  set
cpu-bind=MASK - n2lcn0158, task 189 61 [2932656]: mask |--------|--------||--------|--------||--------|--------||--------|--------||||--------|--------||--------|--------||--------|--------||--------|--BB----|  set
cpu-bind=MASK - n2lcn0158, task 190 62 [2932657]: mask |--------|--------||--------|--------||--------|--------||--------|--------||||--------|--------||--------|--------||--------|--------||--------|----BB--|  set
cpu-bind=MASK - n2lcn0158, task 191 63 [2932658]: mask |--------|--------||--------|--------||--------|--------||--------|--------||||--------|--------||--------|--------||--------|--------||--------|------BB|  set
