Energy-E_F (eV)    DOS (1/eV)    PDOS (1/eV)  of atom type B  N  
     -7.93371      0.73215      0.29146      0.44069
     -7.92371      0.64466      0.25629      0.38837
     -7.91371      0.67167      0.26479      0.40688
     -7.90371      0.71322      0.27779      0.43543
     -7.89371      0.68624      0.26482      0.42142
     -7.88371      0.64166      0.24865      0.39301
     -7.87371      0.55788      0.21755      0.34033
     -7.86371      0.53417      0.20787      0.32630
     -7.85371      0.52714      0.20736      0.31978
     -7.84371      0.43427      0.16919      0.26509
     -7.83371      0.37807      0.14192      0.23615
     -7.82371      0.41944      0.15665      0.26279
     -7.81371      0.55389      0.21240      0.34149
     -7.80371      0.60775      0.23601      0.37174
     -7.79371      0.58591      0.22942      0.35649
     -7.78371      0.65232      0.25813      0.39419
     -7.77371      0.70175      0.27671      0.42504
     -7.76371      0.67938      0.26359      0.41579
     -7.75371      0.66889      0.26008      0.40881
     -7.74371      0.73146      0.29163      0.43983
     -7.73371      0.84321      0.33467      0.50854
     -7.72371      0.80233      0.30697      0.49536
     -7.71371      0.58208      0.21406      0.36802
     -7.70371      0.33365      0.11983      0.21382
     -7.69371      0.23203      0.08360      0.14843
     -7.68371      0.32169      0.11943      0.20226
     -7.67371      0.45726      0.17212      0.28514
     -7.66371      0.48262      0.18124      0.30137
     -7.65371      0.57567      0.22021      0.35546
     -7.64371      0.68306      0.27054      0.41252
     -7.63371      0.69936      0.28001      0.41935
     -7.62371      0.54321      0.21594      0.32727
     -7.61371      0.38929      0.15259      0.23670
     -7.60371      0.43003      0.16332      0.26671
     -7.59371      0.50384      0.18505      0.31878
     -7.58371      0.57525      0.20964      0.36560
     -7.57371      0.60157      0.22160      0.37997
     -7.56371      0.63458      0.23994      0.39464
     -7.55371      0.73041      0.28412      0.44629
     -7.54371      0.74504      0.29402      0.45102
     -7.53371      0.80292      0.31171      0.49122
     -7.52371      0.78903      0.30014      0.48889
     -7.51371      0.52341      0.19709      0.32632
     -7.50371      0.41873      0.16034      0.25838
     -7.49371      0.49041      0.19007      0.30034
     -7.48371      0.48752      0.18843      0.29910
     -7.47371      0.64672      0.25331      0.39340
     -7.46371      0.95700      0.37664      0.58037
     -7.45371      1.05230      0.40811      0.64419
     -7.44371      0.77449      0.29557      0.47892
     -7.43371      0.50116      0.18864      0.31252
     -7.42371      0.48166      0.18240      0.29926
     -7.41371      0.62019      0.23562      0.38457
     -7.40371      0.57514      0.21883      0.35631
     -7.39371      0.47736      0.18318      0.29418
     -7.38371      0.45963      0.17442      0.28521
     -7.37371      0.53150      0.20127      0.33022
     -7.36371      0.65717      0.25196      0.40521
     -7.35371      0.63936      0.24210      0.39726
     -7.34371      0.55026      0.20876      0.34150
     -7.33371      0.53740      0.21105      0.32635
     -7.32371      0.59381      0.23170      0.36211
     -7.31371      0.69880      0.26644      0.43236
     -7.30371      0.68742      0.25925      0.42817
     -7.29371      0.65989      0.24497      0.41492
     -7.28371      0.55130      0.20077      0.35053
     -7.27371      0.42488      0.15283      0.27205
     -7.26371      0.45508      0.16672      0.28836
     -7.25371      0.55476      0.20856      0.34620
     -7.24371      0.62884      0.24314      0.38570
     -7.23371      0.53782      0.20875      0.32906
     -7.22371      0.37190      0.13746      0.23444
     -7.21371      0.30170      0.10556      0.19614
     -7.20371      0.34999      0.12356      0.22644
     -7.19371      0.54338      0.20093      0.34245
     -7.18371      0.73637      0.28332      0.45306
     -7.17371      0.72650      0.28413      0.44237
     -7.16371      0.64272      0.24649      0.39623
     -7.15371      0.76630      0.28841      0.47789
     -7.14371      0.91375      0.35276      0.56099
     -7.13371      0.91336      0.36599      0.54737
     -7.12371      0.93315      0.37421      0.55893
     -7.11371      0.89464      0.34327      0.55137
     -7.10371      0.75793      0.27488      0.48306
     -7.09371      0.66097      0.23586      0.42512
     -7.08371      0.64156      0.23150      0.41006
     -7.07371      0.56459      0.20583      0.35876
     -7.06371      0.38051      0.13886      0.24166
     -7.05371      0.28500      0.10327      0.18173
     -7.04371      0.44388      0.16509      0.27879
     -7.03371      0.52461      0.20097      0.32364
     -7.02371      0.38988      0.14929      0.24058
     -7.01371      0.44533      0.16356      0.28178
     -7.00371      0.74438      0.27680      0.46758
     -6.99371      0.89134      0.33718      0.55416
     -6.98371      0.74000      0.27559      0.46441
     -6.97371      0.58781      0.21650      0.37132
     -6.96371      0.64028      0.24491      0.39537
     -6.95371      0.51179      0.20218      0.30961
     -6.94371      0.33241      0.13154      0.20087
     -6.93371      0.41722      0.15990      0.25732
     -6.92371      0.65537      0.24654      0.40883
     -6.91371      0.88920      0.33457      0.55462
     -6.90371      0.84243      0.31496      0.52747
     -6.89371      0.60128      0.22154      0.37974
     -6.88371      0.62833      0.23587      0.39246
     -6.87371      0.75527      0.28438      0.47089
     -6.86371      0.71086      0.26448      0.44638
     -6.85371      0.53463      0.19863      0.33600
     -6.84371      0.45573      0.16510      0.29064
     -6.83371      0.41663      0.14967      0.26695
     -6.82371      0.39896      0.15044      0.24852
     -6.81371      0.75128      0.28874      0.46254
     -6.80371      1.10839      0.42090      0.68749
     -6.79371      0.98145      0.37115      0.61030
     -6.78371      0.70686      0.26650      0.44036
     -6.77371      0.53980      0.20080      0.33900
     -6.76371      0.40540      0.14743      0.25796
     -6.75371      0.40018      0.14544      0.25474
     -6.74371      0.70701      0.26414      0.44287
     -6.73371      0.96539      0.36720      0.59819
     -6.72371      0.80747      0.30916      0.49831
     -6.71371      0.52627      0.19754      0.32872
     -6.70371      0.37915      0.14170      0.23745
     -6.69371      0.41498      0.15569      0.25929
     -6.68371      0.56670      0.20389      0.36281
     -6.67371      0.76007      0.26722      0.49285
     -6.66371      0.80226      0.28393      0.51833
     -6.65371      0.63875      0.22914      0.40960
     -6.64371      0.56234      0.20934      0.35300
     -6.63371      0.75974      0.29441      0.46533
     -6.62371      0.76611      0.29946      0.46665
     -6.61371      0.59856      0.22879      0.36977
     -6.60371      0.53591      0.19805      0.33786
     -6.59371      0.62131      0.22748      0.39382
     -6.58371      0.86865      0.31938      0.54927
     -6.57371      0.85982      0.31535      0.54447
     -6.56371      0.50421      0.18244      0.32177
     -6.55371      0.27418      0.09545      0.17874
     -6.54371      0.32207      0.11275      0.20932
     -6.53371      0.61432      0.22332      0.39101
     -6.52371      0.72308      0.27156      0.45152
     -6.51371      0.46072      0.17907      0.28165
     -6.50371      0.21326      0.08271      0.13056
     -6.49371      0.28183      0.10315      0.17868
     -6.48371      0.59622      0.22262      0.37360
     -6.47371      0.85194      0.32152      0.53042
     -6.46371      0.99411      0.37642      0.61769
     -6.45371      1.16033      0.44177      0.71855
     -6.44371      1.22903      0.46418      0.76485
     -6.43371      1.17263      0.43246      0.74018
     -6.42371      0.83312      0.30059      0.53252
     -6.41371      0.50629      0.17932      0.32697
     -6.40371      0.47816      0.16898      0.30918
     -6.39371      0.68132      0.24641      0.43491
     -6.38371      0.87079      0.32342      0.54737
     -6.37371      0.82337      0.30459      0.51878
     -6.36371      0.56921      0.20974      0.35947
     -6.35371      0.34454      0.13171      0.21284
     -6.34371      0.36503      0.14023      0.22480
     -6.33371      0.56214      0.21301      0.34912
     -6.32371      0.68954      0.26014      0.42940
     -6.31371      0.76194      0.28316      0.47878
     -6.30371      0.85732      0.31223      0.54509
     -6.29371      0.93893      0.33751      0.60142
     -6.28371      0.74559      0.26707      0.47852
     -6.27371      0.48199      0.17857      0.30342
     -6.26371      0.55488      0.21000      0.34488
     -6.25371      0.74281      0.27359      0.46921
     -6.24371      0.81968      0.29688      0.52279
     -6.23371      0.62893      0.22863      0.40030
     -6.22371      0.30922      0.11348      0.19573
     -6.21371      0.15718      0.06088      0.09631
     -6.20371      0.29051      0.11300      0.17750
     -6.19371      0.58337      0.21597      0.36740
     -6.18371      0.80753      0.29170      0.51583
     -6.17371      0.92003      0.33080      0.58924
     -6.16371      0.97473      0.34889      0.62584
     -6.15371      1.05762      0.38408      0.67354
     -6.14371      1.16029      0.43142      0.72886
     -6.13371      1.01210      0.37443      0.63767
     -6.12371      0.73563      0.26857      0.46706
     -6.11371      0.52535      0.19565      0.32970
     -6.10371      0.46904      0.17303      0.29601
     -6.09371      0.60303      0.22273      0.38030
     -6.08371      0.77163      0.29039      0.48124
     -6.07371      0.83058      0.30950      0.52108
     -6.06371      0.81576      0.29590      0.51986
     -6.05371      0.76542      0.27939      0.48603
     -6.04371      0.78065      0.29073      0.48992
     -6.03371      0.85993      0.31730      0.54263
     -6.02371      0.80857      0.29240      0.51618
     -6.01371      0.52673      0.18852      0.33821
     -6.00371      0.51363      0.18412      0.32951
     -5.99371      0.67584      0.24235      0.43349
     -5.98371      0.72862      0.26285      0.46576
     -5.97371      0.65154      0.23566      0.41588
     -5.96371      0.60822      0.22286      0.38536
     -5.95371      0.74026      0.27637      0.46389
     -5.94371      0.84115      0.31060      0.53055
     -5.93371      0.76529      0.27765      0.48764
     -5.92371      0.68590      0.24780      0.43810
     -5.91371      0.74374      0.27485      0.46890
     -5.90371      0.83552      0.31508      0.52044
     -5.89371      0.70981      0.26667      0.44313
     -5.88371      0.67345      0.24556      0.42789
     -5.87371      0.89614      0.32061      0.57553
     -5.86371      0.95211      0.33355      0.61856
     -5.85371      0.96621      0.34462      0.62159
     -5.84371      1.09244      0.40291      0.68953
     -5.83371      0.99376      0.36912      0.62463
     -5.82371      0.94403      0.35047      0.59356
     -5.81371      1.11979      0.41435      0.70544
     -5.80371      0.89751      0.33095      0.56656
     -5.79371      0.52288      0.18810      0.33478
     -5.78371      0.55755      0.20144      0.35611
     -5.77371      0.90019      0.33374      0.56645
     -5.76371      1.02435      0.37919      0.64516
     -5.75371      0.88984      0.32274      0.56709
     -5.74371      0.83675      0.29988      0.53687
     -5.73371      0.96012      0.34546      0.61466
     -5.72371      1.09866      0.39471      0.70395
     -5.71371      1.10135      0.39663      0.70473
     -5.70371      0.90860      0.32928      0.57932
     -5.69371      0.72706      0.26101      0.46605
     -5.68371      0.92302      0.33522      0.58780
     -5.67371      1.28673      0.47947      0.80726
     -5.66371      1.09873      0.41504      0.68369
     -5.65371      0.74681      0.27733      0.46948
     -5.64371      0.94480      0.34027      0.60453
     -5.63371      1.18922      0.42863      0.76059
     -5.62371      1.19770      0.43453      0.76316
     -5.61371      1.22785      0.44449      0.78336
     -5.60371      1.16827      0.42683      0.74145
     -5.59371      0.78561      0.28925      0.49637
     -5.58371      0.46381      0.16218      0.30163
     -5.57371      0.53831      0.17986      0.35845
     -5.56371      0.86311      0.30495      0.55817
     -5.55371      1.23140      0.45281      0.77860
     -5.54371      1.22875      0.45626      0.77249
     -5.53371      0.92461      0.33823      0.58638
     -5.52371      0.70962      0.25023      0.45939
     -5.51371      0.68988      0.23401      0.45587
     -5.50371      0.61379      0.20685      0.40694
     -5.49371      0.45364      0.15987      0.29376
     -5.48371      0.62141      0.23022      0.39118
     -5.47371      1.00203      0.37306      0.62897
     -5.46371      0.99493      0.36727      0.62765
     -5.45371      0.81001      0.29600      0.51401
     -5.44371      0.88169      0.32497      0.55673
     -5.43371      0.98483      0.36142      0.62341
     -5.42371      0.82721      0.30005      0.52716
     -5.41371      0.59912      0.21318      0.38594
     -5.40371      0.56794      0.19847      0.36947
     -5.39371      0.67301      0.23183      0.44118
     -5.38371      0.71335      0.24424      0.46911
     -5.37371      0.67569      0.24144      0.43425
     -5.36371      0.76876      0.28647      0.48228
     -5.35371      0.87954      0.32735      0.55220
     -5.34371      0.69358      0.25253      0.44106
     -5.33371      0.55579      0.19300      0.36279
     -5.32371      0.68461      0.24236      0.44225
     -5.31371      0.77392      0.28670      0.48722
     -5.30371      0.72003      0.27310      0.44693
     -5.29371      0.67205      0.25570      0.41635
     -5.28371      0.61845      0.23443      0.38402
     -5.27371      0.76751      0.28558      0.48193
     -5.26371      0.78671      0.28273      0.50398
     -5.25371      0.67022      0.22580      0.44443
     -5.24371      0.84618      0.28092      0.56526
     -5.23371      0.99782      0.34623      0.65159
     -5.22371      0.86958      0.31253      0.55705
     -5.21371      0.66806      0.23933      0.42873
     -5.20371      0.62378      0.21760      0.40618
     -5.19371      0.59506      0.21035      0.38471
     -5.18371      0.53982      0.19062      0.34920
     -5.17371      0.48368      0.16800      0.31568
     -5.16371      0.58861      0.21222      0.37639
     -5.15371      0.89840      0.32654      0.57186
     -5.14371      1.08022      0.38697      0.69325
     -5.13371      0.84534      0.30089      0.54445
     -5.12371      0.39821      0.13960      0.25862
     -5.11371      0.21217      0.07177      0.14040
     -5.10371      0.32331      0.11465      0.20866
     -5.09371      0.39606      0.14767      0.24839
     -5.08371      0.44928      0.16456      0.28472
     -5.07371      0.81122      0.28657      0.52465
     -5.06371      1.06967      0.37417      0.69550
     -5.05371      0.93615      0.32799      0.60815
     -5.04371      0.61697      0.21877      0.39820
     -5.03371      0.33993      0.11993      0.22000
     -5.02371      0.40396      0.13980      0.26416
     -5.01371      0.76903      0.27237      0.49666
     -5.00371      1.00409      0.36410      0.63999
     -4.99371      0.80831      0.29989      0.50842
     -4.98371      0.58785      0.21949      0.36835
     -4.97371      0.54539      0.19829      0.34710
     -4.96371      0.55317      0.19155      0.36162
     -4.95371      0.57392      0.19317      0.38074
     -4.94371      0.63112      0.22002      0.41110
     -4.93371      0.53705      0.19601      0.34104
     -4.92371      0.35588      0.13565      0.22023
     -4.91371      0.30722      0.11770      0.18952
     -4.90371      0.45581      0.16495      0.29086
     -4.89371      0.73846      0.25712      0.48134
     -4.88371      0.88935      0.30212      0.58723
     -4.87371      0.87545      0.29131      0.58414
     -4.86371      0.72744      0.23619      0.49125
     -4.85371      0.53263      0.16922      0.36342
     -4.84371      0.44813      0.14698      0.30115
     -4.83371      0.52539      0.18287      0.34252
     -4.82371      0.63943      0.23291      0.40652
     -4.81371      0.84551      0.31369      0.53183
     -4.80371      1.00413      0.36712      0.63702
     -4.79371      0.77896      0.28083      0.49813
     -4.78371      0.50785      0.18359      0.32426
     -4.77371      0.45373      0.16376      0.28997
     -4.76371      0.60048      0.21799      0.38249
     -4.75371      0.71174      0.26094      0.45080
     -4.74371      0.54461      0.19491      0.34969
     -4.73371      0.42017      0.14395      0.27622
     -4.72371      0.57221      0.19682      0.37539
     -4.71371      0.63712      0.21684      0.42028
     -4.70371      0.51971      0.17785      0.34187
     -4.69371      0.45379      0.15833      0.29545
     -4.68371      0.43423      0.15080      0.28343
     -4.67371      0.47468      0.16495      0.30973
     -4.66371      0.57508      0.19572      0.37937
     -4.65371      0.65441      0.22487      0.42954
     -4.64371      0.70582      0.24518      0.46065
     -4.63371      0.55976      0.19130      0.36845
     -4.62371      0.32747      0.11386      0.21362
     -4.61371      0.47324      0.17219      0.30105
     -4.60371      0.76248      0.27232      0.49016
     -4.59371      0.72230      0.25746      0.46484
     -4.58371      0.66916      0.24914      0.42002
     -4.57371      0.74750      0.28039      0.46711
     -4.56371      0.65931      0.23715      0.42216
     -4.55371      0.47783      0.15707      0.32076
     -4.54371      0.41442      0.12829      0.28612
     -4.53371      0.50769      0.16019      0.34750
     -4.52371      0.51680      0.16440      0.35240
     -4.51371      0.35473      0.11040      0.24433
     -4.50371      0.27844      0.08817      0.19026
     -4.49371      0.46100      0.15934      0.30166
     -4.48371      0.70979      0.25657      0.45322
     -4.47371      0.77364      0.27891      0.49473
     -4.46371      0.83007      0.28714      0.54293
     -4.45371      0.84950      0.28829      0.56120
     -4.44371      0.72407      0.24521      0.47886
     -4.43371      0.65607      0.22321      0.43287
     -4.42371      0.53911      0.18767      0.35144
     -4.41371      0.28100      0.10021      0.18079
     -4.40371      0.25887      0.08796      0.17091
     -4.39371      0.45254      0.15039      0.30214
     -4.38371      0.52092      0.17811      0.34281
     -4.37371      0.47949      0.17409      0.30541
     -4.36371      0.51212      0.18994      0.32218
     -4.35371      0.64509      0.22910      0.41599
     -4.34371      0.72759      0.24859      0.47900
     -4.33371      0.62745      0.20735      0.42010
     -4.32371      0.45364      0.14220      0.31144
     -4.31371      0.38019      0.11996      0.26022
     -4.30371      0.58917      0.19571      0.39346
     -4.29371      0.70595      0.23926      0.46669
     -4.28371      0.52693      0.18432      0.34261
     -4.27371      0.39476      0.14800      0.24676
     -4.26371      0.40365      0.15446      0.24919
     -4.25371      0.41631      0.15298      0.26333
     -4.24371      0.51656      0.17660      0.33996
     -4.23371      0.67737      0.22567      0.45170
     -4.22371      0.65660      0.21948      0.43712
     -4.21371      0.59183      0.20460      0.38722
     -4.20371      0.47813      0.17248      0.30565
     -4.19371      0.36529      0.13345      0.23184
     -4.18371      0.41547      0.14492      0.27055
     -4.17371      0.49790      0.16864      0.32926
     -4.16371      0.47167      0.16469      0.30698
     -4.15371      0.47785      0.16798      0.30987
     -4.14371      0.64545      0.21184      0.43361
     -4.13371      0.81123      0.26269      0.54854
     -4.12371      0.80505      0.26332      0.54173
     -4.11371      0.85180      0.28129      0.57051
     -4.10371      0.90421      0.30994      0.59427
     -4.09371      0.78818      0.28150      0.50667
     -4.08371      0.60031      0.21335      0.38696
     -4.07371      0.34454      0.11940      0.22514
     -4.06371      0.15065      0.04918      0.10147
     -4.05371      0.15354      0.04475      0.10879
     -4.04371      0.21312      0.06139      0.15173
     -4.03371      0.33661      0.10038      0.23623
     -4.02371      0.56999      0.17857      0.39143
     -4.01371      0.66484      0.21296      0.45188
     -4.00371      0.43845      0.13882      0.29963
     -3.99371      0.25478      0.07847      0.17631
     -3.98371      0.29690      0.09987      0.19703
     -3.97371      0.52395      0.18645      0.33751
     -3.96371      0.73127      0.26269      0.46858
     -3.95371      0.79604      0.28256      0.51349
     -3.94371      0.68351      0.23523      0.44827
     -3.93371      0.49868      0.16730      0.33138
     -3.92371      0.49506      0.16116      0.33390
     -3.91371      0.51891      0.16858      0.35033
     -3.90371      0.44107      0.14837      0.29269
     -3.89371      0.40890      0.13802      0.27088
     -3.88371      0.47884      0.15903      0.31981
     -3.87371      0.58705      0.18773      0.39932
     -3.86371      0.65184      0.20588      0.44596
     -3.85371      0.59687      0.20484      0.39203
     -3.84371      0.54684      0.20388      0.34296
     -3.83371      0.53793      0.20310      0.33483
     -3.82371      0.39266      0.14525      0.24741
     -3.81371      0.24006      0.07869      0.16138
     -3.80371      0.32588      0.09436      0.23152
     -3.79371      0.45751      0.13839      0.31912
     -3.78371      0.48225      0.16040      0.32185
     -3.77371      0.47461      0.16467      0.30994
     -3.76371      0.45430      0.15941      0.29489
     -3.75371      0.47965      0.16739      0.31226
     -3.74371      0.63361      0.20314      0.43047
     -3.73371      0.75132      0.22791      0.52342
     -3.72371      0.60864      0.18336      0.42529
     -3.71371      0.42421      0.12809      0.29612
     -3.70371      0.53773      0.17148      0.36624
     -3.69371      0.67639      0.22801      0.44838
     -3.68371      0.63363      0.21251      0.42112
     -3.67371      0.51467      0.15991      0.35476
     -3.66371      0.42460      0.12762      0.29698
     -3.65371      0.37945      0.12126      0.25819
     -3.64371      0.26231      0.08831      0.17400
     -3.63371      0.25219      0.08932      0.16287
     -3.62371      0.49589      0.17642      0.31947
     -3.61371      0.59748      0.21261      0.38487
     -3.60371      0.48241      0.17141      0.31100
     -3.59371      0.55807      0.18808      0.36999
     -3.58371      0.76209      0.24567      0.51642
     -3.57371      0.80977      0.26124      0.54853
     -3.56371      0.77882      0.26364      0.51518
     -3.55371      0.69850      0.24290      0.45560
     -3.54371      0.56558      0.18934      0.37625
     -3.53371      0.45569      0.13878      0.31691
     -3.52371      0.35636      0.10014      0.25622
     -3.51371      0.25199      0.06962      0.18237
     -3.50371      0.27070      0.07912      0.19158
     -3.49371      0.38088      0.11817      0.26272
     -3.48371      0.44669      0.14180      0.30489
     -3.47371      0.39835      0.13036      0.26798
     -3.46371      0.31389      0.10528      0.20861
     -3.45371      0.31945      0.10578      0.21367
     -3.44371      0.42364      0.13518      0.28846
     -3.43371      0.63584      0.20367      0.43217
     -3.42371      0.82395      0.26982      0.55414
     -3.41371      0.72268      0.24255      0.48013
     -3.40371      0.32255      0.11125      0.21129
     -3.39371      0.06146      0.02173      0.03973
     -3.38371      0.01269      0.00418      0.00851
     -3.37371      0.08439      0.02646      0.05793
     -3.36371      0.34962      0.11019      0.23944
     -3.35371      0.61339      0.19337      0.42002
     -3.34371      0.51795      0.16001      0.35794
     -3.33371      0.40318      0.11728      0.28590
     -3.32371      0.57658      0.16709      0.40949
     -3.31371      0.66869      0.20250      0.46618
     -3.30371      0.74063      0.23964      0.50099
     -3.29371      1.00273      0.33277      0.66996
     -3.28371      1.09826      0.36603      0.73223
     -3.27371      0.83220      0.27647      0.55573
     -3.26371      0.52926      0.17187      0.35740
     -3.25371      0.42222      0.13216      0.29006
     -3.24371      0.34949      0.10235      0.24714
     -3.23371      0.34171      0.09794      0.24378
     -3.22371      0.45631      0.13390      0.32241
     -3.21371      0.43705      0.12654      0.31051
     -3.20371      0.27574      0.08186      0.19387
     -3.19371      0.24863      0.08849      0.16014
     -3.18371      0.33554      0.12234      0.21320
     -3.17371      0.32985      0.11130      0.21855
     -3.16371      0.34749      0.11879      0.22871
     -3.15371      0.55966      0.19848      0.36119
     -3.14371      0.78281      0.26304      0.51978
     -3.13371      0.80418      0.24998      0.55420
     -3.12371      0.58643      0.16879      0.41764
     -3.11371      0.38690      0.10369      0.28321
     -3.10371      0.37259      0.09983      0.27277
     -3.09371      0.43963      0.12518      0.31444
     -3.08371      0.44558      0.12996      0.31562
     -3.07371      0.27982      0.07943      0.20039
     -3.06371      0.22834      0.06310      0.16523
     -3.05371      0.33787      0.09891      0.23896
     -3.04371      0.38607      0.11745      0.26862
     -3.03371      0.36896      0.11332      0.25563
     -3.02371      0.40551      0.12921      0.27630
     -3.01371      0.52622      0.17986      0.34636
     -3.00371      0.84317      0.29677      0.54640
     -2.99371      0.99824      0.34297      0.65528
     -2.98371      0.75142      0.23769      0.51372
     -2.97371      0.47503      0.13328      0.34175
     -2.96371      0.27008      0.07756      0.19252
     -2.95371      0.17824      0.06105      0.11719
     -2.94371      0.10694      0.03909      0.06785
     -2.93371      0.06806      0.02380      0.04426
     -2.92371      0.20041      0.06234      0.13807
     -2.91371      0.50803      0.14851      0.35952
     -2.90371      0.73223      0.20694      0.52528
     -2.89371      0.76072      0.21169      0.54902
     -2.88371      0.73421      0.21035      0.52386
     -2.87371      0.57130      0.16963      0.40166
     -2.86371      0.52147      0.16083      0.36063
     -2.85371      0.63963      0.19360      0.44603
     -2.84371      0.57088      0.15988      0.41099
     -2.83371      0.37044      0.10159      0.26885
     -2.82371      0.36533      0.10898      0.25635
     -2.81371      0.44405      0.13588      0.30817
     -2.80371      0.51125      0.15121      0.36004
     -2.79371      0.52427      0.14784      0.37642
     -2.78371      0.46225      0.13207      0.33018
     -2.77371      0.34848      0.10083      0.24766
     -2.76371      0.27617      0.07943      0.19673
     -2.75371      0.30622      0.09923      0.20699
     -2.74371      0.41721      0.14953      0.26768
     -2.73371      0.63323      0.22500      0.40823
     -2.72371      0.74293      0.25405      0.48888
     -2.71371      0.61427      0.19746      0.41681
     -2.70371      0.60444      0.18004      0.42441
     -2.69371      0.69206      0.19943      0.49263
     -2.68371      0.64818      0.17691      0.47127
     -2.67371      0.50726      0.12989      0.37737
     -2.66371      0.32650      0.08748      0.23902
     -2.65371      0.32198      0.09634      0.22564
     -2.64371      0.46060      0.12859      0.33201
     -2.63371      0.47072      0.12802      0.34270
     -2.62371      0.37339      0.11483      0.25856
     -2.61371      0.30099      0.09720      0.20379
     -2.60371      0.39188      0.11410      0.27778
     -2.59371      0.52249      0.15170      0.37079
     -2.58371      0.40223      0.11806      0.28417
     -2.57371      0.32158      0.09186      0.22972
     -2.56371      0.38968      0.11058      0.27910
     -2.55371      0.37020      0.09989      0.27031
     -2.54371      0.36459      0.09236      0.27223
     -2.53371      0.37511      0.10496      0.27016
     -2.52371      0.35485      0.12012      0.23473
     -2.51371      0.35804      0.12776      0.23028
     -2.50371      0.39347      0.12764      0.26583
     -2.49371      0.49356      0.14805      0.34551
     -2.48371      0.63712      0.18958      0.44754
     -2.47371      0.78218      0.23301      0.54916
     -2.46371      0.78028      0.22026      0.56002
     -2.45371      0.64162      0.16875      0.47287
     -2.44371      0.62010      0.16341      0.45669
     -2.43371      0.66741      0.17539      0.49202
     -2.42371      0.56836      0.15285      0.41551
     -2.41371      0.42133      0.11808      0.30325
     -2.40371      0.36409      0.09341      0.27068
     -2.39371      0.38118      0.09337      0.28781
     -2.38371      0.52272      0.13866      0.38407
     -2.37371      0.61692      0.17118      0.44575
     -2.36371      0.46685      0.13327      0.33358
     -2.35371      0.42488      0.13130      0.29358
     -2.34371      0.38394      0.12647      0.25747
     -2.33371      0.32325      0.10197      0.22128
     -2.32371      0.49446      0.14053      0.35393
     -2.31371      0.62369      0.17286      0.45083
     -2.30371      0.56084      0.15383      0.40701
     -2.29371      0.58506      0.15522      0.42984
     -2.28371      0.49381      0.13138      0.36244
     -2.27371      0.29057      0.08340      0.20718
     -2.26371      0.39090      0.11747      0.27344
     -2.25371      0.64040      0.18632      0.45408
     -2.24371      0.68034      0.19260      0.48774
     -2.23371      0.54277      0.14319      0.39958
     -2.22371      0.48881      0.12933      0.35948
     -2.21371      0.51521      0.15373      0.36148
     -2.20371      0.49826      0.14399      0.35427
     -2.19371      0.48665      0.11709      0.36957
     -2.18371      0.43822      0.09659      0.34163
     -2.17371      0.31081      0.07172      0.23909
     -2.16371      0.37958      0.10206      0.27752
     -2.15371      0.56931      0.16080      0.40850
     -2.14371      0.57458      0.16136      0.41322
     -2.13371      0.42826      0.11615      0.31210
     -2.12371      0.32068      0.08190      0.23878
     -2.11371      0.39699      0.10726      0.28972
     -2.10371      0.47419      0.13372      0.34048
     -2.09371      0.39448      0.10816      0.28632
     -2.08371      0.38845      0.10486      0.28359
     -2.07371      0.48155      0.12841      0.35313
     -2.06371      0.58903      0.15843      0.43059
     -2.05371      0.54553      0.15854      0.38700
     -2.04371      0.38477      0.11806      0.26671
     -2.03371      0.50364      0.13691      0.36672
     -2.02371      0.79703      0.19432      0.60270
     -2.01371      0.89289      0.21525      0.67764
     -2.00371      0.86024      0.21190      0.64835
     -1.99371      0.84646      0.20627      0.64019
     -1.98371      0.70935      0.16990      0.53945
     -1.97371      0.53946      0.13903      0.40043
     -1.96371      0.51110      0.13864      0.37246
     -1.95371      0.51452      0.12351      0.39101
     -1.94371      0.51252      0.11119      0.40133
     -1.93371      0.48196      0.11202      0.36994
     -1.92371      0.47462      0.12210      0.35252
     -1.91371      0.56187      0.14339      0.41848
     -1.90371      0.67400      0.17797      0.49604
     -1.89371      0.75673      0.20771      0.54902
     -1.88371      0.71120      0.18525      0.52596
     -1.87371      0.49978      0.11511      0.38467
     -1.86371      0.35062      0.07616      0.27446
     -1.85371      0.44720      0.10501      0.34219
     -1.84371      0.53462      0.12902      0.40561
     -1.83371      0.55412      0.12675      0.42737
     -1.82371      0.62455      0.14414      0.48041
     -1.81371      0.78896      0.18569      0.60327
     -1.80371      0.88984      0.20039      0.68946
     -1.79371      0.87073      0.19349      0.67724
     -1.78371      1.00489      0.24296      0.76193
     -1.77371      1.19567      0.29514      0.90053
     -1.76371      1.08490      0.24700      0.83791
     -1.75371      0.64469      0.13378      0.51091
     -1.74371      0.29357      0.06302      0.23055
     -1.73371      0.32638      0.08160      0.24478
     -1.72371      0.43608      0.10886      0.32722
     -1.71371      0.44578      0.10809      0.33769
     -1.70371      0.56971      0.14024      0.42947
     -1.69371      0.71402      0.17327      0.54075
     -1.68371      0.53476      0.12855      0.40621
     -1.67371      0.24531      0.06212      0.18320
     -1.66371      0.26336      0.07442      0.18894
     -1.65371      0.34190      0.09765      0.24425
     -1.64371      0.25385      0.06732      0.18653
     -1.63371      0.18821      0.03960      0.14861
     -1.62371      0.17975      0.03346      0.14629
     -1.61371      0.35588      0.06668      0.28921
     -1.60371      0.77986      0.14792      0.63193
     -1.59371      1.12319      0.21292      0.91027
     -1.58371      1.29060      0.24196      1.04864
     -1.57371      1.36590      0.25331      1.11259
     -1.56371      0.92979      0.17166      0.75813
     -1.55371      0.29755      0.05487      0.24269
     -1.54371      0.04175      0.00768      0.03407
     -1.53371      0.02375      0.00420      0.01955
     -1.52371      0.08333      0.01468      0.06866
     -1.51371      0.16119      0.02840      0.13279
     -1.50371      0.16290      0.02871      0.13418
     -1.49371      0.07796      0.01374      0.06423
     -1.48371      0.04811      0.00840      0.03971
     -1.47371      0.14444      0.02515      0.11929
     -1.46371      0.25170      0.04391      0.20779
     -1.45371      0.19564      0.03421      0.16144
     -1.44371      0.10918      0.01909      0.09009
     -1.43371      0.19671      0.03428      0.16243
     -1.42371      0.32150      0.05606      0.26544
     -1.41371      0.37234      0.06566      0.30668
     -1.40371      0.55182      0.09871      0.45311
     -1.39371      0.65913      0.11809      0.54104
     -1.38371      0.43446      0.07704      0.35742
     -1.37371      0.16842      0.02928      0.13914
     -1.36371      0.08735      0.01483      0.07252
     -1.35371      0.19245      0.03241      0.16004
     -1.34371      0.26664      0.04483      0.22181
     -1.33371      0.17764      0.02983      0.14781
     -1.32371      0.13965      0.02347      0.11618
     -1.31371      0.14915      0.02508      0.12407
     -1.30371      0.13150      0.02209      0.10941
     -1.29371      0.15789      0.02648      0.13141
     -1.28371      0.17570      0.02935      0.14635
     -1.27371      0.22988      0.03825      0.19162
     -1.26371      0.26069      0.04342      0.21727
     -1.25371      0.28440      0.04734      0.23706
     -1.24371      0.36903      0.06124      0.30779
     -1.23371      0.40577      0.06754      0.33823
     -1.22371      0.42062      0.07049      0.35013
     -1.21371      0.59337      0.09958      0.49380
     -1.20371      0.81471      0.13658      0.67813
     -1.19371      0.64239      0.10778      0.53461
     -1.18371      0.23306      0.03913      0.19393
     -1.17371      0.08081      0.01319      0.06763
     -1.16371      0.13585      0.02168      0.11417
     -1.15371      0.17762      0.02819      0.14943
     -1.14371      0.17385      0.02738      0.14647
     -1.13371      0.11574      0.01816      0.09758
     -1.12371      0.03942      0.00619      0.03324
     -1.11371      0.04649      0.00734      0.03916
     -1.10371      0.13589      0.02140      0.11449
     -1.09371      0.20552      0.03215      0.17337
     -1.08371      0.18922      0.02934      0.15988
     -1.07371      0.11936      0.01848      0.10088
     -1.06371      0.13558      0.02111      0.11447
     -1.05371      0.25348      0.03918      0.21430
     -1.04371      0.33584      0.05145      0.28439
     -1.03371      0.34430      0.05288      0.29141
     -1.02371      0.29250      0.04545      0.24706
     -1.01371      0.26314      0.04120      0.22195
     -1.00371      0.24848      0.03867      0.20982
     -0.99371      0.20516      0.03132      0.17384
     -0.98371      0.13285      0.02000      0.11285
     -0.97371      0.07377      0.01097      0.06280
     -0.96371      0.13591      0.02005      0.11587
     -0.95371      0.20210      0.02985      0.17224
     -0.94371      0.12887      0.01906      0.10981
     -0.93371      0.09360      0.01375      0.07985
     -0.92371      0.21272      0.03106      0.18166
     -0.91371      0.27402      0.03991      0.23411
     -0.90371      0.20090      0.02926      0.17164
     -0.89371      0.19400      0.02824      0.16577
     -0.88371      0.24623      0.03550      0.21073
     -0.87371      0.30130      0.04330      0.25800
     -0.86371      0.26994      0.03899      0.23095
     -0.85371      0.25152      0.03650      0.21503
     -0.84371      0.31715      0.04599      0.27115
     -0.83371      0.39613      0.05732      0.33881
     -0.82371      0.36854      0.05286      0.31568
     -0.81371      0.31714      0.04450      0.27264
     -0.80371      0.25780      0.03565      0.22216
     -0.79371      0.11627      0.01600      0.10028
     -0.78371      0.02254      0.00309      0.01945
     -0.77371      0.00200      0.00027      0.00172
     -0.76371      0.00664      0.00089      0.00575
     -0.75371      0.06118      0.00821      0.05296
     -0.74371      0.21020      0.02824      0.18197
     -0.73371      0.26754      0.03596      0.23158
     -0.72371      0.13219      0.01775      0.11444
     -0.71371      0.07178      0.00945      0.06233
     -0.70371      0.16431      0.02148      0.14282
     -0.69371      0.28636      0.03761      0.24875
     -0.68371      0.32381      0.04261      0.28119
     -0.67371      0.24472      0.03222      0.21250
     -0.66371      0.17972      0.02375      0.15597
     -0.65371      0.11515      0.01520      0.09995
     -0.64371      0.08873      0.01144      0.07729
     -0.63371      0.13750      0.01751      0.11999
     -0.62371      0.12232      0.01552      0.10680
     -0.61371      0.09362      0.01172      0.08190
     -0.60371      0.13152      0.01639      0.11513
     -0.59371      0.16579      0.02071      0.14508
     -0.58371      0.12262      0.01532      0.10731
     -0.57371      0.11101      0.01367      0.09734
     -0.56371      0.23842      0.02919      0.20923
     -0.55371      0.27410      0.03354      0.24056
     -0.54371      0.20137      0.02458      0.17678
     -0.53371      0.25805      0.03125      0.22680
     -0.52371      0.37915      0.04565      0.33350
     -0.51371      0.38042      0.04580      0.33462
     -0.50371      0.20675      0.02495      0.18180
     -0.49371      0.05348      0.00646      0.04701
     -0.48371      0.00913      0.00108      0.00804
     -0.47371      0.03492      0.00401      0.03091
     -0.46371      0.14815      0.01697      0.13117
     -0.45371      0.25851      0.02955      0.22896
     -0.44371      0.18718      0.02134      0.16584
     -0.43371      0.05575      0.00634      0.04941
     -0.42371      0.00848      0.00096      0.00752
     -0.41371      0.02380      0.00264      0.02116
     -0.40371      0.11804      0.01308      0.10496
     -0.39371      0.25175      0.02780      0.22395
     -0.38371      0.25640      0.02821      0.22819
     -0.37371      0.15910      0.01745      0.14165
     -0.36371      0.11540      0.01246      0.10294
     -0.35371      0.17502      0.01861      0.15641
     -0.34371      0.22267      0.02361      0.19906
     -0.33371      0.16703      0.01770      0.14933
     -0.32371      0.06779      0.00717      0.06062
     -0.31371      0.05372      0.00558      0.04815
     -0.30371      0.12367      0.01278      0.11089
     -0.29371      0.14435      0.01488      0.12947
     -0.28371      0.15802      0.01610      0.14192
     -0.27371      0.26206      0.02650      0.23556
     -0.26371      0.28260      0.02850      0.25410
     -0.25371      0.16701      0.01678      0.15023
     -0.24371      0.10869      0.01073      0.09796
     -0.23371      0.14089      0.01376      0.12713
     -0.22371      0.10337      0.01007      0.09330
     -0.21371      0.06919      0.00662      0.06257
     -0.20371      0.12429      0.01177      0.11252
     -0.19371      0.13581      0.01284      0.12297
     -0.18371      0.11378      0.01067      0.10311
     -0.17371      0.14596      0.01360      0.13236
     -0.16371      0.13493      0.01249      0.12244
     -0.15371      0.13758      0.01254      0.12503
     -0.14371      0.13502      0.01225      0.12277
     -0.13371      0.06918      0.00624      0.06294
     -0.12371      0.07491      0.00661      0.06830
     -0.11371      0.15440      0.01355      0.14085
     -0.10371      0.19687      0.01717      0.17970
     -0.09371      0.22325      0.01928      0.20397
     -0.08371      0.21685      0.01859      0.19826
     -0.07371      0.13169      0.01124      0.12046
     -0.06371      0.04262      0.00361      0.03900
     -0.05371      0.04342      0.00356      0.03986
     -0.04371      0.11477      0.00937      0.10540
     -0.03371      0.14104      0.01148      0.12956
     -0.02371      0.12840      0.01031      0.11809
     -0.01371      0.14641      0.01165      0.13476
     -0.00371      0.09391      0.00746      0.08645
      0.00629      0.02331      0.00185      0.02146
      0.01629      0.00214      0.00017      0.00197
      0.02629      0.00007      0.00001      0.00007
      0.03629      0.00000      0.00000      0.00000
      0.04629      0.00000      0.00000      0.00000
      0.05629      0.00000      0.00000      0.00000
      0.06629      0.00000      0.00000      0.00000
      0.07629      0.00000      0.00000      0.00000
      0.08629      0.00000      0.00000      0.00000
      0.09629      0.00000      0.00000      0.00000
      0.10629      0.00000      0.00000      0.00000
      0.11629      0.00000      0.00000      0.00000
      0.12629      0.00000      0.00000      0.00000
      0.13629      0.00000      0.00000      0.00000
      0.14629      0.00000      0.00000      0.00000
      0.15629      0.00000      0.00000      0.00000
      0.16629      0.00000      0.00000      0.00000
      0.17629      0.00000      0.00000      0.00000
      0.18629      0.00000      0.00000      0.00000
      0.19629      0.00000      0.00000      0.00000
      0.20629      0.00000      0.00000      0.00000
      0.21629      0.00000      0.00000      0.00000
      0.22629      0.00000      0.00000      0.00000
      0.23629      0.00000      0.00000      0.00000
      0.24629      0.00000      0.00000      0.00000
      0.25629      0.00000      0.00000      0.00000
      0.26629      0.00000      0.00000      0.00000
      0.27629      0.00000      0.00000      0.00000
      0.28629      0.00000      0.00000      0.00000
      0.29629      0.00000      0.00000      0.00000
      0.30629      0.00000      0.00000      0.00000
      0.31629      0.00000      0.00000      0.00000
      0.32629      0.00000      0.00000      0.00000
      0.33629      0.00000      0.00000      0.00000
      0.34629      0.00000      0.00000      0.00000
      0.35629      0.00000      0.00000      0.00000
      0.36629      0.00000      0.00000      0.00000
      0.37629      0.00000      0.00000      0.00000
      0.38629      0.00000      0.00000      0.00000
      0.39629      0.00000      0.00000      0.00000
      0.40629      0.00000      0.00000      0.00000
      0.41629      0.00000      0.00000      0.00000
      0.42629      0.00000      0.00000      0.00000
      0.43629      0.00000      0.00000      0.00000
      0.44629      0.00000      0.00000      0.00000
      0.45629      0.00000      0.00000      0.00000
      0.46629      0.00000      0.00000      0.00000
      0.47629      0.00000      0.00000      0.00000
      0.48629      0.00000      0.00000      0.00000
      0.49629      0.00000      0.00000      0.00000
      0.50629      0.00000      0.00000      0.00000
      0.51629      0.00000      0.00000      0.00000
      0.52629      0.00000      0.00000      0.00000
      0.53629      0.00000      0.00000      0.00000
      0.54629      0.00000      0.00000      0.00000
      0.55629      0.00000      0.00000      0.00000
      0.56629      0.00000      0.00000      0.00000
      0.57629      0.00000      0.00000      0.00000
      0.58629      0.00000      0.00000      0.00000
      0.59629      0.00000      0.00000      0.00000
      0.60629      0.00000      0.00000      0.00000
      0.61629      0.00000      0.00000      0.00000
      0.62629      0.00000      0.00000      0.00000
      0.63629      0.00000      0.00000      0.00000
      0.64629      0.00000      0.00000      0.00000
      0.65629      0.00000      0.00000      0.00000
      0.66629      0.00000      0.00000      0.00000
      0.67629      0.00000      0.00000      0.00000
      0.68629      0.00000      0.00000      0.00000
      0.69629      0.00000      0.00000      0.00000
      0.70629      0.00000      0.00000      0.00000
      0.71629      0.00000      0.00000      0.00000
      0.72629      0.00000      0.00000      0.00000
      0.73629      0.00000      0.00000      0.00000
      0.74629      0.00000      0.00000      0.00000
      0.75629      0.00000      0.00000      0.00000
      0.76629      0.00000      0.00000      0.00000
      0.77629      0.00000      0.00000      0.00000
      0.78629      0.00000      0.00000      0.00000
      0.79629      0.00000      0.00000      0.00000
      0.80629      0.00000      0.00000      0.00000
      0.81629      0.00000      0.00000      0.00000
      0.82629      0.00000      0.00000      0.00000
      0.83629      0.00000      0.00000      0.00000
      0.84629      0.00000      0.00000      0.00000
      0.85629      0.00000      0.00000      0.00000
      0.86629      0.00000      0.00000      0.00000
      0.87629      0.00000      0.00000      0.00000
      0.88629      0.00000      0.00000      0.00000
      0.89629      0.00000      0.00000      0.00000
      0.90629      0.00000      0.00000      0.00000
      0.91629      0.00000      0.00000      0.00000
      0.92629      0.00000      0.00000      0.00000
      0.93629      0.00000      0.00000      0.00000
      0.94629      0.00000      0.00000      0.00000
      0.95629      0.00000      0.00000      0.00000
      0.96629      0.00000      0.00000      0.00000
      0.97629      0.00000      0.00000      0.00000
      0.98629      0.00000      0.00000      0.00000
      0.99629      0.00000      0.00000      0.00000
      1.00629      0.00000      0.00000      0.00000
      1.01629      0.00000      0.00000      0.00000
      1.02629      0.00000      0.00000      0.00000
      1.03629      0.00000      0.00000      0.00000
      1.04629      0.00000      0.00000      0.00000
      1.05629      0.00000      0.00000      0.00000
      1.06629      0.00000      0.00000      0.00000
      1.07629      0.00000      0.00000      0.00000
      1.08629      0.00000      0.00000      0.00000
      1.09629      0.00000      0.00000      0.00000
      1.10629      0.00000      0.00000      0.00000
      1.11629      0.00000      0.00000      0.00000
      1.12629      0.00000      0.00000      0.00000
      1.13629      0.00000      0.00000      0.00000
      1.14629      0.00000      0.00000      0.00000
      1.15629      0.00000      0.00000      0.00000
      1.16629      0.00000      0.00000      0.00000
      1.17629      0.00000      0.00000      0.00000
      1.18629      0.00000      0.00000      0.00000
      1.19629      0.00000      0.00000      0.00000
      1.20629      0.00000      0.00000      0.00000
      1.21629      0.00000      0.00000      0.00000
      1.22629      0.00000      0.00000      0.00000
      1.23629      0.00000      0.00000      0.00000
      1.24629      0.00000      0.00000      0.00000
      1.25629      0.00000      0.00000      0.00000
      1.26629      0.00000      0.00000      0.00000
      1.27629      0.00000      0.00000      0.00000
      1.28629      0.00000      0.00000      0.00000
      1.29629      0.00000      0.00000      0.00000
      1.30629      0.00000      0.00000      0.00000
      1.31629      0.00000      0.00000      0.00000
      1.32629      0.00000      0.00000      0.00000
      1.33629      0.00000      0.00000      0.00000
      1.34629      0.00000      0.00000      0.00000
      1.35629      0.00000      0.00000      0.00000
      1.36629      0.00000      0.00000      0.00000
      1.37629      0.00000      0.00000      0.00000
      1.38629      0.00000      0.00000      0.00000
      1.39629      0.00000      0.00000      0.00000
      1.40629      0.00000      0.00000      0.00000
      1.41629      0.00000      0.00000      0.00000
      1.42629      0.00000      0.00000      0.00000
      1.43629      0.00000      0.00000      0.00000
      1.44629      0.00000      0.00000      0.00000
      1.45629      0.00000      0.00000      0.00000
      1.46629      0.00000      0.00000      0.00000
      1.47629      0.00000      0.00000      0.00000
      1.48629      0.00000      0.00000      0.00000
      1.49629      0.00000      0.00000      0.00000
      1.50629      0.00000      0.00000      0.00000
      1.51629      0.00000      0.00000      0.00000
      1.52629      0.00000      0.00000      0.00000
      1.53629      0.00000      0.00000      0.00000
      1.54629      0.00000      0.00000      0.00000
      1.55629      0.00000      0.00000      0.00000
      1.56629      0.00000      0.00000      0.00000
      1.57629      0.00000      0.00000      0.00000
      1.58629      0.00000      0.00000      0.00000
      1.59629      0.00000      0.00000      0.00000
      1.60629      0.00000      0.00000      0.00000
      1.61629      0.00000      0.00000      0.00000
      1.62629      0.00000      0.00000      0.00000
      1.63629      0.00000      0.00000      0.00000
      1.64629      0.00000      0.00000      0.00000
      1.65629      0.00000      0.00000      0.00000
      1.66629      0.00000      0.00000      0.00000
      1.67629      0.00000      0.00000      0.00000
      1.68629      0.00000      0.00000      0.00000
      1.69629      0.00000      0.00000      0.00000
      1.70629      0.00000      0.00000      0.00000
      1.71629      0.00000      0.00000      0.00000
      1.72629      0.00000      0.00000      0.00000
      1.73629      0.00000      0.00000      0.00000
      1.74629      0.00000      0.00000      0.00000
      1.75629      0.00000      0.00000      0.00000
      1.76629      0.00000      0.00000      0.00000
      1.77629      0.00000      0.00000      0.00000
      1.78629      0.00000      0.00000      0.00000
      1.79629      0.00000      0.00000      0.00000
      1.80629      0.00000      0.00000      0.00000
      1.81629      0.00000      0.00000      0.00000
      1.82629      0.00000      0.00000      0.00000
      1.83629      0.00000      0.00000      0.00000
      1.84629      0.00000      0.00000      0.00000
      1.85629      0.00000      0.00000      0.00000
      1.86629      0.00000      0.00000      0.00000
      1.87629      0.00000      0.00000      0.00000
      1.88629      0.00000      0.00000      0.00000
      1.89629      0.00000      0.00000      0.00000
      1.90629      0.00000      0.00000      0.00000
      1.91629      0.00000      0.00000      0.00000
      1.92629      0.00000      0.00000      0.00000
      1.93629      0.00000      0.00000      0.00000
      1.94629      0.00000      0.00000      0.00000
      1.95629      0.00000      0.00000      0.00000
      1.96629      0.00000      0.00000      0.00000
      1.97629      0.00000      0.00000      0.00000
      1.98629      0.00000      0.00000      0.00000
      1.99629      0.00000      0.00000      0.00000
      2.00629      0.00000      0.00000      0.00000
      2.01629      0.00000      0.00000      0.00000
      2.02629      0.00000      0.00000      0.00000
      2.03629      0.00000      0.00000      0.00000
      2.04629      0.00000      0.00000      0.00000
      2.05629      0.00000      0.00000      0.00000
      2.06629      0.00000      0.00000      0.00000
      2.07629      0.00000      0.00000      0.00000
      2.08629      0.00000      0.00000      0.00000
      2.09629      0.00000      0.00000      0.00000
      2.10629      0.00000      0.00000      0.00000
      2.11629      0.00000      0.00000      0.00000
      2.12629      0.00000      0.00000      0.00000
      2.13629      0.00000      0.00000      0.00000
      2.14629      0.00000      0.00000      0.00000
      2.15629      0.00000      0.00000      0.00000
      2.16629      0.00000      0.00000      0.00000
      2.17629      0.00000      0.00000      0.00000
      2.18629      0.00000      0.00000      0.00000
      2.19629      0.00000      0.00000      0.00000
      2.20629      0.00000      0.00000      0.00000
      2.21629      0.00000      0.00000      0.00000
      2.22629      0.00000      0.00000      0.00000
      2.23629      0.00000      0.00000      0.00000
      2.24629      0.00000      0.00000      0.00000
      2.25629      0.00000      0.00000      0.00000
      2.26629      0.00000      0.00000      0.00000
      2.27629      0.00000      0.00000      0.00000
      2.28629      0.00000      0.00000      0.00000
      2.29629      0.00000      0.00000      0.00000
      2.30629      0.00000      0.00000      0.00000
      2.31629      0.00000      0.00000      0.00000
      2.32629      0.00000      0.00000      0.00000
      2.33629      0.00000      0.00000      0.00000
      2.34629      0.00000      0.00000      0.00000
      2.35629      0.00000      0.00000      0.00000
      2.36629      0.00000      0.00000      0.00000
      2.37629      0.00000      0.00000      0.00000
      2.38629      0.00000      0.00000      0.00000
      2.39629      0.00000      0.00000      0.00000
      2.40629      0.00000      0.00000      0.00000
      2.41629      0.00000      0.00000      0.00000
      2.42629      0.00000      0.00000      0.00000
      2.43629      0.00000      0.00000      0.00000
      2.44629      0.00000      0.00000      0.00000
      2.45629      0.00000      0.00000      0.00000
      2.46629      0.00000      0.00000      0.00000
      2.47629      0.00000      0.00000      0.00000
      2.48629      0.00000      0.00000      0.00000
      2.49629      0.00000      0.00000      0.00000
      2.50629      0.00000      0.00000      0.00000
      2.51629      0.00000      0.00000      0.00000
      2.52629      0.00000      0.00000      0.00000
      2.53629      0.00000      0.00000      0.00000
      2.54629      0.00000      0.00000      0.00000
      2.55629      0.00000      0.00000      0.00000
      2.56629      0.00000      0.00000      0.00000
      2.57629      0.00000      0.00000      0.00000
      2.58629      0.00000      0.00000      0.00000
      2.59629      0.00000      0.00000      0.00000
      2.60629      0.00000      0.00000      0.00000
      2.61629      0.00000      0.00000      0.00000
      2.62629      0.00000      0.00000      0.00000
      2.63629      0.00000      0.00000      0.00000
      2.64629      0.00000      0.00000      0.00000
      2.65629      0.00000      0.00000      0.00000
      2.66629      0.00000      0.00000      0.00000
      2.67629      0.00000      0.00000      0.00000
      2.68629      0.00000      0.00000      0.00000
      2.69629      0.00000      0.00000      0.00000
      2.70629      0.00000      0.00000      0.00000
      2.71629      0.00000      0.00000      0.00000
      2.72629      0.00000      0.00000      0.00000
      2.73629      0.00000      0.00000      0.00000
      2.74629      0.00000      0.00000      0.00000
      2.75629      0.00000      0.00000      0.00000
      2.76629      0.00000      0.00000      0.00000
      2.77629      0.00000      0.00000      0.00000
      2.78629      0.00000      0.00000      0.00000
      2.79629      0.00000      0.00000      0.00000
      2.80629      0.00000      0.00000      0.00000
      2.81629      0.00000      0.00000      0.00000
      2.82629      0.00000      0.00000      0.00000
      2.83629      0.00000      0.00000      0.00000
      2.84629      0.00000      0.00000      0.00000
      2.85629      0.00000      0.00000      0.00000
      2.86629      0.00000      0.00000      0.00000
      2.87629      0.00000      0.00000      0.00000
      2.88629      0.00000      0.00000      0.00000
      2.89629      0.00000      0.00000      0.00000
      2.90629      0.00000      0.00000      0.00000
      2.91629      0.00000      0.00000      0.00000
      2.92629      0.00000      0.00000      0.00000
      2.93629      0.00000      0.00000      0.00000
      2.94629      0.00000      0.00000      0.00000
      2.95629      0.00000      0.00000      0.00000
      2.96629      0.00000      0.00000      0.00000
      2.97629      0.00004      0.00005      0.00000
      2.98629      0.00114      0.00163      0.00000
      2.99629      0.01254      0.01787      0.00000
      3.00629      0.05033      0.07171      0.00000
      3.01629      0.08584      0.12226      0.00000
      3.02629      0.09185      0.13066      0.00000
      3.03629      0.08054      0.11439      0.00000
      3.04629      0.08525      0.12066      0.00000
      3.05629      0.14198      0.20057      0.00000
      3.06629      0.15113      0.21329      0.00000
      3.07629      0.14555      0.20484      0.00000
      3.08629      0.17392      0.24408      0.00000
      3.09629      0.13757      0.19283      0.00000
      3.10629      0.04945      0.06927      0.00000
      3.11629      0.02563      0.03565      0.00000
      3.12629      0.12634      0.17521      0.00000
      3.13629      0.31263      0.43339      0.00000
      3.14629      0.29404      0.40739      0.00000
      3.15629      0.12803      0.17693      0.00000
      3.16629      0.11839      0.16251      0.00000
      3.17629      0.18055      0.24781      0.00000
      3.18629      0.14237      0.19574      0.00000
      3.19629      0.05581      0.07687      0.00000
      3.20629      0.01052      0.01450      0.00000
      3.21629      0.00767      0.01046      0.00000
      3.22629      0.05331      0.07248      0.00000
      3.23629      0.17945      0.24359      0.00000
      3.24629      0.32397      0.43878      0.00000
      3.25629      0.36717      0.49679      0.00000
      3.26629      0.27803      0.37623      0.00000
      3.27629      0.13937      0.18860      0.00000
      3.28629      0.03892      0.05264      0.00000
      3.29629      0.02454      0.03304      0.00000
      3.30629      0.06583      0.08849      0.00000
      3.31629      0.11092      0.14874      0.00000
      3.32629      0.14953      0.19994      0.00000
      3.33629      0.12325      0.16463      0.00000
      3.34629      0.04316      0.05764      0.00000
      3.35629      0.01673      0.02229      0.00000
      3.36629      0.06437      0.08563      0.00000
      3.37629      0.13682      0.18200      0.00000
      3.38629      0.13511      0.17960      0.00000
      3.39629      0.18277      0.24246      0.00000
      3.40629      0.29564      0.39185      0.00000
      3.41629      0.24295      0.32143      0.00000
      3.42629      0.11172      0.14725      0.00000
      3.43629      0.04386      0.05768      0.00000
      3.44629      0.08714      0.11479      0.00000
      3.45629      0.19473      0.25659      0.00000
      3.46629      0.17690      0.23308      0.00000
      3.47629      0.10850      0.14270      0.00000
      3.48629      0.13580      0.17828      0.00000
      3.49629      0.11395      0.14957      0.00000
      3.50629      0.03677      0.04827      0.00000
      3.51629      0.00438      0.00575      0.00000
      3.52629      0.00025      0.00033      0.00000
      3.53629      0.00193      0.00251      0.00000
      3.54629      0.02170      0.02829      0.00000
      3.55629      0.09026      0.11767      0.00000
      3.56629      0.14041      0.18305      0.00000
      3.57629      0.10620      0.13836      0.00000
      3.58629      0.15092      0.19634      0.00000
      3.59629      0.26816      0.34879      0.00000
      3.60629      0.28214      0.36669      0.00000
      3.61629      0.29989      0.38910      0.00000
      3.62629      0.26026      0.33734      0.00003
      3.63629      0.10587      0.13478      0.00067
      3.64629      0.06633      0.06753      0.00494
      3.65629      0.17491      0.17482      0.01386
      3.66629      0.28311      0.30155      0.01743
      3.67629      0.27490      0.29306      0.01697
      3.68629      0.17964      0.17820      0.01481
      3.69629      0.10382      0.10210      0.00884
      3.70629      0.15934      0.16426      0.01162
      3.71629      0.22974      0.22906      0.01904
      3.72629      0.22124      0.20622      0.02255
      3.73629      0.24307      0.21634      0.02787
      3.74629      0.22070      0.19517      0.02578
      3.75629      0.16260      0.14789      0.01796
      3.76629      0.22734      0.23194      0.01795
      3.77629      0.33935      0.38760      0.01461
      3.78629      0.35947      0.42458      0.01138
      3.79629      0.45949      0.50509      0.02571
      3.80629      0.65698      0.73050      0.03382
      3.81629      0.52201      0.60811      0.01830
      3.82629      0.29958      0.34339      0.01242
      3.83629      0.34013      0.36788      0.02116
      3.84629      0.36145      0.39535      0.02115
      3.85629      0.25652      0.29308      0.01106
      3.86629      0.14944      0.17863      0.00390
      3.87629      0.25938      0.30228      0.00922
      3.88629      0.52538      0.56876      0.03288
      3.89629      0.60460      0.58990      0.05927
      3.90629      0.47619      0.42610      0.05975
      3.91629      0.30068      0.26071      0.04075
      3.92629      0.19765      0.17035      0.02732
      3.93629      0.16630      0.14293      0.02339
      3.94629      0.14758      0.12700      0.02084
      3.95629      0.10882      0.09754      0.01417
      3.96629      0.16887      0.16275      0.01828
      3.97629      0.21033      0.20869      0.02069
      3.98629      0.18942      0.18281      0.02029
      3.99629      0.35863      0.33580      0.04191
      4.00629      0.54022      0.51881      0.05875
      4.01629      0.45271      0.45126      0.04358
      4.02629      0.37614      0.41534      0.02210
      4.03629      0.56780      0.65961      0.02211
      4.04629      0.77740      0.89637      0.03290
      4.05629      0.57291      0.66794      0.02167
      4.06629      0.21886      0.26244      0.00568
      4.07629      0.09458      0.10908      0.00413
      4.08629      0.23073      0.25240      0.01521
      4.09629      0.39170      0.43198      0.02445
      4.10629      0.37365      0.39679      0.02875
      4.11629      0.59346      0.53082      0.08231
      4.12629      1.05593      0.91067      0.15951
      4.13629      0.96441      0.86106      0.13598
      4.14629      0.52912      0.49484      0.06775
      4.15629      0.28932      0.26224      0.04151
      4.16629      0.25107      0.23020      0.03556
      4.17629      0.26311      0.27232      0.02503
      4.18629      0.21082      0.23357      0.01392
      4.19629      0.21867      0.23255      0.01811
      4.20629      0.35532      0.36551      0.03406
      4.21629      0.52416      0.51638      0.05969
      4.22629      0.60513      0.59085      0.07131
      4.23629      0.56344      0.57026      0.05761
      4.24629      0.44821      0.46541      0.04020
      4.25629      0.48823      0.49146      0.05056
      4.26629      0.89587      0.88727      0.10148
      4.27629      1.04829      1.01019      0.13251
      4.28629      0.69215      0.62569      0.10637
      4.29629      0.46978      0.39391      0.08661
      4.30629      0.51554      0.44626      0.08992
      4.31629      0.72137      0.63984      0.12105
      4.32629      1.04710      0.89371      0.19587
      4.33629      1.40072      1.17438      0.27752
      4.34629      1.46677      1.25762      0.27927
      4.35629      1.29686      1.16706      0.21961
      4.36629      1.25461      1.14026      0.20495
      4.37629      1.14109      1.00078      0.20299
      4.38629      1.08034      0.88428      0.22394
      4.39629      0.92576      0.74011      0.20107
      4.40629      0.71817      0.61765      0.13231
      4.41629      0.73286      0.64643      0.12364
      4.42629      0.87155      0.73474      0.16177
      4.43629      1.00870      0.85225      0.18887
      4.44629      0.83362      0.71371      0.15430
      4.45629      0.48361      0.40222      0.09580
      4.46629      0.34030      0.26737      0.07599
      4.47629      0.47743      0.37749      0.10788
      4.48629      0.86476      0.70897      0.18340
      4.49629      0.98362      0.83779      0.19118
      4.50629      0.70042      0.67469      0.09797
      4.51629      0.61039      0.68273      0.04154
      4.52629      0.56167      0.62181      0.04176
      4.53629      0.53115      0.53876      0.06248
      4.54629      0.71992      0.65860      0.11749
      4.55629      0.81559      0.71859      0.14636
      4.56629      0.63614      0.58270      0.10409
      4.57629      0.46741      0.45190      0.06441
      4.58629      0.48910      0.45670      0.07315
      4.59629      0.56483      0.51808      0.08828
      4.60629      0.64248      0.60683      0.09448
      4.61629      0.69737      0.64467      0.11313
      4.62629      0.85042      0.72969      0.16822
      4.63629      0.91171      0.76955      0.18594
      4.64629      0.65161      0.56529      0.12381
      4.65629      0.45474      0.42084      0.07329
      4.66629      0.36884      0.35676      0.05183
      4.67629      0.26218      0.23987      0.04196
      4.68629      0.24524      0.22710      0.03862
      4.69629      0.39463      0.40663      0.04660
      4.70629      0.59237      0.59021      0.07964
      4.71629      0.70411      0.62271      0.12996
      4.72629      0.61712      0.53786      0.11742
      4.73629      0.36574      0.34810      0.05550
      4.74629      0.28481      0.25097      0.05079
      4.75629      0.30514      0.24131      0.06666
      4.76629      0.30361      0.23519      0.06861
      4.77629      0.48930      0.37930      0.11068
      4.78629      0.69599      0.55295      0.15249
      4.79629      0.92771      0.80290      0.17566
      4.80629      1.20172      1.11113      0.19955
      4.81629      1.04439      0.98976      0.16607
      4.82629      0.62674      0.65722      0.07106
      4.83629      0.39469      0.47475      0.01563
      4.84629      0.28394      0.32658      0.01728
      4.85629      0.33903      0.34176      0.04205
      4.86629      0.41109      0.39186      0.06167
      4.87629      0.42433      0.40040      0.06542
      4.88629      0.33789      0.33086      0.04622
      4.89629      0.21738      0.19673      0.03839
      4.90629      0.31854      0.24348      0.07921
      4.91629      0.52757      0.41337      0.12627
      4.92629      0.61164      0.55498      0.11026
      4.93629      0.59468      0.65496      0.05324
      4.94629      0.58707      0.67455      0.03818
      4.95629      0.57650      0.59948      0.06398
      4.96629      0.40178      0.39025      0.05661
      4.97629      0.24699      0.21662      0.04626
      4.98629      0.40535      0.34239      0.08266
      4.99629      0.65011      0.60185      0.10860
      5.00629      0.70489      0.67299      0.11135
      5.01629      0.66224      0.57711      0.13501
      5.02629      0.67725      0.56934      0.15042
      5.03629      0.51823      0.45778      0.10399
      5.04629      0.39112      0.34193      0.07677
      5.05629      0.40039      0.36438      0.07053
      5.06629      0.33969      0.33381      0.04874
      5.07629      0.27173      0.26686      0.03951
      5.08629      0.25874      0.27265      0.02998
      5.09629      0.27741      0.27933      0.03765
      5.10629      0.26213      0.22239      0.05432
      5.11629      0.22974      0.18490      0.05325
      5.12629      0.31603      0.29283      0.05610
      5.13629      0.67883      0.64879      0.10941
      5.14629      0.93793      0.92302      0.13609
      5.15629      0.74271      0.79777      0.07519
      5.16629      0.49908      0.56833      0.03443
      5.17629      0.47431      0.49351      0.05396
      5.18629      0.48313      0.46912      0.07131
      5.19629      0.43524      0.40796      0.07079
      5.20629      0.52995      0.47842      0.09474
      5.21629      0.74808      0.69485      0.12770
      5.22629      0.78613      0.77150      0.11871
      5.23629      0.60789      0.59598      0.09426
      5.24629      0.43823      0.37703      0.09395
      5.25629      0.53586      0.43587      0.12827
      5.26629      0.63946      0.55284      0.13840
      5.27629      0.44112      0.42706      0.07432
      5.28629      0.22431      0.25948      0.01807
      5.29629      0.12613      0.14017      0.01224
      5.30629      0.15189      0.12471      0.03401
      5.31629      0.26034      0.21751      0.05683
      5.32629      0.44772      0.41981      0.07731
      5.33629      0.55980      0.59031      0.06507
      5.34629      0.51826      0.62178      0.02329
      5.35629      0.42264      0.53162      0.00873
      5.36629      0.39900      0.45332      0.03435
      5.37629      0.53787      0.51577      0.09113
      5.38629      0.66095      0.57988      0.13572
      5.39629      0.58641      0.47573      0.13772
      5.40629      0.35097      0.27044      0.08825
      5.41629      0.21520      0.19104      0.04246
      5.42629      0.34666      0.35476      0.04815
      5.43629      0.39682      0.40909      0.05423
      5.44629      0.23878      0.22762      0.04075
      5.45629      0.21224      0.16443      0.05282
      5.46629      0.24409      0.18081      0.06506
      5.47629      0.23290      0.20186      0.04851
      5.48629      0.45246      0.50222      0.04131
      5.49629      0.93988      1.09989      0.05997
      5.50629      1.16051      1.32037      0.09514
      5.51629      1.08127      1.09119      0.15810
      5.52629      0.96878      0.90918      0.17614
      5.53629      0.65770      0.62390      0.11659
      5.54629      0.44094      0.44330      0.06620
      5.55629      0.48985      0.51853      0.06108
      5.56629      0.44208      0.44400      0.06527
      5.57629      0.24800      0.23867      0.04107
      5.58629      0.16939      0.19561      0.01398
      5.59629      0.19857      0.22704      0.01753
      5.60629      0.25580      0.22715      0.05158
      5.61629      0.34259      0.28467      0.07856
      5.62629      0.44095      0.39791      0.08710
      5.63629      0.51594      0.44774      0.10916
      5.64629      0.48163      0.37440      0.12206
      5.65629      0.41912      0.32272      0.10937
      5.66629      0.43844      0.42879      0.07306
      5.67629      0.57833      0.69028      0.03656
      5.68629      0.66902      0.80512      0.03721
      5.69629      0.63470      0.70899      0.06027
      5.70629      0.42536      0.43332      0.05981
      5.71629      0.22562      0.20261      0.04425
      5.72629      0.28538      0.24367      0.06217
      5.73629      0.39288      0.34905      0.08008
      5.74629      0.32819      0.32894      0.05068
      5.75629      0.25977      0.25998      0.04125
      5.76629      0.21966      0.17932      0.05411
      5.77629      0.22834      0.16252      0.06778
      5.78629      0.35121      0.25318      0.10315
      5.79629      0.59711      0.49482      0.14447
      5.80629      0.95851      0.96507      0.14832
      5.81629      1.22329      1.39699      0.10812
      5.82629      1.03478      1.26902      0.04841
      5.83629      0.65703      0.83168      0.01663
      5.84629      0.56445      0.67708      0.03113
      5.85629      0.59622      0.66008      0.05929
      5.86629      0.48762      0.51223      0.06073
      5.87629      0.27140      0.27196      0.03965
      5.88629      0.23370      0.21475      0.04416
      5.89629      0.34314      0.28384      0.08045
      5.90629      0.33023      0.25340      0.08759
      5.91629      0.27792      0.23384      0.06487
      5.92629      0.33330      0.35117      0.04418
      5.93629      0.48518      0.52608      0.05728
      5.94629      0.56944      0.59190      0.07916
      5.95629      0.56352      0.55687      0.09068
      5.96629      0.48848      0.47280      0.08291
      5.97629      0.28484      0.29828      0.03786
      5.98629      0.13607      0.16105      0.00920
      5.99629      0.22102      0.25252      0.01888
      6.00629      0.42605      0.43907      0.05893
      6.01629      0.54302      0.55283      0.07759
      6.02629      0.58642      0.66308      0.05152
      6.03629      0.64905      0.75542      0.04724
      6.04629      0.65442      0.71776      0.06921
      6.05629      0.65816      0.65207      0.10399
      6.06629      0.86095      0.80735      0.15934
      6.07629      1.04440      0.91866      0.22351
      6.08629      0.95218      0.79241      0.22663
      6.09629      0.63659      0.54732      0.14287
      6.10629      0.35257      0.33656      0.06190
      6.11629      0.33205      0.39731      0.01757
      6.12629      0.41864      0.53813      0.00241
      6.13629      0.32412      0.42044      0.00025
      6.14629      0.20961      0.27008      0.00270
      6.15629      0.19553      0.21243      0.02267
      6.16629      0.39997      0.38546      0.07013
      6.17629      0.63102      0.66991      0.07990
      6.18629      0.52155      0.61474      0.03411
      6.19629      0.44186      0.53917      0.01376
      6.20629      0.67923      0.77890      0.04527
      6.21629      0.87450      0.94349      0.09304
      6.22629      0.84420      0.89401      0.10110
      6.23629      0.77379      0.81382      0.09768
      6.24629      0.65232      0.70518      0.07339
      6.25629      0.49284      0.54369      0.04893
      6.26629      0.39250      0.41051      0.04615
      6.27629      0.34760      0.36725      0.03559
      6.28629      0.42771      0.44798      0.04906
      6.29629      0.50002      0.49472      0.07359
      6.30629      0.35847      0.33605      0.06242
      6.31629      0.28595      0.27594      0.04814
      6.32629      0.50295      0.50940      0.07086
      6.33629      0.73600      0.74973      0.09263
      6.34629      0.74090      0.72614      0.10198
      6.35629      0.56746      0.52042      0.09691
      6.36629      0.57780      0.52876      0.10553
      6.37629      0.77901      0.76618      0.12135
      6.38629      0.74156      0.79235      0.08329
      6.39629      0.53934      0.59876      0.04187
      6.40629      0.56811      0.58730      0.06463
      6.41629      0.64143      0.65161      0.08467
      6.42629      0.47308      0.50460      0.05053
      6.43629      0.41339      0.44971      0.03710
      6.44629      0.48730      0.51559      0.04515
      6.45629      0.43617      0.45110      0.03425
      6.46629      0.49688      0.50007      0.04108
      6.47629      0.60115      0.60435      0.06138
      6.48629      0.53328      0.54530      0.06311
      6.49629      0.43910      0.46427      0.04557
      6.50629      0.57453      0.59073      0.05689
      6.51629      0.79770      0.74342      0.12401
      6.52629      0.70668      0.62752      0.13867
      6.53629      0.49965      0.47360      0.08868
      6.54629      0.47063      0.46381      0.06874
      6.55629      0.64333      0.64247      0.07083
      6.56629      0.93887      0.96589      0.07293
      6.57629      0.94964      0.99393      0.06439
      6.58629      0.63395      0.67946      0.03745
      6.59629      0.38470      0.40446      0.03064
      6.60629      0.51928      0.49485      0.07473
      6.61629      0.91783      0.92697      0.11406
      6.62629      1.09003      1.18057      0.09795
      6.63629      0.90900      0.99845      0.07138
      6.64629      0.65485      0.65952      0.07380
      6.65629      0.53804      0.46657      0.09142
      6.66629      0.53142      0.41637      0.11766
      6.67629      0.59840      0.48251      0.11814
      6.68629      0.61748      0.55979      0.07077
      6.69629      0.55141      0.56223      0.02948
      6.70629      0.49992      0.52159      0.03332
      6.71629      0.66115      0.63753      0.08115
      6.72629      1.00496      0.98945      0.11137
      6.73629      0.98062      0.99869      0.09240
      6.74629      0.61960      0.59948      0.07379
      6.75629      0.42787      0.38231      0.05715
      6.76629      0.42346      0.39280      0.04503
      6.77629      0.65228      0.62900      0.06703
      6.78629      0.87513      0.82185      0.11603
      6.79629      0.94927      0.83576      0.17431
      6.80629      1.02518      0.87673      0.19513
      6.81629      1.05693      0.92134      0.16425
      6.82629      1.08682      0.98931      0.14805
      6.83629      0.98350      0.94718      0.11964
      6.84629      0.86445      0.84812      0.09566
      6.85629      0.83946      0.79421      0.10391
      6.86629      0.66460      0.57673      0.11395
      6.87629      0.44575      0.35901      0.09336
      6.88629      0.48657      0.41925      0.07748
      6.89629      0.64816      0.59711      0.08169
      6.90629      0.84392      0.82695      0.08812
      6.91629      0.96690      0.99208      0.08037
      6.92629      0.90298      0.90159      0.09729
      6.93629      0.76269      0.70052      0.12347
      6.94629      0.54494      0.46324      0.10973
      6.95629      0.67026      0.56219      0.13997
      6.96629      1.09236      0.90829      0.22829
      6.97629      1.29552      1.04063      0.28178
      6.98629      0.95686      0.77077      0.20709
      6.99629      0.55535      0.49700      0.10330
      7.00629      0.48499      0.47463      0.07170
      7.01629      0.59228      0.58919      0.07444
      7.02629      0.71848      0.74226      0.06920
      7.03629      0.82054      0.90341      0.04666
      7.04629      0.69366      0.79147      0.02530
      7.05629      0.41730      0.44556      0.03249
      7.06629      0.52155      0.47839      0.08431
      7.07629      0.64826      0.57232      0.11734
      7.08629      0.45983      0.39860      0.08345
      7.09629      0.39291      0.35092      0.05687
      7.10629      0.47059      0.40940      0.07481
      7.11629      0.45218      0.36699      0.09401
      7.12629      0.44902      0.37460      0.09772
      7.13629      0.60520      0.56167      0.10075
      7.14629      0.65048      0.62374      0.08844
      7.15629      0.54537      0.53513      0.05717
      7.16629      0.58799      0.57200      0.05876
      7.17629      0.66126      0.62985      0.07996
      7.18629      0.55397      0.52675      0.07853
      7.19629      0.38844      0.34244      0.07232
      7.20629      0.32854      0.26543      0.06891
      7.21629      0.43451      0.33908      0.10193
      7.22629      0.60831      0.50060      0.13530
      7.23629      0.79632      0.70773      0.14374
      7.24629      1.06497      0.94377      0.18679
      7.25629      1.12599      0.96636      0.21561
      7.26629      0.83364      0.71691      0.16608
      7.27629      0.47397      0.44745      0.07716
      7.28629      0.22358      0.21799      0.03340
      7.29629      0.15376      0.13188      0.03389
      7.30629      0.29116      0.26814      0.05047
      7.31629      0.54384      0.51439      0.07532
      7.32629      0.63544      0.58503      0.08571
      7.33629      0.47303      0.41561      0.07321
      7.34629      0.28599      0.22292      0.06770
      7.35629      0.24903      0.18660      0.07025
      7.36629      0.35581      0.34055      0.05500
      7.37629      0.74019      0.74742      0.08262
      7.38629      0.93255      0.90022      0.12469
      7.39629      0.61794      0.58618      0.09042
      7.40629      0.40567      0.36567      0.07455
      7.41629      0.53207      0.43766      0.12227
      7.42629      0.74533      0.64686      0.14589
      7.43629      0.72339      0.67619      0.10396
      7.44629      0.55755      0.56165      0.05625
      7.45629      0.62818      0.61463      0.08424
      7.46629      0.85850      0.78548      0.14870
      7.47629      1.07664      1.03168      0.15370
      7.48629      1.01551      1.04317      0.08787
      7.49629      0.64072      0.65781      0.04405
      7.50629      0.57380      0.52359      0.08296
      7.51629      0.80532      0.69591      0.14864
      7.52629      0.90696      0.78848      0.16961
      7.53629      0.77109      0.68119      0.14186
      7.54629      0.67572      0.60217      0.12359
      7.55629      0.71478      0.66020      0.11417
      7.56629      0.53703      0.51630      0.06577
      7.57629      0.45972      0.46635      0.02711
      7.58629      0.56436      0.57972      0.02302
      7.59629      0.46337      0.47092      0.02284
      7.60629      0.44645      0.41844      0.04825
      7.61629      0.70333      0.60784      0.11375
      7.62629      1.08740      0.94084      0.18439
      7.63629      1.26259      1.11853      0.21140
      7.64629      0.92224      0.85867      0.13248
      7.65629      0.59064      0.62638      0.03785
      7.66629      0.64010      0.72289      0.01250
      7.67629      0.72110      0.74415      0.05224
      7.68629      0.80057      0.69362      0.14626
      7.69629      0.79171      0.62382      0.19174
      7.70629      0.57307      0.48301      0.12101
      7.71629      0.45034      0.46510      0.04109
      7.72629      0.54266      0.59270      0.02189
      7.73629      0.56395      0.59825      0.03298
      7.74629      0.55493      0.54875      0.05316
      7.75629      0.51858      0.48594      0.05632
      7.76629      0.38418      0.32881      0.06417
      7.77629      0.33843      0.25259      0.09013
      7.78629      0.52071      0.42724      0.11097
      7.79629      0.79456      0.74738      0.09470
      7.80629      0.87569      0.84946      0.08654
      7.81629      0.83412      0.77718      0.11649
      7.82629      0.92887      0.80668      0.17465
      7.83629      0.85832      0.70291      0.18309
      7.84629      0.66104      0.55660      0.12233
      7.85629      0.69640      0.61223      0.11039
      7.86629      0.85843      0.77414      0.13400
      7.87629      0.88546      0.81378      0.13254
      7.88629      0.66439      0.60927      0.09345
      7.89629      0.60821      0.56443      0.07833
      7.90629      0.65909      0.62878      0.08310
      7.91629      0.60565      0.59891      0.07170
      7.92629      0.61766      0.64544      0.05778
      7.93629      0.79097      0.81718      0.07797
      7.94629      0.98382      0.98807      0.10270
      7.95629      0.97152      0.95942      0.10072
      7.96629      0.79842      0.78099      0.08316
      7.97629      0.47143      0.44644      0.05611
      7.98629      0.29281      0.27034      0.03427
      7.99629      0.35714      0.30623      0.05780
      8.00629      0.50569      0.39980      0.11069
