Energy-E_F (eV)    DOS (1/eV)    PDOS (1/eV)  of atom type B  N  
     -4.99000      0.31540      0.10854      0.20686
     -4.98000      0.45344      0.15169      0.30175
     -4.97000      0.68767      0.23450      0.45317
     -4.96000      0.70091      0.24493      0.45598
     -4.95000      0.55643      0.19421      0.36222
     -4.94000      0.62883      0.21771      0.41112
     -4.93000      0.73773      0.26006      0.47767
     -4.92000      0.65685      0.23211      0.42474
     -4.91000      0.66085      0.22818      0.43268
     -4.90000      0.78800      0.27285      0.51515
     -4.89000      0.81446      0.28793      0.52653
     -4.88000      0.86336      0.30749      0.55586
     -4.87000      1.00831      0.35791      0.65040
     -4.86000      1.37354      0.48459      0.88895
     -4.85000      1.51383      0.53367      0.98016
     -4.84000      1.20006      0.42336      0.77670
     -4.83000      1.06585      0.37282      0.69302
     -4.82000      1.16879      0.40846      0.76033
     -4.81000      0.89196      0.31124      0.58072
     -4.80000      0.69978      0.24247      0.45731
     -4.79000      0.73709      0.25469      0.48240
     -4.78000      0.66829      0.23236      0.43593
     -4.77000      0.68173      0.23722      0.44451
     -4.76000      0.84304      0.29136      0.55168
     -4.75000      0.97624      0.33863      0.63761
     -4.74000      0.80435      0.28103      0.52332
     -4.73000      0.78548      0.27432      0.51116
     -4.72000      1.12081      0.39189      0.72892
     -4.71000      1.33428      0.47108      0.86320
     -4.70000      1.09780      0.39026      0.70753
     -4.69000      0.62514      0.22422      0.40092
     -4.68000      0.61784      0.22547      0.39237
     -4.67000      0.77429      0.28198      0.49231
     -4.66000      0.85699      0.30331      0.55368
     -4.65000      1.32704      0.45661      0.87043
     -4.64000      1.79539      0.61803      1.17735
     -4.63000      1.46746      0.50989      0.95758
     -4.62000      0.88609      0.30977      0.57632
     -4.61000      0.73978      0.25866      0.48112
     -4.60000      0.75147      0.26494      0.48653
     -4.59000      0.79550      0.28014      0.51535
     -4.58000      1.02410      0.35542      0.66869
     -4.57000      1.13358      0.38984      0.74374
     -4.56000      0.94550      0.32590      0.61960
     -4.55000      0.81435      0.28188      0.53246
     -4.54000      0.95064      0.32681      0.62383
     -4.53000      1.32319      0.45524      0.86795
     -4.52000      1.87180      0.65480      1.21700
     -4.51000      1.77056      0.62957      1.14099
     -4.50000      1.01846      0.36315      0.65531
     -4.49000      0.65962      0.22773      0.43190
     -4.48000      0.65898      0.22463      0.43435
     -4.47000      0.58103      0.19862      0.38240
     -4.46000      0.55769      0.19081      0.36688
     -4.45000      0.48995      0.16898      0.32097
     -4.44000      0.67586      0.23435      0.44151
     -4.43000      1.21235      0.41849      0.79387
     -4.42000      1.66058      0.57376      1.08682
     -4.41000      1.47685      0.51142      0.96543
     -4.40000      1.13455      0.39066      0.74389
     -4.39000      1.22585      0.42040      0.80545
     -4.38000      1.27470      0.44206      0.83264
     -4.37000      1.34550      0.46907      0.87643
     -4.36000      1.34494      0.46472      0.88022
     -4.35000      1.31881      0.45591      0.86289
     -4.34000      1.43635      0.50445      0.93190
     -4.33000      1.12874      0.39970      0.72904
     -4.32000      0.87950      0.30888      0.57062
     -4.31000      1.45001      0.50333      0.94668
     -4.30000      1.71951      0.59532      1.12419
     -4.29000      1.29899      0.44682      0.85217
     -4.28000      1.19677      0.40768      0.78909
     -4.27000      1.04509      0.35635      0.68874
     -4.26000      0.91253      0.31253      0.60000
     -4.25000      1.30228      0.44813      0.85414
     -4.24000      1.68855      0.58395      1.10460
     -4.23000      1.86190      0.64434      1.21756
     -4.22000      2.24211      0.77354      1.46857
     -4.21000      1.96328      0.67550      1.28778
     -4.20000      1.29078      0.44368      0.84710
     -4.19000      0.81748      0.28018      0.53730
     -4.18000      0.80760      0.27523      0.53237
     -4.17000      1.33059      0.45517      0.87542
     -4.16000      1.57324      0.53980      1.03344
     -4.15000      1.25257      0.43047      0.82210
     -4.14000      1.04003      0.35638      0.68365
     -4.13000      1.18581      0.40626      0.77955
     -4.12000      1.11684      0.38264      0.73420
     -4.11000      1.00363      0.34166      0.66197
     -4.10000      1.26046      0.43002      0.83043
     -4.09000      1.48686      0.51233      0.97453
     -4.08000      1.08250      0.37533      0.70717
     -4.07000      0.65383      0.22569      0.42813
     -4.06000      0.88069      0.30053      0.58016
     -4.05000      1.37591      0.47025      0.90566
     -4.04000      1.42315      0.48765      0.93551
     -4.03000      1.02447      0.34937      0.67510
     -4.02000      0.89765      0.30736      0.59029
     -4.01000      1.35476      0.46771      0.88705
     -4.00000      1.57837      0.54137      1.03700
     -3.99000      1.37446      0.46515      0.90931
     -3.98000      1.16443      0.39299      0.77144
     -3.97000      0.83761      0.28858      0.54903
     -3.96000      0.71345      0.25375      0.45970
     -3.95000      0.59781      0.21350      0.38431
     -3.94000      0.69416      0.24402      0.45015
     -3.93000      1.14181      0.39547      0.74634
     -3.92000      1.01285      0.34674      0.66611
     -3.91000      0.58669      0.19882      0.38787
     -3.90000      0.69683      0.23477      0.46205
     -3.89000      1.15736      0.38988      0.76749
     -3.88000      1.36283      0.46090      0.90193
     -3.87000      1.09919      0.37332      0.72587
     -3.86000      0.91093      0.30979      0.60114
     -3.85000      0.90758      0.30638      0.60119
     -3.84000      0.92961      0.31422      0.61539
     -3.83000      1.35371      0.46239      0.89131
     -3.82000      1.85364      0.63386      1.21978
     -3.81000      1.42374      0.48566      0.93808
     -3.80000      0.49057      0.16698      0.32359
     -3.79000      0.11607      0.03910      0.07697
     -3.78000      0.27394      0.09223      0.18171
     -3.77000      0.68749      0.23520      0.45229
     -3.76000      0.96291      0.33194      0.63097
     -3.75000      0.96219      0.32796      0.63423
     -3.74000      0.96627      0.32614      0.64013
     -3.73000      1.21351      0.41077      0.80274
     -3.72000      1.32057      0.44430      0.87626
     -3.71000      1.05900      0.35301      0.70599
     -3.70000      0.75643      0.25546      0.50097
     -3.69000      0.70360      0.24371      0.45989
     -3.68000      0.70082      0.24508      0.45574
     -3.67000      0.54126      0.18830      0.35296
     -3.66000      0.57225      0.19422      0.37803
     -3.65000      0.89067      0.29730      0.59337
     -3.64000      0.91768      0.30423      0.61345
     -3.63000      0.82331      0.27604      0.54726
     -3.62000      1.12419      0.38172      0.74247
     -3.61000      1.03488      0.35247      0.68241
     -3.60000      0.59847      0.20615      0.39232
     -3.59000      0.50480      0.17605      0.32875
     -3.58000      0.81913      0.27959      0.53953
     -3.57000      1.38744      0.46749      0.91994
     -3.56000      1.30500      0.43669      0.86831
     -3.55000      0.83673      0.27849      0.55825
     -3.54000      0.98518      0.32936      0.65582
     -3.53000      1.20945      0.40684      0.80262
     -3.52000      1.10772      0.37390      0.73382
     -3.51000      1.13149      0.38006      0.75143
     -3.50000      1.15511      0.38771      0.76740
     -3.49000      0.86839      0.29390      0.57449
     -3.48000      0.60803      0.20639      0.40164
     -3.47000      0.49549      0.16477      0.33072
     -3.46000      0.46890      0.15349      0.31541
     -3.45000      0.46238      0.15332      0.30906
     -3.44000      0.54604      0.18509      0.36095
     -3.43000      0.60941      0.20836      0.40106
     -3.42000      0.66870      0.22777      0.44093
     -3.41000      1.03983      0.34861      0.69122
     -3.40000      1.40085      0.46600      0.93484
     -3.39000      1.21981      0.40724      0.81257
     -3.38000      1.37528      0.46352      0.91176
     -3.37000      1.54123      0.51937      1.02186
     -3.36000      1.01108      0.33724      0.67384
     -3.35000      0.52080      0.17029      0.35051
     -3.34000      0.38489      0.12445      0.26044
     -3.33000      0.29321      0.09471      0.19850
     -3.32000      0.12128      0.03946      0.08182
     -3.31000      0.12498      0.04241      0.08258
     -3.30000      0.29658      0.10115      0.19543
     -3.29000      0.39524      0.13381      0.26143
     -3.28000      0.62087      0.20665      0.41422
     -3.27000      1.04032      0.34332      0.69700
     -3.26000      1.10931      0.36501      0.74430
     -3.25000      0.94407      0.31300      0.63107
     -3.24000      1.02591      0.34367      0.68225
     -3.23000      1.19037      0.39778      0.79259
     -3.22000      1.05950      0.35265      0.70685
     -3.21000      0.85279      0.28368      0.56911
     -3.20000      0.76239      0.25210      0.51029
     -3.19000      0.67961      0.22561      0.45401
     -3.18000      0.62764      0.20758      0.42006
     -3.17000      0.78479      0.25523      0.52955
     -3.16000      0.92315      0.30235      0.62080
     -3.15000      0.94622      0.31357      0.63265
     -3.14000      1.13844      0.37663      0.76181
     -3.13000      1.54307      0.50982      1.03324
     -3.12000      1.41472      0.46721      0.94750
     -3.11000      0.69589      0.22985      0.46604
     -3.10000      0.17044      0.05639      0.11405
     -3.09000      0.09632      0.03164      0.06468
     -3.08000      0.41077      0.13444      0.27633
     -3.07000      0.86317      0.28242      0.58075
     -3.06000      1.00016      0.32917      0.67099
     -3.05000      0.96307      0.31977      0.64330
     -3.04000      0.72212      0.23825      0.48387
     -3.03000      0.60897      0.19775      0.41123
     -3.02000      0.83184      0.27264      0.55920
     -3.01000      1.12433      0.37045      0.75388
     -3.00000      0.89352      0.29348      0.60004
     -2.99000      0.47178      0.15462      0.31717
     -2.98000      0.52196      0.17017      0.35178
     -2.97000      0.73170      0.23489      0.49682
     -2.96000      0.64521      0.20513      0.44008
     -2.95000      0.36750      0.11732      0.25018
     -2.94000      0.35083      0.11287      0.23796
     -2.93000      0.46160      0.14799      0.31360
     -2.92000      0.39843      0.12882      0.26961
     -2.91000      0.23131      0.07627      0.15504
     -2.90000      0.26065      0.08710      0.17355
     -2.89000      0.66479      0.22156      0.44323
     -2.88000      1.06995      0.35342      0.71654
     -2.87000      1.43603      0.46659      0.96944
     -2.86000      2.01451      0.65129      1.36323
     -2.85000      2.12738      0.68882      1.43856
     -2.84000      1.60178      0.51711      1.08467
     -2.83000      0.80024      0.25661      0.54364
     -2.82000      0.28295      0.08963      0.19332
     -2.81000      0.28861      0.09039      0.19822
     -2.80000      0.40012      0.12693      0.27319
     -2.79000      0.45037      0.14687      0.30350
     -2.78000      0.49382      0.16195      0.33187
     -2.77000      0.52235      0.16746      0.35490
     -2.76000      0.64303      0.20278      0.44025
     -2.75000      0.74861      0.23701      0.51160
     -2.74000      0.56910      0.18160      0.38750
     -2.73000      0.46008      0.14733      0.31276
     -2.72000      0.83146      0.26465      0.56681
     -2.71000      1.09310      0.34895      0.74414
     -2.70000      0.82974      0.26761      0.56212
     -2.69000      0.53381      0.17299      0.36081
     -2.68000      0.65755      0.21099      0.44656
     -2.67000      0.77768      0.24767      0.53001
     -2.66000      0.61853      0.19442      0.42411
     -2.65000      0.59235      0.18315      0.40920
     -2.64000      0.56023      0.17234      0.38789
     -2.63000      0.42311      0.13039      0.29272
     -2.62000      0.33874      0.10695      0.23179
     -2.61000      0.50642      0.16363      0.34278
     -2.60000      0.60114      0.19452      0.40661
     -2.59000      0.58106      0.18528      0.39578
     -2.58000      0.87686      0.27873      0.59813
     -2.57000      1.42916      0.45995      0.96921
     -2.56000      1.85453      0.59785      1.25669
     -2.55000      1.39233      0.44536      0.94697
     -2.54000      0.69721      0.21899      0.47822
     -2.53000      0.56355      0.17649      0.38706
     -2.52000      0.50029      0.15895      0.34134
     -2.51000      0.39630      0.12409      0.27221
     -2.50000      0.43365      0.13215      0.30149
     -2.49000      0.55273      0.16785      0.38489
     -2.48000      0.78596      0.24059      0.54537
     -2.47000      0.83493      0.25748      0.57745
     -2.46000      0.62297      0.19122      0.43175
     -2.45000      0.47760      0.14455      0.33304
     -2.44000      0.54325      0.16393      0.37931
     -2.43000      0.83217      0.25423      0.57794
     -2.42000      1.14046      0.35397      0.78648
     -2.41000      1.02344      0.31947      0.70398
     -2.40000      0.68187      0.21199      0.46988
     -2.39000      0.67364      0.20861      0.46502
     -2.38000      0.60880      0.19013      0.41867
     -2.37000      0.44649      0.14181      0.30468
     -2.36000      0.28992      0.09184      0.19808
     -2.35000      0.34177      0.10466      0.23711
     -2.34000      0.59530      0.18206      0.41324
     -2.33000      0.56989      0.17474      0.39514
     -2.32000      0.47431      0.14368      0.33063
     -2.31000      0.54833      0.16695      0.38138
     -2.30000      0.77491      0.23800      0.53691
     -2.29000      1.48175      0.45440      1.02735
     -2.28000      2.09810      0.64672      1.45138
     -2.27000      1.50428      0.46452      1.03976
     -2.26000      0.51373      0.15761      0.35613
     -2.25000      0.08484      0.02568      0.05916
     -2.24000      0.05930      0.01734      0.04195
     -2.23000      0.31057      0.09077      0.21980
     -2.22000      0.78088      0.22998      0.55091
     -2.21000      1.03861      0.31229      0.72632
     -2.20000      0.86103      0.26553      0.59550
     -2.19000      0.39001      0.12201      0.26799
     -2.18000      0.12169      0.03827      0.08341
     -2.17000      0.25461      0.07960      0.17500
     -2.16000      0.64245      0.19851      0.44393
     -2.15000      0.93113      0.28423      0.64690
     -2.14000      0.85251      0.25810      0.59441
     -2.13000      0.66042      0.19742      0.46300
     -2.12000      0.42083      0.12387      0.29695
     -2.11000      0.29195      0.08420      0.20776
     -2.10000      0.53469      0.15320      0.38150
     -2.09000      0.87269      0.25211      0.62058
     -2.08000      1.14788      0.33668      0.81120
     -2.07000      1.32643      0.39213      0.93430
     -2.06000      1.11278      0.32972      0.78306
     -2.05000      0.79042      0.23577      0.55465
     -2.04000      0.80725      0.24124      0.56601
     -2.03000      0.86290      0.26043      0.60247
     -2.02000      0.82099      0.24773      0.57326
     -2.01000      0.79089      0.23008      0.56081
     -2.00000      0.70544      0.20104      0.50440
     -1.99000      0.55138      0.15869      0.39270
     -1.98000      0.56661      0.16309      0.40352
     -1.97000      0.62133      0.17872      0.44261
     -1.96000      0.74595      0.21922      0.52673
     -1.95000      0.58741      0.17623      0.41119
     -1.94000      0.22163      0.06717      0.15446
     -1.93000      0.13864      0.04040      0.09824
     -1.92000      0.42406      0.12267      0.30139
     -1.91000      0.67122      0.19547      0.47575
     -1.90000      0.67600      0.19598      0.48002
     -1.89000      0.90971      0.26017      0.64955
     -1.88000      0.96789      0.27780      0.69009
     -1.87000      0.77413      0.22081      0.55332
     -1.86000      1.02542      0.28576      0.73966
     -1.85000      1.20904      0.34168      0.86736
     -1.84000      0.91758      0.26910      0.64848
     -1.83000      0.64840      0.19551      0.45289
     -1.82000      0.59651      0.18008      0.41642
     -1.81000      0.65408      0.19293      0.46116
     -1.80000      0.79581      0.22312      0.57269
     -1.79000      0.79661      0.21644      0.58017
     -1.78000      0.42262      0.11376      0.30886
     -1.77000      0.11268      0.03056      0.08212
     -1.76000      0.09704      0.02872      0.06832
     -1.75000      0.28159      0.08403      0.19756
     -1.74000      0.47538      0.13957      0.33580
     -1.73000      0.70837      0.20307      0.50530
     -1.72000      0.81421      0.23099      0.58322
     -1.71000      0.70760      0.19669      0.51090
     -1.70000      0.82174      0.22325      0.59849
     -1.69000      1.05080      0.28227      0.76854
     -1.68000      1.07137      0.28475      0.78662
     -1.67000      0.92990      0.25000      0.67990
     -1.66000      1.02774      0.28393      0.74382
     -1.65000      1.28801      0.35765      0.93036
     -1.64000      0.99015      0.27555      0.71460
     -1.63000      0.51836      0.14181      0.37655
     -1.62000      0.45466      0.12263      0.33202
     -1.61000      0.51594      0.14418      0.37175
     -1.60000      0.70179      0.19433      0.50746
     -1.59000      1.01189      0.27309      0.73879
     -1.58000      0.92619      0.24751      0.67868
     -1.57000      0.59301      0.15540      0.43761
     -1.56000      0.47779      0.12556      0.35223
     -1.55000      0.56907      0.15264      0.41643
     -1.54000      0.61263      0.16933      0.44330
     -1.53000      0.55756      0.15985      0.39770
     -1.52000      0.36576      0.10401      0.26175
     -1.51000      0.37940      0.09899      0.28041
     -1.50000      0.75309      0.19424      0.55885
     -1.49000      1.13251      0.29561      0.83691
     -1.48000      1.07060      0.28160      0.78899
     -1.47000      0.66121      0.17262      0.48859
     -1.46000      0.70462      0.17514      0.52948
     -1.45000      0.87812      0.21550      0.66262
     -1.44000      0.52955      0.13011      0.39944
     -1.43000      0.13835      0.03405      0.10430
     -1.42000      0.04992      0.01204      0.03789
     -1.41000      0.22798      0.05452      0.17346
     -1.40000      0.58898      0.14105      0.44793
     -1.39000      0.66531      0.15971      0.50560
     -1.38000      0.34559      0.08317      0.26242
     -1.37000      0.08341      0.02008      0.06332
     -1.36000      0.04714      0.01108      0.03606
     -1.35000      0.18316      0.04282      0.14034
     -1.34000      0.31811      0.07436      0.24375
     -1.33000      0.27856      0.06502      0.21354
     -1.32000      0.46661      0.10863      0.35798
     -1.31000      0.95113      0.22207      0.72906
     -1.30000      1.14282      0.26811      0.87471
     -1.29000      1.03661      0.24295      0.79366
     -1.28000      0.92200      0.21449      0.70752
     -1.27000      0.68193      0.15823      0.52370
     -1.26000      0.45182      0.10484      0.34698
     -1.25000      0.38649      0.08939      0.29710
     -1.24000      0.40889      0.09347      0.31543
     -1.23000      0.71367      0.16098      0.55269
     -1.22000      0.88611      0.19855      0.68756
     -1.21000      0.64755      0.14481      0.50274
     -1.20000      0.41561      0.09328      0.32233
     -1.19000      0.23976      0.05375      0.18601
     -1.18000      0.25968      0.05754      0.20214
     -1.17000      0.40890      0.08984      0.31905
     -1.16000      0.46794      0.10153      0.36640
     -1.15000      0.49264      0.10619      0.38645
     -1.14000      0.54505      0.11742      0.42763
     -1.13000      0.59324      0.12742      0.46581
     -1.12000      0.65355      0.14097      0.51258
     -1.11000      0.83517      0.18077      0.65440
     -1.10000      0.86639      0.18682      0.67957
     -1.09000      0.61115      0.13092      0.48023
     -1.08000      0.51628      0.10930      0.40698
     -1.07000      0.64050      0.13522      0.50528
     -1.06000      0.43956      0.09269      0.34687
     -1.05000      0.33946      0.06990      0.26957
     -1.04000      0.72364      0.14747      0.57616
     -1.03000      0.87013      0.17745      0.69268
     -1.02000      0.49732      0.10110      0.39621
     -1.01000      0.36457      0.07285      0.29172
     -1.00000      0.46945      0.09350      0.37595
     -0.99000      0.51382      0.10235      0.41147
     -0.98000      0.49290      0.09719      0.39571
     -0.97000      0.39406      0.07676      0.31729
     -0.96000      0.40592      0.07844      0.32749
     -0.95000      0.73876      0.14339      0.59538
     -0.94000      1.12602      0.22256      0.90345
     -0.93000      1.54783      0.30848      1.23936
     -0.92000      1.71394      0.33825      1.37568
     -0.91000      1.50192      0.29261      1.20931
     -0.90000      1.33208      0.25627      1.07581
     -0.89000      1.32363      0.25148      1.07215
     -0.88000      1.62946      0.30484      1.32462
     -0.87000      1.89288      0.35038      1.54249
     -0.86000      1.28273      0.23635      1.04638
     -0.85000      0.39638      0.07288      0.32351
     -0.84000      0.08462      0.01531      0.06931
     -0.83000      0.17466      0.03095      0.14371
     -0.82000      0.31100      0.05508      0.25592
     -0.81000      0.21772      0.03855      0.17918
     -0.80000      0.15341      0.02700      0.12641
     -0.79000      0.36916      0.06481      0.30434
     -0.78000      0.68670      0.12157      0.56512
     -0.77000      1.14806      0.20681      0.94125
     -0.76000      1.44554      0.26228      1.18325
     -0.75000      0.98592      0.17730      0.80862
     -0.74000      0.49009      0.08546      0.40463
     -0.73000      0.23505      0.04003      0.19502
     -0.72000      0.22469      0.03776      0.18692
     -0.71000      0.32224      0.05402      0.26822
     -0.70000      0.26305      0.04399      0.21906
     -0.69000      0.28942      0.04812      0.24130
     -0.68000      0.36412      0.06042      0.30369
     -0.67000      0.37565      0.06219      0.31346
     -0.66000      0.46287      0.07630      0.38657
     -0.65000      0.66057      0.10814      0.55243
     -0.64000      0.89539      0.14631      0.74908
     -0.63000      0.94541      0.15547      0.78994
     -0.62000      1.12212      0.18620      0.93593
     -0.61000      1.34478      0.22411      1.12067
     -0.60000      0.97883      0.16324      0.81559
     -0.59000      0.39967      0.06562      0.33405
     -0.58000      0.27253      0.04240      0.23013
     -0.57000      0.36413      0.05595      0.30818
     -0.56000      0.32512      0.04995      0.27518
     -0.55000      0.13680      0.02098      0.11582
     -0.54000      0.08345      0.01244      0.07101
     -0.53000      0.26413      0.03907      0.22505
     -0.52000      0.49007      0.07279      0.41728
     -0.51000      0.46801      0.06989      0.39812
     -0.50000      0.25352      0.03791      0.21561
     -0.49000      0.26197      0.03852      0.22345
     -0.48000      0.60480      0.08843      0.51638
     -0.47000      0.74159      0.10857      0.63302
     -0.46000      0.51515      0.07580      0.43936
     -0.45000      0.27114      0.03952      0.23163
     -0.44000      0.27282      0.03822      0.23460
     -0.43000      0.30842      0.04280      0.26562
     -0.42000      0.18597      0.02565      0.16032
     -0.41000      0.26379      0.03566      0.22813
     -0.40000      0.55233      0.07419      0.47814
     -0.39000      0.57019      0.07625      0.49394
     -0.38000      0.42630      0.05683      0.36947
     -0.37000      0.40490      0.05388      0.35102
     -0.36000      0.43127      0.05704      0.37423
     -0.35000      0.57614      0.07568      0.50046
     -0.34000      0.72620      0.09478      0.63141
     -0.33000      0.64669      0.08360      0.56309
     -0.32000      0.37584      0.04767      0.32817
     -0.31000      0.26879      0.03308      0.23570
     -0.30000      0.32477      0.03956      0.28522
     -0.29000      0.21951      0.02668      0.19283
     -0.28000      0.10721      0.01272      0.09449
     -0.27000      0.22209      0.02567      0.19642
     -0.26000      0.37462      0.04324      0.33138
     -0.25000      0.40353      0.04656      0.35697
     -0.24000      0.38428      0.04422      0.34007
     -0.23000      0.34422      0.03903      0.30519
     -0.22000      0.41050      0.04556      0.36493
     -0.21000      0.36659      0.04026      0.32633
     -0.20000      0.16496      0.01796      0.14700
     -0.19000      0.12941      0.01359      0.11582
     -0.18000      0.28386      0.02953      0.25433
     -0.17000      0.32513      0.03365      0.29148
     -0.16000      0.37264      0.03770      0.33494
     -0.15000      0.67579      0.06733      0.60846
     -0.14000      0.79536      0.07877      0.71659
     -0.13000      0.44208      0.04367      0.39841
     -0.12000      0.10276      0.01014      0.09262
     -0.11000      0.01973      0.00185      0.01788
     -0.10000      0.08777      0.00782      0.07995
     -0.09000      0.30226      0.02687      0.27539
     -0.08000      0.44123      0.03916      0.40206
     -0.07000      0.29198      0.02573      0.26624
     -0.06000      0.22007      0.01862      0.20145
     -0.05000      0.34898      0.02890      0.32008
     -0.04000      0.40038      0.03270      0.36768
     -0.03000      0.37644      0.03025      0.34618
     -0.02000      0.25175      0.01994      0.23181
     -0.01000      0.17942      0.01374      0.16567
      0.00000      0.14739      0.01113      0.13626
      0.01000      0.05765      0.00435      0.05331
      0.02000      0.00850      0.00064      0.00786
      0.03000      0.00046      0.00003      0.00043
      0.04000      0.00001      0.00000      0.00001
      0.05000      0.00000      0.00000      0.00000
      0.06000      0.00000      0.00000      0.00000
      0.07000      0.00000      0.00000      0.00000
      0.08000      0.00000      0.00000      0.00000
      0.09000      0.00000      0.00000      0.00000
      0.10000      0.00000      0.00000      0.00000
      0.11000      0.00000      0.00000      0.00000
      0.12000      0.00000      0.00000      0.00000
      0.13000      0.00000      0.00000      0.00000
      0.14000      0.00000      0.00000      0.00000
      0.15000      0.00000      0.00000      0.00000
      0.16000      0.00000      0.00000      0.00000
      0.17000      0.00000      0.00000      0.00000
      0.18000      0.00000      0.00000      0.00000
      0.19000      0.00000      0.00000      0.00000
      0.20000      0.00000      0.00000      0.00000
      0.21000      0.00000      0.00000      0.00000
      0.22000      0.00000      0.00000      0.00000
      0.23000      0.00000      0.00000      0.00000
      0.24000      0.00000      0.00000      0.00000
      0.25000      0.00000      0.00000      0.00000
      0.26000      0.00000      0.00000      0.00000
      0.27000      0.00000      0.00000      0.00000
      0.28000      0.00000      0.00000      0.00000
      0.29000      0.00000      0.00000      0.00000
      0.30000      0.00000      0.00000      0.00000
      0.31000      0.00000      0.00000      0.00000
      0.32000      0.00000      0.00000      0.00000
      0.33000      0.00000      0.00000      0.00000
      0.34000      0.00000      0.00000      0.00000
      0.35000      0.00000      0.00000      0.00000
      0.36000      0.00000      0.00000      0.00000
      0.37000      0.00000      0.00000      0.00000
      0.38000      0.00000      0.00000      0.00000
      0.39000      0.00000      0.00000      0.00000
      0.40000      0.00000      0.00000      0.00000
      0.41000      0.00000      0.00000      0.00000
      0.42000      0.00000      0.00000      0.00000
      0.43000      0.00000      0.00000      0.00000
      0.44000      0.00000      0.00000      0.00000
      0.45000      0.00000      0.00000      0.00000
      0.46000      0.00000      0.00000      0.00000
      0.47000      0.00000      0.00000      0.00000
      0.48000      0.00000      0.00000      0.00000
      0.49000      0.00000      0.00000      0.00000
      0.50000      0.00000      0.00000      0.00000
      0.51000      0.00000      0.00000      0.00000
      0.52000      0.00000      0.00000      0.00000
      0.53000      0.00000      0.00000      0.00000
      0.54000      0.00000      0.00000      0.00000
      0.55000      0.00000      0.00000      0.00000
      0.56000      0.00000      0.00000      0.00000
      0.57000      0.00000      0.00000      0.00000
      0.58000      0.00000      0.00000      0.00000
      0.59000      0.00000      0.00000      0.00000
      0.60000      0.00000      0.00000      0.00000
      0.61000      0.00000      0.00000      0.00000
      0.62000      0.00000      0.00000      0.00000
      0.63000      0.00000      0.00000      0.00000
      0.64000      0.00000      0.00000      0.00000
      0.65000      0.00000      0.00000      0.00000
      0.66000      0.00000      0.00000      0.00000
      0.67000      0.00000      0.00000      0.00000
      0.68000      0.00000      0.00000      0.00000
      0.69000      0.00000      0.00000      0.00000
      0.70000      0.00000      0.00000      0.00000
      0.71000      0.00000      0.00000      0.00000
      0.72000      0.00000      0.00000      0.00000
      0.73000      0.00000      0.00000      0.00000
      0.74000      0.00000      0.00000      0.00000
      0.75000      0.00000      0.00000      0.00000
      0.76000      0.00000      0.00000      0.00000
      0.77000      0.00000      0.00000      0.00000
      0.78000      0.00000      0.00000      0.00000
      0.79000      0.00000      0.00000      0.00000
      0.80000      0.00000      0.00000      0.00000
      0.81000      0.00000      0.00000      0.00000
      0.82000      0.00000      0.00000      0.00000
      0.83000      0.00000      0.00000      0.00000
      0.84000      0.00000      0.00000      0.00000
      0.85000      0.00000      0.00000      0.00000
      0.86000      0.00000      0.00000      0.00000
      0.87000      0.00000      0.00000      0.00000
      0.88000      0.00000      0.00000      0.00000
      0.89000      0.00000      0.00000      0.00000
      0.90000      0.00000      0.00000      0.00000
      0.91000      0.00000      0.00000      0.00000
      0.92000      0.00000      0.00000      0.00000
      0.93000      0.00000      0.00000      0.00000
      0.94000      0.00000      0.00000      0.00000
      0.95000      0.00000      0.00000      0.00000
      0.96000      0.00000      0.00000      0.00000
      0.97000      0.00000      0.00000      0.00000
      0.98000      0.00000      0.00000      0.00000
      0.99000      0.00000      0.00000      0.00000
      1.00000      0.00000      0.00000      0.00000
      1.01000      0.00000      0.00000      0.00000
      1.02000      0.00000      0.00000      0.00000
      1.03000      0.00000      0.00000      0.00000
      1.04000      0.00000      0.00000      0.00000
      1.05000      0.00000      0.00000      0.00000
      1.06000      0.00000      0.00000      0.00000
      1.07000      0.00000      0.00000      0.00000
      1.08000      0.00000      0.00000      0.00000
      1.09000      0.00000      0.00000      0.00000
      1.10000      0.00000      0.00000      0.00000
      1.11000      0.00000      0.00000      0.00000
      1.12000      0.00000      0.00000      0.00000
      1.13000      0.00000      0.00000      0.00000
      1.14000      0.00000      0.00000      0.00000
      1.15000      0.00000      0.00000      0.00000
      1.16000      0.00000      0.00000      0.00000
      1.17000      0.00000      0.00000      0.00000
      1.18000      0.00000      0.00000      0.00000
      1.19000      0.00000      0.00000      0.00000
      1.20000      0.00000      0.00000      0.00000
      1.21000      0.00000      0.00000      0.00000
      1.22000      0.00000      0.00000      0.00000
      1.23000      0.00000      0.00000      0.00000
      1.24000      0.00000      0.00000      0.00000
      1.25000      0.00000      0.00000      0.00000
      1.26000      0.00000      0.00000      0.00000
      1.27000      0.00000      0.00000      0.00000
      1.28000      0.00000      0.00000      0.00000
      1.29000      0.00000      0.00000      0.00000
      1.30000      0.00000      0.00000      0.00000
      1.31000      0.00000      0.00000      0.00000
      1.32000      0.00000      0.00000      0.00000
      1.33000      0.00000      0.00000      0.00000
      1.34000      0.00000      0.00000      0.00000
      1.35000      0.00000      0.00000      0.00000
      1.36000      0.00000      0.00000      0.00000
      1.37000      0.00000      0.00000      0.00000
      1.38000      0.00000      0.00000      0.00000
      1.39000      0.00000      0.00000      0.00000
      1.40000      0.00000      0.00000      0.00000
      1.41000      0.00000      0.00000      0.00000
      1.42000      0.00000      0.00000      0.00000
      1.43000      0.00000      0.00000      0.00000
      1.44000      0.00000      0.00000      0.00000
      1.45000      0.00000      0.00000      0.00000
      1.46000      0.00000      0.00000      0.00000
      1.47000      0.00000      0.00000      0.00000
      1.48000      0.00000      0.00000      0.00000
      1.49000      0.00000      0.00000      0.00000
      1.50000      0.00000      0.00000      0.00000
      1.51000      0.00000      0.00000      0.00000
      1.52000      0.00000      0.00000      0.00000
      1.53000      0.00000      0.00000      0.00000
      1.54000      0.00000      0.00000      0.00000
      1.55000      0.00000      0.00000      0.00000
      1.56000      0.00000      0.00000      0.00000
      1.57000      0.00000      0.00000      0.00000
      1.58000      0.00000      0.00000      0.00000
      1.59000      0.00000      0.00000      0.00000
      1.60000      0.00000      0.00000      0.00000
      1.61000      0.00000      0.00000      0.00000
      1.62000      0.00000      0.00000      0.00000
      1.63000      0.00000      0.00000      0.00000
      1.64000      0.00000      0.00000      0.00000
      1.65000      0.00000      0.00000      0.00000
      1.66000      0.00000      0.00000      0.00000
      1.67000      0.00000      0.00000      0.00000
      1.68000      0.00000      0.00000      0.00000
      1.69000      0.00000      0.00000      0.00000
      1.70000      0.00000      0.00000      0.00000
      1.71000      0.00000      0.00000      0.00000
      1.72000      0.00000      0.00000      0.00000
      1.73000      0.00000      0.00000      0.00000
      1.74000      0.00000      0.00000      0.00000
      1.75000      0.00000      0.00000      0.00000
      1.76000      0.00000      0.00000      0.00000
      1.77000      0.00000      0.00000      0.00000
      1.78000      0.00000      0.00000      0.00000
      1.79000      0.00000      0.00000      0.00000
      1.80000      0.00000      0.00000      0.00000
      1.81000      0.00000      0.00000      0.00000
      1.82000      0.00000      0.00000      0.00000
      1.83000      0.00000      0.00000      0.00000
      1.84000      0.00000      0.00000      0.00000
      1.85000      0.00000      0.00000      0.00000
      1.86000      0.00000      0.00000      0.00000
      1.87000      0.00000      0.00000      0.00000
      1.88000      0.00000      0.00000      0.00000
      1.89000      0.00000      0.00000      0.00000
      1.90000      0.00000      0.00000      0.00000
      1.91000      0.00000      0.00000      0.00000
      1.92000      0.00000      0.00000      0.00000
      1.93000      0.00000      0.00000      0.00000
      1.94000      0.00000      0.00000      0.00000
      1.95000      0.00000      0.00000      0.00000
      1.96000      0.00000      0.00000      0.00000
      1.97000      0.00000      0.00000      0.00000
      1.98000      0.00000      0.00000      0.00000
      1.99000      0.00000      0.00000      0.00000
      2.00000      0.00000      0.00000      0.00000
      2.01000      0.00000      0.00000      0.00000
      2.02000      0.00000      0.00000      0.00000
      2.03000      0.00000      0.00000      0.00000
      2.04000      0.00000      0.00000      0.00000
      2.05000      0.00000      0.00000      0.00000
      2.06000      0.00000      0.00000      0.00000
      2.07000      0.00000      0.00000      0.00000
      2.08000      0.00000      0.00000      0.00000
      2.09000      0.00000      0.00000      0.00000
      2.10000      0.00000      0.00000      0.00000
      2.11000      0.00000      0.00000      0.00000
      2.12000      0.00000      0.00000      0.00000
      2.13000      0.00000      0.00000      0.00000
      2.14000      0.00000      0.00000      0.00000
      2.15000      0.00000      0.00000      0.00000
      2.16000      0.00000      0.00000      0.00000
      2.17000      0.00000      0.00000      0.00000
      2.18000      0.00000      0.00000      0.00000
      2.19000      0.00000      0.00000      0.00000
      2.20000      0.00000      0.00000      0.00000
      2.21000      0.00000      0.00000      0.00000
      2.22000      0.00000      0.00000      0.00000
      2.23000      0.00000      0.00000      0.00000
      2.24000      0.00000      0.00000      0.00000
      2.25000      0.00000      0.00000      0.00000
      2.26000      0.00000      0.00000      0.00000
      2.27000      0.00000      0.00000      0.00000
      2.28000      0.00000      0.00000      0.00000
      2.29000      0.00000      0.00000      0.00000
      2.30000      0.00000      0.00000      0.00000
      2.31000      0.00000      0.00000      0.00000
      2.32000      0.00000      0.00000      0.00000
      2.33000      0.00000      0.00000      0.00000
      2.34000      0.00000      0.00000      0.00000
      2.35000      0.00000      0.00000      0.00000
      2.36000      0.00000      0.00000      0.00000
      2.37000      0.00000      0.00000      0.00000
      2.38000      0.00000      0.00000      0.00000
      2.39000      0.00000      0.00000      0.00000
      2.40000      0.00000      0.00000      0.00000
      2.41000      0.00000      0.00000      0.00000
      2.42000      0.00000      0.00000      0.00000
      2.43000      0.00000      0.00000      0.00000
      2.44000      0.00000      0.00000      0.00000
      2.45000      0.00000      0.00000      0.00000
      2.46000      0.00000      0.00000      0.00000
      2.47000      0.00000      0.00000      0.00000
      2.48000      0.00000      0.00000      0.00000
      2.49000      0.00000      0.00000      0.00000
      2.50000      0.00000      0.00000      0.00000
      2.51000      0.00000      0.00000      0.00000
      2.52000      0.00000      0.00000      0.00000
      2.53000      0.00000      0.00000      0.00000
      2.54000      0.00000      0.00000      0.00000
      2.55000      0.00000      0.00000      0.00000
      2.56000      0.00000      0.00000      0.00000
      2.57000      0.00000      0.00000      0.00000
      2.58000      0.00000      0.00000      0.00000
      2.59000      0.00000      0.00000      0.00000
      2.60000      0.00000      0.00000      0.00000
      2.61000      0.00000      0.00000      0.00000
      2.62000      0.00000      0.00000      0.00000
      2.63000      0.00000      0.00000      0.00000
      2.64000      0.00000      0.00000      0.00000
      2.65000      0.00000      0.00000      0.00000
      2.66000      0.00000      0.00000      0.00000
      2.67000      0.00000      0.00000      0.00000
      2.68000      0.00000      0.00000      0.00000
      2.69000      0.00000      0.00000      0.00000
      2.70000      0.00000      0.00000      0.00000
      2.71000      0.00000      0.00000      0.00000
      2.72000      0.00000      0.00000      0.00000
      2.73000      0.00000      0.00000      0.00000
      2.74000      0.00000      0.00000      0.00000
      2.75000      0.00000      0.00000      0.00000
      2.76000      0.00000      0.00000      0.00000
      2.77000      0.00000      0.00000      0.00000
      2.78000      0.00000      0.00000      0.00000
      2.79000      0.00000      0.00000      0.00000
      2.80000      0.00000      0.00000      0.00000
      2.81000      0.00000      0.00000      0.00000
      2.82000      0.00000      0.00000      0.00000
      2.83000      0.00000      0.00000      0.00000
      2.84000      0.00000      0.00000      0.00000
      2.85000      0.00000      0.00000      0.00000
      2.86000      0.00000      0.00000      0.00000
      2.87000      0.00000      0.00000      0.00000
      2.88000      0.00000      0.00000      0.00000
      2.89000      0.00000      0.00000      0.00000
      2.90000      0.00000      0.00000      0.00000
      2.91000      0.00000      0.00000      0.00000
      2.92000      0.00000      0.00000      0.00000
      2.93000      0.00000      0.00000      0.00000
      2.94000      0.00000      0.00000      0.00000
      2.95000      0.00000      0.00000      0.00000
      2.96000      0.00000      0.00000      0.00000
      2.97000      0.00000      0.00000      0.00000
      2.98000      0.00000      0.00000      0.00000
      2.99000      0.00000      0.00000      0.00000
      3.00000      0.00000      0.00000      0.00000
      3.01000      0.00000      0.00000      0.00000
      3.02000      0.00000      0.00000      0.00000
      3.03000      0.00000      0.00000      0.00000
      3.04000      0.00000      0.00000      0.00000
      3.05000      0.00000      0.00000      0.00000
      3.06000      0.00000      0.00000      0.00000
      3.07000      0.00000      0.00000      0.00000
      3.08000      0.00000      0.00000      0.00000
      3.09000      0.00000      0.00000      0.00000
      3.10000      0.00000      0.00000      0.00000
      3.11000      0.00000      0.00000      0.00000
      3.12000      0.00000      0.00000      0.00000
      3.13000      0.00000      0.00000      0.00000
      3.14000      0.00000      0.00000      0.00000
      3.15000      0.00000      0.00000      0.00000
      3.16000      0.00000      0.00000      0.00000
      3.17000      0.00000      0.00000      0.00000
      3.18000      0.00000      0.00000      0.00000
      3.19000      0.00000      0.00000      0.00000
      3.20000      0.00000      0.00000      0.00000
      3.21000      0.00000      0.00000      0.00000
      3.22000      0.00000      0.00000      0.00000
      3.23000      0.00000      0.00000      0.00000
      3.24000      0.00000      0.00000      0.00000
      3.25000      0.00000      0.00000      0.00000
      3.26000      0.00000      0.00000      0.00000
      3.27000      0.00000      0.00000      0.00000
      3.28000      0.00000      0.00000      0.00000
      3.29000      0.00000      0.00000      0.00000
      3.30000      0.00000      0.00000      0.00000
      3.31000      0.00000      0.00000      0.00000
      3.32000      0.00000      0.00000      0.00000
      3.33000      0.00000      0.00000      0.00000
      3.34000      0.00000      0.00000      0.00000
      3.35000      0.00000      0.00000      0.00000
      3.36000      0.00000      0.00000      0.00000
      3.37000      0.00000      0.00000      0.00000
      3.38000      0.00000      0.00000      0.00000
      3.39000      0.00000      0.00000      0.00000
      3.40000      0.00000      0.00000      0.00000
      3.41000      0.00000      0.00000      0.00000
      3.42000      0.00000      0.00000      0.00000
      3.43000      0.00000      0.00000      0.00000
      3.44000      0.00000      0.00000      0.00000
      3.45000      0.00000      0.00000      0.00000
      3.46000      0.00000      0.00000      0.00000
      3.47000      0.00000      0.00000      0.00000
      3.48000      0.00000      0.00000      0.00000
      3.49000      0.00000      0.00000      0.00000
      3.50000      0.00000      0.00000      0.00000
      3.51000      0.00000      0.00000      0.00000
      3.52000      0.00000      0.00000      0.00000
      3.53000      0.00000      0.00000      0.00000
      3.54000      0.00000      0.00000      0.00000
      3.55000      0.00000      0.00000      0.00000
      3.56000      0.00000      0.00000      0.00000
      3.57000      0.00000      0.00000      0.00000
      3.58000      0.00000      0.00000      0.00000
      3.59000      0.00000      0.00000      0.00000
      3.60000      0.00000      0.00000      0.00000
      3.61000      0.00000      0.00000      0.00000
      3.62000      0.00000      0.00000      0.00000
      3.63000      0.00000      0.00000      0.00000
      3.64000      0.00000      0.00000      0.00000
      3.65000      0.00000      0.00000      0.00000
      3.66000      0.00000      0.00000      0.00000
      3.67000      0.00000      0.00000      0.00000
      3.68000      0.00000      0.00000      0.00000
      3.69000      0.00000      0.00000      0.00000
      3.70000      0.00000      0.00000      0.00000
      3.71000      0.00000      0.00000      0.00000
      3.72000      0.00000      0.00000      0.00000
      3.73000      0.00000      0.00000      0.00000
      3.74000      0.00000      0.00000      0.00000
      3.75000      0.00000      0.00000      0.00000
      3.76000      0.00000      0.00000      0.00000
      3.77000      0.00000      0.00000      0.00000
      3.78000      0.00000      0.00000      0.00000
      3.79000      0.00000      0.00000      0.00000
      3.80000      0.00000      0.00000      0.00000
      3.81000      0.00000      0.00000      0.00000
      3.82000      0.00000      0.00000      0.00000
      3.83000      0.00000      0.00000      0.00000
      3.84000      0.00000      0.00000      0.00000
      3.85000      0.00000      0.00000      0.00000
      3.86000      0.00000      0.00000      0.00000
      3.87000      0.00000      0.00000      0.00000
      3.88000      0.00000      0.00000      0.00000
      3.89000      0.00000      0.00000      0.00000
      3.90000      0.00000      0.00000      0.00000
      3.91000      0.00000      0.00000      0.00000
      3.92000      0.00000      0.00000      0.00000
      3.93000      0.00000      0.00000      0.00000
      3.94000      0.00000      0.00000      0.00000
      3.95000      0.00000      0.00000      0.00000
      3.96000      0.00000      0.00000      0.00000
      3.97000      0.00000      0.00000      0.00000
      3.98000      0.00000      0.00000      0.00000
      3.99000      0.00000      0.00000      0.00000
      4.00000      0.00000      0.00000      0.00000
      4.01000      0.00000      0.00000      0.00000
      4.02000      0.00000      0.00000      0.00000
      4.03000      0.00000      0.00000      0.00000
      4.04000      0.00000      0.00000      0.00000
      4.05000      0.00000      0.00000      0.00000
      4.06000      0.00000      0.00000      0.00000
      4.07000      0.00000      0.00000      0.00000
      4.08000      0.00000      0.00000      0.00000
      4.09000      0.00000      0.00000      0.00000
      4.10000      0.00000      0.00000      0.00000
      4.11000      0.00000      0.00000      0.00000
      4.12000      0.00000      0.00000      0.00000
      4.13000      0.00000      0.00000      0.00000
      4.14000      0.00000      0.00000      0.00000
      4.15000      0.00000      0.00000      0.00000
      4.16000      0.00000      0.00000      0.00000
      4.17000      0.00000      0.00000      0.00000
      4.18000      0.00000      0.00000      0.00000
      4.19000      0.00000      0.00000      0.00000
      4.20000      0.00000      0.00000      0.00000
      4.21000      0.00000      0.00000      0.00000
      4.22000      0.00000      0.00000      0.00000
      4.23000      0.00000      0.00000      0.00000
      4.24000      0.00000      0.00000      0.00000
      4.25000      0.00000      0.00000      0.00000
      4.26000      0.00000      0.00000      0.00000
      4.27000      0.00000      0.00000      0.00000
      4.28000      0.00000      0.00000      0.00000
      4.29000      0.00000      0.00000      0.00000
      4.30000      0.00000      0.00000      0.00000
      4.31000      0.00000      0.00000      0.00000
      4.32000      0.00000      0.00000      0.00000
      4.33000      0.00000      0.00000      0.00000
      4.34000      0.00000      0.00000      0.00000
      4.35000      0.00000      0.00000      0.00000
      4.36000      0.00000      0.00000      0.00000
      4.37000      0.00000      0.00000      0.00000
      4.38000      0.00000      0.00000      0.00000
      4.39000      0.00000      0.00000      0.00000
      4.40000      0.00000      0.00000      0.00000
      4.41000      0.00000      0.00000      0.00000
      4.42000      0.00000      0.00000      0.00000
      4.43000      0.00000      0.00000      0.00000
      4.44000      0.00000      0.00000      0.00000
      4.45000      0.00000      0.00000      0.00000
      4.46000      0.00000      0.00000      0.00000
      4.47000      0.00000      0.00000      0.00000
      4.48000      0.00000      0.00000      0.00000
      4.49000      0.00000      0.00000      0.00000
      4.50000      0.00000      0.00000      0.00000
      4.51000      0.00000      0.00000      0.00000
      4.52000      0.00000      0.00000      0.00000
      4.53000      0.00000      0.00000      0.00000
      4.54000      0.00000      0.00000      0.00000
      4.55000      0.00000      0.00000      0.00000
      4.56000      0.00000      0.00000      0.00000
      4.57000      0.00000      0.00000      0.00000
      4.58000      0.00000      0.00000      0.00000
      4.59000      0.00000      0.00000      0.00000
      4.60000      0.00000      0.00000      0.00000
      4.61000      0.00000      0.00000      0.00000
      4.62000      0.00010      0.00010      0.00001
      4.63000      0.00285      0.00271      0.00014
      4.64000      0.02956      0.02807      0.00150
      4.65000      0.11846      0.11242      0.00603
      4.66000      0.23214      0.22003      0.01211
      4.67000      0.39193      0.37051      0.02141
      4.68000      0.56366      0.53200      0.03166
      4.69000      0.48998      0.46175      0.02823
      4.70000      0.39779      0.37352      0.02427
      4.71000      0.47422      0.44426      0.02995
      4.72000      0.40328      0.37715      0.02613
      4.73000      0.34214      0.31845      0.02369
      4.74000      0.32394      0.30080      0.02314
      4.75000      0.30607      0.28360      0.02247
      4.76000      0.72779      0.67287      0.05493
      4.77000      1.21451      1.12087      0.09364
      4.78000      1.05439      0.96991      0.08448
      4.79000      0.61476      0.56270      0.05206
      4.80000      0.35629      0.32324      0.03305
      4.81000      0.49212      0.43782      0.05430
      4.82000      1.24192      1.09578      0.14614
      4.83000      2.10386      1.85381      0.25005
      4.84000      2.49181      2.19243      0.29938
      4.85000      2.38660      2.09364      0.29295
      4.86000      1.77940      1.55821      0.22120
      4.87000      1.30192      1.13945      0.16247
      4.88000      1.39484      1.21526      0.17958
      4.89000      1.83135      1.59283      0.23852
      4.90000      1.91305      1.66780      0.24525
      4.91000      1.36647      1.19771      0.16877
      4.92000      0.90133      0.79761      0.10371
      4.93000      1.07216      0.94728      0.12488
      4.94000      1.39705      1.22383      0.17322
      4.95000      1.28131      1.11634      0.16497
      4.96000      0.75391      0.65684      0.09708
      4.97000      0.27688      0.24169      0.03520
      4.98000      0.28356      0.24442      0.03914
      4.99000      0.83664      0.71544      0.12120
      5.00000      1.53274      1.30733      0.22541
      5.01000      1.60835      1.37597      0.23238
      5.02000      0.95325      0.82149      0.13176
      5.03000      0.46388      0.40293      0.06095
      5.04000      0.46915      0.40884      0.06031
      5.05000      0.50011      0.43729      0.06282
      5.06000      0.42556      0.36942      0.05614
      5.07000      0.64849      0.55177      0.09672
      5.08000      1.04157      0.88495      0.15661
      5.09000      0.75930      0.64703      0.11227
      5.10000      0.23202      0.19839      0.03363
      5.11000      0.14862      0.12787      0.02075
      5.12000      0.45149      0.38849      0.06300
      5.13000      0.63238      0.54344      0.08894
      5.14000      0.54586      0.46560      0.08026
      5.15000      1.04514      0.88218      0.16295
      5.16000      1.76061      1.48179      0.27883
      5.17000      1.40042      1.17885      0.22157
      5.18000      0.74558      0.63410      0.11148
      5.19000      0.56182      0.48353      0.07829
      5.20000      0.38354      0.33068      0.05286
      5.21000      0.17008      0.14594      0.02415
      5.22000      0.21642      0.18290      0.03353
      5.23000      0.44829      0.37864      0.06965
      5.24000      0.57525      0.48575      0.08950
      5.25000      0.65734      0.55022      0.10712
      5.26000      0.70317      0.58357      0.11960
      5.27000      0.40493      0.33524      0.06969
      5.28000      0.11680      0.09694      0.01986
      5.29000      0.15028      0.12604      0.02424
      5.30000      0.31832      0.26727      0.05105
      5.31000      0.35467      0.29841      0.05626
      5.32000      0.41446      0.34937      0.06509
      5.33000      0.51809      0.43477      0.08332
      5.34000      0.58118      0.48434      0.09684
      5.35000      0.90902      0.75271      0.15631
      5.36000      1.45823      1.20296      0.25527
      5.37000      1.29548      1.06834      0.22714
      5.38000      0.52506      0.43385      0.09121
      5.39000      0.09136      0.07571      0.01565
      5.40000      0.01131      0.00941      0.00190
      5.41000      0.05227      0.04356      0.00871
      5.42000      0.20977      0.17480      0.03497
      5.43000      0.31787      0.26478      0.05309
      5.44000      0.24190      0.20065      0.04125
      5.45000      0.29071      0.23905      0.05167
      5.46000      0.43947      0.36102      0.07844
      5.47000      0.65901      0.54123      0.11778
      5.48000      0.80465      0.65963      0.14502
      5.49000      0.60216      0.49378      0.10838
      5.50000      0.60490      0.49877      0.10613
      5.51000      0.65684      0.54313      0.11371
      5.52000      0.51051      0.42275      0.08776
      5.53000      0.35207      0.29145      0.06062
      5.54000      0.25430      0.20903      0.04527
      5.55000      0.31886      0.26045      0.05841
      5.56000      0.27959      0.22802      0.05157
      5.57000      0.26258      0.21329      0.04929
      5.58000      0.47019      0.38079      0.08940
      5.59000      0.77526      0.62619      0.14906
      5.60000      0.93659      0.75522      0.18137
      5.61000      0.58579      0.47223      0.11356
      5.62000      0.27749      0.22505      0.05243
      5.63000      0.39965      0.32599      0.07365
      5.64000      0.52259      0.42572      0.09687
      5.65000      0.36308      0.29527      0.06780
      5.66000      0.11855      0.09632      0.02223
      5.67000      0.01652      0.01341      0.00310
      5.68000      0.01380      0.01123      0.00258
      5.69000      0.10947      0.08895      0.02052
      5.70000      0.38242      0.31006      0.07236
      5.71000      0.65006      0.52532      0.12474
      5.72000      0.75224      0.60593      0.14631
      5.73000      0.71462      0.57448      0.14014
      5.74000      0.39673      0.31843      0.07829
      5.75000      0.09637      0.07725      0.01912
      5.76000      0.01262      0.01011      0.00251
      5.77000      0.04479      0.03594      0.00884
      5.78000      0.23394      0.18784      0.04610
      5.79000      0.51697      0.41539      0.10158
      5.80000      0.50804      0.40853      0.09951
      5.81000      0.25931      0.20839      0.05091
      5.82000      0.23050      0.18425      0.04625
      5.83000      0.35981      0.28720      0.07260
      5.84000      0.48022      0.38329      0.09693
      5.85000      0.83089      0.66287      0.16802
      5.86000      1.03373      0.82348      0.21025
      5.87000      0.71972      0.57240      0.14732
      5.88000      0.35255      0.28085      0.07170
      5.89000      0.34172      0.27354      0.06818
      5.90000      0.38466      0.30809      0.07657
      5.91000      0.37899      0.30341      0.07558
      5.92000      0.28668      0.22932      0.05736
      5.93000      0.21977      0.17502      0.04476
      5.94000      0.31968      0.25390      0.06579
      5.95000      0.32372      0.25714      0.06658
      5.96000      0.32773      0.26053      0.06720
      5.97000      0.30575      0.24309      0.06266
      5.98000      0.19618      0.15558      0.04060
      5.99000      0.28766      0.22720      0.06046
      6.00000      0.40316      0.31821      0.08495
      6.01000      0.28984      0.22868      0.06116
      6.02000      0.11927      0.09409      0.02518
      6.03000      0.11198      0.08846      0.02352
      6.04000      0.26895      0.21253      0.05642
      6.05000      0.28292      0.22357      0.05935
      6.06000      0.12713      0.10047      0.02666
      6.07000      0.14254      0.11265      0.02989
      6.08000      0.37323      0.29479      0.07844
      6.09000      0.51953      0.40987      0.10966
      6.10000      0.39020      0.30747      0.08273
      6.11000      0.25500      0.20074      0.05427
      6.12000      0.47104      0.37056      0.10048
      6.13000      0.81828      0.64341      0.17487
      6.14000      0.97567      0.76657      0.20910
      6.15000      0.75858      0.59555      0.16303
      6.16000      0.30980      0.24309      0.06670
      6.17000      0.05729      0.04494      0.01235
      6.18000      0.00476      0.00373      0.00103
      6.19000      0.00909      0.00713      0.00196
      6.20000      0.07804      0.06120      0.01684
      6.21000      0.25000      0.19605      0.05394
      6.22000      0.29522      0.23152      0.06370
      6.23000      0.14075      0.11035      0.03040
      6.24000      0.11880      0.09294      0.02586
      6.25000      0.27870      0.21793      0.06077
      6.26000      0.33320      0.26055      0.07265
      6.27000      0.33245      0.25998      0.07248
      6.28000      0.42749      0.33420      0.09329
      6.29000      0.48039      0.37530      0.10509
      6.30000      0.52339      0.40866      0.11473
      6.31000      0.59245      0.46249      0.12996
      6.32000      0.54805      0.42780      0.12025
      6.33000      0.39261      0.30637      0.08623
      6.34000      0.35556      0.27733      0.07822
      6.35000      0.25519      0.19900      0.05618
      6.36000      0.17936      0.13976      0.03960
      6.37000      0.29136      0.22692      0.06444
      6.38000      0.26626      0.20736      0.05890
      6.39000      0.11168      0.08696      0.02472
      6.40000      0.14191      0.11043      0.03148
      6.41000      0.30887      0.24034      0.06853
      6.42000      0.35370      0.27520      0.07849
      6.43000      0.44169      0.34363      0.09805
      6.44000      0.56610      0.44041      0.12569
      6.45000      0.42318      0.32915      0.09403
      6.46000      0.30341      0.23566      0.06775
      6.47000      0.42264      0.32796      0.09469
      6.48000      0.47949      0.37207      0.10742
      6.49000      0.32960      0.25578      0.07382
      6.50000      0.10983      0.08523      0.02460
      6.51000      0.01478      0.01147      0.00331
      6.52000      0.00106      0.00082      0.00024
      6.53000      0.00775      0.00599      0.00176
      6.54000      0.07191      0.05561      0.01630
      6.55000      0.25800      0.19955      0.05845
      6.56000      0.43712      0.33830      0.09882
      6.57000      0.57628      0.44639      0.12989
      6.58000      0.63134      0.48909      0.14225
      6.59000      0.43781      0.33921      0.09860
      6.60000      0.22336      0.17320      0.05016
      6.61000      0.07729      0.05997      0.01732
      6.62000      0.01282      0.00995      0.00287
      6.63000      0.01049      0.00811      0.00238
      6.64000      0.09374      0.07247      0.02127
      6.65000      0.36167      0.27953      0.08214
      6.66000      0.57964      0.44784      0.13181
      6.67000      0.39379      0.30413      0.08965
      6.68000      0.12442      0.09609      0.02833
      6.69000      0.11246      0.08701      0.02545
      6.70000      0.28260      0.21868      0.06392
      6.71000      0.36815      0.28470      0.08345
      6.72000      0.49268      0.38058      0.11211
      6.73000      0.71973      0.55626      0.16347
      6.74000      0.65664      0.50815      0.14849
      6.75000      0.39820      0.30832      0.08988
      6.76000      0.26962      0.20805      0.06157
      6.77000      0.34007      0.26170      0.07837
      6.78000      0.34170      0.26282      0.07888
      6.79000      0.34852      0.26798      0.08054
      6.80000      0.26731      0.20553      0.06177
      6.81000      0.13745      0.10588      0.03158
      6.82000      0.22432      0.17325      0.05106
      6.83000      0.33706      0.26032      0.07674
      6.84000      0.31623      0.24393      0.07230
      6.85000      0.33783      0.26024      0.07759
      6.86000      0.23251      0.17907      0.05344
      6.87000      0.09868      0.07617      0.02251
      6.88000      0.18138      0.14052      0.04086
      6.89000      0.31106      0.24103      0.07002
      6.90000      0.20312      0.15739      0.04572
      6.91000      0.05287      0.04095      0.01191
      6.92000      0.05150      0.03975      0.01175
      6.93000      0.19994      0.15425      0.04569
      6.94000      0.31131      0.24017      0.07114
      6.95000      0.18271      0.14094      0.04177
      6.96000      0.08776      0.06754      0.02022
      6.97000      0.22058      0.16951      0.05107
      6.98000      0.40947      0.31505      0.09443
      6.99000      0.44717      0.34494      0.10223
      7.00000      0.32914      0.25434      0.07480
      7.01000      0.23719      0.18315      0.05404
      7.02000      0.47068      0.36346      0.10723
      7.03000      0.79791      0.61670      0.18120
      7.04000      0.79595      0.61571      0.18024
      7.05000      0.42439      0.32858      0.09581
      7.06000      0.10223      0.07922      0.02301
      7.07000      0.01002      0.00777      0.00225
      7.08000      0.00057      0.00044      0.00013
      7.09000      0.00534      0.00412      0.00123
      7.10000      0.05610      0.04320      0.01289
      7.11000      0.21681      0.16698      0.04983
      7.12000      0.30841      0.23753      0.07088
      7.13000      0.16541      0.12742      0.03799
      7.14000      0.07870      0.06090      0.01780
      7.15000      0.20476      0.15893      0.04583
      7.16000      0.33971      0.26354      0.07617
      7.17000      0.34209      0.26461      0.07748
      7.18000      0.41650      0.32153      0.09497
      7.19000      0.39574      0.30611      0.08964
      7.20000      0.29513      0.22866      0.06647
      7.21000      0.41994      0.32464      0.09531
      7.22000      0.56312      0.43452      0.12859
      7.23000      0.44788      0.34507      0.10281
      7.24000      0.35916      0.27642      0.08274
      7.25000      0.31512      0.24251      0.07261
      7.26000      0.18686      0.14423      0.04262
      7.27000      0.23743      0.18447      0.05297
      7.28000      0.31024      0.24125      0.06899
      7.29000      0.17392      0.13529      0.03863
      7.30000      0.12648      0.09866      0.02782
      7.31000      0.29384      0.22948      0.06437
      7.32000      0.42078      0.32881      0.09198
      7.33000      0.40942      0.32022      0.08920
      7.34000      0.25536      0.19981      0.05555
      7.35000      0.08940      0.06981      0.01959
      7.36000      0.13663      0.10593      0.03070
      7.37000      0.36689      0.28454      0.08235
      7.38000      0.50509      0.39240      0.11269
      7.39000      0.37951      0.29536      0.08415
      7.40000      0.13975      0.10886      0.03089
      7.41000      0.02137      0.01666      0.00472
      7.42000      0.00154      0.00120      0.00034
      7.43000      0.00778      0.00604      0.00175
      7.44000      0.07857      0.06102      0.01755
      7.45000      0.32316      0.25151      0.07165
      7.46000      0.60348      0.47114      0.13234
      7.47000      0.63351      0.49576      0.13774
      7.48000      0.45827      0.35854      0.09973
      7.49000      0.19759      0.15443      0.04316
      7.50000      0.03817      0.02982      0.00835
      7.51000      0.00315      0.00246      0.00069
      7.52000      0.00747      0.00588      0.00159
      7.53000      0.07554      0.05944      0.01610
      7.54000      0.31069      0.24428      0.06641
      7.55000      0.55011      0.43199      0.11812
      7.56000      0.44520      0.34919      0.09601
      7.57000      0.21460      0.16866      0.04594
      7.58000      0.25395      0.20104      0.05291
      7.59000      0.39783      0.31535      0.08248
      7.60000      0.49762      0.39424      0.10338
      7.61000      0.58929      0.46556      0.12374
      7.62000      0.41395      0.32601      0.08795
      7.63000      0.14235      0.11185      0.03050
      7.64000      0.10293      0.08081      0.02212
      7.65000      0.26926      0.21141      0.05785
      7.66000      0.37131      0.29157      0.07974
      7.67000      0.37756      0.29662      0.08094
      7.68000      0.35270      0.27764      0.07506
      7.69000      0.31578      0.25050      0.06528
      7.70000      0.34382      0.27415      0.06968
      7.71000      0.28879      0.23013      0.05866
      7.72000      0.34133      0.27157      0.06976
      7.73000      0.38783      0.30919      0.07864
      7.74000      0.25805      0.20658      0.05147
      7.75000      0.09592      0.07704      0.01888
      7.76000      0.01694      0.01363      0.00332
      7.77000      0.00913      0.00734      0.00179
      7.78000      0.07257      0.05835      0.01422
      7.79000      0.24267      0.19511      0.04756
      7.80000      0.29916      0.24054      0.05863
      7.81000      0.14907      0.11992      0.02919
      7.82000      0.15649      0.12785      0.03006
      7.83000      0.50075      0.42536      0.09152
      7.84000      0.83502      0.79520      0.12932
      7.85000      1.16292      1.41582      0.10107
      7.86000      2.11554      2.99488      0.08325
      7.87000      2.95199      4.31543      0.08815
      7.88000      2.83470      4.12542      0.09108
      7.89000      2.22096      3.30581      0.04955
      7.90000      1.84310      2.85688      0.01099
      7.91000      1.53826      2.42940      0.00097
      7.92000      1.07497      1.70420      0.00102
      7.93000      0.96105      1.46365      0.01044
      7.94000      1.18822      1.69316      0.04183
      7.95000      1.49403      2.10064      0.07151
      7.96000      1.65412      2.35120      0.07425
      7.97000      1.58478      2.26989      0.05639
      7.98000      1.41718      2.08628      0.02815
      7.99000      1.24144      1.78068      0.03645
      8.00000      1.11848      1.49739      0.06498
      8.01000      1.18667      1.58051      0.07308
      8.02000      1.42999      1.93036      0.07960
      8.03000      1.35888      1.79039      0.08394
      8.04000      1.20919      1.54200      0.08619
      8.05000      1.31527      1.63367      0.10165
      8.06000      1.24930      1.50440      0.10290
      8.07000      0.87642      1.03370      0.07704
      8.08000      0.79769      1.02160      0.05636
      8.09000      1.02967      1.54003      0.02591
      8.10000      1.18961      1.87528      0.00494
      8.11000      1.18320      1.88816      0.00091
      8.12000      0.99310      1.55671      0.00838
      8.13000      1.00127      1.35860      0.04595
      8.14000      1.22284      1.48570      0.09286
      8.15000      0.84233      1.00372      0.06942
      8.16000      0.58059      0.78384      0.02296
      8.17000      0.94938      1.38324      0.01720
      8.18000      1.00947      1.48785      0.02394
      8.19000      0.78626      1.11558      0.03463
      8.20000      0.96268      1.19529      0.07263
      8.21000      1.13296      1.37846      0.08079
      8.22000      0.95131      1.28731      0.03738
      8.23000      0.72623      1.01236      0.01747
      8.24000      1.02268      1.32977      0.03831
      8.25000      1.42173      1.78992      0.06887
      8.26000      1.39609      1.66288      0.08634
      8.27000      1.12415      1.39887      0.05900
      8.28000      0.88306      1.30199      0.01935
      8.29000      0.96808      1.48601      0.01830
      8.30000      1.20529      1.71078      0.03613
      8.31000      1.16012      1.60312      0.03562
      8.32000      1.14711      1.49932      0.04589
      8.33000      1.62294      2.00769      0.07933
      8.34000      1.81216      2.32680      0.07933
      8.35000      1.16443      1.48652      0.05368
      8.36000      0.63185      0.74535      0.03695
      8.37000      0.63542      0.84469      0.02100
      8.38000      1.08259      1.44825      0.01887
      8.39000      1.49831      1.86583      0.03188
      8.40000      1.46203      1.82678      0.03370
      8.41000      1.38761      1.89039      0.02541
      8.42000      1.35717      1.84039      0.02900
      8.43000      1.27321      1.57233      0.03688
      8.44000      1.21318      1.50000      0.03164
      8.45000      1.26677      1.63152      0.02140
      8.46000      1.37697      1.74726      0.01660
      8.47000      1.33925      1.69497      0.01514
      8.48000      1.32881      1.60356      0.01250
      8.49000      1.47044      1.62093      0.01319
      8.50000      1.65521      1.84354      0.01230
      8.51000      2.23050      2.65027      0.00952
      8.52000      2.52671      3.03173      0.00576
      8.53000      2.46357      2.95166      0.00182
      8.54000      3.09925      3.79098      0.00025
      8.55000      3.66717      4.51065      0.00001
      8.56000      3.00595      3.69567      0.00000
      8.57000      1.66178      2.12340      0.00000
      8.58000      0.65153      0.93389      0.00000
      8.59000      0.37813      0.63902      0.00000
      8.60000      0.40613      0.70368      0.00000
      8.61000      0.47060      0.80051      0.00000
      8.62000      0.53784      0.91512      0.00000
      8.63000      0.38985      0.66938      0.00000
      8.64000      0.15605      0.26900      0.00000
      8.65000      0.14255      0.24321      0.00000
      8.66000      0.29282      0.49849      0.00000
      8.67000      0.26207      0.44693      0.00000
      8.68000      0.13945      0.24386      0.00000
      8.69000      0.23295      0.41588      0.00000
      8.70000      0.51590      0.90720      0.00000
      8.71000      0.66895      1.16962      0.00000
      8.72000      0.38650      0.67735      0.00000
      8.73000      0.10150      0.17849      0.00000
      8.74000      0.12618      0.21942      0.00000
      8.75000      0.40333      0.69400      0.00000
      8.76000      0.57554      0.97802      0.00000
      8.77000      0.35129      0.58964      0.00000
      8.78000      0.08972      0.14921      0.00000
      8.79000      0.01254      0.02084      0.00000
      8.80000      0.04301      0.07224      0.00000
      8.81000      0.20537      0.34428      0.00000
      8.82000      0.40005      0.66758      0.00000
      8.83000      0.34858      0.57737      0.00000
      8.84000      0.17446      0.29257      0.00000
      8.85000      0.22281      0.40556      0.00000
      8.86000      0.52181      0.96196      0.00000
      8.87000      0.66520      1.22292      0.00000
      8.88000      0.56148      1.02535      0.00000
      8.89000      0.45609      0.82170      0.00000
      8.90000      0.51478      0.90041      0.00000
      8.91000      0.63214      1.07391      0.00000
      8.92000      0.60101      1.01585      0.00000
      8.93000      0.40770      0.69833      0.00000
      8.94000      0.28481      0.48773      0.00000
      8.95000      0.32790      0.55726      0.00000
      8.96000      0.25038      0.42332      0.00000
      8.97000      0.22962      0.38118      0.00000
      8.98000      0.31631      0.52163      0.00000
      8.99000      0.21178      0.34867      0.00000
      9.00000      0.12728      0.20603      0.00000
      9.01000      0.25601      0.41016      0.00000
      9.02000      0.31065      0.50151      0.00000
      9.03000      0.24128      0.41589      0.00000
      9.04000      0.33560      0.61262      0.00000
      9.05000      0.47121      0.83176      0.00000
      9.06000      0.62303      1.05756      0.00000
      9.07000      0.55415      0.94496      0.00000
      9.08000      0.24468      0.42363      0.00000
      9.09000      0.18886      0.32593      0.00000
      9.10000      0.31815      0.54527      0.00000
      9.11000      0.28783      0.48235      0.00000
      9.12000      0.24555      0.38854      0.00000
      9.13000      0.31712      0.49818      0.00000
      9.14000      0.35264      0.56123      0.00000
      9.15000      0.19897      0.31809      0.00000
      9.16000      0.04473      0.07158      0.00000
      9.17000      0.00474      0.00747      0.00000
      9.18000      0.01782      0.02663      0.00000
      9.19000      0.11781      0.17594      0.00000
      9.20000      0.28874      0.43138      0.00000
      9.21000      0.27094      0.40908      0.00000
      9.22000      0.19723      0.33787      0.00000
      9.23000      0.45159      0.84445      0.00000
      9.24000      0.79091      1.47875      0.00000
      9.25000      0.82650      1.52733      0.00000
      9.26000      0.77548      1.39848      0.00000
      9.27000      0.85889      1.49332      0.00000
      9.28000      0.99334      1.65762      0.00000
      9.29000      0.93906      1.50638      0.00000
      9.30000      0.69118      1.06554      0.00000
      9.31000      0.43523      0.64974      0.00000
      9.32000      0.28015      0.40671      0.00000
      9.33000      0.31915      0.45420      0.00000
      9.34000      0.25157      0.35702      0.00000
      9.35000      0.08106      0.11487      0.00000
      9.36000      0.03930      0.05440      0.00000
      9.37000      0.11273      0.15491      0.00000
      9.38000      0.15302      0.21026      0.00000
      9.39000      0.07668      0.10535      0.00000
      9.40000      0.01456      0.02005      0.00000
      9.41000      0.01141      0.01678      0.00000
      9.42000      0.10044      0.15052      0.00000
      9.43000      0.42389      0.65015      0.00000
      9.44000      0.93287      1.48069      0.00000
      9.45000      1.24039      2.04188      0.00000
      9.46000      1.01178      1.71346      0.00000
      9.47000      0.46290      0.79843      0.00000
      9.48000      0.10340      0.18040      0.00000
      9.49000      0.00995      0.01748      0.00000
      9.50000      0.00043      0.00074      0.00000
      9.51000      0.00233      0.00299      0.00000
      9.52000      0.03996      0.05128      0.00000
      9.53000      0.25375      0.32595      0.00000
      9.54000      0.61278      0.78912      0.00000
      9.55000      0.67185      0.87352      0.00000
      9.56000      0.57856      0.76321      0.00000
      9.57000      0.43820      0.57993      0.00000
      9.58000      0.28763      0.39655      0.00000
      9.59000      0.32579      0.47049      0.00000
      9.60000      0.28448      0.40719      0.00000
      9.61000      0.34934      0.47564      0.00000
      9.62000      0.60934      0.83079      0.00000
      9.63000      0.51848      0.72852      0.00000
      9.64000      0.35851      0.55839      0.00000
      9.65000      0.59159      0.99910      0.00000
      9.66000      1.30847      2.26181      0.00000
      9.67000      2.00362      3.40461      0.00000
      9.68000      1.57291      2.49314      0.00000
      9.69000      0.75568      1.02908      0.00000
      9.70000      0.41738      0.49180      0.00000
      9.71000      0.36976      0.42454      0.00000
      9.72000      0.33013      0.36699      0.00000
      9.73000      0.34526      0.37212      0.00000
      9.74000      0.28122      0.30568      0.00000
      9.75000      0.42526      0.47726      0.00000
      9.76000      0.80996      0.92349      0.00001
      9.77000      0.86130      1.02766      0.00024
      9.78000      0.64873      0.79024      0.00200
      9.79000      0.64466      0.69432      0.00730
      9.80000      0.86200      0.86601      0.01573
      9.81000      1.13104      1.13808      0.02704
      9.82000      1.41577      1.46497      0.03948
      9.83000      1.58105      1.66249      0.04885
      9.84000      1.05126      1.09827      0.03735
      9.85000      0.50320      0.57181      0.01484
      9.86000      0.60523      0.78348      0.00726
      9.87000      0.69269      0.88051      0.00690
      9.88000      0.70034      0.82172      0.01103
      9.89000      1.01047      1.27444      0.02258
      9.90000      1.29704      1.87706      0.02296
      9.91000      1.06656      1.59918      0.01020
      9.92000      0.61698      0.81595      0.00194
      9.93000      0.34425      0.37977      0.00023
      9.94000      0.20440      0.20850      0.00063
      9.95000      0.29231      0.29102      0.00201
      9.96000      0.37496      0.37621      0.00433
      9.97000      0.54439      0.58116      0.01046
      9.98000      1.02276      1.14929      0.02111
      9.99000      1.29334      1.42624      0.03783
     10.00000      1.11684      1.14964      0.05094
     10.01000      0.78726      0.81383      0.03622
     10.02000      0.48185      0.55397      0.01123
     10.03000      0.22387      0.28275      0.00139
     10.04000      0.17147      0.25764      0.00007
     10.05000      0.30517      0.47772      0.00000
     10.06000      0.30414      0.44766      0.00000
     10.07000      0.29653      0.34416      0.00000
     10.08000      0.34849      0.37681      0.00000
     10.09000      0.36508      0.48073      0.00002
     10.10000      0.56084      0.81129      0.00038
     10.11000      0.63568      0.86389      0.00346
     10.12000      0.62102      0.79869      0.01201
     10.13000      0.79158      1.10187      0.01892
     10.14000      1.04082      1.59774      0.02340
     10.15000      1.26235      2.07557      0.02355
     10.16000      0.91788      1.55795      0.01103
     10.17000      0.48396      0.71404      0.00197
     10.18000      0.33385      0.39076      0.00013
     10.19000      0.14928      0.16592      0.00000
     10.20000      0.05156      0.06473      0.00000
     10.21000      0.18161      0.24746      0.00000
     10.22000      0.53235      0.69216      0.00000
     10.23000      0.74710      0.92451      0.00000
     10.24000      0.57731      0.69948      0.00003
     10.25000      0.29403      0.34718      0.00028
     10.26000      0.26440      0.27420      0.00110
     10.27000      0.32222      0.32114      0.00195
     10.28000      0.24833      0.24412      0.00424
     10.29000      0.30710      0.29591      0.01119
     10.30000      0.40404      0.38564      0.01840
     10.31000      0.50055      0.47046      0.03008
     10.32000      0.69233      0.64297      0.04945
     10.33000      0.70103      0.64994      0.05406
     10.34000      0.41646      0.42222      0.02945
     10.35000      0.32710      0.48060      0.00679
     10.36000      0.51474      0.81009      0.00062
     10.37000      0.49338      0.73564      0.00002
     10.38000      0.25459      0.35246      0.00000
     10.39000      0.23914      0.29858      0.00000
     10.40000      0.49203      0.68185      0.00000
     10.41000      0.60998      0.98897      0.00000
     10.42000      0.42632      0.77384      0.00000
     10.43000      0.16213      0.30933      0.00000
     10.44000      0.02970      0.05759      0.00000
     10.45000      0.00335      0.00600      0.00000
     10.46000      0.02191      0.03082      0.00004
     10.47000      0.18364      0.24853      0.00064
     10.48000      0.62860      0.81122      0.00345
     10.49000      0.88280      1.08289      0.00681
     10.50000      0.50295      0.58940      0.00498
     10.51000      0.12374      0.13775      0.00213
     10.52000      0.09814      0.09235      0.00692
     10.53000      0.28472      0.26261      0.02215
     10.54000      0.39105      0.36002      0.03151
     10.55000      0.28839      0.27429      0.02341
     10.56000      0.22457      0.28345      0.00942
     10.57000      0.40261      0.59147      0.00174
     10.58000      0.55096      0.76273      0.00013
     10.59000      0.36869      0.47036      0.00000
     10.60000      0.11064      0.13358      0.00000
     10.61000      0.02259      0.03178      0.00000
     10.62000      0.07974      0.13934      0.00000
     10.63000      0.25933      0.44939      0.00000
     10.64000      0.37008      0.59826      0.00000
     10.65000      0.39232      0.52190      0.00000
     10.66000      0.44393      0.58842      0.00000
     10.67000      0.45699      0.74638      0.00000
     10.68000      0.47305      0.87253      0.00000
     10.69000      0.62651      1.16527      0.00000
     10.70000      0.74024      1.25807      0.00000
     10.71000      0.55607      0.78925      0.00001
     10.72000      0.23861      0.28231      0.00024
     10.73000      0.10731      0.10842      0.00244
     10.74000      0.24456      0.24018      0.00898
     10.75000      0.45090      0.48255      0.01331
     10.76000      0.73187      0.88392      0.01488
     10.77000      0.97629      1.17973      0.02634
     10.78000      0.81855      0.89335      0.04241
     10.79000      0.68585      0.65032      0.05767
     10.80000      0.50120      0.45509      0.04766
     10.81000      0.18321      0.16535      0.01790
     10.82000      0.02785      0.02510      0.00275
     10.83000      0.00166      0.00150      0.00017
     10.84000      0.00004      0.00003      0.00000
     10.85000      0.00000      0.00000      0.00000
     10.86000      0.00000      0.00000      0.00000
     10.87000      0.00000      0.00000      0.00000
     10.88000      0.00000      0.00000      0.00000
     10.89000      0.00006      0.00011      0.00000
     10.90000      0.00275      0.00459      0.00000
     10.91000      0.04549      0.07358      0.00000
     10.92000      0.29375      0.45546      0.00000
     10.93000      0.76086      1.11333      0.00000
     10.94000      0.81057      1.10484      0.00000
     10.95000      0.35979      0.45562      0.00000
     10.96000      0.07273      0.09159      0.00000
     10.97000      0.07134      0.13451      0.00000
     10.98000      0.23404      0.45399      0.00000
     10.99000      0.30270      0.58728      0.00000
     11.00000      0.14587      0.28123      0.00010
     11.01000      0.05230      0.07449      0.00153
     11.02000      0.15139      0.14446      0.00846
     11.03000      0.30507      0.28792      0.01722
     11.04000      0.23529      0.22335      0.01318
     11.05000      0.15640      0.16699      0.00734
     11.06000      0.47662      0.55913      0.01859
     11.07000      0.90112      1.09071      0.03225
     11.08000      0.66247      0.82996      0.02098
     11.09000      0.18792      0.24433      0.00502
     11.10000      0.02059      0.02775      0.00044
     11.11000      0.00087      0.00121      0.00001
     11.12000      0.00001      0.00002      0.00000
     11.13000      0.00002      0.00003      0.00000
     11.14000      0.00120      0.00147      0.00000
     11.15000      0.02370      0.03009      0.00000
     11.16000      0.17837      0.23487      0.00000
     11.17000      0.51292      0.70310      0.00000
     11.18000      0.56571      0.80759      0.00000
     11.19000      0.23938      0.35488      0.00000
     11.20000      0.03876      0.05937      0.00000
     11.21000      0.00326      0.00529      0.00000
     11.22000      0.01802      0.03072      0.00000
     11.23000      0.14267      0.23239      0.00000
     11.24000      0.45056      0.68593      0.00000
     11.25000      0.58009      0.81183      0.00000
     11.26000      0.33366      0.44572      0.00000
     11.27000      0.23118      0.39381      0.00001
     11.28000      0.39273      0.73597      0.00031
     11.29000      0.54473      0.96432      0.00248
     11.30000      0.62132      0.95116      0.00732
     11.31000      0.43360      0.56408      0.00806
     11.32000      0.16050      0.17888      0.00478
     11.33000      0.15110      0.14234      0.01022
     11.34000      0.30916      0.28623      0.02296
     11.35000      0.34141      0.31355      0.02787
     11.36000      0.41147      0.37101      0.04064
