Energy-E_F (eV)    DOS (1/eV)    PDOS (1/eV)  of atom type B  N  
     -7.49286      1.04348      0.36487      0.67861
     -7.48286      0.74325      0.25745      0.48580
     -7.47286      0.50744      0.17724      0.33020
     -7.46286      0.45605      0.16193      0.29412
     -7.45286      0.41346      0.14799      0.26547
     -7.44286      0.37437      0.13007      0.24430
     -7.43286      0.44161      0.15028      0.29133
     -7.42286      0.42114      0.14567      0.27547
     -7.41286      0.48681      0.17074      0.31608
     -7.40286      0.82908      0.29191      0.53717
     -7.39286      0.98573      0.34741      0.63832
     -7.38286      0.71516      0.25081      0.46435
     -7.37286      0.42678      0.14685      0.27993
     -7.36286      0.46108      0.15507      0.30601
     -7.35286      0.36425      0.12161      0.24264
     -7.34286      0.12893      0.04302      0.08591
     -7.33286      0.12367      0.04255      0.08113
     -7.32286      0.47020      0.16282      0.30738
     -7.31286      0.97605      0.34239      0.63366
     -7.30286      1.32111      0.47242      0.84870
     -7.29286      1.19911      0.43168      0.76742
     -7.28286      0.77759      0.27720      0.50038
     -7.27286      0.62911      0.21830      0.41081
     -7.26286      0.78175      0.27233      0.50942
     -7.25286      0.91818      0.32623      0.59195
     -7.24286      0.67419      0.24170      0.43249
     -7.23286      0.44064      0.15851      0.28214
     -7.22286      0.33703      0.12137      0.21566
     -7.21286      0.38584      0.13913      0.24671
     -7.20286      0.52236      0.18794      0.33442
     -7.19286      0.63798      0.22431      0.41367
     -7.18286      0.88003      0.29877      0.58126
     -7.17286      1.05783      0.35658      0.70125
     -7.16286      0.89905      0.30585      0.59320
     -7.15286      0.64653      0.22414      0.42239
     -7.14286      0.52480      0.18184      0.34296
     -7.13286      0.41101      0.13873      0.27228
     -7.12286      0.20579      0.06888      0.13691
     -7.11286      0.14602      0.05222      0.09380
     -7.10286      0.39299      0.14218      0.25081
     -7.09286      0.79173      0.28295      0.50878
     -7.08286      1.18238      0.42528      0.75710
     -7.07286      1.19838      0.43343      0.76495
     -7.06286      0.75645      0.26946      0.48700
     -7.05286      0.46366      0.15888      0.30477
     -7.04286      0.56386      0.19112      0.37274
     -7.03286      0.87476      0.30452      0.57023
     -7.02286      1.00053      0.35413      0.64640
     -7.01286      0.73138      0.25812      0.47326
     -7.00286      0.49615      0.17281      0.32334
     -6.99286      0.58067      0.20190      0.37877
     -6.98286      0.83578      0.29171      0.54407
     -6.97286      0.86763      0.30600      0.56163
     -6.96286      0.69189      0.24464      0.44725
     -6.95286      0.39873      0.13857      0.26015
     -6.94286      0.22190      0.07771      0.14419
     -6.93286      0.29099      0.10687      0.18412
     -6.92286      0.39972      0.14467      0.25505
     -6.91286      0.44729      0.15331      0.29399
     -6.90286      0.52586      0.17564      0.35021
     -6.89286      0.62765      0.21346      0.41418
     -6.88286      0.77502      0.26990      0.50511
     -6.87286      0.95479      0.32957      0.62523
     -6.86286      1.02166      0.34744      0.67422
     -6.85286      0.77733      0.26760      0.50973
     -6.84286      0.44959      0.16020      0.28939
     -6.83286      0.32687      0.11711      0.20976
     -6.82286      0.36293      0.12391      0.23902
     -6.81286      0.31839      0.10692      0.21147
     -6.80286      0.25494      0.09006      0.16488
     -6.79286      0.33860      0.12401      0.21460
     -6.78286      0.42553      0.15404      0.27148
     -6.77286      0.88752      0.31423      0.57329
     -6.76286      1.49614      0.52437      0.97178
     -6.75286      1.30935      0.45682      0.85254
     -6.74286      0.88127      0.31090      0.57037
     -6.73286      0.99550      0.35199      0.64351
     -6.72286      1.01259      0.35615      0.65644
     -6.71286      0.54964      0.19390      0.35574
     -6.70286      0.24228      0.08529      0.15699
     -6.69286      0.53136      0.18499      0.34637
     -6.68286      0.93770      0.32601      0.61169
     -6.67286      0.72575      0.25199      0.47376
     -6.66286      0.44690      0.15439      0.29251
     -6.65286      0.39706      0.13617      0.26089
     -6.64286      0.57441      0.19748      0.37694
     -6.63286      0.87451      0.30535      0.56916
     -6.62286      0.65659      0.23219      0.42440
     -6.61286      0.24759      0.08708      0.16052
     -6.60286      0.30221      0.10129      0.20092
     -6.59286      0.75873      0.25730      0.50143
     -6.58286      1.16727      0.40441      0.76286
     -6.57286      1.06816      0.37440      0.69376
     -6.56286      0.70217      0.24592      0.45626
     -6.55286      0.55637      0.19130      0.36507
     -6.54286      0.55108      0.19018      0.36089
     -6.53286      0.58021      0.20759      0.37262
     -6.52286      0.46937      0.16958      0.29979
     -6.51286      0.46235      0.16088      0.30146
     -6.50286      0.72117      0.24602      0.47515
     -6.49286      0.87010      0.29784      0.57226
     -6.48286      1.04243      0.36328      0.67915
     -6.47286      0.90639      0.32066      0.58573
     -6.46286      0.58562      0.20889      0.37673
     -6.45286      0.63533      0.22534      0.40999
     -6.44286      0.87819      0.30846      0.56973
     -6.43286      0.98708      0.34500      0.64208
     -6.42286      0.92702      0.32132      0.60570
     -6.41286      0.66997      0.22821      0.44176
     -6.40286      0.33546      0.11295      0.22251
     -6.39286      0.25012      0.08706      0.16306
     -6.38286      0.37978      0.13307      0.24671
     -6.37286      0.44748      0.15245      0.29503
     -6.36286      0.48482      0.16073      0.32409
     -6.35286      0.45373      0.14934      0.30439
     -6.34286      0.28532      0.09412      0.19120
     -6.33286      0.20878      0.07209      0.13669
     -6.32286      0.62803      0.22285      0.40518
     -6.31286      1.28013      0.45565      0.82448
     -6.30286      1.47796      0.52592      0.95204
     -6.29286      1.29640      0.45780      0.83860
     -6.28286      1.12438      0.39174      0.73264
     -6.27286      1.13735      0.39258      0.74477
     -6.26286      0.87813      0.30240      0.57573
     -6.25286      0.58633      0.20179      0.38453
     -6.24286      0.77069      0.26445      0.50625
     -6.23286      1.24786      0.42414      0.82372
     -6.22286      1.10557      0.37149      0.73407
     -6.21286      0.58859      0.19521      0.39338
     -6.20286      0.28152      0.09286      0.18866
     -6.19286      0.38718      0.12977      0.25741
     -6.18286      0.77621      0.26469      0.51153
     -6.17286      0.90326      0.31236      0.59090
     -6.16286      0.66571      0.23230      0.43340
     -6.15286      0.57648      0.20173      0.37474
     -6.14286      0.74064      0.25750      0.48315
     -6.13286      0.82018      0.28530      0.53488
     -6.12286      0.78806      0.27484      0.51322
     -6.11286      0.78693      0.27458      0.51234
     -6.10286      0.62058      0.21680      0.40378
     -6.09286      0.40938      0.14109      0.26829
     -6.08286      0.51331      0.17464      0.33868
     -6.07286      0.78963      0.27460      0.51503
     -6.06286      0.75580      0.26576      0.49005
     -6.05286      0.57420      0.19680      0.37739
     -6.04286      0.66533      0.22526      0.44007
     -6.03286      0.91131      0.31602      0.59530
     -6.02286      1.13468      0.39985      0.73483
     -6.01286      1.18517      0.41223      0.77294
     -6.00286      0.99928      0.33709      0.66219
     -5.99286      0.69594      0.23268      0.46326
     -5.98286      0.62231      0.21250      0.40980
     -5.97286      0.80312      0.27680      0.52631
     -5.96286      0.92799      0.32075      0.60724
     -5.95286      0.89037      0.31049      0.57988
     -5.94286      0.93773      0.33021      0.60752
     -5.93286      0.83509      0.29193      0.54316
     -5.92286      0.67205      0.22703      0.44502
     -5.91286      0.72475      0.23869      0.48606
     -5.90286      0.61240      0.20327      0.40913
     -5.89286      0.43321      0.14728      0.28593
     -5.88286      0.35534      0.12312      0.23223
     -5.87286      0.65319      0.22848      0.42471
     -5.86286      0.97616      0.34099      0.63517
     -5.85286      0.87985      0.30600      0.57384
     -5.84286      1.13364      0.39350      0.74014
     -5.83286      1.45104      0.50307      0.94797
     -5.82286      1.46388      0.50257      0.96131
     -5.81286      1.50200      0.50922      0.99278
     -5.80286      1.25259      0.42117      0.83142
     -5.79286      0.90929      0.30627      0.60301
     -5.78286      1.09718      0.37070      0.72647
     -5.77286      1.37165      0.46183      0.90982
     -5.76286      1.43516      0.48401      0.95115
     -5.75286      1.33775      0.45535      0.88240
     -5.74286      1.03071      0.35402      0.67669
     -5.73286      1.00136      0.34526      0.65611
     -5.72286      1.08986      0.37615      0.71371
     -5.71286      1.14799      0.39673      0.75126
     -5.70286      1.04832      0.36247      0.68585
     -5.69286      0.64759      0.22153      0.42607
     -5.68286      0.42627      0.14160      0.28467
     -5.67286      0.62019      0.20596      0.41423
     -5.66286      0.85278      0.28727      0.56551
     -5.65286      0.60939      0.20726      0.40214
     -5.64286      0.30605      0.10460      0.20145
     -5.63286      0.35350      0.12091      0.23259
     -5.62286      0.50467      0.17267      0.33200
     -5.61286      0.92308      0.31489      0.60819
     -5.60286      1.53048      0.51824      1.01224
     -5.59286      1.59457      0.53678      1.05779
     -5.58286      0.98535      0.33339      0.65196
     -5.57286      0.49518      0.17059      0.32459
     -5.56286      0.45335      0.15613      0.29722
     -5.55286      0.84431      0.28922      0.55510
     -5.54286      1.11956      0.38207      0.73749
     -5.53286      1.14463      0.38973      0.75490
     -5.52286      1.15444      0.39548      0.75895
     -5.51286      1.23518      0.42432      0.81086
     -5.50286      1.02832      0.35129      0.67703
     -5.49286      0.58832      0.20007      0.38825
     -5.48286      0.41557      0.14123      0.27435
     -5.47286      0.38495      0.13112      0.25382
     -5.46286      0.60478      0.20758      0.39720
     -5.45286      0.94138      0.32499      0.61639
     -5.44286      0.90751      0.31540      0.59210
     -5.43286      0.70507      0.24380      0.46127
     -5.42286      0.52652      0.17649      0.35004
     -5.41286      0.56915      0.18595      0.38320
     -5.40286      0.71622      0.23560      0.48062
     -5.39286      0.59444      0.19739      0.39704
     -5.38286      0.28605      0.09481      0.19125
     -5.37286      0.35070      0.11450      0.23620
     -5.36286      0.82574      0.27391      0.55183
     -5.35286      1.31497      0.44336      0.87161
     -5.34286      1.19524      0.40658      0.78867
     -5.33286      0.79941      0.27028      0.52913
     -5.32286      0.59817      0.19792      0.40025
     -5.31286      0.45795      0.15207      0.30588
     -5.30286      0.42621      0.14503      0.28118
     -5.29286      0.55778      0.18781      0.36996
     -5.28286      1.08208      0.36224      0.71984
     -5.27286      1.40620      0.47497      0.93123
     -5.26286      1.01515      0.34591      0.66924
     -5.25286      0.65910      0.22504      0.43405
     -5.24286      0.78174      0.26401      0.51772
     -5.23286      1.01573      0.33947      0.67626
     -5.22286      1.01113      0.33587      0.67526
     -5.21286      0.66393      0.21887      0.44507
     -5.20286      0.21803      0.07131      0.14672
     -5.19286      0.02999      0.00975      0.02024
     -5.18286      0.00217      0.00071      0.00146
     -5.17286      0.01579      0.00535      0.01044
     -5.16286      0.17176      0.05795      0.11381
     -5.15286      0.74160      0.24954      0.49205
     -5.14286      1.32193      0.44456      0.87738
     -5.13286      1.10067      0.36965      0.73102
     -5.12286      0.69182      0.23060      0.46122
     -5.11286      0.57215      0.19025      0.38189
     -5.10286      0.62128      0.20555      0.41573
     -5.09286      0.63287      0.20745      0.42542
     -5.08286      0.33604      0.10964      0.22639
     -5.07286      0.25468      0.08501      0.16967
     -5.06286      0.67073      0.22487      0.44586
     -5.05286      0.93196      0.31138      0.62058
     -5.04286      0.65329      0.22078      0.43250
     -5.03286      0.42943      0.14976      0.27966
     -5.02286      0.37439      0.12872      0.24566
     -5.01286      0.65443      0.21749      0.43694
     -5.00286      1.08835      0.36102      0.72733
     -4.99286      1.03149      0.34347      0.68802
     -4.98286      0.63370      0.21280      0.42090
     -4.97286      0.70344      0.23870      0.46474
     -4.96286      1.05860      0.35707      0.70154
     -4.95286      0.98007      0.32701      0.65306
     -4.94286      0.67865      0.22762      0.45102
     -4.93286      0.34540      0.11827      0.22713
     -4.92286      0.09228      0.03204      0.06024
     -4.91286      0.02761      0.00944      0.01817
     -4.90286      0.11817      0.03990      0.07826
     -4.89286      0.30468      0.10269      0.20199
     -4.88286      0.42079      0.14026      0.28053
     -4.87286      0.69742      0.22823      0.46918
     -4.86286      1.03657      0.33540      0.70117
     -4.85286      0.91920      0.29421      0.62499
     -4.84286      0.74143      0.23847      0.50296
     -4.83286      0.98640      0.31956      0.66684
     -4.82286      1.05637      0.34213      0.71424
     -4.81286      0.59411      0.19369      0.40042
     -4.80286      0.31622      0.10575      0.21046
     -4.79286      0.65741      0.22203      0.43538
     -4.78286      1.05179      0.35233      0.69947
     -4.77286      0.90856      0.30148      0.60707
     -4.76286      0.51218      0.16981      0.34238
     -4.75286      0.18300      0.06096      0.12204
     -4.74286      0.11694      0.03891      0.07803
     -4.73286      0.49589      0.16497      0.33093
     -4.72286      1.07040      0.35650      0.71390
     -4.71286      1.04218      0.34619      0.69600
     -4.70286      0.79663      0.26038      0.53625
     -4.69286      0.58434      0.18823      0.39611
     -4.68286      0.36765      0.12007      0.24758
     -4.67286      0.58137      0.19428      0.38709
     -4.66286      0.91932      0.30397      0.61536
     -4.65286      1.07329      0.34709      0.72620
     -4.64286      0.82724      0.26353      0.56371
     -4.63286      0.30379      0.09595      0.20784
     -4.62286      0.05811      0.01829      0.03982
     -4.61286      0.12116      0.03883      0.08233
     -4.60286      0.43890      0.14171      0.29720
     -4.59286      0.61024      0.19839      0.41185
     -4.58286      0.33293      0.10868      0.22425
     -4.57286      0.17701      0.05583      0.12118
     -4.56286      0.34533      0.10651      0.23882
     -4.55286      0.53372      0.16546      0.36827
     -4.54286      0.68147      0.21497      0.46650
     -4.53286      0.70969      0.23048      0.47921
     -4.52286      0.54273      0.18240      0.36033
     -4.51286      0.50396      0.17125      0.33271
     -4.50286      0.80372      0.27222      0.53151
     -4.49286      0.80659      0.27330      0.53329
     -4.48286      0.35644      0.12060      0.23584
     -4.47286      0.15081      0.04931      0.10150
     -4.46286      0.41776      0.13471      0.28305
     -4.45286      0.79375      0.25870      0.53505
     -4.44286      0.71508      0.23492      0.48016
     -4.43286      0.43377      0.13996      0.29382
     -4.42286      0.37350      0.11578      0.25772
     -4.41286      0.36814      0.11621      0.25192
     -4.40286      0.49771      0.16390      0.33381
     -4.39286      0.64559      0.21074      0.43484
     -4.38286      0.49603      0.15702      0.33900
     -4.37286      0.21552      0.06688      0.14864
     -4.36286      0.14229      0.04627      0.09602
     -4.35286      0.40102      0.13125      0.26976
     -4.34286      0.81017      0.26048      0.54969
     -4.33286      1.16586      0.37188      0.79398
     -4.32286      1.43567      0.46013      0.97554
     -4.31286      1.47573      0.47619      0.99954
     -4.30286      0.95966      0.31055      0.64911
     -4.29286      0.43138      0.13680      0.29459
     -4.28286      0.38994      0.12030      0.26964
     -4.27286      0.44170      0.14142      0.30029
     -4.26286      0.46053      0.15124      0.30929
     -4.25286      0.53766      0.16861      0.36905
     -4.24286      0.62464      0.18900      0.43564
     -4.23286      0.41289      0.12404      0.28885
     -4.22286      0.21514      0.06456      0.15058
     -4.21286      0.31258      0.09442      0.21817
     -4.20286      0.42282      0.13141      0.29142
     -4.19286      0.53199      0.17023      0.36176
     -4.18286      0.56810      0.17936      0.38874
     -4.17286      0.36113      0.11226      0.24887
     -4.16286      0.28856      0.09314      0.19542
     -4.15286      0.43990      0.14490      0.29500
     -4.14286      0.51772      0.17072      0.34700
     -4.13286      0.51219      0.16862      0.34357
     -4.12286      0.52263      0.16901      0.35362
     -4.11286      0.48637      0.15122      0.33515
     -4.10286      0.29741      0.08971      0.20770
     -4.09286      0.08857      0.02640      0.06217
     -4.08286      0.03973      0.01176      0.02796
     -4.07286      0.16133      0.04777      0.11355
     -4.06286      0.35359      0.10543      0.24816
     -4.05286      0.45141      0.13808      0.31332
     -4.04286      0.60643      0.19134      0.41509
     -4.03286      0.90267      0.28498      0.61769
     -4.02286      1.34849      0.42004      0.92846
     -4.01286      1.45752      0.45448      1.00303
     -4.00286      0.79515      0.25030      0.54485
     -3.99286      0.34215      0.11124      0.23091
     -3.98286      0.44889      0.14895      0.29994
     -3.97286      0.54411      0.17985      0.36426
     -3.96286      0.50879      0.16767      0.34113
     -3.95286      0.67465      0.22146      0.45319
     -3.94286      1.07560      0.34792      0.72768
     -3.93286      1.34782      0.42495      0.92287
     -3.92286      1.06169      0.32519      0.73650
     -3.91286      0.50950      0.15194      0.35756
     -3.90286      0.20590      0.06042      0.14548
     -3.89286      0.10792      0.03312      0.07480
     -3.88286      0.21054      0.06838      0.14216
     -3.87286      0.31132      0.10152      0.20980
     -3.86286      0.17567      0.05729      0.11838
     -3.85286      0.03673      0.01197      0.02476
     -3.84286      0.00870      0.00261      0.00609
     -3.83286      0.06008      0.01732      0.04275
     -3.82286      0.22703      0.06558      0.16145
     -3.81286      0.34938      0.10218      0.24721
     -3.80286      0.37595      0.11443      0.26152
     -3.79286      0.59172      0.18313      0.40859
     -3.78286      0.76601      0.23909      0.52692
     -3.77286      0.64085      0.20509      0.43577
     -3.76286      0.42375      0.13657      0.28718
     -3.75286      0.42388      0.12809      0.29579
     -3.74286      0.83752      0.24777      0.58974
     -3.73286      1.10505      0.32857      0.77648
     -3.72286      0.69201      0.20551      0.48650
     -3.71286      0.32945      0.09572      0.23373
     -3.70286      0.40480      0.11540      0.28941
     -3.69286      0.48375      0.13791      0.34584
     -3.68286      0.44302      0.12812      0.31490
     -3.67286      0.44987      0.13334      0.31653
     -3.66286      0.46666      0.13775      0.32891
     -3.65286      0.28493      0.08410      0.20083
     -3.64286      0.18019      0.05628      0.12391
     -3.63286      0.18534      0.05931      0.12603
     -3.62286      0.28494      0.08879      0.19616
     -3.61286      0.62353      0.18880      0.43473
     -3.60286      0.87527      0.26051      0.61476
     -3.59286      0.82094      0.24608      0.57486
     -3.58286      0.55456      0.17158      0.38298
     -3.57286      0.53906      0.17194      0.36712
     -3.56286      0.96696      0.30406      0.66290
     -3.55286      1.42457      0.44188      0.98269
     -3.54286      1.39816      0.43249      0.96568
     -3.53286      0.83976      0.26105      0.57870
     -3.52286      0.26430      0.08300      0.18131
     -3.51286      0.03774      0.01198      0.02576
     -3.50286      0.00225      0.00072      0.00153
     -3.49286      0.00083      0.00023      0.00060
     -3.48286      0.01611      0.00452      0.01159
     -3.47286      0.12965      0.03689      0.09276
     -3.46286      0.42595      0.12384      0.30211
     -3.45286      0.63250      0.18779      0.44471
     -3.44286      0.55584      0.16370      0.39214
     -3.43286      0.39070      0.11078      0.27992
     -3.42286      0.20759      0.05789      0.14970
     -3.41286      0.28019      0.08030      0.19990
     -3.40286      0.59172      0.17339      0.41833
     -3.39286      0.68412      0.20087      0.48325
     -3.38286      0.63928      0.18089      0.45839
     -3.37286      0.62643      0.17234      0.45409
     -3.36286      0.59333      0.16467      0.42865
     -3.35286      0.64613      0.18966      0.45647
     -3.34286      0.69460      0.21643      0.47817
     -3.33286      0.52525      0.16753      0.35771
     -3.32286      0.33103      0.10554      0.22549
     -3.31286      0.33647      0.10668      0.22979
     -3.30286      0.26603      0.08377      0.18225
     -3.29286      0.26743      0.08034      0.18710
     -3.28286      0.47970      0.13700      0.34270
     -3.27286      0.58500      0.16137      0.42363
     -3.26286      0.49943      0.13610      0.36333
     -3.25286      0.44510      0.12604      0.31906
     -3.24286      0.47937      0.14266      0.33671
     -3.23286      0.30723      0.09379      0.21343
     -3.22286      0.13328      0.04163      0.09166
     -3.21286      0.22181      0.07018      0.15162
     -3.20286      0.30934      0.09793      0.21140
     -3.19286      0.16686      0.05282      0.11404
     -3.18286      0.07085      0.02217      0.04868
     -3.17286      0.22848      0.06955      0.15894
     -3.16286      0.59559      0.17746      0.41814
     -3.15286      0.97032      0.28998      0.68033
     -3.14286      1.32773      0.40191      0.92582
     -3.13286      1.35178      0.39544      0.95634
     -3.12286      0.98166      0.27037      0.71129
     -3.11286      0.57835      0.15390      0.42445
     -3.10286      0.38637      0.10188      0.28448
     -3.09286      0.41024      0.10793      0.30231
     -3.08286      0.46030      0.12233      0.33797
     -3.07286      0.56733      0.15725      0.41009
     -3.06286      0.65225      0.18636      0.46589
     -3.05286      0.55563      0.15540      0.40023
     -3.04286      0.36646      0.09815      0.26831
     -3.03286      0.41781      0.11169      0.30613
     -3.02286      0.61120      0.17044      0.44076
     -3.01286      0.68236      0.19335      0.48902
     -3.00286      0.41527      0.11588      0.29939
     -2.99286      0.10879      0.02971      0.07908
     -2.98286      0.01285      0.00349      0.00936
     -2.97286      0.03126      0.00917      0.02209
     -2.96286      0.23575      0.06848      0.16727
     -2.95286      0.72625      0.20789      0.51836
     -2.94286      0.96815      0.27168      0.69648
     -2.93286      0.63958      0.17662      0.46296
     -2.92286      0.36398      0.10491      0.25908
     -2.91286      0.40330      0.11859      0.28470
     -2.90286      0.49122      0.13520      0.35601
     -2.89286      0.49108      0.12726      0.36382
     -2.88286      0.42891      0.10930      0.31961
     -2.87286      0.29500      0.07782      0.21718
     -2.86286      0.20548      0.06013      0.14534
     -2.85286      0.17513      0.05384      0.12129
     -2.84286      0.22244      0.06882      0.15361
     -2.83286      0.33231      0.10205      0.23026
     -2.82286      0.30710      0.08913      0.21797
     -2.81286      0.39033      0.10224      0.28809
     -2.80286      0.68553      0.18059      0.50494
     -2.79286      0.87942      0.23948      0.63994
     -2.78286      0.74915      0.21144      0.53771
     -2.77286      0.75853      0.22268      0.53585
     -2.76286      0.85701      0.24698      0.61003
     -2.75286      0.53365      0.14737      0.38628
     -2.74286      0.21437      0.05633      0.15803
     -2.73286      0.40101      0.10457      0.29644
     -2.72286      0.95398      0.25051      0.70347
     -2.71286      1.07281      0.27994      0.79287
     -2.70286      0.52510      0.13504      0.39006
     -2.69286      0.10601      0.02687      0.07915
     -2.68286      0.01858      0.00522      0.01336
     -2.67286      0.08665      0.02653      0.06012
     -2.66286      0.28662      0.08776      0.19886
     -2.65286      0.44716      0.13657      0.31059
     -2.64286      0.47171      0.14105      0.33066
     -2.63286      0.52039      0.14070      0.37969
     -2.62286      0.72250      0.17810      0.54440
     -2.61286      0.71219      0.17649      0.53570
     -2.60286      0.53121      0.14391      0.38730
     -2.59286      0.35654      0.10485      0.25170
     -2.58286      0.14787      0.04476      0.10312
     -2.57286      0.10259      0.03123      0.07136
     -2.56286      0.15575      0.04739      0.10836
     -2.55286      0.10676      0.03246      0.07430
     -2.54286      0.03585      0.01028      0.02557
     -2.53286      0.08066      0.01905      0.06161
     -2.52286      0.25918      0.06110      0.19808
     -2.51286      0.39863      0.09798      0.30064
     -2.50286      0.60310      0.15796      0.44514
     -2.49286      1.00794      0.25824      0.74970
     -2.48286      1.06742      0.26290      0.80452
     -2.47286      0.91196      0.22635      0.68561
     -2.46286      1.07517      0.27692      0.79825
     -2.45286      1.03365      0.27426      0.75939
     -2.44286      0.86022      0.23324      0.62698
     -2.43286      0.78227      0.21151      0.57076
     -2.42286      0.61929      0.16290      0.45639
     -2.41286      0.52526      0.12676      0.39850
     -2.40286      0.48170      0.11153      0.37017
     -2.39286      0.32201      0.07440      0.24761
     -2.38286      0.11139      0.02578      0.08561
     -2.37286      0.07372      0.01748      0.05623
     -2.36286      0.28308      0.07001      0.21307
     -2.35286      0.55691      0.14474      0.41216
     -2.34286      0.49215      0.13353      0.35862
     -2.33286      0.31648      0.08130      0.23518
     -2.32286      0.41721      0.09764      0.31957
     -2.31286      0.64929      0.15441      0.49487
     -2.30286      0.81364      0.19352      0.62013
     -2.29286      0.59754      0.14267      0.45487
     -2.28286      0.35216      0.09412      0.25803
     -2.27286      0.30841      0.09024      0.21817
     -2.26286      0.22678      0.06386      0.16292
     -2.25286      0.24785      0.05852      0.18933
     -2.24286      0.33457      0.07583      0.25874
     -2.23286      0.30176      0.07612      0.22564
     -2.22286      0.37448      0.10819      0.26628
     -2.21286      0.55031      0.16123      0.38908
     -2.20286      0.83781      0.23508      0.60273
     -2.19286      0.99235      0.25384      0.73851
     -2.18286      0.80577      0.18626      0.61951
     -2.17286      0.53994      0.11933      0.42061
     -2.16286      0.38901      0.08553      0.30348
     -2.15286      0.39571      0.08571      0.31000
     -2.14286      0.60336      0.13004      0.47332
     -2.13286      0.56127      0.12232      0.43895
     -2.12286      0.49207      0.11428      0.37780
     -2.11286      0.61162      0.15317      0.45844
     -2.10286      0.45396      0.11830      0.33566
     -2.09286      0.29923      0.07137      0.22786
     -2.08286      0.42182      0.09126      0.33056
     -2.07286      0.45769      0.10135      0.35634
     -2.06286      0.49213      0.11930      0.37283
     -2.05286      0.63281      0.15729      0.47552
     -2.04286      0.53385      0.13586      0.39798
     -2.03286      0.40599      0.11250      0.29349
     -2.02286      0.32474      0.09022      0.23451
     -2.01286      0.29406      0.06881      0.22526
     -2.00286      0.34828      0.07338      0.27490
     -1.99286      0.33399      0.06957      0.26442
     -1.98286      0.45634      0.09958      0.35676
     -1.97286      0.66670      0.15686      0.50984
     -1.96286      0.70558      0.17120      0.53438
     -1.95286      0.45559      0.11386      0.34173
     -1.94286      0.23146      0.06180      0.16966
     -1.93286      0.20037      0.04633      0.15404
     -1.92286      0.46340      0.09349      0.36991
     -1.91286      0.60651      0.12115      0.48537
     -1.90286      0.30425      0.06079      0.24346
     -1.89286      0.05774      0.01155      0.04619
     -1.88286      0.01936      0.00386      0.01550
     -1.87286      0.15706      0.03135      0.12571
     -1.86286      0.62191      0.12451      0.49740
     -1.85286      1.02812      0.20660      0.82152
     -1.84286      0.93099      0.18748      0.74351
     -1.83286      0.83844      0.16761      0.67083
     -1.82286      0.77575      0.15371      0.62204
     -1.81286      0.62368      0.12280      0.50087
     -1.80286      0.69245      0.13525      0.55720
     -1.79286      0.66812      0.13010      0.53803
     -1.78286      0.46698      0.09129      0.37569
     -1.77286      0.32969      0.06407      0.26562
     -1.76286      0.56654      0.10831      0.45823
     -1.75286      0.81097      0.15432      0.65665
     -1.74286      0.63194      0.12026      0.51168
     -1.73286      0.43828      0.08359      0.35469
     -1.72286      0.42274      0.07971      0.34303
     -1.71286      0.63529      0.11871      0.51658
     -1.70286      0.66893      0.12478      0.54416
     -1.69286      0.62768      0.11658      0.51110
     -1.68286      0.72015      0.13306      0.58709
     -1.67286      0.98459      0.18067      0.80392
     -1.66286      1.13666      0.20776      0.92889
     -1.65286      0.65797      0.12013      0.53785
     -1.64286      0.15864      0.02896      0.12968
     -1.63286      0.01504      0.00275      0.01229
     -1.62286      0.00055      0.00010      0.00045
     -1.61286      0.00010      0.00002      0.00008
     -1.60286      0.00315      0.00056      0.00259
     -1.59286      0.03961      0.00702      0.03259
     -1.58286      0.18328      0.03246      0.15082
     -1.57286      0.31604      0.05602      0.26002
     -1.56286      0.25052      0.04485      0.20566
     -1.55286      0.32100      0.05915      0.26185
     -1.54286      0.63398      0.11684      0.51714
     -1.53286      0.89349      0.16254      0.73094
     -1.52286      1.04016      0.18662      0.85354
     -1.51286      0.97869      0.17413      0.80457
     -1.50286      0.59925      0.10599      0.49326
     -1.49286      0.18393      0.03237      0.15156
     -1.48286      0.02426      0.00425      0.02001
     -1.47286      0.00172      0.00030      0.00142
     -1.46286      0.00989      0.00168      0.00821
     -1.45286      0.08284      0.01407      0.06877
     -1.44286      0.25590      0.04347      0.21244
     -1.43286      0.29087      0.04941      0.24146
     -1.42286      0.12323      0.02093      0.10230
     -1.41286      0.04402      0.00742      0.03660
     -1.40286      0.14542      0.02438      0.12103
     -1.39286      0.30280      0.05077      0.25203
     -1.38286      0.23390      0.03921      0.19468
     -1.37286      0.07352      0.01231      0.06120
     -1.36286      0.07494      0.01246      0.06249
     -1.35286      0.23681      0.03932      0.19749
     -1.34286      0.31056      0.05156      0.25900
     -1.33286      0.21938      0.03637      0.18300
     -1.32286      0.27668      0.04577      0.23091
     -1.31286      0.33379      0.05518      0.27861
     -1.30286      0.31147      0.05145      0.26003
     -1.29286      0.39924      0.06591      0.33333
     -1.28286      0.52268      0.08629      0.43639
     -1.27286      0.85545      0.14104      0.71441
     -1.26286      1.40967      0.23256      1.17710
     -1.25286      1.61343      0.26728      1.34615
     -1.24286      0.96365      0.16032      0.80333
     -1.23286      0.25554      0.04263      0.21291
     -1.22286      0.02772      0.00463      0.02309
     -1.21286      0.00118      0.00020      0.00098
     -1.20286      0.00002      0.00000      0.00001
     -1.19286      0.00002      0.00000      0.00002
     -1.18286      0.00080      0.00012      0.00068
     -1.17286      0.01250      0.00192      0.01058
     -1.16286      0.07301      0.01120      0.06181
     -1.15286      0.17443      0.02676      0.14767
     -1.14286      0.25525      0.03919      0.21606
     -1.13286      0.33347      0.05123      0.28224
     -1.12286      0.24360      0.03743      0.20617
     -1.11286      0.07083      0.01088      0.05995
     -1.10286      0.00766      0.00118      0.00648
     -1.09286      0.00031      0.00005      0.00026
     -1.08286      0.00042      0.00006      0.00036
     -1.07286      0.01159      0.00173      0.00986
     -1.06286      0.11826      0.01761      0.10065
     -1.05286      0.44413      0.06613      0.37800
     -1.04286      0.61367      0.09136      0.52230
     -1.03286      0.31216      0.04647      0.26569
     -1.02286      0.06369      0.00948      0.05421
     -1.01286      0.06018      0.00896      0.05122
     -1.00286      0.21911      0.03262      0.18649
     -0.99286      0.34095      0.05073      0.29021
     -0.98286      0.35523      0.05261      0.30262
     -0.97286      0.51221      0.07507      0.43714
     -0.96286      0.53261      0.07730      0.45530
     -0.95286      0.26223      0.03776      0.22447
     -0.94286      0.05506      0.00789      0.04717
     -0.93286      0.00461      0.00066      0.00395
     -0.92286      0.00049      0.00007      0.00042
     -0.91286      0.00830      0.00115      0.00715
     -0.90286      0.07438      0.01032      0.06406
     -0.89286      0.24517      0.03401      0.21116
     -0.88286      0.29731      0.04124      0.25607
     -0.87286      0.13265      0.01840      0.11425
     -0.86286      0.02259      0.00313      0.01946
     -0.85286      0.01699      0.00231      0.01468
     -0.84286      0.10976      0.01490      0.09486
     -0.83286      0.28484      0.03865      0.24619
     -0.82286      0.30214      0.04089      0.26124
     -0.81286      0.26660      0.03562      0.23099
     -0.80286      0.35223      0.04671      0.30552
     -0.79286      0.36555      0.04856      0.31699
     -0.78286      0.35866      0.04779      0.31087
     -0.77286      0.23532      0.03136      0.20395
     -0.76286      0.14684      0.01945      0.12739
     -0.75286      0.27472      0.03622      0.23850
     -0.74286      0.35360      0.04654      0.30706
     -0.73286      0.39169      0.05132      0.34037
     -0.72286      0.52391      0.06844      0.45548
     -0.71286      0.46120      0.06017      0.40103
     -0.70286      0.20312      0.02648      0.17664
     -0.69286      0.04609      0.00595      0.04014
     -0.68286      0.05734      0.00710      0.05024
     -0.67286      0.14095      0.01739      0.12355
     -0.66286      0.13447      0.01659      0.11787
     -0.65286      0.05841      0.00719      0.05122
     -0.64286      0.09736      0.01186      0.08550
     -0.63286      0.26571      0.03233      0.23337
     -0.62286      0.28376      0.03453      0.24923
     -0.61286      0.11160      0.01358      0.09802
     -0.60286      0.01615      0.00196      0.01418
     -0.59286      0.00087      0.00011      0.00076
     -0.58286      0.00039      0.00005      0.00034
     -0.57286      0.00885      0.00102      0.00783
     -0.56286      0.07755      0.00895      0.06860
     -0.55286      0.25282      0.02918      0.22363
     -0.54286      0.33831      0.03905      0.29926
     -0.53286      0.31996      0.03693      0.28304
     -0.52286      0.33266      0.03839      0.29427
     -0.51286      0.19586      0.02259      0.17327
     -0.50286      0.09673      0.01105      0.08569
     -0.49286      0.14518      0.01646      0.12872
     -0.48286      0.13707      0.01552      0.12155
     -0.47286      0.09281      0.01032      0.08249
     -0.46286      0.20514      0.02240      0.18274
     -0.45286      0.31148      0.03397      0.27751
     -0.44286      0.17876      0.01950      0.15927
     -0.43286      0.03777      0.00412      0.03365
     -0.42286      0.00295      0.00032      0.00263
     -0.41286      0.00066      0.00007      0.00059
     -0.40286      0.01207      0.00126      0.01082
     -0.39286      0.09377      0.00976      0.08401
     -0.38286      0.26794      0.02788      0.24006
     -0.37286      0.28168      0.02931      0.25237
     -0.36286      0.11018      0.01146      0.09872
     -0.35286      0.03667      0.00375      0.03292
     -0.34286      0.13159      0.01327      0.11832
     -0.33286      0.30337      0.03056      0.27281
     -0.32286      0.33231      0.03331      0.29900
     -0.31286      0.45213      0.04474      0.40739
     -0.30286      0.62803      0.06190      0.56614
     -0.29286      0.38027      0.03744      0.34283
     -0.28286      0.08678      0.00854      0.07824
     -0.27286      0.00738      0.00073      0.00665
     -0.26286      0.00023      0.00002      0.00021
     -0.25286      0.00000      0.00000      0.00000
     -0.24286      0.00000      0.00000      0.00000
     -0.23286      0.00001      0.00000      0.00001
     -0.22286      0.00033      0.00003      0.00030
     -0.21286      0.00688      0.00061      0.00626
     -0.20286      0.05470      0.00488      0.04982
     -0.19286      0.18846      0.01679      0.17168
     -0.18286      0.34629      0.03077      0.31553
     -0.17286      0.36122      0.03203      0.32919
     -0.16286      0.17680      0.01567      0.16113
     -0.15286      0.03457      0.00306      0.03151
     -0.14286      0.00284      0.00025      0.00259
     -0.13286      0.00758      0.00063      0.00695
     -0.12286      0.06982      0.00580      0.06402
     -0.11286      0.23882      0.01984      0.21898
     -0.10286      0.30081      0.02498      0.27582
     -0.09286      0.14684      0.01217      0.13467
     -0.08286      0.09487      0.00766      0.08721
     -0.07286      0.24224      0.01937      0.22288
     -0.06286      0.29960      0.02395      0.27566
     -0.05286      0.13714      0.01096      0.12618
     -0.04286      0.02363      0.00189      0.02174
     -0.03286      0.01091      0.00083      0.01008
     -0.02286      0.06131      0.00462      0.05669
     -0.01286      0.14573      0.01098      0.13474
     -0.00286      0.12749      0.00961      0.11788
      0.00714      0.04103      0.00309      0.03794
      0.01714      0.00486      0.00037      0.00449
      0.02714      0.00021      0.00002      0.00020
      0.03714      0.00000      0.00000      0.00000
      0.04714      0.00000      0.00000      0.00000
      0.05714      0.00000      0.00000      0.00000
      0.06714      0.00000      0.00000      0.00000
      0.07714      0.00000      0.00000      0.00000
      0.08714      0.00000      0.00000      0.00000
      0.09714      0.00000      0.00000      0.00000
      0.10714      0.00000      0.00000      0.00000
      0.11714      0.00000      0.00000      0.00000
      0.12714      0.00000      0.00000      0.00000
      0.13714      0.00000      0.00000      0.00000
      0.14714      0.00000      0.00000      0.00000
      0.15714      0.00000      0.00000      0.00000
      0.16714      0.00000      0.00000      0.00000
      0.17714      0.00000      0.00000      0.00000
      0.18714      0.00000      0.00000      0.00000
      0.19714      0.00000      0.00000      0.00000
      0.20714      0.00000      0.00000      0.00000
      0.21714      0.00000      0.00000      0.00000
      0.22714      0.00000      0.00000      0.00000
      0.23714      0.00000      0.00000      0.00000
      0.24714      0.00000      0.00000      0.00000
      0.25714      0.00000      0.00000      0.00000
      0.26714      0.00000      0.00000      0.00000
      0.27714      0.00000      0.00000      0.00000
      0.28714      0.00000      0.00000      0.00000
      0.29714      0.00000      0.00000      0.00000
      0.30714      0.00000      0.00000      0.00000
      0.31714      0.00000      0.00000      0.00000
      0.32714      0.00000      0.00000      0.00000
      0.33714      0.00000      0.00000      0.00000
      0.34714      0.00000      0.00000      0.00000
      0.35714      0.00000      0.00000      0.00000
      0.36714      0.00000      0.00000      0.00000
      0.37714      0.00000      0.00000      0.00000
      0.38714      0.00000      0.00000      0.00000
      0.39714      0.00000      0.00000      0.00000
      0.40714      0.00000      0.00000      0.00000
      0.41714      0.00000      0.00000      0.00000
      0.42714      0.00000      0.00000      0.00000
      0.43714      0.00000      0.00000      0.00000
      0.44714      0.00000      0.00000      0.00000
      0.45714      0.00000      0.00000      0.00000
      0.46714      0.00000      0.00000      0.00000
      0.47714      0.00000      0.00000      0.00000
      0.48714      0.00000      0.00000      0.00000
      0.49714      0.00000      0.00000      0.00000
      0.50714      0.00000      0.00000      0.00000
      0.51714      0.00000      0.00000      0.00000
      0.52714      0.00000      0.00000      0.00000
      0.53714      0.00000      0.00000      0.00000
      0.54714      0.00000      0.00000      0.00000
      0.55714      0.00000      0.00000      0.00000
      0.56714      0.00000      0.00000      0.00000
      0.57714      0.00000      0.00000      0.00000
      0.58714      0.00000      0.00000      0.00000
      0.59714      0.00000      0.00000      0.00000
      0.60714      0.00000      0.00000      0.00000
      0.61714      0.00000      0.00000      0.00000
      0.62714      0.00000      0.00000      0.00000
      0.63714      0.00000      0.00000      0.00000
      0.64714      0.00000      0.00000      0.00000
      0.65714      0.00000      0.00000      0.00000
      0.66714      0.00000      0.00000      0.00000
      0.67714      0.00000      0.00000      0.00000
      0.68714      0.00000      0.00000      0.00000
      0.69714      0.00000      0.00000      0.00000
      0.70714      0.00000      0.00000      0.00000
      0.71714      0.00000      0.00000      0.00000
      0.72714      0.00000      0.00000      0.00000
      0.73714      0.00000      0.00000      0.00000
      0.74714      0.00000      0.00000      0.00000
      0.75714      0.00000      0.00000      0.00000
      0.76714      0.00000      0.00000      0.00000
      0.77714      0.00000      0.00000      0.00000
      0.78714      0.00000      0.00000      0.00000
      0.79714      0.00000      0.00000      0.00000
      0.80714      0.00000      0.00000      0.00000
      0.81714      0.00000      0.00000      0.00000
      0.82714      0.00000      0.00000      0.00000
      0.83714      0.00000      0.00000      0.00000
      0.84714      0.00000      0.00000      0.00000
      0.85714      0.00000      0.00000      0.00000
      0.86714      0.00000      0.00000      0.00000
      0.87714      0.00000      0.00000      0.00000
      0.88714      0.00000      0.00000      0.00000
      0.89714      0.00000      0.00000      0.00000
      0.90714      0.00000      0.00000      0.00000
      0.91714      0.00000      0.00000      0.00000
      0.92714      0.00000      0.00000      0.00000
      0.93714      0.00000      0.00000      0.00000
      0.94714      0.00000      0.00000      0.00000
      0.95714      0.00000      0.00000      0.00000
      0.96714      0.00000      0.00000      0.00000
      0.97714      0.00000      0.00000      0.00000
      0.98714      0.00000      0.00000      0.00000
      0.99714      0.00000      0.00000      0.00000
      1.00714      0.00000      0.00000      0.00000
      1.01714      0.00000      0.00000      0.00000
      1.02714      0.00000      0.00000      0.00000
      1.03714      0.00000      0.00000      0.00000
      1.04714      0.00000      0.00000      0.00000
      1.05714      0.00000      0.00000      0.00000
      1.06714      0.00000      0.00000      0.00000
      1.07714      0.00000      0.00000      0.00000
      1.08714      0.00000      0.00000      0.00000
      1.09714      0.00000      0.00000      0.00000
      1.10714      0.00000      0.00000      0.00000
      1.11714      0.00000      0.00000      0.00000
      1.12714      0.00000      0.00000      0.00000
      1.13714      0.00000      0.00000      0.00000
      1.14714      0.00000      0.00000      0.00000
      1.15714      0.00000      0.00000      0.00000
      1.16714      0.00000      0.00000      0.00000
      1.17714      0.00000      0.00000      0.00000
      1.18714      0.00000      0.00000      0.00000
      1.19714      0.00000      0.00000      0.00000
      1.20714      0.00000      0.00000      0.00000
      1.21714      0.00000      0.00000      0.00000
      1.22714      0.00000      0.00000      0.00000
      1.23714      0.00000      0.00000      0.00000
      1.24714      0.00000      0.00000      0.00000
      1.25714      0.00000      0.00000      0.00000
      1.26714      0.00000      0.00000      0.00000
      1.27714      0.00000      0.00000      0.00000
      1.28714      0.00000      0.00000      0.00000
      1.29714      0.00000      0.00000      0.00000
      1.30714      0.00000      0.00000      0.00000
      1.31714      0.00000      0.00000      0.00000
      1.32714      0.00000      0.00000      0.00000
      1.33714      0.00000      0.00000      0.00000
      1.34714      0.00000      0.00000      0.00000
      1.35714      0.00000      0.00000      0.00000
      1.36714      0.00000      0.00000      0.00000
      1.37714      0.00000      0.00000      0.00000
      1.38714      0.00000      0.00000      0.00000
      1.39714      0.00000      0.00000      0.00000
      1.40714      0.00000      0.00000      0.00000
      1.41714      0.00000      0.00000      0.00000
      1.42714      0.00000      0.00000      0.00000
      1.43714      0.00000      0.00000      0.00000
      1.44714      0.00000      0.00000      0.00000
      1.45714      0.00000      0.00000      0.00000
      1.46714      0.00000      0.00000      0.00000
      1.47714      0.00000      0.00000      0.00000
      1.48714      0.00000      0.00000      0.00000
      1.49714      0.00000      0.00000      0.00000
      1.50714      0.00000      0.00000      0.00000
      1.51714      0.00000      0.00000      0.00000
      1.52714      0.00000      0.00000      0.00000
      1.53714      0.00000      0.00000      0.00000
      1.54714      0.00000      0.00000      0.00000
      1.55714      0.00000      0.00000      0.00000
      1.56714      0.00000      0.00000      0.00000
      1.57714      0.00000      0.00000      0.00000
      1.58714      0.00000      0.00000      0.00000
      1.59714      0.00000      0.00000      0.00000
      1.60714      0.00000      0.00000      0.00000
      1.61714      0.00000      0.00000      0.00000
      1.62714      0.00000      0.00000      0.00000
      1.63714      0.00000      0.00000      0.00000
      1.64714      0.00000      0.00000      0.00000
      1.65714      0.00000      0.00000      0.00000
      1.66714      0.00000      0.00000      0.00000
      1.67714      0.00000      0.00000      0.00000
      1.68714      0.00000      0.00000      0.00000
      1.69714      0.00000      0.00000      0.00000
      1.70714      0.00000      0.00000      0.00000
      1.71714      0.00000      0.00000      0.00000
      1.72714      0.00000      0.00000      0.00000
      1.73714      0.00000      0.00000      0.00000
      1.74714      0.00000      0.00000      0.00000
      1.75714      0.00000      0.00000      0.00000
      1.76714      0.00000      0.00000      0.00000
      1.77714      0.00000      0.00000      0.00000
      1.78714      0.00000      0.00000      0.00000
      1.79714      0.00000      0.00000      0.00000
      1.80714      0.00000      0.00000      0.00000
      1.81714      0.00000      0.00000      0.00000
      1.82714      0.00000      0.00000      0.00000
      1.83714      0.00000      0.00000      0.00000
      1.84714      0.00000      0.00000      0.00000
      1.85714      0.00000      0.00000      0.00000
      1.86714      0.00000      0.00000      0.00000
      1.87714      0.00000      0.00000      0.00000
      1.88714      0.00000      0.00000      0.00000
      1.89714      0.00000      0.00000      0.00000
      1.90714      0.00000      0.00000      0.00000
      1.91714      0.00000      0.00000      0.00000
      1.92714      0.00000      0.00000      0.00000
      1.93714      0.00000      0.00000      0.00000
      1.94714      0.00000      0.00000      0.00000
      1.95714      0.00000      0.00000      0.00000
      1.96714      0.00000      0.00000      0.00000
      1.97714      0.00000      0.00000      0.00000
      1.98714      0.00000      0.00000      0.00000
      1.99714      0.00000      0.00000      0.00000
      2.00714      0.00000      0.00000      0.00000
      2.01714      0.00000      0.00000      0.00000
      2.02714      0.00000      0.00000      0.00000
      2.03714      0.00000      0.00000      0.00000
      2.04714      0.00000      0.00000      0.00000
      2.05714      0.00000      0.00000      0.00000
      2.06714      0.00000      0.00000      0.00000
      2.07714      0.00000      0.00000      0.00000
      2.08714      0.00000      0.00000      0.00000
      2.09714      0.00000      0.00000      0.00000
      2.10714      0.00000      0.00000      0.00000
      2.11714      0.00000      0.00000      0.00000
      2.12714      0.00000      0.00000      0.00000
      2.13714      0.00000      0.00000      0.00000
      2.14714      0.00000      0.00000      0.00000
      2.15714      0.00000      0.00000      0.00000
      2.16714      0.00000      0.00000      0.00000
      2.17714      0.00000      0.00000      0.00000
      2.18714      0.00000      0.00000      0.00000
      2.19714      0.00000      0.00000      0.00000
      2.20714      0.00000      0.00000      0.00000
      2.21714      0.00000      0.00000      0.00000
      2.22714      0.00000      0.00000      0.00000
      2.23714      0.00000      0.00000      0.00000
      2.24714      0.00000      0.00000      0.00000
      2.25714      0.00000      0.00000      0.00000
      2.26714      0.00000      0.00000      0.00000
      2.27714      0.00000      0.00000      0.00000
      2.28714      0.00000      0.00000      0.00000
      2.29714      0.00000      0.00000      0.00000
      2.30714      0.00000      0.00000      0.00000
      2.31714      0.00000      0.00000      0.00000
      2.32714      0.00000      0.00000      0.00000
      2.33714      0.00000      0.00000      0.00000
      2.34714      0.00000      0.00000      0.00000
      2.35714      0.00000      0.00000      0.00000
      2.36714      0.00000      0.00000      0.00000
      2.37714      0.00000      0.00000      0.00000
      2.38714      0.00000      0.00000      0.00000
      2.39714      0.00000      0.00000      0.00000
      2.40714      0.00000      0.00000      0.00000
      2.41714      0.00000      0.00000      0.00000
      2.42714      0.00000      0.00000      0.00000
      2.43714      0.00000      0.00000      0.00000
      2.44714      0.00000      0.00000      0.00000
      2.45714      0.00000      0.00000      0.00000
      2.46714      0.00000      0.00000      0.00000
      2.47714      0.00000      0.00000      0.00000
      2.48714      0.00000      0.00000      0.00000
      2.49714      0.00000      0.00000      0.00000
      2.50714      0.00000      0.00000      0.00000
      2.51714      0.00000      0.00000      0.00000
      2.52714      0.00000      0.00000      0.00000
      2.53714      0.00000      0.00000      0.00000
      2.54714      0.00000      0.00000      0.00000
      2.55714      0.00000      0.00000      0.00000
      2.56714      0.00000      0.00000      0.00000
      2.57714      0.00000      0.00000      0.00000
      2.58714      0.00000      0.00000      0.00000
      2.59714      0.00000      0.00000      0.00000
      2.60714      0.00000      0.00000      0.00000
      2.61714      0.00000      0.00000      0.00000
      2.62714      0.00000      0.00000      0.00000
      2.63714      0.00000      0.00000      0.00000
      2.64714      0.00000      0.00000      0.00000
      2.65714      0.00000      0.00000      0.00000
      2.66714      0.00000      0.00000      0.00000
      2.67714      0.00000      0.00000      0.00000
      2.68714      0.00000      0.00000      0.00000
      2.69714      0.00000      0.00000      0.00000
      2.70714      0.00000      0.00000      0.00000
      2.71714      0.00000      0.00000      0.00000
      2.72714      0.00000      0.00000      0.00000
      2.73714      0.00000      0.00000      0.00000
      2.74714      0.00000      0.00000      0.00000
      2.75714      0.00000      0.00000      0.00000
      2.76714      0.00000      0.00000      0.00000
      2.77714      0.00000      0.00000      0.00000
      2.78714      0.00000      0.00000      0.00000
      2.79714      0.00000      0.00000      0.00000
      2.80714      0.00000      0.00000      0.00000
      2.81714      0.00000      0.00000      0.00000
      2.82714      0.00000      0.00000      0.00000
      2.83714      0.00000      0.00000      0.00000
      2.84714      0.00000      0.00000      0.00000
      2.85714      0.00000      0.00000      0.00000
      2.86714      0.00000      0.00000      0.00000
      2.87714      0.00000      0.00000      0.00000
      2.88714      0.00000      0.00000      0.00000
      2.89714      0.00000      0.00000      0.00000
      2.90714      0.00000      0.00000      0.00000
      2.91714      0.00000      0.00000      0.00000
      2.92714      0.00000      0.00000      0.00000
      2.93714      0.00000      0.00000      0.00000
      2.94714      0.00000      0.00000      0.00000
      2.95714      0.00000      0.00000      0.00000
      2.96714      0.00000      0.00000      0.00000
      2.97714      0.00000      0.00000      0.00000
      2.98714      0.00000      0.00000      0.00000
      2.99714      0.00000      0.00000      0.00000
      3.00714      0.00000      0.00000      0.00000
      3.01714      0.00000      0.00000      0.00000
      3.02714      0.00000      0.00000      0.00000
      3.03714      0.00000      0.00000      0.00000
      3.04714      0.00000      0.00000      0.00000
      3.05714      0.00000      0.00000      0.00000
      3.06714      0.00000      0.00000      0.00000
      3.07714      0.00000      0.00000      0.00000
      3.08714      0.00000      0.00000      0.00000
      3.09714      0.00000      0.00000      0.00000
      3.10714      0.00000      0.00000      0.00000
      3.11714      0.00000      0.00000      0.00000
      3.12714      0.00000      0.00000      0.00000
      3.13714      0.00000      0.00000      0.00000
      3.14714      0.00000      0.00000      0.00000
      3.15714      0.00000      0.00000      0.00000
      3.16714      0.00000      0.00000      0.00000
      3.17714      0.00000      0.00000      0.00000
      3.18714      0.00000      0.00000      0.00000
      3.19714      0.00000      0.00000      0.00000
      3.20714      0.00000      0.00000      0.00000
      3.21714      0.00000      0.00000      0.00000
      3.22714      0.00000      0.00000      0.00000
      3.23714      0.00000      0.00000      0.00000
      3.24714      0.00000      0.00000      0.00000
      3.25714      0.00000      0.00000      0.00000
      3.26714      0.00000      0.00000      0.00000
      3.27714      0.00000      0.00000      0.00000
      3.28714      0.00000      0.00000      0.00000
      3.29714      0.00000      0.00000      0.00000
      3.30714      0.00000      0.00000      0.00000
      3.31714      0.00000      0.00000      0.00000
      3.32714      0.00000      0.00000      0.00000
      3.33714      0.00000      0.00000      0.00000
      3.34714      0.00000      0.00000      0.00000
      3.35714      0.00000      0.00000      0.00000
      3.36714      0.00000      0.00000      0.00000
      3.37714      0.00000      0.00000      0.00000
      3.38714      0.00000      0.00000      0.00000
      3.39714      0.00000      0.00000      0.00000
      3.40714      0.00000      0.00000      0.00000
      3.41714      0.00000      0.00000      0.00000
      3.42714      0.00000      0.00000      0.00000
      3.43714      0.00000      0.00000      0.00000
      3.44714      0.00000      0.00000      0.00000
      3.45714      0.00000      0.00000      0.00000
      3.46714      0.00000      0.00000      0.00000
      3.47714      0.00000      0.00000      0.00000
      3.48714      0.00000      0.00000      0.00000
      3.49714      0.00000      0.00000      0.00000
      3.50714      0.00000      0.00000      0.00000
      3.51714      0.00000      0.00000      0.00000
      3.52714      0.00000      0.00000      0.00000
      3.53714      0.00000      0.00000      0.00000
      3.54714      0.00000      0.00000      0.00000
      3.55714      0.00000      0.00000      0.00000
      3.56714      0.00000      0.00000      0.00000
      3.57714      0.00000      0.00000      0.00000
      3.58714      0.00000      0.00000      0.00000
      3.59714      0.00000      0.00000      0.00000
      3.60714      0.00000      0.00000      0.00000
      3.61714      0.00000      0.00000      0.00000
      3.62714      0.00000      0.00000      0.00000
      3.63714      0.00000      0.00000      0.00000
      3.64714      0.00000      0.00000      0.00000
      3.65714      0.00000      0.00000      0.00000
      3.66714      0.00000      0.00000      0.00000
      3.67714      0.00000      0.00000      0.00000
      3.68714      0.00000      0.00000      0.00000
      3.69714      0.00000      0.00000      0.00000
      3.70714      0.00000      0.00000      0.00000
      3.71714      0.00000      0.00000      0.00000
      3.72714      0.00000      0.00000      0.00000
      3.73714      0.00000      0.00000      0.00000
      3.74714      0.00000      0.00000      0.00000
      3.75714      0.00000      0.00000      0.00000
      3.76714      0.00000      0.00000      0.00000
      3.77714      0.00000      0.00000      0.00000
      3.78714      0.00000      0.00000      0.00000
      3.79714      0.00000      0.00000      0.00000
      3.80714      0.00000      0.00000      0.00000
      3.81714      0.00000      0.00000      0.00000
      3.82714      0.00001      0.00001      0.00000
      3.83714      0.00041      0.00039      0.00002
      3.84714      0.00778      0.00738      0.00039
      3.85714      0.05458      0.05181      0.00276
      3.86714      0.14092      0.13379      0.00713
      3.87714      0.13401      0.12723      0.00678
      3.88714      0.05143      0.04881      0.00262
      3.89714      0.05732      0.05419      0.00312
      3.90714      0.20874      0.19727      0.01147
      3.91714      0.32141      0.30371      0.01770
      3.92714      0.26018      0.24562      0.01456
      3.93714      0.29839      0.28123      0.01716
      3.94714      0.28741      0.27080      0.01662
      3.95714      0.11335      0.10679      0.00656
      3.96714      0.02209      0.02078      0.00131
      3.97714      0.05653      0.05295      0.00358
      3.98714      0.23320      0.21843      0.01478
      3.99714      0.42502      0.39812      0.02690
      4.00714      0.33222      0.31122      0.02101
      4.01714      0.10613      0.09942      0.00671
      4.02714      0.01325      0.01241      0.00084
      4.03714      0.00172      0.00160      0.00012
      4.04714      0.01919      0.01782      0.00137
      4.05714      0.12337      0.11454      0.00883
      4.06714      0.29196      0.27108      0.02089
      4.07714      0.25423      0.23604      0.01819
      4.08714      0.08312      0.07717      0.00595
      4.09714      0.03802      0.03524      0.00277
      4.10714      0.18611      0.17242      0.01369
      4.11714      0.50020      0.46326      0.03694
      4.12714      0.62525      0.57868      0.04657
      4.13714      0.50960      0.47093      0.03867
      4.14714      0.37540      0.34634      0.02906
      4.15714      0.29453      0.27104      0.02350
      4.16714      0.32951      0.30282      0.02682
      4.17714      0.22471      0.20959      0.01793
      4.18714      0.14721      0.16222      0.00855
      4.19714      0.35742      0.41861      0.01779
      4.20714      0.55194      0.64922      0.02714
      4.21714      0.39261      0.48775      0.01559
      4.22714      0.14249      0.19097      0.00368
      4.23714      0.06134      0.06856      0.00376
      4.24714      0.14026      0.13686      0.01169
      4.25714      0.28431      0.32186      0.01681
      4.26714      0.57281      0.69332      0.02636
      4.27714      0.93979      1.04142      0.05708
      4.28714      0.90622      0.95365      0.06289
      4.29714      0.51099      0.56720      0.03171
      4.30714      0.30104      0.32069      0.02204
      4.31714      0.33033      0.30748      0.03185
      4.32714      0.24614      0.24224      0.02167
      4.33714      0.21852      0.30097      0.00548
      4.34714      0.31408      0.47860      0.00051
      4.35714      0.21395      0.32785      0.00006
      4.36714      0.06461      0.09239      0.00117
      4.37714      0.12042      0.11018      0.01295
      4.38714      0.50035      0.44438      0.05606
      4.39714      0.91969      0.81701      0.10281
      4.40714      0.85085      0.76002      0.09419
      4.41714      0.64214      0.61169      0.06396
      4.42714      0.80454      0.86401      0.06361
      4.43714      1.07887      1.15831      0.08800
      4.44714      1.06831      1.06205      0.10588
      4.45714      1.18032      1.16152      0.12217
      4.46714      1.68625      1.68699      0.16898
      4.47714      2.20290      2.07650      0.24702
      4.48714      2.15524      1.94515      0.25999
      4.49714      1.38088      1.28881      0.16095
      4.50714      0.84239      0.83132      0.09434
      4.51714      0.50014      0.47893      0.06022
      4.52714      0.33385      0.30562      0.04157
      4.53714      0.39909      0.39602      0.04278
      4.54714      0.40213      0.45309      0.03312
      4.55714      0.57953      0.58359      0.06214
      4.56714      1.08652      0.96491      0.14246
      4.57714      1.32945      1.17519      0.17797
      4.58714      1.12224      1.09176      0.13221
      4.59714      0.86203      0.96203      0.07540
      4.60714      0.47169      0.54679      0.03623
      4.61714      0.11912      0.13558      0.00954
      4.62714      0.02142      0.02131      0.00238
      4.63714      0.11654      0.10195      0.01605
      4.64714      0.59028      0.53232      0.07728
      4.65714      1.31724      1.26359      0.15598
      4.66714      1.34911      1.44954      0.12877
      4.67714      0.78645      1.01751      0.04203
      4.68714      0.38400      0.57392      0.00594
      4.69714      0.19271      0.25337      0.00918
      4.70714      0.37740      0.35478      0.04391
      4.71714      0.75286      0.74447      0.08161
      4.72714      0.82088      0.92127      0.07014
      4.73714      0.80477      0.87545      0.07649
      4.74714      0.85444      0.79079      0.11039
      4.75714      0.89315      0.76723      0.13188
      4.76714      0.94616      0.81053      0.14361
      4.77714      0.65617      0.60971      0.09026
      4.78714      0.37659      0.44178      0.03191
      4.79714      0.43951      0.53354      0.03095
      4.80714      0.61237      0.75054      0.04148
      4.81714      0.45128      0.59776      0.02240
      4.82714      0.14084      0.20025      0.00449
      4.83714      0.02243      0.03060      0.00101
      4.84714      0.06011      0.05795      0.00767
      4.85714      0.28919      0.30208      0.03216
      4.86714      0.63041      0.72159      0.05684
      4.87714      0.75331      0.86691      0.06538
      4.88714      0.71013      0.70515      0.08467
      4.89714      0.72620      0.63417      0.10759
      4.90714      0.71882      0.64786      0.10196
      4.91714      0.76028      0.82550      0.07693
      4.92714      0.89129      1.12576      0.05797
      4.93714      0.71839      0.98809      0.03152
      4.94714      0.32934      0.47850      0.00994
      4.95714      0.25202      0.29676      0.02130
      4.96714      0.69484      0.75241      0.07108
      4.97714      1.01157      1.10328      0.10096
      4.98714      0.74247      0.77498      0.07933
      4.99714      0.47168      0.47387      0.05410
      5.00714      0.61308      0.68583      0.06180
      5.01714      0.94688      1.03600      0.10352
      5.02714      0.87521      0.86078      0.11716
      5.03714      0.75304      0.65249      0.12075
      5.04714      0.52984      0.44419      0.08851
      5.05714      0.19456      0.18193      0.02861
      5.06714      0.13184      0.19847      0.00369
      5.07714      0.25580      0.40568      0.00261
      5.08714      0.53770      0.78013      0.01922
      5.09714      0.88797      1.13193      0.06202
      5.10714      0.80918      0.87835      0.08676
      5.11714      0.39324      0.36960      0.05373
      5.12714      0.09417      0.08213      0.01419
      5.13714      0.01013      0.00896      0.00151
      5.14714      0.01025      0.01652      0.00006
      5.15714      0.08335      0.13642      0.00010
      5.16714      0.26814      0.43040      0.00209
      5.17714      0.38720      0.55774      0.01636
      5.18714      0.41932      0.44755      0.05047
      5.19714      0.51337      0.45395      0.08149
      5.20714      0.75906      0.72418      0.10927
      5.21714      0.93049      1.05052      0.09992
      5.22714      0.90064      1.18192      0.06165
      5.23714      0.94790      1.29675      0.05281
      5.24714      0.71289      1.01248      0.03242
      5.25714      0.27060      0.40601      0.00819
      5.26714      0.07461      0.10502      0.00359
      5.27714      0.18975      0.23409      0.01550
      5.28714      0.51061      0.64317      0.03987
      5.29714      0.65720      0.78509      0.06111
      5.30714      0.43342      0.45833      0.05293
      5.31714      0.24856      0.24842      0.03370
      5.32714      0.52780      0.57820      0.06143
      5.33714      0.89294      0.99836      0.09897
      5.34714      0.73729      0.78575      0.08979
      5.35714      0.64837      0.57971      0.10503
      5.36714      0.85256      0.73546      0.14606
      5.37714      0.81962      0.82615      0.11623
      5.38714      0.57588      0.74552      0.04737
      5.39714      0.31094      0.47613      0.00997
      5.40714      0.37717      0.57795      0.01078
      5.41714      0.69472      0.97453      0.03741
      5.42714      0.60782      0.76034      0.05103
      5.43714      0.22559      0.24849      0.02562
      5.44714      0.03471      0.03424      0.00473
      5.45714      0.00213      0.00195      0.00032
      5.46714      0.00014      0.00019      0.00001
      5.47714      0.00356      0.00535      0.00013
      5.48714      0.05376      0.07572      0.00295
      5.49714      0.32374      0.41706      0.02577
      5.50714      0.79291      0.91818      0.08418
      5.51714      0.79387      0.82630      0.10310
      5.52714      0.32245      0.30775      0.04745
      5.53714      0.08178      0.08507      0.01070
      5.54714      0.27840      0.35223      0.02460
      5.55714      1.01341      1.26587      0.09363
      5.56714      1.68295      2.06075      0.16495
      5.57714      1.54912      1.90272      0.15041
      5.58714      1.10253      1.39950      0.09586
      5.59714      0.69266      0.86272      0.06213
      5.60714      0.27917      0.34044      0.02626
      5.61714      0.18639      0.29122      0.00468
      5.62714      0.31384      0.52139      0.00173
      5.63714      0.30265      0.44861      0.01312
      5.64714      0.30612      0.30665      0.04429
      5.65714      0.31523      0.27097      0.05505
      5.66714      0.21585      0.24455      0.02517
      5.67714      0.27388      0.44081      0.00425
      5.68714      0.29800      0.49803      0.00073
      5.69714      0.16056      0.24083      0.00636
      5.70714      0.19096      0.17315      0.03212
      5.71714      0.35378      0.30123      0.06396
      5.72714      0.47690      0.48787      0.06982
      5.73714      0.76274      0.94510      0.07806
      5.74714      1.02266      1.30842      0.09580
      5.75714      1.07198      1.25775      0.12372
      5.76714      0.86930      1.02345      0.09898
      5.77714      0.61036      0.79601      0.05194
      5.78714      0.47297      0.53510      0.05609
      5.79714      0.31704      0.28794      0.05207
      5.80714      0.21337      0.17585      0.03918
      5.81714      0.30134      0.24491      0.05654
      5.82714      0.26167      0.21553      0.04852
      5.83714      0.12662      0.13977      0.01585
      5.84714      0.19943      0.32735      0.00191
      5.85714      0.31212      0.52582      0.00008
      5.86714      0.18882      0.31832      0.00000
      5.87714      0.04278      0.07151      0.00013
      5.88714      0.01745      0.01721      0.00260
      5.89714      0.10277      0.08385      0.01907
      5.90714      0.28214      0.23377      0.05165
      5.91714      0.36886      0.36190      0.05637
      5.92714      0.70068      0.93632      0.05821
      5.93714      1.56172      2.19566      0.10930
      5.94714      1.76467      2.56056      0.10752
      5.95714      1.09966      1.67672      0.04917
      5.96714      0.70575      1.00073      0.04617
      5.97714      0.68322      0.88034      0.06270
      5.98714      0.41526      0.54739      0.03516
      5.99714      0.10403      0.14390      0.00728
      6.00714      0.02688      0.04287      0.00056
      6.01714      0.11593      0.19491      0.00002
      6.02714      0.28716      0.48257      0.00009
      6.03714      0.27240      0.44869      0.00212
      6.04714      0.19045      0.23013      0.02022
      6.05714      0.39845      0.32967      0.07621
      6.06714      0.59352      0.47891      0.11602
      6.07714      0.38802      0.32942      0.07202
      6.08714      0.18870      0.23158      0.01893
      6.09714      0.21454      0.30750      0.01179
      6.10714      0.30389      0.32916      0.04136
      6.11714      0.37044      0.35019      0.06282
      6.12714      0.47031      0.64365      0.03789
      6.13714      0.95315      1.51845      0.03131
      6.14714      1.25801      1.80820      0.08274
      6.15714      0.96412      1.08801      0.12690
      6.16714      0.67272      0.58803      0.12587
      6.17714      0.70070      0.61325      0.13089
      6.18714      0.71399      0.76515      0.10050
      6.19714      0.49823      0.66275      0.03969
      6.20714      0.28655      0.36067      0.02708
      6.21714      0.31125      0.27331      0.05639
      6.22714      0.28703      0.23158      0.05669
      6.23714      0.20803      0.16663      0.04143
      6.24714      0.29751      0.23814      0.05937
      6.25714      0.26405      0.21135      0.05270
      6.26714      0.08963      0.07174      0.01789
      6.27714      0.01518      0.01233      0.00301
      6.28714      0.05178      0.04723      0.00932
      6.29714      0.27233      0.28849      0.04008
      6.30714      0.69401      0.90392      0.06418
      6.31714      1.03671      1.60378      0.03805
      6.32714      1.08453      1.80546      0.01224
      6.33714      1.03605      1.67829      0.02632
      6.34714      1.04475      1.53698      0.06003
      6.35714      0.92474      1.35730      0.05202
      6.36714      0.78402      1.27754      0.02195
      6.37714      0.72766      1.14587      0.03338
      6.38714      0.59850      0.74855      0.06856
      6.39714      0.42098      0.42274      0.06848
      6.40714      0.35020      0.38575      0.04646
      6.41714      0.24808      0.31844      0.02134
      6.42714      0.08593      0.12065      0.00476
      6.43714      0.03322      0.03462      0.00486
      6.44714      0.13214      0.10492      0.02759
      6.45714      0.29709      0.23512      0.06224
      6.46714      0.25525      0.20970      0.05166
      6.47714      0.15506      0.19358      0.01578
      6.48714      0.28803      0.47465      0.00177
      6.49714      0.45335      0.75043      0.00008
      6.50714      0.43734      0.71222      0.00015
      6.51714      0.27404      0.43290      0.00310
      6.52714      0.29828      0.40252      0.02450
      6.53714      0.67593      0.82040      0.07969
      6.54714      0.80554      0.88320      0.11606
      6.55714      0.46695      0.45812      0.07936
      6.56714      0.22785      0.27701      0.02808
      6.57714      0.41497      0.61171      0.02932
      6.58714      0.68929      0.93438      0.06602
      6.59714      0.66438      0.80756      0.08321
      6.60714      0.69966      0.67040      0.12482
      6.61714      0.94268      0.76613      0.19660
      6.62714      0.81514      0.65879      0.17012
      6.63714      0.46911      0.48924      0.06888
      6.64714      0.54118      0.81927      0.01217
      6.65714      0.79752      1.27318      0.00088
      6.66714      0.64090      1.02813      0.00002
      6.67714      0.24670      0.39833      0.00000
      6.68714      0.18708      0.30977      0.00000
      6.69714      0.40750      0.67146      0.00016
      6.70714      0.42519      0.68186      0.00312
      6.71714      0.32365      0.44308      0.02256
      6.72714      0.52907      0.65232      0.05999
      6.73714      0.58441      0.75837      0.05868
      6.74714      0.30817      0.44599      0.02113
      6.75714      0.26484      0.45665      0.00324
      6.76714      0.33998      0.57626      0.00660
      6.77714      0.33563      0.43676      0.03430
      6.78714      0.51084      0.57281      0.06698
      6.79714      0.74411      1.02998      0.04814
      6.80714      0.74047      1.18466      0.01301
      6.81714      0.70237      1.16810      0.00684
      6.82714      0.86794      1.31752      0.04176
      6.83714      1.00273      1.24727      0.11648
      6.84714      0.92397      1.10611      0.12200
      6.85714      0.46374      0.62293      0.04798
      6.86714      0.10895      0.16032      0.00844
      6.87714      0.08759      0.07648      0.01755
      6.88714      0.36237      0.28322      0.07943
      6.89714      0.62224      0.48717      0.13617
      6.90714      0.42308      0.35407      0.08710
      6.91714      0.30356      0.39005      0.02847
      6.92714      0.69000      0.95376      0.04066
      6.93714      1.05217      1.37580      0.06867
      6.94714      0.81794      1.06004      0.04768
      6.95714      0.43524      0.53008      0.03431
      6.96714      0.49460      0.52450      0.06294
      6.97714      0.65306      0.77397      0.05963
      6.98714      0.48704      0.66255      0.02107
      6.99714      0.18352      0.26994      0.00277
      7.00714      0.04475      0.06752      0.00113
      7.01714      0.13654      0.19509      0.01116
      7.02714      0.46446      0.62890      0.04577
      7.03714      0.62013      0.79258      0.07060
      7.04714      0.48118      0.58467      0.05545
      7.05714      0.76895      0.91375      0.07730
      7.06714      1.15789      1.32994      0.12198
      7.07714      0.91487      1.07642      0.09697
      7.08714      0.53462      0.78683      0.03457
      7.09714      0.28508      0.50227      0.00511
      7.10714      0.09346      0.17008      0.00032
      7.11714      0.12015      0.19427      0.00076
      7.12714      0.44856      0.68062      0.00973
      7.13714      0.82070      1.11213      0.04943
      7.14714      0.83373      0.91515      0.10813
      7.15714      0.58607      0.51589      0.11256
      7.16714      0.29757      0.25533      0.05616
      7.17714      0.24202      0.28003      0.01221
      7.18714      0.37114      0.48443      0.00105
      7.19714      0.49214      0.70924      0.00003
      7.20714      0.70503      1.04364      0.00000
      7.21714      0.63231      0.90135      0.00000
      7.22714      0.26210      0.36021      0.00004
      7.23714      0.08041      0.11862      0.00116
      7.24714      0.21687      0.33272      0.01231
      7.25714      0.53518      0.73618      0.04890
      7.26714      0.67100      0.80008      0.07950
      7.27714      0.84853      0.93580      0.08880
      7.28714      1.28289      1.42306      0.12726
      7.29714      1.38237      1.62463      0.14436
      7.30714      1.02041      1.35004      0.08786
      7.31714      0.50247      0.74602      0.02371
      7.32714      0.20130      0.33620      0.00255
      7.33714      0.26204      0.48638      0.00010
      7.34714      0.40787      0.76194      0.00000
      7.35714      0.47695      0.85491      0.00000
      7.36714      0.60230      0.91899      0.00000
      7.37714      0.75332      0.98356      0.00003
      7.38714      0.64188      0.83077      0.00089
      7.39714      0.35978      0.45682      0.01099
      7.40714      0.50291      0.52776      0.05384
      7.41714      0.98301      0.98778      0.11377
      7.42714      1.02894      1.02433      0.11265
      7.43714      0.64602      0.65120      0.05266
      7.44714      0.44657      0.45895      0.01854
      7.45714      0.40676      0.38291      0.04048
      7.46714      0.39412      0.33840      0.07042
      7.47714      0.39580      0.42878      0.04852
      7.48714      0.70823      0.91661      0.03689
      7.49714      1.29732      1.53530      0.10033
      7.50714      1.49577      1.58698      0.16719
      7.51714      1.03808      1.01261      0.14521
      7.52714      0.65712      0.65483      0.07175
      7.53714      0.58664      0.63106      0.01931
      7.54714      0.55796      0.57911      0.00724
      7.55714      0.41949      0.41735      0.00794
      7.56714      0.43886      0.43226      0.01346
      7.57714      0.84674      0.81730      0.04560
      7.58714      1.05395      1.00091      0.08965
      7.59714      0.96479      1.01466      0.08928
      7.60714      1.08545      1.28463      0.08868
      7.61714      1.27480      1.47866      0.10222
      7.62714      1.36504      1.58149      0.07848
      7.63714      1.18517      1.38798      0.06544
      7.64714      0.83138      0.96225      0.07711
      7.65714      0.59809      0.69511      0.05229
      7.66714      0.77395      0.93389      0.01781
      7.67714      0.87216      1.07715      0.00720
      7.68714      0.44583      0.56334      0.00292
      7.69714      0.14638      0.17870      0.00107
      7.70714      0.31955      0.35503      0.00911
      7.71714      0.89288      0.98754      0.05751
      7.72714      1.38550      1.48283      0.14346
      7.73714      1.09572      1.10422      0.14258
      7.74714      0.44235      0.41952      0.05867
      7.75714      0.10932      0.10203      0.01081
      7.76714      0.10631      0.10831      0.00097
      7.77714      0.27148      0.27988      0.00022
      7.78714      0.30875      0.32450      0.00344
      7.79714      0.31473      0.37392      0.02448
      7.80714      0.58160      0.73872      0.06410
      7.81714      0.64669      0.80892      0.06223
      7.82714      0.51879      0.59634      0.02357
      7.83714      0.51573      0.59722      0.00470
      7.84714      0.44316      0.55890      0.00145
      7.85714      0.36666      0.47550      0.00415
      7.86714      0.55578      0.75164      0.00993
      7.87714      0.65236      0.91122      0.01285
      7.88714      0.68253      0.80947      0.03298
      7.89714      0.97440      0.97990      0.08015
      7.90714      1.01198      1.08198      0.08647
      7.91714      0.99957      1.21415      0.06835
      7.92714      1.17712      1.31331      0.11919
      7.93714      1.43918      1.50912      0.20415
      7.94714      1.40284      1.62527      0.18943
      7.95714      1.02981      1.27148      0.12233
      7.96714      0.61421      0.69703      0.08374
      7.97714      0.33039      0.35474      0.03846
      7.98714      0.36823      0.43138      0.01700
      7.99714      0.44824      0.51115      0.03081
      8.00714      0.44350      0.53116      0.03342
      8.01714      0.38052      0.51332      0.01354
      8.02714      0.20227      0.27817      0.00202
      8.03714      0.18180      0.19968      0.00018
      8.04714      0.33528      0.34976      0.00172
      8.05714      0.41072      0.45419      0.01602
      8.06714      0.53913      0.60712      0.05485
      8.07714      0.55628      0.61619      0.06908
      8.08714      0.27221      0.30811      0.03208
      8.09714      0.08680      0.10028      0.00725
      8.10714      0.24339      0.26680      0.01669
      8.11714      0.72629      0.80288      0.05566
      8.12714      1.00528      1.13338      0.07405
      8.13714      0.79107      0.91215      0.04491
      8.14714      0.59290      0.79904      0.01836
      8.15714      0.64944      0.97409      0.02275
      8.16714      0.79851      0.99925      0.06750
      8.17714      1.13938      1.26889      0.11351
      8.18714      1.13194      1.36097      0.08850
      8.19714      0.56330      0.75128      0.02869
      8.20714      0.16634      0.22564      0.00535
      8.21714      0.24123      0.24814      0.01666
      8.22714      0.58529      0.57306      0.05989
      8.23714      0.76954      0.80300      0.09827
      8.24714      0.79047      0.96275      0.10067
      8.25714      0.62700      0.78991      0.08076
      8.26714      0.48818      0.52340      0.07688
      8.27714      0.55864      0.61317      0.07122
      8.28714      0.55737      0.67682      0.04556
      8.29714      0.70909      0.80564      0.05978
      8.30714      0.93471      1.04845      0.06589
      8.31714      0.66547      0.79834      0.02972
      8.32714      0.47116      0.65752      0.01665
      8.33714      0.70796      0.92344      0.04832
      8.34714      0.92604      1.07928      0.07882
      8.35714      0.83764      0.91215      0.08119
      8.36714      0.74142      0.75587      0.07528
      8.37714      0.70006      0.76182      0.03905
      8.38714      0.53822      0.67338      0.00848
      8.39714      0.39218      0.55256      0.00087
      8.40714      0.22495      0.31476      0.00121
      8.41714      0.24814      0.29358      0.00617
      8.42714      0.59290      0.76377      0.01258
      8.43714      0.85954      1.22123      0.01732
      8.44714      0.76437      1.01284      0.04531
      8.45714      0.66204      0.66530      0.08154
      8.46714      0.53466      0.48027      0.06351
      8.47714      0.31823      0.28987      0.02874
      8.48714      0.38758      0.35308      0.03508
      8.49714      0.67337      0.60789      0.07714
      8.50714      0.83518      0.81817      0.10450
      8.51714      0.69959      0.88600      0.06303
      8.52714      0.52129      0.81700      0.01492
      8.53714      0.52415      0.79253      0.00357
      8.54714      0.62323      0.85762      0.01851
      8.55714      0.69246      0.87232      0.05559
      8.56714      0.67388      0.89856      0.06460
      8.57714      0.55132      0.78182      0.04870
      8.58714      0.61438      0.73305      0.06536
      8.59714      0.97636      1.22424      0.05891
      8.60714      1.18611      1.66842      0.02103
      8.61714      0.84560      1.22914      0.00930
      8.62714      0.43136      0.53106      0.03542
      8.63714      0.34831      0.29930      0.06899
      8.64714      0.23251      0.18779      0.04971
      8.65714      0.11788      0.12998      0.01321
      8.66714      0.15244      0.21267      0.00171
      8.67714      0.17203      0.22543      0.00672
      8.68714      0.32955      0.34383      0.04230
      8.69714      0.78981      0.80662      0.10878
      8.70714      0.93746      1.02295      0.11651
      8.71714      0.66016      0.85727      0.05654
      8.72714      0.49003      0.64802      0.04296
      8.73714      0.55264      0.52642      0.09440
      8.74714      0.59759      0.49690      0.11393
      8.75714      0.53188      0.49819      0.06406
      8.76714      0.68449      0.72788      0.02928
      8.77714      0.73609      0.75955      0.04802
      8.78714      0.60607      0.60639      0.06935
      8.79714      0.49995      0.58012      0.04102
      8.80714      0.31218      0.41428      0.00911
      8.81714      0.17719      0.25339      0.00111
      8.82714      0.30372      0.43066      0.00583
      8.83714      0.52052      0.64181      0.03489
      8.84714      0.80951      0.85768      0.08162
      8.85714      0.94758      1.00292      0.08510
