cpu-bind=MASK - n2cn0202, task  0  0 [190783]: mask |BBBBBBBB|BBBBBBBB||BBBBBBBB|BBBBBBBB||BBBBBBBB|BBBBBBBB||BBBBBBBB|BBBBBBBB||||BBBBBBBB|BBBBBBBB||BBBBBBBB|BBBBBBBB||BBBBBBBB|BBBBBBBB||BBBBBBBB|BBBBBBBB|  set
The following modules were not unloaded:
  (Use "module --force purge" to unload all):

  1) pc2fs   2) slurm/24.11.5-1   3) DefaultModules
cpu-bind=MASK - n2cn0202, task  0  0 [191250]: mask |BBBBBBBB|BBBBBBBB||BBBBBBBB|BBBBBBBB||--------|--------||--------|--------||||--------|--------||--------|--------||--------|--------||--------|--------|  set
cpu-bind=MASK - n2cn0202, task  1  1 [191251]: mask |--------|--------||--------|--------||BBBBBBBB|BBBBBBBB||BBBBBBBB|BBBBBBBB||||--------|--------||--------|--------||--------|--------||--------|--------|  set
cpu-bind=MASK - n2cn0386, task  4  0 [3112444]: mask |BBBBBBBB|BBBBBBBB||BBBBBBBB|BBBBBBBB||--------|--------||--------|--------||||--------|--------||--------|--------||--------|--------||--------|--------|  set
cpu-bind=MASK - n2cn0202, task  2  2 [191252]: mask |--------|--------||--------|--------||--------|--------||--------|--------||||BBBBBBBB|BBBBBBBB||BBBBBBBB|BBBBBBBB||--------|--------||--------|--------|  set
cpu-bind=MASK - n2cn0386, task  5  1 [3112445]: mask |--------|--------||--------|--------||BBBBBBBB|BBBBBBBB||BBBBBBBB|BBBBBBBB||||--------|--------||--------|--------||--------|--------||--------|--------|  set
cpu-bind=MASK - n2cn0386, task  6  2 [3112446]: mask |--------|--------||--------|--------||--------|--------||--------|--------||||BBBBBBBB|BBBBBBBB||BBBBBBBB|BBBBBBBB||--------|--------||--------|--------|  set
cpu-bind=MASK - n2cn0583, task 12  0 [3181739]: mask |BBBBBBBB|BBBBBBBB||BBBBBBBB|BBBBBBBB||--------|--------||--------|--------||||--------|--------||--------|--------||--------|--------||--------|--------|  set
cpu-bind=MASK - n2cn0689, task 20  0 [3387470]: mask |BBBBBBBB|BBBBBBBB||BBBBBBBB|BBBBBBBB||--------|--------||--------|--------||||--------|--------||--------|--------||--------|--------||--------|--------|  set
cpu-bind=MASK - n2cn0583, task 13  1 [3181740]: mask |--------|--------||--------|--------||BBBBBBBB|BBBBBBBB||BBBBBBBB|BBBBBBBB||||--------|--------||--------|--------||--------|--------||--------|--------|  set
cpu-bind=MASK - n2cn0689, task 21  1 [3387471]: mask |--------|--------||--------|--------||BBBBBBBB|BBBBBBBB||BBBBBBBB|BBBBBBBB||||--------|--------||--------|--------||--------|--------||--------|--------|  set
cpu-bind=MASK - n2cn0583, task 14  2 [3181741]: mask |--------|--------||--------|--------||--------|--------||--------|--------||||BBBBBBBB|BBBBBBBB||BBBBBBBB|BBBBBBBB||--------|--------||--------|--------|  set
cpu-bind=MASK - n2cn0689, task 22  2 [3387472]: mask |--------|--------||--------|--------||--------|--------||--------|--------||||BBBBBBBB|BBBBBBBB||BBBBBBBB|BBBBBBBB||--------|--------||--------|--------|  set
cpu-bind=MASK - n2cn0202, task  3  3 [191253]: mask |--------|--------||--------|--------||--------|--------||--------|--------||||--------|--------||--------|--------||BBBBBBBB|BBBBBBBB||BBBBBBBB|BBBBBBBB|  set
cpu-bind=MASK - n2cn1095, task 24  0 [3599888]: mask |BBBBBBBB|BBBBBBBB||BBBBBBBB|BBBBBBBB||--------|--------||--------|--------||||--------|--------||--------|--------||--------|--------||--------|--------|  set
cpu-bind=MASK - n2cn0386, task  7  3 [3112447]: mask |--------|--------||--------|--------||--------|--------||--------|--------||||--------|--------||--------|--------||BBBBBBBB|BBBBBBBB||BBBBBBBB|BBBBBBBB|  set
cpu-bind=MASK - n2cn1095, task 25  1 [3599889]: mask |--------|--------||--------|--------||BBBBBBBB|BBBBBBBB||BBBBBBBB|BBBBBBBB||||--------|--------||--------|--------||--------|--------||--------|--------|  set
cpu-bind=MASK - n2cn1095, task 26  2 [3599890]: mask |--------|--------||--------|--------||--------|--------||--------|--------||||BBBBBBBB|BBBBBBBB||BBBBBBBB|BBBBBBBB||--------|--------||--------|--------|  set
cpu-bind=MASK - n2cn0489, task  8  0 [3075015]: mask |BBBBBBBB|BBBBBBBB||BBBBBBBB|BBBBBBBB||--------|--------||--------|--------||||--------|--------||--------|--------||--------|--------||--------|--------|  set
cpu-bind=MASK - n2cn0489, task  9  1 [3075016]: mask |--------|--------||--------|--------||BBBBBBBB|BBBBBBBB||BBBBBBBB|BBBBBBBB||||--------|--------||--------|--------||--------|--------||--------|--------|  set
cpu-bind=MASK - n2cn0608, task 16  0 [900637]: mask |BBBBBBBB|BBBBBBBB||BBBBBBBB|BBBBBBBB||--------|--------||--------|--------||||--------|--------||--------|--------||--------|--------||--------|--------|  set
cpu-bind=MASK - n2cn0583, task 15  3 [3181742]: mask |--------|--------||--------|--------||--------|--------||--------|--------||||--------|--------||--------|--------||BBBBBBBB|BBBBBBBB||BBBBBBBB|BBBBBBBB|  set
cpu-bind=MASK - n2cn0489, task 10  2 [3075017]: mask |--------|--------||--------|--------||--------|--------||--------|--------||||BBBBBBBB|BBBBBBBB||BBBBBBBB|BBBBBBBB||--------|--------||--------|--------|  set
cpu-bind=MASK - n2cn0689, task 23  3 [3387473]: mask |--------|--------||--------|--------||--------|--------||--------|--------||||--------|--------||--------|--------||BBBBBBBB|BBBBBBBB||BBBBBBBB|BBBBBBBB|  set
cpu-bind=MASK - n2cn0608, task 17  1 [900638]: mask |--------|--------||--------|--------||BBBBBBBB|BBBBBBBB||BBBBBBBB|BBBBBBBB||||--------|--------||--------|--------||--------|--------||--------|--------|  set
cpu-bind=MASK - n2cn0608, task 18  2 [900639]: mask |--------|--------||--------|--------||--------|--------||--------|--------||||BBBBBBBB|BBBBBBBB||BBBBBBBB|BBBBBBBB||--------|--------||--------|--------|  set
cpu-bind=MASK - n2cn1095, task 27  3 [3599891]: mask |--------|--------||--------|--------||--------|--------||--------|--------||||--------|--------||--------|--------||BBBBBBBB|BBBBBBBB||BBBBBBBB|BBBBBBBB|  set
cpu-bind=MASK - n2cn0489, task 11  3 [3075018]: mask |--------|--------||--------|--------||--------|--------||--------|--------||||--------|--------||--------|--------||BBBBBBBB|BBBBBBBB||BBBBBBBB|BBBBBBBB|  set
cpu-bind=MASK - n2cn0608, task 19  3 [900640]: mask |--------|--------||--------|--------||--------|--------||--------|--------||||--------|--------||--------|--------||BBBBBBBB|BBBBBBBB||BBBBBBBB|BBBBBBBB|  set
cpu-bind=MASK - n2cn1141, task 28  0 [1563304]: mask |BBBBBBBB|BBBBBBBB||BBBBBBBB|BBBBBBBB||--------|--------||--------|--------||||--------|--------||--------|--------||--------|--------||--------|--------|  set
cpu-bind=MASK - n2cn1141, task 29  1 [1563305]: mask |--------|--------||--------|--------||BBBBBBBB|BBBBBBBB||BBBBBBBB|BBBBBBBB||||--------|--------||--------|--------||--------|--------||--------|--------|  set
cpu-bind=MASK - n2cn1141, task 30  2 [1563306]: mask |--------|--------||--------|--------||--------|--------||--------|--------||||BBBBBBBB|BBBBBBBB||BBBBBBBB|BBBBBBBB||--------|--------||--------|--------|  set
cpu-bind=MASK - n2cn1141, task 31  3 [1563307]: mask |--------|--------||--------|--------||--------|--------||--------|--------||||--------|--------||--------|--------||BBBBBBBB|BBBBBBBB||BBBBBBBB|BBBBBBBB|  set
srun: Job step aborted: Waiting up to 32 seconds for job step to finish.
slurmstepd: error: *** JOB 26807639 ON n2cn0202 CANCELLED AT 2025-09-10T10:55:02 ***
slurmstepd: error: *** STEP 26807639.0 ON n2cn0202 CANCELLED AT 2025-09-10T10:55:02 ***
