Energy-E_F (eV)    DOS (1/eV)    PDOS (1/eV)  of atom type B  N  
     -5.99722      0.67512      0.27658      0.39854
     -5.98722      0.51315      0.20909      0.30406
     -5.97722      0.36792      0.14880      0.21913
     -5.96722      0.27394      0.11107      0.16287
     -5.95722      0.15397      0.06280      0.09117
     -5.94722      0.17482      0.07184      0.10298
     -5.93722      0.33381      0.13961      0.19419
     -5.92722      0.41202      0.17506      0.23696
     -5.91722      0.50841      0.21421      0.29420
     -5.90722      0.70425      0.28914      0.41512
     -5.89722      0.69490      0.27975      0.41515
     -5.88722      0.53218      0.21373      0.31845
     -5.87722      0.53549      0.21978      0.31572
     -5.86722      0.54646      0.22602      0.32044
     -5.85722      0.43360      0.17677      0.25683
     -5.84722      0.38558      0.15759      0.22799
     -5.83722      0.44864      0.18754      0.26111
     -5.82722      0.52237      0.21988      0.30249
     -5.81722      0.60697      0.25695      0.35002
     -5.80722      0.72814      0.30978      0.41836
     -5.79722      0.67048      0.28450      0.38599
     -5.78722      0.43256      0.17994      0.25262
     -5.77722      0.26167      0.10538      0.15630
     -5.76722      0.34906      0.13865      0.21041
     -5.75722      0.61590      0.24610      0.36981
     -5.74722      0.77566      0.31267      0.46299
     -5.73722      0.66561      0.26995      0.39566
     -5.72722      0.43874      0.17736      0.26138
     -5.71722      0.33937      0.13574      0.20363
     -5.70722      0.43100      0.17411      0.25689
     -5.69722      0.50515      0.20686      0.29829
     -5.68722      0.48844      0.20185      0.28659
     -5.67722      0.51436      0.21252      0.30184
     -5.66722      0.53591      0.22122      0.31468
     -5.65722      0.44409      0.18335      0.26074
     -5.64722      0.39022      0.15825      0.23197
     -5.63722      0.40249      0.16221      0.24028
     -5.62722      0.46340      0.18780      0.27561
     -5.61722      0.57950      0.23326      0.34623
     -5.60722      0.80886      0.32663      0.48224
     -5.59722      0.87314      0.35658      0.51656
     -5.58722      0.57746      0.24182      0.33564
     -5.57722      0.44236      0.19061      0.25175
     -5.56722      0.45505      0.19198      0.26307
     -5.55722      0.51434      0.20848      0.30586
     -5.54722      0.56781      0.22874      0.33907
     -5.53722      0.41862      0.16937      0.24925
     -5.52722      0.17624      0.07150      0.10474
     -5.51722      0.20317      0.08387      0.11930
     -5.50722      0.46266      0.19144      0.27122
     -5.49722      0.63202      0.25828      0.37375
     -5.48722      0.72068      0.28980      0.43088
     -5.47722      0.79883      0.32158      0.47724
     -5.46722      0.86700      0.35272      0.51427
     -5.45722      0.77688      0.31572      0.46116
     -5.44722      0.52725      0.21120      0.31605
     -5.43722      0.38500      0.15201      0.23299
     -5.42722      0.38051      0.15151      0.22899
     -5.41722      0.49946      0.20093      0.29853
     -5.40722      0.56010      0.22379      0.33630
     -5.39722      0.41371      0.16467      0.24904
     -5.38722      0.42991      0.17312      0.25679
     -5.37722      0.51545      0.20904      0.30641
     -5.36722      0.55434      0.22770      0.32664
     -5.35722      0.69178      0.28741      0.40438
     -5.34722      0.78237      0.32467      0.45770
     -5.33722      0.65383      0.27087      0.38296
     -5.32722      0.56797      0.23110      0.33687
     -5.31722      0.65375      0.26005      0.39370
     -5.30722      0.57710      0.22721      0.34989
     -5.29722      0.37321      0.14593      0.22728
     -5.28722      0.21497      0.08437      0.13060
     -5.27722      0.32788      0.13089      0.19699
     -5.26722      0.61951      0.24848      0.37103
     -5.25722      0.76088      0.30249      0.45838
     -5.24722      0.70666      0.27515      0.43151
     -5.23722      0.69244      0.26740      0.42505
     -5.22722      0.79103      0.30715      0.48388
     -5.21722      0.89685      0.34939      0.54746
     -5.20722      1.09382      0.42686      0.66696
     -5.19722      1.07214      0.41578      0.65637
     -5.18722      0.86219      0.33205      0.53014
     -5.17722      0.93106      0.36249      0.56856
     -5.16722      1.11416      0.43863      0.67554
     -5.15722      1.09799      0.43050      0.66749
     -5.14722      0.96236      0.37564      0.58672
     -5.13722      0.85748      0.33629      0.52119
     -5.12722      0.84838      0.33438      0.51400
     -5.11722      0.79820      0.31626      0.48194
     -5.10722      0.75481      0.29337      0.46144
     -5.09722      0.83443      0.31532      0.51911
     -5.08722      0.99258      0.37565      0.61693
     -5.07722      0.95191      0.36790      0.58400
     -5.06722      0.80726      0.31681      0.49044
     -5.05722      0.77161      0.29673      0.47488
     -5.04722      0.66844      0.25063      0.41781
     -5.03722      0.44133      0.16352      0.27781
     -5.02722      0.41270      0.15776      0.25494
     -5.01722      0.77694      0.30060      0.47634
     -5.00722      1.14416      0.43980      0.70436
     -4.99722      1.34022      0.51916      0.82106
     -4.98722      1.28533      0.49900      0.78633
     -4.97722      0.89597      0.34171      0.55426
     -4.96722      0.69983      0.26162      0.43821
     -4.95722      0.82623      0.31095      0.51527
     -4.94722      0.94559      0.36252      0.58307
     -4.93722      0.87906      0.33981      0.53926
     -4.92722      0.81973      0.31927      0.50047
     -4.91722      0.93861      0.36553      0.57307
     -4.90722      1.02690      0.39415      0.63275
     -4.89722      1.08356      0.41487      0.66868
     -4.88722      1.05910      0.40848      0.65061
     -4.87722      0.94198      0.36403      0.57795
     -4.86722      0.93061      0.35817      0.57244
     -4.85722      0.91173      0.34480      0.56693
     -4.84722      0.90526      0.33933      0.56593
     -4.83722      0.80686      0.30672      0.50014
     -4.82722      0.79913      0.30982      0.48931
     -4.81722      0.89449      0.34961      0.54488
     -4.80722      0.79455      0.30722      0.48733
     -4.79722      0.88989      0.33646      0.55343
     -4.78722      1.25975      0.47928      0.78047
     -4.77722      1.29791      0.49676      0.80115
     -4.76722      0.99656      0.37627      0.62029
     -4.75722      0.71847      0.26380      0.45467
     -4.74722      0.60375      0.22059      0.38316
     -4.73722      0.77533      0.28958      0.48575
     -4.72722      1.01489      0.38404      0.63085
     -4.71722      0.99952      0.37651      0.62300
     -4.70722      0.95682      0.35924      0.59758
     -4.69722      0.92904      0.35708      0.57196
     -4.68722      0.99620      0.38856      0.60764
     -4.67722      1.20225      0.46539      0.73686
     -4.66722      1.24076      0.47504      0.76572
     -4.65722      1.29267      0.49054      0.80212
     -4.64722      1.31283      0.49910      0.81373
     -4.63722      0.99235      0.37535      0.61700
     -4.62722      0.65974      0.24549      0.41425
     -4.61722      0.57375      0.21166      0.36208
     -4.60722      0.65062      0.23852      0.41211
     -4.59722      0.80943      0.29616      0.51327
     -4.58722      1.03249      0.38157      0.65092
     -4.57722      1.31282      0.49500      0.81782
     -4.56722      1.44329      0.55243      0.89085
     -4.55722      1.25518      0.47787      0.77731
     -4.54722      1.01482      0.38068      0.63413
     -4.53722      0.72318      0.27371      0.44947
     -4.52722      0.73282      0.28087      0.45195
     -4.51722      1.09251      0.41025      0.68226
     -4.50722      1.31374      0.48476      0.82898
     -4.49722      1.35212      0.49997      0.85215
     -4.48722      1.20226      0.45081      0.75144
     -4.47722      1.02457      0.39084      0.63374
     -4.46722      0.93266      0.35740      0.57527
     -4.45722      0.81754      0.31106      0.50648
     -4.44722      1.02773      0.39168      0.63605
     -4.43722      1.53896      0.58216      0.95680
     -4.42722      1.70959      0.64072      1.06887
     -4.41722      1.38121      0.51059      0.87062
     -4.40722      1.13121      0.41551      0.71570
     -4.39722      1.05175      0.39263      0.65913
     -4.38722      0.99424      0.38002      0.61423
     -4.37722      1.05637      0.40236      0.65401
     -4.36722      1.13665      0.42071      0.71594
     -4.35722      1.28756      0.47000      0.81756
     -4.34722      1.33913      0.48645      0.85268
     -4.33722      1.19143      0.43374      0.75769
     -4.32722      1.18001      0.43451      0.74550
     -4.31722      1.37306      0.51028      0.86278
     -4.30722      1.72698      0.64749      1.07949
     -4.29722      2.14414      0.80360      1.34054
     -4.28722      2.06633      0.76906      1.29727
     -4.27722      1.53595      0.56378      0.97217
     -4.26722      1.08800      0.39561      0.69239
     -4.25722      1.06995      0.39547      0.67448
     -4.24722      1.20204      0.44801      0.75403
     -4.23722      1.27874      0.47797      0.80077
     -4.22722      1.29594      0.48573      0.81021
     -4.21722      1.22474      0.45953      0.76521
     -4.20722      1.18006      0.44316      0.73690
     -4.19722      1.19728      0.44935      0.74793
     -4.18722      1.32981      0.49810      0.83170
     -4.17722      1.50416      0.55303      0.95112
     -4.16722      1.36202      0.48972      0.87230
     -4.15722      1.17248      0.42382      0.74866
     -4.14722      1.10176      0.40876      0.69301
     -4.13722      1.00626      0.38069      0.62557
     -4.12722      1.08660      0.41343      0.67317
     -4.11722      1.22166      0.45901      0.76265
     -4.10722      1.27924      0.47395      0.80528
     -4.09722      1.30309      0.48166      0.82144
     -4.08722      1.03295      0.38085      0.65210
     -4.07722      0.80573      0.29342      0.51231
     -4.06722      0.89715      0.32342      0.57373
     -4.05722      1.01483      0.36814      0.64669
     -4.04722      0.83103      0.30873      0.52230
     -4.03722      0.73016      0.27479      0.45536
     -4.02722      0.83766      0.30894      0.52871
     -4.01722      1.02570      0.37793      0.64777
     -4.00722      1.22628      0.45752      0.76876
     -3.99722      1.27248      0.47624      0.79623
     -3.98722      1.24544      0.46079      0.78465
     -3.97722      0.99140      0.35956      0.63184
     -3.96722      0.78317      0.28318      0.49998
     -3.95722      0.98664      0.36083      0.62582
     -3.94722      1.09609      0.40050      0.69559
     -3.93722      1.01596      0.37097      0.64499
     -3.92722      0.96771      0.35707      0.61064
     -3.91722      0.84222      0.31180      0.53042
     -3.90722      0.83950      0.30983      0.52967
     -3.89722      1.05352      0.39153      0.66199
     -3.88722      1.26109      0.46538      0.79571
     -3.87722      1.12319      0.40448      0.71871
     -3.86722      0.67711      0.23855      0.43855
     -3.85722      0.49615      0.17779      0.31836
     -3.84722      0.88081      0.32304      0.55777
     -3.83722      1.18624      0.44162      0.74462
     -3.82722      0.90225      0.34085      0.56139
     -3.81722      0.58505      0.22220      0.36286
     -3.80722      0.70643      0.26602      0.44041
     -3.79722      1.04335      0.39035      0.65300
     -3.78722      1.22157      0.45424      0.76733
     -3.77722      1.32979      0.48788      0.84192
     -3.76722      1.37753      0.49842      0.87911
     -3.75722      1.16335      0.41573      0.74763
     -3.74722      0.73979      0.26090      0.47890
     -3.73722      0.47724      0.16754      0.30971
     -3.72722      0.49730      0.17373      0.32357
     -3.71722      0.67955      0.24177      0.43778
     -3.70722      0.92838      0.33928      0.58910
     -3.69722      1.00592      0.37645      0.62947
     -3.68722      0.90219      0.33858      0.56361
     -3.67722      0.85068      0.31007      0.54061
     -3.66722      0.84040      0.30463      0.53576
     -3.65722      0.80980      0.29408      0.51572
     -3.64722      0.83256      0.29493      0.53763
     -3.63722      0.99046      0.35387      0.63660
     -3.62722      1.14252      0.42157      0.72095
     -3.61722      1.04719      0.39008      0.65711
     -3.60722      0.76696      0.27978      0.48718
     -3.59722      0.57276      0.20567      0.36709
     -3.58722      0.47617      0.17446      0.30171
     -3.57722      0.60224      0.22497      0.37726
     -3.56722      0.99338      0.36516      0.62821
     -3.55722      1.27152      0.45846      0.81307
     -3.54722      1.15460      0.41014      0.74445
     -3.53722      0.88459      0.31457      0.57002
     -3.52722      0.69543      0.24672      0.44871
     -3.51722      0.64060      0.22343      0.41717
     -3.50722      0.68114      0.24088      0.44025
     -3.49722      0.67848      0.24292      0.43556
     -3.48722      0.66952      0.23977      0.42975
     -3.47722      0.81987      0.29893      0.52094
     -3.46722      1.17481      0.43459      0.74022
     -3.45722      1.29172      0.47659      0.81512
     -3.44722      1.09757      0.39979      0.69779
     -3.43722      0.80498      0.29196      0.51302
     -3.42722      0.71898      0.26328      0.45570
     -3.41722      0.78011      0.28468      0.49543
     -3.40722      0.61830      0.22351      0.39479
     -3.39722      0.46477      0.16535      0.29941
     -3.38722      0.65749      0.23128      0.42621
     -3.37722      0.93920      0.33637      0.60284
     -3.36722      0.85210      0.30652      0.54558
     -3.35722      0.61669      0.22351      0.39318
     -3.34722      0.59155      0.21300      0.37856
     -3.33722      0.77904      0.27005      0.50898
     -3.32722      1.00124      0.35077      0.65047
     -3.31722      1.03756      0.37245      0.66511
     -3.30722      1.02952      0.37174      0.65778
     -3.29722      1.14894      0.41151      0.73742
     -3.28722      1.08676      0.38740      0.69936
     -3.27722      0.66363      0.23763      0.42599
     -3.26722      0.39935      0.14008      0.25927
     -3.25722      0.40504      0.13745      0.26758
     -3.24722      0.54547      0.18933      0.35614
     -3.23722      0.68916      0.24320      0.44596
     -3.22722      0.68300      0.24323      0.43976
     -3.21722      0.70566      0.24991      0.45575
     -3.20722      1.00382      0.35330      0.65052
     -3.19722      1.05509      0.37104      0.68405
     -3.18722      0.78774      0.28248      0.50525
     -3.17722      0.73571      0.27245      0.46326
     -3.16722      0.78989      0.28858      0.50131
     -3.15722      0.81453      0.29351      0.52101
     -3.14722      0.72123      0.26874      0.45249
     -3.13722      0.65551      0.25049      0.40502
     -3.12722      0.78527      0.29243      0.49284
     -3.11722      1.03040      0.37015      0.66025
     -3.10722      1.03824      0.35881      0.67943
     -3.09722      0.90619      0.30002      0.60616
     -3.08722      0.75474      0.24840      0.50635
     -3.07722      0.68909      0.23244      0.45665
     -3.06722      0.76445      0.26601      0.49844
     -3.05722      0.66578      0.23647      0.42930
     -3.04722      0.57404      0.20490      0.36914
     -3.03722      0.60808      0.21604      0.39204
     -3.02722      0.75655      0.26114      0.49541
     -3.01722      0.73185      0.24801      0.48384
     -3.00722      0.42579      0.14247      0.28332
     -2.99722      0.33200      0.11365      0.21835
     -2.98722      0.60652      0.22074      0.38578
     -2.97722      1.02286      0.37088      0.65198
     -2.96722      1.21987      0.43125      0.78861
     -2.95722      1.10918      0.39196      0.71722
     -2.94722      0.85579      0.30657      0.54922
     -2.93722      0.92495      0.32631      0.59865
     -2.92722      1.05991      0.37265      0.68726
     -2.91722      0.73040      0.26183      0.46857
     -2.90722      0.38194      0.13557      0.24638
     -2.89722      0.42274      0.13906      0.28368
     -2.88722      0.51361      0.16726      0.34635
     -2.87722      0.39973      0.13634      0.26340
     -2.86722      0.40347      0.15140      0.25206
     -2.85722      0.57679      0.21243      0.36436
     -2.84722      0.88346      0.30452      0.57894
     -2.83722      1.21839      0.41049      0.80790
     -2.82722      1.20261      0.40404      0.79856
     -2.81722      0.91394      0.30858      0.60536
     -2.80722      0.72232      0.25274      0.46958
     -2.79722      0.63173      0.22303      0.40870
     -2.78722      0.50787      0.17190      0.33597
     -2.77722      0.51689      0.17705      0.33984
     -2.76722      0.65990      0.23703      0.42287
     -2.75722      0.87964      0.31554      0.56410
     -2.74722      1.09992      0.39012      0.70979
     -2.73722      1.09780      0.38611      0.71169
     -2.72722      0.81517      0.27802      0.53715
     -2.71722      0.55974      0.18279      0.37695
     -2.70722      0.52711      0.17808      0.34903
     -2.69722      0.63497      0.22118      0.41378
     -2.68722      0.65231      0.22179      0.43052
     -2.67722      0.52869      0.17133      0.35736
     -2.66722      0.50701      0.16620      0.34082
     -2.65722      0.65967      0.22825      0.43142
     -2.64722      0.81135      0.28265      0.52870
     -2.63722      0.72599      0.25426      0.47173
     -2.62722      0.51215      0.18399      0.32816
     -2.61722      0.51589      0.17750      0.33839
     -2.60722      0.60767      0.19769      0.40999
     -2.59722      0.66891      0.21801      0.45090
     -2.58722      0.75495      0.25107      0.50388
     -2.57722      0.70321      0.23708      0.46613
     -2.56722      0.68121      0.23346      0.44775
     -2.55722      0.98628      0.34025      0.64603
     -2.54722      1.46425      0.50651      0.95774
     -2.53722      1.36684      0.47101      0.89583
     -2.52722      0.90642      0.30905      0.59737
     -2.51722      0.60877      0.20998      0.39879
     -2.50722      0.44937      0.15251      0.29686
     -2.49722      0.39438      0.12673      0.26764
     -2.48722      0.27663      0.08817      0.18846
     -2.47722      0.37645      0.12467      0.25177
     -2.46722      0.68724      0.23069      0.45655
     -2.45722      0.88825      0.29764      0.59061
     -2.44722      0.94655      0.31557      0.63097
     -2.43722      0.82916      0.27534      0.55383
     -2.42722      0.64493      0.21756      0.42737
     -2.41722      0.40553      0.13999      0.26555
     -2.40722      0.36382      0.12212      0.24171
     -2.39722      0.60578      0.19825      0.40753
     -2.38722      0.72226      0.23598      0.48628
     -2.37722      0.64171      0.21417      0.42755
     -2.36722      0.72053      0.25295      0.46758
     -2.35722      1.06590      0.37829      0.68761
     -2.34722      0.96216      0.33844      0.62372
     -2.33722      0.62915      0.20982      0.41933
     -2.32722      0.68596      0.20760      0.47835
     -2.31722      0.80687      0.24050      0.56637
     -2.30722      0.73390      0.22756      0.50634
     -2.29722      0.56906      0.18510      0.38396
     -2.28722      0.49900      0.16780      0.33120
     -2.27722      0.58605      0.20317      0.38288
     -2.26722      0.91705      0.31876      0.59829
     -2.25722      1.12618      0.38159      0.74460
     -2.24722      0.96149      0.31458      0.64691
     -2.23722      0.60584      0.19079      0.41505
     -2.22722      0.39834      0.12579      0.27256
     -2.21722      0.40389      0.12796      0.27594
     -2.20722      0.46943      0.14782      0.32161
     -2.19722      0.60766      0.19810      0.40955
     -2.18722      0.88849      0.29607      0.59242
     -2.17722      1.09589      0.37010      0.72579
     -2.16722      0.97407      0.33094      0.64313
     -2.15722      0.73412      0.23844      0.49568
     -2.14722      0.55914      0.16774      0.39140
     -2.13722      0.37185      0.11538      0.25647
     -2.12722      0.36385      0.12969      0.23416
     -2.11722      0.53904      0.18732      0.35172
     -2.10722      0.66433      0.21188      0.45246
     -2.09722      0.68154      0.21281      0.46873
     -2.08722      0.60385      0.19757      0.40628
     -2.07722      0.56152      0.18696      0.37455
     -2.06722      0.74784      0.23580      0.51204
     -2.05722      0.88283      0.26893      0.61390
     -2.04722      0.81408      0.24864      0.56544
     -2.03722      0.88949      0.28047      0.60903
     -2.02722      1.05509      0.34171      0.71338
     -2.01722      1.05537      0.35147      0.70390
     -2.00722      0.81764      0.27876      0.53888
     -1.99722      0.55818      0.19138      0.36681
     -1.98722      0.43750      0.14432      0.29318
     -1.97722      0.43862      0.13085      0.30777
     -1.96722      0.61049      0.17743      0.43306
     -1.95722      0.73390      0.22060      0.51330
     -1.94722      0.60819      0.18872      0.41948
     -1.93722      0.58071      0.18460      0.39611
     -1.92722      0.80097      0.25621      0.54476
     -1.91722      0.82052      0.26270      0.55781
     -1.90722      0.61792      0.19427      0.42365
     -1.89722      0.59374      0.18180      0.41194
     -1.88722      0.62736      0.19821      0.42915
     -1.87722      0.81327      0.26666      0.54662
     -1.86722      0.93519      0.29973      0.63546
     -1.85722      0.67980      0.21291      0.46689
     -1.84722      0.36122      0.11938      0.24185
     -1.83722      0.31822      0.10844      0.20978
     -1.82722      0.57468      0.18305      0.39163
     -1.81722      0.85493      0.26852      0.58641
     -1.80722      0.78066      0.24384      0.53682
     -1.79722      0.68699      0.20400      0.48298
     -1.78722      0.86800      0.25106      0.61694
     -1.77722      0.95634      0.28352      0.67281
     -1.76722      0.87510      0.27096      0.60413
     -1.75722      0.86584      0.26884      0.59700
     -1.74722      0.86726      0.26345      0.60381
     -1.73722      0.70071      0.21049      0.49022
     -1.72722      0.52508      0.16296      0.36212
     -1.71722      0.41179      0.13237      0.27942
     -1.70722      0.40245      0.12615      0.27630
     -1.69722      0.60861      0.18531      0.42330
     -1.68722      0.82807      0.24739      0.58067
     -1.67722      0.87511      0.26191      0.61319
     -1.66722      0.85089      0.26427      0.58661
     -1.65722      0.89573      0.28077      0.61496
     -1.64722      0.82262      0.24790      0.57471
     -1.63722      0.54099      0.15596      0.38503
     -1.62722      0.49603      0.14404      0.35199
     -1.61722      0.67103      0.20281      0.46822
     -1.60722      0.66813      0.20578      0.46234
     -1.59722      0.64746      0.19124      0.45622
     -1.58722      0.68856      0.20123      0.48733
     -1.57722      0.60969      0.19322      0.41647
     -1.56722      0.45794      0.15327      0.30467
     -1.55722      0.54556      0.16924      0.37632
     -1.54722      0.76052      0.22240      0.53813
     -1.53722      0.82245      0.23484      0.58760
     -1.52722      0.91640      0.26127      0.65513
     -1.51722      1.00592      0.28312      0.72280
     -1.50722      0.88769      0.24915      0.63854
     -1.49722      0.72206      0.20483      0.51723
     -1.48722      0.66697      0.17757      0.48940
     -1.47722      0.58682      0.14710      0.43972
     -1.46722      0.39928      0.09846      0.30082
     -1.45722      0.24790      0.06100      0.18691
     -1.44722      0.23904      0.05846      0.18058
     -1.43722      0.39763      0.09632      0.30131
     -1.42722      0.58400      0.14089      0.44312
     -1.41722      0.56274      0.13551      0.42723
     -1.40722      0.45707      0.11023      0.34684
     -1.39722      0.46975      0.11345      0.35630
     -1.38722      0.55861      0.13456      0.42405
     -1.37722      0.48318      0.11604      0.36714
     -1.36722      0.37602      0.08978      0.28624
     -1.35722      0.47458      0.11259      0.36199
     -1.34722      0.51991      0.12282      0.39709
     -1.33722      0.37649      0.08858      0.28791
     -1.32722      0.34592      0.08122      0.26471
     -1.31722      0.38088      0.08894      0.29194
     -1.30722      0.38856      0.08995      0.29862
     -1.29722      0.37972      0.08762      0.29210
     -1.28722      0.37434      0.08654      0.28780
     -1.27722      0.58174      0.13481      0.44692
     -1.26722      0.84536      0.19628      0.64908
     -1.25722      0.82927      0.19237      0.63690
     -1.24722      0.68606      0.15838      0.52768
     -1.23722      0.63845      0.14653      0.49192
     -1.22722      0.53109      0.12147      0.40963
     -1.21722      0.46392      0.10517      0.35874
     -1.20722      0.57339      0.12853      0.44487
     -1.19722      0.61721      0.13774      0.47947
     -1.18722      0.54070      0.12050      0.42020
     -1.17722      0.47085      0.10451      0.36634
     -1.16722      0.43168      0.09522      0.33646
     -1.15722      0.38651      0.08523      0.30128
     -1.14722      0.50094      0.11061      0.39034
     -1.13722      0.73609      0.16206      0.57403
     -1.12722      0.75518      0.16538      0.58980
     -1.11722      0.65605      0.14250      0.51355
     -1.10722      0.59104      0.12743      0.46362
     -1.09722      0.49415      0.10618      0.38797
     -1.08722      0.47076      0.10022      0.37053
     -1.07722      0.58400      0.12339      0.46061
     -1.06722      0.49998      0.10515      0.39483
     -1.05722      0.38522      0.08068      0.30455
     -1.04722      0.43555      0.09048      0.34507
     -1.03722      0.55028      0.11362      0.43666
     -1.02722      0.80615      0.16790      0.63825
     -1.01722      1.09743      0.23074      0.86669
     -1.00722      1.07089      0.22495      0.84594
     -0.99722      0.94553      0.19636      0.74916
     -0.98722      0.90768      0.18588      0.72180
     -0.97722      0.86339      0.17489      0.68850
     -0.96722      0.82246      0.16520      0.65726
     -0.95722      0.78609      0.15659      0.62950
     -0.94722      0.80313      0.15831      0.64482
     -0.93722      0.86142      0.16809      0.69333
     -0.92722      0.93235      0.18017      0.75219
     -0.91722      1.10251      0.21142      0.89109
     -0.90722      1.29288      0.24831      1.04457
     -0.89722      1.13611      0.22086      0.91525
     -0.88722      0.80124      0.15721      0.64404
     -0.87722      0.70052      0.13582      0.56469
     -0.86722      0.79171      0.15092      0.64079
     -0.85722      0.75153      0.14176      0.60978
     -0.84722      0.47828      0.08920      0.38908
     -0.83722      0.29678      0.05446      0.24232
     -0.82722      0.27280      0.04963      0.22316
     -0.81722      0.33470      0.06076      0.27394
     -0.80722      0.53850      0.09825      0.44025
     -0.79722      1.10578      0.20520      0.90058
     -0.78722      1.88217      0.35382      1.52835
     -0.77722      1.70790      0.32189      1.38601
     -0.76722      0.77251      0.14396      0.62855
     -0.75722      0.29446      0.05297      0.24149
     -0.74722      0.20891      0.03662      0.17229
     -0.73722      0.26426      0.04609      0.21817
     -0.72722      0.29088      0.05071      0.24018
     -0.71722      0.31745      0.05523      0.26222
     -0.70722      0.36796      0.06417      0.30379
     -0.69722      0.47514      0.08333      0.39180
     -0.68722      0.70686      0.12476      0.58211
     -0.67722      0.83435      0.14714      0.68721
     -0.66722      0.61534      0.10726      0.50808
     -0.65722      0.32634      0.05573      0.27061
     -0.64722      0.25715      0.04320      0.21394
     -0.63722      0.30613      0.05110      0.25503
     -0.62722      0.38291      0.06368      0.31924
     -0.61722      0.47294      0.07848      0.39446
     -0.60722      0.54527      0.09046      0.45481
     -0.59722      0.65316      0.10854      0.54462
     -0.58722      0.81819      0.13679      0.68140
     -0.57722      0.92981      0.15570      0.77411
     -0.56722      0.74643      0.12364      0.62280
     -0.55722      0.36230      0.05881      0.30349
     -0.54722      0.16291      0.02577      0.13714
     -0.53722      0.23916      0.03735      0.20181
     -0.52722      0.31390      0.04878      0.26512
     -0.51722      0.34589      0.05328      0.29261
     -0.50722      0.44218      0.06798      0.37419
     -0.49722      0.41895      0.06469      0.35427
     -0.48722      0.43658      0.06758      0.36900
     -0.47722      0.47834      0.07359      0.40475
     -0.46722      0.37929      0.05746      0.32182
     -0.45722      0.30012      0.04453      0.25559
     -0.44722      0.32780      0.04799      0.27981
     -0.43722      0.39247      0.05709      0.33538
     -0.42722      0.42188      0.06104      0.36083
     -0.41722      0.42107      0.06086      0.36021
     -0.40722      0.45147      0.06529      0.38619
     -0.39722      0.64232      0.09217      0.55015
     -0.38722      0.72039      0.10251      0.61788
     -0.37722      0.39994      0.05655      0.34339
     -0.36722      0.14029      0.01941      0.12088
     -0.35722      0.20272      0.02722      0.17551
     -0.34722      0.32424      0.04336      0.28089
     -0.33722      0.34600      0.04580      0.30020
     -0.32722      0.39208      0.05155      0.34053
     -0.31722      0.39731      0.05231      0.34500
     -0.30722      0.33966      0.04449      0.29517
     -0.29722      0.29853      0.03841      0.26012
     -0.28722      0.26244      0.03311      0.22933
     -0.27722      0.27486      0.03421      0.24065
     -0.26722      0.35312      0.04345      0.30967
     -0.25722      0.45465      0.05543      0.39922
     -0.24722      0.53747      0.06507      0.47240
     -0.23722      0.49526      0.05978      0.43547
     -0.22722      0.31199      0.03731      0.27469
     -0.21722      0.27160      0.03144      0.24016
     -0.20722      0.27770      0.03175      0.24595
     -0.19722      0.18197      0.02056      0.16141
     -0.18722      0.24579      0.02717      0.21861
     -0.17722      0.37895      0.04156      0.33739
     -0.16722      0.38501      0.04166      0.34336
     -0.15722      0.32823      0.03499      0.29325
     -0.14722      0.24792      0.02604      0.22188
     -0.13722      0.27991      0.02878      0.25113
     -0.12722      0.39509      0.04009      0.35499
     -0.11722      0.40690      0.04086      0.36603
     -0.10722      0.30884      0.03048      0.27836
     -0.09722      0.25057      0.02411      0.22646
     -0.08722      0.25828      0.02434      0.23394
     -0.07722      0.27973      0.02594      0.25379
     -0.06722      0.26930      0.02455      0.24476
     -0.05722      0.27426      0.02436      0.24990
     -0.04722      0.35307      0.03072      0.32235
     -0.03722      0.34246      0.02944      0.31302
     -0.02722      0.24407      0.02051      0.22356
     -0.01722      0.23879      0.01945      0.21934
     -0.00722      0.22639      0.01819      0.20820
      0.00278      0.11776      0.00940      0.10836
      0.01278      0.02722      0.00217      0.02505
      0.02278      0.00251      0.00020      0.00231
      0.03278      0.00009      0.00001      0.00008
      0.04278      0.00000      0.00000      0.00000
      0.05278      0.00000      0.00000      0.00000
      0.06278      0.00000      0.00000      0.00000
      0.07278      0.00000      0.00000      0.00000
      0.08278      0.00000      0.00000      0.00000
      0.09278      0.00000      0.00000      0.00000
      0.10278      0.00000      0.00000      0.00000
      0.11278      0.00000      0.00000      0.00000
      0.12278      0.00000      0.00000      0.00000
      0.13278      0.00000      0.00000      0.00000
      0.14278      0.00000      0.00000      0.00000
      0.15278      0.00000      0.00000      0.00000
      0.16278      0.00000      0.00000      0.00000
      0.17278      0.00000      0.00000      0.00000
      0.18278      0.00000      0.00000      0.00000
      0.19278      0.00000      0.00000      0.00000
      0.20278      0.00000      0.00000      0.00000
      0.21278      0.00000      0.00000      0.00000
      0.22278      0.00000      0.00000      0.00000
      0.23278      0.00000      0.00000      0.00000
      0.24278      0.00000      0.00000      0.00000
      0.25278      0.00000      0.00000      0.00000
      0.26278      0.00000      0.00000      0.00000
      0.27278      0.00000      0.00000      0.00000
      0.28278      0.00000      0.00000      0.00000
      0.29278      0.00000      0.00000      0.00000
      0.30278      0.00000      0.00000      0.00000
      0.31278      0.00000      0.00000      0.00000
      0.32278      0.00000      0.00000      0.00000
      0.33278      0.00000      0.00000      0.00000
      0.34278      0.00000      0.00000      0.00000
      0.35278      0.00000      0.00000      0.00000
      0.36278      0.00000      0.00000      0.00000
      0.37278      0.00000      0.00000      0.00000
      0.38278      0.00000      0.00000      0.00000
      0.39278      0.00000      0.00000      0.00000
      0.40278      0.00000      0.00000      0.00000
      0.41278      0.00000      0.00000      0.00000
      0.42278      0.00000      0.00000      0.00000
      0.43278      0.00000      0.00000      0.00000
      0.44278      0.00000      0.00000      0.00000
      0.45278      0.00000      0.00000      0.00000
      0.46278      0.00000      0.00000      0.00000
      0.47278      0.00000      0.00000      0.00000
      0.48278      0.00000      0.00000      0.00000
      0.49278      0.00000      0.00000      0.00000
      0.50278      0.00000      0.00000      0.00000
      0.51278      0.00000      0.00000      0.00000
      0.52278      0.00000      0.00000      0.00000
      0.53278      0.00000      0.00000      0.00000
      0.54278      0.00000      0.00000      0.00000
      0.55278      0.00000      0.00000      0.00000
      0.56278      0.00000      0.00000      0.00000
      0.57278      0.00000      0.00000      0.00000
      0.58278      0.00000      0.00000      0.00000
      0.59278      0.00000      0.00000      0.00000
      0.60278      0.00000      0.00000      0.00000
      0.61278      0.00000      0.00000      0.00000
      0.62278      0.00000      0.00000      0.00000
      0.63278      0.00000      0.00000      0.00000
      0.64278      0.00000      0.00000      0.00000
      0.65278      0.00000      0.00000      0.00000
      0.66278      0.00000      0.00000      0.00000
      0.67278      0.00000      0.00000      0.00000
      0.68278      0.00000      0.00000      0.00000
      0.69278      0.00000      0.00000      0.00000
      0.70278      0.00000      0.00000      0.00000
      0.71278      0.00000      0.00000      0.00000
      0.72278      0.00000      0.00000      0.00000
      0.73278      0.00000      0.00000      0.00000
      0.74278      0.00000      0.00000      0.00000
      0.75278      0.00000      0.00000      0.00000
      0.76278      0.00000      0.00000      0.00000
      0.77278      0.00000      0.00000      0.00000
      0.78278      0.00000      0.00000      0.00000
      0.79278      0.00000      0.00000      0.00000
      0.80278      0.00000      0.00000      0.00000
      0.81278      0.00000      0.00000      0.00000
      0.82278      0.00000      0.00000      0.00000
      0.83278      0.00000      0.00000      0.00000
      0.84278      0.00000      0.00000      0.00000
      0.85278      0.00000      0.00000      0.00000
      0.86278      0.00000      0.00000      0.00000
      0.87278      0.00000      0.00000      0.00000
      0.88278      0.00000      0.00000      0.00000
      0.89278      0.00000      0.00000      0.00000
      0.90278      0.00000      0.00000      0.00000
      0.91278      0.00000      0.00000      0.00000
      0.92278      0.00000      0.00000      0.00000
      0.93278      0.00000      0.00000      0.00000
      0.94278      0.00000      0.00000      0.00000
      0.95278      0.00000      0.00000      0.00000
      0.96278      0.00000      0.00000      0.00000
      0.97278      0.00000      0.00000      0.00000
      0.98278      0.00000      0.00000      0.00000
      0.99278      0.00000      0.00000      0.00000
      1.00278      0.00000      0.00000      0.00000
      1.01278      0.00000      0.00000      0.00000
      1.02278      0.00000      0.00000      0.00000
      1.03278      0.00000      0.00000      0.00000
      1.04278      0.00000      0.00000      0.00000
      1.05278      0.00000      0.00000      0.00000
      1.06278      0.00000      0.00000      0.00000
      1.07278      0.00000      0.00000      0.00000
      1.08278      0.00000      0.00000      0.00000
      1.09278      0.00000      0.00000      0.00000
      1.10278      0.00000      0.00000      0.00000
      1.11278      0.00000      0.00000      0.00000
      1.12278      0.00000      0.00000      0.00000
      1.13278      0.00000      0.00000      0.00000
      1.14278      0.00000      0.00000      0.00000
      1.15278      0.00000      0.00000      0.00000
      1.16278      0.00000      0.00000      0.00000
      1.17278      0.00000      0.00000      0.00000
      1.18278      0.00000      0.00000      0.00000
      1.19278      0.00000      0.00000      0.00000
      1.20278      0.00000      0.00000      0.00000
      1.21278      0.00000      0.00000      0.00000
      1.22278      0.00000      0.00000      0.00000
      1.23278      0.00000      0.00000      0.00000
      1.24278      0.00000      0.00000      0.00000
      1.25278      0.00000      0.00000      0.00000
      1.26278      0.00000      0.00000      0.00000
      1.27278      0.00000      0.00000      0.00000
      1.28278      0.00000      0.00000      0.00000
      1.29278      0.00000      0.00000      0.00000
      1.30278      0.00000      0.00000      0.00000
      1.31278      0.00000      0.00000      0.00000
      1.32278      0.00000      0.00000      0.00000
      1.33278      0.00000      0.00000      0.00000
      1.34278      0.00000      0.00000      0.00000
      1.35278      0.00000      0.00000      0.00000
      1.36278      0.00000      0.00000      0.00000
      1.37278      0.00000      0.00000      0.00000
      1.38278      0.00000      0.00000      0.00000
      1.39278      0.00000      0.00000      0.00000
      1.40278      0.00000      0.00000      0.00000
      1.41278      0.00000      0.00000      0.00000
      1.42278      0.00000      0.00000      0.00000
      1.43278      0.00000      0.00000      0.00000
      1.44278      0.00000      0.00000      0.00000
      1.45278      0.00000      0.00000      0.00000
      1.46278      0.00000      0.00000      0.00000
      1.47278      0.00000      0.00000      0.00000
      1.48278      0.00000      0.00000      0.00000
      1.49278      0.00000      0.00000      0.00000
      1.50278      0.00000      0.00000      0.00000
      1.51278      0.00000      0.00000      0.00000
      1.52278      0.00000      0.00000      0.00000
      1.53278      0.00000      0.00000      0.00000
      1.54278      0.00000      0.00000      0.00000
      1.55278      0.00000      0.00000      0.00000
      1.56278      0.00000      0.00000      0.00000
      1.57278      0.00000      0.00000      0.00000
      1.58278      0.00000      0.00000      0.00000
      1.59278      0.00000      0.00000      0.00000
      1.60278      0.00000      0.00000      0.00000
      1.61278      0.00000      0.00000      0.00000
      1.62278      0.00000      0.00000      0.00000
      1.63278      0.00000      0.00000      0.00000
      1.64278      0.00000      0.00000      0.00000
      1.65278      0.00000      0.00000      0.00000
      1.66278      0.00000      0.00000      0.00000
      1.67278      0.00000      0.00000      0.00000
      1.68278      0.00000      0.00000      0.00000
      1.69278      0.00000      0.00000      0.00000
      1.70278      0.00000      0.00000      0.00000
      1.71278      0.00000      0.00000      0.00000
      1.72278      0.00000      0.00000      0.00000
      1.73278      0.00000      0.00000      0.00000
      1.74278      0.00000      0.00000      0.00000
      1.75278      0.00000      0.00000      0.00000
      1.76278      0.00000      0.00000      0.00000
      1.77278      0.00000      0.00000      0.00000
      1.78278      0.00000      0.00000      0.00000
      1.79278      0.00000      0.00000      0.00000
      1.80278      0.00000      0.00000      0.00000
      1.81278      0.00000      0.00000      0.00000
      1.82278      0.00000      0.00000      0.00000
      1.83278      0.00000      0.00000      0.00000
      1.84278      0.00000      0.00000      0.00000
      1.85278      0.00000      0.00000      0.00000
      1.86278      0.00000      0.00000      0.00000
      1.87278      0.00000      0.00000      0.00000
      1.88278      0.00000      0.00000      0.00000
      1.89278      0.00000      0.00000      0.00000
      1.90278      0.00000      0.00000      0.00000
      1.91278      0.00000      0.00000      0.00000
      1.92278      0.00000      0.00000      0.00000
      1.93278      0.00000      0.00000      0.00000
      1.94278      0.00000      0.00000      0.00000
      1.95278      0.00000      0.00000      0.00000
      1.96278      0.00000      0.00000      0.00000
      1.97278      0.00000      0.00000      0.00000
      1.98278      0.00000      0.00000      0.00000
      1.99278      0.00000      0.00000      0.00000
      2.00278      0.00000      0.00000      0.00000
      2.01278      0.00000      0.00000      0.00000
      2.02278      0.00000      0.00000      0.00000
      2.03278      0.00000      0.00000      0.00000
      2.04278      0.00000      0.00000      0.00000
      2.05278      0.00000      0.00000      0.00000
      2.06278      0.00000      0.00000      0.00000
      2.07278      0.00000      0.00000      0.00000
      2.08278      0.00000      0.00000      0.00000
      2.09278      0.00000      0.00000      0.00000
      2.10278      0.00000      0.00000      0.00000
      2.11278      0.00000      0.00000      0.00000
      2.12278      0.00000      0.00000      0.00000
      2.13278      0.00000      0.00000      0.00000
      2.14278      0.00000      0.00000      0.00000
      2.15278      0.00000      0.00000      0.00000
      2.16278      0.00000      0.00000      0.00000
      2.17278      0.00000      0.00000      0.00000
      2.18278      0.00000      0.00000      0.00000
      2.19278      0.00000      0.00000      0.00000
      2.20278      0.00000      0.00000      0.00000
      2.21278      0.00000      0.00000      0.00000
      2.22278      0.00000      0.00000      0.00000
      2.23278      0.00000      0.00000      0.00000
      2.24278      0.00000      0.00000      0.00000
      2.25278      0.00000      0.00000      0.00000
      2.26278      0.00000      0.00000      0.00000
      2.27278      0.00000      0.00000      0.00000
      2.28278      0.00000      0.00000      0.00000
      2.29278      0.00000      0.00000      0.00000
      2.30278      0.00000      0.00000      0.00000
      2.31278      0.00000      0.00000      0.00000
      2.32278      0.00000      0.00000      0.00000
      2.33278      0.00000      0.00000      0.00000
      2.34278      0.00000      0.00000      0.00000
      2.35278      0.00000      0.00000      0.00000
      2.36278      0.00000      0.00000      0.00000
      2.37278      0.00000      0.00000      0.00000
      2.38278      0.00000      0.00000      0.00000
      2.39278      0.00000      0.00000      0.00000
      2.40278      0.00000      0.00000      0.00000
      2.41278      0.00000      0.00000      0.00000
      2.42278      0.00000      0.00000      0.00000
      2.43278      0.00000      0.00000      0.00000
      2.44278      0.00000      0.00000      0.00000
      2.45278      0.00000      0.00000      0.00000
      2.46278      0.00000      0.00000      0.00000
      2.47278      0.00000      0.00000      0.00000
      2.48278      0.00000      0.00000      0.00000
      2.49278      0.00000      0.00000      0.00000
      2.50278      0.00000      0.00000      0.00000
      2.51278      0.00000      0.00000      0.00000
      2.52278      0.00000      0.00000      0.00000
      2.53278      0.00000      0.00000      0.00000
      2.54278      0.00000      0.00000      0.00000
      2.55278      0.00000      0.00000      0.00000
      2.56278      0.00000      0.00000      0.00000
      2.57278      0.00000      0.00000      0.00000
      2.58278      0.00000      0.00000      0.00000
      2.59278      0.00000      0.00000      0.00000
      2.60278      0.00000      0.00000      0.00000
      2.61278      0.00000      0.00000      0.00000
      2.62278      0.00000      0.00000      0.00000
      2.63278      0.00000      0.00000      0.00000
      2.64278      0.00000      0.00000      0.00000
      2.65278      0.00000      0.00000      0.00000
      2.66278      0.00000      0.00000      0.00000
      2.67278      0.00000      0.00000      0.00000
      2.68278      0.00000      0.00000      0.00000
      2.69278      0.00000      0.00000      0.00000
      2.70278      0.00000      0.00000      0.00000
      2.71278      0.00000      0.00000      0.00000
      2.72278      0.00000      0.00000      0.00000
      2.73278      0.00000      0.00000      0.00000
      2.74278      0.00000      0.00000      0.00000
      2.75278      0.00000      0.00000      0.00000
      2.76278      0.00000      0.00000      0.00000
      2.77278      0.00000      0.00000      0.00000
      2.78278      0.00000      0.00000      0.00000
      2.79278      0.00000      0.00000      0.00000
      2.80278      0.00000      0.00000      0.00000
      2.81278      0.00000      0.00000      0.00000
      2.82278      0.00000      0.00000      0.00000
      2.83278      0.00000      0.00000      0.00000
      2.84278      0.00000      0.00000      0.00000
      2.85278      0.00000      0.00000      0.00000
      2.86278      0.00000      0.00000      0.00000
      2.87278      0.00000      0.00000      0.00000
      2.88278      0.00000      0.00000      0.00000
      2.89278      0.00000      0.00000      0.00000
      2.90278      0.00000      0.00000      0.00000
      2.91278      0.00000      0.00000      0.00000
      2.92278      0.00000      0.00000      0.00000
      2.93278      0.00000      0.00000      0.00000
      2.94278      0.00000      0.00000      0.00000
      2.95278      0.00000      0.00000      0.00000
      2.96278      0.00000      0.00000      0.00000
      2.97278      0.00000      0.00000      0.00000
      2.98278      0.00000      0.00000      0.00000
      2.99278      0.00000      0.00000      0.00000
      3.00278      0.00000      0.00000      0.00000
      3.01278      0.00000      0.00000      0.00000
      3.02278      0.00000      0.00000      0.00000
      3.03278      0.00000      0.00000      0.00000
      3.04278      0.00000      0.00000      0.00000
      3.05278      0.00000      0.00000      0.00000
      3.06278      0.00000      0.00000      0.00000
      3.07278      0.00000      0.00000      0.00000
      3.08278      0.00000      0.00000      0.00000
      3.09278      0.00000      0.00000      0.00000
      3.10278      0.00000      0.00000      0.00000
      3.11278      0.00000      0.00000      0.00000
      3.12278      0.00000      0.00000      0.00000
      3.13278      0.00000      0.00000      0.00000
      3.14278      0.00000      0.00000      0.00000
      3.15278      0.00000      0.00000      0.00000
      3.16278      0.00000      0.00000      0.00000
      3.17278      0.00000      0.00000      0.00000
      3.18278      0.00000      0.00000      0.00000
      3.19278      0.00000      0.00000      0.00000
      3.20278      0.00000      0.00000      0.00000
      3.21278      0.00000      0.00000      0.00000
      3.22278      0.00000      0.00000      0.00000
      3.23278      0.00000      0.00000      0.00000
      3.24278      0.00000      0.00000      0.00000
      3.25278      0.00000      0.00000      0.00000
      3.26278      0.00000      0.00000      0.00000
      3.27278      0.00000      0.00000      0.00000
      3.28278      0.00000      0.00000      0.00000
      3.29278      0.00000      0.00000      0.00000
      3.30278      0.00000      0.00000      0.00000
      3.31278      0.00000      0.00000      0.00000
      3.32278      0.00000      0.00000      0.00000
      3.33278      0.00000      0.00000      0.00000
      3.34278      0.00000      0.00000      0.00000
      3.35278      0.00000      0.00000      0.00000
      3.36278      0.00000      0.00000      0.00000
      3.37278      0.00000      0.00000      0.00000
      3.38278      0.00000      0.00000      0.00000
      3.39278      0.00000      0.00000      0.00000
      3.40278      0.00000      0.00000      0.00000
      3.41278      0.00000      0.00000      0.00000
      3.42278      0.00000      0.00000      0.00000
      3.43278      0.00000      0.00000      0.00000
      3.44278      0.00000      0.00000      0.00000
      3.45278      0.00000      0.00000      0.00000
      3.46278      0.00000      0.00000      0.00000
      3.47278      0.00000      0.00000      0.00000
      3.48278      0.00000      0.00000      0.00000
      3.49278      0.00000      0.00000      0.00000
      3.50278      0.00000      0.00000      0.00000
      3.51278      0.00000      0.00000      0.00000
      3.52278      0.00000      0.00000      0.00000
      3.53278      0.00000      0.00000      0.00000
      3.54278      0.00000      0.00000      0.00000
      3.55278      0.00000      0.00000      0.00000
      3.56278      0.00000      0.00000      0.00000
      3.57278      0.00000      0.00000      0.00000
      3.58278      0.00000      0.00000      0.00000
      3.59278      0.00000      0.00000      0.00000
      3.60278      0.00000      0.00000      0.00000
      3.61278      0.00000      0.00000      0.00000
      3.62278      0.00000      0.00000      0.00000
      3.63278      0.00000      0.00000      0.00000
      3.64278      0.00000      0.00000      0.00000
      3.65278      0.00000      0.00000      0.00000
      3.66278      0.00000      0.00000      0.00000
      3.67278      0.00000      0.00000      0.00000
      3.68278      0.00000      0.00000      0.00000
      3.69278      0.00000      0.00000      0.00000
      3.70278      0.00000      0.00000      0.00000
      3.71278      0.00000      0.00000      0.00000
      3.72278      0.00000      0.00000      0.00000
      3.73278      0.00000      0.00000      0.00000
      3.74278      0.00000      0.00000      0.00000
      3.75278      0.00000      0.00000      0.00000
      3.76278      0.00000      0.00000      0.00000
      3.77278      0.00000      0.00000      0.00000
      3.78278      0.00000      0.00000      0.00000
      3.79278      0.00000      0.00000      0.00000
      3.80278      0.00000      0.00000      0.00000
      3.81278      0.00000      0.00000      0.00000
      3.82278      0.00000      0.00000      0.00000
      3.83278      0.00000      0.00000      0.00000
      3.84278      0.00000      0.00000      0.00000
      3.85278      0.00000      0.00000      0.00000
      3.86278      0.00000      0.00000      0.00000
      3.87278      0.00000      0.00000      0.00000
      3.88278      0.00000      0.00000      0.00000
      3.89278      0.00000      0.00000      0.00000
      3.90278      0.00000      0.00000      0.00000
      3.91278      0.00000      0.00000      0.00000
      3.92278      0.00000      0.00000      0.00000
      3.93278      0.00000      0.00000      0.00000
      3.94278      0.00000      0.00000      0.00000
      3.95278      0.00000      0.00000      0.00000
      3.96278      0.00000      0.00000      0.00000
      3.97278      0.00000      0.00000      0.00000
      3.98278      0.00000      0.00000      0.00000
      3.99278      0.00000      0.00000      0.00000
      4.00278      0.00000      0.00000      0.00000
      4.01278      0.00000      0.00000      0.00000
      4.02278      0.00000      0.00000      0.00000
      4.03278      0.00000      0.00000      0.00000
      4.04278      0.00000      0.00000      0.00000
      4.05278      0.00000      0.00000      0.00000
      4.06278      0.00000      0.00000      0.00000
      4.07278      0.00000      0.00000      0.00000
      4.08278      0.00000      0.00000      0.00000
      4.09278      0.00000      0.00000      0.00000
      4.10278      0.00000      0.00000      0.00000
      4.11278      0.00000      0.00000      0.00000
      4.12278      0.00000      0.00000      0.00000
      4.13278      0.00000      0.00000      0.00000
      4.14278      0.00000      0.00000      0.00000
      4.15278      0.00000      0.00000      0.00000
      4.16278      0.00000      0.00000      0.00000
      4.17278      0.00000      0.00000      0.00000
      4.18278      0.00000      0.00000      0.00000
      4.19278      0.00000      0.00000      0.00000
      4.20278      0.00000      0.00000      0.00000
      4.21278      0.00000      0.00000      0.00000
      4.22278      0.00000      0.00000      0.00000
      4.23278      0.00000      0.00000      0.00000
      4.24278      0.00000      0.00000      0.00000
      4.25278      0.00000      0.00000      0.00000
      4.26278      0.00000      0.00000      0.00000
      4.27278      0.00000      0.00000      0.00000
      4.28278      0.00000      0.00000      0.00000
      4.29278      0.00000      0.00000      0.00000
      4.30278      0.00000      0.00000      0.00000
      4.31278      0.00000      0.00000      0.00000
      4.32278      0.00000      0.00000      0.00000
      4.33278      0.00000      0.00000      0.00000
      4.34278      0.00000      0.00000      0.00000
      4.35278      0.00000      0.00000      0.00000
      4.36278      0.00000      0.00000      0.00000
      4.37278      0.00000      0.00000      0.00000
      4.38278      0.00000      0.00000      0.00000
      4.39278      0.00000      0.00000      0.00000
      4.40278      0.00000      0.00000      0.00000
      4.41278      0.00000      0.00000      0.00000
      4.42278      0.00000      0.00000      0.00000
      4.43278      0.00000      0.00000      0.00000
      4.44278      0.00000      0.00000      0.00000
      4.45278      0.00000      0.00000      0.00000
      4.46278      0.00000      0.00000      0.00000
      4.47278      0.00000      0.00000      0.00000
      4.48278      0.00000      0.00000      0.00000
      4.49278      0.00000      0.00000      0.00000
      4.50278      0.00000      0.00000      0.00000
      4.51278      0.00000      0.00000      0.00000
      4.52278      0.00000      0.00000      0.00000
      4.53278      0.00000      0.00000      0.00000
      4.54278      0.00000      0.00000      0.00000
      4.55278      0.00000      0.00000      0.00000
      4.56278      0.00000      0.00000      0.00000
      4.57278      0.00000      0.00000      0.00000
      4.58278      0.00000      0.00000      0.00000
      4.59278      0.00000      0.00000      0.00000
      4.60278      0.00000      0.00000      0.00000
      4.61278      0.00000      0.00000      0.00000
      4.62278      0.00000      0.00000      0.00000
      4.63278      0.00002      0.00001      0.00000
      4.64278      0.00074      0.00066      0.00008
      4.65278      0.01216      0.01084      0.00132
      4.66278      0.07843      0.06988      0.00855
      4.67278      0.21429      0.19082      0.02347
      4.68278      0.30029      0.26699      0.03330
      4.69278      0.33694      0.29865      0.03829
      4.70278      0.41435      0.36621      0.04814
      4.71278      0.43301      0.38179      0.05121
      4.72278      0.39265      0.34499      0.04766
      4.73278      0.40411      0.35385      0.05027
      4.74278      0.38116      0.33287      0.04829
      4.75278      0.29298      0.25497      0.03801
      4.76278      0.35681      0.30902      0.04779
      4.77278      0.64652      0.55908      0.08744
      4.78278      0.71153      0.61410      0.09743
      4.79278      0.51359      0.44095      0.07265
      4.80278      0.38854      0.33118      0.05737
      4.81278      0.46107      0.39190      0.06917
      4.82278      0.62345      0.52941      0.09404
      4.83278      0.52463      0.44341      0.08122
      4.84278      0.36566      0.30298      0.06268
      4.85278      0.71790      0.57840      0.13949
      4.86278      1.62792      1.30231      0.32561
      4.87278      2.34858      1.87275      0.47583
      4.88278      2.56952      2.03653      0.53299
      4.89278      2.27841      1.78679      0.49162
      4.90278      1.79769      1.40107      0.39662
      4.91278      1.46128      1.14012      0.32117
      4.92278      1.18709      0.92961      0.25748
      4.93278      1.07954      0.84819      0.23135
      4.94278      1.28122      1.00423      0.27700
      4.95278      1.45304      1.13246      0.32058
      4.96278      1.23395      0.95893      0.27502
      4.97278      0.79490      0.61923      0.17567
      4.98278      0.72197      0.56323      0.15874
      4.99278      0.91381      0.71292      0.20089
      5.00278      0.84141      0.66019      0.18122
      5.01278      0.77824      0.61417      0.16407
      5.02278      1.12989      0.88150      0.24839
      5.03278      1.46892      1.13368      0.33524
      5.04278      1.18067      0.90929      0.27138
      5.05278      0.55282      0.42776      0.12506
      5.06278      0.25141      0.19426      0.05714
      5.07278      0.49300      0.37735      0.11565
      5.08278      0.80015      0.61184      0.18830
      5.09278      0.63887      0.48996      0.14891
      5.10278      0.51202      0.39984      0.11219
      5.11278      0.60991      0.47710      0.13281
      5.12278      0.83823      0.63836      0.19987
      5.13278      1.16965      0.87658      0.29307
      5.14278      0.93024      0.69661      0.23364
      5.15278      0.41906      0.31789      0.10117
      5.16278      0.33096      0.25714      0.07382
      5.17278      0.45015      0.34919      0.10096
      5.18278      0.61046      0.46724      0.14322
      5.19278      0.78326      0.59210      0.19116
      5.20278      0.77396      0.58928      0.18467
      5.21278      0.59512      0.46079      0.13433
      5.22278      0.37792      0.29343      0.08449
      5.23278      0.36281      0.27617      0.08664
      5.24278      0.70420      0.52612      0.17809
      5.25278      1.12861      0.83306      0.29555
      5.26278      0.91074      0.66853      0.24221
      5.27278      0.33691      0.24806      0.08886
      5.28278      0.20123      0.15370      0.04753
      5.29278      0.33633      0.25813      0.07820
      5.30278      0.38887      0.29550      0.09337
      5.31278      0.48753      0.36516      0.12236
      5.32278      0.71721      0.53159      0.18561
      5.33278      0.66603      0.49344      0.17258
      5.34278      0.32576      0.24287      0.08289
      5.35278      0.23186      0.17430      0.05755
      5.36278      0.32491      0.24422      0.08069
      5.37278      0.37246      0.27688      0.09559
      5.38278      0.62456      0.45671      0.16785
      5.39278      0.99294      0.72029      0.27265
      5.40278      0.91686      0.66696      0.24990
      5.41278      0.67397      0.50049      0.17348
      5.42278      0.56418      0.42593      0.13825
      5.43278      0.36815      0.27956      0.08859
      5.44278      0.18587      0.13975      0.04612
      5.45278      0.23446      0.17118      0.06327
      5.46278      0.43738      0.31645      0.12093
      5.47278      0.53234      0.38291      0.14942
      5.48278      0.42231      0.30566      0.11665
      5.49278      0.32907      0.24207      0.08699
      5.50278      0.28626      0.21102      0.07524
      5.51278      0.30609      0.22474      0.08135
      5.52278      0.38288      0.27997      0.10291
      5.53278      0.53140      0.38566      0.14574
      5.54278      0.81804      0.58671      0.23133
      5.55278      0.92488      0.65986      0.26501
      5.56278      0.52791      0.37709      0.15082
      5.57278      0.17812      0.12812      0.05000
      5.58278      0.19784      0.14380      0.05404
      5.59278      0.29705      0.21688      0.08017
      5.60278      0.29759      0.21728      0.08031
      5.61278      0.32638      0.23631      0.09007
      5.62278      0.44467      0.31879      0.12587
      5.63278      0.52747      0.37521      0.15226
      5.64278      0.50506      0.36057      0.14449
      5.65278      0.41560      0.30090      0.11470
      5.66278      0.37622      0.27470      0.10152
      5.67278      0.41142      0.29952      0.11190
      5.68278      0.35391      0.25547      0.09844
      5.69278      0.41034      0.29296      0.11738
      5.70278      0.63613      0.45061      0.18552
      5.71278      0.77646      0.54396      0.23251
      5.72278      0.62202      0.43193      0.19009
      5.73278      0.25590      0.17706      0.07884
      5.74278      0.08333      0.05862      0.02471
      5.75278      0.19110      0.13698      0.05413
      5.76278      0.37098      0.26553      0.10545
      5.77278      0.31985      0.22814      0.09171
      5.78278      0.19564      0.13867      0.05697
      5.79278      0.37147      0.26212      0.10935
      5.80278      0.66212      0.46603      0.19609
      5.81278      0.56274      0.39480      0.16794
      5.82278      0.23976      0.16776      0.07200
      5.83278      0.16559      0.11627      0.04933
      5.84278      0.25478      0.17973      0.07505
      5.85278      0.28060      0.19786      0.08274
      5.86278      0.26243      0.18351      0.07891
      5.87278      0.32434      0.22546      0.09888
      5.88278      0.53102      0.36783      0.16320
      5.89278      0.71902      0.49542      0.22360
      5.90278      0.73584      0.50832      0.22752
      5.91278      0.59322      0.41463      0.17859
      5.92278      0.41927      0.29620      0.12307
      5.93278      0.31764      0.22564      0.09201
      5.94278      0.21706      0.15381      0.06324
      5.95278      0.18180      0.12651      0.05529
      5.96278      0.25834      0.17836      0.07998
      5.97278      0.29257      0.20145      0.09113
      5.98278      0.31679      0.21634      0.10045
      5.99278      0.36689      0.25081      0.11608
      6.00278      0.36993      0.25518      0.11475
      6.01278      0.28598      0.19811      0.08787
      6.02278      0.23456      0.16230      0.07226
      6.03278      0.27039      0.18641      0.08397
      6.04278      0.27477      0.18896      0.08581
      6.05278      0.34152      0.23487      0.10665
      6.06278      0.46881      0.32118      0.14763
      6.07278      0.64452      0.43903      0.20549
      6.08278      0.67329      0.45683      0.21645
      6.09278      0.36643      0.24784      0.11858
      6.10278      0.16073      0.10904      0.05168
      6.11278      0.21542      0.14745      0.06800
      6.12278      0.27719      0.19259      0.08584
      6.13278      0.29621      0.23639      0.07848
      6.14278      0.49922      0.53967      0.07129
      6.15278      0.98176      1.17437      0.08966
      6.16278      1.22287      1.45754      0.11056
      6.17278      1.13098      1.28358      0.12686
      6.18278      1.08361      1.15747      0.15042
      6.19278      0.88366      0.94581      0.11857
      6.20278      0.71744      0.75849      0.09846
      6.21278      0.79303      0.80747      0.12205
      6.22278      0.78498      0.83142      0.10447
      6.23278      0.69197      0.72642      0.09518
      6.24278      0.78030      0.74724      0.14267
      6.25278      0.83933      0.78462      0.16304
      6.26278      0.76994      0.70034      0.16030
      6.27278      0.64855      0.56006      0.15078
      6.28278      0.53274      0.52806      0.08761
      6.29278      0.54484      0.64565      0.03337
      6.30278      0.56579      0.63058      0.05469
      6.31278      0.58672      0.55206      0.10935
      6.32278      0.54076      0.49602      0.10733
      6.33278      0.41254      0.43123      0.05389
      6.34278      0.42857      0.45343      0.05289
      6.35278      0.67886      0.61000      0.14137
      6.36278      0.81456      0.67991      0.19759
      6.37278      0.59223      0.51141      0.13480
      6.38278      0.37043      0.36724      0.05869
      6.39278      0.43935      0.46236      0.05438
      6.40278      0.55560      0.55843      0.08258
      6.41278      0.54222      0.54279      0.08176
      6.42278      0.52014      0.53367      0.07182
      6.43278      0.48369      0.47521      0.07847
      6.44278      0.53776      0.47416      0.11674
      6.45278      0.62557      0.50493      0.16163
      6.46278      0.79287      0.63878      0.20574
      6.47278      0.95248      0.80437      0.22596
      6.48278      0.74918      0.64403      0.17059
      6.49278      0.44407      0.35723      0.11414
      6.50278      0.35688      0.29139      0.08930
      6.51278      0.33026      0.31880      0.05584
      6.52278      0.36563      0.37085      0.05224
      6.53278      0.53416      0.52260      0.08659
      6.54278      0.57779      0.57799      0.08599
      6.55278      0.52343      0.52679      0.07635
      6.56278      0.55767      0.52448      0.10244
      6.57278      0.54620      0.47626      0.12111
      6.58278      0.40761      0.33580      0.10128
      6.59278      0.35114      0.31156      0.07475
      6.60278      0.40958      0.37523      0.08078
      6.61278      0.44093      0.40869      0.08467
      6.62278      0.51999      0.49684      0.09114
      6.63278      0.67007      0.62934      0.12306
      6.64278      0.67985      0.57739      0.15978
      6.65278      0.65786      0.47418      0.20311
      6.66278      0.56079      0.41786      0.16565
      6.67278      0.42569      0.41149      0.07218
      6.68278      0.38971      0.40531      0.04990
      6.69278      0.35609      0.30233      0.08412
      6.70278      0.29651      0.20879      0.09422
      6.71278      0.26879      0.19933      0.07954
      6.72278      0.37974      0.35498      0.07049
      6.73278      0.63908      0.64041      0.09445
      6.74278      0.72337      0.71402      0.11354
      6.75278      0.68061      0.64853      0.12053
      6.76278      0.67159      0.59811      0.14266
      6.77278      0.46352      0.38338      0.11498
      6.78278      0.39656      0.32194      0.10187
      6.79278      0.56721      0.48664      0.13117
      6.80278      0.49568      0.42823      0.11323
      6.81278      0.34857      0.26789      0.09879
      6.82278      0.49445      0.36429      0.14912
      6.83278      0.65978      0.53783      0.16938
      6.84278      0.64146      0.54235      0.15372
      6.85278      0.53589      0.46337      0.12267
      6.86278      0.42888      0.43946      0.05907
      6.87278      0.31856      0.36426      0.02271
      6.88278      0.34365      0.34376      0.05273
      6.89278      0.45759      0.38088      0.11374
      6.90278      0.39091      0.28598      0.11952
      6.91278      0.22544      0.17387      0.06378
      6.92278      0.27524      0.25357      0.05425
      6.93278      0.58475      0.48665      0.14539
      6.94278      0.77900      0.62757      0.20596
      6.95278      0.59366      0.53232      0.12550
      6.96278      0.38839      0.41121      0.04473
      6.97278      0.37334      0.37780      0.05283
      6.98278      0.40676      0.35862      0.08867
      6.99278      0.41673      0.36983      0.08983
      7.00278      0.40965      0.38020      0.07966
      7.01278      0.47186      0.44215      0.09050
      7.02278      0.67635      0.61662      0.13915
      7.03278      0.79278      0.69549      0.17830
      7.04278      0.65187      0.51332      0.17998
      7.05278      0.54094      0.37572      0.17777
      7.06278      0.49492      0.36864      0.14834
      7.07278      0.49093      0.42162      0.11532
      7.08278      0.47398      0.43863      0.09328
      7.09278      0.40016      0.39380      0.06484
      7.10278      0.35576      0.31506      0.07762
      7.11278      0.37309      0.29466      0.10256
      7.12278      0.41137      0.36225      0.09226
      7.13278      0.42955      0.40839      0.07881
      7.14278      0.42626      0.38563      0.08892
      7.15278      0.40830      0.33382      0.10598
      7.16278      0.38368      0.33283      0.08992
      7.17278      0.42579      0.38582      0.09086
      7.18278      0.44354      0.39726      0.09704
      7.19278      0.41701      0.35119      0.10355
      7.20278      0.47059      0.33562      0.15054
      7.21278      0.61688      0.44628      0.19316
      7.22278      0.74651      0.63792      0.17744
      7.23278      0.61899      0.62703      0.09056
      7.24278      0.42522      0.47194      0.03900
      7.25278      0.46979      0.48840      0.06340
      7.26278      0.52627      0.50358      0.09565
      7.27278      0.40732      0.34368      0.09977
      7.28278      0.34005      0.26713      0.09447
      7.29278      0.43568      0.36140      0.11013
      7.30278      0.46393      0.36982      0.12589
      7.31278      0.37265      0.28235      0.11002
      7.32278      0.44744      0.38128      0.10942
      7.33278      0.57952      0.55466      0.10766
      7.34278      0.66907      0.63638      0.12437
      7.35278      0.72738      0.64394      0.15464
      7.36278      0.72089      0.63137      0.14433
      7.37278      0.90594      0.79430      0.17659
      7.38278      1.11789      0.99496      0.21513
      7.39278      0.99297      0.96287      0.14454
      7.40278      0.69049      0.74570      0.04506
      7.41278      0.48827      0.54954      0.00884
      7.42278      0.41317      0.43226      0.02486
      7.43278      0.57294      0.52468      0.08926
      7.44278      0.85810      0.79114      0.14105
      7.45278      0.92931      0.93123      0.10772
      7.46278      0.80175      0.80028      0.09125
      7.47278      0.79974      0.70110      0.14915
      7.48278      0.79497      0.67200      0.16699
      7.49278      0.69491      0.66633      0.09755
      7.50278      0.74461      0.77097      0.06351
      7.51278      0.87078      0.88441      0.08787
      7.52278      0.95815      0.94741      0.12070
      7.53278      1.00380      0.97366      0.13749
      7.54278      0.99317      0.94858      0.14300
      7.55278      0.92804      0.90012      0.13240
      7.56278      0.85994      0.83992      0.11785
      7.57278      1.00312      0.95229      0.13696
      7.58278      1.13439      1.09975      0.14538
      7.59278      0.97259      0.93966      0.13382
      7.60278      0.81753      0.72339      0.14640
      7.61278      0.81378      0.71250      0.14273
      7.62278      0.78188      0.73272      0.10854
      7.63278      0.58753      0.58000      0.06128
      7.64278      0.52098      0.49137      0.06309
      7.65278      0.81172      0.74945      0.11220
      7.66278      1.13240      1.09212      0.13872
      7.67278      1.21695      1.18960      0.15569
      7.68278      1.12680      1.10325      0.15272
      7.69278      0.97667      0.94348      0.12938
      7.70278      0.80709      0.73884      0.11615
      7.71278      0.74681      0.67916      0.11227
      7.72278      0.83332      0.82398      0.09597
      7.73278      0.92204      0.92866      0.09003
      7.74278      1.01763      0.95697      0.12704
      7.75278      0.96360      0.85938      0.14400
      7.76278      0.75215      0.67187      0.10212
      7.77278      0.74884      0.67072      0.10326
      7.78278      0.89331      0.82776      0.12261
      7.79278      1.09939      1.02853      0.15620
      7.80278      1.18575      1.03522      0.21539
      7.81278      1.08099      0.87126      0.23881
      7.82278      1.04319      0.88877      0.18815
      7.83278      1.06805      1.03949      0.09661
      7.84278      1.03779      1.09648      0.04442
      7.85278      1.09680      1.14889      0.07852
      7.86278      1.12243      1.10118      0.12781
      7.87278      1.08732      1.02576      0.12850
      7.88278      1.06687      0.98878      0.12945
      7.89278      1.16746      1.07171      0.16990
      7.90278      1.26908      1.15253      0.20348
      7.91278      1.13259      1.01752      0.17840
      7.92278      1.19818      1.14435      0.13059
      7.93278      1.29098      1.25562      0.11521
      7.94278      1.15354      1.03743      0.15336
      7.95278      1.06919      0.88866      0.19339
      7.96278      1.18471      1.00463      0.20719
      7.97278      1.38729      1.21059      0.22087
      7.98278      1.31563      1.12838      0.22204
      7.99278      1.24379      1.07044      0.21584
      8.00278      1.35932      1.24246      0.19184
      8.01278      1.57551      1.52019      0.17063
      8.02278      1.82931      1.75487      0.21348
      8.03278      1.70557      1.54980      0.24869
      8.04278      1.58380      1.34030      0.27397
      8.05278      1.64792      1.37865      0.28591
      8.06278      1.77367      1.54476      0.28642
      8.07278      2.29184      2.03117      0.36464
      8.08278      2.79458      2.41109      0.46134
      8.09278      2.95795      2.47017      0.51263
      8.10278      3.16934      2.60343      0.57109
      8.11278      3.11540      2.56155      0.56828
      8.12278      2.57588      2.16084      0.45805
      8.13278      1.54373      1.34734      0.25669
      8.14278      0.58798      0.57404      0.07579
      8.15278      0.23423      0.28439      0.01002
      8.16278      0.18644      0.24823      0.00055
      8.17278      0.21756      0.28929      0.00001
      8.18278      0.36290      0.47791      0.00000
      8.19278      0.44530      0.58503      0.00000
      8.20278      0.32220      0.42213      0.00000
      8.21278      0.20861      0.27275      0.00000
      8.22278      0.20385      0.26749      0.00000
      8.23278      0.25191      0.33300      0.00000
      8.24278      0.32576      0.43275      0.00000
      8.25278      0.33723      0.44879      0.00000
      8.26278      0.20607      0.27456      0.00000
      8.27278      0.13263      0.17584      0.00000
      8.28278      0.14272      0.18853      0.00000
      8.29278      0.08499      0.11227      0.00000
      8.30278      0.06549      0.08702      0.00000
      8.31278      0.17944      0.23939      0.00000
      8.32278      0.26515      0.35461      0.00000
      8.33278      0.18636      0.24977      0.00000
      8.34278      0.18751      0.25058      0.00000
      8.35278      0.34711      0.46148      0.00000
      8.36278      0.36371      0.48158      0.00000
      8.37278      0.23093      0.30445      0.00000
      8.38278      0.18905      0.24900      0.00000
      8.39278      0.20084      0.26679      0.00000
      8.40278      0.22599      0.30209      0.00000
      8.41278      0.19518      0.26028      0.00000
      8.42278      0.16855      0.22328      0.00000
      8.43278      0.12851      0.16998      0.00000
      8.44278      0.09934      0.13236      0.00000
      8.45278      0.14213      0.19027      0.00000
      8.46278      0.14430      0.19332      0.00000
      8.47278      0.17841      0.23895      0.00000
      8.48278      0.25421      0.33981      0.00000
      8.49278      0.22615      0.30186      0.00000
      8.50278      0.18067      0.24149      0.00000
      8.51278      0.15725      0.20998      0.00000
      8.52278      0.17665      0.23322      0.00000
      8.53278      0.31591      0.41492      0.00000
      8.54278      0.38525      0.50645      0.00000
      8.55278      0.40320      0.53258      0.00000
      8.56278      0.48427      0.64274      0.00000
      8.57278      0.41920      0.55680      0.00000
      8.58278      0.24179      0.32048      0.00000
      8.59278      0.16317      0.21599      0.00000
      8.60278      0.15967      0.21149      0.00000
      8.61278      0.17169      0.22790      0.00000
      8.62278      0.26844      0.35685      0.00000
      8.63278      0.24733      0.32887      0.00000
      8.64278      0.17496      0.23264      0.00000
      8.65278      0.25641      0.34094      0.00000
      8.66278      0.24381      0.32421      0.00000
      8.67278      0.13879      0.18450      0.00000
      8.68278      0.17426      0.23143      0.00000
      8.69278      0.21873      0.29012      0.00000
      8.70278      0.21885      0.28937      0.00000
      8.71278      0.30071      0.39719      0.00000
      8.72278      0.32644      0.43167      0.00000
      8.73278      0.25099      0.33203      0.00000
      8.74278      0.18423      0.24355      0.00000
      8.75278      0.22128      0.29235      0.00000
      8.76278      0.35864      0.47373      0.00000
      8.77278      0.32404      0.42815      0.00000
      8.78278      0.15248      0.20145      0.00000
      8.79278      0.11939      0.15730      0.00000
      8.80278      0.18822      0.24805      0.00000
      8.81278      0.20358      0.26889      0.00000
      8.82278      0.14209      0.18786      0.00000
      8.83278      0.09153      0.12030      0.00000
      8.84278      0.13304      0.17385      0.00000
      8.85278      0.14387      0.18812      0.00000
      8.86278      0.14697      0.19292      0.00000
      8.87278      0.23530      0.30967      0.00000
      8.88278      0.42358      0.55770      0.00000
      8.89278      0.62096      0.81682      0.00000
      8.90278      0.56290      0.74054      0.00000
      8.91278      0.39131      0.51589      0.00000
      8.92278      0.34329      0.45222      0.00000
      8.93278      0.38760      0.50857      0.00000
      8.94278      0.37805      0.49502      0.00000
      8.95278      0.31991      0.41854      0.00000
      8.96278      0.25518      0.33422      0.00000
      8.97278      0.20803      0.27291      0.00000
      8.98278      0.18720      0.24519      0.00000
      8.99278      0.18482      0.24117      0.00000
      9.00278      0.20868      0.27008      0.00000
      9.01278      0.28417      0.36489      0.00000
      9.02278      0.27311      0.34948      0.00000
      9.03278      0.20453      0.26189      0.00000
      9.04278      0.14392      0.18456      0.00000
      9.05278      0.19587      0.25253      0.00000
      9.06278      0.35328      0.45961      0.00000
      9.07278      0.40226      0.52650      0.00000
      9.08278      0.38700      0.50399      0.00000
      9.09278      0.36478      0.47166      0.00000
      9.10278      0.27947      0.36216      0.00000
      9.11278      0.23994      0.30971      0.00000
      9.12278      0.29155      0.37087      0.00000
      9.13278      0.28194      0.35585      0.00000
      9.14278      0.20431      0.25833      0.00000
      9.15278      0.11523      0.14545      0.00000
      9.16278      0.12845      0.15878      0.00000
      9.17278      0.20711      0.25485      0.00000
      9.18278      0.14358      0.17670      0.00000
      9.19278      0.03728      0.04589      0.00000
      9.20278      0.00962      0.01164      0.00000
      9.21278      0.04647      0.05585      0.00000
      9.22278      0.15040      0.18365      0.00000
      9.23278      0.34971      0.44638      0.00000
      9.24278      0.85130      1.11229      0.00000
      9.25278      1.42227      1.84941      0.00000
      9.26278      1.34686      1.72749      0.00000
      9.27278      0.74637      0.93747      0.00000
      9.28278      0.33716      0.41026      0.00000
      9.29278      0.20248      0.24044      0.00000
      9.30278      0.14564      0.17079      0.00000
      9.31278      0.14979      0.17401      0.00000
      9.32278      0.11314      0.13113      0.00000
      9.33278      0.05272      0.06073      0.00000
      9.34278      0.06744      0.07707      0.00000
      9.35278      0.12031      0.13916      0.00000
      9.36278      0.22711      0.26740      0.00000
      9.37278      0.31636      0.37598      0.00000
      9.38278      0.32826      0.39200      0.00000
      9.39278      0.35117      0.42128      0.00000
      9.40278      0.34029      0.42170      0.00000
      9.41278      0.42769      0.55305      0.00000
      9.42278      0.52281      0.68379      0.00000
      9.43278      0.40362      0.51469      0.00000
      9.44278      0.39066      0.45263      0.00000
      9.45278      0.52712      0.59045      0.00000
      9.46278      0.47502      0.53356      0.00000
      9.47278      0.33677      0.38261      0.00000
      9.48278      0.27424      0.31507      0.00000
      9.49278      0.23086      0.26935      0.00000
      9.50278      0.26030      0.30201      0.00000
      9.51278      0.40948      0.46289      0.00000
      9.52278      0.42877      0.48566      0.00000
      9.53278      0.29314      0.34549      0.00000
      9.54278      0.26923      0.32587      0.00000
      9.55278      0.44182      0.51666      0.00001
      9.56278      0.66183      0.74959      0.00014
      9.57278      0.73597      0.83331      0.00053
      9.58278      0.70794      0.83395      0.00083
      9.59278      0.82315      1.01247      0.00127
      9.60278      1.00367      1.23384      0.00297
      9.61278      0.80415      0.96403      0.00347
      9.62278      0.50105      0.56449      0.00233
      9.63278      0.43235      0.45090      0.00570
      9.64278      0.43112      0.42608      0.01456
      9.65278      0.40431      0.39403      0.01734
      9.66278      0.44746      0.45647      0.01478
      9.67278      0.57225      0.60069      0.01631
      9.68278      0.48307      0.50452      0.01595
      9.69278      0.51855      0.51485      0.02458
      9.70278      0.78777      0.77030      0.04060
      9.71278      0.84078      0.82999      0.04640
      9.72278      0.66492      0.66504      0.04509
      9.73278      0.62784      0.60950      0.05556
      9.74278      0.82804      0.78346      0.07803
      9.75278      1.14254      1.09316      0.10827
      9.76278      1.25018      1.18529      0.13535
      9.77278      1.19924      1.14122      0.13452
      9.78278      1.20443      1.20011      0.10656
      9.79278      1.19343      1.20607      0.08418
      9.80278      0.95061      0.93576      0.06727
      9.81278      0.60593      0.56890      0.05539
      9.82278      0.61962      0.56597      0.07227
      9.83278      0.89019      0.81646      0.10442
      9.84278      0.76499      0.69601      0.09178
      9.85278      0.43277      0.40814      0.04360
      9.86278      0.50327      0.51099      0.03019
      9.87278      0.55709      0.56137      0.03564
      9.88278      0.47150      0.46261      0.04003
      9.89278      0.68634      0.67979      0.05743
      9.90278      0.78963      0.79496      0.05603
      9.91278      0.63165      0.65287      0.03549
      9.92278      0.64208      0.68149      0.02622
      9.93278      0.67937      0.72675      0.02776
      9.94278      0.62571      0.67553      0.03514
      9.95278      0.71003      0.77214      0.04878
      9.96278      0.97899      1.04080      0.07592
      9.97278      1.07966      1.08838      0.09667
      9.98278      0.76821      0.75184      0.06722
      9.99278      0.45740      0.48175      0.02117
     10.00278      0.31129      0.34446      0.00734
     10.01278      0.26687      0.26465      0.01714
     10.02278      0.28537      0.26387      0.02358
     10.03278      0.19931      0.18270      0.01739
     10.04278      0.24038      0.22327      0.02326
     10.05278      0.53171      0.51565      0.04003
     10.06278      0.77600      0.77345      0.05020
     10.07278      0.67802      0.69121      0.04060
     10.08278      0.41440      0.42186      0.02351
     10.09278      0.23420      0.22778      0.01649
     10.10278      0.21888      0.22347      0.01416
     10.11278      0.39260      0.42777      0.01854
     10.12278      0.44569      0.48742      0.02155
     10.13278      0.42345      0.44697      0.02652
     10.14278      0.59652      0.62393      0.03572
     10.15278      0.73354      0.74361      0.05040
     10.16278      0.71359      0.68695      0.06874
     10.17278      0.65583      0.60484      0.08188
     10.18278      0.42586      0.37785      0.06156
     10.19278      0.18497      0.16791      0.02198
     10.20278      0.23102      0.24134      0.00581
     10.21278      0.43507      0.46493      0.01039
     10.22278      0.49419      0.52708      0.01448
     10.23278      0.37309      0.40089      0.00780
     10.24278      0.28973      0.31915      0.00459
     10.25278      0.35868      0.38195      0.01422
     10.26278      0.38110      0.38288      0.02459
     10.27278      0.30276      0.31108      0.02120
     10.28278      0.33922      0.35357      0.02677
     10.29278      0.47398      0.47242      0.04407
     10.30278      0.56167      0.57500      0.04345
     10.31278      0.53492      0.59625      0.02125
     10.32278      0.56230      0.66552      0.00855
     10.33278      0.55821      0.65444      0.01181
     10.34278      0.42231      0.48014      0.01190
     10.35278      0.31324      0.33625      0.01097
     10.36278      0.32340      0.31639      0.01731
     10.37278      0.27282      0.25634      0.01850
     10.38278      0.24593      0.23129      0.02045
     10.39278      0.38346      0.37758      0.02527
     10.40278      0.47623      0.47075      0.03039
     10.41278      0.40765      0.38162      0.04024
     10.42278      0.43077      0.38948      0.05718
     10.43278      0.57030      0.52721      0.07475
     10.44278      0.49589      0.46018      0.06292
     10.45278      0.32163      0.30375      0.03119
     10.46278      0.33252      0.33952      0.01296
     10.47278      0.36278      0.39253      0.00410
     10.48278      0.28327      0.32545      0.00060
     10.49278      0.18527      0.22674      0.00029
     10.50278      0.16337      0.19810      0.00281
     10.51278      0.27509      0.30892      0.01149
     10.52278      0.38737      0.41157      0.01798
     10.53278      0.37207      0.39184      0.01195
     10.54278      0.21529      0.22292      0.00717
     10.55278      0.14671      0.13546      0.01508
     10.56278      0.25564      0.24062      0.02462
     10.57278      0.52911      0.53488      0.03005
     10.58278      0.73573      0.74555      0.04193
     10.59278      0.47036      0.46464      0.03426
     10.60278      0.14943      0.14635      0.01253
     10.61278      0.13838      0.15103      0.00557
     10.62278      0.26369      0.28576      0.01020
     10.63278      0.22638      0.24075      0.01000
     10.64278      0.15600      0.17235      0.00584
     10.65278      0.24861      0.27513      0.01018
     10.66278      0.34231      0.36976      0.01523
     10.67278      0.41972      0.46568      0.01238
     10.68278      0.51187      0.57487      0.01583
     10.69278      0.52468      0.58698      0.02105
     10.70278      0.48564      0.52050      0.02434
     10.71278      0.49639      0.50027      0.03175
     10.72278      0.43851      0.42680      0.03720
     10.73278      0.37260      0.33342      0.04963
     10.74278      0.42402      0.36064      0.06659
     10.75278      0.47985      0.42847      0.06044
     10.76278      0.41627      0.40912      0.02684
     10.77278      0.22982      0.24133      0.00507
     10.78278      0.07376      0.07802      0.00138
     10.79278      0.08968      0.08875      0.00576
     10.80278      0.21940      0.22617      0.01204
     10.81278      0.25247      0.27430      0.00927
     10.82278      0.18269      0.20043      0.00263
     10.83278      0.21691      0.22998      0.00032
     10.84278      0.26624      0.28861      0.00094
     10.85278      0.26460      0.29245      0.00651
     10.86278      0.31417      0.34017      0.01686
     10.87278      0.27670      0.29783      0.01638
     10.88278      0.19061      0.20471      0.00916
     10.89278      0.25373      0.25034      0.01618
     10.90278      0.38152      0.36988      0.02995
     10.91278      0.36903      0.35913      0.03339
     10.92278      0.24722      0.22947      0.02967
     10.93278      0.15566      0.14166      0.01747
     10.94278      0.26305      0.26196      0.01071
     10.95278      0.46196      0.48377      0.00930
     10.96278      0.41331      0.45229      0.00420
     10.97278      0.19635      0.21824      0.00261
     10.98278      0.13490      0.13494      0.00845
     10.99278      0.21562      0.21855      0.01342
     11.00278      0.22743      0.24855      0.00871
     11.01278      0.17992      0.19649      0.00775
     11.02278      0.23809      0.24713      0.01554
     11.03278      0.30187      0.32459      0.01604
     11.04278      0.34906      0.38515      0.01477
     11.05278      0.51439      0.56125      0.02145
     11.06278      0.51004      0.54461      0.02408
     11.07278      0.36484      0.35711      0.03100
     11.08278      0.38864      0.34940      0.04515
     11.09278      0.53800      0.48736      0.06235
     11.10278      0.54126      0.50159      0.06200
     11.11278      0.29336      0.27644      0.03289
     11.12278      0.07505      0.07173      0.00771
     11.13278      0.05554      0.05724      0.00073
     11.14278      0.18010      0.18916      0.00003
     11.15278      0.26461      0.28071      0.00005
     11.16278      0.16542      0.17588      0.00089
     11.17278      0.10476      0.10460      0.00572
     11.18278      0.20228      0.20313      0.01347
     11.19278      0.24963      0.26574      0.01167
     11.20278      0.14707      0.16361      0.00388
     11.21278      0.11436      0.12156      0.00159
     11.22278      0.27521      0.28992      0.00638
     11.23278      0.52851      0.53611      0.03862
     11.24278      0.82129      0.72085      0.13875
     11.25278      1.10171      0.85477      0.25867
     11.26278      1.21090      0.90381      0.30844
     11.27278      1.21941      0.91918      0.30084
     11.28278      1.25776      0.98535      0.27742
     11.29278      1.51874      1.21403      0.32139
     11.30278      1.74105      1.36518      0.39629
     11.31278      1.43691      1.09830      0.34784
     11.32278      1.19959      0.91167      0.29028
     11.33278      1.36879      1.07384      0.30295
     11.34278      1.65620      1.37159      0.31271
     11.35278      1.71057      1.44295      0.30538
     11.36278      1.50915      1.22450      0.30579
     11.37278      1.36881      1.09014      0.29433
     11.38278      1.61712      1.30717      0.33694
     11.39278      2.07083      1.64845      0.45158
     11.40278      2.23624      1.78091      0.49185
     11.41278      2.27543      1.84783      0.47643
     11.42278      2.34620      1.88937      0.49449
     11.43278      2.46120      1.92483      0.55039
     11.44278      2.93607      2.27227      0.66878
     11.45278      3.42881      2.71959      0.72979
     11.46278      3.74305      3.24690      0.58278
     11.47278      4.65130      4.44961      0.40379
     11.48278      5.24077      5.18877      0.31658
     11.49278      4.25595      4.28144      0.20174
     11.50278      3.05441      3.10710      0.12003
     11.51278      2.88300      2.84694      0.18276
     11.52278      3.28083      3.04787      0.35675
     11.53278      3.38965      3.05089      0.44114
     11.54278      2.81325      2.58696      0.31823
     11.55278      2.33345      2.25249      0.17905
     11.56278      2.25785      2.22050      0.14606
     11.57278      2.38474      2.29093      0.19791
