Energy-E_F (eV)    DOS (1/eV)    PDOS (1/eV)  of atom type B  N  
     -4.99000      0.75269      0.28461      0.46808
     -4.98000      0.86667      0.32830      0.53837
     -4.97000      1.13183      0.42642      0.70541
     -4.96000      1.35522      0.51373      0.84149
     -4.95000      1.23205      0.47054      0.76151
     -4.94000      0.88546      0.33719      0.54828
     -4.93000      0.67642      0.25411      0.42231
     -4.92000      0.73630      0.27531      0.46099
     -4.91000      0.95282      0.36072      0.59211
     -4.90000      1.19549      0.45204      0.74345
     -4.89000      1.40095      0.52179      0.87916
     -4.88000      1.59881      0.59351      1.00530
     -4.87000      1.50196      0.56232      0.93964
     -4.86000      1.13085      0.42065      0.71020
     -4.85000      0.86212      0.31545      0.54667
     -4.84000      0.87276      0.31946      0.55330
     -4.83000      1.06523      0.39227      0.67296
     -4.82000      0.96155      0.35539      0.60615
     -4.81000      0.78655      0.28888      0.49768
     -4.80000      1.04052      0.38242      0.65810
     -4.79000      1.34790      0.50222      0.84567
     -4.78000      1.42936      0.53825      0.89111
     -4.77000      1.41552      0.53586      0.87967
     -4.76000      1.41008      0.53494      0.87514
     -4.75000      1.47292      0.55591      0.91701
     -4.74000      1.72954      0.64087      1.08866
     -4.73000      1.85990      0.68130      1.17860
     -4.72000      1.52941      0.56107      0.96833
     -4.71000      1.14781      0.42486      0.72295
     -4.70000      1.16762      0.43835      0.72927
     -4.69000      1.36950      0.51196      0.85754
     -4.68000      1.29383      0.47503      0.81880
     -4.67000      1.11521      0.40526      0.70995
     -4.66000      1.01706      0.37383      0.64323
     -4.65000      1.04062      0.39157      0.64904
     -4.64000      1.17021      0.43656      0.73365
     -4.63000      1.26942      0.46703      0.80239
     -4.62000      1.21742      0.45118      0.76625
     -4.61000      1.26704      0.47714      0.78990
     -4.60000      1.30893      0.49757      0.81136
     -4.59000      1.13557      0.43138      0.70419
     -4.58000      1.02451      0.38312      0.64139
     -4.57000      1.10405      0.41078      0.69327
     -4.56000      0.96949      0.36128      0.60821
     -4.55000      0.61900      0.22804      0.39096
     -4.54000      0.85153      0.30646      0.54507
     -4.53000      1.34722      0.48174      0.86548
     -4.52000      1.33196      0.47895      0.85301
     -4.51000      1.01924      0.37552      0.64372
     -4.50000      0.79026      0.29838      0.49189
     -4.49000      0.77561      0.29258      0.48303
     -4.48000      0.95893      0.35447      0.60446
     -4.47000      1.03960      0.38321      0.65639
     -4.46000      1.17869      0.44153      0.73715
     -4.45000      1.22958      0.45997      0.76961
     -4.44000      1.04119      0.38492      0.65626
     -4.43000      0.99339      0.36591      0.62747
     -4.42000      0.96390      0.35125      0.61265
     -4.41000      0.78422      0.28455      0.49967
     -4.40000      0.44639      0.16403      0.28236
     -4.39000      0.48842      0.17958      0.30884
     -4.38000      0.86375      0.31633      0.54741
     -4.37000      1.01474      0.37415      0.64060
     -4.36000      1.03604      0.38908      0.64696
     -4.35000      1.12219      0.42341      0.69878
     -4.34000      1.08145      0.39605      0.68540
     -4.33000      0.94552      0.33443      0.61109
     -4.32000      0.93844      0.33416      0.60429
     -4.31000      1.11828      0.40804      0.71024
     -4.30000      1.10629      0.40988      0.69641
     -4.29000      0.79061      0.29037      0.50024
     -4.28000      0.66549      0.24024      0.42525
     -4.27000      0.76647      0.28360      0.48288
     -4.26000      0.88169      0.33271      0.54899
     -4.25000      0.90351      0.34523      0.55828
     -4.24000      0.93141      0.35455      0.57686
     -4.23000      1.11707      0.41406      0.70301
     -4.22000      1.10865      0.40030      0.70834
     -4.21000      0.70785      0.25248      0.45537
     -4.20000      0.50798      0.18173      0.32625
     -4.19000      0.76018      0.27126      0.48892
     -4.18000      0.97529      0.35124      0.62405
     -4.17000      0.88654      0.32778      0.55876
     -4.16000      0.67718      0.25951      0.41767
     -4.15000      0.55575      0.21293      0.34282
     -4.14000      0.60280      0.21903      0.38377
     -4.13000      0.80301      0.28594      0.51707
     -4.12000      1.06558      0.38143      0.68415
     -4.11000      1.08095      0.38489      0.69607
     -4.10000      0.95206      0.33679      0.61527
     -4.09000      0.87488      0.31248      0.56240
     -4.08000      0.81867      0.30202      0.51665
     -4.07000      0.86750      0.32448      0.54302
     -4.06000      0.84166      0.31048      0.53117
     -4.05000      0.76156      0.27469      0.48686
     -4.04000      0.81027      0.28983      0.52044
     -4.03000      0.87769      0.32261      0.55508
     -4.02000      0.96231      0.35901      0.60330
     -4.01000      0.96551      0.35867      0.60684
     -4.00000      0.78296      0.29196      0.49100
     -3.99000      0.61695      0.22348      0.39347
     -3.98000      0.71791      0.25226      0.46565
     -3.97000      0.71736      0.25016      0.46720
     -3.96000      0.62494      0.22056      0.40438
     -3.95000      0.72808      0.26620      0.46188
     -3.94000      0.82909      0.30556      0.52353
     -3.93000      0.67193      0.24379      0.42814
     -3.92000      0.51789      0.18846      0.32943
     -3.91000      0.57957      0.21886      0.36070
     -3.90000      0.74704      0.27708      0.46996
     -3.89000      1.04395      0.37116      0.67280
     -3.88000      1.23087      0.43509      0.79578
     -3.87000      1.13979      0.40966      0.73013
     -3.86000      1.10832      0.40715      0.70117
     -3.85000      0.98584      0.36041      0.62543
     -3.84000      0.71305      0.25191      0.46114
     -3.83000      0.56834      0.19891      0.36943
     -3.82000      0.62231      0.22439      0.39792
     -3.81000      0.68194      0.25076      0.43118
     -3.80000      0.64011      0.23242      0.40769
     -3.79000      0.60392      0.21448      0.38944
     -3.78000      0.77060      0.27437      0.49623
     -3.77000      0.90960      0.32256      0.58704
     -3.76000      0.74362      0.26358      0.48004
     -3.75000      0.62319      0.22511      0.39807
     -3.74000      0.61286      0.22362      0.38924
     -3.73000      0.60147      0.22281      0.37867
     -3.72000      0.70627      0.26278      0.44349
     -3.71000      0.86170      0.31235      0.54935
     -3.70000      0.87691      0.31110      0.56581
     -3.69000      0.83106      0.29298      0.53807
     -3.68000      0.84220      0.30220      0.54000
     -3.67000      0.75011      0.27446      0.47566
     -3.66000      0.71023      0.25358      0.45665
     -3.65000      0.66094      0.22426      0.43669
     -3.64000      0.54246      0.17868      0.36378
     -3.63000      0.52052      0.17521      0.34531
     -3.62000      0.58596      0.20052      0.38544
     -3.61000      0.74714      0.25823      0.48892
     -3.60000      0.95755      0.34569      0.61186
     -3.59000      1.01814      0.38107      0.63707
     -3.58000      0.94021      0.35040      0.58981
     -3.57000      0.82327      0.30275      0.52052
     -3.56000      0.72309      0.26344      0.45965
     -3.55000      0.70713      0.25234      0.45479
     -3.54000      0.73901      0.26429      0.47472
     -3.53000      0.68485      0.24405      0.44080
     -3.52000      0.69528      0.23920      0.45607
     -3.51000      0.81853      0.27980      0.53873
     -3.50000      0.80933      0.28250      0.52683
     -3.49000      0.79606      0.28499      0.51106
     -3.48000      0.75733      0.27363      0.48370
     -3.47000      0.70112      0.25147      0.44965
     -3.46000      0.59206      0.21297      0.37909
     -3.45000      0.48274      0.18029      0.30245
     -3.44000      0.36814      0.13732      0.23081
     -3.43000      0.29974      0.10246      0.19728
     -3.42000      0.46063      0.15081      0.30983
     -3.41000      0.74824      0.25023      0.49801
     -3.40000      1.06136      0.36290      0.69846
     -3.39000      1.06076      0.37057      0.69019
     -3.38000      0.77631      0.27182      0.50449
     -3.37000      0.60770      0.20959      0.39811
     -3.36000      0.65941      0.23392      0.42549
     -3.35000      0.78204      0.28102      0.50102
     -3.34000      0.70056      0.25052      0.45005
     -3.33000      0.73991      0.26192      0.47799
     -3.32000      0.93786      0.33028      0.60758
     -3.31000      0.84113      0.29853      0.54260
     -3.30000      0.77520      0.27845      0.49675
     -3.29000      0.72556      0.26084      0.46471
     -3.28000      0.52585      0.18589      0.33997
     -3.27000      0.59706      0.20286      0.39420
     -3.26000      0.78163      0.26177      0.51986
     -3.25000      0.65916      0.22263      0.43653
     -3.24000      0.45376      0.15709      0.29667
     -3.23000      0.61839      0.21551      0.40289
     -3.22000      0.77005      0.26859      0.50145
     -3.21000      0.71134      0.25745      0.45389
     -3.20000      0.77485      0.28853      0.48632
     -3.19000      0.77343      0.27829      0.49515
     -3.18000      0.62104      0.21073      0.41032
     -3.17000      0.46092      0.15734      0.30359
     -3.16000      0.34841      0.12725      0.22116
     -3.15000      0.26077      0.09439      0.16638
     -3.14000      0.34697      0.11324      0.23373
     -3.13000      0.73299      0.23726      0.49572
     -3.12000      1.13429      0.37646      0.75783
     -3.11000      1.29673      0.44074      0.85599
     -3.10000      1.27489      0.44573      0.82916
     -3.09000      1.11676      0.40157      0.71519
     -3.08000      0.80138      0.28879      0.51259
     -3.07000      0.56600      0.19667      0.36933
     -3.06000      0.47918      0.16277      0.31641
     -3.05000      0.37650      0.12933      0.24717
     -3.04000      0.29822      0.09790      0.20032
     -3.03000      0.32525      0.10139      0.22386
     -3.02000      0.45083      0.14713      0.30370
     -3.01000      0.72042      0.24865      0.47177
     -3.00000      0.92691      0.32286      0.60405
     -2.99000      0.79924      0.27796      0.52128
     -2.98000      0.59643      0.20742      0.38902
     -2.97000      0.59891      0.20517      0.39375
     -2.96000      0.68152      0.23028      0.45124
     -2.95000      0.62972      0.21179      0.41793
     -2.94000      0.48906      0.16228      0.32678
     -2.93000      0.43182      0.14439      0.28743
     -2.92000      0.54156      0.18365      0.35791
     -2.91000      0.67666      0.23732      0.43934
     -2.90000      0.89521      0.32925      0.56596
     -2.89000      1.17736      0.43142      0.74595
     -2.88000      1.02367      0.35915      0.66452
     -2.87000      0.73111      0.24287      0.48824
     -2.86000      0.63067      0.20274      0.42794
     -2.85000      0.51467      0.16160      0.35307
     -2.84000      0.41839      0.13423      0.28416
     -2.83000      0.43908      0.14500      0.29408
     -2.82000      0.56534      0.18150      0.38384
     -2.81000      0.78908      0.25190      0.53718
     -2.80000      0.86470      0.28431      0.58039
     -2.79000      0.88372      0.30265      0.58107
     -2.78000      0.69271      0.24207      0.45065
     -2.77000      0.50852      0.17489      0.33362
     -2.76000      0.55511      0.18712      0.36798
     -2.75000      0.41733      0.14192      0.27541
     -2.74000      0.33078      0.11196      0.21882
     -2.73000      0.47976      0.15793      0.32184
     -2.72000      0.66808      0.22005      0.44803
     -2.71000      0.81072      0.26771      0.54301
     -2.70000      0.91140      0.30471      0.60669
     -2.69000      1.03212      0.35459      0.67753
     -2.68000      0.84436      0.29525      0.54910
     -2.67000      0.52511      0.18753      0.33759
     -2.66000      0.41824      0.14472      0.27352
     -2.65000      0.44102      0.13715      0.30387
     -2.64000      0.49347      0.15036      0.34311
     -2.63000      0.58484      0.19523      0.38961
     -2.62000      0.67237      0.24111      0.43126
     -2.61000      0.69003      0.24283      0.44720
     -2.60000      0.65455      0.22361      0.43093
     -2.59000      0.60319      0.20694      0.39625
     -2.58000      0.70705      0.23074      0.47631
     -2.57000      0.83168      0.25468      0.57699
     -2.56000      0.76222      0.22802      0.53420
     -2.55000      0.61279      0.18906      0.42373
     -2.54000      0.46668      0.15153      0.31516
     -2.53000      0.43726      0.14761      0.28964
     -2.52000      0.55436      0.19227      0.36209
     -2.51000      0.83859      0.28889      0.54970
     -2.50000      1.06240      0.35778      0.70462
     -2.49000      0.98533      0.32265      0.66268
     -2.48000      0.72692      0.23432      0.49261
     -2.47000      0.50418      0.16687      0.33731
     -2.46000      0.39315      0.13105      0.26210
     -2.45000      0.39214      0.12358      0.26857
     -2.44000      0.46081      0.14597      0.31483
     -2.43000      0.52941      0.16914      0.36028
     -2.42000      0.64376      0.20457      0.43919
     -2.41000      0.79047      0.25966      0.53081
     -2.40000      0.71981      0.23992      0.47989
     -2.39000      0.59546      0.18857      0.40689
     -2.38000      0.63375      0.19589      0.43787
     -2.37000      0.57630      0.19059      0.38572
     -2.36000      0.40827      0.14642      0.26185
     -2.35000      0.47303      0.16939      0.30365
     -2.34000      0.75124      0.25432      0.49693
     -2.33000      0.97588      0.32345      0.65243
     -2.32000      0.85803      0.28731      0.57072
     -2.31000      0.51528      0.17275      0.34252
     -2.30000      0.35594      0.10942      0.24652
     -2.29000      0.53931      0.15259      0.38673
     -2.28000      0.68725      0.19735      0.48990
     -2.27000      0.71042      0.21509      0.49532
     -2.26000      0.78138      0.24452      0.53686
     -2.25000      0.90127      0.28806      0.61321
     -2.24000      0.85155      0.27508      0.57647
     -2.23000      0.55437      0.17830      0.37607
     -2.22000      0.33758      0.10788      0.22970
     -2.21000      0.33649      0.11029      0.22620
     -2.20000      0.51693      0.17052      0.34641
     -2.19000      0.78273      0.25630      0.52642
     -2.18000      0.94126      0.30021      0.64105
     -2.17000      0.78792      0.24602      0.54190
     -2.16000      0.60057      0.19190      0.40866
     -2.15000      0.58458      0.18983      0.39475
     -2.14000      0.63871      0.19851      0.44019
     -2.13000      0.65847      0.20344      0.45503
     -2.12000      0.60041      0.19092      0.40949
     -2.11000      0.59821      0.18704      0.41116
     -2.10000      0.51685      0.15782      0.35903
     -2.09000      0.51224      0.16221      0.35003
     -2.08000      0.68673      0.21753      0.46920
     -2.07000      0.76158      0.23483      0.52675
     -2.06000      0.60364      0.19294      0.41070
     -2.05000      0.44023      0.15411      0.28612
     -2.04000      0.36276      0.12624      0.23651
     -2.03000      0.48017      0.14978      0.33039
     -2.02000      0.67025      0.20146      0.46880
     -2.01000      0.57716      0.17045      0.40671
     -2.00000      0.60527      0.18098      0.42429
     -1.99000      0.89402      0.27145      0.62256
     -1.98000      0.97460      0.29130      0.68330
     -1.97000      0.84121      0.25538      0.58582
     -1.96000      0.79820      0.25166      0.54654
     -1.95000      0.81543      0.25312      0.56230
     -1.94000      0.74037      0.22055      0.51982
     -1.93000      0.53100      0.15264      0.37837
     -1.92000      0.43769      0.13352      0.30418
     -1.91000      0.46499      0.15424      0.31075
     -1.90000      0.44281      0.14561      0.29721
     -1.89000      0.46916      0.14300      0.32615
     -1.88000      0.63916      0.18778      0.45138
     -1.87000      0.87025      0.26085      0.60940
     -1.86000      0.81515      0.24814      0.56701
     -1.85000      0.66368      0.20112      0.46257
     -1.84000      0.68515      0.20403      0.48112
     -1.83000      0.67911      0.19967      0.47944
     -1.82000      0.56011      0.17034      0.38976
     -1.81000      0.58010      0.17887      0.40123
     -1.80000      0.59855      0.17865      0.41990
     -1.79000      0.53088      0.16016      0.37072
     -1.78000      0.51438      0.14995      0.36443
     -1.77000      0.50734      0.13514      0.37220
     -1.76000      0.35710      0.09131      0.26580
     -1.75000      0.13107      0.03320      0.09787
     -1.74000      0.10925      0.02729      0.08195
     -1.73000      0.30503      0.07607      0.22895
     -1.72000      0.49273      0.12302      0.36971
     -1.71000      0.55319      0.13850      0.41469
     -1.70000      0.60166      0.15101      0.45064
     -1.69000      0.66872      0.16734      0.50138
     -1.68000      0.61901      0.15429      0.46472
     -1.67000      0.45086      0.11216      0.33870
     -1.66000      0.46077      0.11401      0.34676
     -1.65000      0.54911      0.13530      0.41381
     -1.64000      0.46515      0.11444      0.35071
     -1.63000      0.29062      0.07150      0.21912
     -1.62000      0.19804      0.04871      0.14932
     -1.61000      0.20615      0.05038      0.15576
     -1.60000      0.36378      0.08809      0.27569
     -1.59000      0.54526      0.13154      0.41372
     -1.58000      0.53373      0.12849      0.40524
     -1.57000      0.43939      0.10590      0.33348
     -1.56000      0.40291      0.09742      0.30549
     -1.55000      0.49319      0.11896      0.37423
     -1.54000      0.50360      0.12108      0.38252
     -1.53000      0.36141      0.08661      0.27480
     -1.52000      0.32510      0.07740      0.24770
     -1.51000      0.46960      0.11134      0.35827
     -1.50000      0.46876      0.11062      0.35814
     -1.49000      0.32324      0.07597      0.24727
     -1.48000      0.30998      0.07284      0.23714
     -1.47000      0.33868      0.07927      0.25941
     -1.46000      0.33683      0.07807      0.25876
     -1.45000      0.36019      0.08307      0.27712
     -1.44000      0.32854      0.07586      0.25268
     -1.43000      0.38778      0.08983      0.29795
     -1.42000      0.66470      0.15428      0.51042
     -1.41000      0.83009      0.19286      0.63723
     -1.40000      0.71497      0.16571      0.54927
     -1.39000      0.58728      0.13540      0.45188
     -1.38000      0.58160      0.13337      0.44823
     -1.37000      0.49435      0.11309      0.38126
     -1.36000      0.38090      0.08670      0.29421
     -1.35000      0.46563      0.10465      0.36098
     -1.34000      0.57210      0.12774      0.44436
     -1.33000      0.53917      0.12019      0.41898
     -1.32000      0.45650      0.10166      0.35484
     -1.31000      0.40626      0.09000      0.31626
     -1.30000      0.38778      0.08541      0.30237
     -1.29000      0.34201      0.07546      0.26656
     -1.28000      0.44658      0.09879      0.34779
     -1.27000      0.67436      0.14864      0.52572
     -1.26000      0.69825      0.15307      0.54518
     -1.25000      0.60376      0.13145      0.47231
     -1.24000      0.54309      0.11723      0.42586
     -1.23000      0.51100      0.10993      0.40107
     -1.22000      0.38662      0.08289      0.30373
     -1.21000      0.44366      0.09417      0.34949
     -1.20000      0.55476      0.11709      0.43767
     -1.19000      0.43539      0.09144      0.34395
     -1.18000      0.33145      0.06945      0.26199
     -1.17000      0.37384      0.07783      0.29601
     -1.16000      0.46334      0.09562      0.36771
     -1.15000      0.64711      0.13431      0.51280
     -1.14000      0.98051      0.20585      0.77465
     -1.13000      1.03666      0.21839      0.81827
     -1.12000      0.87685      0.18340      0.69345
     -1.11000      0.80747      0.16680      0.64067
     -1.10000      0.80357      0.16400      0.63958
     -1.09000      0.76222      0.15413      0.60808
     -1.08000      0.73776      0.14811      0.58965
     -1.07000      0.70167      0.13992      0.56175
     -1.06000      0.70018      0.13833      0.56186
     -1.05000      0.75679      0.14812      0.60867
     -1.04000      0.79668      0.15459      0.64209
     -1.03000      0.88221      0.16975      0.71246
     -1.02000      1.08765      0.20835      0.87930
     -1.01000      1.24319      0.23946      1.00372
     -1.00000      0.98523      0.19232      0.79291
     -0.99000      0.66290      0.13018      0.53271
     -0.98000      0.59627      0.11554      0.48073
     -0.97000      0.69868      0.13325      0.56543
     -0.96000      0.73496      0.13878      0.59618
     -0.95000      0.50696      0.09487      0.41208
     -0.94000      0.29455      0.05430      0.24025
     -0.93000      0.23678      0.04317      0.19361
     -0.92000      0.25157      0.04571      0.20586
     -0.91000      0.32103      0.05826      0.26277
     -0.90000      0.51942      0.09480      0.42462
     -0.89000      1.07046      0.19883      0.87163
     -0.88000      1.83350      0.34495      1.48855
     -0.87000      1.68070      0.31700      1.36369
     -0.86000      0.75695      0.14137      0.61558
     -0.85000      0.28977      0.05225      0.23752
     -0.84000      0.17775      0.03128      0.14648
     -0.83000      0.20074      0.03502      0.16573
     -0.82000      0.26246      0.04578      0.21668
     -0.81000      0.25873      0.04508      0.21365
     -0.80000      0.29454      0.05121      0.24333
     -0.79000      0.33179      0.05787      0.27392
     -0.78000      0.41166      0.07217      0.33949
     -0.77000      0.62333      0.11002      0.51331
     -0.76000      0.78499      0.13883      0.64616
     -0.75000      0.65992      0.11549      0.54442
     -0.74000      0.35414      0.06081      0.29332
     -0.73000      0.22372      0.03774      0.18598
     -0.72000      0.23507      0.03938      0.19569
     -0.71000      0.29085      0.04849      0.24236
     -0.70000      0.35272      0.05863      0.29409
     -0.69000      0.43294      0.07183      0.36111
     -0.68000      0.48435      0.08035      0.40400
     -0.67000      0.56359      0.09355      0.47004
     -0.66000      0.70113      0.11698      0.58415
     -0.65000      0.84151      0.14123      0.70027
     -0.64000      0.81441      0.13588      0.67853
     -0.63000      0.51174      0.08381      0.42793
     -0.62000      0.20522      0.03286      0.17236
     -0.61000      0.11800      0.01853      0.09947
     -0.60000      0.23605      0.03686      0.19919
     -0.59000      0.28943      0.04501      0.24442
     -0.58000      0.28634      0.04411      0.24223
     -0.57000      0.40229      0.06179      0.34050
     -0.56000      0.39520      0.06091      0.33430
     -0.55000      0.35416      0.05489      0.29927
     -0.54000      0.43818      0.06775      0.37043
     -0.53000      0.41431      0.06348      0.35083
     -0.52000      0.30019      0.04512      0.25507
     -0.51000      0.25440      0.03760      0.21681
     -0.50000      0.29455      0.04307      0.25147
     -0.49000      0.35571      0.05177      0.30394
     -0.48000      0.37640      0.05448      0.32193
     -0.47000      0.38420      0.05548      0.32873
     -0.46000      0.36547      0.05293      0.31254
     -0.45000      0.46766      0.06749      0.40017
     -0.44000      0.68155      0.09742      0.58413
     -0.43000      0.61792      0.08766      0.53026
     -0.42000      0.25475      0.03592      0.21883
     -0.41000      0.08485      0.01163      0.07322
     -0.40000      0.17924      0.02404      0.15520
     -0.39000      0.30078      0.04029      0.26049
     -0.38000      0.30205      0.04009      0.26196
     -0.37000      0.33303      0.04376      0.28927
     -0.36000      0.37698      0.04960      0.32737
     -0.35000      0.32877      0.04331      0.28546
     -0.34000      0.28694      0.03740      0.24954
     -0.33000      0.25789      0.03297      0.22493
     -0.32000      0.22596      0.02840      0.19756
     -0.31000      0.24126      0.03002      0.21124
     -0.30000      0.30740      0.03785      0.26955
     -0.29000      0.39366      0.04808      0.34558
     -0.28000      0.46877      0.05682      0.41195
     -0.27000      0.50227      0.06066      0.44161
     -0.26000      0.35792      0.04317      0.31476
     -0.25000      0.21368      0.02523      0.18845
     -0.24000      0.26498      0.03041      0.23457
     -0.23000      0.24598      0.02809      0.21789
     -0.22000      0.13339      0.01506      0.11834
     -0.21000      0.20741      0.02292      0.18448
     -0.20000      0.34795      0.03825      0.30970
     -0.19000      0.35355      0.03842      0.31513
     -0.18000      0.32245      0.03448      0.28797
     -0.17000      0.24476      0.02590      0.21885
     -0.16000      0.19983      0.02079      0.17904
     -0.15000      0.28075      0.02873      0.25202
     -0.14000      0.38389      0.03888      0.34501
     -0.13000      0.36551      0.03666      0.32885
     -0.12000      0.26861      0.02649      0.24213
     -0.11000      0.21822      0.02102      0.19720
     -0.10000      0.22433      0.02121      0.20313
     -0.09000      0.24666      0.02299      0.22367
     -0.08000      0.25346      0.02329      0.23017
     -0.07000      0.22535      0.02033      0.20502
     -0.06000      0.26081      0.02294      0.23787
     -0.05000      0.34376      0.02981      0.31395
     -0.04000      0.30043      0.02578      0.27465
     -0.03000      0.19982      0.01676      0.18306
     -0.02000      0.21193      0.01726      0.19467
     -0.01000      0.22437      0.01804      0.20633
      0.00000      0.13729      0.01096      0.12633
      0.01000      0.03888      0.00309      0.03579
      0.02000      0.00443      0.00035      0.00408
      0.03000      0.00019      0.00002      0.00018
      0.04000      0.00000      0.00000      0.00000
      0.05000      0.00000      0.00000      0.00000
      0.06000      0.00000      0.00000      0.00000
      0.07000      0.00000      0.00000      0.00000
      0.08000      0.00000      0.00000      0.00000
      0.09000      0.00000      0.00000      0.00000
      0.10000      0.00000      0.00000      0.00000
      0.11000      0.00000      0.00000      0.00000
      0.12000      0.00000      0.00000      0.00000
      0.13000      0.00000      0.00000      0.00000
      0.14000      0.00000      0.00000      0.00000
      0.15000      0.00000      0.00000      0.00000
      0.16000      0.00000      0.00000      0.00000
      0.17000      0.00000      0.00000      0.00000
      0.18000      0.00000      0.00000      0.00000
      0.19000      0.00000      0.00000      0.00000
      0.20000      0.00000      0.00000      0.00000
      0.21000      0.00000      0.00000      0.00000
      0.22000      0.00000      0.00000      0.00000
      0.23000      0.00000      0.00000      0.00000
      0.24000      0.00000      0.00000      0.00000
      0.25000      0.00000      0.00000      0.00000
      0.26000      0.00000      0.00000      0.00000
      0.27000      0.00000      0.00000      0.00000
      0.28000      0.00000      0.00000      0.00000
      0.29000      0.00000      0.00000      0.00000
      0.30000      0.00000      0.00000      0.00000
      0.31000      0.00000      0.00000      0.00000
      0.32000      0.00000      0.00000      0.00000
      0.33000      0.00000      0.00000      0.00000
      0.34000      0.00000      0.00000      0.00000
      0.35000      0.00000      0.00000      0.00000
      0.36000      0.00000      0.00000      0.00000
      0.37000      0.00000      0.00000      0.00000
      0.38000      0.00000      0.00000      0.00000
      0.39000      0.00000      0.00000      0.00000
      0.40000      0.00000      0.00000      0.00000
      0.41000      0.00000      0.00000      0.00000
      0.42000      0.00000      0.00000      0.00000
      0.43000      0.00000      0.00000      0.00000
      0.44000      0.00000      0.00000      0.00000
      0.45000      0.00000      0.00000      0.00000
      0.46000      0.00000      0.00000      0.00000
      0.47000      0.00000      0.00000      0.00000
      0.48000      0.00000      0.00000      0.00000
      0.49000      0.00000      0.00000      0.00000
      0.50000      0.00000      0.00000      0.00000
      0.51000      0.00000      0.00000      0.00000
      0.52000      0.00000      0.00000      0.00000
      0.53000      0.00000      0.00000      0.00000
      0.54000      0.00000      0.00000      0.00000
      0.55000      0.00000      0.00000      0.00000
      0.56000      0.00000      0.00000      0.00000
      0.57000      0.00000      0.00000      0.00000
      0.58000      0.00000      0.00000      0.00000
      0.59000      0.00000      0.00000      0.00000
      0.60000      0.00000      0.00000      0.00000
      0.61000      0.00000      0.00000      0.00000
      0.62000      0.00000      0.00000      0.00000
      0.63000      0.00000      0.00000      0.00000
      0.64000      0.00000      0.00000      0.00000
      0.65000      0.00000      0.00000      0.00000
      0.66000      0.00000      0.00000      0.00000
      0.67000      0.00000      0.00000      0.00000
      0.68000      0.00000      0.00000      0.00000
      0.69000      0.00000      0.00000      0.00000
      0.70000      0.00000      0.00000      0.00000
      0.71000      0.00000      0.00000      0.00000
      0.72000      0.00000      0.00000      0.00000
      0.73000      0.00000      0.00000      0.00000
      0.74000      0.00000      0.00000      0.00000
      0.75000      0.00000      0.00000      0.00000
      0.76000      0.00000      0.00000      0.00000
      0.77000      0.00000      0.00000      0.00000
      0.78000      0.00000      0.00000      0.00000
      0.79000      0.00000      0.00000      0.00000
      0.80000      0.00000      0.00000      0.00000
      0.81000      0.00000      0.00000      0.00000
      0.82000      0.00000      0.00000      0.00000
      0.83000      0.00000      0.00000      0.00000
      0.84000      0.00000      0.00000      0.00000
      0.85000      0.00000      0.00000      0.00000
      0.86000      0.00000      0.00000      0.00000
      0.87000      0.00000      0.00000      0.00000
      0.88000      0.00000      0.00000      0.00000
      0.89000      0.00000      0.00000      0.00000
      0.90000      0.00000      0.00000      0.00000
      0.91000      0.00000      0.00000      0.00000
      0.92000      0.00000      0.00000      0.00000
      0.93000      0.00000      0.00000      0.00000
      0.94000      0.00000      0.00000      0.00000
      0.95000      0.00000      0.00000      0.00000
      0.96000      0.00000      0.00000      0.00000
      0.97000      0.00000      0.00000      0.00000
      0.98000      0.00000      0.00000      0.00000
      0.99000      0.00000      0.00000      0.00000
      1.00000      0.00000      0.00000      0.00000
      1.01000      0.00000      0.00000      0.00000
      1.02000      0.00000      0.00000      0.00000
      1.03000      0.00000      0.00000      0.00000
      1.04000      0.00000      0.00000      0.00000
      1.05000      0.00000      0.00000      0.00000
      1.06000      0.00000      0.00000      0.00000
      1.07000      0.00000      0.00000      0.00000
      1.08000      0.00000      0.00000      0.00000
      1.09000      0.00000      0.00000      0.00000
      1.10000      0.00000      0.00000      0.00000
      1.11000      0.00000      0.00000      0.00000
      1.12000      0.00000      0.00000      0.00000
      1.13000      0.00000      0.00000      0.00000
      1.14000      0.00000      0.00000      0.00000
      1.15000      0.00000      0.00000      0.00000
      1.16000      0.00000      0.00000      0.00000
      1.17000      0.00000      0.00000      0.00000
      1.18000      0.00000      0.00000      0.00000
      1.19000      0.00000      0.00000      0.00000
      1.20000      0.00000      0.00000      0.00000
      1.21000      0.00000      0.00000      0.00000
      1.22000      0.00000      0.00000      0.00000
      1.23000      0.00000      0.00000      0.00000
      1.24000      0.00000      0.00000      0.00000
      1.25000      0.00000      0.00000      0.00000
      1.26000      0.00000      0.00000      0.00000
      1.27000      0.00000      0.00000      0.00000
      1.28000      0.00000      0.00000      0.00000
      1.29000      0.00000      0.00000      0.00000
      1.30000      0.00000      0.00000      0.00000
      1.31000      0.00000      0.00000      0.00000
      1.32000      0.00000      0.00000      0.00000
      1.33000      0.00000      0.00000      0.00000
      1.34000      0.00000      0.00000      0.00000
      1.35000      0.00000      0.00000      0.00000
      1.36000      0.00000      0.00000      0.00000
      1.37000      0.00000      0.00000      0.00000
      1.38000      0.00000      0.00000      0.00000
      1.39000      0.00000      0.00000      0.00000
      1.40000      0.00000      0.00000      0.00000
      1.41000      0.00000      0.00000      0.00000
      1.42000      0.00000      0.00000      0.00000
      1.43000      0.00000      0.00000      0.00000
      1.44000      0.00000      0.00000      0.00000
      1.45000      0.00000      0.00000      0.00000
      1.46000      0.00000      0.00000      0.00000
      1.47000      0.00000      0.00000      0.00000
      1.48000      0.00000      0.00000      0.00000
      1.49000      0.00000      0.00000      0.00000
      1.50000      0.00000      0.00000      0.00000
      1.51000      0.00000      0.00000      0.00000
      1.52000      0.00000      0.00000      0.00000
      1.53000      0.00000      0.00000      0.00000
      1.54000      0.00000      0.00000      0.00000
      1.55000      0.00000      0.00000      0.00000
      1.56000      0.00000      0.00000      0.00000
      1.57000      0.00000      0.00000      0.00000
      1.58000      0.00000      0.00000      0.00000
      1.59000      0.00000      0.00000      0.00000
      1.60000      0.00000      0.00000      0.00000
      1.61000      0.00000      0.00000      0.00000
      1.62000      0.00000      0.00000      0.00000
      1.63000      0.00000      0.00000      0.00000
      1.64000      0.00000      0.00000      0.00000
      1.65000      0.00000      0.00000      0.00000
      1.66000      0.00000      0.00000      0.00000
      1.67000      0.00000      0.00000      0.00000
      1.68000      0.00000      0.00000      0.00000
      1.69000      0.00000      0.00000      0.00000
      1.70000      0.00000      0.00000      0.00000
      1.71000      0.00000      0.00000      0.00000
      1.72000      0.00000      0.00000      0.00000
      1.73000      0.00000      0.00000      0.00000
      1.74000      0.00000      0.00000      0.00000
      1.75000      0.00000      0.00000      0.00000
      1.76000      0.00000      0.00000      0.00000
      1.77000      0.00000      0.00000      0.00000
      1.78000      0.00000      0.00000      0.00000
      1.79000      0.00000      0.00000      0.00000
      1.80000      0.00000      0.00000      0.00000
      1.81000      0.00000      0.00000      0.00000
      1.82000      0.00000      0.00000      0.00000
      1.83000      0.00000      0.00000      0.00000
      1.84000      0.00000      0.00000      0.00000
      1.85000      0.00000      0.00000      0.00000
      1.86000      0.00000      0.00000      0.00000
      1.87000      0.00000      0.00000      0.00000
      1.88000      0.00000      0.00000      0.00000
      1.89000      0.00000      0.00000      0.00000
      1.90000      0.00000      0.00000      0.00000
      1.91000      0.00000      0.00000      0.00000
      1.92000      0.00000      0.00000      0.00000
      1.93000      0.00000      0.00000      0.00000
      1.94000      0.00000      0.00000      0.00000
      1.95000      0.00000      0.00000      0.00000
      1.96000      0.00000      0.00000      0.00000
      1.97000      0.00000      0.00000      0.00000
      1.98000      0.00000      0.00000      0.00000
      1.99000      0.00000      0.00000      0.00000
      2.00000      0.00000      0.00000      0.00000
      2.01000      0.00000      0.00000      0.00000
      2.02000      0.00000      0.00000      0.00000
      2.03000      0.00000      0.00000      0.00000
      2.04000      0.00000      0.00000      0.00000
      2.05000      0.00000      0.00000      0.00000
      2.06000      0.00000      0.00000      0.00000
      2.07000      0.00000      0.00000      0.00000
      2.08000      0.00000      0.00000      0.00000
      2.09000      0.00000      0.00000      0.00000
      2.10000      0.00000      0.00000      0.00000
      2.11000      0.00000      0.00000      0.00000
      2.12000      0.00000      0.00000      0.00000
      2.13000      0.00000      0.00000      0.00000
      2.14000      0.00000      0.00000      0.00000
      2.15000      0.00000      0.00000      0.00000
      2.16000      0.00000      0.00000      0.00000
      2.17000      0.00000      0.00000      0.00000
      2.18000      0.00000      0.00000      0.00000
      2.19000      0.00000      0.00000      0.00000
      2.20000      0.00000      0.00000      0.00000
      2.21000      0.00000      0.00000      0.00000
      2.22000      0.00000      0.00000      0.00000
      2.23000      0.00000      0.00000      0.00000
      2.24000      0.00000      0.00000      0.00000
      2.25000      0.00000      0.00000      0.00000
      2.26000      0.00000      0.00000      0.00000
      2.27000      0.00000      0.00000      0.00000
      2.28000      0.00000      0.00000      0.00000
      2.29000      0.00000      0.00000      0.00000
      2.30000      0.00000      0.00000      0.00000
      2.31000      0.00000      0.00000      0.00000
      2.32000      0.00000      0.00000      0.00000
      2.33000      0.00000      0.00000      0.00000
      2.34000      0.00000      0.00000      0.00000
      2.35000      0.00000      0.00000      0.00000
      2.36000      0.00000      0.00000      0.00000
      2.37000      0.00000      0.00000      0.00000
      2.38000      0.00000      0.00000      0.00000
      2.39000      0.00000      0.00000      0.00000
      2.40000      0.00000      0.00000      0.00000
      2.41000      0.00000      0.00000      0.00000
      2.42000      0.00000      0.00000      0.00000
      2.43000      0.00000      0.00000      0.00000
      2.44000      0.00000      0.00000      0.00000
      2.45000      0.00000      0.00000      0.00000
      2.46000      0.00000      0.00000      0.00000
      2.47000      0.00000      0.00000      0.00000
      2.48000      0.00000      0.00000      0.00000
      2.49000      0.00000      0.00000      0.00000
      2.50000      0.00000      0.00000      0.00000
      2.51000      0.00000      0.00000      0.00000
      2.52000      0.00000      0.00000      0.00000
      2.53000      0.00000      0.00000      0.00000
      2.54000      0.00000      0.00000      0.00000
      2.55000      0.00000      0.00000      0.00000
      2.56000      0.00000      0.00000      0.00000
      2.57000      0.00000      0.00000      0.00000
      2.58000      0.00000      0.00000      0.00000
      2.59000      0.00000      0.00000      0.00000
      2.60000      0.00000      0.00000      0.00000
      2.61000      0.00000      0.00000      0.00000
      2.62000      0.00000      0.00000      0.00000
      2.63000      0.00000      0.00000      0.00000
      2.64000      0.00000      0.00000      0.00000
      2.65000      0.00000      0.00000      0.00000
      2.66000      0.00000      0.00000      0.00000
      2.67000      0.00000      0.00000      0.00000
      2.68000      0.00000      0.00000      0.00000
      2.69000      0.00000      0.00000      0.00000
      2.70000      0.00000      0.00000      0.00000
      2.71000      0.00000      0.00000      0.00000
      2.72000      0.00000      0.00000      0.00000
      2.73000      0.00000      0.00000      0.00000
      2.74000      0.00000      0.00000      0.00000
      2.75000      0.00000      0.00000      0.00000
      2.76000      0.00000      0.00000      0.00000
      2.77000      0.00000      0.00000      0.00000
      2.78000      0.00000      0.00000      0.00000
      2.79000      0.00000      0.00000      0.00000
      2.80000      0.00000      0.00000      0.00000
      2.81000      0.00000      0.00000      0.00000
      2.82000      0.00000      0.00000      0.00000
      2.83000      0.00000      0.00000      0.00000
      2.84000      0.00000      0.00000      0.00000
      2.85000      0.00000      0.00000      0.00000
      2.86000      0.00000      0.00000      0.00000
      2.87000      0.00000      0.00000      0.00000
      2.88000      0.00000      0.00000      0.00000
      2.89000      0.00000      0.00000      0.00000
      2.90000      0.00000      0.00000      0.00000
      2.91000      0.00000      0.00000      0.00000
      2.92000      0.00000      0.00000      0.00000
      2.93000      0.00000      0.00000      0.00000
      2.94000      0.00000      0.00000      0.00000
      2.95000      0.00000      0.00000      0.00000
      2.96000      0.00000      0.00000      0.00000
      2.97000      0.00000      0.00000      0.00000
      2.98000      0.00000      0.00000      0.00000
      2.99000      0.00000      0.00000      0.00000
      3.00000      0.00000      0.00000      0.00000
      3.01000      0.00000      0.00000      0.00000
      3.02000      0.00000      0.00000      0.00000
      3.03000      0.00000      0.00000      0.00000
      3.04000      0.00000      0.00000      0.00000
      3.05000      0.00000      0.00000      0.00000
      3.06000      0.00000      0.00000      0.00000
      3.07000      0.00000      0.00000      0.00000
      3.08000      0.00000      0.00000      0.00000
      3.09000      0.00000      0.00000      0.00000
      3.10000      0.00000      0.00000      0.00000
      3.11000      0.00000      0.00000      0.00000
      3.12000      0.00000      0.00000      0.00000
      3.13000      0.00000      0.00000      0.00000
      3.14000      0.00000      0.00000      0.00000
      3.15000      0.00000      0.00000      0.00000
      3.16000      0.00000      0.00000      0.00000
      3.17000      0.00000      0.00000      0.00000
      3.18000      0.00000      0.00000      0.00000
      3.19000      0.00000      0.00000      0.00000
      3.20000      0.00000      0.00000      0.00000
      3.21000      0.00000      0.00000      0.00000
      3.22000      0.00000      0.00000      0.00000
      3.23000      0.00000      0.00000      0.00000
      3.24000      0.00000      0.00000      0.00000
      3.25000      0.00000      0.00000      0.00000
      3.26000      0.00000      0.00000      0.00000
      3.27000      0.00000      0.00000      0.00000
      3.28000      0.00000      0.00000      0.00000
      3.29000      0.00000      0.00000      0.00000
      3.30000      0.00000      0.00000      0.00000
      3.31000      0.00000      0.00000      0.00000
      3.32000      0.00000      0.00000      0.00000
      3.33000      0.00000      0.00000      0.00000
      3.34000      0.00000      0.00000      0.00000
      3.35000      0.00000      0.00000      0.00000
      3.36000      0.00000      0.00000      0.00000
      3.37000      0.00000      0.00000      0.00000
      3.38000      0.00000      0.00000      0.00000
      3.39000      0.00000      0.00000      0.00000
      3.40000      0.00000      0.00000      0.00000
      3.41000      0.00000      0.00000      0.00000
      3.42000      0.00000      0.00000      0.00000
      3.43000      0.00000      0.00000      0.00000
      3.44000      0.00000      0.00000      0.00000
      3.45000      0.00000      0.00000      0.00000
      3.46000      0.00000      0.00000      0.00000
      3.47000      0.00000      0.00000      0.00000
      3.48000      0.00000      0.00000      0.00000
      3.49000      0.00000      0.00000      0.00000
      3.50000      0.00000      0.00000      0.00000
      3.51000      0.00000      0.00000      0.00000
      3.52000      0.00000      0.00000      0.00000
      3.53000      0.00000      0.00000      0.00000
      3.54000      0.00000      0.00000      0.00000
      3.55000      0.00000      0.00000      0.00000
      3.56000      0.00000      0.00000      0.00000
      3.57000      0.00000      0.00000      0.00000
      3.58000      0.00000      0.00000      0.00000
      3.59000      0.00000      0.00000      0.00000
      3.60000      0.00000      0.00000      0.00000
      3.61000      0.00000      0.00000      0.00000
      3.62000      0.00000      0.00000      0.00000
      3.63000      0.00000      0.00000      0.00000
      3.64000      0.00000      0.00000      0.00000
      3.65000      0.00000      0.00000      0.00000
      3.66000      0.00000      0.00000      0.00000
      3.67000      0.00000      0.00000      0.00000
      3.68000      0.00000      0.00000      0.00000
      3.69000      0.00000      0.00000      0.00000
      3.70000      0.00000      0.00000      0.00000
      3.71000      0.00000      0.00000      0.00000
      3.72000      0.00000      0.00000      0.00000
      3.73000      0.00000      0.00000      0.00000
      3.74000      0.00000      0.00000      0.00000
      3.75000      0.00000      0.00000      0.00000
      3.76000      0.00000      0.00000      0.00000
      3.77000      0.00000      0.00000      0.00000
      3.78000      0.00000      0.00000      0.00000
      3.79000      0.00000      0.00000      0.00000
      3.80000      0.00000      0.00000      0.00000
      3.81000      0.00000      0.00000      0.00000
      3.82000      0.00000      0.00000      0.00000
      3.83000      0.00000      0.00000      0.00000
      3.84000      0.00000      0.00000      0.00000
      3.85000      0.00000      0.00000      0.00000
      3.86000      0.00000      0.00000      0.00000
      3.87000      0.00000      0.00000      0.00000
      3.88000      0.00000      0.00000      0.00000
      3.89000      0.00000      0.00000      0.00000
      3.90000      0.00000      0.00000      0.00000
      3.91000      0.00000      0.00000      0.00000
      3.92000      0.00000      0.00000      0.00000
      3.93000      0.00000      0.00000      0.00000
      3.94000      0.00000      0.00000      0.00000
      3.95000      0.00000      0.00000      0.00000
      3.96000      0.00000      0.00000      0.00000
      3.97000      0.00000      0.00000      0.00000
      3.98000      0.00000      0.00000      0.00000
      3.99000      0.00000      0.00000      0.00000
      4.00000      0.00000      0.00000      0.00000
      4.01000      0.00000      0.00000      0.00000
      4.02000      0.00000      0.00000      0.00000
      4.03000      0.00000      0.00000      0.00000
      4.04000      0.00000      0.00000      0.00000
      4.05000      0.00000      0.00000      0.00000
      4.06000      0.00000      0.00000      0.00000
      4.07000      0.00000      0.00000      0.00000
      4.08000      0.00000      0.00000      0.00000
      4.09000      0.00000      0.00000      0.00000
      4.10000      0.00000      0.00000      0.00000
      4.11000      0.00000      0.00000      0.00000
      4.12000      0.00000      0.00000      0.00000
      4.13000      0.00000      0.00000      0.00000
      4.14000      0.00000      0.00000      0.00000
      4.15000      0.00000      0.00000      0.00000
      4.16000      0.00000      0.00000      0.00000
      4.17000      0.00000      0.00000      0.00000
      4.18000      0.00000      0.00000      0.00000
      4.19000      0.00000      0.00000      0.00000
      4.20000      0.00000      0.00000      0.00000
      4.21000      0.00000      0.00000      0.00000
      4.22000      0.00000      0.00000      0.00000
      4.23000      0.00000      0.00000      0.00000
      4.24000      0.00000      0.00000      0.00000
      4.25000      0.00000      0.00000      0.00000
      4.26000      0.00000      0.00000      0.00000
      4.27000      0.00000      0.00000      0.00000
      4.28000      0.00000      0.00000      0.00000
      4.29000      0.00000      0.00000      0.00000
      4.30000      0.00000      0.00000      0.00000
      4.31000      0.00000      0.00000      0.00000
      4.32000      0.00000      0.00000      0.00000
      4.33000      0.00000      0.00000      0.00000
      4.34000      0.00000      0.00000      0.00000
      4.35000      0.00000      0.00000      0.00000
      4.36000      0.00000      0.00000      0.00000
      4.37000      0.00000      0.00000      0.00000
      4.38000      0.00000      0.00000      0.00000
      4.39000      0.00000      0.00000      0.00000
      4.40000      0.00000      0.00000      0.00000
      4.41000      0.00000      0.00000      0.00000
      4.42000      0.00000      0.00000      0.00000
      4.43000      0.00000      0.00000      0.00000
      4.44000      0.00000      0.00000      0.00000
      4.45000      0.00000      0.00000      0.00000
      4.46000      0.00000      0.00000      0.00000
      4.47000      0.00000      0.00000      0.00000
      4.48000      0.00000      0.00000      0.00000
      4.49000      0.00000      0.00000      0.00000
      4.50000      0.00000      0.00000      0.00000
      4.51000      0.00000      0.00000      0.00000
      4.52000      0.00000      0.00000      0.00000
      4.53000      0.00000      0.00000      0.00000
      4.54000      0.00000      0.00000      0.00000
      4.55000      0.00000      0.00000      0.00000
      4.56000      0.00000      0.00000      0.00000
      4.57000      0.00000      0.00000      0.00000
      4.58000      0.00000      0.00000      0.00000
      4.59000      0.00000      0.00000      0.00000
      4.60000      0.00000      0.00000      0.00000
      4.61000      0.00000      0.00000      0.00000
      4.62000      0.00000      0.00000      0.00000
      4.63000      0.00000      0.00000      0.00000
      4.64000      0.00000      0.00000      0.00000
      4.65000      0.00000      0.00000      0.00000
      4.66000      0.00000      0.00000      0.00000
      4.67000      0.00000      0.00000      0.00000
      4.68000      0.00000      0.00000      0.00000
      4.69000      0.00000      0.00000      0.00000
      4.70000      0.00000      0.00000      0.00000
      4.71000      0.00000      0.00000      0.00000
      4.72000      0.00000      0.00000      0.00000
      4.73000      0.00000      0.00000      0.00000
      4.74000      0.00000      0.00000      0.00000
      4.75000      0.00000      0.00000      0.00000
      4.76000      0.00000      0.00000      0.00000
      4.77000      0.00000      0.00000      0.00000
      4.78000      0.00000      0.00000      0.00000
      4.79000      0.00000      0.00000      0.00000
      4.80000      0.00000      0.00000      0.00000
      4.81000      0.00000      0.00000      0.00000
      4.82000      0.00000      0.00000      0.00000
      4.83000      0.00000      0.00000      0.00000
      4.84000      0.00000      0.00000      0.00000
      4.85000      0.00000      0.00000      0.00000
      4.86000      0.00000      0.00000      0.00000
      4.87000      0.00000      0.00000      0.00000
      4.88000      0.00000      0.00000      0.00000
      4.89000      0.00000      0.00000      0.00000
      4.90000      0.00000      0.00000      0.00000
      4.91000      0.00000      0.00000      0.00000
      4.92000      0.00000      0.00000      0.00000
      4.93000      0.00000      0.00000      0.00000
      4.94000      0.00000      0.00000      0.00000
      4.95000      0.00000      0.00000      0.00000
      4.96000      0.00000      0.00000      0.00000
      4.97000      0.00000      0.00000      0.00000
      4.98000      0.00000      0.00000      0.00000
      4.99000      0.00000      0.00000      0.00000
      5.00000      0.00000      0.00000      0.00000
      5.01000      0.00000      0.00000      0.00000
      5.02000      0.00000      0.00000      0.00000
      5.03000      0.00000      0.00000      0.00000
      5.04000      0.00000      0.00000      0.00000
      5.05000      0.00000      0.00000      0.00000
      5.06000      0.00000      0.00000      0.00000
      5.07000      0.00000      0.00000      0.00000
      5.08000      0.00000      0.00000      0.00000
      5.09000      0.00000      0.00000      0.00000
      5.10000      0.00000      0.00000      0.00000
      5.11000      0.00000      0.00000      0.00000
      5.12000      0.00000      0.00000      0.00000
      5.13000      0.00000      0.00000      0.00000
      5.14000      0.00000      0.00000      0.00000
      5.15000      0.00000      0.00000      0.00000
      5.16000      0.00000      0.00000      0.00000
      5.17000      0.00000      0.00000      0.00000
      5.18000      0.00000      0.00000      0.00000
      5.19000      0.00000      0.00000      0.00000
      5.20000      0.00000      0.00000      0.00000
      5.21000      0.00000      0.00000      0.00000
      5.22000      0.00000      0.00000      0.00000
      5.23000      0.00000      0.00000      0.00000
      5.24000      0.00000      0.00000      0.00000
      5.25000      0.00000      0.00000      0.00000
      5.26000      0.00000      0.00000      0.00000
      5.27000      0.00000      0.00000      0.00000
      5.28000      0.00000      0.00000      0.00000
      5.29000      0.00000      0.00000      0.00000
      5.30000      0.00000      0.00000      0.00000
      5.31000      0.00000      0.00000      0.00000
      5.32000      0.00000      0.00000      0.00000
      5.33000      0.00000      0.00000      0.00000
      5.34000      0.00000      0.00000      0.00000
      5.35000      0.00000      0.00000      0.00000
      5.36000      0.00000      0.00000      0.00000
      5.37000      0.00000      0.00000      0.00000
      5.38000      0.00000      0.00000      0.00000
      5.39000      0.00000      0.00000      0.00000
      5.40000      0.00000      0.00000      0.00000
      5.41000      0.00000      0.00000      0.00000
      5.42000      0.00000      0.00000      0.00000
      5.43000      0.00000      0.00000      0.00000
      5.44000      0.00000      0.00000      0.00000
      5.45000      0.00000      0.00000      0.00000
      5.46000      0.00000      0.00000      0.00000
      5.47000      0.00000      0.00000      0.00000
      5.48000      0.00000      0.00000      0.00000
      5.49000      0.00000      0.00000      0.00000
      5.50000      0.00000      0.00000      0.00000
      5.51000      0.00000      0.00000      0.00000
      5.52000      0.00000      0.00000      0.00000
      5.53000      0.00000      0.00000      0.00000
      5.54000      0.00000      0.00000      0.00000
      5.55000      0.00000      0.00000      0.00000
      5.56000      0.00000      0.00000      0.00000
      5.57000      0.00000      0.00000      0.00000
      5.58000      0.00000      0.00000      0.00000
      5.59000      0.00000      0.00000      0.00000
      5.60000      0.00000      0.00000      0.00000
      5.61000      0.00000      0.00000      0.00000
      5.62000      0.00000      0.00000      0.00000
      5.63000      0.00000      0.00000      0.00000
      5.64000      0.00000      0.00000      0.00000
      5.65000      0.00000      0.00000      0.00000
      5.66000      0.00000      0.00000      0.00000
      5.67000      0.00000      0.00000      0.00000
      5.68000      0.00000      0.00000      0.00000
      5.69000      0.00000      0.00000      0.00000
      5.70000      0.00000      0.00000      0.00000
      5.71000      0.00000      0.00000      0.00000
      5.72000      0.00000      0.00000      0.00000
      5.73000      0.00000      0.00000      0.00000
      5.74000      0.00000      0.00000      0.00000
      5.75000      0.00000      0.00000      0.00000
      5.76000      0.00000      0.00000      0.00000
      5.77000      0.00000      0.00000      0.00000
      5.78000      0.00000      0.00000      0.00000
      5.79000      0.00000      0.00000      0.00000
      5.80000      0.00000      0.00000      0.00000
      5.81000      0.00000      0.00000      0.00000
      5.82000      0.00000      0.00000      0.00000
      5.83000      0.00000      0.00000      0.00000
      5.84000      0.00000      0.00000      0.00000
      5.85000      0.00000      0.00000      0.00000
      5.86000      0.00000      0.00000      0.00000
      5.87000      0.00000      0.00000      0.00000
      5.88000      0.00000      0.00000      0.00000
      5.89000      0.00000      0.00000      0.00000
      5.90000      0.00000      0.00000      0.00000
      5.91000      0.00000      0.00000      0.00000
      5.92000      0.00000      0.00000      0.00000
      5.93000      0.00000      0.00000      0.00000
      5.94000      0.00000      0.00000      0.00000
      5.95000      0.00000      0.00000      0.00000
      5.96000      0.00000      0.00000      0.00000
      5.97000      0.00000      0.00000      0.00000
      5.98000      0.00000      0.00000      0.00000
      5.99000      0.00000      0.00000      0.00000
      6.00000      0.00000      0.00000      0.00000
      6.01000      0.00000      0.00000      0.00000
      6.02000      0.00000      0.00000      0.00000
      6.03000      0.00000      0.00000      0.00000
      6.04000      0.00000      0.00000      0.00000
      6.05000      0.00000      0.00000      0.00000
      6.06000      0.00000      0.00000      0.00000
      6.07000      0.00000      0.00000      0.00000
      6.08000      0.00000      0.00000      0.00000
      6.09000      0.00000      0.00000      0.00000
      6.10000      0.00000      0.00000      0.00000
      6.11000      0.00000      0.00000      0.00000
      6.12000      0.00000      0.00000      0.00000
      6.13000      0.00000      0.00000      0.00000
      6.14000      0.00000      0.00000      0.00000
      6.15000      0.00000      0.00000      0.00000
      6.16000      0.00000      0.00000      0.00000
      6.17000      0.00000      0.00000      0.00000
      6.18000      0.00000      0.00000      0.00000
      6.19000      0.00000      0.00000      0.00000
      6.20000      0.00000      0.00000      0.00000
      6.21000      0.00000      0.00000      0.00000
      6.22000      0.00000      0.00000      0.00000
      6.23000      0.00000      0.00000      0.00000
      6.24000      0.00000      0.00000      0.00000
      6.25000      0.00000      0.00000      0.00000
      6.26000      0.00000      0.00000      0.00000
      6.27000      0.00000      0.00000      0.00000
      6.28000      0.00000      0.00000      0.00000
      6.29000      0.00000      0.00000      0.00000
      6.30000      0.00000      0.00000      0.00000
      6.31000      0.00000      0.00000      0.00000
      6.32000      0.00000      0.00000      0.00000
      6.33000      0.00000      0.00000      0.00000
      6.34000      0.00000      0.00000      0.00000
      6.35000      0.00000      0.00000      0.00000
      6.36000      0.00000      0.00000      0.00000
      6.37000      0.00000      0.00000      0.00000
      6.38000      0.00000      0.00000      0.00000
      6.39000      0.00000      0.00000      0.00000
      6.40000      0.00000      0.00000      0.00000
      6.41000      0.00000      0.00000      0.00000
      6.42000      0.00000      0.00000      0.00000
      6.43000      0.00000      0.00000      0.00000
      6.44000      0.00000      0.00000      0.00000
      6.45000      0.00000      0.00000      0.00000
      6.46000      0.00000      0.00000      0.00000
      6.47000      0.00000      0.00000      0.00000
      6.48000      0.00000      0.00000      0.00000
      6.49000      0.00000      0.00000      0.00000
      6.50000      0.00000      0.00000      0.00000
      6.51000      0.00000      0.00000      0.00000
      6.52000      0.00000      0.00000      0.00000
      6.53000      0.00000      0.00000      0.00000
      6.54000      0.00000      0.00000      0.00000
      6.55000      0.00000      0.00000      0.00000
      6.56000      0.00000      0.00000      0.00000
      6.57000      0.00000      0.00000      0.00000
      6.58000      0.00000      0.00000      0.00000
      6.59000      0.00000      0.00000      0.00000
      6.60000      0.00000      0.00000      0.00000
      6.61000      0.00000      0.00000      0.00000
      6.62000      0.00000      0.00000      0.00000
      6.63000      0.00000      0.00000      0.00000
      6.64000      0.00000      0.00000      0.00000
      6.65000      0.00000      0.00000      0.00000
      6.66000      0.00000      0.00000      0.00000
      6.67000      0.00000      0.00000      0.00000
      6.68000      0.00000      0.00000      0.00000
      6.69000      0.00000      0.00000      0.00000
      6.70000      0.00000      0.00000      0.00000
      6.71000      0.00000      0.00000      0.00000
      6.72000      0.00000      0.00000      0.00000
      6.73000      0.00000      0.00000      0.00000
      6.74000      0.00000      0.00000      0.00000
      6.75000      0.00000      0.00000      0.00000
      6.76000      0.00000      0.00000      0.00000
      6.77000      0.00000      0.00000      0.00000
      6.78000      0.00000      0.00000      0.00000
      6.79000      0.00000      0.00000      0.00000
      6.80000      0.00000      0.00000      0.00000
      6.81000      0.00000      0.00000      0.00000
      6.82000      0.00000      0.00000      0.00000
      6.83000      0.00000      0.00000      0.00000
      6.84000      0.00000      0.00000      0.00000
      6.85000      0.00000      0.00000      0.00000
      6.86000      0.00000      0.00000      0.00000
      6.87000      0.00000      0.00000      0.00000
      6.88000      0.00000      0.00000      0.00000
      6.89000      0.00000      0.00000      0.00000
      6.90000      0.00000      0.00000      0.00000
      6.91000      0.00000      0.00000      0.00000
      6.92000      0.00000      0.00000      0.00000
      6.93000      0.00000      0.00000      0.00000
      6.94000      0.00000      0.00000      0.00000
      6.95000      0.00000      0.00000      0.00000
      6.96000      0.00000      0.00000      0.00000
      6.97000      0.00000      0.00000      0.00000
      6.98000      0.00000      0.00000      0.00000
      6.99000      0.00000      0.00000      0.00000
      7.00000      0.00000      0.00000      0.00000
      7.01000      0.00000      0.00000      0.00000
      7.02000      0.00000      0.00000      0.00000
      7.03000      0.00000      0.00000      0.00000
      7.04000      0.00000      0.00000      0.00000
      7.05000      0.00000      0.00000      0.00000
      7.06000      0.00000      0.00000      0.00000
      7.07000      0.00000      0.00000      0.00000
      7.08000      0.00000      0.00000      0.00000
      7.09000      0.00000      0.00000      0.00000
      7.10000      0.00000      0.00000      0.00000
      7.11000      0.00000      0.00000      0.00000
      7.12000      0.00000      0.00000      0.00000
      7.13000      0.00000      0.00000      0.00000
      7.14000      0.00000      0.00000      0.00000
      7.15000      0.00000      0.00000      0.00000
      7.16000      0.00000      0.00000      0.00000
      7.17000      0.00000      0.00000      0.00000
      7.18000      0.00000      0.00000      0.00000
      7.19000      0.00000      0.00000      0.00000
      7.20000      0.00000      0.00000      0.00000
      7.21000      0.00000      0.00000      0.00000
      7.22000      0.00000      0.00000      0.00000
      7.23000      0.00000      0.00000      0.00000
      7.24000      0.00000      0.00000      0.00000
      7.25000      0.00000      0.00000      0.00000
      7.26000      0.00000      0.00000      0.00000
      7.27000      0.00000      0.00000      0.00000
      7.28000      0.00000      0.00000      0.00000
      7.29000      0.00000      0.00000      0.00000
      7.30000      0.00000      0.00000      0.00000
      7.31000      0.00000      0.00000      0.00000
      7.32000      0.00000      0.00000      0.00000
      7.33000      0.00000      0.00000      0.00000
      7.34000      0.00000      0.00000      0.00000
      7.35000      0.00000      0.00000      0.00000
      7.36000      0.00000      0.00000      0.00000
      7.37000      0.00000      0.00000      0.00000
      7.38000      0.00000      0.00000      0.00000
      7.39000      0.00000      0.00000      0.00000
      7.40000      0.00000      0.00000      0.00000
      7.41000      0.00000      0.00000      0.00000
      7.42000      0.00000      0.00000      0.00000
      7.43000      0.00000      0.00000      0.00000
      7.44000      0.00000      0.00000      0.00000
      7.45000      0.00000      0.00000      0.00000
      7.46000      0.00000      0.00000      0.00000
      7.47000      0.00000      0.00000      0.00000
      7.48000      0.00000      0.00000      0.00000
      7.49000      0.00000      0.00000      0.00000
      7.50000      0.00000      0.00000      0.00000
      7.51000      0.00000      0.00000      0.00000
      7.52000      0.00000      0.00000      0.00000
      7.53000      0.00000      0.00000      0.00000
      7.54000      0.00000      0.00000      0.00000
      7.55000      0.00005      0.00005      0.00001
      7.56000      0.00176      0.00157      0.00019
      7.57000      0.02213      0.01972      0.00241
      7.58000      0.11067      0.09861      0.01207
      7.59000      0.24303      0.21636      0.02667
      7.60000      0.29839      0.26516      0.03323
      7.61000      0.33365      0.29554      0.03811
      7.62000      0.41296      0.36484      0.04813
      7.63000      0.42181      0.37176      0.05005
      7.64000      0.38007      0.33376      0.04630
      7.65000      0.39463      0.34542      0.04921
      7.66000      0.37583      0.32813      0.04770
      7.67000      0.28075      0.24424      0.03651
      7.68000      0.32150      0.27826      0.04324
      7.69000      0.60949      0.52694      0.08255
      7.70000      0.75210      0.64907      0.10303
      7.71000      0.57764      0.49586      0.08178
      7.72000      0.40196      0.34137      0.06059
      7.73000      0.49372      0.40973      0.08399
      7.74000      0.97052      0.78846      0.18206
      7.75000      1.28230      1.02130      0.26100
      7.76000      1.31190      1.02613      0.28577
      7.77000      1.74148      1.36548      0.37600
      7.78000      2.26548      1.78816      0.47733
      7.79000      2.26985      1.80293      0.46692
      7.80000      2.06605      1.65033      0.41572
      7.81000      1.74810      1.39510      0.35300
      7.82000      1.24736      0.98712      0.26024
      7.83000      1.03030      0.80204      0.22826
      7.84000      1.11738      0.86527      0.25211
      7.85000      1.09098      0.84946      0.24153
      7.86000      1.12395      0.88163      0.24232
      7.87000      1.11453      0.87842      0.23611
      7.88000      0.87063      0.68577      0.18486
      7.89000      0.67212      0.52661      0.14551
      7.90000      0.66886      0.52305      0.14581
      7.91000      0.75125      0.58624      0.16501
      7.92000      0.88685      0.68389      0.20296
      7.93000      1.05272      0.80851      0.24422
      7.94000      1.12580      0.87067      0.25513
      7.95000      0.97693      0.76555      0.21138
      7.96000      0.79193      0.63042      0.16151
      7.97000      0.71883      0.56732      0.15151
      7.98000      0.58044      0.44535      0.13509
      7.99000      0.50826      0.38485      0.12340
      8.00000      0.48165      0.36975      0.11189
      8.01000      0.39950      0.31199      0.08750
      8.02000      0.46793      0.36058      0.10735
      8.03000      0.84657      0.63979      0.20678
      8.04000      1.22375      0.92536      0.29838
      8.05000      1.07475      0.81775      0.25700
      8.06000      0.56523      0.43471      0.13051
      8.07000      0.25940      0.20288      0.05652
      8.08000      0.20852      0.16134      0.04718
      8.09000      0.42304      0.32087      0.10217
      8.10000      0.70571      0.53266      0.17304
      8.11000      0.71696      0.54250      0.17446
      8.12000      0.48376      0.37064      0.11312
      8.13000      0.33149      0.25812      0.07337
      8.14000      0.42025      0.32750      0.09275
      8.15000      0.63423      0.48722      0.14701
      8.16000      0.99214      0.74393      0.24821
      8.17000      1.17663      0.87093      0.30570
      8.18000      0.88072      0.65489      0.22583
      8.19000      0.43364      0.32755      0.10608
      8.20000      0.13937      0.10649      0.03288
      8.21000      0.04531      0.03450      0.01081
      8.22000      0.17367      0.13081      0.04285
      8.23000      0.53935      0.40360      0.13575
      8.24000      0.74320      0.55128      0.19192
      8.25000      0.53472      0.39523      0.13949
      8.26000      0.39518      0.29819      0.09699
      8.27000      0.41132      0.31408      0.09724
      8.28000      0.29720      0.22600      0.07120
      8.29000      0.25444      0.19013      0.06431
      8.30000      0.49227      0.36190      0.13037
      8.31000      0.94231      0.68488      0.25743
      8.32000      0.97389      0.70378      0.27011
      8.33000      0.51150      0.37211      0.13939
      8.34000      0.27555      0.20623      0.06931
      8.35000      0.31684      0.23884      0.07799
      8.36000      0.42122      0.31800      0.10323
      8.37000      0.43606      0.32994      0.10612
      8.38000      0.48011      0.35967      0.12044
      8.39000      0.59844      0.43812      0.16032
      8.40000      0.57745      0.41681      0.16064
      8.41000      0.35371      0.25608      0.09763
      8.42000      0.15159      0.11113      0.04047
      8.43000      0.16520      0.12221      0.04300
      8.44000      0.29827      0.22084      0.07742
      8.45000      0.34554      0.25447      0.09107
      8.46000      0.47545      0.34499      0.13046
      8.47000      0.76553      0.54685      0.21868
      8.48000      0.92111      0.65405      0.26707
      8.49000      0.63176      0.45314      0.17900
      8.50000      0.35129      0.26679      0.08964
      8.51000      0.33213      0.29141      0.06649
      8.52000      0.33159      0.32776      0.05130
      8.53000      0.27272      0.25603      0.04905
      8.54000      0.24526      0.19867      0.05809
      8.55000      0.44815      0.36991      0.10410
      8.56000      0.77922      0.68698      0.16464
      8.57000      0.78977      0.73491      0.15160
      8.58000      0.59462      0.59610      0.09530
      8.59000      0.58024      0.62645      0.07360
      8.60000      0.65072      0.72653      0.07218
      8.61000      0.65666      0.71265      0.08022
      8.62000      0.66803      0.67205      0.10465
      8.63000      0.93918      0.96855      0.13934
      8.64000      1.36849      1.43680      0.19390
      8.65000      1.59960      1.56677      0.27727
      8.66000      1.28909      1.16898      0.26404
      8.67000      0.59017      0.53959      0.11731
      8.68000      0.19370      0.21173      0.02163
      8.69000      0.14695      0.18704      0.00281
      8.70000      0.25061      0.29946      0.01369
      8.71000      0.43863      0.45360      0.05856
      8.72000      0.70307      0.70036      0.10597
      8.73000      1.08984      1.19148      0.11147
      8.74000      1.32785      1.48261      0.12129
      8.75000      1.11635      1.18025      0.13555
      8.76000      0.85905      0.84493      0.13567
      8.77000      0.60779      0.55309      0.11714
      8.78000      0.35885      0.32345      0.07046
      8.79000      0.34801      0.34489      0.05346
      8.80000      0.45663      0.46573      0.06286
      8.81000      0.65147      0.65228      0.09476
      8.82000      0.77592      0.73901      0.13243
      8.83000      0.87393      0.77550      0.18005
      8.84000      0.91192      0.76223      0.21278
      8.85000      0.66288      0.54457      0.15818
      8.86000      0.40005      0.32052      0.09866
      8.87000      0.45528      0.40092      0.09375
      8.88000      0.73599      0.74131      0.10333
      8.89000      0.80516      0.85671      0.08844
      8.90000      0.65331      0.65011      0.09393
      8.91000      0.52620      0.44991      0.11431
      8.92000      0.41516      0.31364      0.11341
      8.93000      0.44189      0.31442      0.13276
      8.94000      0.43363      0.33733      0.11548
      8.95000      0.32304      0.31248      0.05314
      8.96000      0.32343      0.31638      0.05035
      8.97000      0.37017      0.30962      0.08495
      8.98000      0.31309      0.23698      0.08518
      8.99000      0.35533      0.27402      0.09468
      9.00000      0.46640      0.39724      0.10474
      9.01000      0.53686      0.48021      0.10892
      9.02000      0.79522      0.70085      0.16763
      9.03000      1.05306      0.92191      0.22559
      9.04000      0.91314      0.82956      0.17859
      9.05000      0.63669      0.61791      0.10228
      9.06000      0.36548      0.35913      0.05630
      9.07000      0.20987      0.17725      0.04823
      9.08000      0.21023      0.16966      0.05249
      9.09000      0.38714      0.37318      0.06333
      9.10000      0.67937      0.68164      0.09679
      9.11000      0.66485      0.63683      0.11178
      9.12000      0.45957      0.37670      0.11269
      9.13000      0.41724      0.29545      0.12790
      9.14000      0.40169      0.30090      0.11367
      9.15000      0.38488      0.33455      0.08335
      9.16000      0.35602      0.31371      0.07446
      9.17000      0.32650      0.24959      0.08897
      9.18000      0.39307      0.28319      0.11655
      9.19000      0.52192      0.41318      0.13419
      9.20000      0.68827      0.60410      0.14541
      9.21000      0.95839      0.86066      0.19381
      9.22000      1.14505      1.00084      0.24808
      9.23000      0.84166      0.73424      0.18371
      9.24000      0.39316      0.38010      0.06494
      9.25000      0.15883      0.18192      0.01034
      9.26000      0.14717      0.17522      0.00651
      9.27000      0.30913      0.32505      0.03752
      9.28000      0.49902      0.45657      0.09733
      9.29000      0.52972      0.46254      0.11456
      9.30000      0.36538      0.31734      0.07976
      9.31000      0.27047      0.20260      0.07776
      9.32000      0.40173      0.26970      0.13321
      9.33000      0.53947      0.36101      0.17866
      9.34000      0.42774      0.29361      0.13697
      9.35000      0.27873      0.23786      0.06362
      9.36000      0.44920      0.47738      0.05074
      9.37000      0.67121      0.73690      0.06218
      9.38000      0.66875      0.68919      0.08664
      9.39000      0.52999      0.47779      0.10697
      9.40000      0.42594      0.35046      0.10583
      9.41000      0.56577      0.45740      0.14643
      9.42000      0.68929      0.52557      0.19587
      9.43000      0.52398      0.36947      0.16510
      9.44000      0.34936      0.23462      0.11608
      9.45000      0.35357      0.23806      0.11665
      9.46000      0.35214      0.25602      0.10573
      9.47000      0.37246      0.31661      0.08701
      9.48000      0.44345      0.37680      0.10391
      9.49000      0.39051      0.29491      0.11202
      9.50000      0.31091      0.21209      0.10207
      9.51000      0.35553      0.25173      0.11185
      9.52000      0.43756      0.37728      0.09982
      9.53000      0.45680      0.47497      0.05842
      9.54000      0.48142      0.48908      0.06747
      9.55000      0.58476      0.56252      0.09878
      9.56000      0.51168      0.48777      0.08871
      9.57000      0.43410      0.37317      0.09871
      9.58000      0.45746      0.39941      0.10107
      9.59000      0.47503      0.43803      0.09289
      9.60000      0.65009      0.58207      0.13795
      9.61000      0.85509      0.72971      0.20164
      9.62000      0.73478      0.59488      0.19113
      9.63000      0.41094      0.30696      0.12089
      9.64000      0.18556      0.12819      0.06029
      9.65000      0.16825      0.12407      0.05072
      9.66000      0.26483      0.23069      0.06065
      9.67000      0.35245      0.31982      0.07356
      9.68000      0.39097      0.32005      0.10006
      9.69000      0.44297      0.37103      0.10774
      9.70000      0.55699      0.51806      0.10686
      9.71000      0.63587      0.59347      0.12150
      9.72000      0.55285      0.49814      0.11531
      9.73000      0.36771      0.30447      0.09152
      9.74000      0.26467      0.18676      0.08408
      9.75000      0.28362      0.18595      0.09821
      9.76000      0.37307      0.24284      0.13030
      9.77000      0.42716      0.28048      0.14788
      9.78000      0.49973      0.35234      0.15977
      9.79000      0.78879      0.63240      0.20981
      9.80000      1.03831      0.91371      0.23096
      9.81000      0.77039      0.74045      0.13669
      9.82000      0.32134      0.34313      0.03764
      9.83000      0.12318      0.14529      0.00575
      9.84000      0.12386      0.12481      0.01476
      9.85000      0.34241      0.29953      0.06505
      9.86000      0.70164      0.63699      0.12298
      9.87000      0.88946      0.88140      0.11410
      9.88000      0.79951      0.82407      0.08281
      9.89000      0.76770      0.74553      0.10669
      9.90000      0.87316      0.78039      0.15834
      9.91000      0.83756      0.72874      0.16011
      9.92000      0.64440      0.61028      0.09378
      9.93000      0.60214      0.62364      0.05919
      9.94000      0.66718      0.68773      0.06823
      9.95000      0.74665      0.72740      0.09486
      9.96000      0.78432      0.71915      0.12392
      9.97000      0.79864      0.73205      0.13173
      9.98000      0.91584      0.84118      0.15750
      9.99000      0.89780      0.82433      0.15822
     10.00000      0.80310      0.75729      0.12417
     10.01000      0.81980      0.77606      0.11502
     10.02000      0.80417      0.73281      0.12599
     10.03000      0.63605      0.55907      0.10970
     10.04000      0.61014      0.52114      0.11436
     10.05000      0.73943      0.63216      0.14196
     10.06000      0.81141      0.73969      0.13697
     10.07000      0.81450      0.78787      0.12262
     10.08000      0.72531      0.74265      0.07629
     10.09000      0.77531      0.82320      0.04350
     10.10000      0.91065      0.93610      0.07984
     10.11000      1.06217      1.10440      0.11232
     10.12000      1.08402      1.12750      0.11963
     10.13000      0.91351      0.87270      0.13196
     10.14000      0.75382      0.65708      0.13376
     10.15000      0.74332      0.61287      0.15686
     10.16000      0.83060      0.72872      0.15971
     10.17000      0.97543      0.96692      0.12747
     10.18000      1.02884      1.05046      0.10155
     10.19000      0.83893      0.82491      0.08021
     10.20000      0.61580      0.57999      0.06831
     10.21000      0.59094      0.55986      0.07829
     10.22000      0.88910      0.84731      0.13247
     10.23000      0.97620      0.91378      0.14788
     10.24000      0.67484      0.60878      0.10394
     10.25000      0.53654      0.45640      0.09524
     10.26000      0.58138      0.49647      0.10380
     10.27000      0.73620      0.68528      0.09832
     10.28000      1.02071      0.97791      0.12535
     10.29000      1.11835      1.03617      0.16775
     10.30000      1.23275      1.09025      0.22886
     10.31000      1.37931      1.22184      0.26221
     10.32000      1.08302      0.95478      0.20014
     10.33000      0.60946      0.55081      0.08332
     10.34000      0.40700      0.40274      0.01754
     10.35000      0.44690      0.45535      0.02007
     10.36000      0.56798      0.54069      0.07405
     10.37000      0.71598      0.61994      0.13069
     10.38000      0.88590      0.76285      0.14348
     10.39000      1.00170      0.91715      0.12152
     10.40000      0.95312      0.89978      0.10923
     10.41000      0.87034      0.77695      0.14023
     10.42000      0.79058      0.67086      0.15081
     10.43000      0.85544      0.76800      0.13091
     10.44000      1.10160      1.01284      0.15647
     10.45000      1.14523      1.02580      0.18507
     10.46000      0.87543      0.82374      0.12247
     10.47000      0.79649      0.79328      0.08395
     10.48000      0.91089      0.88661      0.11948
     10.49000      0.94955      0.88253      0.14153
     10.50000      1.12404      0.98263      0.17249
     10.51000      1.28142      1.11905      0.20172
     10.52000      1.27624      1.15899      0.20213
     10.53000      1.08829      1.03366      0.15870
     10.54000      0.78789      0.75677      0.10361
     10.55000      0.82516      0.74259      0.12401
     10.56000      1.24125      1.08450      0.21297
     10.57000      1.32108      1.12797      0.25053
     10.58000      0.79680      0.67499      0.15000
     10.59000      0.58510      0.54546      0.07591
     10.60000      0.99975      0.94248      0.13408
     10.61000      1.30195      1.16473      0.20950
     10.62000      1.20061      1.02235      0.20648
     10.63000      1.05768      0.88056      0.18744
     10.64000      0.96434      0.81987      0.17145
     10.65000      0.97392      0.84112      0.17630
     10.66000      1.14333      0.93427      0.23831
     10.67000      1.25312      1.02369      0.26036
     10.68000      1.32099      1.15993      0.23724
     10.69000      1.39983      1.24956      0.25588
     10.70000      1.42202      1.25916      0.26605
     10.71000      1.46065      1.31362      0.23702
     10.72000      1.34451      1.19021      0.21278
     10.73000      1.40085      1.19205      0.25868
     10.74000      1.58379      1.28746      0.33799
     10.75000      1.41851      1.12582      0.31376
     10.76000      1.34587      1.08958      0.28100
     10.77000      1.49554      1.23078      0.30649
     10.78000      1.65486      1.35880      0.34678
     10.79000      2.05071      1.64164      0.45229
     10.80000      2.59465      2.10234      0.55456
     10.81000      3.09560      2.57590      0.63621
     10.82000      3.28324      2.72076      0.68725
     10.83000      2.95899      2.41438      0.63807
     10.84000      2.54727      2.06090      0.56068
     10.85000      2.25446      1.80754      0.50533
     10.86000      1.57664      1.27297      0.35193
     10.87000      0.73743      0.65518      0.14126
     10.88000      0.29056      0.32575      0.02747
     10.89000      0.16809      0.22038      0.00231
     10.90000      0.08472      0.11335      0.00008
     10.91000      0.06432      0.08469      0.00000
     10.92000      0.12543      0.16419      0.00000
     10.93000      0.12000      0.15708      0.00000
     10.94000      0.06354      0.08373      0.00000
     10.95000      0.09525      0.12703      0.00000
     10.96000      0.13858      0.18502      0.00000
     10.97000      0.08187      0.10927      0.00000
     10.98000      0.04823      0.06396      0.00000
     10.99000      0.11852      0.15685      0.00000
     11.00000      0.19309      0.25650      0.00000
     11.01000      0.18526      0.24764      0.00000
     11.02000      0.15980      0.21361      0.00000
     11.03000      0.24901      0.33039      0.00000
     11.04000      0.42762      0.56765      0.00000
     11.05000      0.42352      0.56242      0.00000
     11.06000      0.30628      0.40655      0.00000
     11.07000      0.21187      0.28261      0.00000
     11.08000      0.09866      0.13221      0.00000
     11.09000      0.02108      0.02829      0.00000
     11.10000      0.00414      0.00551      0.00000
     11.11000      0.02496      0.03296      0.00000
     11.12000      0.09593      0.12669      0.00000
     11.13000      0.13671      0.18054      0.00000
     11.14000      0.07211      0.09523      0.00000
     11.15000      0.01478      0.01953      0.00000
     11.16000      0.01208      0.01616      0.00000
     11.17000      0.06685      0.08942      0.00000
     11.18000      0.18089      0.24121      0.00000
     11.19000      0.31520      0.41829      0.00000
     11.20000      0.44015      0.58375      0.00000
     11.21000      0.40480      0.53819      0.00000
     11.22000      0.33765      0.44984      0.00000
     11.23000      0.42153      0.56121      0.00000
     11.24000      0.32391      0.43050      0.00000
     11.25000      0.14426      0.19089      0.00000
     11.26000      0.18356      0.24181      0.00000
     11.27000      0.30670      0.40503      0.00000
     11.28000      0.32891      0.43618      0.00000
     11.29000      0.26332      0.34967      0.00000
     11.30000      0.17877      0.23676      0.00000
     11.31000      0.09291      0.12296      0.00000
     11.32000      0.13414      0.17818      0.00000
     11.33000      0.26669      0.35450      0.00000
     11.34000      0.21447      0.28514      0.00000
     11.35000      0.06375      0.08477      0.00000
     11.36000      0.00734      0.00976      0.00000
     11.37000      0.00711      0.00945      0.00000
     11.38000      0.04881      0.06487      0.00000
     11.39000      0.13809      0.18358      0.00000
     11.40000      0.21101      0.28090      0.00000
     11.41000      0.28351      0.37811      0.00000
     11.42000      0.25142      0.33556      0.00000
     11.43000      0.14153      0.18859      0.00000
     11.44000      0.25564      0.33902      0.00000
     11.45000      0.53274      0.70538      0.00000
     11.46000      0.50583      0.66925      0.00000
     11.47000      0.19671      0.26016      0.00000
     11.48000      0.02996      0.03962      0.00000
     11.49000      0.00358      0.00474      0.00000
     11.50000      0.02562      0.03396      0.00000
     11.51000      0.13642      0.18085      0.00000
     11.52000      0.29725      0.39405      0.00000
     11.53000      0.31066      0.41163      0.00000
     11.54000      0.19692      0.26069      0.00000
     11.55000      0.09886      0.13083      0.00000
     11.56000      0.10796      0.14276      0.00000
     11.57000      0.18707      0.24681      0.00000
     11.58000      0.28352      0.37372      0.00000
     11.59000      0.36053      0.47542      0.00000
     11.60000      0.40724      0.53768      0.00000
     11.61000      0.40361      0.53364      0.00000
     11.62000      0.26744      0.35389      0.00000
     11.63000      0.13285      0.17601      0.00000
     11.64000      0.09816      0.13006      0.00000
     11.65000      0.15440      0.20415      0.00000
     11.66000      0.28287      0.37327      0.00000
     11.67000      0.40897      0.53868      0.00000
     11.68000      0.45438      0.59850      0.00000
     11.69000      0.39718      0.52350      0.00000
     11.70000      0.25932      0.34161      0.00000
     11.71000      0.12615      0.16619      0.00000
     11.72000      0.12272      0.16207      0.00000
     11.73000      0.14226      0.18791      0.00000
     11.74000      0.12583      0.16559      0.00000
     11.75000      0.23972      0.31397      0.00000
     11.76000      0.37280      0.48776      0.00000
     11.77000      0.28245      0.36976      0.00000
     11.78000      0.15970      0.20961      0.00000
     11.79000      0.23535      0.30874      0.00000
     11.80000      0.34215      0.44825      0.00000
     11.81000      0.42996      0.56458      0.00000
     11.82000      0.44056      0.57885      0.00000
     11.83000      0.25395      0.33204      0.00000
     11.84000      0.10033      0.12972      0.00000
     11.85000      0.02919      0.03748      0.00000
     11.86000      0.00606      0.00776      0.00000
     11.87000      0.03131      0.04014      0.00000
     11.88000      0.18787      0.24103      0.00000
     11.89000      0.44128      0.56719      0.00000
     11.90000      0.44208      0.57074      0.00000
     11.91000      0.22044      0.28662      0.00000
     11.92000      0.06704      0.08732      0.00000
     11.93000      0.06645      0.08464      0.00000
     11.94000      0.14597      0.18563      0.00000
     11.95000      0.18173      0.23275      0.00000
     11.96000      0.18371      0.23785      0.00000
     11.97000      0.17149      0.22409      0.00000
     11.98000      0.17311      0.22725      0.00000
     11.99000      0.16466      0.21295      0.00000
     12.00000      0.16789      0.21245      0.00000
     12.01000      0.18690      0.23935      0.00000
     12.02000      0.38541      0.50446      0.00000
     12.03000      0.66708      0.87454      0.00000
     12.04000      0.58816      0.77015      0.00000
     12.05000      0.38308      0.49717      0.00000
     12.06000      0.40158      0.51009      0.00000
     12.07000      0.42307      0.53410      0.00000
     12.08000      0.27232      0.34670      0.00000
     12.09000      0.18072      0.23456      0.00000
     12.10000      0.13690      0.17821      0.00000
     12.11000      0.15304      0.19705      0.00000
     12.12000      0.18448      0.23437      0.00000
     12.13000      0.17832      0.22330      0.00000
     12.14000      0.20090      0.25271      0.00000
     12.15000      0.26429      0.33745      0.00000
     12.16000      0.36631      0.47097      0.00000
     12.17000      0.33137      0.42297      0.00000
     12.18000      0.30161      0.37681      0.00000
     12.19000      0.43405      0.54365      0.00000
     12.20000      0.43001      0.54273      0.00000
     12.21000      0.21399      0.27103      0.00000
     12.22000      0.09447      0.11978      0.00000
     12.23000      0.19390      0.24431      0.00000
     12.24000      0.29147      0.36514      0.00000
     12.25000      0.25911      0.32324      0.00000
     12.26000      0.29452      0.36465      0.00000
     12.27000      0.30746      0.37799      0.00000
     12.28000      0.26297      0.32327      0.00000
     12.29000      0.27020      0.32756      0.00000
     12.30000      0.29101      0.34559      0.00000
     12.31000      0.21688      0.25394      0.00000
     12.32000      0.14749      0.17505      0.00000
     12.33000      0.16354      0.20621      0.00000
     12.34000      0.22565      0.28687      0.00000
     12.35000      0.34354      0.42184      0.00000
     12.36000      0.39680      0.47563      0.00000
     12.37000      0.23357      0.27567      0.00000
     12.38000      0.15509      0.19051      0.00000
     12.39000      0.35470      0.44524      0.00000
     12.40000      0.60262      0.75259      0.00000
     12.41000      0.73504      0.91453      0.00000
     12.42000      0.79115      0.98505      0.00000
     12.43000      0.62364      0.77981      0.00000
     12.44000      0.39490      0.48415      0.00000
     12.45000      0.42476      0.50148      0.00000
     12.46000      0.34772      0.40699      0.00000
     12.47000      0.11482      0.13408      0.00000
     12.48000      0.01833      0.02176      0.00000
     12.49000      0.03667      0.04614      0.00000
     12.50000      0.11260      0.14183      0.00000
     12.51000      0.13067      0.16451      0.00000
     12.52000      0.07428      0.09164      0.00000
     12.53000      0.16185      0.18798      0.00000
     12.54000      0.47690      0.55074      0.00000
     12.55000      0.67978      0.79046      0.00000
     12.56000      0.74295      0.87594      0.00000
     12.57000      0.71376      0.84097      0.00000
     12.58000      0.48128      0.57713      0.00000
